PRT2
33
14
24
4 0 3 (416 1408 64 ) (416 1408 448 ) (-416 1408 448 ) (-416 1408 64 ) 
4 1 5 (448 304 448 ) (416 304 448 ) (416 304 64 ) (448 304 64 ) 
4 1 3 (416 304 64 ) (416 304 448 ) (416 1408 448 ) (416 1408 64 ) 
4 2 6 (416 304 480 ) (416 304 512 ) (-416 304 512 ) (-416 304 480 ) 
4 3 10 (-416 304 112 ) (-416 304 32 ) (-48 304 32 ) (-48 304 112 ) 
4 3 9 (-32 304 32 ) (32 304 32 ) (32 304 112 ) (-32 304 112 ) 
4 3 8 (32 304 480 ) (-416 304 480 ) (-416 304 112 ) (32 304 112 ) 
4 3 7 (416 304 32 ) (416 304 480 ) (32 304 480 ) (32 304 32 ) 
4 3 4 (-416 1408 448 ) (-416 1408 64 ) (-416 304 64 ) (-416 304 448 ) 
4 4 13 (-416 304 64 ) (-416 304 448 ) (-448 304 448 ) (-448 304 64 ) 
4 5 7 (416 288 448 ) (416 304 448 ) (416 304 64 ) (416 288 64 ) 
4 5 11 (416 -320 64 ) (416 -320 448 ) (416 288 448 ) (416 288 64 ) 
4 7 9 (32 304 32 ) (32 288 32 ) (32 288 112 ) (32 304 112 ) 
4 7 8 (32 288 112 ) (32 288 480 ) (32 304 480 ) (32 304 112 ) 
4 7 11 (32 288 32 ) (416 288 32 ) (416 288 480 ) (32 288 480 ) 
4 8 13 (-416 304 448 ) (-416 304 112 ) (-416 288 112 ) (-416 288 448 ) 
4 8 10 (-48 288 112 ) (-416 288 112 ) (-416 304 112 ) (-48 304 112 ) 
4 8 9 (32 288 112 ) (-32 288 112 ) (-32 304 112 ) (32 304 112 ) 
4 8 11 (-416 288 480 ) (-416 288 112 ) (32 288 112 ) (32 288 480 ) 
4 9 11 (-32 288 32 ) (32 288 32 ) (32 288 112 ) (-32 288 112 ) 
4 10 13 (-416 304 112 ) (-416 304 64 ) (-416 288 64 ) (-416 288 112 ) 
4 10 11 (-416 288 112 ) (-416 288 32 ) (-48 288 32 ) (-48 288 112 ) 
4 11 13 (-416 -320 64 ) (-416 -320 448 ) (-416 288 448 ) (-416 288 64 ) 
4 11 12 (-416 -320 448 ) (-416 -320 64 ) (416 -320 64 ) (416 -320 448 ) 
0 -1
1 -1
2 -1
3 -1
4 -1
5 -1
6 -1
7 8 -1
9 10 -1
11 -1
12 -1
13 14 15 16 17 18 19 20 21 22 23 24 25 -1
26 27 28 29 30 31 -1
32 -1
