PRT2
441
206
615
4 0 56 (176 8 -8 ) (176 8 0 ) (176 632 0 ) (176 632 -8 ) 
4 1 57 (176 520 -8 ) (176 632 -8 ) (176 632 -128 ) (176 520 -128 ) 
4 1 3 (176 520 -128 ) (176 632 -128 ) (1016 632 -128 ) (1016 520 -128 ) 
4 2 58 (176 8 -128 ) (176 8 -8 ) (176 512 -8 ) (176 512 -128 ) 
4 2 3 (176 8 -128 ) (176 512 -128 ) (1016 512 -128 ) (1016 8 -128 ) 
5 3 63 (176 8 -196 ) (176 8 -176 ) (176 232 -128 ) (176 632 -128 ) (176 632 -196 ) 
4 3 60 (176 8 -160 ) (176 8 -128 ) (176 64 -128 ) (176 64 -160 ) 
3 3 59 (176 64 -128 ) (176 232 -128 ) (176 64 -164 ) 
5 3 26 (676 137 -196 ) (391.543660 349.280851 -196 ) (734.848375 451.454874 -196 ) (840.460317 134.619048 -196 ) (810 112 -196 ) 
4 3 24 (929.857143 244.714286 -196 ) (920.428571 215.857143 -196 ) (848 240 -196 ) (896 256 -196 ) 
4 3 25 (920.428571 215.857143 -196 ) (911 187 -196 ) (840.460317 134.619048 -196 ) (800 256 -196 ) 
3 3 21 (793.367876 332.103627 -196 ) (784 304 -196 ) (777.278810 324.163569 -196 ) 
4 3 19 (734.848375 451.454874 -196 ) (843.977974 483.933921 -196 ) (793.367876 332.103627 -196 ) (777.278810 324.163569 -196 ) 
3 3 15 (800 352 -196 ) (809.600000 380.800000 -196 ) (848 368 -196 ) 
3 3 14 (809.600000 380.800000 -196 ) (832 448 -196 ) (860 364 -196 ) 
3 3 13 (924.800000 342.400000 -196 ) (912 304 -196 ) (896 352 -196 ) 
6 3 12 (843.977974 483.933921 -196 ) (889.161977 497.381541 -196 ) (927.573333 350.720000 -196 ) (924.800000 342.400000 -196 ) (860 364 -196 ) (832 448 -196 ) 
3 3 9 (927.573333 350.720000 -196 ) (937.576642 312.525547 -196 ) (912 304 -196 ) 
5 3 7 (937.576642 312.525547 -196 ) (944 288 -196 ) (938.133333 270.044444 -196 ) (896 256 -196 ) (912 304 -196 ) 
3 3 8 (938.133333 270.044444 -196 ) (929.857143 244.714286 -196 ) (896 256 -196 ) 
5 3 6 (391.543660 349.280851 -196 ) (176 510.134328 -196 ) (176 632 -196 ) (853.904762 632 -196 ) (889.161977 497.381541 -196 ) 
4 3 5 (853.904762 632 -196 ) (1016 632 -196 ) (1016 508.363636 -196 ) (944 288 -196 ) 
3 3 53 (759.625310 74.593052 -196 ) (676 137 -196 ) (810 112 -196 ) 
4 3 54 (852.514851 8 -196 ) (848.860000 8 -196 ) (759.625310 74.593052 -196 ) (911 187 -196 ) 
3 3 55 (848.860000 8 -196 ) (176 8 -196 ) (176 510.134328 -196 ) 
3 3 4 (1016 8 -196 ) (852.514851 8 -196 ) (1016 508.363636 -196 ) 
3 4 24 (920.428571 215.857143 -196 ) (929.857143 244.714286 -196 ) (920.428571 215.857143 -228 ) 
5 4 25 (911 187 -196 ) (920.428571 215.857143 -196 ) (920.428571 215.857143 -228 ) (915.714286 201.428571 -244 ) (911 187 -244 ) 
3 4 9 (944 288 -216 ) (944 288 -244 ) (930.311111 246.103704 -244 ) 
4 4 7 (938.133333 270.044444 -196 ) (944 288 -196 ) (944 288 -216 ) (938.133333 270.044444 -228 ) 
5 4 8 (929.857143 244.714286 -196 ) (938.133333 270.044444 -196 ) (938.133333 270.044444 -228 ) (930.311111 246.103704 -244 ) (915.714286 201.428571 -244 ) 
4 4 5 (944 288 -196 ) (1016 508.363636 -196 ) (1016 508.363636 -248 ) (944 288 -248 ) 
4 4 54 (852.514851 8 -248 ) (852.514851 8 -196 ) (911 187 -196 ) (911 187 -248 ) 
4 5 50 (911 414 -244 ) (889.161977 497.381541 -244 ) (889.161977 497.381541 -248 ) (911 414 -248 ) 
4 5 12 (927.573333 350.720000 -196 ) (889.161977 497.381541 -196 ) (889.161977 497.381541 -244 ) (927.573333 350.720000 -244 ) 
3 5 11 (927.573333 350.720000 -231.893333 ) (927.573333 350.720000 -244 ) (933.767442 327.069767 -244 ) 
4 5 10 (927.573333 350.720000 -228 ) (927.573333 350.720000 -231.893333 ) (933.767442 327.069767 -244 ) (936.960000 314.880000 -244 ) 
6 5 9 (944 288 -244 ) (944 288 -216 ) (937.576642 312.525547 -196 ) (927.573333 350.720000 -196 ) (927.573333 350.720000 -228 ) (936.960000 314.880000 -244 ) 
3 5 7 (944 288 -216 ) (944 288 -196 ) (937.576642 312.525547 -196 ) 
4 5 6 (889.161977 497.381541 -196 ) (853.904762 632 -196 ) (853.904762 632 -248 ) (889.161977 497.381541 -248 ) 
4 6 63 (176 510.134328 -196 ) (176 632 -196 ) (176 632 -248 ) (176 510.134328 -248 ) 
4 6 50 (777 464 -248 ) (889.161977 497.381541 -248 ) (889.161977 497.381541 -244 ) (777 464 -244 ) 
4 6 52 (391.543660 349.280851 -244 ) (391.543660 349.280851 -248 ) (609 414 -248 ) (609 414 -244 ) 
4 6 48 (521.238806 387.880597 -244 ) (606.235023 413.177090 -244 ) (606.235023 413.177090 -205 ) (551.798507 396.975746 -205 ) 
4 6 49 (391.543660 349.280851 -205 ) (391.543660 349.280851 -244 ) (521.238806 387.880597 -244 ) (551.798507 396.975746 -205 ) 
4 6 44 (643.080624 424.143043 -244 ) (667.778443 431.493584 -244 ) (667.778443 431.493584 -205 ) (659.410923 429.003251 -205 ) 
4 6 46 (606.235023 413.177090 -244 ) (643.080624 424.143043 -244 ) (659.410923 429.003251 -205 ) (606.235023 413.177090 -205 ) 
4 6 32 (667.778443 431.493584 -244 ) (720.664671 447.233533 -244 ) (720.664671 447.233533 -205 ) (667.778443 431.493584 -205 ) 
4 6 30 (720.664671 447.233533 -244 ) (734.848375 451.454874 -244 ) (734.848375 451.454874 -205 ) (720.664671 447.233533 -205 ) 
4 6 26 (391.543660 349.280851 -196 ) (391.543660 349.280851 -205 ) (734.848375 451.454874 -205 ) (734.848375 451.454874 -196 ) 
4 6 19 (734.848375 451.454874 -244 ) (843.977974 483.933921 -244 ) (843.977974 483.933921 -196 ) (734.848375 451.454874 -196 ) 
3 6 14 (843.977974 483.933921 -244 ) (865.851986 490.444043 -244 ) (843.977974 483.933921 -219.955947 ) 
5 6 12 (865.851986 490.444043 -244 ) (889.161977 497.381541 -244 ) (889.161977 497.381541 -196 ) (843.977974 483.933921 -196 ) (843.977974 483.933921 -219.955947 ) 
4 6 55 (176 510.134328 -196 ) (176 510.134328 -248 ) (391.543660 349.280851 -248 ) (391.543660 349.280851 -196 ) 
5 7 9 (912 304 -196 ) (937.576642 312.525547 -196 ) (944 288 -216 ) (938.133333 270.044444 -228 ) (896 256 -228 ) 
4 7 8 (938.133333 270.044444 -228 ) (938.133333 270.044444 -196 ) (896 256 -196 ) (896 256 -228 ) 
4 8 24 (920.428571 215.857143 -228 ) (929.857143 244.714286 -196 ) (896 256 -196 ) (848 240 -228 ) 
4 8 25 (856 221.333333 -244 ) (915.714286 201.428571 -244 ) (920.428571 215.857143 -228 ) (848 240 -228 ) 
4 8 9 (930.311111 246.103704 -244 ) (912 240 -244 ) (896 256 -228 ) (938.133333 270.044444 -228 ) 
3 8 22 (912 240 -244 ) (856 221.333333 -244 ) (848 240 -228 ) 
4 9 13 (912 304 -196 ) (924.800000 342.400000 -196 ) (924.800000 342.400000 -228 ) (912 304 -228 ) 
4 9 12 (924.800000 342.400000 -196 ) (927.573333 350.720000 -196 ) (927.573333 350.720000 -228 ) (924.800000 342.400000 -228 ) 
4 9 10 (912 240 -244 ) (912 304 -228 ) (927.573333 350.720000 -228 ) (936.960000 314.880000 -244 ) 
3 10 13 (912 304 -228 ) (924.800000 342.400000 -228 ) (924.800000 342.400000 -231.200000 ) 
4 10 12 (924.800000 342.400000 -228 ) (927.573333 350.720000 -228 ) (927.573333 350.720000 -231.893333 ) (924.800000 342.400000 -231.200000 ) 
4 10 11 (912 304 -228 ) (927.573333 350.720000 -231.893333 ) (933.767442 327.069767 -244 ) (928 304 -244 ) 
4 11 13 (924.800000 342.400000 -244 ) (920 328 -244 ) (912 304 -228 ) (924.800000 342.400000 -231.200000 ) 
4 11 12 (927.573333 350.720000 -244 ) (924.800000 342.400000 -244 ) (924.800000 342.400000 -231.200000 ) (927.573333 350.720000 -231.893333 ) 
4 12 50 (889.161977 497.381541 -244 ) (911 414 -244 ) (888.539773 422.380682 -244 ) (865.851986 490.444043 -244 ) 
3 12 19 (832 448 -196 ) (843.977974 483.933921 -196 ) (843.977974 483.933921 -219.955947 ) 
3 12 18 (908 364 -244 ) (912 352 -244 ) (896 352 -228 ) 
4 12 16 (896 400 -244 ) (908 364 -244 ) (896 352 -228 ) (875.428571 358.857143 -209.714286 ) 
6 12 14 (865.851986 490.444043 -244 ) (896 400 -244 ) (875.428571 358.857143 -209.714286 ) (860 364 -196 ) (832 448 -196 ) (843.977974 483.933921 -219.955947 ) 
5 12 13 (914 346 -244 ) (924.800000 342.400000 -244 ) (924.800000 342.400000 -196 ) (896 352 -196 ) (896 352 -228 ) 
4 14 50 (830.659292 443.977876 -244 ) (843.977974 483.933921 -244 ) (865.851986 490.444043 -244 ) (888.539773 422.380682 -244 ) 
5 14 19 (809.600000 380.800000 -196 ) (832 448 -196 ) (843.977974 483.933921 -219.955947 ) (843.977974 483.933921 -244 ) (809.600000 380.800000 -244 ) 
3 14 17 (832 373.333333 -238.666667 ) (824 376 -244 ) (848 384 -244 ) 
4 14 16 (896 400 -244 ) (875.428571 358.857143 -209.714286 ) (848 368 -228 ) (848 384 -244 ) 
5 14 15 (809.600000 380.800000 -244 ) (824 376 -244 ) (848 368 -228 ) (848 368 -196 ) (809.600000 380.800000 -196 ) 
5 15 19 (800 352 -196 ) (809.600000 380.800000 -196 ) (809.600000 380.800000 -244 ) (806 370 -244 ) (800 352 -228 ) 
4 15 17 (800 352 -228 ) (806 370 -244 ) (824 376 -244 ) (832 373.333333 -238.666667 ) 
3 16 18 (848 384 -244 ) (908 364 -244 ) (896 352 -228 ) 
3 17 19 (800 352 -228 ) (806 370 -244 ) (803.316062 361.948187 -244 ) 
3 19 50 (777 464 -244 ) (843.977974 483.933921 -244 ) (830.659292 443.977876 -244 ) 
4 19 30 (734.848375 451.454874 -205 ) (734.848375 451.454874 -244 ) (739.562500 437.312500 -244 ) (736.109375 447.671875 -205 ) 
4 19 29 (739.562500 437.312500 -244 ) (770.141264 345.576208 -244 ) (775.940520 328.178439 -205 ) (736.109375 447.671875 -205 ) 
4 19 26 (734.848375 451.454874 -196 ) (734.848375 451.454874 -205 ) (775.940520 328.178439 -205 ) (777.278810 324.163569 -196 ) 
3 19 20 (771 346 -244 ) (800 352 -228 ) (797.759389 345.278167 -217.189052 ) 
5 19 21 (770.141264 345.576208 -244 ) (771 346 -244 ) (797.759389 345.278167 -217.189052 ) (793.367876 332.103627 -196 ) (777.278810 324.163569 -196 ) 
3 20 21 (771 346 -244 ) (784 304 -228 ) (797.759389 345.278167 -217.189052 ) 
5 21 29 (770.141264 345.576208 -244 ) (770.823529 343.529412 -244 ) (784 304 -228 ) (784 304 -205 ) (775.940520 328.178439 -205 ) 
4 21 26 (784 304 -205 ) (784 304 -196 ) (777.278810 324.163569 -196 ) (775.940520 328.178439 -205 ) 
3 22 25 (848 224 -244 ) (856 221.333333 -244 ) (848 240 -228 ) 
3 23 28 (803.200000 246.400000 -244 ) (806 238 -244 ) (800 256 -228 ) 
3 23 25 (806 238 -244 ) (848 224 -244 ) (800 256 -228 ) 
4 24 25 (848 240 -228 ) (920.428571 215.857143 -228 ) (920.428571 215.857143 -196 ) (848 240 -196 ) 
3 25 29 (802.941176 247.176471 -205 ) (800 256 -205 ) (800 256 -208.571429 ) 
6 25 28 (806 238 -244 ) (840.460317 134.619048 -244 ) (840.460317 134.619048 -205 ) (802.941176 247.176471 -205 ) (800 256 -208.571429 ) (800 256 -228 ) 
4 25 26 (840.460317 134.619048 -205 ) (840.460317 134.619048 -196 ) (800 256 -196 ) (800 256 -205 ) 
4 25 54 (911 187 -244 ) (911 187 -196 ) (840.460317 134.619048 -196 ) (840.460317 134.619048 -244 ) 
3 26 48 (551.798507 396.975746 -205 ) (606.235023 413.177090 -205 ) (630.550000 357.600000 -205 ) 
5 26 49 (607.350914 188.230661 -205 ) (391.543660 349.280851 -205 ) (551.798507 396.975746 -205 ) (630.550000 357.600000 -205 ) (656 299.428571 -205 ) 
3 26 44 (659.410923 429.003251 -205 ) (667.778443 431.493584 -205 ) (652.986207 397.682759 -205 ) 
4 26 46 (606.235023 413.177090 -205 ) (659.410923 429.003251 -205 ) (652.986207 397.682759 -205 ) (633 352 -205 ) 
3 26 41 (650.203704 312.677249 -205 ) (640 336 -205 ) (659.591111 327.428889 -205 ) 
3 26 40 (662.362205 331.783465 -205 ) (659.591111 327.428889 -205 ) (656 329 -205 ) 
4 26 39 (672 336 -205 ) (656 299.428571 -205 ) (650.203704 312.677249 -205 ) (662.362205 331.783465 -205 ) 
3 26 35 (683.750820 362.859016 -205 ) (679 352 -205 ) (672 368 -205 ) 
3 26 34 (696.888889 392.888889 -205 ) (683.750820 362.859016 -205 ) (656 375 -205 ) 
4 26 32 (667.778443 431.493584 -205 ) (720.664671 447.233533 -205 ) (696.888889 392.888889 -205 ) (640 368 -205 ) 
4 26 30 (734.848375 451.454874 -205 ) (736.109375 447.671875 -205 ) (687.300000 370.971429 -205 ) (720.664671 447.233533 -205 ) 
6 26 29 (736.109375 447.671875 -205 ) (802.941176 247.176471 -205 ) (793.505523 115.077328 -205 ) (676 137 -205 ) (607.350914 188.230661 -205 ) (687.300000 370.971429 -205 ) 
4 26 28 (802.941176 247.176471 -205 ) (840.460317 134.619048 -205 ) (810 112 -205 ) (793.505523 115.077328 -205 ) 
4 26 53 (676 137 -196 ) (676 137 -205 ) (810 112 -205 ) (810 112 -196 ) 
4 26 55 (676 137 -205 ) (676 137 -196 ) (391.543660 349.280851 -196 ) (391.543660 349.280851 -205 ) 
4 26 54 (840.460317 134.619048 -196 ) (810 112 -196 ) (810 112 -205 ) (840.460317 134.619048 -205 ) 
4 27 29 (768 304 -244 ) (765.241379 265.379310 -244 ) (796.873563 265.379310 -212.367816 ) (784 304 -228 ) 
4 27 28 (765.241379 265.379310 -244 ) (784 256 -244 ) (800 256 -228 ) (796.873563 265.379310 -212.367816 ) 
5 28 29 (765.241379 265.379310 -244 ) (755.018411 122.257759 -244 ) (793.505523 115.077328 -205 ) (802.941176 247.176471 -205 ) (796.873563 265.379310 -212.367816 ) 
4 28 53 (755.018411 122.257759 -244 ) (810 112 -244 ) (810 112 -205 ) (793.505523 115.077328 -205 ) 
4 28 54 (810 112 -205 ) (810 112 -244 ) (840.460317 134.619048 -244 ) (840.460317 134.619048 -205 ) 
3 29 51 (609 187 -244 ) (607.350914 188.230661 -244 ) (608.064777 189.862348 -244 ) 
4 29 49 (607.350914 188.230661 -205 ) (656 299.428571 -205 ) (656 299.428571 -244 ) (607.350914 188.230661 -244 ) 
5 29 39 (656 299.428571 -205 ) (672 336 -205 ) (672 336 -232 ) (665.200000 320.457143 -244 ) (656 299.428571 -244 ) 
4 29 35 (679 352 -205 ) (683.750820 362.859016 -205 ) (683.750820 362.859016 -211.263259 ) (679 352 -219.647059 ) 
3 29 34 (683.750820 362.859016 -205 ) (687.300000 370.971429 -205 ) (683.750820 362.859016 -211.263259 ) 
3 29 31 (684 350 -244 ) (672 336 -232 ) (677.226984 347.947392 -222.775911 ) 
5 29 30 (736.109375 447.671875 -205 ) (739.562500 437.312500 -244 ) (684 350 -244 ) (677.226984 347.947392 -222.775911 ) (687.300000 370.971429 -205 ) 
4 29 55 (676 137 -244 ) (676 137 -205 ) (607.350914 188.230661 -205 ) (607.350914 188.230661 -244 ) 
4 29 53 (676 137 -205 ) (676 137 -244 ) (755.018411 122.257759 -244 ) (793.505523 115.077328 -205 ) 
3 30 37 (681.968750 358.785714 -244 ) (681.306590 357.272206 -244 ) (679 352 -232 ) 
5 30 35 (683.750820 362.859016 -244 ) (681.968750 358.785714 -244 ) (679 352 -232 ) (679 352 -219.647059 ) (683.750820 362.859016 -211.263259 ) 
5 30 34 (687.300000 370.971429 -205 ) (696.888889 392.888889 -205 ) (696.888889 392.888889 -244 ) (683.750820 362.859016 -244 ) (683.750820 362.859016 -211.263259 ) 
4 30 32 (696.888889 392.888889 -205 ) (720.664671 447.233533 -205 ) (720.664671 447.233533 -244 ) (696.888889 392.888889 -244 ) 
3 30 31 (677.226984 347.947392 -222.775911 ) (679 352 -232 ) (684 350 -244 ) 
5 32 44 (667.778443 431.493584 -244 ) (646.356322 382.528736 -244 ) (641.857086 372.244768 -220.034682 ) (652.986207 397.682759 -205 ) (667.778443 431.493584 -205 ) 
4 32 46 (641.857086 372.244768 -220.034682 ) (640 368 -210.142857 ) (640 368 -205 ) (652.986207 397.682759 -205 ) 
3 32 38 (664.784314 378.843137 -244 ) (667.285714 379.937500 -244 ) (656 375 -232 ) 
4 32 36 (667.285714 379.937500 -244 ) (671.842623 381.931148 -244 ) (656 375 -205.852632 ) (656 375 -232 ) 
5 32 34 (671.842623 381.931148 -244 ) (696.888889 392.888889 -244 ) (696.888889 392.888889 -205 ) (656 375 -205 ) (656 375 -205.852632 ) 
4 32 33 (640 368 -210.142857 ) (646.356322 382.528736 -244 ) (649 382 -244 ) (656 375 -232 ) 
5 33 44 (646.356322 382.528736 -244 ) (645.444444 380.444444 -244 ) (640 368 -232 ) (640 368 -222.543478 ) (641.857086 372.244768 -220.034682 ) 
3 33 46 (640 368 -222.543478 ) (640 368 -210.142857 ) (641.857086 372.244768 -220.034682 ) 
3 34 37 (674 377 -244 ) (679.342995 364.787440 -244 ) (676.164384 366.178082 -238.805479 ) 
4 34 36 (656 375 -205.852632 ) (671.842623 381.931148 -244 ) (674 377 -244 ) (672 368 -232 ) 
5 34 35 (679.342995 364.787440 -244 ) (683.750820 362.859016 -244 ) (683.750820 362.859016 -205 ) (672 368 -205 ) (672 368 -232 ) 
4 35 37 (676.164384 366.178082 -238.805479 ) (679.342995 364.787440 -244 ) (681.968750 358.785714 -244 ) (679 352 -232 ) 
3 36 38 (674 377 -244 ) (656 375 -232 ) (667.285714 379.937500 -244 ) 
4 39 49 (654.296296 303.322751 -244 ) (656 299.428571 -244 ) (656 299.428571 -205 ) (650.203704 312.677249 -205 ) 
5 39 41 (663 317 -244 ) (654.296296 303.322751 -244 ) (650.203704 312.677249 -205 ) (659.591111 327.428889 -205 ) (666.506812 324.403270 -239.324251 ) 
4 39 40 (672 336 -232 ) (666.506812 324.403270 -239.324251 ) (659.591111 327.428889 -205 ) (662.362205 331.783465 -205 ) 
4 40 41 (666.506812 324.403270 -239.324251 ) (659.591111 327.428889 -205 ) (656 329 -205 ) (656 329 -232 ) 
5 41 49 (650.672131 311.606557 -244 ) (654.296296 303.322751 -244 ) (650.203704 312.677249 -205 ) (640 336 -205 ) (640 336 -220.846473 ) 
3 41 42 (653.992712 329.878188 -230.600729 ) (656 329 -232 ) (663 317 -244 ) 
4 41 43 (640 336 -220.846473 ) (653.992712 329.878188 -230.600729 ) (663 317 -244 ) (650.672131 311.606557 -244 ) 
3 42 43 (640 336 -232 ) (663 317 -244 ) (653.992712 329.878188 -230.600729 ) 
4 43 49 (644.200000 326.400000 -244 ) (650.672131 311.606557 -244 ) (640 336 -220.846473 ) (640 336 -232 ) 
3 44 45 (633 375 -244 ) (640 368 -232 ) (637.339948 361.919880 -226.137027 ) 
5 44 46 (637.339948 361.919880 -226.137027 ) (652.986207 397.682759 -205 ) (659.410923 429.003251 -205 ) (643.080624 424.143043 -244 ) (633 375 -244 ) 
3 45 46 (633 352 -232 ) (637.339948 361.919880 -226.137027 ) (633 375 -244 ) 
3 46 52 (606.235023 413.177090 -244 ) (609 414 -244 ) (607.829787 409.531915 -244 ) 
6 46 48 (606.235023 413.177090 -205 ) (606.235023 413.177090 -244 ) (629.788030 359.341646 -244 ) (633 352 -232 ) (633 352 -212 ) (630.550000 357.600000 -205 ) 
3 46 49 (633 352 -212 ) (633 352 -205 ) (630.550000 357.600000 -205 ) 
3 47 48 (625 336 -244 ) (636.033443 345.066415 -220.666981 ) (633 352 -232 ) 
3 47 49 (625 336 -244 ) (640 336 -232 ) (636.033443 345.066415 -220.666981 ) 
4 48 52 (521.238806 387.880597 -244 ) (606.235023 413.177090 -244 ) (607.829787 409.531915 -244 ) (592.789474 352.105263 -244 ) 
5 48 49 (521.238806 387.880597 -244 ) (625 336 -244 ) (636.033443 345.066415 -220.666981 ) (630.550000 357.600000 -205 ) (551.798507 396.975746 -205 ) 
4 49 51 (607.350914 188.230661 -244 ) (559.267836 224.113555 -244 ) (576 288 -244 ) (608.064777 189.862348 -244 ) 
4 49 52 (559.267836 224.113555 -244 ) (391.543660 349.280851 -244 ) (521.238806 387.880597 -244 ) (592.789474 352.105263 -244 ) 
4 49 55 (607.350914 188.230661 -205 ) (391.543660 349.280851 -205 ) (391.543660 349.280851 -244 ) (607.350914 188.230661 -244 ) 
4 51 55 (559.267836 224.113555 -248 ) (609 187 -248 ) (609 187 -244 ) (559.267836 224.113555 -244 ) 
4 51 52 (559.267836 224.113555 -248 ) (559.267836 224.113555 -244 ) (576 288 -244 ) (576 288 -248 ) 
4 52 55 (391.543660 349.280851 -248 ) (559.267836 224.113555 -248 ) (559.267836 224.113555 -244 ) (391.543660 349.280851 -244 ) 
4 53 54 (810 112 -196 ) (759.625310 74.593052 -196 ) (759.625310 74.593052 -248 ) (810 112 -248 ) 
4 53 55 (676 137 -248 ) (759.625310 74.593052 -248 ) (759.625310 74.593052 -196 ) (676 137 -196 ) 
4 54 55 (759.625310 74.593052 -248 ) (848.860000 8 -248 ) (848.860000 8 -196 ) (759.625310 74.593052 -196 ) 
4 55 63 (176 8 -248 ) (176 8 -196 ) (176 510.134328 -196 ) (176 510.134328 -248 ) 
4 57 63 (8 632 -128 ) (176 632 -128 ) (176 520 -128 ) (8 520 -128 ) 
4 58 63 (176 512 -128 ) (176 232 -128 ) (8 232 -128 ) (8 512 -128 ) 
4 58 60 (176 64 -128 ) (176 8 -128 ) (16 8 -128 ) (16 64 -128 ) 
4 58 62 (16 8 -128 ) (8 8 -128 ) (8 64 -128 ) (16 64 -128 ) 
4 58 59 (176 232 -128 ) (176 64 -128 ) (8 64 -128 ) (8 232 -128 ) 
4 59 63 (8 64 -164 ) (8 232 -128 ) (176 232 -128 ) (176 64 -164 ) 
4 59 60 (176 64 -160 ) (176 64 -128 ) (16 64 -128 ) (16 64 -160 ) 
4 59 62 (8 64 -128 ) (8 64 -164 ) (16 64 -164 ) (16 64 -128 ) 
4 60 62 (16 8 -160 ) (16 8 -128 ) (16 64 -128 ) (16 64 -160 ) 
4 61 63 (168 8 -176 ) (24 8 -176 ) (24 64 -164 ) (168 64 -164 ) 
4 62 63 (16 8 -176 ) (8 8 -176 ) (8 64 -164 ) (16 64 -164 ) 
4 63 82 (8 256 -128 ) (8 384 -128 ) (8 384 -248 ) (8 256 -248 ) 
4 64 133 (-76 8 -8 ) (-76 8 0 ) (-76 632 0 ) (-76 632 -8 ) 
4 65 82 (-28 384 -248 ) (4 384 -248 ) (4 384 -128 ) (-28 384 -128 ) 
4 66 84 (-32 347.911111 -101.340741 ) (-32 346.173913 -108 ) (-32 338.200000 -108 ) (-32 340 -102 ) 
4 66 78 (-32 338.200000 -108 ) (-32 345.363636 -108 ) (-8 345.363636 -108 ) (-8 338.200000 -108 ) 
4 66 77 (-32 345.363636 -108 ) (-32 346.173913 -108 ) (-8 346.173913 -108 ) (-8 345.363636 -108 ) 
4 66 76 (-8 338.200000 -108 ) (-8 340 -102 ) (-32 340 -102 ) (-32 338.200000 -108 ) 
4 67 84 (-32 319.333333 -60 ) (-32 324 -60 ) (-32 333 -64 ) (-32 330.477612 -64.776119 ) 
4 67 72 (-32 324 -62 ) (-32 330.477612 -64.776119 ) (-8 330.477612 -64.776119 ) (-8 324 -62 ) 
4 67 70 (-32 319.333333 -60 ) (-32 324 -62 ) (-8 324 -62 ) (-8 319.333333 -60 ) 
4 67 69 (-32 330.477612 -64.776119 ) (-32 333 -64 ) (-8 333 -64 ) (-8 330.477612 -64.776119 ) 
3 68 84 (-32 348 -60 ) (-32 346.081967 -67.032787 ) (-32 346 -67 ) 
4 68 69 (-32 346 -67 ) (-32 346.081967 -67.032787 ) (-8 346.081967 -67.032787 ) (-8 346 -67 ) 
4 69 84 (-32 346.081967 -67.032787 ) (-32 345 -71 ) (-32 330.477612 -64.776119 ) (-32 336.108696 -63.043478 ) 
4 69 72 (-32 330.477612 -64.776119 ) (-32 345 -71 ) (-8 345 -71 ) (-8 330.477612 -64.776119 ) 
3 70 84 (-32 318 -60 ) (-32 319.333333 -60 ) (-32 324 -62 ) 
3 71 84 (-32 295 -60 ) (-32 298 -70 ) (-32 297.535714 -70.142857 ) 
4 71 73 (-8 297.535714 -70.142857 ) (-8 297 -68 ) (-32 297 -68 ) (-32 297.535714 -70.142857 ) 
4 71 72 (-32 297.535714 -70.142857 ) (-32 298 -70 ) (-8 298 -70 ) (-8 297.535714 -70.142857 ) 
5 72 84 (-32 324 -62 ) (-32 348.810127 -72.632911 ) (-32 340.155844 -101.480519 ) (-32 306.424242 -105.696970 ) (-32 297.535714 -70.142857 ) 
4 72 73 (-32 306.424242 -105.696970 ) (-8 306.424242 -105.696970 ) (-8 297.535714 -70.142857 ) (-32 297.535714 -70.142857 ) 
4 72 76 (-32 306.424242 -105.696970 ) (-32 340.155844 -101.480519 ) (-8 340.155844 -101.480519 ) (-8 306.424242 -105.696970 ) 
6 73 84 (-32 297 -68 ) (-32 306.424242 -105.696970 ) (-32 305.777778 -105.777778 ) (-32 296 -96 ) (-32 288 -73.142857 ) (-32 288 -71 ) 
4 73 75 (-32 288 -73.142857 ) (-32 289 -76 ) (-8 289 -76 ) (-8 288 -73.142857 ) 
4 73 74 (-32 305.777778 -105.777778 ) (-8 305.777778 -105.777778 ) (-8 303 -103 ) (-32 303 -103 ) 
4 73 76 (-32 305.777778 -105.777778 ) (-32 306.424242 -105.696970 ) (-8 306.424242 -105.696970 ) (-8 305.777778 -105.777778 ) 
3 74 84 (-32 305.777778 -105.777778 ) (-32 304 -106 ) (-32 303 -103 ) 
4 74 76 (-32 304 -106 ) (-32 305.777778 -105.777778 ) (-8 305.777778 -105.777778 ) (-8 304 -106 ) 
3 75 84 (-32 288 -77 ) (-32 288 -73.142857 ) (-32 289 -76 ) 
3 76 84 (-32 340.155844 -101.480519 ) (-32 338.200000 -108 ) (-32 288 -108 ) 
4 76 79 (-32 289 -108 ) (-32 310 -108 ) (-8 310 -108 ) (-8 289 -108 ) 
4 76 78 (-32 310 -108 ) (-32 338.200000 -108 ) (-8 338.200000 -108 ) (-8 310 -108 ) 
4 77 84 (-32 346.173913 -108 ) (-32 342 -124 ) (-32 341 -124 ) (-32 345.363636 -108 ) 
4 77 78 (-32 345.363636 -108 ) (-32 344 -113 ) (-8 344 -113 ) (-8 345.363636 -108 ) 
4 78 84 (-32 313 -116 ) (-32 310 -108 ) (-32 345.363636 -108 ) (-32 344 -113 ) 
4 78 81 (-32 311.093923 -110.917127 ) (-32 313 -116 ) (-8 313 -116 ) (-8 311.093923 -110.917127 ) 
4 78 80 (-8 310 -108 ) (-32 310 -108 ) (-32 311.093923 -110.917127 ) (-8 311.093923 -110.917127 ) 
3 79 84 (-32 289 -108 ) (-32 310 -108 ) (-32 292 -117 ) 
4 79 80 (-32 310 -108 ) (-8 310 -108 ) (-8 292 -117 ) (-32 292 -117 ) 
3 80 84 (-32 288 -119 ) (-32 310 -108 ) (-32 311.093923 -110.917127 ) 
4 80 81 (-32 308 -112 ) (-32 311.093923 -110.917127 ) (-8 311.093923 -110.917127 ) (-8 308 -112 ) 
4 81 84 (-32 316 -124 ) (-32 312 -124 ) (-32 308 -112 ) (-32 311.093923 -110.917127 ) 
4 82 84 (-32 384 -248 ) (-32 256 -248 ) (-32 256 -128 ) (-32 384 -128 ) 
4 82 83 (-28 256 -248 ) (4 256 -248 ) (4 256 -128 ) (-28 256 -128 ) 
4 84 197 (-76 448 -248 ) (-76 216 -248 ) (-76 216 -184 ) (-76 448 -184 ) 
4 84 196 (-76 216 -184 ) (-76 216 -168 ) (-76 448 -168 ) (-76 448 -184 ) 
4 84 199 (-76 216 -168 ) (-76 216 -136 ) (-76 448 -136 ) (-76 448 -168 ) 
4 84 151 (-76 632 -136 ) (-76 632 -248 ) (-76 628 -248 ) (-76 628 -136 ) 
4 84 154 (-76 628 -248 ) (-76 448 -248 ) (-76 448 -136 ) (-76 628 -136 ) 
4 84 135 (-76 632 -48 ) (-76 632 -136 ) (-76 216 -136 ) (-76 216 -48 ) 
4 84 134 (-76 216 -8 ) (-76 632 -8 ) (-76 632 -48 ) (-76 216 -48 ) 
4 84 91 (-76 216 -248 ) (-32 216 -248 ) (-32 216 -221 ) (-76 216 -212 ) 
4 84 87 (-32 216 -208 ) (-32 216 -184 ) (-45.800000 216 -184 ) (-45.800000 216 -208 ) 
4 84 86 (-45.800000 216 -184 ) (-76 216 -184 ) (-76 216 -208 ) (-45.800000 216 -208 ) 
4 84 85 (-32 216 -184 ) (-32 216 -8 ) (-76 216 -8 ) (-76 216 -184 ) 
4 85 200 (-76 8 -184 ) (-76 8 -136 ) (-76 9 -136 ) (-76 9 -184 ) 
4 85 196 (-76 216 -168 ) (-76 216 -184 ) (-76 9 -184 ) (-76 9 -168 ) 
4 85 199 (-76 9 -136 ) (-76 216 -136 ) (-76 216 -168 ) (-76 9 -168 ) 
4 85 135 (-76 8 -136 ) (-76 8 -48 ) (-76 216 -48 ) (-76 216 -136 ) 
4 85 134 (-76 8 -48 ) (-76 8 -8 ) (-76 216 -8 ) (-76 216 -48 ) 
4 85 95 (-76 48 -184 ) (-76 136 -184 ) (-64 136 -184 ) (-64 48 -184 ) 
4 85 94 (-64 136 -184 ) (-32 136 -184 ) (-32 32 -184 ) (-64 32 -184 ) 
4 85 96 (-32 8 -184 ) (-76 8 -184 ) (-76 32 -184 ) (-32 32 -184 ) 
4 85 88 (-76 173.062500 -184 ) (-76 206.562500 -184 ) (-49 215 -184 ) (-41 184 -184 ) 
5 85 90 (-76 136 -184 ) (-76 173.062500 -184 ) (-41 184 -184 ) (-32 149.125000 -184 ) (-32 136 -184 ) 
4 85 87 (-49 215 -184 ) (-45.800000 216 -184 ) (-32 216 -184 ) (-32 149.125000 -184 ) 
3 85 86 (-76 206.562500 -184 ) (-76 216 -184 ) (-45.800000 216 -184 ) 
4 86 197 (-76 206.562500 -184 ) (-76 216 -184 ) (-76 216 -208 ) (-76 206.562500 -208 ) 
4 86 89 (-76 206.562500 -190 ) (-76 206.562500 -208 ) (-65 210 -208 ) (-65 210 -190 ) 
4 86 88 (-49 215 -184 ) (-76 206.562500 -184 ) (-76 206.562500 -190 ) (-49 215 -190 ) 
4 86 87 (-45.800000 216 -208 ) (-45.800000 216 -184 ) (-49 215 -184 ) (-49 215 -208 ) 
4 87 88 (-41 184 -190 ) (-41 184 -184 ) (-49 215 -184 ) (-49 215 -190 ) 
4 87 90 (-41 184 -208 ) (-32 149.125000 -208 ) (-32 149.125000 -184 ) (-41 184 -184 ) 
4 88 197 (-76 173.062500 -184 ) (-76 206.562500 -184 ) (-76 206.562500 -190 ) (-76 173.062500 -190 ) 
4 88 89 (-76 173.062500 -190 ) (-76 206.562500 -190 ) (-65 210 -190 ) (-57 179 -190 ) 
4 88 90 (-41 184 -184 ) (-76 173.062500 -184 ) (-76 173.062500 -190 ) (-41 184 -190 ) 
4 89 197 (-76 206.562500 -190 ) (-76 206.562500 -208 ) (-76 173.062500 -208 ) (-76 173.062500 -190 ) 
4 89 90 (-76 173.062500 -190 ) (-76 173.062500 -208 ) (-57 179 -208 ) (-57 179 -190 ) 
4 90 197 (-76 136 -184 ) (-76 173.062500 -184 ) (-76 173.062500 -208 ) (-76 136 -208 ) 
4 90 95 (-76 136 -184 ) (-76 136 -208 ) (-58 136 -208 ) (-64 136 -184 ) 
4 90 94 (-58 136 -208 ) (-32 136 -208 ) (-32 136 -184 ) (-64 136 -184 ) 
4 91 197 (-76 216 -212 ) (-76 216 -248 ) (-76 208 -248 ) (-76 208 -212 ) 
4 91 92 (-76 208 -212 ) (-76 208 -248 ) (-32 208 -248 ) (-32 208 -221 ) 
4 92 197 (-76 208 -248 ) (-76 144 -248 ) (-76 144 -212 ) (-76 208 -212 ) 
4 92 93 (-76 144 -248 ) (-32 144 -248 ) (-32 144 -221.166667 ) (-76 144 -212 ) 
4 93 197 (-76 144 -248 ) (-76 136 -248 ) (-76 136 -212 ) (-76 144 -212 ) 
4 93 95 (-76 136 -212 ) (-76 136 -248 ) (-48 136 -248 ) (-55.956044 136 -216.175824 ) 
4 93 94 (-48 136 -248 ) (-32 136 -248 ) (-32 136 -221.166667 ) (-55.956044 136 -216.175824 ) 
4 94 95 (-48 136 -248 ) (-48 64 -248 ) (-64 48 -184 ) (-64 136 -184 ) 
4 94 96 (-32 32 -184 ) (-64 32 -184 ) (-48 16 -248 ) (-32 16 -248 ) 
4 95 197 (-76 48 -184 ) (-76 136 -184 ) (-76 136 -248 ) (-76 64 -248 ) 
4 96 200 (-76 8 -248 ) (-76 8 -184 ) (-76 9 -184 ) (-76 9 -248 ) 
4 96 198 (-76 9 -184 ) (-76 32 -184 ) (-76 16 -248 ) (-76 9 -248 ) 
4 97 101 (-816 1552 288 ) (-1104 1552 288 ) (-1104 1584 288 ) (-816 1584 288 ) 
4 97 99 (-1104 1904 288 ) (-816 1904 288 ) (-816 1872 288 ) (-1104 1872 288 ) 
4 97 100 (-1136 1584 288 ) (-1136 1872 288 ) (-816 1872 288 ) (-816 1584 288 ) 
4 97 98 (-816 1584 288 ) (-816 1872 288 ) (-784 1872 288 ) (-784 1584 288 ) 
4 98 100 (-816 1872 280 ) (-816 1584 280 ) (-816 1584 288 ) (-816 1872 288 ) 
4 99 100 (-1104 1872 280 ) (-816 1872 280 ) (-816 1872 288 ) (-1104 1872 288 ) 
4 100 101 (-1104 1584 280 ) (-816 1584 280 ) (-816 1584 288 ) (-1104 1584 288 ) 
4 102 104 (-816 1584 256 ) (-816 1584 280 ) (-816 1872 280 ) (-816 1872 256 ) 
4 103 104 (-816 1872 256 ) (-816 1872 280 ) (-1104 1872 280 ) (-1104 1872 256 ) 
4 104 108 (-816 1584 224 ) (-848 1584 224 ) (-848 1872 224 ) (-816 1872 224 ) 
4 104 130 (-848 1584 224 ) (-1104 1584 224 ) (-1104 1872 224 ) (-848 1872 224 ) 
4 104 106 (-816 1584 280 ) (-1104 1584 280 ) (-1104 1584 256 ) (-816 1584 256 ) 
4 104 105 (-1104 1584 256 ) (-1104 1584 280 ) (-1104 1872 280 ) (-1104 1872 256 ) 
4 107 125 (-848 1872 0 ) (-816 1872 0 ) (-816 1872 16 ) (-848 1872 16 ) 
4 107 121 (-816 1872 16 ) (-816 1872 170 ) (-848 1872 170 ) (-848 1872 16 ) 
4 107 108 (-816 1872 170 ) (-816 1872 224 ) (-848 1872 224 ) (-848 1872 170 ) 
4 107 130 (-848 1904 0 ) (-848 1872 0 ) (-848 1872 224 ) (-848 1904 224 ) 
4 108 131 (-816 1584 224 ) (-848 1584 224 ) (-848 1584 170 ) (-816 1584 170 ) 
4 108 122 (-848 1680 170 ) (-848 1776 170 ) (-800 1776 170 ) (-800 1680 170 ) 
4 108 121 (-848 1776 170 ) (-848 1872 170 ) (-800 1872 170 ) (-800 1776 170 ) 
4 108 124 (-848 1584 170 ) (-848 1680 170 ) (-800 1680 170 ) (-800 1584 170 ) 
4 108 117 (-784 1664 170 ) (-784 1584 170 ) (-800 1584 170 ) (-800 1664 170 ) 
4 108 116 (-784 1680 170 ) (-784 1664 170 ) (-800 1664 170 ) (-800 1680 170 ) 
4 108 112 (-800 1872 170 ) (-784 1872 170 ) (-784 1790.666667 170 ) (-800 1790.666667 170 ) 
4 108 113 (-784 1790.666667 170 ) (-784 1776 170 ) (-800 1776 170 ) (-800 1790.666667 170 ) 
4 108 130 (-848 1584 170 ) (-848 1584 224 ) (-848 1872 224 ) (-848 1872 170 ) 
4 109 121 (-800 1872 128 ) (-800 1872 104.629032 ) (-800 1849 82 ) (-800 1837 93 ) 
4 109 112 (-800 1872 128 ) (-800 1848 104 ) (-784 1848 104 ) (-784 1872 128 ) 
4 109 110 (-800 1849 82 ) (-800 1872 104.629032 ) (-784 1872 104.629032 ) (-784 1849 82 ) 
4 110 125 (-800 1792 16 ) (-800 1872 16 ) (-784 1872 16 ) (-784 1792 16 ) 
4 110 121 (-800 1872 104.629032 ) (-800 1872 16 ) (-800 1792 16 ) (-800 1787 21 ) 
4 110 111 (-800 1787 21 ) (-800 1792 16 ) (-784 1792 16 ) (-784 1787 21 ) 
4 111 126 (-800 1776 16 ) (-800 1780 16 ) (-784 1780 16 ) (-784 1776 16 ) 
4 111 125 (-800 1780 16 ) (-800 1792 16 ) (-784 1792 16 ) (-784 1780 16 ) 
3 111 121 (-800 1792 16 ) (-800 1776 16 ) (-800 1776 32 ) 
5 112 121 (-800 1790.666667 170 ) (-800 1872 170 ) (-800 1872 128 ) (-800 1848 104 ) (-800 1787 166 ) 
4 112 113 (-800 1790.666667 170 ) (-800 1787 166 ) (-784 1787 166 ) (-784 1790.666667 170 ) 
3 113 121 (-800 1776 170 ) (-800 1790.666667 170 ) (-800 1776 154 ) 
6 114 115 (-792 1619 93 ) (-792 1680 154 ) (-792 1776 154 ) (-792 1837 93 ) (-792 1776 32 ) (-792 1680 32 ) 
4 115 122 (-800 1776 154 ) (-800 1776 32 ) (-800 1680 32 ) (-800 1680 154 ) 
3 115 121 (-800 1776 154 ) (-800 1837 93 ) (-800 1776 32 ) 
3 115 124 (-800 1680 32 ) (-800 1619 93 ) (-800 1680 154 ) 
3 116 124 (-800 1664 170 ) (-800 1680 170 ) (-800 1680 154 ) 
4 116 117 (-784 1669 165 ) (-784 1664 170 ) (-800 1664 170 ) (-800 1669 165 ) 
5 117 124 (-800 1584 106.393443 ) (-800 1584 170 ) (-800 1664 170 ) (-800 1669 165 ) (-800 1596.509584 93.678784 ) 
4 117 118 (-800 1596.509584 93.678784 ) (-800 1607 104 ) (-784 1607 104 ) (-784 1596.509584 93.678784 ) 
4 117 120 (-784 1596.509584 93.678784 ) (-784 1584 106.393443 ) (-800 1584 106.393443 ) (-800 1596.509584 93.678784 ) 
4 118 124 (-800 1619 93 ) (-800 1608 82 ) (-800 1596.509584 93.678784 ) (-800 1607 104 ) 
4 118 120 (-784 1608 82 ) (-784 1596.509584 93.678784 ) (-800 1596.509584 93.678784 ) (-800 1608 82 ) 
4 119 129 (-800 1672.935484 16 ) (-800 1680 16 ) (-784 1680 16 ) (-784 1672.935484 16 ) 
4 119 124 (-800 1680 16 ) (-800 1672.935484 16 ) (-800 1669 20 ) (-800 1680 32 ) 
4 119 120 (-800 1672.935484 16 ) (-784 1672.935484 16 ) (-784 1669 20 ) (-800 1669 20 ) 
4 120 129 (-784 1584 16 ) (-800 1584 16 ) (-800 1672.935484 16 ) (-784 1672.935484 16 ) 
3 120 124 (-800 1584 16 ) (-800 1584 106.393443 ) (-800 1672.935484 16 ) 
4 121 128 (-848 1776 16 ) (-848 1780 16 ) (-832 1780 16 ) (-832 1776 16 ) 
4 121 126 (-816 1780 16 ) (-800 1780 16 ) (-800 1776 16 ) (-816 1776 16 ) 
4 121 125 (-848 1780 16 ) (-848 1872 16 ) (-800 1872 16 ) (-800 1780 16 ) 
4 121 123 (-848 1776 24 ) (-848 1776 16 ) (-816 1776 16 ) (-816 1776 24 ) 
4 121 122 (-800 1776 170 ) (-848 1776 170 ) (-848 1776 24 ) (-800 1776 24 ) 
4 121 130 (-848 1776 170 ) (-848 1872 170 ) (-848 1872 16 ) (-848 1776 16 ) 
4 122 123 (-816 1680 24 ) (-848 1680 24 ) (-848 1776 24 ) (-816 1776 24 ) 
4 122 130 (-848 1680 170 ) (-848 1776 170 ) (-848 1776 24 ) (-848 1680 24 ) 
4 122 124 (-848 1680 170 ) (-848 1680 24 ) (-800 1680 24 ) (-800 1680 170 ) 
4 123 128 (-848 1684 16 ) (-848 1776 16 ) (-832 1776 16 ) (-832 1684 16 ) 
4 123 129 (-848 1680 16 ) (-848 1684 16 ) (-816 1684 16 ) (-816 1680 16 ) 
4 123 124 (-848 1680 24 ) (-848 1680 16 ) (-816 1680 16 ) (-816 1680 24 ) 
4 123 130 (-848 1776 24 ) (-848 1776 16 ) (-848 1680 16 ) (-848 1680 24 ) 
4 124 131 (-816 1584 170 ) (-848 1584 170 ) (-848 1584 16 ) (-816 1584 16 ) 
4 124 129 (-800 1584 16 ) (-848 1584 16 ) (-848 1680 16 ) (-800 1680 16 ) 
4 124 130 (-848 1584 16 ) (-848 1584 170 ) (-848 1680 170 ) (-848 1680 16 ) 
4 125 128 (-848 1780 16 ) (-848 1780 8 ) (-832 1780 8 ) (-832 1780 16 ) 
4 125 127 (-832 1780 0 ) (-816 1780 0 ) (-816 1780 8 ) (-832 1780 8 ) 
4 125 126 (-816 1780 0 ) (-784 1780 0 ) (-784 1780 16 ) (-816 1780 16 ) 
4 125 130 (-848 1872 0 ) (-848 1780 0 ) (-848 1780 16 ) (-848 1872 16 ) 
4 126 127 (-816 1780 0 ) (-816 1684 0 ) (-816 1684 8 ) (-816 1780 8 ) 
4 126 129 (-784 1684 16 ) (-816 1684 16 ) (-816 1684 0 ) (-784 1684 0 ) 
4 127 129 (-832 1684 8 ) (-832 1684 0 ) (-816 1684 0 ) (-816 1684 8 ) 
4 128 130 (-848 1684 8 ) (-848 1684 16 ) (-848 1780 16 ) (-848 1780 8 ) 
4 128 129 (-832 1684 16 ) (-848 1684 16 ) (-848 1684 8 ) (-832 1684 8 ) 
4 129 131 (-816 1584 16 ) (-848 1584 16 ) (-848 1584 0 ) (-816 1584 0 ) 
4 129 130 (-848 1684 0 ) (-848 1584 0 ) (-848 1584 16 ) (-848 1684 16 ) 
4 130 132 (-1104 1584 224 ) (-1104 1872 224 ) (-1104 1872 0 ) (-1104 1584 0 ) 
4 130 131 (-848 1584 224 ) (-1104 1584 224 ) (-1104 1584 0 ) (-848 1584 0 ) 
4 134 148 (-366 125 -48 ) (-366 248.333333 -48 ) (-362 252 -48 ) (-300 191 -48 ) 
3 134 147 (-366 248.333333 -48 ) (-366 263 -48 ) (-350 263 -48 ) 
4 134 145 (-366 359 -48 ) (-366 364.918033 -48 ) (-361 370 -48 ) (-350 359 -48 ) 
4 134 144 (-300 432 -48 ) (-212 521.442623 -48 ) (-212 497 -48 ) (-289 420 -48 ) 
4 134 146 (-366 364.918033 -48 ) (-366 632 -48 ) (-212 632 -48 ) (-212 521.442623 -48 ) 
6 134 141 (-350 359 -48 ) (-289 420 -48 ) (-228 359 -48 ) (-228 263 -48 ) (-289 202 -48 ) (-350 263 -48 ) 
4 134 139 (-278 431 -48 ) (-212 497 -48 ) (-212 373.666667 -48 ) (-216 370 -48 ) 
3 134 140 (-212 373.666667 -48 ) (-212 359 -48 ) (-228 359 -48 ) 
4 134 137 (-228 263 -48 ) (-212 263 -48 ) (-212 257.081967 -48 ) (-217 252 -48 ) 
3 134 136 (-212 257.081967 -48 ) (-212 118 -48 ) (-278 190 -48 ) 
5 134 138 (-212 8 -48 ) (-366 8 -48 ) (-366 125 -48 ) (-289 202 -48 ) (-212 118 -48 ) 
4 134 135 (-76 8 -48 ) (-212 8 -48 ) (-212 632 -48 ) (-76 632 -48 ) 
4 134 150 (-366 8 -48 ) (-872 8 -48 ) (-872 632 -48 ) (-366 632 -48 ) 
4 135 200 (-76 9 -136 ) (-76 8 -136 ) (-212 8 -136 ) (-212 9 -136 ) 
4 135 199 (-76 448 -136 ) (-76 9 -136 ) (-212 9 -136 ) (-212 448 -136 ) 
4 135 151 (-176 632 -136 ) (-76 632 -136 ) (-76 628 -136 ) (-176 628 -136 ) 
4 135 154 (-76 628 -136 ) (-76 448 -136 ) (-212 448 -136 ) (-212 628 -136 ) 
4 135 144 (-212 521.442623 -64 ) (-212 497 -64 ) (-212 497 -48 ) (-212 521.442623 -48 ) 
4 135 146 (-212 632 -48 ) (-212 632 -64 ) (-212 521.442623 -64 ) (-212 521.442623 -48 ) 
4 135 139 (-212 497 -64 ) (-212 373.666667 -64 ) (-212 373.666667 -48 ) (-212 497 -48 ) 
4 135 140 (-212 373.666667 -64 ) (-212 359 -64 ) (-212 359 -48 ) (-212 373.666667 -48 ) 
4 135 137 (-212 263 -64 ) (-212 257.081967 -64 ) (-212 257.081967 -48 ) (-212 263 -48 ) 
4 135 136 (-212 257.081967 -64 ) (-212 118 -64 ) (-212 118 -48 ) (-212 257.081967 -48 ) 
4 135 138 (-212 118 -64 ) (-212 8 -64 ) (-212 8 -48 ) (-212 118 -48 ) 
4 135 149 (-212 632 -64 ) (-212 632 -136 ) (-212 8 -136 ) (-212 8 -64 ) 
4 136 137 (-212 257.081967 -64 ) (-217 252 -64 ) (-217 252 -48 ) (-212 257.081967 -48 ) 
4 136 138 (-278 190 -64 ) (-212 118 -64 ) (-212 118 -48 ) (-278 190 -48 ) 
3 136 149 (-212 257.081967 -64 ) (-212 118 -64 ) (-278 190 -64 ) 
4 137 149 (-228 263 -64 ) (-212 263 -64 ) (-212 257.081967 -64 ) (-217 252 -64 ) 
4 138 148 (-300 191 -64 ) (-366 125 -64 ) (-366 125 -48 ) (-300 191 -48 ) 
5 138 149 (-212 8 -64 ) (-366 8 -64 ) (-366 125 -64 ) (-289 202 -64 ) (-212 118 -64 ) 
4 138 150 (-366 8 -64 ) (-366 8 -48 ) (-366 125 -48 ) (-366 125 -64 ) 
4 139 144 (-212 497 -48 ) (-212 497 -64 ) (-278 431 -64 ) (-278 431 -48 ) 
4 139 140 (-216 370 -64 ) (-212 373.666667 -64 ) (-212 373.666667 -48 ) (-216 370 -48 ) 
4 139 149 (-278 431 -64 ) (-212 497 -64 ) (-212 373.666667 -64 ) (-216 370 -64 ) 
3 140 149 (-212 373.666667 -64 ) (-212 359 -64 ) (-228 359 -64 ) 
6 141 142 (-350 359 -56 ) (-289 420 -56 ) (-228 359 -56 ) (-228 263 -56 ) (-289 202 -56 ) (-350 263 -56 ) 
6 142 143 (-350 263 -60 ) (-350 359 -60 ) (-289 420 -60 ) (-228 359 -60 ) (-228 263 -60 ) (-289 202 -60 ) 
6 143 149 (-350 359 -64 ) (-289 420 -64 ) (-228 359 -64 ) (-228 263 -64 ) (-289 202 -64 ) (-350 263 -64 ) 
4 144 146 (-212 521.442623 -48 ) (-212 521.442623 -64 ) (-300 432 -64 ) (-300 432 -48 ) 
4 144 149 (-300 432 -64 ) (-212 521.442623 -64 ) (-212 497 -64 ) (-289 420 -64 ) 
4 145 149 (-366 359 -64 ) (-366 364.918033 -64 ) (-361 370 -64 ) (-350 359 -64 ) 
4 145 150 (-366 359 -48 ) (-366 364.918033 -48 ) (-366 364.918033 -64 ) (-366 359 -64 ) 
4 145 146 (-361 370 -64 ) (-366 364.918033 -64 ) (-366 364.918033 -48 ) (-361 370 -48 ) 
4 146 149 (-366 364.918033 -64 ) (-366 632 -64 ) (-212 632 -64 ) (-212 521.442623 -64 ) 
4 146 150 (-366 364.918033 -48 ) (-366 632 -48 ) (-366 632 -64 ) (-366 364.918033 -64 ) 
4 147 148 (-366 248.333333 -48 ) (-366 248.333333 -64 ) (-362 252 -64 ) (-362 252 -48 ) 
4 147 150 (-366 248.333333 -48 ) (-366 263 -48 ) (-366 263 -64 ) (-366 248.333333 -64 ) 
3 147 149 (-366 248.333333 -64 ) (-366 263 -64 ) (-350 263 -64 ) 
4 148 149 (-366 125 -64 ) (-366 248.333333 -64 ) (-362 252 -64 ) (-300 191 -64 ) 
4 148 150 (-366 125 -48 ) (-366 248.333333 -48 ) (-366 248.333333 -64 ) (-366 125 -64 ) 
4 149 201 (-278 8 -136 ) (-281 8 -136 ) (-281 9 -136 ) (-278 9 -136 ) 
4 149 200 (-212 9 -136 ) (-212 8 -136 ) (-278 8 -136 ) (-278 9 -136 ) 
4 149 203 (-281 8 -136 ) (-366 8 -136 ) (-366 9 -136 ) (-281 9 -136 ) 
4 149 199 (-212 448 -136 ) (-212 9 -136 ) (-366 9 -136 ) (-366 448 -136 ) 
4 149 189 (-332 448 -136 ) (-344 448 -136 ) (-344 540 -136 ) (-332 540 -136 ) 
4 149 188 (-320 448 -136 ) (-332 448 -136 ) (-332 540 -136 ) (-320 540 -136 ) 
4 149 190 (-344 448 -136 ) (-366 448 -136 ) (-366 540 -136 ) (-344 540 -136 ) 
4 149 187 (-280 540 -136 ) (-280 448 -136 ) (-320 448 -136 ) (-320 540 -136 ) 
4 149 184 (-320 597 -136 ) (-320 540 -136 ) (-366 540 -136 ) (-366 597 -136 ) 
4 149 157 (-366 632 -136 ) (-320 632 -136 ) (-320 597 -136 ) (-366 597 -136 ) 
4 149 155 (-320 632 -136 ) (-280 632 -136 ) (-280 540 -136 ) (-320 540 -136 ) 
4 149 154 (-212 628 -136 ) (-212 448 -136 ) (-280 448 -136 ) (-280 628 -136 ) 
4 149 150 (-366 632 -136 ) (-366 8 -136 ) (-366 8 -64 ) (-366 632 -64 ) 
4 150 204 (-872 8 -136 ) (-872 632 -136 ) (-524 632 -136 ) (-524 8 -136 ) 
4 150 203 (-366 9 -136 ) (-366 8 -136 ) (-524 8 -136 ) (-524 9 -136 ) 
4 150 199 (-366 448 -136 ) (-366 9 -136 ) (-524 9 -136 ) (-524 448 -136 ) 
4 150 191 (-392 448 -136 ) (-404 448 -136 ) (-404 540 -136 ) (-392 540 -136 ) 
4 150 192 (-404 448 -136 ) (-416 448 -136 ) (-416 540 -136 ) (-404 540 -136 ) 
4 150 190 (-366 540 -136 ) (-366 448 -136 ) (-392 448 -136 ) (-392 540 -136 ) 
4 150 184 (-366 597 -136 ) (-366 540 -136 ) (-416 540 -136 ) (-416 597 -136 ) 
4 150 157 (-416 632 -136 ) (-366 632 -136 ) (-366 597 -136 ) (-416 597 -136 ) 
4 150 195 (-524 632 -136 ) (-416 632 -136 ) (-416 448 -136 ) (-524 448 -136 ) 
4 151 153 (-176 632 -216 ) (-176 632 -248 ) (-176 628 -248 ) (-176 628 -216 ) 
4 151 154 (-176 628 -248 ) (-76 628 -248 ) (-76 628 -136 ) (-176 628 -136 ) 
4 152 154 (-184 628 -208 ) (-184 628 -144 ) (-272 628 -144 ) (-272 628 -208 ) 
4 153 155 (-280 632 -216 ) (-280 632 -248 ) (-280 628 -248 ) (-280 628 -216 ) 
4 153 154 (-280 628 -248 ) (-176 628 -248 ) (-176 628 -216 ) (-280 628 -216 ) 
4 154 197 (-96 448 -248 ) (-76 448 -248 ) (-76 448 -184 ) (-80 448 -184 ) 
3 154 196 (-76 448 -184 ) (-76 448 -168 ) (-80 448 -184 ) 
5 154 199 (-280 448 -248 ) (-96 448 -248 ) (-76 448 -168 ) (-76 448 -136 ) (-280 448 -136 ) 
4 154 187 (-280 540 -248 ) (-280 448 -248 ) (-280 448 -136 ) (-280 540 -136 ) 
4 154 155 (-280 628 -248 ) (-280 540 -248 ) (-280 540 -136 ) (-280 628 -136 ) 
4 155 187 (-320 540 -248 ) (-280 540 -248 ) (-280 540 -136 ) (-320 540 -136 ) 
6 155 184 (-320 540 -136 ) (-320 597 -136 ) (-320 610.892308 -143.938462 ) (-320 584 -191 ) (-320 578 -201 ) (-320 540 -179.285714 ) 
4 155 185 (-320 578.215385 -201.123077 ) (-320 556 -240 ) (-320 540 -230.857143 ) (-320 540 -179.285714 ) 
4 155 182 (-320 578.430769 -201.246154 ) (-320 572.215385 -212.123077 ) (-320 572 -212 ) (-320 578.215385 -201.123077 ) 
4 155 181 (-320 610.892308 -143.938462 ) (-320 611.107692 -144.061538 ) (-320 590 -181 ) (-320 584 -191 ) 
4 155 183 (-320 560.215385 -233.123077 ) (-320 556.215385 -240.123077 ) (-320 556 -240 ) (-320 560 -233 ) 
4 155 163 (-320 579.215385 -216.123077 ) (-320 567.215385 -237.123077 ) (-320 567 -237 ) (-320 579 -216 ) 
4 155 161 (-320 601 -178 ) (-320 597 -185 ) (-320 590 -181 ) (-320 594 -174 ) 
3 155 160 (-320 597 -185 ) (-320 585.430769 -205.246154 ) (-320 585 -205 ) 
4 155 162 (-320 585.430769 -205.246154 ) (-320 579.215385 -216.123077 ) (-320 572.215385 -212.123077 ) (-320 578.430769 -201.246154 ) 
4 155 159 (-320 611.107692 -144.061538 ) (-320 618.107692 -148.061538 ) (-320 613 -157 ) (-320 606 -153 ) 
4 155 164 (-320 567.215385 -237.123077 ) (-320 563.215385 -244.123077 ) (-320 556.215385 -240.123077 ) (-320 560.215385 -233.123077 ) 
4 155 158 (-320 618.107692 -148.061538 ) (-320 625 -152 ) (-320 570 -248 ) (-320 563.215385 -244.123077 ) 
4 155 157 (-320 597 -136 ) (-320 632 -136 ) (-320 632 -139.781818 ) (-320 625 -152 ) 
3 155 186 (-320 570 -248 ) (-320 540 -248 ) (-320 540 -230.857143 ) 
3 155 156 (-320 632 -139.781818 ) (-320 632 -248 ) (-320 570 -248 ) 
4 156 166 (-416 570 -248 ) (-412 570 -248 ) (-412 625 -152 ) (-416 625 -152 ) 
4 156 165 (-388 570 -248 ) (-348 570 -248 ) (-348 625 -152 ) (-388 625 -152 ) 
4 156 158 (-324 570 -248 ) (-320 570 -248 ) (-320 625 -152 ) (-324 625 -152 ) 
4 156 157 (-320 625 -152 ) (-320 632 -139.781818 ) (-416 632 -139.781818 ) (-416 625 -152 ) 
3 156 195 (-416 632 -139.781818 ) (-416 632 -248 ) (-416 570 -248 ) 
4 157 184 (-320 597 -136 ) (-416 597 -136 ) (-416 610.892308 -143.938462 ) (-320 610.892308 -143.938462 ) 
4 157 181 (-416 610.892308 -143.938462 ) (-416 611.107692 -144.061538 ) (-320 611.107692 -144.061538 ) (-320 610.892308 -143.938462 ) 
4 157 173 (-416 611.107692 -144.061538 ) (-416 618.107692 -148.061538 ) (-412 618.107692 -148.061538 ) (-412 611.107692 -144.061538 ) 
4 157 171 (-388 618 -148 ) (-388 611.107692 -144.061538 ) (-412 611.107692 -144.061538 ) (-412 618 -148 ) 
4 157 169 (-388 618.107692 -148.061538 ) (-348 618.107692 -148.061538 ) (-348 611.107692 -144.061538 ) (-388 611.107692 -144.061538 ) 
4 157 167 (-324 618 -148 ) (-324 611.107692 -144.061538 ) (-348 611.107692 -144.061538 ) (-348 618 -148 ) 
4 157 166 (-416 618.107692 -148.061538 ) (-416 625 -152 ) (-412 625 -152 ) (-412 618.107692 -148.061538 ) 
4 157 165 (-388 625 -152 ) (-348 625 -152 ) (-348 618.107692 -148.061538 ) (-388 618.107692 -148.061538 ) 
4 157 159 (-320 618.107692 -148.061538 ) (-320 611.107692 -144.061538 ) (-324 611.107692 -144.061538 ) (-324 618.107692 -148.061538 ) 
4 157 158 (-324 625 -152 ) (-320 625 -152 ) (-320 618.107692 -148.061538 ) (-324 618.107692 -148.061538 ) 
4 157 195 (-416 597 -136 ) (-416 632 -136 ) (-416 632 -139.781818 ) (-416 625 -152 ) 
4 158 163 (-320 567.215385 -237.123077 ) (-320 579.215385 -216.123077 ) (-324 579.215385 -216.123077 ) (-324 567.215385 -237.123077 ) 
4 158 161 (-320 597 -185 ) (-320 601 -178 ) (-324 601 -178 ) (-324 597 -185 ) 
4 158 160 (-320 585.430769 -205.246154 ) (-320 597 -185 ) (-324 597 -185 ) (-324 585.430769 -205.246154 ) 
4 158 162 (-320 579.215385 -216.123077 ) (-320 585.430769 -205.246154 ) (-324 585.430769 -205.246154 ) (-324 579.215385 -216.123077 ) 
4 158 159 (-320 613 -157 ) (-320 618.107692 -148.061538 ) (-324 618.107692 -148.061538 ) (-324 613 -157 ) 
4 158 164 (-324 563.215385 -244.123077 ) (-320 563.215385 -244.123077 ) (-320 567.215385 -237.123077 ) (-324 567.215385 -237.123077 ) 
4 158 186 (-324 570 -248 ) (-320 570 -248 ) (-320 563.215385 -244.123077 ) (-324 563.215385 -244.123077 ) 
4 159 181 (-320 606 -153 ) (-320 611.107692 -144.061538 ) (-324 611.107692 -144.061538 ) (-324 606 -153 ) 
4 159 167 (-324 606 -153 ) (-324 611.107692 -144.061538 ) (-324 618 -148 ) (-324 612.882287 -156.932735 ) 
3 160 177 (-324 585.258969 -205.147982 ) (-324 585 -205 ) (-324 592.615385 -192.307692 ) 
4 160 162 (-324 585 -205 ) (-324 585.430769 -205.246154 ) (-320 585.430769 -205.246154 ) (-320 585 -205 ) 
4 161 181 (-320 590 -181 ) (-320 594 -174 ) (-324 594 -174 ) (-324 590 -181 ) 
4 161 168 (-324 590 -181 ) (-324 594 -174 ) (-324 600.858744 -177.919283 ) (-324 596.850897 -184.914798 ) 
4 162 182 (-320 572.215385 -212.123077 ) (-320 578.430769 -201.246154 ) (-324 578.430769 -201.246154 ) (-324 572.215385 -212.123077 ) 
4 162 178 (-324 572.215385 -212.123077 ) (-324 578.430769 -201.246154 ) (-324 585.258969 -205.147982 ) (-324 579.031390 -216.017937 ) 
4 162 163 (-324 579 -216 ) (-324 579.215385 -216.123077 ) (-320 579.215385 -216.123077 ) (-320 579 -216 ) 
4 163 179 (-324 579 -216 ) (-324 579.031390 -216.017937 ) (-324 567.007848 -237.004484 ) (-324 567 -237 ) 
4 163 164 (-324 567 -237 ) (-324 567.215385 -237.123077 ) (-320 567.215385 -237.123077 ) (-320 567 -237 ) 
4 164 183 (-320 556.215385 -240.123077 ) (-320 560.215385 -233.123077 ) (-324 560.215385 -233.123077 ) (-324 556.215385 -240.123077 ) 
4 164 180 (-324 563 -244 ) (-324 556.215385 -240.123077 ) (-324 560.215385 -233.123077 ) (-324 567.007848 -237.004484 ) 
4 164 186 (-320 563.215385 -244.123077 ) (-320 556.215385 -240.123077 ) (-324 556.215385 -240.123077 ) (-324 563.215385 -244.123077 ) 
4 165 175 (-388 597 -185 ) (-388 563.215385 -244.123077 ) (-348 563.215385 -244.123077 ) (-348 597 -185 ) 
4 165 170 (-388 601 -178 ) (-388 597 -185 ) (-348 597 -185 ) (-348 601 -178 ) 
4 165 169 (-348 618.107692 -148.061538 ) (-388 618.107692 -148.061538 ) (-388 613 -157 ) (-348 613 -157 ) 
4 165 186 (-388 570 -248 ) (-348 570 -248 ) (-348 563.215385 -244.123077 ) (-388 563.215385 -244.123077 ) 
4 166 176 (-416 597 -185 ) (-416 563.215385 -244.123077 ) (-412 563.215385 -244.123077 ) (-412 597 -185 ) 
4 166 174 (-416 601 -178 ) (-416 597 -185 ) (-412 597 -185 ) (-412 601 -178 ) 
4 166 173 (-412 618.107692 -148.061538 ) (-416 618.107692 -148.061538 ) (-416 613 -157 ) (-412 613 -157 ) 
4 166 186 (-416 563.215385 -244.123077 ) (-416 570 -248 ) (-412 570 -248 ) (-412 563.215385 -244.123077 ) 
4 166 195 (-416 618.107692 -148.061538 ) (-416 625 -152 ) (-416 570 -248 ) (-416 563.215385 -244.123077 ) 
4 167 181 (-324 611.107692 -144.061538 ) (-348 611.107692 -144.061538 ) (-348 606 -153 ) (-324 606 -153 ) 
4 167 169 (-348 612.882287 -156.932735 ) (-348 606 -153 ) (-348 611.107692 -144.061538 ) (-348 618 -148 ) 
4 168 181 (-348 594 -174 ) (-348 590 -181 ) (-324 590 -181 ) (-324 594 -174 ) 
4 168 170 (-348 596.850897 -184.914798 ) (-348 590 -181 ) (-348 594 -174 ) (-348 600.858744 -177.919283 ) 
4 169 181 (-348 611.107692 -144.061538 ) (-388 611.107692 -144.061538 ) (-388 606 -153 ) (-348 606 -153 ) 
4 169 171 (-388 606 -153 ) (-388 611.107692 -144.061538 ) (-388 618 -148 ) (-388 612.882287 -156.932735 ) 
4 170 181 (-388 594 -174 ) (-388 590 -181 ) (-348 590 -181 ) (-348 594 -174 ) 
4 170 172 (-388 590 -181 ) (-388 594 -174 ) (-388 600.858744 -177.919283 ) (-388 596.850897 -184.914798 ) 
4 171 181 (-388 611.107692 -144.061538 ) (-412 611.107692 -144.061538 ) (-412 606 -153 ) (-388 606 -153 ) 
4 171 173 (-412 612.882287 -156.932735 ) (-412 606 -153 ) (-412 611.107692 -144.061538 ) (-412 618 -148 ) 
4 172 181 (-412 594 -174 ) (-412 590 -181 ) (-388 590 -181 ) (-388 594 -174 ) 
4 172 174 (-412 596.850897 -184.914798 ) (-412 590 -181 ) (-412 594 -174 ) (-412 600.858744 -177.919283 ) 
4 173 181 (-412 611.107692 -144.061538 ) (-416 611.107692 -144.061538 ) (-416 606 -153 ) (-412 606 -153 ) 
4 173 195 (-416 611.107692 -144.061538 ) (-416 618.107692 -148.061538 ) (-416 613 -157 ) (-416 606 -153 ) 
4 174 181 (-416 594 -174 ) (-416 590 -181 ) (-412 590 -181 ) (-412 594 -174 ) 
4 174 195 (-416 601 -178 ) (-416 597 -185 ) (-416 590 -181 ) (-416 594 -174 ) 
4 175 179 (-388 579.031390 -216.017937 ) (-388 567.007848 -237.004484 ) (-348 567.007848 -237.004484 ) (-348 579.031390 -216.017937 ) 
4 175 178 (-388 585.258969 -205.147982 ) (-388 579.031390 -216.017937 ) (-348 579.031390 -216.017937 ) (-348 585.258969 -205.147982 ) 
4 175 177 (-388 592.615385 -192.307692 ) (-388 585.258969 -205.147982 ) (-348 585.258969 -205.147982 ) (-348 592.615385 -192.307692 ) 
4 175 180 (-388 567.007848 -237.004484 ) (-388 563 -244 ) (-348 563 -244 ) (-348 567.007848 -237.004484 ) 
4 175 186 (-388 563.215385 -244.123077 ) (-348 563.215385 -244.123077 ) (-348 563 -244 ) (-388 563 -244 ) 
4 176 179 (-416 579.031390 -216.017937 ) (-416 567.007848 -237.004484 ) (-412 567.007848 -237.004484 ) (-412 579.031390 -216.017937 ) 
4 176 178 (-416 585.258969 -205.147982 ) (-416 579.031390 -216.017937 ) (-412 579.031390 -216.017937 ) (-412 585.258969 -205.147982 ) 
4 176 177 (-416 592.615385 -192.307692 ) (-416 585.258969 -205.147982 ) (-412 585.258969 -205.147982 ) (-412 592.615385 -192.307692 ) 
4 176 180 (-416 567.007848 -237.004484 ) (-416 563 -244 ) (-412 563 -244 ) (-412 567.007848 -237.004484 ) 
4 176 195 (-416 597 -185 ) (-416 563.215385 -244.123077 ) (-416 563 -244 ) (-416 592.615385 -192.307692 ) 
4 176 186 (-416 563 -244 ) (-416 563.215385 -244.123077 ) (-412 563.215385 -244.123077 ) (-412 563 -244 ) 
4 177 178 (-324 585.258969 -205.147982 ) (-324 585 -205 ) (-416 585 -205 ) (-416 585.258969 -205.147982 ) 
3 177 195 (-416 592.615385 -192.307692 ) (-416 585.258969 -205.147982 ) (-416 585 -205 ) 
4 178 182 (-416 578.430769 -201.246154 ) (-416 572.215385 -212.123077 ) (-324 572.215385 -212.123077 ) (-324 578.430769 -201.246154 ) 
4 178 179 (-416 579 -216 ) (-416 579.031390 -216.017937 ) (-324 579.031390 -216.017937 ) (-324 579 -216 ) 
4 178 195 (-416 572.215385 -212.123077 ) (-416 578.430769 -201.246154 ) (-416 585.258969 -205.147982 ) (-416 579.031390 -216.017937 ) 
4 179 180 (-416 567 -237 ) (-416 567.007848 -237.004484 ) (-324 567.007848 -237.004484 ) (-324 567 -237 ) 
4 179 195 (-416 579 -216 ) (-416 579.031390 -216.017937 ) (-416 567.007848 -237.004484 ) (-416 567 -237 ) 
4 180 183 (-416 560.215385 -233.123077 ) (-416 556.215385 -240.123077 ) (-324 556.215385 -240.123077 ) (-324 560.215385 -233.123077 ) 
4 180 195 (-416 563 -244 ) (-416 556.215385 -240.123077 ) (-416 560.215385 -233.123077 ) (-416 567.007848 -237.004484 ) 
4 180 186 (-416 556.215385 -240.123077 ) (-416 563 -244 ) (-324 563 -244 ) (-324 556.215385 -240.123077 ) 
4 181 184 (-416 610.892308 -143.938462 ) (-416 584 -191 ) (-320 584 -191 ) (-320 610.892308 -143.938462 ) 
4 181 195 (-416 610.892308 -143.938462 ) (-416 611.107692 -144.061538 ) (-416 590 -181 ) (-416 584 -191 ) 
4 182 185 (-416 578.215385 -201.123077 ) (-416 572 -212 ) (-320 572 -212 ) (-320 578.215385 -201.123077 ) 
4 182 195 (-416 578.430769 -201.246154 ) (-416 572.215385 -212.123077 ) (-416 572 -212 ) (-416 578.215385 -201.123077 ) 
4 183 185 (-416 560 -233 ) (-416 556 -240 ) (-320 556 -240 ) (-320 560 -233 ) 
4 183 195 (-416 560.215385 -233.123077 ) (-416 556.215385 -240.123077 ) (-416 556 -240 ) (-416 560 -233 ) 
4 183 186 (-416 556 -240 ) (-416 556.215385 -240.123077 ) (-320 556.215385 -240.123077 ) (-320 556 -240 ) 
4 184 191 (-392 540 -136 ) (-404 540 -136 ) (-404 540 -179.285714 ) (-392 540 -179.285714 ) 
4 184 192 (-404 540 -136 ) (-416 540 -136 ) (-416 540 -179.285714 ) (-404 540 -179.285714 ) 
4 184 189 (-332 540 -136 ) (-344 540 -136 ) (-344 540 -179.285714 ) (-332 540 -179.285714 ) 
4 184 188 (-320 540 -179.285714 ) (-320 540 -136 ) (-332 540 -136 ) (-332 540 -179.285714 ) 
4 184 190 (-344 540 -136 ) (-392 540 -136 ) (-392 540 -179.285714 ) (-344 540 -179.285714 ) 
4 184 185 (-320 540 -179.285714 ) (-416 540 -179.285714 ) (-416 578 -201 ) (-320 578 -201 ) 
6 184 195 (-416 540 -136 ) (-416 597 -136 ) (-416 610.892308 -143.938462 ) (-416 584 -191 ) (-416 578 -201 ) (-416 540 -179.285714 ) 
4 185 191 (-392 540 -179.285714 ) (-404 540 -179.285714 ) (-404 540 -230.857143 ) (-392 540 -230.857143 ) 
4 185 192 (-404 540 -179.285714 ) (-416 540 -179.285714 ) (-416 540 -230.857143 ) (-404 540 -230.857143 ) 
4 185 189 (-332 540 -179.285714 ) (-344 540 -179.285714 ) (-344 540 -230.857143 ) (-332 540 -230.857143 ) 
4 185 188 (-320 540 -230.857143 ) (-320 540 -179.285714 ) (-332 540 -179.285714 ) (-332 540 -230.857143 ) 
4 185 190 (-344 540 -179.285714 ) (-392 540 -179.285714 ) (-392 540 -230.857143 ) (-344 540 -230.857143 ) 
4 185 186 (-416 540 -230.857143 ) (-416 556 -240 ) (-320 556 -240 ) (-320 540 -230.857143 ) 
4 185 195 (-416 578.215385 -201.123077 ) (-416 556 -240 ) (-416 540 -230.857143 ) (-416 540 -179.285714 ) 
4 186 191 (-392 540 -230.857143 ) (-404 540 -230.857143 ) (-404 540 -236 ) (-392 540 -236 ) 
4 186 192 (-404 540 -230.857143 ) (-416 540 -230.857143 ) (-416 540 -240 ) (-404 540 -240 ) 
4 186 189 (-332 540 -230.857143 ) (-344 540 -230.857143 ) (-344 540 -236 ) (-332 540 -236 ) 
4 186 188 (-320 540 -240 ) (-320 540 -230.857143 ) (-332 540 -230.857143 ) (-332 540 -240 ) 
4 186 190 (-344 540 -230.857143 ) (-392 540 -230.857143 ) (-392 540 -240 ) (-344 540 -240 ) 
3 186 195 (-416 570 -248 ) (-416 540 -248 ) (-416 540 -230.857143 ) 
4 187 199 (-320 448 -248 ) (-280 448 -248 ) (-280 448 -136 ) (-320 448 -136 ) 
4 187 194 (-320 480 -248 ) (-320 472 -248 ) (-320 472 -240 ) (-320 480 -240 ) 
4 187 193 (-320 516 -248 ) (-320 504 -248 ) (-320 504 -240 ) (-320 516 -240 ) 
4 187 188 (-320 540 -136 ) (-320 540 -240 ) (-320 448 -240 ) (-320 448 -136 ) 
4 188 199 (-320 448 -240 ) (-320 448 -136 ) (-332 448 -136 ) (-332 448 -240 ) 
4 188 194 (-332 472 -240 ) (-332 480 -240 ) (-320 480 -240 ) (-320 472 -240 ) 
4 188 193 (-332 504 -240 ) (-332 516 -240 ) (-320 516 -240 ) (-320 504 -240 ) 
4 188 189 (-332 540 -136 ) (-332 540 -236 ) (-332 448 -236 ) (-332 448 -136 ) 
4 189 199 (-332 448 -136 ) (-344 448 -136 ) (-344 448 -236 ) (-332 448 -236 ) 
4 189 190 (-344 448 -236 ) (-344 448 -136 ) (-344 540 -136 ) (-344 540 -236 ) 
4 190 199 (-344 448 -136 ) (-392 448 -136 ) (-392 448 -240 ) (-344 448 -240 ) 
4 190 194 (-392 472 -240 ) (-392 480 -240 ) (-344 480 -240 ) (-344 472 -240 ) 
4 190 193 (-392 504 -240 ) (-392 516 -240 ) (-344 516 -240 ) (-344 504 -240 ) 
4 190 191 (-392 540 -136 ) (-392 540 -236 ) (-392 448 -236 ) (-392 448 -136 ) 
4 191 199 (-392 448 -136 ) (-404 448 -136 ) (-404 448 -236 ) (-392 448 -236 ) 
4 191 192 (-404 448 -236 ) (-404 448 -136 ) (-404 540 -136 ) (-404 540 -236 ) 
4 192 199 (-404 448 -136 ) (-416 448 -136 ) (-416 448 -240 ) (-404 448 -240 ) 
4 192 194 (-416 472 -240 ) (-416 480 -240 ) (-404 480 -240 ) (-404 472 -240 ) 
4 192 193 (-416 504 -240 ) (-416 516 -240 ) (-404 516 -240 ) (-404 504 -240 ) 
4 192 195 (-416 448 -240 ) (-416 448 -136 ) (-416 540 -136 ) (-416 540 -240 ) 
4 193 195 (-416 504 -240 ) (-416 516 -240 ) (-416 516 -248 ) (-416 504 -248 ) 
4 194 195 (-416 472 -240 ) (-416 480 -240 ) (-416 480 -248 ) (-416 472 -248 ) 
4 195 204 (-524 448 -136 ) (-524 632 -136 ) (-524 632 -248 ) (-524 448 -248 ) 
4 195 199 (-524 448 -136 ) (-524 448 -248 ) (-416 448 -248 ) (-416 448 -136 ) 
3 196 200 (-76 9 -184 ) (-76 9 -168 ) (-80 9 -184 ) 
4 196 197 (-80 48 -184 ) (-80 448 -184 ) (-76 448 -184 ) (-76 48 -184 ) 
4 196 198 (-76 9 -184 ) (-80 9 -184 ) (-80 32 -184 ) (-76 32 -184 ) 
4 196 199 (-80 9 -184 ) (-76 9 -168 ) (-76 448 -168 ) (-80 448 -184 ) 
4 197 199 (-96 448 -248 ) (-96 64 -248 ) (-80 48 -184 ) (-80 448 -184 ) 
4 198 200 (-96 9 -248 ) (-76 9 -248 ) (-76 9 -184 ) (-80 9 -184 ) 
4 198 199 (-96 16 -248 ) (-96 9 -248 ) (-80 9 -184 ) (-80 32 -184 ) 
4 199 204 (-524 9 -136 ) (-524 448 -136 ) (-524 448 -248 ) (-524 9 -248 ) 
4 199 202 (-281 9 -248 ) (-278 9 -248 ) (-278 9 -230 ) (-281 9 -230 ) 
4 199 201 (-278 9 -228 ) (-278 9 -136 ) (-281 9 -136 ) (-281 9 -228 ) 
5 199 200 (-278 9 -248 ) (-96 9 -248 ) (-76 9 -168 ) (-76 9 -136 ) (-278 9 -136 ) 
4 199 203 (-524 9 -248 ) (-281 9 -248 ) (-281 9 -136 ) (-524 9 -136 ) 
4 200 202 (-278 9 -248 ) (-278 8 -248 ) (-278 8 -230 ) (-278 9 -230 ) 
4 200 201 (-278 8 -228 ) (-278 8 -136 ) (-278 9 -136 ) (-278 9 -228 ) 
4 201 203 (-281 9 -136 ) (-281 9 -228 ) (-281 8 -228 ) (-281 8 -136 ) 
4 202 203 (-281 9 -230 ) (-281 9 -248 ) (-281 8 -248 ) (-281 8 -230 ) 
4 203 204 (-524 8 -248 ) (-524 8 -136 ) (-524 9 -136 ) (-524 9 -248 ) 
4 204 205 (-872 8 -250 ) (-872 632 -250 ) (-524 632 -250 ) (-524 8 -250 ) 
0 -1
1 2 3 4 5 6 7 8 9 10 11 12 13 -1
14 15 16 17 18 19 20 21 22 23 24 25 26 27 28 29 30 31 32 33 34 -1
35 36 37 38 -1
39 -1
40 41 42 43 44 45 46 47 48 49 50 -1
51 52 53 54 55 56 57 58 59 60 61 62 63 64 65 66 67 68 69 70 71 72 73 74 75 76 77 78 79 80 81 82 83 84 85 86 87 88 89 90 91 92 93 94 95 96 97 98 99 100 101 102 103 104 105 106 -1
107 -1
108 -1
109 -1
110 -1
111 -1
112 -1
113 -1
114 -1
115 -1
116 -1
117 -1
118 -1
119 -1
120 -1
121 -1
122 -1
123 -1
124 -1
125 -1
126 -1
127 -1
128 -1
129 -1
130 -1
131 -1
132 -1
133 -1
134 -1
135 -1
136 -1
137 -1
138 -1
139 -1
140 -1
141 -1
142 -1
143 -1
144 -1
145 -1
146 -1
147 -1
148 -1
149 -1
150 -1
151 -1
152 -1
153 -1
154 -1
155 -1
156 -1
157 -1
158 -1
159 -1
160 -1
161 -1
162 -1
163 164 165 166 167 168 169 170 171 172 173 174 175 176 177 178 -1
179 -1
180 -1
181 -1
182 -1
183 -1
184 -1
185 -1
186 -1
187 -1
188 -1
189 -1
190 -1
191 -1
192 -1
193 -1
194 -1
195 -1
196 -1
197 -1
198 -1
199 200 201 202 -1
203 -1
204 -1
205 -1
206 -1
207 -1
208 209 210 211 212 213 214 215 216 217 218 219 220 221 222 223 224 225 226 227 228 229 230 231 232 233 234 235 236 237 238 239 240 241 242 243 244 -1
245 -1
246 -1
247 -1
248 -1
249 -1
250 -1
251 -1
252 -1
253 -1
254 -1
255 -1
256 -1
257 -1
258 -1
259 -1
260 -1
261 -1
262 -1
263 -1
264 -1
265 -1
266 -1
267 -1
268 -1
269 -1
270 -1
271 -1
272 -1
273 -1
274 -1
275 -1
276 -1
277 -1
278 -1
279 -1
280 -1
281 -1
282 -1
283 -1
284 -1
285 -1
286 -1
287 -1
288 -1
289 -1
290 -1
291 -1
292 -1
293 -1
294 -1
295 -1
296 -1
297 -1
298 -1
299 -1
300 -1
301 -1
302 -1
303 -1
304 305 306 307 308 309 310 311 -1
312 -1
313 -1
314 -1
315 316 317 318 319 320 321 -1
322 -1
323 -1
324 -1
325 -1
326 -1
327 -1
328 -1
329 -1
330 -1
331 -1
332 -1
333 -1
334 -1
335 -1
336 -1
337 -1
338 -1
339 -1
340 -1
341 -1
342 -1
343 -1
344 -1
345 -1
346 -1
347 -1
348 -1
349 -1
350 -1
351 -1
352 -1
353 -1
354 -1
355 -1
356 -1
357 -1
358 -1
359 -1
360 -1
361 -1
362 363 364 365 366 -1
367 -1
368 -1
369 -1
370 371 372 373 374 375 376 377 378 379 380 381 382 383 384 385 386 387 388 389 390 391 392 393 394 395 396 397 398 399 400 401 402 403 404 405 406 407 408 409 410 411 412 413 414 415 416 417 418 419 420 421 422 423 424 425 426 427 428 429 430 431 432 433 434 -1
435 -1
436 -1
437 -1
438 -1
439 -1
440 -1
