PRT2
185
149
470
4 0 4 (4096 1088 1568 ) (4064 1088 1568 ) (4064 1088 384 ) (4096 1088 384 ) 
4 0 2 (4064 1088 1536 ) (4064 1088 1568 ) (4064 4064 1568 ) (4064 4064 1536 ) 
4 0 1 (4064 4064 1568 ) (4064 4096 1568 ) (4064 4096 384 ) (4064 4064 384 ) 
4 1 24 (-64 4096 384 ) (-64 4064 384 ) (-64 4064 1568 ) (-64 4096 1568 ) 
4 1 2 (4064 4064 1536 ) (4064 4064 1568 ) (-64 4064 1568 ) (-64 4064 1536 ) 
4 2 25 (-64 1088 1536 ) (-64 1088 1568 ) (-64 4064 1568 ) (-64 4064 1536 ) 
4 2 7 (640 1088 1568 ) (-64 1088 1568 ) (-64 1088 1536 ) (640 1088 1536 ) 
4 2 5 (4064 1088 1536 ) (4064 1088 1568 ) (640 1088 1568 ) (640 1088 1536 ) 
4 3 26 (-64 1088 0 ) (-64 1088 1536 ) (-64 4064 1536 ) (-64 4064 0 ) 
4 3 13 (-64 1088 64 ) (-64 1088 0 ) (0 1088 0 ) (512 1088 64 ) 
4 3 8 (640 1088 1536 ) (-64 1088 1536 ) (-64 1088 64 ) (640 1088 64 ) 
4 3 6 (4064 1088 0 ) (4064 1088 1536 ) (640 1088 1536 ) (640 1088 0 ) 
4 4 47 (4096 0 1568 ) (4064 0 1568 ) (4064 0 384 ) (4096 0 384 ) 
4 4 5 (4064 0 1536 ) (4064 0 1568 ) (4064 1088 1568 ) (4064 1088 1536 ) 
4 5 50 (1280 0 1568 ) (640 0 1568 ) (640 0 1536 ) (1280 0 1536 ) 
4 5 48 (4064 0 1536 ) (4064 0 1568 ) (1280 0 1568 ) (1280 0 1536 ) 
4 5 7 (640 1088 1568 ) (640 1088 1536 ) (640 0 1536 ) (640 0 1568 ) 
4 6 54 (640 0 96 ) (640 0 0 ) (832 0 0 ) (832 0 96 ) 
4 6 53 (832 0 0 ) (1024 0 0 ) (1024 0 96 ) (832 0 96 ) 
4 6 52 (1024 0 0 ) (1280 0 0 ) (1280 0 96 ) (1024 0 96 ) 
4 6 51 (1280 0 1536 ) (640 0 1536 ) (640 0 96 ) (1280 0 96 ) 
4 6 49 (4064 0 0 ) (4064 0 1536 ) (1280 0 1536 ) (1280 0 0 ) 
4 6 22 (640 192 0 ) (640 128 0 ) (640 128 64 ) (640 192 64 ) 
4 6 20 (640 384 0 ) (640 320 0 ) (640 320 64 ) (640 384 64 ) 
4 6 18 (640 576 0 ) (640 512 0 ) (640 512 64 ) (640 576 64 ) 
4 6 16 (640 768 0 ) (640 704 0 ) (640 704 64 ) (640 768 64 ) 
4 6 14 (640 960 0 ) (640 896 0 ) (640 896 64 ) (640 960 64 ) 
4 6 11 (640 192 192 ) (640 192 1536 ) (640 320 1536 ) (640 320 192 ) 
4 6 10 (640 384 64 ) (640 320 64 ) (640 320 1536 ) (640 384 1536 ) 
4 6 9 (640 384 128 ) (640 384 1536 ) (640 512 1536 ) (640 512 128 ) 
4 6 12 (640 192 64 ) (640 0 64 ) (640 0 1536 ) (640 192 1536 ) 
4 6 8 (640 1088 1536 ) (640 1088 64 ) (640 512 64 ) (640 512 1536 ) 
4 7 138 (-48 0 1568 ) (-64 0 1568 ) (-64 0 1536 ) (-48 0 1536 ) 
4 7 50 (640 0 1536 ) (640 0 1568 ) (-48 0 1568 ) (-48 0 1536 ) 
4 7 28 (-64 0 1536 ) (-64 0 1568 ) (-64 1088 1568 ) (-64 1088 1536 ) 
4 8 30 (-64 832 64 ) (-64 512 64 ) (-64 512 256 ) (-64 832 256 ) 
4 8 29 (-64 512 1536 ) (-64 1088 1536 ) (-64 1088 256 ) (-64 512 256 ) 
4 8 18 (640 576 64 ) (640 512 64 ) (-64 512 64 ) (-64 576 64 ) 
4 8 17 (512 576 64 ) (-64 576 64 ) (-64 704 64 ) (512 704 64 ) 
4 8 16 (640 768 64 ) (640 704 64 ) (-64 704 64 ) (-64 768 64 ) 
4 8 15 (512 768 64 ) (-64 768 64 ) (-64 896 64 ) (512 896 64 ) 
4 8 14 (640 960 64 ) (640 896 64 ) (-64 896 64 ) (-64 960 64 ) 
4 8 13 (512 960 64 ) (-64 960 64 ) (-64 1088 64 ) (512 1088 64 ) 
5 8 9 (-64 512 64 ) (512 512 64 ) (640 512 128 ) (640 512 1536 ) (-64 512 1536 ) 
4 9 31 (-64 464 64 ) (-64 384 64 ) (-64 384 256 ) (-64 464 256 ) 
4 9 30 (-64 512 256 ) (-64 512 64 ) (-64 464 64 ) (-64 464 256 ) 
4 9 29 (-64 384 1536 ) (-64 512 1536 ) (-64 512 256 ) (-64 384 256 ) 
4 9 19 (512 384 64 ) (-64 384 64 ) (-64 512 64 ) (512 512 64 ) 
5 9 10 (-64 384 64 ) (512 384 64 ) (640 384 128 ) (640 384 1536 ) (-64 384 1536 ) 
4 10 31 (-64 384 256 ) (-64 384 64 ) (-64 320 64 ) (-64 320 256 ) 
4 10 29 (-64 320 1536 ) (-64 384 1536 ) (-64 384 256 ) (-64 320 256 ) 
4 10 21 (512 320 64 ) (-64 320 64 ) (-64 384 64 ) (512 384 64 ) 
4 10 20 (640 384 64 ) (640 320 64 ) (512 320 64 ) (512 384 64 ) 
5 10 11 (-64 320 1536 ) (-64 320 64 ) (512 320 64 ) (640 320 192 ) (640 320 1536 ) 
4 11 31 (-64 320 256 ) (-64 320 64 ) (-64 192 64 ) (-64 192 256 ) 
4 11 29 (-64 192 1536 ) (-64 320 1536 ) (-64 320 256 ) (-64 192 256 ) 
4 11 21 (512 192 64 ) (-64 192 64 ) (-64 320 64 ) (512 320 64 ) 
5 11 12 (-64 192 1536 ) (-64 192 64 ) (512 192 64 ) (640 192 192 ) (640 192 1536 ) 
4 12 139 (-48 0 1536 ) (-64 0 1536 ) (-64 0 64 ) (-48 0 64 ) 
4 12 65 (640 0 64 ) (640 0 96 ) (-48 0 96 ) (-48 0 64 ) 
4 12 51 (640 0 96 ) (640 0 1536 ) (-48 0 1536 ) (-48 0 96 ) 
4 12 31 (-64 0 64 ) (-64 0 256 ) (-64 192 256 ) (-64 192 64 ) 
4 12 29 (-64 0 256 ) (-64 0 1536 ) (-64 192 1536 ) (-64 192 256 ) 
4 12 23 (512 0 64 ) (-64 0 64 ) (-64 128 64 ) (512 128 64 ) 
4 12 22 (640 192 64 ) (640 128 64 ) (-64 128 64 ) (-64 192 64 ) 
4 13 14 (512 960 64 ) (-64 960 64 ) (-64 960 0 ) (0 960 0 ) 
4 14 15 (-64 896 64 ) (-64 896 0 ) (128 896 0 ) (512 896 64 ) 
4 15 30 (-64 768 0 ) (-64 768 64 ) (-64 832 64 ) (-64 832 0 ) 
4 15 16 (-64 768 64 ) (-64 768 0 ) (128 768 0 ) (512 768 64 ) 
4 16 30 (-64 704 0 ) (-64 704 64 ) (-64 768 64 ) (-64 768 0 ) 
4 16 17 (512 704 64 ) (-64 704 64 ) (-64 704 0 ) (256 704 0 ) 
4 17 30 (-64 576 0 ) (-64 576 64 ) (-64 704 64 ) (-64 704 0 ) 
4 17 18 (512 576 64 ) (-64 576 64 ) (-64 576 0 ) (256 576 0 ) 
4 18 30 (-64 512 0 ) (-64 512 64 ) (-64 576 64 ) (-64 576 0 ) 
4 18 19 (-64 512 64 ) (-64 512 0 ) (384 512 0 ) (512 512 64 ) 
4 19 31 (-64 384 0 ) (-64 384 64 ) (-64 464 64 ) (-64 464 0 ) 
4 19 30 (-64 464 64 ) (-64 512 64 ) (-64 512 0 ) (-64 464 0 ) 
4 19 21 (512 384 64 ) (-64 384 64 ) (-64 384 0 ) (384 384 0 ) 
4 20 21 (512 384 64 ) (448 384 0 ) (448 320 0 ) (512 320 64 ) 
4 21 31 (-64 192 0 ) (-64 192 64 ) (-64 384 64 ) (-64 384 0 ) 
4 21 22 (-64 192 64 ) (-64 192 0 ) (448 192 0 ) (512 192 64 ) 
4 22 31 (-64 128 0 ) (-64 128 64 ) (-64 192 64 ) (-64 192 0 ) 
4 22 23 (512 128 64 ) (-64 128 64 ) (-64 128 0 ) (480 128 0 ) 
4 23 140 (-48 0 64 ) (-64 0 64 ) (-64 0 0 ) (-48 0 0 ) 
4 23 65 (512 0 64 ) (-48 0 64 ) (-48 0 0 ) (480 0 0 ) 
4 23 31 (-64 0 0 ) (-64 0 64 ) (-64 128 64 ) (-64 128 0 ) 
4 24 27 (-4064 4096 384 ) (-4064 4064 384 ) (-4064 4064 1568 ) (-4064 4096 1568 ) 
4 24 25 (-64 4064 1536 ) (-64 4064 1568 ) (-4064 4064 1568 ) (-4064 4064 1536 ) 
4 25 43 (-2880 1088 1568 ) (-4064 1088 1568 ) (-4064 1088 1536 ) (-2880 1088 1536 ) 
4 25 40 (-576 1088 1568 ) (-2880 1088 1568 ) (-2880 1088 1536 ) (-576 1088 1536 ) 
4 25 28 (-64 1088 1536 ) (-64 1088 1568 ) (-576 1088 1568 ) (-576 1088 1536 ) 
4 25 27 (-4064 1088 1536 ) (-4064 1088 1568 ) (-4064 4064 1568 ) (-4064 4064 1536 ) 
4 26 46 (-4064 1088 384 ) (-4064 1088 0 ) (-2880 1088 0 ) (-2880 1088 384 ) 
4 26 44 (-2880 1088 1536 ) (-4064 1088 1536 ) (-4064 1088 384 ) (-2880 1088 384 ) 
4 26 41 (-576 1088 1536 ) (-2880 1088 1536 ) (-2880 1088 256 ) (-576 1088 256 ) 
4 26 29 (-64 1088 256 ) (-64 1088 1536 ) (-576 1088 1536 ) (-576 1088 256 ) 
4 27 45 (-4064 1088 384 ) (-4064 1088 1568 ) (-4096 1088 1568 ) (-4096 1088 384 ) 
4 28 142 (-208 0 1568 ) (-576 0 1568 ) (-576 0 1536 ) (-208 0 1536 ) 
4 28 138 (-64 0 1536 ) (-64 0 1568 ) (-208 0 1568 ) (-208 0 1536 ) 
4 28 40 (-576 0 1536 ) (-576 0 1568 ) (-576 1088 1568 ) (-576 1088 1536 ) 
4 29 143 (-208 0 1536 ) (-576 0 1536 ) (-576 0 256 ) (-208 0 256 ) 
4 29 139 (-64 0 256 ) (-64 0 1536 ) (-208 0 1536 ) (-208 0 256 ) 
4 29 41 (-576 0 256 ) (-576 0 1536 ) (-576 1088 1536 ) (-576 1088 256 ) 
4 29 34 (-352 160 256 ) (-256 160 256 ) (-256 64 256 ) (-352 64 256 ) 
4 29 36 (-576 64 256 ) (-576 160 256 ) (-352 160 256 ) (-352 64 256 ) 
4 29 37 (-256 0 256 ) (-576 0 256 ) (-576 64 256 ) (-256 64 256 ) 
4 29 33 (-576 160 256 ) (-576 464 256 ) (-512 464 256 ) (-512 160 256 ) 
4 29 32 (-512 464 256 ) (-256 464 256 ) (-256 160 256 ) (-512 160 256 ) 
4 29 31 (-64 0 256 ) (-256 0 256 ) (-256 464 256 ) (-64 464 256 ) 
4 29 30 (-576 464 256 ) (-576 832 256 ) (-64 832 256 ) (-64 464 256 ) 
4 30 42 (-576 464 0 ) (-576 464 256 ) (-576 832 256 ) (-576 832 0 ) 
4 30 33 (-512 464 256 ) (-576 464 256 ) (-576 464 0 ) (-512 464 0 ) 
4 30 32 (-256 464 256 ) (-512 464 256 ) (-512 464 64 ) (-256 464 64 ) 
4 30 31 (-64 464 0 ) (-64 464 256 ) (-256 464 256 ) (-256 464 0 ) 
4 31 143 (-208 0 256 ) (-256 0 256 ) (-256 0 0 ) (-208 0 0 ) 
4 31 140 (-64 0 0 ) (-64 0 64 ) (-208 0 64 ) (-208 0 0 ) 
4 31 139 (-64 0 64 ) (-64 0 256 ) (-208 0 256 ) (-208 0 64 ) 
4 31 39 (-256 64 0 ) (-256 0 0 ) (-256 0 80 ) (-256 64 80 ) 
4 31 34 (-256 64 256 ) (-256 160 256 ) (-256 160 160 ) (-256 64 160 ) 
4 31 37 (-256 0 80 ) (-256 0 256 ) (-256 64 256 ) (-256 64 80 ) 
4 31 32 (-256 464 256 ) (-256 464 64 ) (-256 160 64 ) (-256 160 256 ) 
4 32 38 (-352 160 80 ) (-512 160 80 ) (-512 160 64 ) (-352 160 64 ) 
4 32 34 (-256 160 160 ) (-256 160 256 ) (-352 160 256 ) (-352 160 160 ) 
4 32 36 (-352 160 256 ) (-512 160 256 ) (-512 160 80 ) (-352 160 80 ) 
4 32 33 (-512 464 256 ) (-512 464 64 ) (-512 160 64 ) (-512 160 256 ) 
4 33 42 (-576 160 0 ) (-576 160 256 ) (-576 464 256 ) (-576 464 0 ) 
4 33 38 (-576 160 80 ) (-576 160 32 ) (-512 160 32 ) (-512 160 80 ) 
4 33 36 (-512 160 256 ) (-576 160 256 ) (-576 160 80 ) (-512 160 80 ) 
3 34 35 (-288 64 160 ) (-352 64 160 ) (-352 128 160 ) 
4 34 36 (-352 160 256 ) (-352 160 160 ) (-352 64 160 ) (-352 64 256 ) 
4 34 37 (-256 64 160 ) (-256 64 256 ) (-352 64 256 ) (-352 64 160 ) 
4 35 37 (-288 64 160 ) (-352 64 160 ) (-352 64 80 ) (-288 64 80 ) 
4 35 36 (-352 128 80 ) (-352 64 80 ) (-352 64 160 ) (-352 128 160 ) 
4 36 42 (-576 64 256 ) (-576 160 256 ) (-576 160 80 ) (-576 64 80 ) 
4 36 38 (-576 64 80 ) (-576 160 80 ) (-352 160 80 ) (-352 64 80 ) 
4 36 37 (-352 64 256 ) (-576 64 256 ) (-576 64 80 ) (-352 64 80 ) 
4 37 143 (-256 0 80 ) (-256 0 256 ) (-576 0 256 ) (-576 0 80 ) 
4 37 42 (-576 0 80 ) (-576 0 256 ) (-576 64 256 ) (-576 64 80 ) 
4 37 39 (-256 0 80 ) (-576 0 80 ) (-576 64 80 ) (-256 64 80 ) 
4 38 42 (-576 64 32 ) (-576 64 80 ) (-576 160 80 ) (-576 160 32 ) 
4 38 39 (-352 64 80 ) (-576 64 80 ) (-576 64 32 ) (-352 64 32 ) 
4 39 143 (-256 0 0 ) (-256 0 80 ) (-576 0 80 ) (-576 0 0 ) 
4 39 42 (-576 0 0 ) (-576 0 80 ) (-576 64 80 ) (-576 64 0 ) 
4 40 142 (-576 0 1536 ) (-576 0 1568 ) (-2880 0 1568 ) (-2880 0 1536 ) 
4 40 43 (-2880 1088 1568 ) (-2880 1088 1536 ) (-2880 0 1536 ) (-2880 0 1568 ) 
4 41 143 (-576 0 256 ) (-576 0 1536 ) (-2880 0 1536 ) (-2880 0 256 ) 
4 41 46 (-2880 1088 384 ) (-2880 1088 256 ) (-2880 0 256 ) (-2880 0 384 ) 
4 41 44 (-2880 1088 1536 ) (-2880 1088 384 ) (-2880 0 384 ) (-2880 0 1536 ) 
4 41 42 (-2880 0 256 ) (-2880 832 256 ) (-576 832 256 ) (-576 0 256 ) 
4 42 143 (-576 0 0 ) (-576 0 256 ) (-2880 0 256 ) (-2880 0 0 ) 
4 42 46 (-2880 0 0 ) (-2880 0 256 ) (-2880 832 256 ) (-2880 832 0 ) 
4 43 142 (-2880 0 1536 ) (-2880 0 1568 ) (-4064 0 1568 ) (-4064 0 1536 ) 
4 43 45 (-4064 1088 1568 ) (-4064 1088 1536 ) (-4064 0 1536 ) (-4064 0 1568 ) 
4 44 143 (-2880 0 384 ) (-2880 0 1536 ) (-4064 0 1536 ) (-4064 0 384 ) 
4 44 46 (-2880 1088 384 ) (-2880 0 384 ) (-4064 0 384 ) (-4064 1088 384 ) 
4 45 144 (-4096 0 384 ) (-4064 0 384 ) (-4064 0 1568 ) (-4096 0 1568 ) 
4 46 143 (-2880 0 0 ) (-2880 0 384 ) (-4064 0 384 ) (-4064 0 0 ) 
4 47 104 (4096 -1984 1568 ) (4064 -1984 1568 ) (4064 -1984 384 ) (4096 -1984 384 ) 
4 47 48 (4064 -1984 1536 ) (4064 -1984 1568 ) (4064 0 1568 ) (4064 0 1536 ) 
4 48 105 (4064 -1984 1536 ) (4064 -1984 1568 ) (1280 -1984 1568 ) (1280 -1984 1536 ) 
4 48 76 (1280 -1024 1536 ) (1280 -1984 1536 ) (1280 -1984 1568 ) (1280 -1024 1568 ) 
4 48 50 (1280 0 1568 ) (1280 0 1536 ) (1280 -1024 1536 ) (1280 -1024 1568 ) 
4 49 106 (4064 -1984 0 ) (4064 -1984 1536 ) (1280 -1984 1536 ) (1280 -1984 0 ) 
4 49 80 (1280 -1920 0 ) (1280 -1984 0 ) (1280 -1984 96 ) (1280 -1920 96 ) 
4 49 79 (1280 -1920 64 ) (1280 -1920 96 ) (1280 -1792 96 ) (1280 -1792 64 ) 
4 49 78 (1280 -1024 0 ) (1280 -1792 0 ) (1280 -1792 96 ) (1280 -1024 96 ) 
4 49 77 (1280 -1984 96 ) (1280 -1984 1536 ) (1280 -1024 1536 ) (1280 -1024 96 ) 
4 49 61 (1280 -960 0 ) (1280 -1024 0 ) (1280 -1024 96 ) (1280 -960 96 ) 
4 49 60 (1280 -576 0 ) (1280 -832 0 ) (1280 -832 96 ) (1280 -576 96 ) 
4 49 52 (1280 0 96 ) (1280 0 0 ) (1280 -576 0 ) (1280 -576 96 ) 
4 49 51 (1280 0 1536 ) (1280 0 96 ) (1280 -1024 96 ) (1280 -1024 1536 ) 
4 50 145 (-48 -528 1536 ) (-48 -1024 1536 ) (-48 -1024 1568 ) (-48 -528 1568 ) 
4 50 138 (-48 0 1568 ) (-48 0 1536 ) (-48 -528 1536 ) (-48 -528 1568 ) 
4 50 76 (1280 -1024 1536 ) (1280 -1024 1568 ) (-48 -1024 1568 ) (-48 -1024 1536 ) 
4 51 146 (-48 -528 96 ) (-48 -1024 96 ) (-48 -1024 1536 ) (-48 -528 1536 ) 
4 51 139 (-48 0 1536 ) (-48 0 96 ) (-48 -528 96 ) (-48 -528 1536 ) 
4 51 77 (1280 -1024 96 ) (1280 -1024 1536 ) (-48 -1024 1536 ) (-48 -1024 96 ) 
4 51 75 (-48 -1024 96 ) (-48 -960 96 ) (640 -960 96 ) (640 -1024 96 ) 
4 51 74 (-48 -960 96 ) (-48 -832 96 ) (512 -832 96 ) (512 -960 96 ) 
4 51 73 (-48 -832 96 ) (-48 -768 96 ) (640 -768 96 ) (640 -832 96 ) 
4 51 72 (-48 -768 96 ) (-48 -640 96 ) (512 -640 96 ) (512 -768 96 ) 
4 51 71 (-48 -640 96 ) (-48 -576 96 ) (640 -576 96 ) (640 -640 96 ) 
4 51 70 (-48 -576 96 ) (-48 -448 96 ) (512 -448 96 ) (512 -576 96 ) 
4 51 69 (-48 -448 96 ) (-48 -384 96 ) (640 -384 96 ) (640 -448 96 ) 
4 51 68 (-48 -384 96 ) (-48 -256 96 ) (512 -256 96 ) (512 -384 96 ) 
4 51 67 (-48 -256 96 ) (-48 -192 96 ) (640 -192 96 ) (640 -256 96 ) 
4 51 66 (-48 -192 96 ) (-48 -64 96 ) (512 -64 96 ) (512 -192 96 ) 
4 51 65 (-48 -64 96 ) (-48 0 96 ) (640 0 96 ) (640 -64 96 ) 
4 51 64 (1024 -1024 96 ) (640 -1024 96 ) (640 -576 96 ) (1024 -576 96 ) 
4 51 63 (1152 -1024 96 ) (1024 -1024 96 ) (1024 -768 96 ) (1152 -768 96 ) 
4 51 62 (1024 -640 96 ) (1024 -576 96 ) (1152 -576 96 ) (1152 -640 96 ) 
4 51 61 (1280 -960 96 ) (1280 -1024 96 ) (1152 -1024 96 ) (1152 -960 96 ) 
4 51 60 (1280 -576 96 ) (1280 -832 96 ) (1152 -832 96 ) (1152 -576 96 ) 
4 51 59 (896 -576 96 ) (640 -576 96 ) (640 -384 96 ) (896 -384 96 ) 
4 51 58 (640 -384 96 ) (640 -256 96 ) (768 -256 96 ) (768 -384 96 ) 
4 51 57 (1024 -256 96 ) (1024 -448 96 ) (896 -448 96 ) (896 -256 96 ) 
4 51 56 (832 -192 96 ) (832 -256 96 ) (640 -256 96 ) (640 -192 96 ) 
4 51 55 (704 -192 96 ) (640 -192 96 ) (640 -64 96 ) (704 -64 96 ) 
4 51 54 (640 0 96 ) (832 0 96 ) (832 -64 96 ) (640 -64 96 ) 
4 51 53 (832 0 96 ) (1024 0 96 ) (1024 -256 96 ) (832 -256 96 ) 
4 51 52 (1024 0 96 ) (1280 0 96 ) (1280 -576 96 ) (1024 -576 96 ) 
4 52 62 (1152 -576 96 ) (1024 -576 96 ) (1024 -576 0 ) (1152 -576 0 ) 
4 52 60 (1280 -576 0 ) (1280 -576 96 ) (1152 -576 96 ) (1152 -576 0 ) 
4 52 57 (1024 -448 96 ) (1024 -256 96 ) (1024 -256 0 ) (1024 -448 0 ) 
4 52 53 (1024 -256 96 ) (1024 0 96 ) (1024 0 0 ) (1024 -256 0 ) 
4 53 57 (1024 -256 0 ) (1024 -256 96 ) (896 -256 96 ) (896 -256 0 ) 
4 53 56 (832 -256 0 ) (832 -256 96 ) (832 -192 96 ) (832 -192 0 ) 
4 53 54 (832 -64 96 ) (832 0 96 ) (832 0 0 ) (832 -64 0 ) 
4 54 65 (640 -64 0 ) (640 -64 96 ) (640 0 96 ) (640 0 0 ) 
4 54 55 (704 -64 96 ) (640 -64 96 ) (640 -64 0 ) (704 -64 0 ) 
4 55 56 (640 -192 96 ) (640 -192 0 ) (704 -192 0 ) (704 -192 96 ) 
4 56 67 (640 -256 0 ) (640 -256 96 ) (640 -192 96 ) (640 -192 0 ) 
4 56 58 (768 -256 96 ) (640 -256 96 ) (640 -256 0 ) (768 -256 0 ) 
4 57 59 (896 -384 0 ) (896 -448 0 ) (896 -448 96 ) (896 -384 96 ) 
4 58 59 (768 -384 0 ) (768 -384 96 ) (640 -384 96 ) (640 -384 0 ) 
4 59 69 (640 -448 96 ) (640 -384 96 ) (640 -384 0 ) (640 -448 0 ) 
4 59 64 (896 -576 0 ) (896 -576 96 ) (640 -576 96 ) (640 -576 0 ) 
4 60 63 (1152 -832 0 ) (1152 -832 96 ) (1152 -768 96 ) (1152 -768 0 ) 
4 60 62 (1152 -640 96 ) (1152 -576 96 ) (1152 -576 0 ) (1152 -640 0 ) 
4 61 78 (1280 -1024 0 ) (1280 -1024 96 ) (1152 -1024 96 ) (1152 -1024 0 ) 
4 61 63 (1152 -1024 0 ) (1152 -1024 96 ) (1152 -960 96 ) (1152 -960 0 ) 
4 62 64 (1024 -576 96 ) (1024 -576 0 ) (1024 -640 0 ) (1024 -640 96 ) 
4 63 81 (1152 -1024 0 ) (1152 -1024 96 ) (1024 -1024 96 ) (1024 -1024 0 ) 
4 63 64 (1024 -1024 0 ) (1024 -1024 96 ) (1024 -768 96 ) (1024 -768 0 ) 
4 64 88 (704 -1024 96 ) (640 -1024 96 ) (640 -1024 0 ) (704 -1024 0 ) 
4 64 87 (832 -1024 96 ) (704 -1024 96 ) (704 -1024 64 ) (832 -1024 64 ) 
4 64 86 (896 -1024 96 ) (832 -1024 96 ) (832 -1024 0 ) (896 -1024 0 ) 
4 64 84 (1024 -1024 0 ) (1024 -1024 96 ) (896 -1024 96 ) (896 -1024 0 ) 
4 64 75 (640 -1024 0 ) (640 -1024 96 ) (640 -960 96 ) (640 -960 0 ) 
4 64 73 (640 -832 96 ) (640 -768 96 ) (640 -768 0 ) (640 -832 0 ) 
4 64 71 (640 -640 96 ) (640 -576 96 ) (640 -576 0 ) (640 -640 0 ) 
4 65 140 (-48 0 64 ) (-48 0 0 ) (-48 -32 0 ) (-48 -32 64 ) 
4 65 139 (-48 0 96 ) (-48 0 64 ) (-48 -64 64 ) (-48 -64 96 ) 
4 65 66 (-48 -64 96 ) (-48 -64 0 ) (320 -64 0 ) (512 -64 96 ) 
3 66 141 (-48 -192 40 ) (-48 -192 64 ) (-48 -144 64 ) 
4 66 139 (-48 -192 64 ) (-48 -192 96 ) (-48 -64 96 ) (-48 -64 64 ) 
4 66 67 (512 -192 96 ) (-48 -192 96 ) (-48 -192 0 ) (320 -192 0 ) 
5 67 141 (-48 -256 16 ) (-48 -256 64 ) (-48 -192 64 ) (-48 -192 40 ) (-48 -240 16 ) 
4 67 139 (-48 -256 64 ) (-48 -256 96 ) (-48 -192 96 ) (-48 -192 64 ) 
4 67 68 (512 -256 96 ) (-48 -256 96 ) (-48 -256 0 ) (320 -256 0 ) 
4 68 141 (-48 -384 16 ) (-48 -384 64 ) (-48 -256 64 ) (-48 -256 16 ) 
4 68 139 (-48 -384 64 ) (-48 -384 96 ) (-48 -256 96 ) (-48 -256 64 ) 
4 68 69 (512 -384 96 ) (-48 -384 96 ) (-48 -384 0 ) (320 -384 0 ) 
4 69 141 (-48 -448 16 ) (-48 -448 64 ) (-48 -384 64 ) (-48 -384 16 ) 
4 69 139 (-48 -448 64 ) (-48 -448 96 ) (-48 -384 96 ) (-48 -384 64 ) 
4 69 70 (-48 -448 96 ) (-48 -448 0 ) (320 -448 0 ) (512 -448 96 ) 
4 70 146 (-48 -576 0 ) (-48 -576 96 ) (-48 -528 96 ) (-48 -528 0 ) 
4 70 141 (-48 -448 64 ) (-48 -448 16 ) (-48 -528 16 ) (-48 -528 64 ) 
4 70 139 (-48 -528 96 ) (-48 -448 96 ) (-48 -448 64 ) (-48 -528 64 ) 
4 70 71 (-48 -576 96 ) (-48 -576 0 ) (320 -576 0 ) (512 -576 96 ) 
4 71 146 (-48 -640 0 ) (-48 -640 96 ) (-48 -576 96 ) (-48 -576 0 ) 
4 71 72 (-48 -640 96 ) (-48 -640 0 ) (320 -640 0 ) (512 -640 96 ) 
4 72 146 (-48 -768 0 ) (-48 -768 96 ) (-48 -640 96 ) (-48 -640 0 ) 
4 72 73 (512 -768 96 ) (-48 -768 96 ) (-48 -768 0 ) (320 -768 0 ) 
4 73 146 (-48 -832 0 ) (-48 -832 96 ) (-48 -768 96 ) (-48 -768 0 ) 
4 73 74 (-48 -832 96 ) (-48 -832 0 ) (320 -832 0 ) (512 -832 96 ) 
4 74 146 (-48 -960 0 ) (-48 -960 96 ) (-48 -832 96 ) (-48 -832 0 ) 
4 74 75 (512 -960 96 ) (-48 -960 96 ) (-48 -960 0 ) (320 -960 0 ) 
4 75 146 (-48 -1024 0 ) (-48 -1024 96 ) (-48 -960 96 ) (-48 -960 0 ) 
4 75 94 (512 -1024 96 ) (-48 -1024 96 ) (-48 -1024 0 ) (320 -1024 0 ) 
4 76 145 (-48 -1984 1536 ) (-48 -1984 1568 ) (-48 -1024 1568 ) (-48 -1024 1536 ) 
4 76 108 (1280 -1984 1536 ) (1280 -1984 1568 ) (-48 -1984 1568 ) (-48 -1984 1536 ) 
4 77 146 (-48 -1984 96 ) (-48 -1984 1536 ) (-48 -1024 1536 ) (-48 -1024 96 ) 
4 77 109 (1280 -1984 96 ) (1280 -1984 1536 ) (-48 -1984 1536 ) (-48 -1984 96 ) 
4 77 103 (640 -1984 96 ) (-48 -1984 96 ) (-48 -1920 96 ) (640 -1920 96 ) 
4 77 102 (-48 -1920 96 ) (-48 -1792 96 ) (512 -1792 96 ) (512 -1920 96 ) 
4 77 101 (-48 -1792 96 ) (-48 -1728 96 ) (640 -1728 96 ) (640 -1792 96 ) 
4 77 100 (-48 -1728 96 ) (-48 -1600 96 ) (512 -1600 96 ) (512 -1728 96 ) 
4 77 99 (-48 -1600 96 ) (-48 -1536 96 ) (640 -1536 96 ) (640 -1600 96 ) 
4 77 98 (-48 -1536 96 ) (-48 -1408 96 ) (512 -1408 96 ) (512 -1536 96 ) 
4 77 97 (-48 -1408 96 ) (-48 -1344 96 ) (640 -1344 96 ) (640 -1408 96 ) 
4 77 96 (-48 -1344 96 ) (-48 -1216 96 ) (512 -1216 96 ) (512 -1344 96 ) 
4 77 95 (-48 -1216 96 ) (-48 -1152 96 ) (640 -1152 96 ) (640 -1216 96 ) 
4 77 94 (-48 -1152 96 ) (-48 -1024 96 ) (512 -1024 96 ) (512 -1152 96 ) 
4 77 93 (1024 -1984 96 ) (640 -1984 96 ) (640 -1536 96 ) (1024 -1536 96 ) 
4 77 92 (640 -1536 96 ) (640 -1344 96 ) (896 -1344 96 ) (896 -1536 96 ) 
4 77 91 (640 -1344 96 ) (640 -1216 96 ) (768 -1216 96 ) (768 -1344 96 ) 
4 77 90 (768 -1216 96 ) (896 -1216 96 ) (896 -1344 96 ) (768 -1344 96 ) 
4 77 89 (640 -1216 96 ) (640 -1152 96 ) (832 -1152 96 ) (832 -1216 96 ) 
4 77 88 (640 -1152 96 ) (640 -1024 96 ) (704 -1024 96 ) (704 -1152 96 ) 
4 77 87 (704 -1024 96 ) (832 -1024 96 ) (832 -1152 96 ) (704 -1152 96 ) 
4 77 86 (832 -1024 96 ) (896 -1024 96 ) (896 -1216 96 ) (832 -1216 96 ) 
4 77 85 (1024 -1408 96 ) (1024 -1536 96 ) (896 -1536 96 ) (896 -1408 96 ) 
4 77 84 (896 -1024 96 ) (1024 -1024 96 ) (1024 -1408 96 ) (896 -1408 96 ) 
4 77 83 (1152 -1984 96 ) (1024 -1984 96 ) (1024 -1728 96 ) (1152 -1728 96 ) 
4 77 82 (1024 -1728 96 ) (1024 -1600 96 ) (1152 -1600 96 ) (1152 -1728 96 ) 
4 77 81 (1024 -1600 96 ) (1024 -1024 96 ) (1152 -1024 96 ) (1152 -1600 96 ) 
4 77 80 (1280 -1984 96 ) (1152 -1984 96 ) (1152 -1920 96 ) (1280 -1920 96 ) 
4 77 79 (1152 -1920 96 ) (1152 -1792 96 ) (1280 -1792 96 ) (1280 -1920 96 ) 
4 77 78 (1152 -1792 96 ) (1152 -1024 96 ) (1280 -1024 96 ) (1280 -1792 96 ) 
4 78 83 (1152 -1792 0 ) (1152 -1792 96 ) (1152 -1728 96 ) (1152 -1728 0 ) 
4 78 82 (1152 -1728 96 ) (1152 -1600 96 ) (1152 -1600 64 ) (1152 -1728 64 ) 
4 78 81 (1152 -1600 96 ) (1152 -1024 96 ) (1152 -1024 0 ) (1152 -1600 0 ) 
4 78 79 (1280 -1792 64 ) (1280 -1792 96 ) (1152 -1792 96 ) (1152 -1792 64 ) 
4 79 83 (1152 -1920 64 ) (1152 -1920 96 ) (1152 -1792 96 ) (1152 -1792 64 ) 
4 79 80 (1152 -1920 96 ) (1152 -1920 64 ) (1280 -1920 64 ) (1280 -1920 96 ) 
4 80 110 (1280 -1984 0 ) (1280 -1984 96 ) (1152 -1984 96 ) (1152 -1984 0 ) 
4 80 83 (1152 -1984 0 ) (1152 -1984 96 ) (1152 -1920 96 ) (1152 -1920 0 ) 
4 81 93 (1024 -1536 0 ) (1024 -1600 0 ) (1024 -1600 96 ) (1024 -1536 96 ) 
4 81 85 (1024 -1536 64 ) (1024 -1536 96 ) (1024 -1408 96 ) (1024 -1408 64 ) 
4 81 84 (1024 -1024 96 ) (1024 -1024 0 ) (1024 -1408 0 ) (1024 -1408 96 ) 
4 81 82 (1024 -1600 96 ) (1024 -1600 64 ) (1152 -1600 64 ) (1152 -1600 96 ) 
4 82 93 (1024 -1728 64 ) (1024 -1728 96 ) (1024 -1600 96 ) (1024 -1600 64 ) 
4 82 83 (1152 -1728 64 ) (1152 -1728 96 ) (1024 -1728 96 ) (1024 -1728 64 ) 
4 83 112 (1152 -1984 0 ) (1152 -1984 96 ) (1024 -1984 96 ) (1024 -1984 0 ) 
4 83 93 (1024 -1984 0 ) (1024 -1984 96 ) (1024 -1728 96 ) (1024 -1728 0 ) 
4 84 92 (896 -1344 0 ) (896 -1408 0 ) (896 -1408 96 ) (896 -1344 96 ) 
4 84 90 (896 -1344 64 ) (896 -1344 96 ) (896 -1216 96 ) (896 -1216 64 ) 
4 84 86 (896 -1024 96 ) (896 -1024 0 ) (896 -1216 0 ) (896 -1216 96 ) 
4 84 85 (1024 -1408 64 ) (1024 -1408 96 ) (896 -1408 96 ) (896 -1408 64 ) 
4 85 93 (1024 -1536 64 ) (1024 -1536 96 ) (896 -1536 96 ) (896 -1536 64 ) 
4 85 92 (896 -1536 64 ) (896 -1536 96 ) (896 -1408 96 ) (896 -1408 64 ) 
4 86 90 (896 -1216 64 ) (896 -1216 96 ) (832 -1216 96 ) (832 -1216 64 ) 
4 86 89 (832 -1216 0 ) (832 -1216 96 ) (832 -1152 96 ) (832 -1152 0 ) 
4 86 87 (832 -1152 96 ) (832 -1024 96 ) (832 -1024 64 ) (832 -1152 64 ) 
4 87 89 (832 -1152 64 ) (832 -1152 96 ) (704 -1152 96 ) (704 -1152 64 ) 
4 87 88 (704 -1152 64 ) (704 -1152 96 ) (704 -1024 96 ) (704 -1024 64 ) 
4 88 89 (704 -1152 0 ) (704 -1152 96 ) (640 -1152 96 ) (640 -1152 0 ) 
4 89 95 (640 -1216 0 ) (640 -1216 96 ) (640 -1152 96 ) (640 -1152 0 ) 
4 89 91 (768 -1216 96 ) (640 -1216 96 ) (640 -1216 0 ) (768 -1216 0 ) 
4 89 90 (832 -1216 64 ) (832 -1216 96 ) (768 -1216 96 ) (768 -1216 64 ) 
4 90 92 (896 -1344 64 ) (896 -1344 96 ) (768 -1344 96 ) (768 -1344 64 ) 
4 90 91 (768 -1216 96 ) (768 -1216 64 ) (768 -1344 64 ) (768 -1344 96 ) 
4 91 92 (640 -1344 96 ) (640 -1344 0 ) (768 -1344 0 ) (768 -1344 96 ) 
4 92 97 (640 -1408 96 ) (640 -1344 96 ) (640 -1344 0 ) (640 -1408 0 ) 
4 92 93 (640 -1536 96 ) (640 -1536 0 ) (896 -1536 0 ) (896 -1536 96 ) 
4 93 117 (704 -1984 96 ) (640 -1984 96 ) (640 -1984 0 ) (704 -1984 0 ) 
4 93 116 (832 -1984 96 ) (704 -1984 96 ) (704 -1984 32 ) (832 -1984 32 ) 
4 93 115 (1024 -1984 0 ) (1024 -1984 96 ) (832 -1984 96 ) (832 -1984 0 ) 
4 93 103 (640 -1984 0 ) (640 -1984 96 ) (640 -1920 96 ) (640 -1920 0 ) 
4 93 101 (640 -1792 96 ) (640 -1728 96 ) (640 -1728 0 ) (640 -1792 0 ) 
4 93 99 (640 -1600 96 ) (640 -1536 96 ) (640 -1536 0 ) (640 -1600 0 ) 
4 94 146 (-48 -1152 0 ) (-48 -1152 96 ) (-48 -1024 96 ) (-48 -1024 0 ) 
4 94 95 (-48 -1152 96 ) (-48 -1152 0 ) (320 -1152 0 ) (512 -1152 96 ) 
4 95 146 (-48 -1216 0 ) (-48 -1216 96 ) (-48 -1152 96 ) (-48 -1152 0 ) 
4 95 96 (512 -1216 96 ) (-48 -1216 96 ) (-48 -1216 0 ) (320 -1216 0 ) 
4 96 146 (-48 -1344 0 ) (-48 -1344 96 ) (-48 -1216 96 ) (-48 -1216 0 ) 
4 96 97 (512 -1344 96 ) (-48 -1344 96 ) (-48 -1344 0 ) (320 -1344 0 ) 
4 97 146 (-48 -1408 0 ) (-48 -1408 96 ) (-48 -1344 96 ) (-48 -1344 0 ) 
4 97 98 (-48 -1408 96 ) (-48 -1408 0 ) (320 -1408 0 ) (512 -1408 96 ) 
4 98 146 (-48 -1536 0 ) (-48 -1536 96 ) (-48 -1408 96 ) (-48 -1408 0 ) 
4 98 99 (-48 -1536 96 ) (-48 -1536 0 ) (320 -1536 0 ) (512 -1536 96 ) 
4 99 146 (-48 -1600 0 ) (-48 -1600 96 ) (-48 -1536 96 ) (-48 -1536 0 ) 
4 99 100 (-48 -1600 96 ) (-48 -1600 0 ) (320 -1600 0 ) (512 -1600 96 ) 
4 100 146 (-48 -1728 0 ) (-48 -1728 96 ) (-48 -1600 96 ) (-48 -1600 0 ) 
4 100 101 (512 -1728 96 ) (-48 -1728 96 ) (-48 -1728 0 ) (320 -1728 0 ) 
4 101 146 (-48 -1792 0 ) (-48 -1792 96 ) (-48 -1728 96 ) (-48 -1728 0 ) 
4 101 102 (512 -1792 96 ) (-48 -1792 96 ) (-48 -1792 0 ) (320 -1792 0 ) 
4 102 146 (-48 -1920 0 ) (-48 -1920 96 ) (-48 -1792 96 ) (-48 -1792 0 ) 
4 102 103 (-48 -1920 96 ) (-48 -1920 0 ) (320 -1920 0 ) (512 -1920 96 ) 
4 103 146 (-48 -1984 0 ) (-48 -1984 96 ) (-48 -1920 96 ) (-48 -1920 0 ) 
4 103 125 (512 -1984 96 ) (-48 -1984 96 ) (-48 -1984 0 ) (320 -1984 0 ) 
4 104 107 (4064 -4096 384 ) (4064 -4096 1568 ) (4064 -4064 1568 ) (4064 -4064 384 ) 
4 104 105 (4064 -4064 1568 ) (4064 -1984 1568 ) (4064 -1984 1536 ) (4064 -4064 1536 ) 
4 105 134 (1280 -2880 1536 ) (1280 -4064 1536 ) (1280 -4064 1568 ) (1280 -2880 1568 ) 
4 105 108 (1280 -1984 1568 ) (1280 -1984 1536 ) (1280 -2880 1536 ) (1280 -2880 1568 ) 
4 105 107 (1280 -4064 1568 ) (1280 -4064 1536 ) (4064 -4064 1536 ) (4064 -4064 1568 ) 
4 106 137 (1280 -2880 0 ) (1280 -4064 0 ) (1280 -4064 384 ) (1280 -2880 384 ) 
4 106 135 (1280 -4064 384 ) (1280 -4064 1536 ) (1280 -2880 1536 ) (1280 -2880 384 ) 
4 106 111 (1280 -2880 32 ) (1280 -2880 96 ) (1280 -2752 96 ) (1280 -2752 32 ) 
4 106 110 (1280 -1984 96 ) (1280 -1984 0 ) (1280 -2752 0 ) (1280 -2752 96 ) 
4 106 109 (1280 -1984 1536 ) (1280 -1984 96 ) (1280 -2880 96 ) (1280 -2880 1536 ) 
4 107 136 (1280 -4096 1568 ) (1280 -4064 1568 ) (1280 -4064 384 ) (1280 -4096 384 ) 
4 108 145 (-48 -2880 1536 ) (-48 -2880 1568 ) (-48 -1984 1568 ) (-48 -1984 1536 ) 
4 108 134 (1280 -2880 1536 ) (1280 -2880 1568 ) (-48 -2880 1568 ) (-48 -2880 1536 ) 
4 109 146 (-48 -2880 96 ) (-48 -2880 1536 ) (-48 -1984 1536 ) (-48 -1984 96 ) 
4 109 137 (1280 -2880 96 ) (1280 -2880 384 ) (-48 -2880 384 ) (-48 -2880 96 ) 
4 109 135 (1280 -2880 384 ) (1280 -2880 1536 ) (-48 -2880 1536 ) (-48 -2880 384 ) 
4 109 133 (-48 -2880 96 ) (-48 -2752 96 ) (512 -2752 96 ) (512 -2880 96 ) 
4 109 132 (-48 -2752 96 ) (-48 -2688 96 ) (640 -2688 96 ) (640 -2752 96 ) 
4 109 131 (-48 -2688 96 ) (-48 -2560 96 ) (512 -2560 96 ) (512 -2688 96 ) 
4 109 130 (-48 -2560 96 ) (-48 -2496 96 ) (640 -2496 96 ) (640 -2560 96 ) 
4 109 129 (-48 -2496 96 ) (-48 -2368 96 ) (512 -2368 96 ) (512 -2496 96 ) 
4 109 128 (-48 -2368 96 ) (-48 -2304 96 ) (640 -2304 96 ) (640 -2368 96 ) 
4 109 127 (-48 -2304 96 ) (-48 -2176 96 ) (512 -2176 96 ) (512 -2304 96 ) 
4 109 126 (-48 -2176 96 ) (-48 -2112 96 ) (640 -2112 96 ) (640 -2176 96 ) 
4 109 125 (-48 -2112 96 ) (-48 -1984 96 ) (512 -1984 96 ) (512 -2112 96 ) 
4 109 124 (1024 -2496 96 ) (1024 -2880 96 ) (640 -2880 96 ) (640 -2496 96 ) 
4 109 123 (896 -2496 96 ) (640 -2496 96 ) (640 -2304 96 ) (896 -2304 96 ) 
4 109 122 (640 -2304 96 ) (640 -2176 96 ) (768 -2176 96 ) (768 -2304 96 ) 
4 109 121 (768 -2176 96 ) (896 -2176 96 ) (896 -2304 96 ) (768 -2304 96 ) 
4 109 120 (1024 -2368 96 ) (1024 -2496 96 ) (896 -2496 96 ) (896 -2368 96 ) 
4 109 119 (1024 -2176 96 ) (1024 -2368 96 ) (896 -2368 96 ) (896 -2176 96 ) 
4 109 118 (832 -2112 96 ) (832 -2176 96 ) (640 -2176 96 ) (640 -2112 96 ) 
4 109 117 (640 -1984 96 ) (704 -1984 96 ) (704 -2112 96 ) (640 -2112 96 ) 
4 109 116 (704 -1984 96 ) (832 -1984 96 ) (832 -2112 96 ) (704 -2112 96 ) 
4 109 115 (832 -1984 96 ) (1024 -1984 96 ) (1024 -2176 96 ) (832 -2176 96 ) 
4 109 114 (1152 -2688 96 ) (1152 -2880 96 ) (1024 -2880 96 ) (1024 -2688 96 ) 
4 109 113 (1152 -2560 96 ) (1152 -2688 96 ) (1024 -2688 96 ) (1024 -2560 96 ) 
4 109 112 (1024 -1984 96 ) (1152 -1984 96 ) (1152 -2560 96 ) (1024 -2560 96 ) 
4 109 111 (1280 -2752 96 ) (1280 -2880 96 ) (1152 -2880 96 ) (1152 -2752 96 ) 
4 109 110 (1152 -1984 96 ) (1280 -1984 96 ) (1280 -2752 96 ) (1152 -2752 96 ) 
4 110 114 (1152 -2752 0 ) (1152 -2752 96 ) (1152 -2688 96 ) (1152 -2688 0 ) 
4 110 113 (1152 -2688 96 ) (1152 -2560 96 ) (1152 -2560 32 ) (1152 -2688 32 ) 
4 110 112 (1152 -2560 96 ) (1152 -1984 96 ) (1152 -1984 0 ) (1152 -2560 0 ) 
4 110 111 (1280 -2752 32 ) (1280 -2752 96 ) (1152 -2752 96 ) (1152 -2752 32 ) 
4 111 137 (1280 -2880 32 ) (1280 -2880 96 ) (1152 -2880 96 ) (1152 -2880 32 ) 
4 111 114 (1152 -2880 32 ) (1152 -2880 96 ) (1152 -2752 96 ) (1152 -2752 32 ) 
4 112 124 (1024 -2496 0 ) (1024 -2560 0 ) (1024 -2560 96 ) (1024 -2496 96 ) 
4 112 120 (1024 -2496 32 ) (1024 -2496 96 ) (1024 -2368 96 ) (1024 -2368 32 ) 
4 112 119 (1024 -2176 0 ) (1024 -2368 0 ) (1024 -2368 96 ) (1024 -2176 96 ) 
4 112 115 (1024 -1984 96 ) (1024 -1984 0 ) (1024 -2176 0 ) (1024 -2176 96 ) 
4 112 113 (1024 -2560 96 ) (1024 -2560 32 ) (1152 -2560 32 ) (1152 -2560 96 ) 
4 113 124 (1024 -2688 32 ) (1024 -2688 96 ) (1024 -2560 96 ) (1024 -2560 32 ) 
4 113 114 (1152 -2688 32 ) (1152 -2688 96 ) (1024 -2688 96 ) (1024 -2688 32 ) 
4 114 137 (1152 -2880 0 ) (1152 -2880 96 ) (1024 -2880 96 ) (1024 -2880 0 ) 
4 114 124 (1024 -2880 0 ) (1024 -2880 96 ) (1024 -2688 96 ) (1024 -2688 0 ) 
4 115 121 (896 -2176 96 ) (832 -2176 96 ) (832 -2176 32 ) (896 -2176 32 ) 
4 115 119 (1024 -2176 0 ) (1024 -2176 96 ) (896 -2176 96 ) (896 -2176 0 ) 
4 115 118 (832 -2176 0 ) (832 -2176 96 ) (832 -2112 96 ) (832 -2112 0 ) 
4 115 116 (832 -2112 96 ) (832 -1984 96 ) (832 -1984 32 ) (832 -2112 32 ) 
4 116 118 (832 -2112 32 ) (832 -2112 96 ) (704 -2112 96 ) (704 -2112 32 ) 
4 116 117 (704 -2112 32 ) (704 -2112 96 ) (704 -1984 96 ) (704 -1984 32 ) 
4 117 118 (704 -2112 0 ) (704 -2112 96 ) (640 -2112 96 ) (640 -2112 0 ) 
4 118 126 (640 -2176 0 ) (640 -2176 96 ) (640 -2112 96 ) (640 -2112 0 ) 
4 118 122 (768 -2176 96 ) (640 -2176 96 ) (640 -2176 0 ) (768 -2176 0 ) 
4 118 121 (832 -2176 32 ) (832 -2176 96 ) (768 -2176 96 ) (768 -2176 32 ) 
4 119 123 (896 -2304 0 ) (896 -2368 0 ) (896 -2368 96 ) (896 -2304 96 ) 
4 119 121 (896 -2176 96 ) (896 -2176 32 ) (896 -2304 32 ) (896 -2304 96 ) 
4 119 120 (1024 -2368 32 ) (1024 -2368 96 ) (896 -2368 96 ) (896 -2368 32 ) 
4 120 124 (1024 -2496 32 ) (1024 -2496 96 ) (896 -2496 96 ) (896 -2496 32 ) 
4 120 123 (896 -2496 32 ) (896 -2496 96 ) (896 -2368 96 ) (896 -2368 32 ) 
4 121 123 (896 -2304 32 ) (896 -2304 96 ) (768 -2304 96 ) (768 -2304 32 ) 
4 121 122 (768 -2176 96 ) (768 -2176 32 ) (768 -2304 32 ) (768 -2304 96 ) 
4 122 123 (768 -2304 0 ) (768 -2304 96 ) (640 -2304 96 ) (640 -2304 0 ) 
4 123 128 (640 -2368 96 ) (640 -2304 96 ) (640 -2304 0 ) (640 -2368 0 ) 
4 123 124 (640 -2496 96 ) (640 -2496 0 ) (896 -2496 0 ) (896 -2496 96 ) 
4 124 137 (1024 -2880 0 ) (1024 -2880 96 ) (640 -2880 96 ) (640 -2880 0 ) 
4 124 132 (640 -2752 96 ) (640 -2688 96 ) (640 -2688 0 ) (640 -2752 0 ) 
4 124 130 (640 -2560 96 ) (640 -2496 96 ) (640 -2496 0 ) (640 -2560 0 ) 
4 125 146 (-48 -2112 0 ) (-48 -2112 96 ) (-48 -1984 96 ) (-48 -1984 0 ) 
4 125 126 (-48 -2112 96 ) (-48 -2112 0 ) (320 -2112 0 ) (512 -2112 96 ) 
4 126 146 (-48 -2176 0 ) (-48 -2176 96 ) (-48 -2112 96 ) (-48 -2112 0 ) 
4 126 127 (512 -2176 96 ) (-48 -2176 96 ) (-48 -2176 0 ) (320 -2176 0 ) 
4 127 146 (-48 -2304 0 ) (-48 -2304 96 ) (-48 -2176 96 ) (-48 -2176 0 ) 
4 127 128 (-48 -2304 96 ) (-48 -2304 0 ) (320 -2304 0 ) (512 -2304 96 ) 
4 128 146 (-48 -2368 0 ) (-48 -2368 96 ) (-48 -2304 96 ) (-48 -2304 0 ) 
4 128 129 (-48 -2368 96 ) (-48 -2368 0 ) (320 -2368 0 ) (512 -2368 96 ) 
4 129 146 (-48 -2496 0 ) (-48 -2496 96 ) (-48 -2368 96 ) (-48 -2368 0 ) 
4 129 130 (-48 -2496 96 ) (-48 -2496 0 ) (320 -2496 0 ) (512 -2496 96 ) 
4 130 146 (-48 -2560 0 ) (-48 -2560 96 ) (-48 -2496 96 ) (-48 -2496 0 ) 
4 130 131 (512 -2560 96 ) (-48 -2560 96 ) (-48 -2560 0 ) (320 -2560 0 ) 
4 131 146 (-48 -2688 0 ) (-48 -2688 96 ) (-48 -2560 96 ) (-48 -2560 0 ) 
4 131 132 (512 -2688 96 ) (-48 -2688 96 ) (-48 -2688 0 ) (320 -2688 0 ) 
4 132 146 (-48 -2752 0 ) (-48 -2752 96 ) (-48 -2688 96 ) (-48 -2688 0 ) 
4 132 133 (-48 -2752 96 ) (-48 -2752 0 ) (320 -2752 0 ) (512 -2752 96 ) 
4 133 146 (-48 -2880 0 ) (-48 -2880 96 ) (-48 -2752 96 ) (-48 -2752 0 ) 
4 133 137 (512 -2880 96 ) (-48 -2880 96 ) (-48 -2880 0 ) (320 -2880 0 ) 
4 134 145 (-48 -2880 1568 ) (-48 -2880 1536 ) (-48 -4064 1536 ) (-48 -4064 1568 ) 
4 134 136 (1280 -4064 1536 ) (1280 -4064 1568 ) (-48 -4064 1568 ) (-48 -4064 1536 ) 
4 135 146 (-48 -2880 1536 ) (-48 -2880 384 ) (-48 -4064 384 ) (-48 -4064 1536 ) 
4 135 137 (-48 -4064 384 ) (-48 -2880 384 ) (1280 -2880 384 ) (1280 -4064 384 ) 
4 136 147 (-48 -4096 1568 ) (-48 -4064 1568 ) (-48 -4064 384 ) (-48 -4096 384 ) 
4 137 146 (-48 -4064 0 ) (-48 -4064 384 ) (-48 -2880 384 ) (-48 -2880 0 ) 
4 138 145 (-48 -528 1536 ) (-48 -528 1568 ) (-208 -528 1568 ) (-208 -528 1536 ) 
4 138 142 (-208 0 1568 ) (-208 0 1536 ) (-208 -528 1536 ) (-208 -528 1568 ) 
4 139 146 (-48 -528 64 ) (-48 -528 1536 ) (-208 -528 1536 ) (-208 -528 64 ) 
4 139 143 (-208 0 1536 ) (-208 0 64 ) (-208 -528 64 ) (-208 -528 1536 ) 
4 139 141 (-48 -528 64 ) (-208 -528 64 ) (-208 -144 64 ) (-48 -144 64 ) 
4 139 140 (-208 -32 64 ) (-208 0 64 ) (-48 0 64 ) (-48 -32 64 ) 
4 140 143 (-208 0 64 ) (-208 0 0 ) (-208 -32 0 ) (-208 -32 64 ) 
4 141 146 (-48 -528 16 ) (-48 -528 64 ) (-208 -528 64 ) (-208 -528 16 ) 
4 141 143 (-208 -528 16 ) (-208 -528 64 ) (-208 -144 64 ) (-208 -240 16 ) 
4 142 145 (-208 -528 1536 ) (-208 -528 1568 ) (-4064 -528 1568 ) (-4064 -528 1536 ) 
4 142 144 (-4064 -528 1536 ) (-4064 -528 1568 ) (-4064 0 1568 ) (-4064 0 1536 ) 
4 143 146 (-208 -528 0 ) (-208 -528 1536 ) (-4064 -528 1536 ) (-4064 -528 0 ) 
4 144 148 (-4064 -528 384 ) (-4064 -528 1568 ) (-4096 -528 1568 ) (-4096 -528 384 ) 
4 145 148 (-4064 -528 1568 ) (-4064 -528 1536 ) (-4064 -4064 1536 ) (-4064 -4064 1568 ) 
4 145 147 (-48 -4064 1536 ) (-48 -4064 1568 ) (-4064 -4064 1568 ) (-4064 -4064 1536 ) 
4 147 148 (-4064 -4096 1568 ) (-4064 -4064 1568 ) (-4064 -4064 384 ) (-4064 -4096 384 ) 
0 -1
1 -1
2 -1
3 4 5 6 7 8 9 10 -1
11 -1
12 -1
13 14 15 -1
16 -1
17 -1
18 -1
19 -1
20 -1
21 -1
22 -1
23 -1
24 -1
25 -1
26 -1
27 -1
28 -1
29 -1
30 -1
31 -1
32 -1
33 -1
34 -1
35 36 37 38 39 40 41 42 -1
43 -1
44 -1
45 -1
46 -1
47 -1
48 -1
49 -1
50 -1
51 -1
52 -1
53 -1
54 -1
55 -1
56 -1
57 -1
58 -1
59 -1
60 -1
61 -1
62 63 -1
64 -1
65 -1
66 67 68 -1
69 -1
70 -1
71 -1
72 -1
73 -1
74 -1
75 -1
76 -1
77 -1
78 -1
79 -1
80 -1
81 -1
82 -1
83 -1
84 -1
85 -1
86 -1
87 -1
88 -1
89 -1
90 -1
91 -1
92 -1
93 -1
94 -1
95 -1
96 -1
97 -1
98 -1
99 -1
100 -1
101 -1
102 -1
103 -1
104 -1
105 -1
106 -1
107 -1
108 -1
109 -1
110 -1
111 -1
112 -1
113 -1
114 -1
115 -1
116 -1
117 -1
118 -1
119 -1
120 -1
121 -1
122 -1
123 -1
124 -1
125 126 127 128 129 130 131 132 -1
133 -1
134 -1
135 -1
136 -1
137 -1
138 -1
139 -1
140 -1
141 -1
142 -1
143 -1
144 -1
145 -1
146 -1
147 -1
148 -1
149 -1
150 -1
151 -1
152 -1
153 -1
154 -1
155 -1
156 -1
157 -1
158 -1
159 -1
160 -1
161 -1
162 -1
163 164 -1
165 -1
166 -1
167 -1
168 -1
169 -1
170 171 172 -1
173 -1
174 -1
175 176 177 178 179 180 181 182 -1
183 -1
184 -1
