PRT2
196
74
157
4 0 7 (768 -640 32 ) (768 -768 32 ) (768 -768 96 ) (768 -640 96 ) 
4 0 5 (864 -924 32 ) (864 -928 32 ) (800 -928 32 ) (800 -924 32 ) 
4 0 4 (864 -916 32 ) (864 -924 32 ) (800 -924 32 ) (800 -916 32 ) 
4 0 3 (864 -488 32 ) (864 -916 32 ) (800 -916 32 ) (800 -488 32 ) 
4 0 2 (800 -480 32 ) (864 -480 32 ) (864 -488 32 ) (800 -488 32 ) 
4 0 6 (768 -480 32 ) (800 -480 32 ) (800 -928 32 ) (768 -928 32 ) 
4 0 1 (864 -480 32 ) (896 -480 32 ) (896 -928 32 ) (864 -928 32 ) 
4 1 5 (864 -928 -48 ) (864 -928 32 ) (864 -924 32 ) (864 -924 -48 ) 
4 1 4 (864 -924 32 ) (864 -916 32 ) (864 -916 -48 ) (864 -924 -48 ) 
4 1 3 (864 -916 32 ) (864 -488 32 ) (864 -488 -48 ) (864 -916 -48 ) 
4 1 2 (864 -488 32 ) (864 -480 32 ) (864 -480 -48 ) (864 -488 -48 ) 
4 2 6 (800 -480 32 ) (800 -480 -48 ) (800 -488 -48 ) (800 -488 32 ) 
4 2 3 (800 -488 32 ) (800 -488 -48 ) (864 -488 -48 ) (864 -488 32 ) 
4 3 4 (800 -916 -48 ) (864 -916 -48 ) (864 -916 32 ) (800 -916 32 ) 
4 3 6 (800 -488 -48 ) (800 -916 -48 ) (800 -916 32 ) (800 -488 32 ) 
4 4 6 (800 -916 -48 ) (800 -924 -48 ) (800 -924 32 ) (800 -916 32 ) 
4 4 5 (800 -924 32 ) (800 -924 -48 ) (864 -924 -48 ) (864 -924 32 ) 
4 5 6 (800 -924 -48 ) (800 -928 -48 ) (800 -928 32 ) (800 -924 32 ) 
4 6 7 (768 -640 -48 ) (768 -768 -48 ) (768 -768 32 ) (768 -640 32 ) 
4 7 8 (416 -640 -48 ) (416 -768 -48 ) (416 -768 64 ) (416 -640 64 ) 
4 8 12 (400 -640 64 ) (400 -640 -48 ) (400 -768 -48 ) (400 -768 64 ) 
4 9 18 (272 -928 144 ) (272 -928 160 ) (272 -448 160 ) (272 -448 144 ) 
4 10 19 (272 -896 144 ) (272 -480 144 ) (272 -480 112 ) (272 -896 112 ) 
4 10 12 (272 -896 112 ) (272 -480 112 ) (368 -480 112 ) (368 -896 112 ) 
4 11 20 (272 -480 -48 ) (272 -480 112 ) (272 -448 112 ) (272 -448 -48 ) 
4 11 12 (272 -480 112 ) (272 -480 -48 ) (368 -480 -48 ) (368 -480 112 ) 
4 12 28 (272 -896 -48 ) (272 -896 112 ) (272 -480 112 ) (272 -480 -48 ) 
4 12 15 (272 -896 32 ) (272 -896 -48 ) (336 -896 -48 ) (336 -896 32 ) 
4 12 14 (336 -896 -48 ) (368 -896 -48 ) (368 -896 32 ) (336 -896 32 ) 
4 12 13 (368 -896 112 ) (272 -896 112 ) (272 -896 32 ) (368 -896 32 ) 
4 13 29 (272 -928 32 ) (272 -928 112 ) (272 -896 112 ) (272 -896 32 ) 
4 13 17 (336 -928 32 ) (272 -928 32 ) (272 -924 32 ) (336 -924 32 ) 
4 13 16 (272 -924 32 ) (272 -920 32 ) (336 -920 32 ) (336 -924 32 ) 
4 13 15 (272 -920 32 ) (272 -896 32 ) (336 -896 32 ) (336 -920 32 ) 
4 13 14 (368 -928 32 ) (336 -928 32 ) (336 -896 32 ) (368 -896 32 ) 
4 14 17 (336 -924 -48 ) (336 -928 -48 ) (336 -928 32 ) (336 -924 32 ) 
4 14 16 (336 -920 -48 ) (336 -924 -48 ) (336 -924 32 ) (336 -920 32 ) 
4 14 15 (336 -896 32 ) (336 -896 -48 ) (336 -920 -48 ) (336 -920 32 ) 
4 15 30 (272 -920 32 ) (272 -896 32 ) (272 -896 -48 ) (272 -920 -48 ) 
4 15 16 (272 -920 -48 ) (336 -920 -48 ) (336 -920 32 ) (272 -920 32 ) 
4 16 30 (272 -924 32 ) (272 -920 32 ) (272 -920 -48 ) (272 -924 -48 ) 
4 16 17 (272 -924 32 ) (272 -924 -48 ) (336 -924 -48 ) (336 -924 32 ) 
4 17 30 (272 -928 -48 ) (272 -928 32 ) (272 -924 32 ) (272 -924 -48 ) 
4 19 28 (-336 -896 112 ) (-336 -480 112 ) (272 -480 112 ) (272 -896 112 ) 
4 20 28 (272 -480 -48 ) (272 -480 112 ) (64 -480 112 ) (64 -480 -48 ) 
4 20 22 (64 -464 -48 ) (64 -480 -48 ) (64 -480 48 ) (64 -464 48 ) 
4 20 21 (64 -448 112 ) (64 -448 48 ) (64 -480 48 ) (64 -480 112 ) 
4 21 28 (64 -480 48 ) (64 -480 112 ) (-336 -480 112 ) (-336 -480 48 ) 
4 21 26 (-16 -480 48 ) (-32 -480 48 ) (-32 -464 48 ) (-16 -464 48 ) 
4 21 27 (-32 -480 48 ) (-336 -480 48 ) (-336 -448 48 ) (-32 -448 48 ) 
4 21 23 (48 -480 48 ) (-16 -480 48 ) (-16 -464 48 ) (48 -464 48 ) 
4 21 22 (64 -480 48 ) (48 -480 48 ) (48 -464 48 ) (64 -464 48 ) 
4 22 28 (64 -480 -48 ) (64 -480 48 ) (48 -480 48 ) (48 -480 -48 ) 
4 22 25 (48 -464 -48 ) (48 -480 -48 ) (48 -480 32 ) (48 -464 32 ) 
4 22 23 (48 -480 32 ) (48 -480 48 ) (48 -464 48 ) (48 -464 32 ) 
4 23 28 (48 -480 48 ) (-16 -480 48 ) (-16 -480 32 ) (48 -480 32 ) 
4 23 26 (-16 -464 32 ) (-16 -480 32 ) (-16 -480 48 ) (-16 -464 48 ) 
4 23 25 (48 -464 32 ) (48 -480 32 ) (-16 -480 32 ) (-16 -464 32 ) 
4 24 25 (48 -456 32 ) (-16 -456 32 ) (-16 -456 -48 ) (48 -456 -48 ) 
4 25 28 (-16 -480 32 ) (-16 -480 -48 ) (48 -480 -48 ) (48 -480 32 ) 
4 25 26 (-16 -464 -48 ) (-16 -480 -48 ) (-16 -480 32 ) (-16 -464 32 ) 
4 26 28 (-16 -480 -48 ) (-16 -480 48 ) (-32 -480 48 ) (-32 -480 -48 ) 
4 26 27 (-32 -464 -48 ) (-32 -480 -48 ) (-32 -480 48 ) (-32 -464 48 ) 
4 27 28 (-32 -480 48 ) (-336 -480 48 ) (-336 -480 -48 ) (-32 -480 -48 ) 
4 28 42 (-336 -896 -48 ) (-304 -896 -48 ) (-304 -896 32 ) (-336 -896 32 ) 
4 28 39 (-304 -896 -48 ) (-240 -896 -48 ) (-240 -896 32 ) (-304 -896 32 ) 
4 28 38 (-240 -896 -48 ) (-112 -896 -48 ) (-112 -896 32 ) (-240 -896 32 ) 
4 28 35 (-112 -896 -48 ) (-48 -896 -48 ) (-48 -896 32 ) (-112 -896 32 ) 
4 28 34 (-48 -896 -48 ) (80 -896 -48 ) (80 -896 32 ) (-48 -896 32 ) 
4 28 31 (80 -896 -48 ) (144 -896 -48 ) (144 -896 32 ) (80 -896 32 ) 
4 28 30 (144 -896 -48 ) (272 -896 -48 ) (272 -896 32 ) (144 -896 32 ) 
4 28 29 (272 -896 32 ) (272 -896 112 ) (-336 -896 112 ) (-336 -896 32 ) 
4 29 42 (-304 -928 32 ) (-336 -928 32 ) (-336 -896 32 ) (-304 -896 32 ) 
4 29 41 (-240 -928 32 ) (-304 -928 32 ) (-304 -924 32 ) (-240 -924 32 ) 
4 29 40 (-304 -924 32 ) (-304 -920 32 ) (-240 -920 32 ) (-240 -924 32 ) 
4 29 39 (-304 -920 32 ) (-304 -896 32 ) (-240 -896 32 ) (-240 -920 32 ) 
4 29 38 (-112 -928 32 ) (-240 -928 32 ) (-240 -896 32 ) (-112 -896 32 ) 
4 29 37 (-48 -928 32 ) (-112 -928 32 ) (-112 -924 32 ) (-48 -924 32 ) 
4 29 36 (-112 -924 32 ) (-112 -920 32 ) (-48 -920 32 ) (-48 -924 32 ) 
4 29 35 (-112 -920 32 ) (-112 -896 32 ) (-48 -896 32 ) (-48 -920 32 ) 
4 29 34 (80 -928 32 ) (-48 -928 32 ) (-48 -896 32 ) (80 -896 32 ) 
4 29 33 (144 -928 32 ) (80 -928 32 ) (80 -924 32 ) (144 -924 32 ) 
4 29 32 (80 -924 32 ) (80 -920 32 ) (144 -920 32 ) (144 -924 32 ) 
4 29 31 (80 -920 32 ) (80 -896 32 ) (144 -896 32 ) (144 -920 32 ) 
4 29 30 (272 -928 32 ) (144 -928 32 ) (144 -896 32 ) (272 -896 32 ) 
4 30 33 (144 -928 -48 ) (144 -928 32 ) (144 -924 32 ) (144 -924 -48 ) 
4 30 32 (144 -924 32 ) (144 -920 32 ) (144 -920 -48 ) (144 -924 -48 ) 
4 30 31 (144 -920 32 ) (144 -896 32 ) (144 -896 -48 ) (144 -920 -48 ) 
4 31 34 (80 -920 32 ) (80 -896 32 ) (80 -896 -48 ) (80 -920 -48 ) 
4 31 32 (80 -920 -48 ) (144 -920 -48 ) (144 -920 32 ) (80 -920 32 ) 
4 32 34 (80 -924 32 ) (80 -920 32 ) (80 -920 -48 ) (80 -924 -48 ) 
4 32 33 (80 -924 32 ) (80 -924 -48 ) (144 -924 -48 ) (144 -924 32 ) 
4 33 34 (80 -928 -48 ) (80 -928 32 ) (80 -924 32 ) (80 -924 -48 ) 
4 34 37 (-48 -924 -48 ) (-48 -928 -48 ) (-48 -928 32 ) (-48 -924 32 ) 
4 34 36 (-48 -920 -48 ) (-48 -924 -48 ) (-48 -924 32 ) (-48 -920 32 ) 
4 34 35 (-48 -896 32 ) (-48 -896 -48 ) (-48 -920 -48 ) (-48 -920 32 ) 
4 35 38 (-112 -896 32 ) (-112 -896 -48 ) (-112 -920 -48 ) (-112 -920 32 ) 
4 35 36 (-112 -920 32 ) (-112 -920 -48 ) (-48 -920 -48 ) (-48 -920 32 ) 
4 36 38 (-112 -920 -48 ) (-112 -924 -48 ) (-112 -924 32 ) (-112 -920 32 ) 
4 36 37 (-112 -924 -48 ) (-48 -924 -48 ) (-48 -924 32 ) (-112 -924 32 ) 
4 37 38 (-112 -924 -48 ) (-112 -928 -48 ) (-112 -928 32 ) (-112 -924 32 ) 
4 38 41 (-240 -928 -48 ) (-240 -928 32 ) (-240 -924 32 ) (-240 -924 -48 ) 
4 38 40 (-240 -924 32 ) (-240 -920 32 ) (-240 -920 -48 ) (-240 -924 -48 ) 
4 38 39 (-240 -920 32 ) (-240 -896 32 ) (-240 -896 -48 ) (-240 -920 -48 ) 
4 39 42 (-304 -896 32 ) (-304 -896 -48 ) (-304 -920 -48 ) (-304 -920 32 ) 
4 39 40 (-304 -920 32 ) (-304 -920 -48 ) (-240 -920 -48 ) (-240 -920 32 ) 
4 40 42 (-304 -920 -48 ) (-304 -924 -48 ) (-304 -924 32 ) (-304 -920 32 ) 
4 40 41 (-304 -924 -48 ) (-240 -924 -48 ) (-240 -924 32 ) (-304 -924 32 ) 
4 41 42 (-304 -924 -48 ) (-304 -928 -48 ) (-304 -928 32 ) (-304 -924 32 ) 
4 44 53 (-1408 -928 480 ) (-1408 -928 496 ) (-1408 -416 496 ) (-1408 -416 480 ) 
4 44 48 (-1408 -928 480 ) (-1408 -912 480 ) (-800 -912 480 ) (-800 -928 480 ) 
4 44 46 (-1408 -432 480 ) (-1408 -416 480 ) (-800 -416 480 ) (-800 -432 480 ) 
4 44 45 (-800 -416 480 ) (-784 -416 480 ) (-784 -928 480 ) (-800 -928 480 ) 
4 45 48 (-800 -912 304 ) (-800 -928 304 ) (-800 -928 480 ) (-800 -912 480 ) 
4 45 46 (-800 -416 304 ) (-800 -432 304 ) (-800 -432 480 ) (-800 -416 480 ) 
4 46 54 (-1408 -432 480 ) (-1408 -416 480 ) (-1408 -416 304 ) (-1408 -432 304 ) 
4 47 55 (-1408 -912 480 ) (-1408 -432 480 ) (-1408 -432 304 ) (-1408 -912 304 ) 
4 47 49 (-1408 -880 304 ) (-1408 -464 304 ) (-832 -464 304 ) (-832 -880 304 ) 
4 48 57 (-1408 -928 304 ) (-1408 -928 480 ) (-1408 -912 480 ) (-1408 -912 304 ) 
4 49 60 (-1408 -464 272 ) (-1408 -880 272 ) (-1408 -880 304 ) (-1408 -464 304 ) 
4 49 52 (-1408 -880 272 ) (-1408 -464 272 ) (-832 -464 272 ) (-832 -880 272 ) 
4 50 51 (-808 -464 -16 ) (-808 -880 -16 ) (-808 -880 272 ) (-808 -464 272 ) 
4 51 52 (-832 -880 272 ) (-832 -464 272 ) (-832 -464 -16 ) (-832 -880 -16 ) 
4 52 63 (-1408 -912 -16 ) (-1408 -912 128 ) (-1408 -880 128 ) (-1408 -880 -16 ) 
4 52 62 (-1408 -912 128 ) (-1408 -912 272 ) (-1408 -880 272 ) (-1408 -880 128 ) 
4 52 61 (-1408 -880 272 ) (-1408 -464 272 ) (-1408 -464 -16 ) (-1408 -880 -16 ) 
4 52 59 (-1408 -464 272 ) (-1408 -432 272 ) (-1408 -432 -16 ) (-1408 -464 -16 ) 
4 53 56 (-1680 -912 480 ) (-1680 -432 480 ) (-1664 -432 480 ) (-1664 -912 480 ) 
4 53 54 (-1680 -432 480 ) (-1680 -416 480 ) (-1408 -416 480 ) (-1408 -432 480 ) 
4 53 57 (-1408 -928 480 ) (-1680 -928 480 ) (-1680 -912 480 ) (-1408 -912 480 ) 
4 54 56 (-1680 -432 480 ) (-1680 -432 304 ) (-1664 -432 304 ) (-1664 -432 480 ) 
4 55 60 (-1408 -464 304 ) (-1408 -880 304 ) (-1632 -880 304 ) (-1632 -464 304 ) 
4 56 57 (-1664 -912 480 ) (-1680 -912 480 ) (-1680 -912 304 ) (-1664 -912 304 ) 
4 57 58 (-1664 -928 304 ) (-1408 -928 304 ) (-1408 -928 320 ) (-1664 -928 320 ) 
4 59 61 (-1632 -464 -16 ) (-1408 -464 -16 ) (-1408 -464 272 ) (-1632 -464 272 ) 
4 60 61 (-1408 -880 272 ) (-1632 -880 272 ) (-1632 -464 272 ) (-1408 -464 272 ) 
4 61 65 (-1632 -880 -16 ) (-1600 -880 -16 ) (-1600 -880 272 ) (-1632 -880 272 ) 
4 61 63 (-1472 -880 -16 ) (-1408 -880 -16 ) (-1408 -880 128 ) (-1472 -880 128 ) 
4 61 64 (-1600 -880 -16 ) (-1472 -880 -16 ) (-1472 -880 128 ) (-1600 -880 128 ) 
4 61 62 (-1408 -880 128 ) (-1408 -880 272 ) (-1600 -880 272 ) (-1600 -880 128 ) 
4 62 65 (-1600 -912 272 ) (-1600 -880 272 ) (-1600 -880 128 ) (-1600 -912 128 ) 
4 62 63 (-1472 -880 128 ) (-1408 -880 128 ) (-1408 -912 128 ) (-1472 -912 128 ) 
4 62 64 (-1600 -912 128 ) (-1600 -880 128 ) (-1472 -880 128 ) (-1472 -912 128 ) 
4 63 64 (-1472 -912 128 ) (-1472 -880 128 ) (-1472 -880 -16 ) (-1472 -912 -16 ) 
4 64 66 (-1472 -992 128 ) (-1600 -992 128 ) (-1600 -992 -16 ) (-1472 -992 -16 ) 
4 64 65 (-1600 -912 128 ) (-1600 -880 128 ) (-1600 -880 -16 ) (-1600 -912 -16 ) 
4 66 73 (-1664 -1296 -16 ) (-1664 -1312 -16 ) (-1664 -1312 128 ) (-1664 -1296 128 ) 
4 66 69 (-1664 -1200 -16 ) (-1664 -1296 -16 ) (-1664 -1296 128 ) (-1664 -1200 128 ) 
4 66 68 (-1664 -1184 -16 ) (-1664 -1200 -16 ) (-1664 -1200 128 ) (-1664 -1184 128 ) 
4 66 67 (-1408 -1400 -16 ) (-1408 -1400 304 ) (-1664 -1400 304 ) (-1664 -1400 -16 ) 
4 68 70 (-1984 -1200 128 ) (-1984 -1200 80 ) (-1968 -1200 80 ) (-1968 -1200 128 ) 
4 68 69 (-1968 -1200 -16 ) (-1664 -1200 -16 ) (-1664 -1200 128 ) (-1968 -1200 128 ) 
4 69 73 (-1664 -1296 -16 ) (-1664 -1296 128 ) (-1968 -1296 128 ) (-1968 -1296 -16 ) 
4 69 71 (-1968 -1216 -16 ) (-1968 -1280 -16 ) (-1968 -1280 64 ) (-1968 -1216 64 ) 
4 69 70 (-1968 -1296 80 ) (-1968 -1296 128 ) (-1968 -1200 128 ) (-1968 -1200 80 ) 
4 70 73 (-1968 -1296 128 ) (-1984 -1296 128 ) (-1984 -1296 80 ) (-1968 -1296 80 ) 
4 71 72 (-1976 -1216 64 ) (-1976 -1216 -16 ) (-1976 -1280 -16 ) (-1976 -1280 64 ) 
0 1 2 3 4 5 6 7 8 9 10 11 12 13 14 15 16 17 -1
18 19 20 -1
21 -1
22 -1
23 -1
24 -1
25 26 27 -1
28 -1
29 -1
30 -1
31 -1
32 -1
33 -1
34 35 36 37 38 39 40 41 42 43 44 45 -1
46 47 -1
48 -1
49 -1
50 -1
51 -1
52 -1
53 -1
54 -1
55 -1
56 -1
57 -1
58 -1
59 -1
60 -1
61 -1
62 63 64 65 66 67 68 69 70 71 72 73 74 75 76 77 78 79 80 81 82 83 84 85 86 87 88 89 90 91 92 93 94 95 96 97 98 99 100 101 102 103 104 105 106 107 -1
108 109 110 -1
111 -1
112 -1
113 -1
114 115 116 -1
117 -1
118 -1
119 -1
120 121 122 -1
123 -1
124 -1
125 -1
126 127 -1
128 -1
129 -1
130 -1
131 -1
132 -1
133 -1
134 -1
135 136 137 138 139 140 141 142 143 -1
144 145 146 147 148 149 150 151 152 153 154 155 156 157 158 159 160 161 -1
162 -1
163 -1
164 -1
165 -1
166 -1
167 -1
168 -1
169 -1
170 -1
171 -1
172 -1
173 -1
174 175 176 -1
177 -1
178 179 180 181 182 -1
183 184 185 186 -1
187 -1
188 -1
189 190 191 192 -1
193 -1
194 -1
195 -1
