PRT2
595
288
682
5 0 3 (1216 2432 112 ) (1216 2304 112 ) (1152 2240 112 ) (1024 2240 112 ) (1024 2432 112 ) 
5 0 1 (1024 2688 112 ) (1152 2688 112 ) (1216 2624 112 ) (1216 2432 112 ) (1024 2432 112 ) 
4 1 3 (1216 2432 0 ) (1216 2432 112 ) (1024 2432 112 ) (1024 2432 0 ) 
4 1 2 (1024 2688 112 ) (1024 2688 0 ) (1024 2496 0 ) (1024 2496 112 ) 
4 2 6 (992 2688 112 ) (992 2688 0 ) (992 2496 0 ) (992 2496 112 ) 
4 3 4 (1024 2240 0 ) (1024 2240 112 ) (1024 2432 112 ) (1024 2432 0 ) 
4 4 7 (992 2240 0 ) (992 2240 112 ) (992 2432 112 ) (992 2432 0 ) 
4 5 6 (608 2688 112 ) (992 2688 112 ) (992 2496 112 ) (608 2496 112 ) 
4 6 10 (576 2496 0 ) (576 2496 112 ) (576 2688 112 ) (576 2688 0 ) 
4 7 8 (896 2240 192 ) (704 2240 192 ) (704 2240 0 ) (896 2240 0 ) 
4 8 39 (896 2080 0 ) (896 2080 128 ) (704 2080 128 ) (704 2080 0 ) 
4 8 9 (896 2080 0 ) (704 2080 0 ) (704 2176 0 ) (896 2176 0 ) 
4 9 39 (896 2080 -24 ) (896 2080 0 ) (704 2080 0 ) (704 2080 -24 ) 
4 10 11 (384 2400 128 ) (384 2400 0 ) (384 2208 0 ) (384 2208 128 ) 
4 11 37 (352 2336 0 ) (352 2208 0 ) (352 2208 16 ) (352 2336 16 ) 
4 11 33 (352 2208 16 ) (352 2208 128 ) (352 2336 128 ) (352 2336 16 ) 
4 11 21 (352 2400 0 ) (352 2336 0 ) (352 2336 128 ) (352 2400 128 ) 
4 12 18 (96 2874.181818 384 ) (96 2880 384 ) (96 2880 48 ) (96 2874.181818 48 ) 
4 12 13 (96 2874.181818 384 ) (96 2874.181818 240 ) (176 2816 240 ) (176 2816 384 ) 
4 12 14 (96 2874.181818 240 ) (96 2874.181818 48 ) (176 2816 48 ) (176 2816 240 ) 
4 13 18 (96 2496 384 ) (96 2874.181818 384 ) (96 2874.181818 240 ) (96 2496 240 ) 
5 13 14 (96 2874.181818 240 ) (224 2781.090909 240 ) (224 2560 240 ) (160 2496 240 ) (96 2496 240 ) 
4 14 21 (352 2496 48 ) (352 2496 240 ) (96 2496 240 ) (96 2496 48 ) 
4 14 18 (96 2874.181818 240 ) (96 2874.181818 48 ) (96 2496 48 ) (96 2496 240 ) 
4 14 16 (176 2704 48 ) (176 2528 48 ) (128 2528 48 ) (128 2656 48 ) 
4 14 15 (176 2816 48 ) (352 2688 48 ) (352 2528 48 ) (176 2528 48 ) 
4 14 17 (352 2496 48 ) (96 2496 48 ) (96 2528 48 ) (352 2528 48 ) 
4 15 16 (176 2704 0 ) (176 2528 0 ) (176 2528 48 ) (176 2704 48 ) 
4 15 17 (352 2528 48 ) (176 2528 48 ) (176 2528 0 ) (352 2528 0 ) 
4 16 17 (176 2528 48 ) (128 2528 48 ) (128 2528 0 ) (176 2528 0 ) 
4 17 21 (96 2496 0 ) (352 2496 0 ) (352 2496 48 ) (96 2496 48 ) 
4 17 19 (96 2528 0 ) (96 2496 0 ) (96 2496 48 ) (96 2528 48 ) 
4 18 129 (-128 2880 240 ) (-128 2880 48 ) (-128 2496 48 ) (-128 2496 240 ) 
4 18 127 (-128 2880 384 ) (-128 2880 240 ) (-128 2496 240 ) (-128 2496 384 ) 
4 18 21 (-128 2496 240 ) (-128 2496 48 ) (96 2496 48 ) (96 2496 240 ) 
4 18 20 (-96 2496 48 ) (-128 2496 48 ) (-128 2528 48 ) (-96 2528 48 ) 
4 18 19 (96 2656 48 ) (96 2496 48 ) (-96 2496 48 ) (-96 2656 48 ) 
4 19 21 (-96 2496 0 ) (96 2496 0 ) (96 2496 48 ) (-96 2496 48 ) 
4 19 20 (-96 2528 0 ) (-96 2496 0 ) (-96 2496 48 ) (-96 2528 48 ) 
4 20 130 (-128 2528 0 ) (-128 2496 0 ) (-128 2496 48 ) (-128 2528 48 ) 
4 20 21 (-128 2496 48 ) (-128 2496 0 ) (-96 2496 0 ) (-96 2496 48 ) 
4 21 132 (-128 2496 0 ) (-128 2336 0 ) (-128 2336 240 ) (-128 2496 240 ) 
4 21 37 (-128 2336 0 ) (352 2336 0 ) (352 2336 16 ) (-128 2336 16 ) 
4 21 34 (112 2336 208 ) (-128 2336 208 ) (-128 2336 16 ) (112 2336 16 ) 
4 21 33 (352 2336 16 ) (352 2336 208 ) (112 2336 208 ) (112 2336 16 ) 
4 21 32 (-18 2336 240 ) (-128 2336 240 ) (-128 2336 208 ) (-18 2336 208 ) 
4 21 23 (48 2336 240 ) (18 2336 240 ) (18 2336 208 ) (48 2336 208 ) 
4 21 22 (352 2336 208 ) (352 2336 240 ) (48 2336 240 ) (48 2336 208 ) 
4 22 81 (48 2080 208 ) (96 2080 208 ) (96 2080 240 ) (48 2080 240 ) 
4 22 79 (96 2080 208 ) (188 2080 208 ) (156 2080 240 ) (96 2080 240 ) 
4 22 78 (188 2080 208 ) (192 2080 208 ) (192 2080 240 ) (156 2080 240 ) 
4 22 77 (192 2080 208 ) (224 2080 208 ) (224 2080 240 ) (192 2080 240 ) 
4 22 75 (224 2080 208 ) (352 2080 208 ) (352 2080 240 ) (224 2080 240 ) 
4 22 35 (112 2080 208 ) (48 2080 208 ) (48 2096 208 ) (112 2096 208 ) 
4 22 34 (48 2096 208 ) (48 2336 208 ) (112 2336 208 ) (112 2096 208 ) 
4 22 33 (352 2080 208 ) (112 2080 208 ) (112 2336 208 ) (352 2336 208 ) 
4 22 30 (48 2080 208 ) (48 2080 240 ) (48 2240 240 ) (48 2240 208 ) 
4 22 27 (48 2240 240 ) (48 2270 240 ) (48 2270 208 ) (48 2240 208 ) 
4 22 23 (48 2306 240 ) (48 2336 240 ) (48 2336 208 ) (48 2306 208 ) 
3 23 34 (18 2336 208 ) (48 2336 208 ) (48 2306 208 ) 
4 24 28 (16 2244 292 ) (16 2332 292 ) (44 2304 292 ) (44 2272 292 ) 
4 24 25 (44 2304 320 ) (16 2332 292 ) (16 2244 292 ) (44 2272 320 ) 
6 25 28 (-44 2272 292 ) (-44 2304 292 ) (-16 2332 292 ) (16 2332 292 ) (16 2244 292 ) (-16 2244 292 ) 
8 25 26 (-16 2244 292 ) (16 2212 292 ) (44 2184 320 ) (44 2184 352 ) (16 2212 380 ) (-16 2244 380 ) (-44 2272 352 ) (-44 2272 320 ) 
8 26 80 (-16 2080 380 ) (-44 2080 352 ) (-44 2080 320 ) (-16 2080 292 ) (16 2080 292 ) (44 2080 320 ) (44 2080 352 ) (16 2080 380 ) 
3 27 34 (48 2270 208 ) (48 2240 208 ) (18 2240 208 ) 
4 27 30 (48 2240 208 ) (48 2240 240 ) (18 2240 240 ) (18 2240 208 ) 
8 28 34 (-44 2304 208 ) (-16 2332 208 ) (16 2332 208 ) (44 2304 208 ) (44 2272 208 ) (16 2244 208 ) (-16 2244 208 ) (-44 2272 208 ) 
3 29 34 (-48 2240 208 ) (-48 2270 208 ) (-18 2240 208 ) 
4 29 31 (-48 2270 208 ) (-48 2240 208 ) (-48 2240 240 ) (-48 2270 240 ) 
4 29 30 (-48 2240 240 ) (-48 2240 208 ) (-18 2240 208 ) (-18 2240 240 ) 
4 30 81 (-48 2080 240 ) (-48 2080 208 ) (48 2080 208 ) (48 2080 240 ) 
4 30 35 (48 2080 208 ) (-48 2080 208 ) (-48 2096 208 ) (48 2096 208 ) 
4 30 34 (-48 2096 208 ) (-48 2240 208 ) (48 2240 208 ) (48 2096 208 ) 
4 30 31 (-48 2240 208 ) (-48 2080 208 ) (-48 2080 240 ) (-48 2240 240 ) 
4 31 138 (-128 2080 208 ) (-128 2080 240 ) (-128 2112 240 ) (-128 2112 208 ) 
4 31 132 (-128 2112 240 ) (-128 2226 240 ) (-128 2226 208 ) (-128 2112 208 ) 
4 31 101 (-128 2080 240 ) (-128 2080 208 ) (-96 2080 208 ) (-96 2080 240 ) 
4 31 81 (-96 2080 208 ) (-48 2080 208 ) (-48 2080 240 ) (-96 2080 240 ) 
4 31 35 (-48 2080 208 ) (-112 2080 208 ) (-112 2096 208 ) (-48 2096 208 ) 
4 31 36 (-112 2080 208 ) (-128 2080 208 ) (-128 2096 208 ) (-112 2096 208 ) 
4 31 34 (-128 2096 208 ) (-128 2226 208 ) (-48 2306 208 ) (-48 2096 208 ) 
4 31 32 (-128 2226 208 ) (-128 2226 240 ) (-48 2306 240 ) (-48 2306 208 ) 
4 32 132 (-128 2336 240 ) (-128 2336 208 ) (-128 2226 208 ) (-128 2226 240 ) 
3 32 34 (-128 2226 208 ) (-128 2336 208 ) (-18 2336 208 ) 
4 33 102 (112 2080 16 ) (192 2080 16 ) (192 2080 48 ) (112 2080 48 ) 
5 33 79 (192 2080 48 ) (192 2080 204 ) (188 2080 208 ) (112 2080 208 ) (112 2080 48 ) 
3 33 78 (192 2080 204 ) (192 2080 208 ) (188 2080 208 ) 
4 33 77 (192 2080 16 ) (224 2080 16 ) (224 2080 208 ) (192 2080 208 ) 
4 33 75 (224 2080 16 ) (352 2080 16 ) (352 2080 208 ) (224 2080 208 ) 
4 33 38 (352 2112 16 ) (352 2080 16 ) (192 2080 16 ) (160 2112 16 ) 
4 33 37 (352 2336 16 ) (352 2112 16 ) (112 2112 16 ) (112 2336 16 ) 
4 33 35 (112 2080 48 ) (112 2080 208 ) (112 2096 208 ) (112 2096 56 ) 
4 33 34 (112 2336 208 ) (112 2336 16 ) (112 2096 16 ) (112 2096 208 ) 
4 34 138 (-128 2096 208 ) (-128 2112 208 ) (-128 2112 16 ) (-128 2096 16 ) 
4 34 132 (-128 2112 208 ) (-128 2336 208 ) (-128 2336 16 ) (-128 2112 16 ) 
4 34 37 (-128 2112 16 ) (-128 2336 16 ) (112 2336 16 ) (112 2112 16 ) 
4 34 35 (112 2096 56 ) (112 2096 208 ) (-112 2096 208 ) (-112 2096 56 ) 
4 34 36 (-128 2096 16 ) (-112 2096 16 ) (-112 2096 208 ) (-128 2096 208 ) 
4 35 101 (-96 2080 208 ) (-112 2080 208 ) (-112 2080 48 ) (-96 2080 48 ) 
4 35 83 (-96 2080 64 ) (-96 2080 48 ) (96 2080 48 ) (96 2080 64 ) 
4 35 82 (-96 2080 192 ) (-96 2080 64 ) (96 2080 64 ) (96 2080 192 ) 
4 35 81 (96 2080 208 ) (-96 2080 208 ) (-96 2080 192 ) (96 2080 192 ) 
4 35 79 (112 2080 48 ) (112 2080 208 ) (96 2080 208 ) (96 2080 48 ) 
4 35 36 (-112 2080 48 ) (-112 2080 208 ) (-112 2096 208 ) (-112 2096 56 ) 
4 36 138 (-128 2080 16 ) (-128 2080 208 ) (-128 2096 208 ) (-128 2096 16 ) 
4 36 104 (-128 2080 48 ) (-128 2080 16 ) (-112 2080 16 ) (-112 2080 48 ) 
4 36 101 (-128 2080 208 ) (-128 2080 48 ) (-112 2080 48 ) (-112 2080 208 ) 
4 37 132 (-128 2112 16 ) (-128 2336 16 ) (-128 2336 0 ) (-128 2112 0 ) 
4 37 38 (352 2112 16 ) (160 2112 16 ) (160 2112 0 ) (352 2112 0 ) 
4 38 77 (192 2080 0 ) (224 2080 0 ) (224 2080 16 ) (192 2080 16 ) 
4 38 75 (224 2080 0 ) (352 2080 0 ) (352 2080 16 ) (224 2080 16 ) 
4 39 44 (896 2048 -32 ) (896 2048 128 ) (704 2048 128 ) (704 2048 -32 ) 
4 40 52 (1088 1488 0 ) (1088 1344 0 ) (1088 1344 32 ) (1088 1488 32 ) 
4 40 51 (1088 1344 32 ) (1088 1344 224 ) (1088 1488 224 ) (1088 1488 32 ) 
4 40 49 (1088 1904 0 ) (1088 1488 0 ) (1088 1488 224 ) (1088 1904 224 ) 
4 40 44 (1088 2048 224 ) (1088 2048 0 ) (1088 1920 0 ) (1088 1920 224 ) 
4 40 46 (1088 1920 0 ) (1088 1904 0 ) (1088 1904 224 ) (1088 1920 224 ) 
4 40 42 (1088 1504 0 ) (1088 1648 0 ) (1216 1600 0 ) (1216 1536 0 ) 
4 40 41 (1088 1728 0 ) (1088 1872 0 ) (1216 1840 0 ) (1216 1760 0 ) 
4 41 49 (1088 1872 -16 ) (1088 1728 -16 ) (1088 1728 0 ) (1088 1872 0 ) 
4 41 43 (1088 1728 -16 ) (1088 1872 -16 ) (1216 1840 -16 ) (1216 1760 -16 ) 
4 42 49 (1088 1648 -16 ) (1088 1504 -16 ) (1088 1504 0 ) (1088 1648 0 ) 
4 42 43 (1088 1504 -16 ) (1088 1648 -16 ) (1216 1600 -16 ) (1216 1536 -16 ) 
4 43 58 (1216 1344 -80 ) (1088 1344 -80 ) (1088 2048 -80 ) (1216 2048 -80 ) 
4 43 55 (1088 1488 -80 ) (1088 1344 -80 ) (1088 1344 -16 ) (1088 1488 -16 ) 
4 43 49 (1088 1904 -80 ) (1088 1488 -80 ) (1088 1488 -16 ) (1088 1904 -16 ) 
4 43 45 (1088 2048 -16 ) (1088 2048 -48 ) (1088 1920 -48 ) (1088 1920 -16 ) 
4 43 46 (1088 1920 -48 ) (1088 1904 -48 ) (1088 1904 -16 ) (1088 1920 -16 ) 
4 43 48 (1088 2048 -48 ) (1088 2048 -80 ) (1088 1904 -80 ) (1088 1904 -48 ) 
4 44 47 (640 2048 224 ) (640 2048 -32 ) (640 1920 -32 ) (640 1920 224 ) 
5 44 46 (944 1920 -32 ) (1088 1920 0 ) (1088 1920 224 ) (640 1920 224 ) (640 1920 -32 ) 
4 45 48 (944 2048 -48 ) (1088 2048 -48 ) (1088 1920 -48 ) (944 1920 -48 ) 
3 45 46 (944 1920 -48 ) (1088 1920 -48 ) (1088 1920 -16 ) 
4 46 49 (1088 1904 -48 ) (1088 1904 224 ) (1072 1904 224 ) (1072 1904 -48 ) 
4 46 50 (1072 1904 224 ) (640 1904 224 ) (640 1904 -48 ) (1072 1904 -48 ) 
4 46 47 (640 1920 -48 ) (640 1904 -48 ) (640 1904 224 ) (640 1920 224 ) 
4 46 48 (1088 1920 -48 ) (1088 1904 -48 ) (640 1904 -48 ) (640 1920 -48 ) 
4 47 68 (536 2008 224 ) (536 2008 -48 ) (536 1904 -48 ) (536 1904 224 ) 
4 47 56 (640 1904 224 ) (536 1904 224 ) (536 1904 -48 ) (640 1904 -48 ) 
5 47 48 (536 1904 -48 ) (536 2008 -48 ) (576 2048 -48 ) (640 2048 -48 ) (640 1904 -48 ) 
4 48 68 (536 2008 -48 ) (536 2008 -80 ) (536 1904 -80 ) (536 1904 -48 ) 
5 48 60 (536 1904 -80 ) (536 2008 -80 ) (576 2048 -80 ) (640 2048 -80 ) (640 1904 -80 ) 
4 48 58 (640 2048 -80 ) (1088 2048 -80 ) (1088 1904 -80 ) (640 1904 -80 ) 
4 48 56 (536 1904 -80 ) (640 1904 -80 ) (640 1904 -48 ) (536 1904 -48 ) 
4 48 49 (1072 1904 -80 ) (1088 1904 -80 ) (1088 1904 -48 ) (1072 1904 -48 ) 
4 48 50 (640 1904 -80 ) (1072 1904 -80 ) (1072 1904 -48 ) (640 1904 -48 ) 
4 49 58 (1072 1904 -80 ) (1088 1904 -80 ) (1088 1488 -80 ) (1072 1488 -80 ) 
4 49 54 (1088 1488 -16 ) (1088 1488 0 ) (1072 1488 4 ) (1072 1488 -12 ) 
4 49 55 (1072 1488 -80 ) (1088 1488 -80 ) (1088 1488 -16 ) (1072 1488 -12 ) 
4 49 52 (1088 1488 0 ) (1088 1488 32 ) (1072 1488 32 ) (1072 1488 4 ) 
4 49 51 (1088 1488 32 ) (1088 1488 224 ) (1072 1488 224 ) (1072 1488 32 ) 
4 49 50 (1072 1904 224 ) (1072 1904 -80 ) (1072 1488 -80 ) (1072 1488 224 ) 
4 50 58 (640 1488 -80 ) (640 1904 -80 ) (1072 1904 -80 ) (1072 1488 -80 ) 
4 50 56 (640 1904 288 ) (640 1904 -80 ) (640 1488 -80 ) (640 1488 288 ) 
4 50 54 (1072 1488 -12 ) (1072 1488 4 ) (1024 1488 16 ) (960 1488 16 ) 
5 50 55 (640 1488 -80 ) (1072 1488 -80 ) (1072 1488 -12 ) (960 1488 16 ) (640 1488 16 ) 
4 50 53 (1024 1488 16 ) (960 1488 32 ) (640 1488 32 ) (640 1488 16 ) 
3 50 52 (1072 1488 4 ) (1072 1488 32 ) (960 1488 32 ) 
4 50 51 (1072 1488 32 ) (1072 1488 224 ) (640 1488 224 ) (640 1488 32 ) 
4 51 67 (704 1344 32 ) (896 1344 32 ) (896 1344 160 ) (704 1344 160 ) 
4 51 57 (640 1344 32 ) (640 1344 224 ) (640 1488 224 ) (640 1488 32 ) 
4 51 53 (640 1472 32 ) (640 1488 32 ) (960 1488 32 ) (960 1472 32 ) 
4 51 52 (1088 1344 32 ) (960 1344 32 ) (960 1488 32 ) (1088 1488 32 ) 
4 52 54 (1024 1488 16 ) (1088 1488 0 ) (1088 1472 0 ) (1024 1472 16 ) 
4 52 53 (960 1472 32 ) (960 1488 32 ) (1024 1488 16 ) (1024 1472 16 ) 
4 53 57 (640 1472 32 ) (640 1488 32 ) (640 1488 16 ) (640 1472 16 ) 
4 53 54 (960 1488 16 ) (1024 1488 16 ) (1024 1472 16 ) (960 1472 16 ) 
4 53 55 (640 1472 16 ) (640 1488 16 ) (960 1488 16 ) (960 1472 16 ) 
4 54 55 (960 1472 16 ) (960 1488 16 ) (1088 1488 -16 ) (1088 1472 -16 ) 
4 55 58 (1088 1344 -80 ) (640 1344 -80 ) (640 1488 -80 ) (1088 1488 -80 ) 
4 55 57 (640 1488 -80 ) (640 1344 -80 ) (640 1344 16 ) (640 1488 16 ) 
4 56 68 (536 1904 224 ) (536 1904 -80 ) (536 1488 -80 ) (536 1488 224 ) 
4 56 64 (536 1488 -80 ) (536 1551 -80 ) (640 1616 -80 ) (640 1488 -80 ) 
4 56 62 (612 1676 -80 ) (572 1676 -80 ) (572 1716 -80 ) (612 1716 -80 ) 
4 56 60 (536 1841 -80 ) (536 1904 -80 ) (640 1904 -80 ) (640 1776 -80 ) 
4 56 57 (536 1488 -80 ) (640 1488 -80 ) (640 1488 224 ) (536 1488 224 ) 
4 57 68 (536 1384 -80 ) (536 1384 224 ) (536 1488 224 ) (536 1488 -80 ) 
5 57 64 (640 1344 -80 ) (576 1344 -80 ) (536 1384 -80 ) (536 1488 -80 ) (640 1488 -80 ) 
4 58 64 (640 1344 -96 ) (640 1344 -80 ) (640 1616 -80 ) (640 1616 -96 ) 
4 58 60 (640 1776 -80 ) (640 2048 -80 ) (640 2048 -96 ) (640 1776 -96 ) 
4 58 59 (1216 1344 -96 ) (640 1344 -96 ) (640 2048 -96 ) (1216 2048 -96 ) 
4 59 65 (640 1344 -128 ) (640 1344 -96 ) (640 1616 -96 ) (640 1616 -128 ) 
4 59 61 (640 1776 -96 ) (640 2048 -96 ) (640 2048 -128 ) (640 1776 -128 ) 
4 60 69 (536 1841 -80 ) (536 2008 -80 ) (536 2008 -96 ) (536 1841 -96 ) 
5 60 61 (536 1841 -96 ) (536 2008 -96 ) (576 2048 -96 ) (640 2048 -96 ) (640 1776 -96 ) 
4 61 70 (536 1841 -96 ) (536 2008 -96 ) (536 2008 -128 ) (536 1841 -128 ) 
4 62 63 (612 1676 -88 ) (572 1676 -88 ) (572 1716 -88 ) (612 1716 -88 ) 
4 63 71 (536 1632 -256 ) (536 1632 -88 ) (536 1760 -88 ) (536 1760 -256 ) 
4 64 72 (536 1384 -96 ) (536 1384 -80 ) (536 1551 -80 ) (536 1551 -96 ) 
5 64 65 (640 1616 -96 ) (640 1344 -96 ) (576 1344 -96 ) (536 1384 -96 ) (536 1551 -96 ) 
4 65 73 (536 1384 -128 ) (536 1384 -96 ) (536 1551 -96 ) (536 1551 -128 ) 
4 66 223 (896 1280 160 ) (896 1280 192 ) (704 1280 192 ) (704 1280 160 ) 
4 66 67 (896 1280 160 ) (704 1280 160 ) (704 1312 160 ) (896 1312 160 ) 
4 67 225 (896 1280 32 ) (896 1280 160 ) (704 1280 160 ) (704 1280 32 ) 
4 68 72 (536 1384 -80 ) (512 1408 -80 ) (512 1536 -80 ) (536 1551 -80 ) 
4 68 69 (512 1856 -80 ) (512 1984 -80 ) (536 2008 -80 ) (536 1841 -80 ) 
4 69 70 (512 1856 -96 ) (512 1984 -96 ) (536 2008 -96 ) (536 1841 -96 ) 
4 71 74 (512 1760 -256 ) (512 1632 -256 ) (512 1632 -128 ) (512 1760 -128 ) 
4 72 73 (536 1384 -96 ) (512 1408 -96 ) (512 1536 -96 ) (536 1551 -96 ) 
4 74 120 (480 1760 -254 ) (480 1760 -256 ) (480 1632 -256 ) (480 1632 -254 ) 
4 74 112 (480 1632 -128 ) (480 1760 -128 ) (480 1760 -254 ) (480 1632 -254 ) 
4 75 77 (224 2048 240 ) (224 2080 240 ) (224 2080 0 ) (224 2048 0 ) 
4 75 76 (224 2048 240 ) (224 2048 0 ) (288 2048 0 ) (288 2048 240 ) 
3 76 102 (224 2048 32 ) (224 2048 16 ) (224 2016 16 ) 
5 76 79 (224 2048 172 ) (224 2048 32 ) (224 2016 16 ) (224 1984 16 ) (224 1984 172 ) 
4 76 78 (224 1984 240 ) (224 2048 240 ) (224 2048 172 ) (224 1984 172 ) 
4 77 102 (224 2048 16 ) (224 2048 32 ) (192 2080 48 ) (192 2080 16 ) 
4 77 79 (224 2048 32 ) (224 2048 172 ) (192 2080 204 ) (192 2080 48 ) 
4 77 78 (224 2048 172 ) (224 2048 240 ) (192 2080 240 ) (192 2080 204 ) 
5 78 79 (192 2080 204 ) (224 2048 172 ) (224 1920 172 ) (156 1920 240 ) (156 2080 240 ) 
4 79 103 (112 2064 40 ) (112 2016 16 ) (96 2016 16 ) (96 2064 40 ) 
5 79 102 (112 2080 48 ) (192 2080 48 ) (224 2048 32 ) (224 2016 16 ) (112 2016 16 ) 
4 79 98 (96 2016 16 ) (96 1920 16 ) (96 1920 20 ) (96 2024 20 ) 
5 79 83 (96 1920 20 ) (96 1920 64 ) (96 2080 64 ) (96 2080 48 ) (96 2024 20 ) 
4 79 82 (96 1920 64 ) (96 1920 192 ) (96 2080 192 ) (96 2080 64 ) 
4 79 81 (96 1920 192 ) (96 1920 240 ) (96 2080 240 ) (96 2080 192 ) 
4 80 88 (16 1660 292 ) (44 1632 320 ) (44 1632 352 ) (16 1660 380 ) 
6 80 86 (-16 1692 292 ) (16 1660 292 ) (16 1660 380 ) (-16 1692 380 ) (-44 1720 352 ) (-44 1720 320 ) 
4 81 101 (-96 2080 240 ) (-96 2080 192 ) (-96 1920 192 ) (-96 1920 240 ) 
4 81 82 (-96 1920 192 ) (-96 2080 192 ) (96 2080 192 ) (96 1920 192 ) 
4 82 101 (-96 1920 192 ) (-96 2080 192 ) (-96 2080 64 ) (-96 1920 64 ) 
4 82 83 (-96 1920 64 ) (-96 2080 64 ) (96 2080 64 ) (96 1920 64 ) 
4 83 103 (96 2064 40 ) (96 2024 20 ) (-96 2024 20 ) (-96 2064 40 ) 
5 83 101 (-96 2080 48 ) (-96 2024 20 ) (-96 1920 20 ) (-96 1920 64 ) (-96 2080 64 ) 
4 83 98 (-96 2024 20 ) (96 2024 20 ) (96 1920 20 ) (-96 1920 20 ) 
4 84 107 (48 1504 128 ) (48 1504 20 ) (96 1504 20 ) (96 1504 128 ) 
4 84 99 (96 1520 20 ) (96 1504 20 ) (48 1504 20 ) (48 1520 20 ) 
4 84 91 (48 1504 82 ) (48 1504 112 ) (48 1520 112 ) (48 1520 82 ) 
4 84 90 (48 1504 112 ) (48 1504 128 ) (48 1520 128 ) (48 1520 112 ) 
4 84 85 (48 1520 20 ) (48 1504 20 ) (48 1504 46 ) (48 1520 46 ) 
3 85 107 (22 1504 20 ) (48 1504 20 ) (48 1504 46 ) 
4 85 99 (48 1504 20 ) (22 1504 20 ) (22 1520 20 ) (48 1520 20 ) 
4 86 95 (-16 1660 380 ) (-44 1660 352 ) (-44 1660 320 ) (-16 1660 292 ) 
4 86 88 (16 1660 292 ) (16 1660 380 ) (-16 1660 380 ) (-16 1660 292 ) 
4 87 92 (16 1572 20 ) (44 1572 48 ) (44 1572 80 ) (16 1572 108 ) 
4 87 88 (44 1600 48 ) (16 1572 20 ) (16 1572 108 ) (44 1600 80 ) 
4 88 95 (-16 1660 380 ) (-16 1660 292 ) (-44 1632 320 ) (-44 1632 352 ) 
4 88 92 (-16 1572 20 ) (16 1572 20 ) (16 1572 108 ) (-16 1572 108 ) 
4 88 89 (-44 1600 80 ) (-44 1600 48 ) (-16 1572 20 ) (-16 1572 108 ) 
4 89 92 (-44 1572 48 ) (-16 1572 20 ) (-16 1572 108 ) (-44 1572 80 ) 
4 90 107 (-44 1504 128 ) (-44 1504 112 ) (48 1504 112 ) (48 1504 128 ) 
4 90 94 (-44 1504 112 ) (-44 1504 128 ) (-44 1520 128 ) (-44 1520 112 ) 
4 90 93 (-44 1504 112 ) (-44 1520 112 ) (-18 1520 112 ) (-18 1504 112 ) 
4 90 91 (18 1520 112 ) (48 1520 112 ) (48 1504 112 ) (18 1504 112 ) 
3 91 107 (48 1504 82 ) (48 1504 112 ) (18 1504 112 ) 
8 92 107 (-44 1504 80 ) (-44 1504 48 ) (-16 1504 20 ) (16 1504 20 ) (44 1504 48 ) (44 1504 80 ) (16 1504 108 ) (-16 1504 108 ) 
3 93 107 (-44 1504 112 ) (-44 1504 86 ) (-18 1504 112 ) 
4 93 94 (-44 1504 86 ) (-44 1504 112 ) (-44 1520 112 ) (-44 1520 86 ) 
4 94 107 (-48 1504 128 ) (-48 1504 82 ) (-44 1504 86 ) (-44 1504 128 ) 
4 94 97 (-48 1504 82 ) (-48 1504 128 ) (-48 1520 128 ) (-48 1520 82 ) 
3 96 107 (-48 1504 46 ) (-48 1504 20 ) (-22 1504 20 ) 
4 96 100 (-22 1504 20 ) (-48 1504 20 ) (-48 1520 20 ) (-22 1520 20 ) 
4 96 97 (-48 1520 20 ) (-48 1504 20 ) (-48 1504 46 ) (-48 1520 46 ) 
4 97 107 (-96 1504 128 ) (-96 1504 20 ) (-48 1504 20 ) (-48 1504 128 ) 
4 97 100 (-48 1504 20 ) (-96 1504 20 ) (-96 1520 20 ) (-48 1520 20 ) 
4 98 103 (96 2024 20 ) (96 2016 16 ) (-96 2016 16 ) (-96 2024 20 ) 
4 98 101 (-96 2024 20 ) (-96 2016 16 ) (-96 1920 16 ) (-96 1920 20 ) 
4 99 107 (18 1504 16 ) (96 1504 16 ) (96 1504 20 ) (22 1504 20 ) 
4 99 105 (96 1520 16 ) (96 1504 16 ) (18 1504 16 ) (18 1520 16 ) 
4 100 107 (-96 1504 20 ) (-96 1504 16 ) (-18 1504 16 ) (-22 1504 20 ) 
4 100 105 (-18 1504 16 ) (-96 1504 16 ) (-96 1520 16 ) (-18 1520 16 ) 
5 101 151 (-128 2048 32 ) (-128 2016 16 ) (-128 1920 16 ) (-128 1920 240 ) (-128 2048 240 ) 
4 101 138 (-128 2080 240 ) (-128 2080 48 ) (-128 2048 32 ) (-128 2048 240 ) 
4 101 103 (-96 2064 40 ) (-96 2016 16 ) (-112 2016 16 ) (-112 2064 40 ) 
4 101 104 (-128 2016 16 ) (-128 2080 48 ) (-112 2080 48 ) (-112 2016 16 ) 
3 102 103 (112 2064 16 ) (112 2016 16 ) (112 2064 40 ) 
3 103 104 (-112 2064 16 ) (-112 2016 16 ) (-112 2064 40 ) 
3 104 151 (-128 2048 16 ) (-128 2016 16 ) (-128 2048 32 ) 
4 104 138 (-128 2080 48 ) (-128 2080 16 ) (-128 2048 16 ) (-128 2048 32 ) 
4 105 107 (96 1504 16 ) (-96 1504 16 ) (-96 1504 0 ) (96 1504 0 ) 
4 106 109 (96 1344 0 ) (128 1344 0 ) (128 1344 128 ) (96 1344 128 ) 
4 106 107 (96 1376 0 ) (96 1344 0 ) (96 1344 128 ) (96 1376 128 ) 
4 107 109 (-96 1344 0 ) (96 1344 0 ) (96 1344 128 ) (-96 1344 128 ) 
4 107 108 (-96 1344 0 ) (-96 1344 128 ) (-96 1376 128 ) (-96 1376 0 ) 
4 108 109 (-128 1344 128 ) (-128 1344 0 ) (-96 1344 0 ) (-96 1344 128 ) 
4 109 245 (-128 1280 256 ) (-128 1280 0 ) (-96 1280 0 ) (-96 1280 256 ) 
4 109 236 (192 1280 0 ) (256 1280 0 ) (256 1280 256 ) (192 1280 256 ) 
4 109 237 (-96 1280 0 ) (192 1280 0 ) (192 1280 256 ) (-96 1280 256 ) 
4 109 233 (256 1280 0 ) (352 1280 0 ) (352 1280 256 ) (256 1280 256 ) 
4 109 160 (-128 1280 0 ) (-128 1280 256 ) (-128 1344 256 ) (-128 1344 0 ) 
4 110 112 (224 1856 -112 ) (448 1856 -112 ) (448 1536 -112 ) (224 1536 -112 ) 
4 110 111 (224 1856 -112 ) (224 1536 -112 ) (224 1568 -80 ) (224 1824 -80 ) 
4 111 124 (96 1536 -112 ) (96 1600 -112 ) (224 1600 -112 ) (224 1536 -112 ) 
4 111 123 (96 1600 -112 ) (96 1792 -112 ) (224 1792 -112 ) (224 1600 -112 ) 
4 111 122 (96 1792 -112 ) (96 1856 -112 ) (224 1856 -112 ) (224 1792 -112 ) 
4 112 124 (224 1504 -112 ) (224 1600 -112 ) (224 1600 -254 ) (224 1504 -254 ) 
4 112 123 (224 1600 -112 ) (224 1792 -112 ) (224 1792 -254 ) (224 1600 -254 ) 
4 112 122 (224 1792 -112 ) (224 1888 -112 ) (224 1888 -254 ) (224 1792 -254 ) 
3 112 118 (384 1812 -254 ) (370.526316 1807.789474 -254 ) (352 1824 -254 ) 
4 112 117 (320 1852 -254 ) (400 1817 -254 ) (384 1812 -254 ) (352 1824 -254 ) 
4 112 119 (337.777778 1797.555556 -254 ) (288 1866 -254 ) (320 1852 -254 ) (370.526316 1807.789474 -254 ) 
4 112 120 (480 1782 -254 ) (480 1602 -254 ) (337.777778 1797.555556 -254 ) (400 1817 -254 ) 
5 112 116 (448 1816 -254 ) (480 1802 -254 ) (480 1782 -254 ) (400 1817 -254 ) (416 1822 -254 ) 
3 112 115 (400 1817 -254 ) (368 1831 -254 ) (416 1822 -254 ) 
5 112 114 (272 1888 -254 ) (283.428571 1888 -254 ) (448 1816 -254 ) (368 1831 -254 ) (288 1866 -254 ) 
3 112 113 (283.428571 1888 -254 ) (480 1888 -254 ) (480 1802 -254 ) 
5 112 121 (480 1504 -254 ) (224 1504 -254 ) (224 1888 -254 ) (272 1888 -254 ) (480 1602 -254 ) 
4 113 116 (448 1816 -256 ) (480 1802 -256 ) (480 1802 -254 ) (448 1816 -254 ) 
4 113 114 (283.428571 1888 -254 ) (283.428571 1888 -256 ) (448 1816 -256 ) (448 1816 -254 ) 
4 114 117 (320 1852 -256 ) (368 1831 -256 ) (368 1831 -254 ) (320 1852 -254 ) 
4 114 119 (288 1866 -254 ) (288 1866 -256 ) (320 1852 -256 ) (320 1852 -254 ) 
4 114 116 (416 1822 -256 ) (448 1816 -256 ) (448 1816 -254 ) (416 1822 -254 ) 
4 114 115 (368 1831 -256 ) (416 1822 -256 ) (416 1822 -254 ) (368 1831 -254 ) 
4 114 121 (288 1866 -254 ) (272 1888 -254 ) (272 1888 -256 ) (288 1866 -256 ) 
4 115 117 (368 1831 -256 ) (400 1817 -256 ) (400 1817 -254 ) (368 1831 -254 ) 
4 115 116 (400 1817 -254 ) (400 1817 -256 ) (416 1822 -256 ) (416 1822 -254 ) 
4 116 120 (400 1817 -256 ) (480 1782 -256 ) (480 1782 -254 ) (400 1817 -254 ) 
4 117 119 (320 1852 -256 ) (352 1824 -256 ) (352 1824 -254 ) (320 1852 -254 ) 
4 117 120 (384 1812 -256 ) (400 1817 -256 ) (400 1817 -254 ) (384 1812 -254 ) 
4 117 118 (352 1824 -256 ) (384 1812 -256 ) (384 1812 -254 ) (352 1824 -254 ) 
4 118 119 (352 1824 -256 ) (370.526316 1807.789474 -256 ) (370.526316 1807.789474 -254 ) (352 1824 -254 ) 
4 118 120 (370.526316 1807.789474 -256 ) (384 1812 -256 ) (384 1812 -254 ) (370.526316 1807.789474 -254 ) 
4 119 120 (337.777778 1797.555556 -256 ) (370.526316 1807.789474 -256 ) (370.526316 1807.789474 -254 ) (337.777778 1797.555556 -254 ) 
4 119 121 (337.777778 1797.555556 -254 ) (288 1866 -254 ) (288 1866 -256 ) (337.777778 1797.555556 -256 ) 
4 120 121 (480 1602 -256 ) (480 1602 -254 ) (337.777778 1797.555556 -254 ) (337.777778 1797.555556 -256 ) 
4 121 124 (224 1600 -256 ) (224 1504 -256 ) (224 1504 -254 ) (224 1600 -254 ) 
4 121 123 (224 1792 -256 ) (224 1600 -256 ) (224 1600 -254 ) (224 1792 -254 ) 
4 121 122 (224 1888 -254 ) (224 1888 -256 ) (224 1792 -256 ) (224 1792 -254 ) 
4 122 123 (224 1792 -112 ) (96 1792 -112 ) (96 1792 -256 ) (224 1792 -256 ) 
4 123 125 (96 1760 -256 ) (96 1632 -256 ) (96 1632 -128 ) (96 1760 -128 ) 
4 123 124 (96 1600 -112 ) (96 1600 -256 ) (224 1600 -256 ) (224 1600 -112 ) 
4 125 126 (80 1760 -256 ) (80 1632 -256 ) (80 1632 -128 ) (80 1760 -128 ) 
5 127 129 (-128 2496 240 ) (-160 2496 240 ) (-176 2512 240 ) (-176 2880 240 ) (-128 2880 240 ) 
4 127 128 (-176 2512 384 ) (-176 2816 384 ) (-176 2816 240 ) (-176 2512 240 ) 
4 128 131 (-176 2512 240 ) (-224 2560 240 ) (-224 2781.090909 240 ) (-176 2816 240 ) 
4 129 132 (-128 2496 48 ) (-128 2496 240 ) (-176 2496 240 ) (-176 2496 48 ) 
4 129 131 (-176 2496 240 ) (-176 2816 240 ) (-176 2816 48 ) (-176 2496 48 ) 
4 129 130 (-128 2496 48 ) (-176 2496 48 ) (-176 2704 48 ) (-128 2656 48 ) 
4 130 132 (-176 2496 0 ) (-128 2496 0 ) (-128 2496 48 ) (-176 2496 48 ) 
4 130 131 (-176 2704 0 ) (-176 2496 0 ) (-176 2496 48 ) (-176 2704 48 ) 
4 131 135 (-352 2496 0 ) (-288 2496 0 ) (-288 2496 48 ) (-352 2496 48 ) 
4 131 133 (-288 2496 208 ) (-288 2496 240 ) (-352 2496 240 ) (-352 2496 208 ) 
4 131 134 (-288 2496 48 ) (-288 2496 208 ) (-352 2496 208 ) (-352 2496 48 ) 
4 131 132 (-288 2496 0 ) (-176 2496 0 ) (-176 2496 240 ) (-288 2496 240 ) 
4 132 139 (-288 2112 0 ) (-160 2112 0 ) (-160 2112 16 ) (-288 2112 16 ) 
4 132 138 (-128 2112 16 ) (-128 2112 240 ) (-288 2112 240 ) (-288 2112 16 ) 
4 132 137 (-288 2176 0 ) (-288 2112 0 ) (-288 2112 48 ) (-288 2176 48 ) 
4 132 136 (-288 2400 0 ) (-288 2208 0 ) (-288 2208 48 ) (-288 2400 48 ) 
4 132 135 (-288 2496 48 ) (-288 2496 0 ) (-288 2432 0 ) (-288 2432 48 ) 
4 132 133 (-288 2112 240 ) (-288 2496 240 ) (-288 2496 208 ) (-288 2112 208 ) 
4 132 134 (-288 2496 208 ) (-288 2496 48 ) (-288 2112 48 ) (-288 2112 208 ) 
4 133 138 (-352 2112 208 ) (-288 2112 208 ) (-288 2112 240 ) (-352 2112 240 ) 
4 133 134 (-352 2496 208 ) (-288 2496 208 ) (-288 2112 208 ) (-352 2112 208 ) 
4 134 140 (-384 2496 208 ) (-384 2496 48 ) (-384 2112 48 ) (-384 2112 208 ) 
4 134 138 (-352 2112 48 ) (-288 2112 48 ) (-288 2112 208 ) (-352 2112 208 ) 
4 134 137 (-288 2112 48 ) (-352 2112 48 ) (-352 2176 48 ) (-288 2176 48 ) 
4 134 136 (-368 2400 48 ) (-288 2400 48 ) (-288 2208 48 ) (-368 2208 48 ) 
4 134 135 (-352 2496 48 ) (-288 2496 48 ) (-288 2432 48 ) (-352 2432 48 ) 
4 137 139 (-352 2112 0 ) (-288 2112 0 ) (-288 2112 16 ) (-352 2112 16 ) 
4 137 138 (-288 2112 16 ) (-288 2112 48 ) (-352 2112 48 ) (-352 2112 16 ) 
4 138 152 (-224 2048 240 ) (-288 2048 240 ) (-288 2048 16 ) (-224 2048 16 ) 
4 138 151 (-128 2048 16 ) (-128 2048 240 ) (-224 2048 240 ) (-224 2048 16 ) 
4 138 139 (-224 2048 16 ) (-352 2048 16 ) (-352 2112 16 ) (-160 2112 16 ) 
4 139 152 (-224 2048 16 ) (-288 2048 16 ) (-288 2048 0 ) (-224 2048 0 ) 
4 140 153 (-384 2048 48 ) (-384 2048 208 ) (-576 2048 208 ) (-576 2048 48 ) 
4 141 155 (-624 2048 144 ) (-640 2048 144 ) (-640 2048 64 ) (-624 2048 64 ) 
4 141 145 (-640 2048 64 ) (-640 2048 144 ) (-640 2196 144 ) (-640 2196 64 ) 
4 142 177 (-768 2048 208 ) (-992 2048 208 ) (-992 2048 176 ) (-768 2048 176 ) 
4 142 154 (-640 2048 176 ) (-640 2048 208 ) (-768 2048 208 ) (-768 2048 176 ) 
5 142 144 (-640 2048 176 ) (-992 2048 176 ) (-992 2240 176 ) (-704 2240 176 ) (-640 2176 176 ) 
4 143 186 (-1376 2048 208 ) (-1376 2048 176 ) (-1024 2048 176 ) (-1024 2048 208 ) 
4 143 166 (-1376 2048 256 ) (-1376 2048 208 ) (-1024 2048 208 ) (-1024 2048 256 ) 
5 143 148 (-1024 2048 176 ) (-1376 2048 176 ) (-1376 2176 176 ) (-1312 2240 176 ) (-1024 2240 176 ) 
4 144 178 (-768 2048 176 ) (-992 2048 176 ) (-992 2048 144 ) (-768 2048 144 ) 
4 144 157 (-736 2048 176 ) (-768 2048 176 ) (-768 2048 144 ) (-736 2048 144 ) 
4 144 156 (-640 2048 144 ) (-640 2048 176 ) (-736 2048 176 ) (-736 2048 144 ) 
4 144 147 (-992 2048 144 ) (-992 2048 176 ) (-992 2208 176 ) (-992 2208 144 ) 
5 144 145 (-640 2048 144 ) (-992 2048 144 ) (-992 2240 144 ) (-704 2240 144 ) (-640 2176 144 ) 
4 145 178 (-768 2048 144 ) (-992 2048 144 ) (-992 2048 64 ) (-768 2048 64 ) 
4 145 157 (-736 2048 144 ) (-768 2048 144 ) (-768 2048 64 ) (-736 2048 64 ) 
4 145 156 (-640 2048 64 ) (-640 2048 144 ) (-736 2048 144 ) (-736 2048 64 ) 
4 145 147 (-992 2048 64 ) (-992 2048 144 ) (-992 2208 144 ) (-992 2208 64 ) 
5 145 146 (-640 2176 64 ) (-640 2048 64 ) (-992 2048 64 ) (-992 2240 64 ) (-704 2240 64 ) 
4 146 180 (-992 2048 48 ) (-992 2048 0 ) (-960 2048 0 ) (-960 2048 48 ) 
4 146 179 (-960 2048 0 ) (-768 2048 0 ) (-768 2048 48 ) (-960 2048 48 ) 
4 146 178 (-768 2048 64 ) (-992 2048 64 ) (-992 2048 48 ) (-768 2048 48 ) 
4 146 158 (-768 2048 48 ) (-768 2048 0 ) (-736 2048 0 ) (-736 2048 48 ) 
4 146 157 (-736 2048 64 ) (-768 2048 64 ) (-768 2048 48 ) (-736 2048 48 ) 
4 146 156 (-640 2048 0 ) (-640 2048 64 ) (-736 2048 64 ) (-736 2048 0 ) 
4 146 147 (-992 2208 0 ) (-992 2048 0 ) (-992 2048 64 ) (-992 2208 64 ) 
4 147 191 (-992 2048 176 ) (-1024 2048 176 ) (-1024 2048 0 ) (-992 2048 0 ) 
4 147 150 (-1024 2208 0 ) (-1024 2048 0 ) (-1024 2048 64 ) (-1024 2208 64 ) 
4 147 149 (-1024 2048 64 ) (-1024 2048 144 ) (-1024 2208 144 ) (-1024 2208 64 ) 
4 147 148 (-1024 2048 144 ) (-1024 2048 176 ) (-1024 2208 176 ) (-1024 2208 144 ) 
4 148 191 (-1024 2048 176 ) (-1376 2048 176 ) (-1376 2048 144 ) (-1024 2048 144 ) 
5 148 149 (-1024 2048 144 ) (-1376 2048 144 ) (-1376 2176 144 ) (-1312 2240 144 ) (-1024 2240 144 ) 
4 149 201 (-1392 2048 144 ) (-1392 2048 64 ) (-1376 2048 64 ) (-1376 2048 144 ) 
4 149 191 (-1376 2048 64 ) (-1024 2048 64 ) (-1024 2048 144 ) (-1376 2048 144 ) 
5 149 150 (-1024 2240 64 ) (-1024 2048 64 ) (-1376 2048 64 ) (-1376 2176 64 ) (-1312 2240 64 ) 
4 150 191 (-1376 2048 0 ) (-1024 2048 0 ) (-1024 2048 64 ) (-1376 2048 64 ) 
4 151 152 (-224 2048 240 ) (-224 2048 16 ) (-224 1984 16 ) (-224 1984 240 ) 
4 153 159 (-384 1920 48 ) (-384 1920 208 ) (-576 1920 208 ) (-576 1920 48 ) 
4 154 177 (-768 2048 208 ) (-768 2048 176 ) (-768 1952 176 ) (-768 1952 208 ) 
4 154 157 (-768 1952 176 ) (-768 2048 176 ) (-736 2048 176 ) (-736 1952 176 ) 
4 154 156 (-736 2048 176 ) (-640 2048 176 ) (-640 1952 176 ) (-736 1952 176 ) 
4 155 156 (-640 2016 144 ) (-640 2048 144 ) (-640 2048 64 ) (-640 2016 64 ) 
4 156 158 (-736 2048 48 ) (-736 2048 0 ) (-736 2016 0 ) (-736 2016 48 ) 
4 156 157 (-736 2048 176 ) (-736 2048 48 ) (-736 1952 48 ) (-736 1952 176 ) 
4 157 178 (-768 2048 176 ) (-768 2048 48 ) (-768 1920 48 ) (-768 1920 176 ) 
4 157 159 (-768 1920 176 ) (-768 1920 48 ) (-736 1920 48 ) (-736 1920 176 ) 
4 157 158 (-768 2016 48 ) (-768 2048 48 ) (-736 2048 48 ) (-736 2016 48 ) 
4 158 179 (-768 2048 48 ) (-768 2048 0 ) (-768 2016 0 ) (-768 2016 48 ) 
4 159 181 (-768 1728 48 ) (-768 1728 208 ) (-768 1920 208 ) (-768 1920 48 ) 
4 160 245 (-128 1280 0 ) (-128 1280 256 ) (-352 1280 256 ) (-352 1280 0 ) 
4 161 182 (-768 1344 48 ) (-768 1344 208 ) (-768 1536 208 ) (-768 1536 48 ) 
4 161 165 (-768 1344 176 ) (-768 1344 48 ) (-736 1344 48 ) (-736 1344 176 ) 
4 161 162 (-384 1344 48 ) (-384 1344 208 ) (-576 1344 208 ) (-576 1344 48 ) 
4 162 259 (-384 1280 48 ) (-384 1280 208 ) (-576 1280 208 ) (-576 1280 48 ) 
4 163 265 (-768 1280 208 ) (-768 1280 176 ) (-736 1280 176 ) (-736 1280 208 ) 
4 163 262 (-736 1280 176 ) (-688 1280 176 ) (-688 1280 208 ) (-736 1280 208 ) 
4 163 261 (-688 1280 176 ) (-640 1280 176 ) (-640 1280 208 ) (-688 1280 208 ) 
4 163 183 (-768 1280 176 ) (-768 1280 208 ) (-768 1312 208 ) (-768 1312 176 ) 
4 163 165 (-736 1280 176 ) (-768 1280 176 ) (-768 1312 176 ) (-736 1312 176 ) 
4 163 164 (-640 1280 176 ) (-736 1280 176 ) (-736 1312 176 ) (-640 1312 176 ) 
4 164 264 (-736 1280 32 ) (-736 1280 0 ) (-640 1280 0 ) (-640 1280 32 ) 
4 164 262 (-688 1280 176 ) (-736 1280 176 ) (-736 1280 32 ) (-688 1280 32 ) 
4 164 261 (-640 1280 176 ) (-688 1280 176 ) (-688 1280 32 ) (-640 1280 32 ) 
4 164 165 (-736 1280 48 ) (-736 1280 176 ) (-736 1312 176 ) (-736 1312 48 ) 
4 165 271 (-736 1280 176 ) (-768 1280 176 ) (-768 1280 48 ) (-736 1280 48 ) 
4 165 184 (-768 1280 48 ) (-768 1280 176 ) (-768 1344 176 ) (-768 1344 48 ) 
4 166 186 (-1376 2048 208 ) (-1024 2048 208 ) (-1024 1952 208 ) (-1376 1952 208 ) 
4 167 189 (-1376 1920 208 ) (-1088 1920 208 ) (-1088 1856 208 ) (-1376 1856 208 ) 
4 167 187 (-1088 1920 208 ) (-1024 1920 208 ) (-1024 1856 208 ) (-1088 1856 208 ) 
4 167 173 (-1376 1856 208 ) (-1280 1856 208 ) (-1280 1856 320 ) (-1376 1856 320 ) 
4 167 172 (-1280 1856 208 ) (-1216 1856 208 ) (-1216 1856 256 ) (-1280 1856 256 ) 
4 167 168 (-1216 1856 208 ) (-1024 1856 208 ) (-1024 1856 256 ) (-1216 1856 256 ) 
4 168 189 (-1088 1792 208 ) (-1216 1792 208 ) (-1216 1856 208 ) (-1088 1856 208 ) 
4 168 187 (-1024 1856 208 ) (-1024 1792 208 ) (-1088 1792 208 ) (-1088 1856 208 ) 
4 168 172 (-1216 1856 256 ) (-1216 1856 208 ) (-1216 1792 208 ) (-1216 1792 256 ) 
4 168 169 (-1088 1792 208 ) (-1024 1792 208 ) (-1024 1792 256 ) (-1088 1792 256 ) 
4 168 171 (-1216 1792 208 ) (-1088 1792 208 ) (-1088 1792 256 ) (-1216 1792 256 ) 
4 169 187 (-1024 1792 208 ) (-1024 1728 208 ) (-1088 1696 208 ) (-1088 1792 208 ) 
4 169 171 (-1088 1792 320 ) (-1088 1792 208 ) (-1088 1696 208 ) (-1088 1696 320 ) 
4 170 188 (-1024 1536 208 ) (-1024 1344 208 ) (-1088 1344 208 ) (-1088 1568 208 ) 
4 170 171 (-1088 1568 208 ) (-1088 1344 208 ) (-1088 1344 320 ) (-1088 1568 320 ) 
4 171 189 (-1088 1344 208 ) (-1216 1344 208 ) (-1216 1792 208 ) (-1088 1792 208 ) 
4 171 172 (-1216 1792 208 ) (-1216 1344 208 ) (-1216 1344 256 ) (-1216 1792 256 ) 
4 172 189 (-1216 1344 208 ) (-1280 1344 208 ) (-1280 1856 208 ) (-1216 1856 208 ) 
4 172 173 (-1280 1856 208 ) (-1280 1344 208 ) (-1280 1344 256 ) (-1280 1856 256 ) 
4 173 189 (-1280 1344 208 ) (-1376 1344 208 ) (-1376 1856 208 ) (-1280 1856 208 ) 
4 174 266 (-1216 1280 320 ) (-1216 1280 208 ) (-1024 1280 208 ) (-1024 1280 320 ) 
4 174 190 (-1024 1280 208 ) (-1216 1280 208 ) (-1216 1312 208 ) (-1024 1312 208 ) 
4 174 176 (-1216 1312 208 ) (-1216 1280 208 ) (-1216 1280 256 ) (-1216 1312 256 ) 
4 175 269 (-1376 1280 320 ) (-1376 1280 256 ) (-1280 1280 256 ) (-1280 1280 320 ) 
4 175 176 (-1280 1280 256 ) (-1376 1280 256 ) (-1376 1312 256 ) (-1280 1312 256 ) 
4 176 269 (-1376 1280 256 ) (-1376 1280 208 ) (-1280 1280 208 ) (-1280 1280 256 ) 
4 176 268 (-1280 1280 208 ) (-1216 1280 208 ) (-1216 1280 256 ) (-1280 1280 256 ) 
4 176 190 (-1216 1280 208 ) (-1376 1280 208 ) (-1376 1312 208 ) (-1216 1312 208 ) 
4 177 178 (-992 1952 176 ) (-992 2048 176 ) (-768 2048 176 ) (-768 1952 176 ) 
4 178 192 (-992 1984 48 ) (-992 1952 48 ) (-992 1952 176 ) (-992 1984 176 ) 
4 178 191 (-992 2048 176 ) (-992 2048 48 ) (-992 1984 48 ) (-992 1984 176 ) 
4 178 181 (-992 1920 176 ) (-992 1920 48 ) (-768 1920 48 ) (-768 1920 176 ) 
4 178 180 (-992 2016 48 ) (-992 2048 48 ) (-960 2048 48 ) (-960 2016 48 ) 
4 178 179 (-960 2048 48 ) (-768 2048 48 ) (-768 1936 48 ) (-960 1936 48 ) 
4 179 180 (-960 2016 48 ) (-960 2048 48 ) (-960 2048 0 ) (-960 2016 0 ) 
4 180 191 (-992 2048 48 ) (-992 2048 0 ) (-992 2016 0 ) (-992 2016 48 ) 
4 182 184 (-992 1344 176 ) (-992 1344 48 ) (-768 1344 48 ) (-768 1344 176 ) 
4 183 265 (-768 1280 176 ) (-768 1280 208 ) (-992 1280 208 ) (-992 1280 176 ) 
4 183 184 (-768 1280 176 ) (-992 1280 176 ) (-992 1312 176 ) (-768 1312 176 ) 
4 184 274 (-960 1280 176 ) (-992 1280 176 ) (-992 1280 48 ) (-960 1280 48 ) 
4 184 272 (-768 1280 48 ) (-768 1280 176 ) (-960 1280 176 ) (-960 1280 48 ) 
4 184 208 (-992 1280 48 ) (-992 1280 176 ) (-992 1312 176 ) (-992 1312 48 ) 
4 184 185 (-768 1328 48 ) (-768 1280 48 ) (-960 1280 48 ) (-960 1328 48 ) 
4 185 272 (-768 1280 0 ) (-768 1280 48 ) (-960 1280 48 ) (-960 1280 0 ) 
4 186 193 (-1024 1984 176 ) (-1024 1952 176 ) (-1088 1952 176 ) (-1088 1984 176 ) 
4 186 194 (-1088 1952 176 ) (-1376 1952 176 ) (-1376 1984 176 ) (-1088 1984 176 ) 
4 186 191 (-1376 2048 176 ) (-1024 2048 176 ) (-1024 1984 176 ) (-1376 1984 176 ) 
3 187 206 (-1024 1728 176 ) (-1088 1696 176 ) (-1088 1728 176 ) 
4 187 197 (-1088 1920 176 ) (-1024 1920 176 ) (-1024 1728 176 ) (-1088 1728 176 ) 
4 187 189 (-1088 1920 176 ) (-1088 1696 176 ) (-1088 1696 208 ) (-1088 1920 208 ) 
4 188 207 (-1024 1536 176 ) (-1024 1344 176 ) (-1088 1344 176 ) (-1088 1568 176 ) 
4 188 189 (-1088 1568 176 ) (-1088 1344 176 ) (-1088 1344 208 ) (-1088 1568 208 ) 
4 189 218 (-1280 1344 176 ) (-1376 1344 176 ) (-1376 1472 176 ) (-1280 1472 176 ) 
4 189 214 (-1376 1472 176 ) (-1376 1600 176 ) (-1344 1600 176 ) (-1344 1472 176 ) 
4 189 212 (-1376 1600 176 ) (-1376 1728 176 ) (-1344 1728 176 ) (-1344 1600 176 ) 
4 189 211 (-1344 1728 176 ) (-1280 1728 176 ) (-1280 1472 176 ) (-1344 1472 176 ) 
4 189 209 (-1088 1728 176 ) (-1088 1344 176 ) (-1280 1344 176 ) (-1280 1728 176 ) 
4 189 200 (-1376 1920 176 ) (-1280 1920 176 ) (-1280 1728 176 ) (-1376 1728 176 ) 
4 189 198 (-1280 1920 176 ) (-1088 1920 176 ) (-1088 1728 176 ) (-1280 1728 176 ) 
4 190 269 (-1280 1280 208 ) (-1376 1280 208 ) (-1376 1280 176 ) (-1280 1280 176 ) 
4 190 268 (-1216 1280 208 ) (-1280 1280 208 ) (-1280 1280 176 ) (-1216 1280 176 ) 
4 190 266 (-1024 1280 208 ) (-1216 1280 208 ) (-1216 1280 176 ) (-1024 1280 176 ) 
4 190 220 (-1280 1280 176 ) (-1376 1280 176 ) (-1376 1312 176 ) (-1280 1312 176 ) 
4 190 209 (-1088 1280 176 ) (-1280 1280 176 ) (-1280 1312 176 ) (-1088 1312 176 ) 
4 190 208 (-1024 1312 176 ) (-1024 1280 176 ) (-1088 1280 176 ) (-1088 1312 176 ) 
4 191 201 (-1376 2048 144 ) (-1376 2048 64 ) (-1376 2016 64 ) (-1376 2016 144 ) 
4 191 193 (-1024 1984 16 ) (-1024 1984 176 ) (-1088 1984 176 ) (-1088 1984 16 ) 
4 191 194 (-1376 1984 0 ) (-1088 1984 0 ) (-1088 1984 176 ) (-1376 1984 176 ) 
4 191 192 (-992 1984 16 ) (-992 1984 176 ) (-1024 1984 176 ) (-1024 1984 16 ) 
4 192 193 (-1024 1952 176 ) (-1024 1984 176 ) (-1024 1984 16 ) (-1024 1952 16 ) 
4 193 195 (-1024 1952 16 ) (-1024 1952 176 ) (-1088 1952 176 ) (-1088 1952 16 ) 
4 193 194 (-1088 1984 176 ) (-1088 1984 16 ) (-1088 1952 16 ) (-1088 1952 176 ) 
4 194 196 (-1376 1952 176 ) (-1376 1952 0 ) (-1088 1952 0 ) (-1088 1952 176 ) 
4 195 197 (-1024 1920 16 ) (-1024 1920 176 ) (-1088 1920 176 ) (-1088 1920 16 ) 
4 195 196 (-1088 1952 176 ) (-1088 1952 16 ) (-1088 1920 16 ) (-1088 1920 176 ) 
4 196 200 (-1280 1920 16 ) (-1280 1920 176 ) (-1376 1920 176 ) (-1376 1920 16 ) 
4 196 199 (-1280 1920 0 ) (-1088 1920 0 ) (-1088 1920 16 ) (-1280 1920 16 ) 
4 196 198 (-1088 1920 16 ) (-1088 1920 176 ) (-1280 1920 176 ) (-1280 1920 16 ) 
4 197 206 (-1024 1728 176 ) (-1088 1728 176 ) (-1088 1728 16 ) (-1024 1728 16 ) 
4 197 198 (-1088 1728 16 ) (-1088 1728 176 ) (-1088 1920 176 ) (-1088 1920 16 ) 
4 198 209 (-1088 1728 176 ) (-1280 1728 176 ) (-1280 1728 16 ) (-1088 1728 16 ) 
4 198 200 (-1280 1920 176 ) (-1280 1920 16 ) (-1280 1728 16 ) (-1280 1728 176 ) 
4 198 199 (-1280 1760 16 ) (-1280 1920 16 ) (-1088 1920 16 ) (-1088 1760 16 ) 
4 200 213 (-1376 1728 80 ) (-1376 1728 16 ) (-1344 1728 16 ) (-1344 1728 80 ) 
4 200 212 (-1344 1728 176 ) (-1376 1728 176 ) (-1376 1728 80 ) (-1344 1728 80 ) 
4 200 211 (-1280 1728 176 ) (-1344 1728 176 ) (-1344 1728 16 ) (-1280 1728 16 ) 
4 200 202 (-1376 1728 16 ) (-1376 1728 176 ) (-1376 1920 176 ) (-1376 1920 16 ) 
4 202 213 (-1408 1728 80 ) (-1408 1728 16 ) (-1376 1728 16 ) (-1376 1728 80 ) 
4 202 212 (-1376 1728 176 ) (-1408 1728 176 ) (-1408 1728 80 ) (-1376 1728 80 ) 
4 202 205 (-1408 1728 16 ) (-1408 1728 144 ) (-1408 1792 144 ) (-1408 1792 16 ) 
4 202 204 (-1408 1728 144 ) (-1408 1728 176 ) (-1408 1856 176 ) (-1408 1856 144 ) 
4 202 203 (-1408 1856 176 ) (-1408 1920 176 ) (-1408 1920 16 ) (-1408 1856 16 ) 
4 203 204 (-1408 1856 144 ) (-1408 1856 176 ) (-1472 1856 176 ) (-1472 1856 144 ) 
4 204 212 (-1408 1728 176 ) (-1472 1728 176 ) (-1472 1728 144 ) (-1408 1728 144 ) 
4 204 205 (-1408 1728 144 ) (-1472 1728 144 ) (-1472 1792 144 ) (-1408 1792 144 ) 
4 205 212 (-1472 1728 144 ) (-1472 1728 80 ) (-1408 1728 80 ) (-1408 1728 144 ) 
4 206 209 (-1088 1696 176 ) (-1088 1728 176 ) (-1088 1728 16 ) (-1088 1696 16 ) 
4 207 209 (-1088 1312 176 ) (-1088 1568 176 ) (-1088 1568 16 ) (-1088 1312 16 ) 
4 207 208 (-1088 1312 176 ) (-1088 1312 16 ) (-1024 1312 16 ) (-1024 1312 176 ) 
4 208 278 (-1024 1280 176 ) (-1088 1280 176 ) (-1088 1280 16 ) (-1024 1280 16 ) 
4 208 275 (-992 1280 16 ) (-992 1280 48 ) (-1024 1280 48 ) (-1024 1280 16 ) 
4 208 274 (-992 1280 48 ) (-992 1280 176 ) (-1024 1280 176 ) (-1024 1280 48 ) 
4 208 209 (-1088 1280 16 ) (-1088 1280 176 ) (-1088 1312 176 ) (-1088 1312 16 ) 
4 209 278 (-1088 1280 16 ) (-1088 1280 176 ) (-1280 1280 176 ) (-1280 1280 16 ) 
4 209 220 (-1280 1344 16 ) (-1280 1280 16 ) (-1280 1280 176 ) (-1280 1344 176 ) 
4 209 218 (-1280 1472 16 ) (-1280 1344 16 ) (-1280 1344 176 ) (-1280 1472 176 ) 
4 209 211 (-1280 1728 176 ) (-1280 1728 16 ) (-1280 1472 16 ) (-1280 1472 176 ) 
4 209 210 (-1280 1280 16 ) (-1280 1504 16 ) (-1088 1504 16 ) (-1088 1280 16 ) 
4 210 278 (-1280 1280 0 ) (-1088 1280 0 ) (-1088 1280 16 ) (-1280 1280 16 ) 
4 210 220 (-1280 1344 0 ) (-1280 1280 0 ) (-1280 1280 16 ) (-1280 1344 16 ) 
4 211 218 (-1280 1472 16 ) (-1280 1472 176 ) (-1344 1472 176 ) (-1344 1472 16 ) 
4 211 217 (-1344 1536 16 ) (-1344 1472 16 ) (-1344 1472 80 ) (-1344 1536 80 ) 
4 211 214 (-1344 1472 80 ) (-1344 1472 176 ) (-1344 1600 176 ) (-1344 1600 80 ) 
4 211 213 (-1344 1728 80 ) (-1344 1728 16 ) (-1344 1600 16 ) (-1344 1600 80 ) 
4 211 212 (-1344 1728 176 ) (-1344 1728 80 ) (-1344 1600 80 ) (-1344 1600 176 ) 
4 212 215 (-1408 1600 176 ) (-1472 1600 176 ) (-1472 1600 144 ) (-1408 1600 144 ) 
4 212 214 (-1344 1600 80 ) (-1344 1600 176 ) (-1408 1600 176 ) (-1408 1600 80 ) 
4 212 213 (-1408 1728 80 ) (-1344 1728 80 ) (-1344 1600 80 ) (-1408 1600 80 ) 
4 214 218 (-1344 1472 176 ) (-1408 1472 176 ) (-1408 1472 80 ) (-1344 1472 80 ) 
4 214 217 (-1344 1472 80 ) (-1408 1472 80 ) (-1408 1536 80 ) (-1344 1536 80 ) 
4 214 215 (-1408 1536 176 ) (-1408 1600 176 ) (-1408 1600 144 ) (-1408 1536 144 ) 
4 214 216 (-1408 1472 80 ) (-1408 1472 176 ) (-1408 1536 176 ) (-1408 1536 80 ) 
4 215 216 (-1472 1536 176 ) (-1472 1536 144 ) (-1408 1536 144 ) (-1408 1536 176 ) 
4 216 219 (-1408 1472 176 ) (-1472 1472 176 ) (-1472 1472 80 ) (-1408 1472 80 ) 
4 216 217 (-1408 1472 80 ) (-1472 1472 80 ) (-1472 1536 80 ) (-1408 1536 80 ) 
4 217 218 (-1408 1472 16 ) (-1344 1472 16 ) (-1344 1472 80 ) (-1408 1472 80 ) 
4 218 220 (-1280 1344 16 ) (-1280 1344 176 ) (-1376 1344 176 ) (-1376 1344 16 ) 
4 218 219 (-1408 1344 80 ) (-1408 1344 176 ) (-1408 1472 176 ) (-1408 1472 80 ) 
4 220 278 (-1376 1280 0 ) (-1280 1280 0 ) (-1280 1280 176 ) (-1376 1280 176 ) 
4 221 226 (1024 768 0 ) (1024 576 0 ) (1024 576 112 ) (1024 768 112 ) 
4 221 224 (1024 1024 0 ) (1024 832 0 ) (1024 832 160 ) (1024 1024 160 ) 
4 222 224 (992 832 160 ) (896 832 160 ) (896 1024 160 ) (992 1024 160 ) 
4 222 223 (896 1024 160 ) (896 832 160 ) (896 832 192 ) (896 1024 192 ) 
4 223 225 (896 832 160 ) (704 832 160 ) (704 1280 160 ) (896 1280 160 ) 
4 224 225 (896 832 160 ) (896 1024 160 ) (896 1024 32 ) (896 832 32 ) 
4 226 227 (992 768 0 ) (992 576 0 ) (992 576 112 ) (992 768 112 ) 
4 227 228 (608 768 0 ) (608 576 0 ) (608 576 112 ) (608 768 112 ) 
4 228 232 (576 768 0 ) (576 576 0 ) (576 576 112 ) (576 768 112 ) 
4 229 244 (-96 1152 256 ) (-96 768 256 ) (-96 768 320 ) (-96 1152 320 ) 
4 229 238 (192 768 256 ) (-96 768 256 ) (-96 1152 256 ) (192 1152 256 ) 
4 230 234 (384 1056 0 ) (384 864 0 ) (384 864 128 ) (384 1056 128 ) 
4 230 231 (384 800 0 ) (576 800 0 ) (576 800 112 ) (384 800 112 ) 
4 231 232 (384 768 112 ) (384 768 0 ) (576 768 0 ) (576 768 112 ) 
4 233 236 (256 1280 0 ) (256 1216 0 ) (256 1216 256 ) (256 1280 256 ) 
4 233 238 (256 1152 0 ) (256 1056 0 ) (256 1056 256 ) (256 1152 256 ) 
4 233 235 (256 1056 256 ) (256 1056 0 ) (352 1056 0 ) (352 1056 256 ) 
4 234 235 (352 1056 128 ) (352 1056 0 ) (352 864 0 ) (352 864 128 ) 
4 235 239 (256 704 0 ) (256 576 0 ) (256 576 256 ) (256 704 256 ) 
4 235 238 (256 1056 0 ) (256 768 0 ) (256 768 256 ) (256 1056 256 ) 
4 236 237 (192 1280 256 ) (192 1280 0 ) (192 1216 0 ) (192 1216 256 ) 
4 237 246 (-96 1216 0 ) (-96 1152 0 ) (-96 1152 256 ) (-96 1216 256 ) 
4 237 245 (-96 1280 256 ) (-96 1280 0 ) (-96 1216 0 ) (-96 1216 256 ) 
4 237 238 (-96 1152 0 ) (192 1152 0 ) (192 1152 256 ) (-96 1152 256 ) 
4 238 247 (-96 1152 0 ) (-96 768 0 ) (-96 768 256 ) (-96 1152 256 ) 
4 238 240 (-96 768 256 ) (-96 768 0 ) (192 768 0 ) (192 768 256 ) 
4 239 240 (192 704 0 ) (192 576 0 ) (192 576 256 ) (192 704 256 ) 
4 240 258 (-96 704 0 ) (-96 576 0 ) (-96 576 256 ) (-96 704 256 ) 
4 240 248 (-96 768 0 ) (-96 704 0 ) (-96 704 256 ) (-96 768 256 ) 
4 240 241 (-96 576 128 ) (-96 576 0 ) (96 576 0 ) (96 576 128 ) 
4 241 243 (-96 448 128 ) (-96 448 0 ) (96 448 0 ) (96 448 128 ) 
4 242 286 (-96 448 640 ) (-96 448 384 ) (-96 -320 384 ) (-96 -320 640 ) 
4 242 243 (-96 320 384 ) (-96 448 384 ) (128 448 384 ) (128 320 384 ) 
4 243 287 (-96 320 384 ) (-96 448 384 ) (-96 448 -32 ) (-96 320 -32 ) 
4 244 247 (-192 1152 256 ) (-96 1152 256 ) (-96 768 256 ) (-192 768 256 ) 
4 245 249 (-352 1216 0 ) (-256 1216 0 ) (-256 1216 256 ) (-352 1216 256 ) 
4 245 246 (-192 1216 0 ) (-96 1216 0 ) (-96 1216 256 ) (-192 1216 256 ) 
4 246 247 (-192 1152 0 ) (-96 1152 0 ) (-96 1152 256 ) (-192 1152 256 ) 
4 247 256 (-256 832 0 ) (-256 768 0 ) (-256 768 48 ) (-256 832 48 ) 
4 247 255 (-256 864 0 ) (-256 832 0 ) (-256 832 48 ) (-256 864 48 ) 
4 247 254 (-256 1056 0 ) (-256 864 0 ) (-256 864 48 ) (-256 1056 48 ) 
4 247 253 (-256 1088 0 ) (-256 1056 0 ) (-256 1056 48 ) (-256 1088 48 ) 
4 247 252 (-256 1152 0 ) (-256 1088 0 ) (-256 1088 48 ) (-256 1152 48 ) 
4 247 250 (-256 768 208 ) (-256 768 256 ) (-256 1152 256 ) (-256 1152 208 ) 
4 247 251 (-256 768 48 ) (-256 768 208 ) (-256 1152 208 ) (-256 1152 48 ) 
4 247 248 (-192 768 0 ) (-96 768 0 ) (-96 768 256 ) (-192 768 256 ) 
4 248 258 (-192 704 0 ) (-96 704 0 ) (-96 704 256 ) (-192 704 256 ) 
4 249 252 (-352 1184 0 ) (-256 1184 0 ) (-256 1184 48 ) (-352 1184 48 ) 
4 249 250 (-256 1184 208 ) (-256 1184 256 ) (-352 1184 256 ) (-352 1184 208 ) 
4 249 251 (-256 1184 48 ) (-256 1184 208 ) (-352 1184 208 ) (-352 1184 48 ) 
4 250 257 (-256 736 208 ) (-256 736 256 ) (-352 736 256 ) (-352 736 208 ) 
4 250 251 (-352 1184 208 ) (-256 1184 208 ) (-256 736 208 ) (-352 736 208 ) 
4 251 259 (-384 1184 208 ) (-384 1184 48 ) (-384 736 48 ) (-384 736 208 ) 
4 251 257 (-256 736 48 ) (-256 736 208 ) (-352 736 208 ) (-352 736 48 ) 
4 251 256 (-256 736 48 ) (-352 736 48 ) (-352 832 48 ) (-256 832 48 ) 
4 251 255 (-288 864 48 ) (-256 864 48 ) (-256 832 48 ) (-288 832 48 ) 
4 251 254 (-368 1056 48 ) (-256 1056 48 ) (-256 864 48 ) (-368 864 48 ) 
4 251 253 (-288 1088 48 ) (-256 1088 48 ) (-256 1056 48 ) (-288 1056 48 ) 
4 251 252 (-352 1184 48 ) (-256 1184 48 ) (-256 1088 48 ) (-352 1088 48 ) 
4 252 253 (-288 1088 0 ) (-256 1088 0 ) (-256 1088 48 ) (-288 1088 48 ) 
4 253 254 (-256 1056 48 ) (-288 1056 48 ) (-288 1056 0 ) (-256 1056 0 ) 
4 254 255 (-288 864 0 ) (-256 864 0 ) (-256 864 48 ) (-288 864 48 ) 
4 255 256 (-256 832 48 ) (-288 832 48 ) (-288 832 0 ) (-256 832 0 ) 
4 256 257 (-352 736 0 ) (-256 736 0 ) (-256 736 48 ) (-352 736 48 ) 
4 257 258 (-352 704 0 ) (-256 704 0 ) (-256 704 256 ) (-352 704 256 ) 
4 259 260 (-576 736 208 ) (-576 736 48 ) (-384 736 48 ) (-384 736 208 ) 
4 261 264 (-688 1280 32 ) (-640 1280 32 ) (-640 1024 32 ) (-688 1024 32 ) 
4 261 263 (-688 896 128 ) (-688 896 208 ) (-688 944 208 ) (-688 944 128 ) 
4 261 262 (-688 1280 208 ) (-688 1280 32 ) (-688 944 32 ) (-688 944 208 ) 
4 262 280 (-736 1024 32 ) (-736 944 32 ) (-736 944 128 ) (-736 1024 128 ) 
4 262 279 (-736 944 128 ) (-736 944 176 ) (-736 1024 176 ) (-736 1024 128 ) 
4 262 271 (-736 1280 176 ) (-736 1280 48 ) (-736 1248 48 ) (-736 1248 176 ) 
4 262 273 (-736 1248 32 ) (-736 1024 32 ) (-736 1024 176 ) (-736 1248 176 ) 
4 262 265 (-736 1280 208 ) (-736 1280 176 ) (-736 944 176 ) (-736 944 208 ) 
4 262 264 (-736 1024 32 ) (-736 1280 32 ) (-688 1280 32 ) (-688 1024 32 ) 
4 262 263 (-688 944 128 ) (-688 944 208 ) (-736 944 208 ) (-736 944 128 ) 
4 263 279 (-736 896 128 ) (-736 896 176 ) (-736 944 176 ) (-736 944 128 ) 
4 263 265 (-736 896 176 ) (-736 896 208 ) (-736 944 208 ) (-736 944 176 ) 
4 264 273 (-736 1248 0 ) (-736 1024 0 ) (-736 1024 32 ) (-736 1248 32 ) 
4 265 281 (-752 896 176 ) (-992 896 176 ) (-992 1024 176 ) (-752 1024 176 ) 
4 265 279 (-736 1024 176 ) (-736 896 176 ) (-752 896 176 ) (-752 1024 176 ) 
4 265 277 (-960 1056 176 ) (-960 1024 176 ) (-992 1024 176 ) (-992 1056 176 ) 
4 265 274 (-992 1280 176 ) (-960 1280 176 ) (-960 1248 176 ) (-992 1248 176 ) 
4 265 276 (-960 1248 176 ) (-960 1056 176 ) (-992 1056 176 ) (-992 1248 176 ) 
4 265 271 (-768 1280 176 ) (-736 1280 176 ) (-736 1248 176 ) (-768 1248 176 ) 
4 265 272 (-960 1280 176 ) (-768 1280 176 ) (-768 1248 176 ) (-960 1248 176 ) 
4 265 273 (-736 1248 176 ) (-736 1024 176 ) (-960 1024 176 ) (-960 1248 176 ) 
4 266 278 (-1216 1280 176 ) (-1024 1280 176 ) (-1024 1184 176 ) (-1216 1184 176 ) 
4 266 268 (-1216 1280 256 ) (-1216 1280 176 ) (-1216 1184 176 ) (-1216 1184 256 ) 
4 266 267 (-1216 1184 176 ) (-1024 1184 176 ) (-1024 1184 256 ) (-1216 1184 256 ) 
4 267 278 (-1024 1184 176 ) (-1024 1120 176 ) (-1216 1120 176 ) (-1216 1184 176 ) 
4 267 270 (-1216 1120 176 ) (-1024 1120 176 ) (-1024 1120 256 ) (-1216 1120 256 ) 
4 267 268 (-1216 1184 256 ) (-1216 1184 176 ) (-1216 1120 176 ) (-1216 1120 256 ) 
4 268 278 (-1280 1280 176 ) (-1216 1280 176 ) (-1216 1120 176 ) (-1280 1120 176 ) 
4 268 270 (-1280 1120 176 ) (-1216 1120 176 ) (-1216 1120 256 ) (-1280 1120 256 ) 
4 268 269 (-1280 1280 256 ) (-1280 1280 176 ) (-1280 1120 176 ) (-1280 1120 256 ) 
4 269 278 (-1376 1120 176 ) (-1376 1280 176 ) (-1280 1280 176 ) (-1280 1120 176 ) 
4 269 270 (-1376 1120 176 ) (-1280 1120 176 ) (-1280 1120 320 ) (-1376 1120 320 ) 
5 270 278 (-1376 1088 176 ) (-1376 1120 176 ) (-1024 1120 176 ) (-1024 1024 176 ) (-1312 1024 176 ) 
4 271 272 (-768 1280 176 ) (-768 1280 48 ) (-768 1248 48 ) (-768 1248 176 ) 
4 271 273 (-736 1248 48 ) (-736 1248 176 ) (-768 1248 176 ) (-768 1248 48 ) 
4 272 274 (-960 1280 176 ) (-960 1280 48 ) (-960 1248 48 ) (-960 1248 176 ) 
4 272 273 (-960 1248 0 ) (-768 1248 0 ) (-768 1248 176 ) (-960 1248 176 ) 
4 273 284 (-960 1024 160 ) (-960 1024 32 ) (-880 1024 32 ) (-880 1024 160 ) 
4 273 283 (-880 1024 32 ) (-816 1024 32 ) (-816 1024 160 ) (-880 1024 160 ) 
4 273 282 (-816 1024 32 ) (-752 1024 32 ) (-752 1024 160 ) (-816 1024 160 ) 
4 273 281 (-752 1024 176 ) (-960 1024 176 ) (-960 1024 160 ) (-752 1024 160 ) 
4 273 280 (-736 1024 32 ) (-736 1024 128 ) (-752 1024 128 ) (-752 1024 32 ) 
4 273 279 (-736 1024 128 ) (-736 1024 176 ) (-752 1024 176 ) (-752 1024 128 ) 
4 273 277 (-960 1056 0 ) (-960 1024 0 ) (-960 1024 176 ) (-960 1056 176 ) 
4 273 276 (-960 1248 0 ) (-960 1056 0 ) (-960 1056 176 ) (-960 1248 176 ) 
4 274 278 (-1024 1248 176 ) (-1024 1280 176 ) (-1024 1280 48 ) (-1024 1248 48 ) 
4 274 275 (-1024 1248 48 ) (-1024 1280 48 ) (-992 1280 48 ) (-992 1248 48 ) 
4 274 276 (-960 1248 48 ) (-960 1248 176 ) (-1024 1248 176 ) (-1024 1248 48 ) 
4 275 278 (-1024 1280 48 ) (-1024 1280 0 ) (-1024 1248 0 ) (-1024 1248 48 ) 
4 275 276 (-1024 1248 0 ) (-992 1248 0 ) (-992 1248 48 ) (-1024 1248 48 ) 
4 276 278 (-1024 1056 176 ) (-1024 1248 176 ) (-1024 1248 0 ) (-1024 1056 0 ) 
4 276 277 (-992 1056 0 ) (-960 1056 0 ) (-960 1056 176 ) (-992 1056 176 ) 
4 277 284 (-992 1024 160 ) (-992 1024 32 ) (-960 1024 32 ) (-960 1024 160 ) 
4 277 281 (-960 1024 176 ) (-992 1024 176 ) (-992 1024 160 ) (-960 1024 160 ) 
4 279 282 (-752 1024 160 ) (-752 1024 128 ) (-752 944 128 ) (-752 944 160 ) 
4 279 281 (-752 1024 176 ) (-752 1024 160 ) (-752 896 160 ) (-752 896 176 ) 
4 279 280 (-752 1024 128 ) (-736 1024 128 ) (-736 944 128 ) (-752 944 128 ) 
4 280 282 (-752 1024 128 ) (-752 1024 32 ) (-752 944 32 ) (-752 944 128 ) 
4 281 285 (-944 896 160 ) (-992 896 160 ) (-992 944 160 ) (-944 944 160 ) 
4 281 284 (-992 1024 160 ) (-880 1024 160 ) (-880 944 160 ) (-992 944 160 ) 
4 281 283 (-880 1024 160 ) (-816 1024 160 ) (-816 960 160 ) (-880 960 160 ) 
4 281 282 (-816 1024 160 ) (-752 1024 160 ) (-752 944 160 ) (-816 944 160 ) 
4 282 283 (-816 1024 160 ) (-816 1024 32 ) (-816 960 32 ) (-816 960 160 ) 
4 283 284 (-880 960 160 ) (-880 1024 160 ) (-880 1024 32 ) (-880 960 32 ) 
4 284 285 (-992 944 160 ) (-992 944 32 ) (-944 944 32 ) (-944 944 160 ) 
4 286 287 (-128 448 384 ) (-96 448 384 ) (-96 320 384 ) (-128 320 384 ) 
0 1 2 3 4 -1
5 -1
6 -1
7 -1
8 -1
9 10 11 12 13 -1
14 -1
15 16 17 18 19 -1
20 -1
21 -1
22 23 24 25 26 -1
27 -1
28 29 30 31 32 -1
33 -1
34 35 36 37 38 -1
39 -1
40 -1
41 -1
42 43 44 45 46 47 48 49 50 51 52 53 54 55 56 57 58 59 60 61 62 63 64 65 66 67 68 69 70 71 72 73 74 75 -1
76 -1
77 -1
78 -1
79 -1
80 -1
81 -1
82 -1
83 -1
84 -1
85 -1
86 -1
87 -1
88 -1
89 -1
90 91 92 93 94 -1
95 -1
96 -1
97 -1
98 -1
99 -1
100 -1
101 102 103 104 105 106 107 -1
108 -1
109 -1
110 111 112 -1
113 114 115 116 117 -1
118 -1
119 -1
120 -1
121 122 123 124 125 -1
126 127 128 129 -1
130 131 132 133 134 135 136 137 138 139 140 141 142 143 144 145 146 -1
147 148 149 150 151 -1
152 -1
153 -1
154 -1
155 156 157 158 159 -1
160 161 162 -1
163 -1
164 -1
165 -1
166 -1
167 -1
168 -1
169 -1
170 -1
171 -1
172 -1
173 -1
174 175 176 177 178 179 180 -1
181 -1
182 -1
183 -1
184 -1
185 -1
186 -1
187 -1
188 -1
189 -1
190 -1
191 -1
192 -1
193 -1
194 -1
195 -1
196 -1
197 -1
198 -1
199 -1
200 -1
201 -1
202 -1
203 -1
204 -1
205 -1
206 -1
207 -1
208 -1
209 -1
210 -1
211 -1
212 -1
213 -1
214 -1
215 -1
216 -1
217 -1
218 -1
219 -1
220 -1
221 222 223 224 225 -1
226 -1
227 -1
228 -1
229 -1
230 -1
231 -1
232 -1
233 -1
234 -1
235 -1
236 -1
237 -1
238 239 240 241 -1
242 243 244 245 246 247 248 249 250 251 252 253 -1
254 255 256 257 -1
258 -1
259 -1
260 261 262 263 -1
264 -1
265 -1
266 -1
267 268 269 270 271 -1
272 -1
273 -1
274 -1
275 -1
276 -1
277 -1
278 -1
279 -1
280 281 282 283 284 -1
285 -1
286 -1
287 288 289 290 291 -1
292 -1
293 -1
294 -1
295 -1
296 -1
297 -1
298 -1
299 -1
300 -1
301 -1
302 -1
303 -1
304 -1
305 -1
306 -1
307 308 309 310 311 -1
312 -1
313 314 315 316 317 -1
318 -1
319 -1
320 -1
321 -1
322 -1
323 324 325 -1
326 -1
327 -1
328 -1
329 -1
330 -1
331 -1
332 333 334 -1
335 -1
336 -1
337 -1
338 -1
339 -1
340 -1
341 342 343 344 345 -1
346 347 348 349 350 -1
351 -1
352 -1
353 -1
354 -1
355 356 357 358 -1
359 360 361 362 -1
363 -1
364 -1
365 -1
366 -1
367 -1
368 -1
369 -1
370 -1
371 -1
372 -1
373 -1
374 -1
375 -1
376 -1
377 -1
378 -1
379 -1
380 -1
381 -1
382 -1
383 -1
384 -1
385 -1
386 -1
387 -1
388 -1
389 -1
390 -1
391 -1
392 -1
393 -1
394 395 396 -1
397 398 399 400 401 -1
402 -1
403 404 405 406 -1
407 -1
408 -1
409 -1
410 411 412 413 414 -1
415 -1
416 417 418 -1
419 -1
420 -1
421 422 423 424 425 -1
426 427 428 429 430 -1
431 -1
432 433 434 435 436 -1
437 -1
438 -1
439 -1
440 -1
441 442 443 444 445 -1
446 -1
447 448 449 450 451 452 453 454 455 456 457 458 459 460 461 462 463 464 465 466 467 468 469 470 471 472 473 474 475 476 477 478 479 480 481 482 483 484 485 486 487 488 489 490 491 492 493 494 -1
495 -1
496 497 498 -1
499 -1
500 -1
501 -1
502 -1
503 -1
504 -1
505 -1
506 -1
507 -1
508 -1
509 -1
510 -1
511 -1
512 513 514 515 516 -1
517 518 519 520 521 522 -1
523 -1
524 525 526 -1
527 -1
528 -1
529 -1
530 -1
531 -1
532 -1
533 -1
534 -1
535 536 537 538 539 -1
540 -1
541 -1
542 -1
543 -1
544 -1
545 -1
546 -1
547 548 549 550 551 552 553 554 555 556 557 558 559 -1
560 -1
561 -1
562 -1
563 -1
564 -1
565 -1
566 -1
567 568 569 570 571 572 573 574 575 576 577 578 579 580 581 582 583 584 585 586 587 588 589 590 591 592 593 -1
594 -1
