PRT2
1889
155
342
4 0 26 (-88 864 192 ) (-240 864 192 ) (-240 1120 192 ) (-88 1120 192 ) 
4 0 22 (288 1120 192 ) (288 864 192 ) (-88 864 192 ) (-88 1120 192 ) 
4 0 14 (-240 1120 192 ) (-240 864 192 ) (-240 864 896 ) (-240 1120 896 ) 
4 0 2 (-240 864 352 ) (-240 864 192 ) (-16 864 192 ) (-16 864 352 ) 
4 0 1 (-240 864 768 ) (-240 864 384 ) (128 864 384 ) (128 864 768 ) 
4 1 15 (-240 864 768 ) (-240 864 384 ) (-240 512 384 ) (-240 512 768 ) 
4 1 6 (128 512 768 ) (-240 512 768 ) (-240 512 384 ) (128 512 384 ) 
4 1 5 (128 512 384 ) (-240 512 384 ) (-240 704 384 ) (128 704 384 ) 
4 2 3 (-16 844 352 ) (-240 844 352 ) (-240 844 192 ) (-16 844 192 ) 
4 3 4 (-240 836 352 ) (-240 836 192 ) (-16 836 192 ) (-16 836 352 ) 
4 4 5 (-240 704 352 ) (-240 704 192 ) (-16 704 192 ) (-16 704 352 ) 
4 5 16 (-240 704 192 ) (-240 512 192 ) (-240 512 384 ) (-240 704 384 ) 
4 5 12 (-240 512 192 ) (128 512 192 ) (128 512 352 ) (-240 512 352 ) 
4 5 11 (-32 512 384 ) (-96 512 384 ) (-96 512 352 ) (-32 512 352 ) 
4 5 10 (128 512 352 ) (128 512 384 ) (-32 512 384 ) (-32 512 352 ) 
4 6 19 (-240 512 576 ) (-240 512 384 ) (-240 192 384 ) (-240 192 576 ) 
4 6 18 (-240 512 768 ) (-240 512 576 ) (-240 192 576 ) (-240 192 768 ) 
3 6 11 (-96 512 384 ) (-32 512 384 ) (-32 448 384 ) 
4 6 10 (-32 512 384 ) (128 512 384 ) (128 192 384 ) (-32 192 384 ) 
4 6 8 (-240 192 544 ) (-240 192 384 ) (-32 192 384 ) (-32 192 544 ) 
4 6 7 (128 192 768 ) (-240 192 768 ) (-240 192 576 ) (128 192 576 ) 
4 7 53 (64 80 768 ) (-240 80 768 ) (-240 80 576 ) (64 80 576 ) 
4 7 37 (240 80 768 ) (64 80 768 ) (64 80 576 ) (240 80 576 ) 
4 7 18 (-240 80 576 ) (-240 80 768 ) (-240 192 768 ) (-240 192 576 ) 
4 8 20 (-240 176 544 ) (-240 192 544 ) (-240 192 384 ) (-240 176 384 ) 
4 8 9 (-240 176 544 ) (-240 176 384 ) (-32 176 384 ) (-32 176 544 ) 
4 9 128 (-240 80 400 ) (-240 80 384 ) (-32 80 384 ) (-32 80 400 ) 
4 9 126 (-32 80 384 ) (0 80 384 ) (0 80 400 ) (-32 80 400 ) 
4 9 123 (0 80 384 ) (96 80 384 ) (96 80 400 ) (0 80 400 ) 
4 9 99 (96 80 384 ) (152 80 384 ) (152 80 400 ) (96 80 400 ) 
4 9 58 (64 80 544 ) (-240 80 544 ) (-240 80 400 ) (64 80 400 ) 
4 9 45 (152 80 544 ) (64 80 544 ) (64 80 400 ) (152 80 400 ) 
4 9 20 (-240 80 384 ) (-240 80 544 ) (-240 176 544 ) (-240 176 384 ) 
4 10 12 (-32 512 352 ) (128 512 352 ) (128 192 352 ) (-32 192 352 ) 
4 10 11 (-32 512 384 ) (-32 512 352 ) (-32 448 352 ) (-32 448 384 ) 
3 11 12 (-96 512 352 ) (-32 512 352 ) (-32 448 352 ) 
4 12 21 (-240 192 352 ) (-240 512 352 ) (-240 512 192 ) (-240 192 192 ) 
4 12 13 (-240 192 192 ) (128 192 192 ) (128 192 352 ) (-240 192 352 ) 
4 13 127 (-32 80 192 ) (0 80 192 ) (0 80 352 ) (-32 80 352 ) 
4 13 125 (0 80 192 ) (96 80 192 ) (96 80 352 ) (0 80 352 ) 
4 13 106 (96 80 192 ) (128 80 192 ) (128 80 352 ) (96 80 352 ) 
4 13 105 (128 80 192 ) (160 80 192 ) (160 80 352 ) (128 80 352 ) 
4 13 102 (160 80 192 ) (224 80 192 ) (224 80 352 ) (160 80 352 ) 
4 13 100 (224 80 192 ) (352 80 192 ) (352 80 352 ) (224 80 352 ) 
5 13 23 (352 80 192 ) (128 80 192 ) (128 192 192 ) (256 192 192 ) (352 96 192 ) 
4 13 21 (-240 184 352 ) (-240 192 352 ) (-240 192 192 ) (-240 184 192 ) 
4 14 26 (-512 1120 192 ) (-240 1120 192 ) (-240 864 192 ) (-512 864 192 ) 
4 14 17 (-512 1120 192 ) (-512 864 192 ) (-512 864 896 ) (-512 1120 896 ) 
4 14 15 (-240 864 384 ) (-240 864 768 ) (-512 864 768 ) (-512 864 384 ) 
4 15 19 (-240 512 384 ) (-240 512 576 ) (-512 512 576 ) (-512 512 384 ) 
4 15 18 (-240 512 576 ) (-240 512 768 ) (-512 512 768 ) (-512 512 576 ) 
4 15 16 (-256 704 384 ) (-240 704 384 ) (-240 512 384 ) (-256 512 384 ) 
4 16 21 (-256 512 192 ) (-240 512 192 ) (-240 512 352 ) (-256 512 352 ) 
4 17 26 (-704 1120 192 ) (-512 1120 192 ) (-512 864 192 ) (-704 864 192 ) 
4 18 57 (-320 80 768 ) (-512 80 768 ) (-512 80 576 ) (-320 80 576 ) 
4 18 56 (-320 80 608 ) (-320 80 576 ) (-256 80 576 ) (-256 80 608 ) 
4 18 55 (-320 80 704 ) (-320 80 608 ) (-256 80 608 ) (-256 80 704 ) 
4 18 54 (-256 80 768 ) (-320 80 768 ) (-320 80 704 ) (-256 80 704 ) 
4 18 53 (-240 80 576 ) (-240 80 768 ) (-256 80 768 ) (-256 80 576 ) 
4 18 19 (-512 512 576 ) (-240 512 576 ) (-240 192 576 ) (-512 192 576 ) 
4 19 20 (-384 192 384 ) (-240 192 384 ) (-240 192 544 ) (-384 192 544 ) 
4 20 128 (-384 80 384 ) (-240 80 384 ) (-240 80 400 ) (-384 80 400 ) 
4 20 58 (-240 80 400 ) (-240 80 544 ) (-384 80 544 ) (-384 80 400 ) 
4 22 26 (-88 864 -384 ) (-88 864 192 ) (-88 1120 192 ) (-88 1120 -384 ) 
4 23 105 (160 80 192 ) (128 80 192 ) (128 80 176 ) (160 80 176 ) 
4 23 102 (224 80 192 ) (160 80 192 ) (160 80 0 ) (224 80 0 ) 
4 23 100 (352 80 192 ) (224 80 192 ) (224 80 0 ) (352 80 0 ) 
4 24 27 (-88 128 128 ) (-88 160 128 ) (-88 160 -352 ) (-88 128 -352 ) 
4 25 27 (-88 80 -352 ) (-88 80 128 ) (-88 112 128 ) (-88 112 -352 ) 
4 27 135 (-88 80 -352 ) (-88 80 128 ) (-360 80 128 ) (-360 80 -352 ) 
4 27 28 (-360 160 -352 ) (-360 128 -352 ) (-360 128 128 ) (-360 160 128 ) 
4 27 29 (-360 112 -352 ) (-360 80 -352 ) (-360 80 128 ) (-360 112 128 ) 
4 30 33 (512 -144 784 ) (512 -176 784 ) (512 -176 816 ) (512 -144 816 ) 
4 31 110 (768 -560 400 ) (768 -912 400 ) (512 -912 400 ) (512 -560 400 ) 
4 31 47 (512 -560 400 ) (512 -912 400 ) (512 -912 464 ) (512 -560 464 ) 
4 32 59 (64 0 960 ) (64 0 896 ) (64 -320 896 ) (64 -320 960 ) 
4 32 36 (64 -320 896 ) (64 0 896 ) (128 0 896 ) (128 -320 896 ) 
4 33 34 (508 32 576 ) (508 -352 576 ) (508 -352 832 ) (508 32 832 ) 
4 34 35 (500 32 832 ) (500 32 576 ) (500 -352 576 ) (500 -352 832 ) 
4 35 38 (320 0 576 ) (320 -320 576 ) (320 -320 832 ) (320 0 832 ) 
4 36 59 (64 0 832 ) (64 -320 832 ) (64 -320 896 ) (64 0 896 ) 
4 36 38 (64 -320 832 ) (64 0 832 ) (192 0 832 ) (192 -320 832 ) 
4 37 53 (64 80 768 ) (64 80 576 ) (64 32 576 ) (64 32 768 ) 
4 37 38 (64 0 768 ) (64 0 576 ) (256 0 576 ) (256 0 768 ) 
4 38 59 (64 0 576 ) (64 -320 576 ) (64 -320 832 ) (64 0 832 ) 
4 38 39 (192 -320 704 ) (64 -320 704 ) (64 -320 576 ) (192 -320 576 ) 
4 39 43 (64 -352 704 ) (64 -352 576 ) (192 -352 576 ) (192 -352 704 ) 
4 40 46 (320 -528 896 ) (256 -528 896 ) (256 -528 576 ) (320 -528 576 ) 
4 40 44 (320 -528 576 ) (256 -528 576 ) (256 -384 576 ) (320 -384 576 ) 
4 40 41 (256 -528 768 ) (256 -528 896 ) (256 -384 896 ) (256 -384 768 ) 
4 41 46 (256 -528 896 ) (240 -528 896 ) (240 -528 768 ) (256 -528 768 ) 
4 41 42 (240 -352 896 ) (240 -352 800 ) (240 -528 800 ) (240 -528 896 ) 
4 42 74 (64 -528 800 ) (64 -528 896 ) (64 -352 896 ) (64 -352 800 ) 
4 42 46 (240 -528 896 ) (64 -528 896 ) (64 -528 800 ) (240 -528 800 ) 
4 43 76 (64 -352 576 ) (64 -512 576 ) (64 -512 672 ) (64 -352 672 ) 
4 43 75 (64 -512 672 ) (64 -512 736 ) (64 -352 736 ) (64 -352 672 ) 
4 44 46 (320 -528 576 ) (256 -528 576 ) (256 -528 480 ) (320 -528 480 ) 
5 45 145 (96 -352 400 ) (96 -488 400 ) (72 -512 400 ) (64 -512 400 ) (64 -352 400 ) 
4 45 123 (64 80 400 ) (96 80 400 ) (96 -224 400 ) (64 -256 400 ) 
4 45 121 (96 -224 400 ) (96 -352 400 ) (64 -352 400 ) (64 -256 400 ) 
5 45 99 (96 80 400 ) (152 80 400 ) (296 -64 400 ) (296 -288 400 ) (96 -488 400 ) 
4 45 77 (64 -352 400 ) (64 -512 400 ) (64 -512 544 ) (64 -352 544 ) 
4 45 64 (64 -320 400 ) (64 -352 400 ) (64 -352 544 ) (64 -320 544 ) 
4 45 62 (64 0 400 ) (64 -320 400 ) (64 -320 544 ) (64 0 544 ) 
4 45 58 (64 80 544 ) (64 80 400 ) (64 0 400 ) (64 0 544 ) 
4 46 86 (64 -912 480 ) (64 -912 896 ) (64 -528 896 ) (64 -528 480 ) 
4 46 50 (64 -912 896 ) (64 -912 480 ) (320 -912 480 ) (320 -912 896 ) 
4 46 49 (64 -912 480 ) (64 -528 480 ) (216 -528 480 ) (216 -912 480 ) 
4 47 110 (512 -560 400 ) (512 -912 400 ) (256 -912 400 ) (256 -560 400 ) 
4 48 118 (224 -912 400 ) (216 -912 400 ) (216 -896 400 ) (224 -896 400 ) 
4 48 116 (216 -896 400 ) (216 -672 400 ) (224 -672 400 ) (224 -896 400 ) 
4 48 115 (216 -672 400 ) (216 -640 400 ) (224 -640 400 ) (224 -672 400 ) 
4 48 114 (216 -640 400 ) (216 -576 400 ) (224 -576 400 ) (224 -640 400 ) 
4 48 113 (216 -576 400 ) (216 -528 400 ) (224 -528 400 ) (224 -576 400 ) 
4 48 51 (216 -912 400 ) (224 -912 400 ) (224 -912 464 ) (216 -912 464 ) 
4 48 49 (216 -528 464 ) (216 -528 400 ) (216 -912 400 ) (216 -912 464 ) 
4 49 151 (96 -912 400 ) (64 -912 400 ) (64 -800 400 ) (96 -800 400 ) 
4 49 150 (64 -800 400 ) (64 -528 400 ) (96 -528 400 ) (96 -800 400 ) 
4 49 118 (216 -912 400 ) (96 -912 400 ) (96 -896 400 ) (216 -896 400 ) 
4 49 116 (96 -896 400 ) (96 -672 400 ) (216 -672 400 ) (216 -896 400 ) 
4 49 115 (96 -672 400 ) (96 -640 400 ) (216 -640 400 ) (216 -672 400 ) 
4 49 114 (96 -640 400 ) (96 -576 400 ) (216 -576 400 ) (216 -640 400 ) 
4 49 113 (96 -576 400 ) (96 -528 400 ) (216 -528 400 ) (216 -576 400 ) 
4 49 96 (64 -528 400 ) (64 -912 400 ) (64 -912 432 ) (64 -528 432 ) 
4 49 86 (64 -912 432 ) (64 -912 480 ) (64 -528 480 ) (64 -528 432 ) 
4 49 52 (64 -912 480 ) (64 -912 400 ) (216 -912 400 ) (216 -912 480 ) 
4 50 86 (64 -912 896 ) (64 -912 480 ) (64 -928 480 ) (64 -928 896 ) 
4 50 52 (216 -928 480 ) (64 -928 480 ) (64 -912 480 ) (216 -912 480 ) 
4 51 118 (224 -928 400 ) (216 -928 400 ) (216 -912 400 ) (224 -912 400 ) 
4 51 52 (216 -912 400 ) (216 -928 400 ) (216 -928 464 ) (216 -912 464 ) 
4 52 151 (96 -928 400 ) (64 -928 400 ) (64 -912 400 ) (96 -912 400 ) 
4 52 118 (216 -928 400 ) (96 -928 400 ) (96 -912 400 ) (216 -912 400 ) 
4 52 96 (64 -912 432 ) (64 -912 400 ) (64 -928 400 ) (64 -928 432 ) 
4 52 86 (64 -912 480 ) (64 -912 432 ) (64 -928 432 ) (64 -928 480 ) 
4 53 56 (-256 80 608 ) (-256 80 576 ) (-256 32 576 ) (-256 32 608 ) 
4 53 55 (-256 80 704 ) (-256 80 608 ) (-256 32 608 ) (-256 32 704 ) 
4 53 54 (-256 80 768 ) (-256 80 704 ) (-256 32 704 ) (-256 32 768 ) 
4 54 57 (-320 32 768 ) (-320 80 768 ) (-320 80 704 ) (-320 32 704 ) 
4 54 55 (-320 32 704 ) (-320 80 704 ) (-256 80 704 ) (-256 32 704 ) 
4 55 59 (-320 0 704 ) (-320 0 608 ) (-256 0 608 ) (-256 0 704 ) 
4 55 57 (-320 32 704 ) (-320 80 704 ) (-320 80 608 ) (-320 32 608 ) 
4 55 56 (-320 32 608 ) (-320 80 608 ) (-256 80 608 ) (-256 32 608 ) 
4 56 57 (-320 32 608 ) (-320 80 608 ) (-320 80 576 ) (-320 32 576 ) 
5 58 128 (-384 80 400 ) (-32 80 400 ) (0 64 400 ) (0 0 400 ) (-384 0 400 ) 
3 58 126 (-32 80 400 ) (0 80 400 ) (0 64 400 ) 
4 58 123 (0 80 400 ) (64 80 400 ) (64 0 400 ) (0 0 400 ) 
4 58 62 (-96 0 400 ) (64 0 400 ) (64 0 544 ) (-96 0 544 ) 
4 58 63 (-384 0 400 ) (-96 0 400 ) (-96 0 544 ) (-384 0 544 ) 
4 59 72 (-448 -208 896 ) (-448 -112 896 ) (-448 -112 576 ) (-448 -208 576 ) 
4 59 66 (-448 -96 896 ) (-448 -224 896 ) (-448 -224 1024 ) (-448 -96 1024 ) 
3 59 60 (-32 -320 576 ) (-96 -320 576 ) (-96 -256 576 ) 
3 59 61 (-96 0 576 ) (-24 0 576 ) (-96 -72 576 ) 
6 59 63 (-448 -256 576 ) (-448 -64 576 ) (-384 0 576 ) (-96 0 576 ) (-96 -320 576 ) (-384 -320 576 ) 
4 60 63 (-96 -256 544 ) (-96 -320 544 ) (-96 -320 576 ) (-96 -256 576 ) 
3 60 62 (-32 -320 544 ) (-96 -320 544 ) (-96 -256 544 ) 
3 61 62 (-96 0 544 ) (-24 0 544 ) (-96 -72 544 ) 
4 61 63 (-96 0 576 ) (-96 0 544 ) (-96 -72 544 ) (-96 -72 576 ) 
4 62 129 (-96 0 400 ) (0 0 400 ) (0 -320 400 ) (-96 -320 400 ) 
4 62 123 (0 0 400 ) (64 0 400 ) (64 -256 400 ) (0 -320 400 ) 
3 62 121 (64 -256 400 ) (64 -320 400 ) (0 -320 400 ) 
4 62 64 (0 -320 400 ) (64 -320 400 ) (64 -320 544 ) (0 -320 544 ) 
4 62 63 (-96 0 544 ) (-96 0 400 ) (-96 -320 400 ) (-96 -320 544 ) 
4 63 132 (-384 0 400 ) (-384 -320 400 ) (-448 -256 400 ) (-448 -64 400 ) 
4 63 129 (-384 0 400 ) (-96 0 400 ) (-96 -320 400 ) (-384 -320 400 ) 
4 63 72 (-448 -112 400 ) (-448 -208 400 ) (-448 -208 576 ) (-448 -112 576 ) 
4 64 121 (64 -320 400 ) (64 -352 400 ) (0 -352 400 ) (0 -320 400 ) 
4 64 77 (0 -352 400 ) (64 -352 400 ) (64 -352 544 ) (0 -352 544 ) 
4 65 66 (-544 -96 896 ) (-480 -96 896 ) (-480 -96 1024 ) (-544 -96 1024 ) 
4 66 72 (-448 -112 896 ) (-448 -208 896 ) (-512 -208 896 ) (-512 -112 896 ) 
4 66 70 (-544 -192 896 ) (-544 -224 896 ) (-544 -224 1024 ) (-544 -192 1024 ) 
4 66 68 (-544 -96 896 ) (-544 -128 896 ) (-544 -128 1024 ) (-544 -96 1024 ) 
4 66 69 (-544 -128 896 ) (-544 -192 896 ) (-544 -192 1024 ) (-544 -128 1024 ) 
4 66 67 (-544 -224 1024 ) (-544 -224 896 ) (-480 -224 896 ) (-480 -224 1024 ) 
4 68 69 (-608 -128 896 ) (-544 -128 896 ) (-544 -128 1024 ) (-608 -128 1024 ) 
4 69 70 (-608 -192 896 ) (-544 -192 896 ) (-544 -192 1024 ) (-608 -192 1024 ) 
4 71 142 (-464 -96 400 ) (-464 -112 400 ) (-496 -112 400 ) (-496 -96 400 ) 
4 71 72 (-496 -112 400 ) (-464 -112 400 ) (-464 -112 864 ) (-496 -112 864 ) 
4 72 143 (-448 -112 400 ) (-448 -208 400 ) (-512 -208 400 ) (-512 -112 400 ) 
4 72 73 (-496 -208 400 ) (-464 -208 400 ) (-464 -208 864 ) (-496 -208 864 ) 
4 73 144 (-496 -224 400 ) (-496 -208 400 ) (-464 -208 400 ) (-464 -224 400 ) 
4 74 86 (64 -528 800 ) (64 -528 896 ) (-352 -528 896 ) (-352 -528 800 ) 
4 74 82 (-352 -448 896 ) (-352 -416 896 ) (-352 -416 800 ) (-352 -448 800 ) 
4 74 81 (-352 -416 896 ) (-352 -352 896 ) (-352 -352 800 ) (-352 -416 800 ) 
4 74 83 (-352 -528 800 ) (-352 -528 896 ) (-352 -448 896 ) (-352 -448 800 ) 
4 75 76 (-32 -352 720 ) (64 -352 672 ) (64 -512 672 ) (-32 -512 720 ) 
4 75 78 (-64 -352 736 ) (-32 -352 720 ) (-32 -512 720 ) (-64 -512 736 ) 
4 76 78 (-32 -512 576 ) (-32 -512 720 ) (-32 -352 720 ) (-32 -352 576 ) 
4 77 145 (64 -352 400 ) (64 -512 400 ) (-32 -512 400 ) (-32 -352 400 ) 
4 77 78 (-32 -512 400 ) (-32 -512 544 ) (-32 -352 544 ) (-32 -352 400 ) 
4 78 148 (-320 -512 400 ) (-336 -512 400 ) (-336 -352 400 ) (-320 -352 400 ) 
4 78 145 (-32 -512 400 ) (-320 -512 400 ) (-320 -352 400 ) (-32 -352 400 ) 
4 78 80 (-336 -352 400 ) (-336 -512 400 ) (-336 -512 544 ) (-336 -352 544 ) 
4 78 79 (-336 -512 400 ) (-134.400000 -512 400 ) (-192 -512 544 ) (-336 -512 544 ) 
4 79 152 (-134.400000 -528 400 ) (-336 -528 400 ) (-336 -512 400 ) (-134.400000 -512 400 ) 
4 79 96 (-336 -528 400 ) (-134.400000 -528 400 ) (-147.200000 -528 432 ) (-336 -528 432 ) 
4 79 86 (-147.200000 -528 432 ) (-192 -528 544 ) (-336 -528 544 ) (-336 -528 432 ) 
4 79 80 (-336 -512 400 ) (-336 -528 400 ) (-336 -528 544 ) (-336 -512 544 ) 
4 80 152 (-336 -528 400 ) (-352 -528 400 ) (-352 -512 400 ) (-336 -512 400 ) 
4 80 148 (-352 -512 400 ) (-352 -352 400 ) (-336 -352 400 ) (-336 -512 400 ) 
4 80 96 (-352 -528 400 ) (-336 -528 400 ) (-336 -528 432 ) (-352 -528 432 ) 
4 80 86 (-336 -528 432 ) (-336 -528 544 ) (-352 -528 544 ) (-352 -528 432 ) 
4 80 85 (-352 -352 400 ) (-352 -528 400 ) (-352 -528 544 ) (-352 -352 544 ) 
4 81 82 (-480 -416 896 ) (-480 -416 592 ) (-352 -416 608 ) (-352 -416 896 ) 
4 81 85 (-352 -352 576 ) (-352 -416 576 ) (-480 -416 576 ) (-480 -352 576 ) 
4 81 84 (-480 -416 896 ) (-480 -352 896 ) (-480 -352 576 ) (-480 -416 576 ) 
4 82 84 (-480 -448 896 ) (-480 -416 896 ) (-480 -416 592 ) (-480 -448 592 ) 
4 82 83 (-352 -448 608 ) (-352 -448 896 ) (-480 -448 896 ) (-480 -448 592 ) 
4 83 86 (-480 -528 576 ) (-352 -528 576 ) (-352 -528 896 ) (-480 -528 896 ) 
4 83 84 (-480 -528 576 ) (-480 -528 896 ) (-480 -448 896 ) (-480 -448 576 ) 
4 83 85 (-352 -448 576 ) (-352 -528 576 ) (-480 -528 576 ) (-480 -448 576 ) 
4 84 86 (-576 -528 896 ) (-576 -528 576 ) (-480 -528 576 ) (-480 -528 896 ) 
4 84 85 (-480 -528 576 ) (-576 -528 576 ) (-576 -352 576 ) (-480 -352 576 ) 
4 85 154 (-576 -512 400 ) (-576 -352 400 ) (-448 -352 400 ) (-448 -512 400 ) 
4 85 152 (-352 -528 400 ) (-448 -528 400 ) (-448 -512 400 ) (-352 -512 400 ) 
4 85 148 (-448 -512 400 ) (-448 -352 400 ) (-352 -352 400 ) (-352 -512 400 ) 
4 85 98 (-576 -528 416 ) (-576 -528 400 ) (-464 -528 400 ) (-464 -528 416 ) 
4 85 97 (-576 -528 432 ) (-576 -528 416 ) (-464 -528 416 ) (-464 -528 432 ) 
4 85 96 (-464 -528 400 ) (-352 -528 400 ) (-352 -528 432 ) (-464 -528 432 ) 
4 85 86 (-576 -528 576 ) (-576 -528 432 ) (-352 -528 432 ) (-352 -528 576 ) 
5 86 97 (-576 -584 432 ) (-576 -528 432 ) (-464 -528 432 ) (-424 -688 432 ) (-458.285714 -701.714286 432 ) 
8 86 96 (-464 -528 432 ) (64 -528 432 ) (64 -928 432 ) (-112 -928 432 ) (-208 -904 432 ) (-304 -856 432 ) (-376 -784 432 ) (-424 -688 432 ) 
4 86 88 (-383.987620 -776.012380 432 ) (-378.288284 -781.711716 432 ) (-378.288284 -781.711716 896 ) (-383.987620 -776.012380 896 ) 
4 86 87 (-576 -584 896 ) (-576 -584 432 ) (-383.987620 -776.012380 432 ) (-383.987620 -776.012380 896 ) 
4 86 89 (-378.288284 -781.711716 432 ) (-376 -784 432 ) (-376 -784 896 ) (-378.288284 -781.711716 896 ) 
4 87 97 (-544 -736 432 ) (-576 -608 432 ) (-576 -584 432 ) (-458.285714 -701.714286 432 ) 
4 87 90 (-544 -736 432 ) (-415.201433 -800.399284 432 ) (-415.201433 -800.399284 896 ) (-544 -736 896 ) 
4 87 88 (-415.201433 -800.399284 896 ) (-415.201433 -800.399284 432 ) (-383.987620 -776.012380 432 ) (-383.987620 -776.012380 896 ) 
4 88 91 (-415.201433 -800.399284 432 ) (-407.278027 -804.360986 432 ) (-407.278027 -804.360986 896 ) (-415.201433 -800.399284 896 ) 
4 88 89 (-407.278027 -804.360986 432 ) (-378.288284 -781.711716 432 ) (-378.288284 -781.711716 896 ) (-407.278027 -804.360986 896 ) 
4 89 92 (-407.278027 -804.360986 432 ) (-404.363636 -805.818182 432 ) (-404.363636 -805.818182 896 ) (-407.278027 -804.360986 896 ) 
4 90 93 (-496 -832 896 ) (-496 -832 432 ) (-465.430348 -839.642413 432 ) (-465.430348 -839.642413 896 ) 
4 90 91 (-465.430348 -839.642413 432 ) (-415.201433 -800.399284 432 ) (-415.201433 -800.399284 896 ) (-465.430348 -839.642413 896 ) 
4 91 94 (-465.430348 -839.642413 432 ) (-455.586183 -842.103454 432 ) (-455.586183 -842.103454 896 ) (-465.430348 -839.642413 896 ) 
4 91 92 (-455.586183 -842.103454 896 ) (-455.586183 -842.103454 432 ) (-407.278027 -804.360986 432 ) (-407.278027 -804.360986 896 ) 
4 92 95 (-455.586183 -842.103454 432 ) (-452.528302 -842.867925 432 ) (-452.528302 -842.867925 896 ) (-455.586183 -842.103454 896 ) 
4 93 94 (-484.664939 -854.670122 432 ) (-465.430348 -839.642413 432 ) (-465.430348 -839.642413 896 ) (-484.664939 -854.670122 896 ) 
4 94 95 (-481.014776 -861.970448 896 ) (-481.014776 -861.970448 432 ) (-455.586183 -842.103454 432 ) (-455.586183 -842.103454 896 ) 
9 96 153 (-32 -928 400 ) (-112 -928 400 ) (-208 -904 400 ) (-304 -856 400 ) (-376 -784 400 ) (-424 -688 400 ) (-448 -592 400 ) (-448 -528 400 ) (-32 -528 400 ) 
4 96 151 (64 -800 400 ) (64 -928 400 ) (-32 -928 400 ) (-32 -800 400 ) 
4 96 150 (64 -528 400 ) (64 -800 400 ) (-32 -800 400 ) (-32 -528 400 ) 
4 96 98 (-464 -528 416 ) (-464 -528 400 ) (-448 -592 400 ) (-448 -592 416 ) 
4 96 97 (-424 -688 432 ) (-464 -528 432 ) (-464 -528 416 ) (-424 -688 416 ) 
4 97 98 (-464 -528 416 ) (-448 -592 416 ) (-576 -608 416 ) (-576 -528 416 ) 
4 99 145 (96 -488 400 ) (96 -352 400 ) (96 -352 384 ) (96 -488 384 ) 
4 99 123 (96 -224 400 ) (96 80 400 ) (96 80 384 ) (96 -224 384 ) 
4 99 121 (96 -352 400 ) (96 -224 400 ) (96 -224 384 ) (96 -352 384 ) 
4 100 103 (224 64 0 ) (224 32 0 ) (224 32 352 ) (224 64 352 ) 
4 100 102 (224 80 352 ) (224 80 0 ) (224 64 0 ) (224 64 352 ) 
4 100 101 (224 -64 0 ) (224 -96 0 ) (224 -96 352 ) (224 -64 352 ) 
4 100 104 (224 -96 0 ) (224 -224 0 ) (224 -224 352 ) (224 -96 352 ) 
4 101 104 (192 -96 0 ) (224 -96 0 ) (224 -96 352 ) (192 -96 352 ) 
4 102 105 (160 64 352 ) (160 80 352 ) (160 80 176 ) (160 64 176 ) 
4 102 103 (192 64 0 ) (224 64 0 ) (224 64 352 ) (192 64 352 ) 
4 104 107 (160 -96 160 ) (160 -96 0 ) (160 -224 0 ) (160 -224 160 ) 
4 105 106 (128 64 352 ) (128 80 352 ) (128 80 192 ) (128 64 192 ) 
4 106 125 (96 80 352 ) (96 80 192 ) (96 -224 192 ) (96 -224 352 ) 
4 106 108 (96 -224 352 ) (96 -224 192 ) (128 -224 192 ) (128 -224 352 ) 
4 107 133 (96 -96 0 ) (96 -224 0 ) (96 -224 128 ) (96 -96 128 ) 
4 107 130 (96 -224 128 ) (96 -224 160 ) (96 -96 160 ) (96 -96 128 ) 
4 108 122 (96 -352 192 ) (96 -352 352 ) (96 -224 352 ) (96 -224 192 ) 
4 108 109 (128 -352 352 ) (96 -352 352 ) (96 -352 192 ) (128 -352 192 ) 
4 109 149 (96 -528 192 ) (96 -528 352 ) (96 -512 352 ) (96 -512 192 ) 
4 109 146 (96 -512 352 ) (96 -352 352 ) (96 -352 192 ) (96 -512 192 ) 
4 109 120 (96 -528 256 ) (96 -528 192 ) (144 -528 192 ) (144 -528 256 ) 
4 109 119 (96 -528 272 ) (96 -528 256 ) (144 -528 256 ) (144 -528 272 ) 
4 109 113 (96 -528 352 ) (96 -528 272 ) (144 -528 272 ) (144 -528 352 ) 
4 110 112 (256 -896 304 ) (256 -896 400 ) (256 -672 400 ) (256 -672 304 ) 
4 110 111 (256 -576 272 ) (256 -640 272 ) (256 -640 400 ) (256 -576 400 ) 
4 112 116 (232 -896 400 ) (232 -672 400 ) (232 -672 304 ) (232 -896 304 ) 
4 113 150 (96 -576 400 ) (96 -528 400 ) (96 -528 272 ) (96 -576 272 ) 
4 113 119 (96 -576 272 ) (96 -528 272 ) (160 -528 272 ) (160 -576 272 ) 
4 113 114 (96 -576 400 ) (96 -576 272 ) (224 -576 272 ) (224 -576 400 ) 
4 114 150 (96 -640 400 ) (96 -576 400 ) (96 -576 272 ) (96 -640 272 ) 
4 114 119 (96 -640 272 ) (96 -576 272 ) (160 -576 272 ) (160 -640 272 ) 
4 114 115 (224 -640 400 ) (96 -640 400 ) (96 -640 272 ) (224 -640 272 ) 
4 115 150 (96 -672 400 ) (96 -640 400 ) (96 -640 272 ) (96 -672 272 ) 
4 115 119 (96 -672 272 ) (96 -640 272 ) (160 -640 272 ) (160 -672 272 ) 
4 115 117 (96 -672 304 ) (96 -672 272 ) (224 -672 272 ) (224 -672 304 ) 
4 115 116 (224 -672 400 ) (96 -672 400 ) (96 -672 304 ) (224 -672 304 ) 
4 116 151 (96 -896 400 ) (96 -800 400 ) (96 -800 304 ) (96 -896 304 ) 
4 116 150 (96 -800 400 ) (96 -672 400 ) (96 -672 304 ) (96 -800 304 ) 
4 116 118 (96 -896 400 ) (96 -896 304 ) (224 -896 304 ) (224 -896 400 ) 
4 116 117 (96 -896 304 ) (96 -672 304 ) (224 -672 304 ) (224 -896 304 ) 
4 117 151 (96 -800 272 ) (96 -896 272 ) (96 -896 304 ) (96 -800 304 ) 
4 117 150 (96 -672 304 ) (96 -672 272 ) (96 -800 272 ) (96 -800 304 ) 
4 117 119 (96 -896 272 ) (96 -672 272 ) (160 -672 272 ) (160 -896 272 ) 
4 117 118 (96 -896 304 ) (96 -896 272 ) (224 -896 272 ) (224 -896 304 ) 
4 118 151 (96 -928 272 ) (96 -928 400 ) (96 -896 400 ) (96 -896 272 ) 
4 118 119 (96 -928 272 ) (96 -896 272 ) (160 -896 272 ) (160 -928 272 ) 
4 119 151 (96 -928 256 ) (96 -928 272 ) (96 -800 272 ) (96 -800 256 ) 
4 119 150 (96 -800 272 ) (96 -528 272 ) (96 -528 256 ) (96 -800 256 ) 
4 119 120 (96 -800 256 ) (96 -528 256 ) (160 -528 256 ) (160 -800 256 ) 
4 120 150 (96 -800 256 ) (96 -528 256 ) (96 -528 192 ) (96 -800 192 ) 
4 121 145 (96 -352 384 ) (96 -352 400 ) (0 -352 400 ) (0 -352 384 ) 
4 121 123 (96 -224 400 ) (96 -224 384 ) (0 -320 384 ) (0 -320 400 ) 
4 122 146 (96 -352 192 ) (96 -352 352 ) (0 -352 352 ) (0 -352 192 ) 
4 122 125 (96 -224 352 ) (96 -224 192 ) (0 -320 192 ) (0 -320 352 ) 
4 123 128 (0 0 400 ) (0 64 400 ) (0 64 384 ) (0 0 384 ) 
4 123 129 (0 -320 384 ) (0 -320 400 ) (0 0 400 ) (0 0 384 ) 
4 123 126 (0 64 400 ) (0 80 400 ) (0 80 384 ) (0 64 384 ) 
4 123 124 (96 -224 384 ) (0 -320 384 ) (0 0 384 ) (96 -96 384 ) 
4 124 129 (0 -320 352 ) (0 -320 384 ) (0 0 384 ) (0 0 352 ) 
4 124 125 (96 -96 352 ) (96 -224 352 ) (0 -320 352 ) (0 0 352 ) 
4 125 129 (0 -320 192 ) (0 -320 352 ) (0 0 352 ) (0 0 192 ) 
4 125 127 (0 64 352 ) (0 80 352 ) (0 80 192 ) (0 64 192 ) 
4 126 128 (-32 80 400 ) (-32 80 384 ) (0 64 384 ) (0 64 400 ) 
4 128 129 (-384 0 400 ) (-384 0 384 ) (0 0 384 ) (0 0 400 ) 
4 129 141 (-176 -320 256 ) (-176 -320 352 ) (-272 -320 352 ) (-272 -320 256 ) 
4 129 132 (-384 -320 192 ) (-384 -320 400 ) (-384 0 400 ) (-384 0 192 ) 
4 129 131 (0 0 192 ) (0 -320 192 ) (-384 -320 192 ) (-384 0 192 ) 
4 130 133 (96 -96 128 ) (96 -224 128 ) (0 -224 128 ) (0 -96 128 ) 
4 130 131 (0 -96 160 ) (0 -96 128 ) (0 -224 128 ) (0 -224 160 ) 
4 131 140 (0 -316 128 ) (0 -320 128 ) (-384 -320 128 ) (-384 -316 128 ) 
4 131 139 (0 -308 128 ) (0 -316 128 ) (-384 -316 128 ) (-384 -308 128 ) 
4 131 138 (0 0 128 ) (0 -308 128 ) (-384 -308 128 ) (-384 0 128 ) 
4 131 132 (-384 -320 128 ) (-384 -320 192 ) (-384 0 192 ) (-384 0 128 ) 
4 132 143 (-448 -112 128 ) (-448 -208 128 ) (-448 -208 400 ) (-448 -112 400 ) 
3 132 140 (-384 -316 128 ) (-384 -320 128 ) (-388 -316 128 ) 
4 132 139 (-384 -308 128 ) (-384 -316 128 ) (-388 -316 128 ) (-396 -308 128 ) 
5 132 138 (-448 -256 128 ) (-448 -64 128 ) (-384 0 128 ) (-384 -308 128 ) (-396 -308 128 ) 
4 133 138 (0 -224 128 ) (0 -96 128 ) (0 -96 0 ) (0 -224 0 ) 
4 134 135 (-88 64 -352 ) (-88 32 -352 ) (-88 32 128 ) (-88 64 128 ) 
4 135 137 (-96 32 0 ) (-96 32 128 ) (-352 32 128 ) (-352 32 0 ) 
4 135 136 (-360 64 -352 ) (-360 32 -352 ) (-360 32 128 ) (-360 64 128 ) 
4 137 138 (-96 0 0 ) (-96 0 128 ) (-352 0 128 ) (-352 0 0 ) 
4 138 143 (-448 -208 128 ) (-448 -112 128 ) (-448 -112 0 ) (-448 -208 0 ) 
4 138 139 (-396 -308 0 ) (0 -308 0 ) (0 -308 128 ) (-396 -308 128 ) 
4 139 140 (-388 -316 128 ) (-388 -316 0 ) (0 -316 0 ) (0 -316 128 ) 
4 141 147 (-176 -352 256 ) (-176 -352 352 ) (-272 -352 352 ) (-272 -352 256 ) 
4 142 143 (-496 -112 112 ) (-464 -112 112 ) (-464 -112 400 ) (-496 -112 400 ) 
4 143 144 (-464 -208 400 ) (-496 -208 400 ) (-496 -208 112 ) (-464 -208 112 ) 
4 145 152 (-134.400000 -512 400 ) (-320 -512 400 ) (-320 -512 384 ) (-128 -512 384 ) 
4 145 148 (-320 -352 400 ) (-320 -352 384 ) (-320 -512 384 ) (-320 -512 400 ) 
4 146 149 (-16 -512 192 ) (96 -512 192 ) (96 -512 352 ) (-16 -512 352 ) 
4 147 152 (-320 -512 192 ) (-128 -512 192 ) (-128 -512 352 ) (-320 -512 352 ) 
4 148 154 (-448 -352 400 ) (-448 -352 384 ) (-448 -512 384 ) (-448 -512 400 ) 
4 148 152 (-320 -512 384 ) (-320 -512 400 ) (-448 -512 400 ) (-448 -512 384 ) 
4 149 150 (-16 -528 192 ) (96 -528 192 ) (96 -528 352 ) (-16 -528 352 ) 
4 150 153 (-32 -528 192 ) (-32 -800 192 ) (-32 -800 400 ) (-32 -528 400 ) 
4 150 151 (96 -800 256 ) (96 -800 400 ) (-32 -800 400 ) (-32 -800 256 ) 
4 151 153 (-32 -928 256 ) (-32 -928 400 ) (-32 -800 400 ) (-32 -800 256 ) 
5 152 153 (-448 -528 192 ) (-128 -528 192 ) (-128 -528 384 ) (-134.400000 -528 400 ) (-448 -528 400 ) 
0 1 2 3 4 5 6 7 8 9 10 11 12 13 14 15 16 17 18 19 20 21 22 23 24 25 26 27 28 29 30 31 32 33 34 35 36 37 38 39 40 41 42 43 44 45 46 47 48 49 50 51 52 53 54 55 56 57 58 59 60 61 62 63 64 65 66 67 68 69 70 71 72 -1
73 74 75 76 77 78 79 80 81 82 83 84 85 86 87 88 89 90 91 92 93 94 95 96 97 98 99 100 101 102 103 104 105 106 107 108 109 110 111 112 113 114 115 116 117 118 119 120 121 122 123 124 125 126 -1
127 128 129 130 131 132 133 134 135 136 137 138 139 140 141 142 -1
143 144 145 146 -1
147 148 149 150 151 152 153 154 155 156 157 158 159 -1
160 161 162 163 164 165 -1
166 167 168 169 170 171 172 173 174 175 176 177 178 179 180 181 182 183 184 185 186 187 188 -1
189 190 191 192 193 194 195 196 197 198 199 200 201 202 203 204 205 206 -1
207 -1
208 209 210 211 212 213 214 215 216 217 218 219 220 -1
221 -1
222 -1
223 224 225 226 227 228 229 230 231 232 233 234 235 236 237 238 239 240 241 242 243 244 245 246 -1
247 248 249 250 251 252 253 254 255 256 257 258 259 260 261 -1
262 263 264 265 266 267 268 269 270 271 272 273 274 275 276 277 278 279 280 281 282 283 284 285 286 287 288 289 290 291 292 293 294 295 296 297 298 299 300 301 302 303 304 305 306 307 308 309 310 311 312 313 314 315 316 317 318 319 320 321 322 323 324 325 326 327 328 329 -1
330 331 332 333 334 335 336 337 338 339 340 341 342 343 344 345 346 347 348 349 350 351 352 353 354 355 356 357 358 359 360 361 362 363 364 365 366 367 368 369 370 371 372 373 374 375 376 377 378 379 380 381 382 383 -1
384 -1
385 386 387 388 389 390 391 392 393 394 395 396 397 398 399 400 401 402 403 404 405 406 407 -1
408 409 410 411 412 413 414 415 416 417 418 419 420 421 422 423 424 425 426 427 428 429 430 431 432 433 434 435 436 437 438 439 440 441 442 443 444 445 446 447 448 449 450 451 452 453 454 455 456 457 458 459 460 461 462 463 464 465 466 467 468 469 -1
470 471 472 473 474 475 476 477 478 479 480 481 -1
482 483 484 485 486 487 488 489 490 491 -1
492 493 494 495 496 -1
497 498 499 500 501 502 503 504 505 506 507 508 509 510 511 512 513 514 515 516 517 518 519 520 521 522 523 524 525 526 527 528 529 530 531 532 533 534 535 536 537 538 539 540 541 542 543 544 545 546 547 -1
548 549 550 551 552 -1
553 -1
554 555 -1
556 557 558 559 560 561 562 563 564 565 566 567 568 569 570 571 572 573 574 575 576 577 578 579 580 581 582 583 584 585 586 587 588 589 590 591 592 593 594 595 596 597 598 599 600 601 602 603 604 605 606 607 608 609 610 611 612 613 614 615 616 617 618 619 620 621 622 623 624 625 626 627 628 629 630 631 632 633 634 635 636 637 -1
638 639 640 641 642 643 644 645 646 647 648 649 650 651 652 653 654 655 656 657 658 -1
659 -1
660 661 -1
662 -1
663 -1
664 665 666 667 668 -1
669 670 671 672 673 674 675 676 677 678 679 680 681 682 683 684 685 686 687 688 689 690 691 692 693 694 695 696 697 698 699 700 701 702 703 704 705 706 707 708 709 710 711 712 713 714 715 716 717 718 719 720 721 722 723 724 725 726 727 728 729 730 731 732 733 734 735 736 737 738 739 740 741 742 743 744 745 -1
746 747 748 749 750 751 752 753 754 755 756 757 758 759 760 761 762 763 764 765 766 767 768 769 770 771 772 773 774 775 776 777 778 779 780 781 782 783 784 785 786 787 788 789 790 791 792 793 794 795 796 797 798 799 800 801 802 803 804 805 806 807 808 809 810 811 812 813 814 815 816 817 818 819 820 821 822 -1
823 824 825 826 827 828 829 830 831 832 833 834 835 836 837 838 839 840 841 842 843 844 845 846 847 848 849 850 851 852 853 854 855 856 857 858 859 860 861 862 863 864 865 866 867 868 869 870 871 872 873 874 875 876 877 878 879 880 881 882 883 884 885 886 887 888 889 890 891 892 893 894 895 896 897 898 899 900 901 902 903 904 905 906 907 908 909 910 911 912 913 914 915 916 917 918 919 920 921 922 923 924 925 926 927 928 929 930 931 932 933 934 935 936 937 938 939 940 941 942 943 944 945 946 947 948 949 950 951 952 953 954 955 956 957 958 959 960 961 962 963 964 965 966 967 968 969 970 971 972 973 974 975 976 977 978 979 980 981 982 983 984 985 986 987 988 989 990 991 992 993 994 995 996 997 998 999 1000 1001 1002 1003 1004 1005 1006 1007 1008 1009 1010 1011 1012 1013 1014 1015 1016 1017 1018 1019 1020 1021 1022 1023 1024 1025 1026 -1
1027 1028 1029 1030 1031 -1
1032 1033 1034 1035 1036 1037 1038 -1
1039 1040 1041 1042 1043 1044 1045 1046 1047 1048 1049 1050 1051 1052 1053 1054 1055 1056 1057 1058 1059 1060 1061 1062 1063 1064 1065 1066 1067 1068 1069 1070 1071 1072 1073 1074 1075 1076 -1
1077 -1
1078 -1
1079 -1
1080 1081 1082 1083 -1
1084 1085 1086 1087 1088 1089 1090 1091 1092 1093 1094 1095 1096 1097 1098 1099 1100 1101 1102 -1
1103 -1
1104 1105 1106 1107 1108 1109 1110 1111 1112 1113 1114 1115 1116 1117 1118 1119 1120 1121 1122 1123 1124 1125 1126 1127 1128 1129 1130 1131 1132 1133 1134 1135 1136 1137 1138 1139 1140 1141 1142 1143 1144 1145 1146 1147 1148 1149 1150 1151 1152 -1
1153 1154 1155 1156 1157 1158 1159 1160 1161 1162 1163 1164 1165 1166 1167 1168 1169 1170 1171 1172 1173 1174 1175 1176 1177 1178 1179 1180 1181 1182 1183 1184 1185 1186 1187 1188 1189 1190 1191 1192 1193 1194 1195 1196 1197 1198 1199 1200 1201 1202 1203 1204 1205 1206 1207 1208 1209 1210 1211 1212 1213 1214 1215 1216 1217 1218 1219 1220 1221 1222 1223 1224 1225 1226 1227 1228 1229 1230 1231 1232 1233 1234 1235 1236 -1
1237 1238 1239 1240 1241 1242 1243 1244 1245 1246 1247 1248 1249 1250 1251 1252 1253 1254 1255 1256 1257 1258 -1
1259 -1
1260 -1
1261 -1
1262 -1
1263 -1
1264 -1
1265 -1
1266 1267 1268 1269 1270 1271 1272 -1
1273 -1
1274 1275 1276 1277 1278 1279 1280 -1
1281 1282 1283 1284 1285 1286 1287 1288 1289 1290 1291 1292 -1
1293 1294 1295 1296 1297 1298 1299 1300 1301 1302 1303 1304 1305 1306 1307 1308 1309 1310 1311 1312 1313 1314 1315 1316 1317 1318 1319 1320 1321 1322 1323 1324 1325 1326 1327 1328 1329 1330 1331 1332 1333 1334 1335 1336 1337 1338 1339 1340 1341 1342 1343 1344 1345 1346 1347 1348 1349 1350 1351 1352 1353 1354 1355 1356 1357 1358 1359 1360 1361 1362 1363 1364 1365 1366 1367 1368 1369 1370 1371 1372 1373 1374 1375 1376 1377 1378 1379 1380 1381 1382 1383 1384 1385 1386 1387 1388 1389 1390 1391 1392 1393 1394 1395 1396 1397 1398 1399 1400 1401 1402 1403 1404 -1
1405 -1
1406 -1
1407 1408 -1
1409 1410 1411 1412 1413 1414 1415 1416 1417 1418 1419 1420 1421 1422 1423 1424 1425 1426 1427 1428 1429 1430 -1
1431 1432 -1
1433 1434 -1
1435 -1
1436 1437 -1
1438 -1
1439 1440 1441 1442 -1
1443 -1
1444 -1
1445 -1
1446 -1
1447 1448 1449 1450 1451 1452 1453 1454 1455 1456 1457 1458 1459 1460 -1
1461 1462 1463 -1
1464 -1
1465 1466 1467 1468 1469 1470 1471 1472 1473 1474 1475 1476 1477 1478 -1
1479 1480 1481 1482 1483 1484 1485 1486 1487 1488 1489 1490 1491 1492 1493 1494 1495 1496 1497 1498 1499 -1
1500 -1
1501 -1
1502 -1
1503 -1
1504 -1
1505 -1
1506 1507 1508 1509 1510 1511 1512 1513 1514 -1
1515 1516 1517 1518 1519 1520 1521 1522 1523 1524 1525 1526 1527 1528 1529 1530 1531 1532 1533 1534 1535 1536 1537 1538 1539 1540 1541 1542 1543 1544 1545 1546 1547 1548 1549 1550 1551 1552 1553 1554 1555 1556 1557 1558 1559 1560 1561 1562 1563 1564 1565 1566 1567 1568 1569 1570 1571 1572 1573 1574 1575 1576 1577 1578 1579 1580 1581 1582 1583 1584 1585 1586 1587 1588 1589 1590 -1
1591 1592 1593 1594 1595 1596 1597 1598 1599 1600 1601 1602 1603 1604 1605 1606 1607 1608 1609 1610 -1
1611 1612 1613 -1
1614 1615 -1
1616 1617 1618 1619 -1
1620 1621 1622 1623 -1
1624 1625 1626 1627 -1
1628 1629 1630 -1
1631 1632 -1
1633 1634 -1
1635 1636 1637 1638 1639 1640 1641 -1
1642 -1
1643 -1
1644 1645 1646 1647 -1
1648 1649 1650 1651 1652 1653 1654 1655 1656 1657 1658 1659 1660 1661 1662 1663 1664 1665 1666 1667 1668 1669 -1
1670 1671 -1
1672 1673 1674 -1
1675 1676 -1
1677 1678 1679 -1
1680 -1
1681 1682 1683 -1
1684 1685 -1
1686 1687 1688 -1
1689 -1
1690 1691 1692 1693 1694 1695 1696 -1
1697 -1
1698 1699 1700 1701 1702 -1
1703 -1
1704 -1
1705 -1
1706 -1
1707 -1
1708 -1
1709 -1
1710 1711 1712 1713 -1
1714 1715 -1
1716 1717 1718 -1
1719 -1
1720 -1
1721 1722 1723 1724 -1
1725 -1
1726 -1
1727 1728 1729 -1
1730 1731 1732 1733 1734 1735 1736 1737 1738 1739 1740 1741 1742 1743 1744 1745 1746 1747 1748 1749 1750 1751 1752 1753 1754 1755 1756 1757 1758 -1
1759 1760 1761 1762 1763 1764 1765 1766 -1
1767 -1
1768 1769 1770 1771 1772 1773 1774 1775 1776 1777 1778 1779 1780 1781 1782 -1
1783 -1
1784 -1
1785 1786 1787 1788 1789 1790 1791 1792 1793 1794 1795 1796 1797 -1
1798 -1
1799 -1
1800 1801 1802 1803 1804 1805 1806 1807 1808 1809 1810 1811 1812 1813 1814 1815 1816 1817 1818 1819 1820 -1
1821 1822 1823 1824 1825 1826 -1
1827 1828 1829 1830 1831 1832 -1
1833 -1
1834 -1
1835 -1
1836 -1
1837 -1
1838 1839 1840 1841 1842 1843 1844 1845 1846 -1
1847 1848 1849 1850 1851 1852 1853 1854 1855 1856 -1
1857 -1
1858 -1
1859 1860 1861 1862 1863 -1
1864 1865 -1
1866 1867 -1
1868 1869 1870 1871 1872 1873 1874 1875 1876 1877 1878 1879 1880 1881 1882 1883 1884 1885 1886 1887 -1
1888 -1
