PRT2
1840
223
507
4 0 18 (896 160 768 ) (896 256 768 ) (896 256 416 ) (896 160 416 ) 
4 0 6 (896 160 416 ) (896 256 416 ) (928 256 416 ) (1024 160 416 ) 
4 0 1 (896 160 768 ) (896 160 608 ) (1024 160 608 ) (1024 160 768 ) 
4 0 2 (896 160 608 ) (896 160 416 ) (1024 160 416 ) (1024 160 608 ) 
4 1 89 (896 -64 768 ) (896 -64 608 ) (1024 -64 608 ) (1024 -64 768 ) 
4 1 18 (896 -64 608 ) (896 -64 768 ) (896 160 768 ) (896 160 608 ) 
4 1 2 (1024 -64 608 ) (896 -64 608 ) (896 160 608 ) (1024 160 608 ) 
4 2 90 (896 -64 608 ) (896 -64 416 ) (1472 -64 416 ) (1472 -64 608 ) 
4 2 18 (896 -64 416 ) (896 -64 608 ) (896 160 608 ) (896 160 416 ) 
4 2 6 (1024 -64 416 ) (896 -64 416 ) (896 160 416 ) (1024 160 416 ) 
4 2 4 (1408 -64 416 ) (1056 -64 416 ) (1056 88 416 ) (1408 88 416 ) 
4 2 3 (1056 88 416 ) (1056 96 416 ) (1408 96 416 ) (1408 88 416 ) 
4 3 4 (1056 88 256 ) (1408 88 256 ) (1408 88 416 ) (1056 88 416 ) 
4 4 93 (1400 -64 416 ) (1056 -64 416 ) (1056 -64 256 ) (1400 -64 256 ) 
4 4 92 (1408 -64 416 ) (1400 -64 416 ) (1400 -64 256 ) (1408 -64 256 ) 
4 4 5 (1056 -32 256 ) (1056 -64 256 ) (1056 -64 352 ) (1056 -32 352 ) 
4 5 95 (1024 -64 352 ) (1024 -64 256 ) (1056 -64 256 ) (1056 -64 352 ) 
4 5 6 (1024 -32 256 ) (1024 -64 256 ) (1024 -64 352 ) (1024 -32 352 ) 
4 6 96 (1024 -64 416 ) (896 -64 416 ) (896 -64 256 ) (1024 -64 256 ) 
4 6 18 (896 -64 256 ) (896 -64 416 ) (896 256 416 ) (896 256 256 ) 
4 7 103 (1152 -64 -128 ) (1152 -64 64 ) (1144 -64 64 ) (1144 -64 -128 ) 
4 7 8 (1144 0 -128 ) (1144 -64 -128 ) (1144 -64 64 ) (1144 0 64 ) 
4 8 104 (1144 -64 64 ) (896 -64 64 ) (896 -64 -128 ) (1144 -64 -128 ) 
4 8 27 (896 -64 -128 ) (896 -64 64 ) (896 0 64 ) (896 0 -128 ) 
4 9 14 (704 432 128 ) (464 672 128 ) (656 672 128 ) (704 624 128 ) 
4 9 13 (464 672 128 ) (336 800 128 ) (528 800 128 ) (656 672 128 ) 
4 9 12 (832 496 128 ) (832 304 128 ) (704 432 128 ) (704 624 128 ) 
4 9 11 (464 672 288 ) (320 816 288 ) (320 816 128 ) (464 672 128 ) 
4 9 10 (848 288 128 ) (848 288 288 ) (704 432 288 ) (704 432 128 ) 
4 10 15 (704 288 128 ) (832 288 128 ) (832 288 224 ) (704 288 224 ) 
4 10 12 (704 432 128 ) (832 304 128 ) (832 288 128 ) (704 288 128 ) 
4 11 16 (320 800 128 ) (320 672 128 ) (320 672 224 ) (320 800 224 ) 
4 11 13 (320 672 128 ) (320 800 128 ) (336 800 128 ) (464 672 128 ) 
4 12 15 (832 288 112 ) (832 288 128 ) (704 288 128 ) (704 288 112 ) 
4 12 14 (704 624 104 ) (704 432 104 ) (704 432 128 ) (704 624 128 ) 
4 13 16 (320 672 112 ) (320 672 128 ) (320 800 128 ) (320 800 112 ) 
4 13 14 (656 672 104 ) (656 672 128 ) (464 672 128 ) (464 672 104 ) 
4 15 20 (704 256 224 ) (704 256 112 ) (832 256 112 ) (832 256 224 ) 
4 16 37 (288 800 224 ) (288 800 112 ) (288 672 112 ) (288 672 224 ) 
4 17 58 (288 352 256 ) (288 256 256 ) (288 256 416 ) (288 352 416 ) 
4 17 33 (288 256 416 ) (288 256 256 ) (320 256 256 ) (320 256 416 ) 
4 17 23 (320 256 256 ) (496 256 256 ) (496 256 416 ) (320 256 416 ) 
4 17 21 (496 256 256 ) (640 256 256 ) (640 256 416 ) (496 256 416 ) 
4 18 96 (896 -64 256 ) (896 -64 416 ) (640 -64 416 ) (640 -64 256 ) 
4 18 89 (896 -64 608 ) (896 -64 768 ) (640 -64 768 ) (640 -64 608 ) 
4 18 90 (896 -64 416 ) (896 -64 608 ) (640 -64 608 ) (640 -64 416 ) 
4 18 21 (640 256 768 ) (640 256 256 ) (640 128 256 ) (640 128 768 ) 
5 18 19 (896 96 256 ) (896 -64 256 ) (640 -64 256 ) (640 128 256 ) (864 128 256 ) 
4 19 105 (896 -64 224 ) (896 -64 256 ) (640 -64 256 ) (640 -64 224 ) 
5 19 20 (896 -64 224 ) (640 -64 224 ) (640 128 224 ) (864 128 224 ) (896 96 224 ) 
4 20 105 (896 -64 112 ) (896 -64 224 ) (640 -64 224 ) (640 -64 112 ) 
4 20 26 (896 -32 112 ) (896 -64 112 ) (640 -64 112 ) (640 -32 112 ) 
4 20 24 (640 256 224 ) (640 256 112 ) (640 128 112 ) (640 128 224 ) 
4 21 23 (496 128 768 ) (496 256 768 ) (496 256 256 ) (496 128 256 ) 
4 21 22 (496 128 256 ) (608 128 256 ) (608 128 384 ) (496 128 384 ) 
4 22 25 (608 96 384 ) (496 96 384 ) (496 96 256 ) (608 96 256 ) 
4 23 33 (320 256 768 ) (320 256 256 ) (320 128 256 ) (320 128 768 ) 
4 24 34 (320 256 224 ) (320 256 112 ) (320 128 112 ) (320 128 224 ) 
4 25 155 (352 -64 112 ) (496 -64 112 ) (496 -64 256 ) (352 -64 256 ) 
4 25 134 (496 -64 256 ) (496 -64 752 ) (352 -64 752 ) (352 -64 256 ) 
4 25 106 (496 -64 112 ) (608 -64 112 ) (608 -64 256 ) (496 -64 256 ) 
4 25 97 (608 -64 256 ) (608 -64 752 ) (496 -64 752 ) (496 -64 256 ) 
4 25 31 (496 -64 112 ) (352 -64 112 ) (352 96 112 ) (496 96 112 ) 
4 26 108 (896 -64 80 ) (896 -64 112 ) (864 -64 112 ) (864 -64 80 ) 
4 26 110 (864 -64 112 ) (640 -64 112 ) (640 -64 80 ) (864 -64 80 ) 
4 26 28 (768 -64 80 ) (640 -64 80 ) (640 -32 80 ) (768 -32 80 ) 
4 26 27 (896 -32 80 ) (896 -64 80 ) (768 -64 80 ) (768 -32 80 ) 
4 27 123 (896 -64 -128 ) (896 -64 -64 ) (768 -64 -64 ) (768 -64 -128 ) 
4 27 108 (896 -64 -64 ) (896 -64 80 ) (864 -64 80 ) (864 -64 -64 ) 
4 27 110 (864 -64 80 ) (768 -64 80 ) (768 -64 -64 ) (864 -64 -64 ) 
4 27 28 (768 -64 -64 ) (768 -64 80 ) (768 0 80 ) (768 0 -64 ) 
4 28 110 (768 -64 80 ) (640 -64 80 ) (640 -64 -64 ) (768 -64 -64 ) 
4 29 31 (496 96 -64 ) (496 64 -64 ) (496 64 64 ) (496 96 64 ) 
4 29 30 (496 64 64 ) (496 64 -64 ) (560 64 -64 ) (560 64 48 ) 
4 30 111 (496 -64 80 ) (496 -64 -64 ) (608 -64 -64 ) (608 -64 80 ) 
4 30 31 (496 -64 -64 ) (496 -64 80 ) (496 64 80 ) (496 64 -64 ) 
4 31 155 (496 -64 112 ) (352 -64 112 ) (352 -64 -64 ) (496 -64 -64 ) 
4 31 32 (352 48 -64 ) (352 -64 -64 ) (352 -64 64 ) (352 48 64 ) 
4 32 36 (320 48 -64 ) (320 -64 -64 ) (320 -64 64 ) (320 48 64 ) 
4 33 145 (288 -64 416 ) (288 -64 256 ) (320 -64 256 ) (320 -64 416 ) 
4 33 143 (320 -64 768 ) (288 -64 768 ) (288 -64 416 ) (320 -64 416 ) 
4 33 61 (288 -64 256 ) (288 -64 416 ) (288 256 416 ) (288 256 256 ) 
4 33 54 (288 -64 416 ) (288 -64 768 ) (288 256 768 ) (288 256 416 ) 
4 34 156 (288 -64 224 ) (288 -64 112 ) (320 -64 112 ) (320 -64 224 ) 
4 34 63 (288 -64 112 ) (288 -64 224 ) (288 256 224 ) (288 256 112 ) 
4 34 35 (288 -64 112 ) (288 64 112 ) (320 64 112 ) (320 -64 112 ) 
4 35 156 (288 -64 112 ) (288 -64 80 ) (320 -64 80 ) (320 -64 112 ) 
4 35 68 (288 -64 80 ) (288 -64 112 ) (288 64 112 ) (288 64 80 ) 
4 35 36 (320 -64 80 ) (288 -64 80 ) (288 64 80 ) (320 64 80 ) 
4 36 156 (288 -64 80 ) (288 -64 -64 ) (320 -64 -64 ) (320 -64 80 ) 
4 36 70 (288 -64 -64 ) (288 -64 80 ) (288 128 80 ) (288 128 -64 ) 
4 37 55 (288 672 112 ) (288 672 416 ) (160 672 416 ) (160 672 112 ) 
4 37 40 (-192 800 112 ) (-192 672 112 ) (-192 672 416 ) (-192 800 416 ) 
4 37 38 (160 672 112 ) (-192 672 112 ) (-192 800 112 ) (160 800 112 ) 
4 38 47 (-192 800 -64 ) (-192 672 -64 ) (-192 672 -9.661765 ) (-192 800 -22.426471 ) 
4 38 45 (-192 672 -9.661765 ) (-192 672 7.058824 ) (-192 800 -11.485839 ) (-192 800 -22.426471 ) 
4 38 40 (-192 672 7.058824 ) (-192 672 112 ) (-192 800 112 ) (-192 800 -11.485839 ) 
4 39 79 (-384 672 480 ) (-448 672 480 ) (-448 672 416 ) (-384 672 416 ) 
4 39 53 (-192 672 416 ) (-192 672 480 ) (-384 672 480 ) (-384 672 416 ) 
5 39 44 (-352 672 416 ) (-448 672 416 ) (-448 896 416 ) (-384 960 416 ) (-352 960 416 ) 
4 39 43 (-288 672 416 ) (-352 672 416 ) (-352 960 416 ) (-288 960 416 ) 
5 39 40 (-192 896 416 ) (-192 672 416 ) (-288 672 416 ) (-288 960 416 ) (-256 960 416 ) 
4 40 77 (-192 672 7.058824 ) (-192 672 112 ) (-256 672 112 ) (-256 672 17.725490 ) 
4 40 78 (-256 672 112 ) (-288 672 112 ) (-288 672 23.058824 ) (-256 672 17.725490 ) 
4 40 59 (-192 672 112 ) (-192 672 416 ) (-256 672 416 ) (-256 672 112 ) 
4 40 60 (-256 672 416 ) (-288 672 416 ) (-288 672 112 ) (-256 672 112 ) 
5 40 45 (-192 672 7.058824 ) (-288 672 23.058824 ) (-288 918.857143 -12.705882 ) (-256 960 -24 ) (-192 896 -25.394336 ) 
3 40 42 (-288 960 -18.666667 ) (-288 817.918173 1.918173 ) (-288 960 144 ) 
5 40 43 (-288 817.918173 1.918173 ) (-288 672 23.058824 ) (-288 672 416 ) (-288 960 416 ) (-288 960 144 ) 
4 41 43 (-352 1232 416 ) (-352 1160 344 ) (-288 1160 344 ) (-288 1232 416 ) 
3 42 51 (-331.723724 960 -11.379379 ) (-304 960 -16 ) (-312 888 -4.235294 ) 
4 42 50 (-352 924.988524 -2.927531 ) (-352 960 -8 ) (-331.723724 960 -11.379379 ) (-312 888 -4.235294 ) 
4 42 48 (-352 890.296128 2.098709 ) (-352 924.988524 -2.927531 ) (-312 888 -4.235294 ) (-347.249134 883.259110 2.326423 ) 
3 42 47 (-312 888 -4.235294 ) (-332.583223 861.535856 3.029373 ) (-347.249134 883.259110 2.326423 ) 
3 42 46 (-352 836.571429 9.882353 ) (-352 890.296128 2.098709 ) (-332.583223 861.535856 3.029373 ) 
4 42 45 (-352 827.235014 11.235014 ) (-352 836.571429 9.882353 ) (-288 918.857143 -12.705882 ) (-288 817.918173 1.918173 ) 
3 42 44 (-352 960 -8 ) (-352 827.235014 11.235014 ) (-352 960 144 ) 
4 42 43 (-352 960 144 ) (-352 827.235014 11.235014 ) (-288 817.918173 1.918173 ) (-288 960 144 ) 
4 43 78 (-352 672 112 ) (-352 672 33.725490 ) (-288 672 23.058824 ) (-288 672 112 ) 
4 43 60 (-288 672 416 ) (-352 672 416 ) (-352 672 112 ) (-288 672 112 ) 
4 43 45 (-288 672 23.058824 ) (-352 672 33.725490 ) (-352 827.235014 11.235014 ) (-288 817.918173 1.918173 ) 
5 43 44 (-352 827.235014 11.235014 ) (-352 672 33.725490 ) (-352 672 416 ) (-352 960 416 ) (-352 960 144 ) 
4 44 84 (-448 672 112 ) (-448 672 49.725490 ) (-384 672 39.058824 ) (-384 672 112 ) 
4 44 80 (-448 672 144 ) (-448 672 112 ) (-384 672 112 ) (-384 672 144 ) 
4 44 79 (-384 672 416 ) (-448 672 416 ) (-448 672 144 ) (-384 672 144 ) 
4 44 78 (-384 672 112 ) (-384 672 39.058824 ) (-352 672 33.725490 ) (-352 672 112 ) 
4 44 60 (-352 672 416 ) (-384 672 416 ) (-384 672 112 ) (-352 672 112 ) 
4 44 50 (-386.816345 957.183655 -1.789243 ) (-384 960 -2.666667 ) (-352 960 -8 ) (-352 924.988524 -2.927531 ) 
4 44 48 (-392.989672 951.010328 0.134037 ) (-386.816345 957.183655 -1.789243 ) (-352 924.988524 -2.927531 ) (-352 890.296128 2.098709 ) 
5 44 46 (-448 713.142857 43.764706 ) (-448 896 17.272331 ) (-392.989672 951.010328 0.134037 ) (-352 890.296128 2.098709 ) (-352 836.571429 9.882353 ) 
4 44 45 (-352 672 33.725490 ) (-448 672 49.725490 ) (-448 713.142857 43.764706 ) (-352 836.571429 9.882353 ) 
4 45 84 (-384 672 39.058824 ) (-448 672 49.725490 ) (-448 672 47.867647 ) (-384 672 33.485294 ) 
4 45 77 (-192 672 -9.661765 ) (-192 672 7.058824 ) (-256 672 17.725490 ) (-256 672 4.720588 ) 
4 45 78 (-256 672 17.725490 ) (-384 672 39.058824 ) (-384 672 33.485294 ) (-256 672 4.720588 ) 
5 45 47 (-332.583223 861.535856 3.029373 ) (-312 888 -4.235294 ) (-192 896 -32 ) (-192 672 -9.661765 ) (-225.483910 672 -2.137118 ) 
4 45 46 (-448 713.142857 43.764706 ) (-332.583223 861.535856 3.029373 ) (-225.483910 672 -2.137118 ) (-448 672 47.867647 ) 
4 46 84 (-384 672 33.485294 ) (-448 672 47.867647 ) (-448 672 -64 ) (-384 672 -64 ) 
3 46 77 (-225.483910 672 -2.137118 ) (-256 672 4.720588 ) (-256 672 -18.666667 ) 
5 46 78 (-256 672 4.720588 ) (-384 672 33.485294 ) (-384 672 -64 ) (-339.692308 672 -64 ) (-256 672 -18.666667 ) 
5 46 48 (-448 848 -64 ) (-432 912 -34 ) (-392.989672 951.010328 0.134037 ) (-347.249134 883.259110 2.326423 ) (-396.049050 763.579707 -64 ) 
5 46 47 (-347.249134 883.259110 2.326423 ) (-332.583223 861.535856 3.029373 ) (-225.483910 672 -2.137118 ) (-339.692308 672 -64 ) (-396.049050 763.579707 -64 ) 
5 47 77 (-192 672 -64 ) (-192 672 -9.661765 ) (-225.483910 672 -2.137118 ) (-256 672 -18.666667 ) (-256 672 -64 ) 
3 47 78 (-256 672 -18.666667 ) (-339.692308 672 -64 ) (-256 672 -64 ) 
3 47 49 (-312 888 -4.235294 ) (-192 848 -64 ) (-363.541910 777.028739 -64 ) 
4 47 48 (-347.249134 883.259110 2.326423 ) (-312 888 -4.235294 ) (-363.541910 777.028739 -64 ) (-396.049050 763.579707 -64 ) 
3 48 52 (-448 848 -64 ) (-312 888 -4.235294 ) (-369.008026 781.621990 -64 ) 
3 48 50 (-432 912 -34 ) (-386.816345 957.183655 -1.789243 ) (-312 888 -4.235294 ) 
3 48 49 (-312 888 -4.235294 ) (-363.541910 777.028739 -64 ) (-369.008026 781.621990 -64 ) 
3 49 52 (-312 888 -4.235294 ) (-320 800 -64 ) (-369.008026 781.621990 -64 ) 
3 50 51 (-312 888 -4.235294 ) (-384 960 -24 ) (-331.723724 960 -11.379379 ) 
4 53 79 (-384 672 480 ) (-384 672 416 ) (-384 288 416 ) (-384 288 480 ) 
4 53 59 (-256 672 416 ) (-192 672 416 ) (-192 352 416 ) (-256 288 416 ) 
4 53 60 (-384 672 416 ) (-256 672 416 ) (-256 288 416 ) (-384 288 416 ) 
4 54 143 (288 -64 416 ) (288 -64 768 ) (-128 -64 768 ) (-128 -64 416 ) 
4 54 61 (288 256 416 ) (288 -64 416 ) (-128 -64 416 ) (-128 256 416 ) 
4 55 58 (288 384 256 ) (288 384 416 ) (160 384 416 ) (160 384 256 ) 
4 56 59 (-192 568 416 ) (-192 576 416 ) (-192 576 256 ) (-192 568 256 ) 
4 56 57 (64 568 256 ) (64 568 416 ) (-192 568 416 ) (-192 568 256 ) 
4 57 59 (-192 384 256 ) (-192 384 416 ) (-192 568 416 ) (-192 568 256 ) 
4 57 58 (64 384 256 ) (64 384 416 ) (-64 384 416 ) (-64 384 256 ) 
4 58 61 (288 256 256 ) (288 256 416 ) (-64 256 416 ) (-64 256 256 ) 
4 59 77 (-256 672 112 ) (-192 672 112 ) (-192 352 112 ) (-256 288 112 ) 
4 59 60 (-256 672 416 ) (-256 672 112 ) (-256 288 112 ) (-256 288 416 ) 
4 60 82 (-384 576 112 ) (-384 544 112 ) (-384 544 144 ) (-384 576 144 ) 
4 60 81 (-384 416 112 ) (-384 384 112 ) (-384 384 144 ) (-384 416 144 ) 
4 60 80 (-384 672 144 ) (-384 672 112 ) (-384 576 112 ) (-384 576 144 ) 
4 60 83 (-384 384 112 ) (-384 288 112 ) (-384 288 144 ) (-384 384 144 ) 
4 60 79 (-384 672 416 ) (-384 672 144 ) (-384 288 144 ) (-384 288 416 ) 
4 60 78 (-384 256 112 ) (-384 672 112 ) (-256 672 112 ) (-256 256 112 ) 
4 60 66 (-384 256 320 ) (-384 256 112 ) (-256 256 112 ) (-256 256 320 ) 
4 60 64 (-384 256 416 ) (-384 256 320 ) (-256 256 320 ) (-256 256 416 ) 
4 61 145 (288 -64 256 ) (288 -64 416 ) (-128 -64 416 ) (-128 -64 256 ) 
4 61 65 (-128 224 256 ) (-128 96 256 ) (-128 96 320 ) (-128 224 320 ) 
5 61 62 (-128 256 256 ) (128 256 256 ) (192 192 256 ) (192 -64 256 ) (-128 -64 256 ) 
4 62 168 (0 -64 256 ) (-128 -64 256 ) (-128 -64 224 ) (0 -64 224 ) 
4 62 157 (192 -64 256 ) (0 -64 256 ) (0 -64 224 ) (192 -64 224 ) 
4 62 65 (-128 224 224 ) (-128 96 224 ) (-128 96 256 ) (-128 224 256 ) 
5 62 63 (192 -64 224 ) (-128 -64 224 ) (-128 256 224 ) (128 256 224 ) (192 192 224 ) 
4 63 168 (0 -64 224 ) (-128 -64 224 ) (-128 -64 112 ) (0 -64 112 ) 
4 63 156 (288 -64 112 ) (288 -64 224 ) (192 -64 224 ) (192 -64 112 ) 
4 63 157 (192 -64 224 ) (0 -64 224 ) (0 -64 112 ) (192 -64 112 ) 
4 63 68 (288 -64 112 ) (0 -64 112 ) (0 64 112 ) (288 64 112 ) 
4 63 65 (-128 224 112 ) (-128 96 112 ) (-128 96 224 ) (-128 224 224 ) 
4 64 178 (-368 -64 416 ) (-384 -64 416 ) (-384 -64 320 ) (-368 -64 320 ) 
4 64 146 (-160 -64 416 ) (-224 -64 416 ) (-224 -64 320 ) (-160 -64 320 ) 
4 64 148 (-224 -64 416 ) (-368 -64 416 ) (-368 -64 320 ) (-224 -64 320 ) 
4 64 88 (-384 -32 384 ) (-384 64 384 ) (-384 64 320 ) (-384 -32 320 ) 
4 64 87 (-384 224 384 ) (-384 224 320 ) (-384 128 320 ) (-384 128 384 ) 
4 64 67 (-160 -64 320 ) (-384 -64 320 ) (-384 96 320 ) (-160 96 320 ) 
4 64 66 (-384 96 320 ) (-384 256 320 ) (-160 256 320 ) (-160 96 320 ) 
4 65 66 (-160 224 112 ) (-160 96 112 ) (-160 96 320 ) (-160 224 320 ) 
4 66 87 (-384 128 320 ) (-384 224 320 ) (-384 224 160 ) (-384 128 160 ) 
4 66 78 (-384 96 112 ) (-384 256 112 ) (-256 256 112 ) (-256 96 112 ) 
4 66 67 (-384 96 112 ) (-160 96 112 ) (-160 96 320 ) (-384 96 320 ) 
4 67 178 (-384 -64 320 ) (-384 -64 112 ) (-368 -64 112 ) (-368 -64 320 ) 
4 67 170 (-368 -64 112 ) (-160 -64 112 ) (-160 -64 256 ) (-368 -64 256 ) 
4 67 146 (-160 -64 256 ) (-160 -64 320 ) (-224 -64 320 ) (-224 -64 256 ) 
4 67 148 (-224 -64 320 ) (-368 -64 320 ) (-368 -64 256 ) (-224 -64 256 ) 
4 67 88 (-384 -32 320 ) (-384 64 320 ) (-384 64 160 ) (-384 -32 160 ) 
4 67 78 (-256 -64 112 ) (-384 -64 112 ) (-384 96 112 ) (-256 96 112 ) 
4 68 156 (288 -64 80 ) (288 -64 112 ) (192 -64 112 ) (192 -64 80 ) 
4 68 157 (192 -64 112 ) (0 -64 112 ) (0 -64 80 ) (192 -64 80 ) 
4 68 74 (128 -64 80 ) (0 -64 80 ) (0 64 80 ) (128 64 80 ) 
4 68 70 (288 64 80 ) (288 -64 80 ) (128 -64 80 ) (128 64 80 ) 
4 69 75 (128 192 48 ) (128 192 -64 ) (128 128 -64 ) (128 128 48 ) 
4 69 74 (128 128 80 ) (128 192 80 ) (128 192 48 ) (128 128 48 ) 
4 69 70 (256 128 80 ) (128 128 80 ) (128 128 -64 ) (256 128 -64 ) 
4 70 156 (288 -64 -64 ) (288 -64 80 ) (192 -64 80 ) (192 -64 -64 ) 
4 70 157 (192 -64 80 ) (128 -64 80 ) (128 -64 -64 ) (192 -64 -64 ) 
4 70 75 (128 128 48 ) (128 128 -64 ) (128 -64 -64 ) (128 -64 48 ) 
4 70 74 (128 -64 80 ) (128 128 80 ) (128 128 48 ) (128 -64 48 ) 
4 71 77 (-192 448 80 ) (-192 576 80 ) (-192 576 -64 ) (-192 448 -64 ) 
4 71 73 (-128 448 -64 ) (0 448 -64 ) (0 448 80 ) (-128 448 80 ) 
4 71 72 (0 448 -64 ) (64 448 -64 ) (64 448 80 ) (0 448 80 ) 
4 72 75 (0 224 -64 ) (128 224 -64 ) (128 224 48 ) (0 224 48 ) 
4 72 74 (128 224 48 ) (128 224 80 ) (0 224 80 ) (0 224 48 ) 
4 72 73 (0 448 -64 ) (0 320 -64 ) (0 320 80 ) (0 448 80 ) 
4 74 157 (128 -64 48 ) (128 -64 80 ) (0 -64 80 ) (0 -64 48 ) 
4 74 75 (128 -64 48 ) (0 -64 48 ) (0 224 48 ) (128 224 48 ) 
4 75 157 (128 -64 -64 ) (128 -64 48 ) (0 -64 48 ) (0 -64 -64 ) 
4 75 76 (0 -64 -32 ) (0 -64 48 ) (0 224 48 ) (0 224 -32 ) 
4 76 169 (0 -64 48 ) (-16 -64 48 ) (-16 -64 -32 ) (0 -64 -32 ) 
4 77 78 (-256 288 112 ) (-256 672 112 ) (-256 672 -64 ) (-256 288 -64 ) 
4 78 84 (-384 672 112 ) (-384 672 -64 ) (-384 288 -64 ) (-384 288 112 ) 
4 79 86 (-448 544 144 ) (-448 416 144 ) (-448 416 272 ) (-448 544 272 ) 
3 79 82 (-416 576 144 ) (-384 576 144 ) (-384 544 144 ) 
3 79 81 (-384 416 144 ) (-384 384 144 ) (-416 384 144 ) 
4 79 80 (-448 576 144 ) (-448 672 144 ) (-384 672 144 ) (-384 576 144 ) 
4 79 83 (-448 352 144 ) (-448 384 144 ) (-384 384 144 ) (-384 288 144 ) 
4 80 84 (-448 576 112 ) (-448 672 112 ) (-384 672 112 ) (-384 576 112 ) 
4 80 82 (-416 576 112 ) (-384 576 112 ) (-384 576 144 ) (-416 576 144 ) 
3 81 84 (-384 416 112 ) (-384 384 112 ) (-416 384 112 ) 
4 81 83 (-384 384 112 ) (-384 384 144 ) (-416 384 144 ) (-416 384 112 ) 
3 82 84 (-416 576 112 ) (-384 576 112 ) (-384 544 112 ) 
4 83 84 (-448 352 112 ) (-448 384 112 ) (-384 384 112 ) (-384 288 112 ) 
4 85 86 (-864 544 272 ) (-992 544 272 ) (-992 544 144 ) (-864 544 144 ) 
4 89 99 (640 -320 608 ) (640 -416 608 ) (640 -416 768 ) (640 -320 768 ) 
4 89 91 (640 -416 768 ) (640 -416 608 ) (1024 -416 608 ) (1024 -416 768 ) 
4 89 90 (640 -416 608 ) (640 -64 608 ) (1024 -64 608 ) (1024 -416 608 ) 
4 90 100 (640 -416 464 ) (640 -416 480 ) (640 -320 480 ) (640 -320 464 ) 
4 90 102 (640 -320 416 ) (640 -416 416 ) (640 -416 464 ) (640 -320 464 ) 
4 90 99 (640 -416 480 ) (640 -416 608 ) (640 -320 608 ) (640 -320 480 ) 
4 90 96 (640 -64 416 ) (1024 -64 416 ) (1024 -416 416 ) (640 -416 416 ) 
4 90 94 (1400 -344 416 ) (1400 -352 416 ) (1056 -352 416 ) (1056 -344 416 ) 
4 90 93 (1056 -64 416 ) (1400 -64 416 ) (1400 -344 416 ) (1056 -344 416 ) 
4 90 92 (1400 -64 416 ) (1408 -64 416 ) (1408 -352 416 ) (1400 -352 416 ) 
4 90 91 (640 -416 608 ) (640 -416 416 ) (1024 -416 416 ) (1024 -416 608 ) 
4 91 100 (640 -576 464 ) (640 -576 480 ) (640 -416 480 ) (640 -416 464 ) 
4 91 102 (640 -416 416 ) (640 -576 416 ) (640 -576 464 ) (640 -416 464 ) 
4 91 99 (640 -576 480 ) (640 -576 768 ) (640 -416 768 ) (640 -416 480 ) 
4 91 96 (864 -576 416 ) (640 -576 416 ) (640 -416 416 ) (1024 -416 416 ) 
4 92 94 (1400 -352 416 ) (1400 -344 416 ) (1400 -344 256 ) (1400 -352 256 ) 
4 92 93 (1400 -344 416 ) (1400 -64 416 ) (1400 -64 256 ) (1400 -344 256 ) 
4 93 95 (1056 -64 352 ) (1056 -64 256 ) (1056 -224 256 ) (1056 -224 352 ) 
4 93 94 (1056 -344 416 ) (1056 -344 256 ) (1400 -344 256 ) (1400 -344 416 ) 
4 95 96 (1024 -64 352 ) (1024 -64 256 ) (1024 -224 256 ) (1024 -224 352 ) 
5 96 117 (896 -320 256 ) (896 -352 256 ) (800 -448 256 ) (640 -448 256 ) (640 -320 256 ) 
4 96 116 (896 -288 256 ) (896 -320 256 ) (640 -320 256 ) (640 -288 256 ) 
4 96 105 (640 -64 256 ) (896 -64 256 ) (896 -192 256 ) (640 -192 256 ) 
4 96 107 (896 -192 256 ) (896 -288 256 ) (640 -288 256 ) (640 -192 256 ) 
4 96 102 (640 -320 256 ) (640 -576 256 ) (640 -576 416 ) (640 -320 416 ) 
4 97 134 (496 -64 752 ) (496 -64 256 ) (496 -288 256 ) (496 -288 752 ) 
4 97 106 (496 -192 256 ) (496 -64 256 ) (608 -64 256 ) (608 -192 256 ) 
4 97 107 (496 -288 256 ) (496 -192 256 ) (608 -192 256 ) (608 -288 256 ) 
4 97 98 (496 -288 624 ) (496 -288 480 ) (528 -288 480 ) (528 -288 624 ) 
4 98 135 (496 -320 480 ) (496 -320 624 ) (496 -288 624 ) (496 -288 480 ) 
4 98 99 (528 -320 624 ) (496 -320 624 ) (496 -320 480 ) (528 -320 480 ) 
4 99 136 (496 -576 480 ) (496 -576 768 ) (496 -320 768 ) (496 -320 480 ) 
4 99 124 (496 -576 624 ) (496 -576 480 ) (528 -576 480 ) (528 -576 624 ) 
4 99 100 (640 -576 480 ) (528 -576 480 ) (528 -320 480 ) (640 -320 480 ) 
4 100 102 (528 -320 464 ) (640 -320 464 ) (640 -576 464 ) (528 -576 464 ) 
4 101 137 (496 -576 464 ) (496 -576 472 ) (496 -320 472 ) (496 -320 464 ) 
4 101 102 (496 -576 464 ) (496 -320 464 ) (520 -320 464 ) (520 -576 464 ) 
4 102 138 (496 -320 256 ) (496 -576 256 ) (496 -576 464 ) (496 -320 464 ) 
4 102 126 (496 -576 416 ) (496 -576 256 ) (640 -576 256 ) (640 -576 416 ) 
4 102 117 (496 -448 256 ) (496 -320 256 ) (640 -320 256 ) (640 -448 256 ) 
4 103 104 (1144 -64 -128 ) (1144 -128 -128 ) (1144 -128 64 ) (1144 -64 64 ) 
4 104 123 (896 -64 -128 ) (896 -128 -128 ) (896 -128 -64 ) (896 -64 -64 ) 
4 104 108 (896 -128 -64 ) (896 -128 64 ) (896 -64 64 ) (896 -64 -64 ) 
4 105 108 (864 -64 112 ) (896 -64 112 ) (896 -192 112 ) (864 -192 112 ) 
4 105 110 (640 -64 112 ) (864 -64 112 ) (864 -192 112 ) (640 -192 112 ) 
4 105 107 (640 -192 112 ) (896 -192 112 ) (896 -192 256 ) (640 -192 256 ) 
4 106 158 (496 -128 112 ) (496 -192 112 ) (496 -192 256 ) (496 -128 256 ) 
4 106 155 (496 -64 256 ) (496 -64 112 ) (496 -128 112 ) (496 -128 256 ) 
4 106 107 (496 -192 256 ) (496 -192 112 ) (608 -192 112 ) (608 -192 256 ) 
4 107 158 (496 -192 112 ) (496 -288 112 ) (496 -288 256 ) (496 -192 256 ) 
4 107 116 (640 -288 112 ) (896 -288 112 ) (896 -288 256 ) (640 -288 256 ) 
3 107 109 (896 -288 112 ) (864 -288 112 ) (864 -272 112 ) 
3 107 108 (864 -192 112 ) (896 -192 112 ) (864 -208 112 ) 
4 107 110 (640 -192 112 ) (864 -192 112 ) (864 -288 112 ) (640 -288 112 ) 
4 108 123 (864 -64 -64 ) (896 -64 -64 ) (896 -128 -64 ) (864 -128 -64 ) 
4 108 110 (864 -64 112 ) (864 -64 -64 ) (864 -208 -64 ) (864 -208 112 ) 
4 109 116 (864 -288 -64 ) (896 -288 -64 ) (896 -288 112 ) (864 -288 112 ) 
4 109 110 (864 -272 -64 ) (864 -288 -64 ) (864 -288 112 ) (864 -272 112 ) 
4 110 123 (768 -64 -64 ) (864 -64 -64 ) (864 -128 -64 ) (768 -128 -64 ) 
4 110 116 (640 -288 -64 ) (864 -288 -64 ) (864 -288 112 ) (640 -288 112 ) 
4 110 113 (640 -128 -64 ) (640 -240 -64 ) (640 -240 64 ) (640 -128 64 ) 
4 111 155 (496 -64 80 ) (496 -64 -64 ) (496 -80 -64 ) (496 -80 80 ) 
4 111 112 (496 -80 -64 ) (560 -80 -64 ) (560 -80 48 ) (496 -80 64 ) 
4 112 155 (496 -80 -64 ) (496 -112 -64 ) (496 -112 64 ) (496 -80 64 ) 
4 112 114 (496 -112 64 ) (496 -112 -64 ) (560 -112 -64 ) (560 -112 48 ) 
4 113 114 (608 -128 -64 ) (608 -240 -64 ) (608 -240 64 ) (608 -128 64 ) 
4 114 158 (496 -128 -64 ) (496 -256 -64 ) (496 -256 80 ) (496 -128 80 ) 
4 114 155 (496 -112 -64 ) (496 -128 -64 ) (496 -128 80 ) (496 -112 80 ) 
4 114 115 (496 -256 -64 ) (560 -256 -64 ) (560 -256 48 ) (496 -256 64 ) 
4 115 158 (496 -256 -64 ) (496 -288 -64 ) (496 -288 64 ) (496 -256 64 ) 
4 116 121 (896 -320 -64 ) (896 -320 80 ) (640 -320 80 ) (640 -320 -64 ) 
4 116 120 (896 -320 80 ) (896 -320 112 ) (640 -320 112 ) (640 -320 80 ) 
4 116 117 (896 -320 224 ) (896 -320 256 ) (640 -320 256 ) (640 -320 224 ) 
4 116 118 (896 -320 112 ) (896 -320 224 ) (640 -320 224 ) (640 -320 112 ) 
4 117 160 (496 -448 256 ) (496 -320 256 ) (496 -320 224 ) (496 -448 224 ) 
5 117 118 (496 -448 224 ) (496 -320 224 ) (896 -320 224 ) (896 -352 224 ) (800 -448 224 ) 
4 118 161 (496 -320 224 ) (496 -320 112 ) (496 -448 112 ) (496 -448 224 ) 
4 118 120 (496 -448 112 ) (496 -320 112 ) (896 -320 112 ) (896 -448 112 ) 
4 118 119 (896 -448 112 ) (896 -448 224 ) (640 -448 224 ) (640 -448 112 ) 
4 119 125 (704 -576 112 ) (832 -576 112 ) (832 -576 224 ) (704 -576 224 ) 
4 120 161 (496 -448 112 ) (496 -320 112 ) (496 -320 80 ) (496 -448 80 ) 
4 120 122 (496 -448 80 ) (496 -320 80 ) (640 -320 80 ) (640 -448 80 ) 
4 120 121 (640 -320 80 ) (896 -320 80 ) (896 -448 80 ) (640 -448 80 ) 
4 121 122 (640 -448 80 ) (640 -320 80 ) (640 -320 -64 ) (640 -448 -64 ) 
4 122 161 (496 -320 -64 ) (496 -448 -64 ) (496 -448 80 ) (496 -320 80 ) 
4 124 140 (496 -608 480 ) (496 -608 624 ) (496 -576 624 ) (496 -576 480 ) 
4 125 129 (704 -608 224 ) (704 -608 112 ) (832 -608 112 ) (832 -608 224 ) 
4 126 141 (496 -608 256 ) (496 -608 416 ) (496 -576 416 ) (496 -576 256 ) 
4 126 127 (640 -608 416 ) (576 -608 416 ) (576 -608 256 ) (640 -608 256 ) 
4 126 128 (576 -608 416 ) (496 -608 416 ) (496 -608 256 ) (576 -608 256 ) 
4 127 128 (576 -608 416 ) (576 -608 256 ) (576 -832 256 ) (576 -832 416 ) 
4 128 181 (496 -1248 256 ) (496 -1248 416 ) (496 -752 416 ) (496 -752 256 ) 
4 128 142 (496 -752 416 ) (496 -608 416 ) (496 -608 256 ) (496 -752 256 ) 
4 129 133 (784 -1072 112 ) (784 -1072 224 ) (704 -1072 224 ) (704 -1072 112 ) 
4 129 132 (704 -960 112 ) (704 -1072 112 ) (704 -1072 224 ) (704 -960 224 ) 
4 129 130 (704 -640 112 ) (704 -736 112 ) (704 -736 224 ) (704 -640 224 ) 
4 129 131 (704 -736 112 ) (704 -864 112 ) (704 -864 224 ) (704 -736 224 ) 
4 130 131 (704 -736 112 ) (704 -736 224 ) (608 -736 224 ) (608 -736 112 ) 
4 131 182 (496 -864 112 ) (496 -864 224 ) (496 -752 224 ) (496 -752 112 ) 
4 131 163 (496 -752 224 ) (496 -736 224 ) (496 -736 112 ) (496 -752 112 ) 
4 132 133 (704 -1072 112 ) (704 -1072 224 ) (592 -1072 224 ) (592 -1072 112 ) 
4 133 183 (496 -1200 112 ) (496 -1200 224 ) (496 -1072 224 ) (496 -1072 112 ) 
4 134 158 (496 -128 256 ) (496 -288 256 ) (352 -288 256 ) (352 -128 256 ) 
4 134 155 (352 -64 256 ) (496 -64 256 ) (496 -128 256 ) (352 -128 256 ) 
4 134 135 (496 -288 480 ) (496 -288 624 ) (432 -288 624 ) (432 -288 480 ) 
4 135 136 (496 -320 480 ) (496 -320 624 ) (432 -320 624 ) (432 -320 480 ) 
4 136 140 (496 -576 480 ) (496 -576 624 ) (432 -576 624 ) (432 -576 480 ) 
4 136 139 (432 -576 480 ) (432 -576 768 ) (432 -320 768 ) (432 -320 480 ) 
4 137 138 (440 -320 464 ) (496 -320 464 ) (496 -576 464 ) (440 -576 464 ) 
4 138 160 (432 -320 256 ) (496 -320 256 ) (496 -448 256 ) (432 -448 256 ) 
4 138 141 (432 -576 256 ) (496 -576 256 ) (496 -576 416 ) (432 -576 416 ) 
4 138 139 (432 -320 256 ) (432 -576 256 ) (432 -576 464 ) (432 -320 464 ) 
4 139 160 (384 -320 256 ) (432 -320 256 ) (432 -448 256 ) (384 -448 256 ) 
4 139 141 (384 -576 256 ) (432 -576 256 ) (432 -576 416 ) (384 -576 416 ) 
4 141 142 (384 -608 256 ) (496 -608 256 ) (496 -608 416 ) (384 -608 416 ) 
4 142 184 (448 -752 416 ) (320 -752 416 ) (320 -752 256 ) (448 -752 256 ) 
4 142 181 (496 -752 256 ) (496 -752 416 ) (448 -752 416 ) (448 -752 256 ) 
4 142 153 (320 -608 256 ) (320 -752 256 ) (320 -752 416 ) (320 -608 416 ) 
4 143 145 (-128 -64 416 ) (320 -64 416 ) (320 -256 416 ) (-128 -256 416 ) 
4 143 144 (0 -256 416 ) (320 -256 416 ) (320 -256 768 ) (0 -256 768 ) 
4 144 145 (320 -256 416 ) (320 -320 416 ) (64 -320 416 ) (0 -256 416 ) 
4 145 171 (0 -128 256 ) (0 -224 256 ) (-128 -224 256 ) (-128 -128 256 ) 
4 145 168 (-128 -64 256 ) (0 -64 256 ) (0 -128 256 ) (-128 -128 256 ) 
4 145 165 (192 -320 256 ) (0 -320 256 ) (0 -128 256 ) (192 -128 256 ) 
4 145 157 (0 -64 256 ) (192 -64 256 ) (192 -128 256 ) (0 -128 256 ) 
4 145 149 (-128 -320 256 ) (200 -320 256 ) (166 -320 392 ) (-128 -320 392 ) 
4 145 147 (-128 -288 256 ) (-128 -320 256 ) (-128 -320 416 ) (-128 -288 416 ) 
3 146 173 (-208 -224 256 ) (-224 -256 256 ) (-224 -224 256 ) 
4 146 172 (-160 -128 256 ) (-208 -224 256 ) (-224 -224 256 ) (-224 -128 256 ) 
4 146 170 (-224 -64 256 ) (-160 -64 256 ) (-160 -128 256 ) (-224 -128 256 ) 
4 146 148 (-224 -64 416 ) (-224 -64 256 ) (-224 -256 256 ) (-224 -256 416 ) 
4 147 149 (-224 -320 256 ) (-128 -320 256 ) (-128 -320 392 ) (-224 -320 392 ) 
4 147 148 (-224 -288 256 ) (-224 -320 256 ) (-224 -320 416 ) (-224 -288 416 ) 
4 148 178 (-368 -64 416 ) (-368 -64 256 ) (-384 -96 256 ) (-384 -96 416 ) 
4 148 175 (-224 -224 256 ) (-224 -288 256 ) (-384 -288 256 ) (-384 -224 256 ) 
4 148 172 (-224 -128 256 ) (-224 -224 256 ) (-384 -224 256 ) (-384 -128 256 ) 
5 148 170 (-384 -96 256 ) (-368 -64 256 ) (-224 -64 256 ) (-224 -128 256 ) (-384 -128 256 ) 
4 148 151 (-384 -96 416 ) (-384 -96 256 ) (-384 -288 256 ) (-384 -288 416 ) 
4 148 149 (-384 -320 256 ) (-224 -320 256 ) (-224 -320 392 ) (-384 -320 392 ) 
4 149 165 (192 -384 256 ) (0 -384 256 ) (0 -320 256 ) (192 -320 256 ) 
4 149 150 (-384 -384 392 ) (-384 -384 256 ) (200 -384 256 ) (166 -384 392 ) 
4 150 165 (192 -448 256 ) (0 -448 256 ) (0 -384 256 ) (192 -384 256 ) 
4 150 152 (-8 -448 256 ) (320 -448 256 ) (320 -448 392 ) (26 -448 392 ) 
4 151 175 (-448 -288 256 ) (-448 -224 256 ) (-384 -224 256 ) (-384 -288 256 ) 
4 151 172 (-448 -224 256 ) (-400 -128 256 ) (-384 -128 256 ) (-384 -224 256 ) 
3 151 170 (-400 -128 256 ) (-384 -96 256 ) (-384 -128 256 ) 
4 152 165 (0 -448 256 ) (192 -448 256 ) (192 -512 256 ) (0 -512 256 ) 
4 152 154 (-8 -512 256 ) (128 -512 256 ) (128 -512 392 ) (26 -512 392 ) 
4 152 153 (128 -512 256 ) (320 -512 256 ) (320 -512 392 ) (128 -512 392 ) 
4 153 184 (128 -752 416 ) (128 -752 256 ) (320 -752 256 ) (320 -752 416 ) 
4 153 165 (192 -752 256 ) (128 -752 256 ) (128 -512 256 ) (192 -512 256 ) 
4 153 154 (128 -512 416 ) (128 -512 256 ) (128 -752 256 ) (128 -752 416 ) 
4 154 203 (-352 -752 512 ) (-352 -752 416 ) (-192 -752 416 ) (-192 -752 512 ) 
4 154 204 (-352 -752 416 ) (-352 -752 256 ) (-192 -752 256 ) (-192 -752 416 ) 
4 154 189 (-192 -752 256 ) (-160 -752 256 ) (-160 -752 512 ) (-192 -752 512 ) 
4 154 187 (128 -752 416 ) (128 -752 512 ) (-160 -752 512 ) (-160 -752 416 ) 
4 154 188 (-160 -752 256 ) (128 -752 256 ) (128 -752 416 ) (-160 -752 416 ) 
4 154 165 (128 -752 256 ) (0 -752 256 ) (0 -512 256 ) (128 -512 256 ) 
4 155 158 (352 -128 -64 ) (496 -128 -64 ) (496 -128 256 ) (352 -128 256 ) 
4 156 166 (192 -128 -64 ) (256 -128 -64 ) (256 -128 112 ) (192 -128 112 ) 
4 156 164 (288 -128 112 ) (288 -128 224 ) (192 -128 224 ) (192 -128 112 ) 
4 156 159 (320 -128 112 ) (320 -128 224 ) (288 -128 224 ) (288 -128 112 ) 
4 156 157 (192 -64 -64 ) (192 -128 -64 ) (192 -128 224 ) (192 -64 224 ) 
4 157 169 (0 -64 48 ) (0 -64 -32 ) (0 -128 -32 ) (0 -128 48 ) 
4 157 168 (0 -128 256 ) (0 -64 256 ) (0 -64 112 ) (0 -128 112 ) 
4 157 166 (0 -128 -64 ) (192 -128 -64 ) (192 -128 112 ) (0 -128 112 ) 
4 157 165 (192 -128 112 ) (192 -128 256 ) (0 -128 256 ) (0 -128 112 ) 
4 159 164 (288 -128 224 ) (288 -128 112 ) (288 -320 112 ) (288 -320 224 ) 
4 159 161 (288 -320 224 ) (288 -320 112 ) (320 -320 112 ) (320 -320 224 ) 
4 160 161 (496 -448 224 ) (384 -448 224 ) (384 -320 224 ) (496 -320 224 ) 
4 161 164 (288 -448 112 ) (288 -448 224 ) (288 -320 224 ) (288 -320 112 ) 
4 162 164 (288 -640 112 ) (288 -736 112 ) (288 -736 224 ) (288 -640 224 ) 
4 162 163 (480 -736 224 ) (288 -736 224 ) (288 -736 112 ) (480 -736 112 ) 
4 163 185 (448 -752 224 ) (288 -752 224 ) (288 -752 112 ) (448 -752 112 ) 
4 163 182 (496 -752 112 ) (496 -752 224 ) (448 -752 224 ) (448 -752 112 ) 
4 163 164 (288 -752 112 ) (288 -752 224 ) (288 -736 224 ) (288 -736 112 ) 
4 164 185 (288 -752 112 ) (288 -752 224 ) (192 -752 224 ) (192 -752 112 ) 
3 164 166 (192 -170.666667 112 ) (192 -128 112 ) (256 -128 112 ) 
4 164 165 (192 -128 224 ) (192 -128 112 ) (192 -752 112 ) (192 -752 224 ) 
4 165 190 (128 -752 256 ) (0 -752 256 ) (0 -752 112 ) (128 -752 112 ) 
4 165 186 (192 -752 256 ) (128 -752 256 ) (128 -752 112 ) (192 -752 112 ) 
4 165 177 (0 -544 224 ) (0 -544 112 ) (0 -752 112 ) (0 -752 224 ) 
4 165 171 (0 -224 256 ) (0 -128 256 ) (0 -128 112 ) (0 -224 112 ) 
4 165 167 (0 -544 112 ) (0 -192 112 ) (128 -192 112 ) (128 -544 112 ) 
5 165 166 (0 -192 112 ) (0 -128 112 ) (192 -128 112 ) (192 -170.666667 112 ) (160 -192 112 ) 
4 166 167 (128 -192 112 ) (0 -192 112 ) (0 -192 -64 ) (128 -192 -64 ) 
4 168 171 (0 -128 112 ) (0 -128 256 ) (-128 -128 256 ) (-128 -128 112 ) 
4 170 178 (-368 -64 256 ) (-368 -64 112 ) (-384 -96 112 ) (-384 -96 256 ) 
4 170 172 (-400 -128 256 ) (-400 -128 112 ) (-160 -128 112 ) (-160 -128 256 ) 
4 172 175 (-448 -224 256 ) (-448 -224 112 ) (-224 -224 112 ) (-224 -224 256 ) 
4 172 173 (-224 -224 112 ) (-208 -224 112 ) (-208 -224 256 ) (-224 -224 256 ) 
4 173 175 (-224 -224 112 ) (-224 -256 112 ) (-224 -256 256 ) (-224 -224 256 ) 
4 174 177 (-224 -544 112 ) (-64 -544 112 ) (-64 -544 224 ) (-224 -544 224 ) 
4 174 176 (-224 -384 112 ) (-224 -544 112 ) (-224 -544 224 ) (-224 -384 224 ) 
4 175 179 (-448 -240 208 ) (-448 -240 128 ) (-448 -288 128 ) (-448 -288 208 ) 
4 175 176 (-448 -288 112 ) (-224 -288 112 ) (-224 -288 224 ) (-448 -288 224 ) 
4 176 180 (-448 -544 128 ) (-448 -544 208 ) (-448 -528 208 ) (-448 -528 128 ) 
4 176 179 (-448 -288 208 ) (-448 -288 128 ) (-448 -464 128 ) (-448 -464 208 ) 
4 176 177 (-448 -544 112 ) (-224 -544 112 ) (-224 -544 224 ) (-448 -544 224 ) 
4 177 205 (-192 -752 224 ) (-448 -752 224 ) (-448 -752 112 ) (-192 -752 112 ) 
4 177 193 (-160 -752 224 ) (-192 -752 224 ) (-192 -752 112 ) (-160 -752 112 ) 
4 177 191 (0 -752 112 ) (0 -752 224 ) (-160 -752 224 ) (-160 -752 112 ) 
4 177 180 (-448 -752 128 ) (-448 -752 208 ) (-448 -544 208 ) (-448 -544 128 ) 
4 181 198 (448 -1024 256 ) (448 -1248 256 ) (448 -1248 416 ) (448 -1024 416 ) 
4 181 184 (448 -752 416 ) (448 -752 256 ) (448 -864 256 ) (448 -864 416 ) 
4 182 185 (448 -752 224 ) (448 -752 112 ) (448 -864 112 ) (448 -864 224 ) 
4 183 199 (448 -1072 112 ) (448 -1200 112 ) (448 -1200 224 ) (448 -1072 224 ) 
4 184 188 (128 -864 256 ) (128 -864 416 ) (128 -752 416 ) (128 -752 256 ) 
4 184 186 (192 -864 256 ) (128 -864 256 ) (128 -752 256 ) (192 -752 256 ) 
4 185 186 (192 -752 112 ) (192 -864 112 ) (192 -864 224 ) (192 -752 224 ) 
4 186 190 (128 -752 112 ) (128 -864 112 ) (128 -864 256 ) (128 -752 256 ) 
4 187 189 (-160 -752 512 ) (-160 -752 416 ) (-160 -832 416 ) (-160 -832 512 ) 
5 187 188 (128 -864 416 ) (-32 -864 416 ) (-160 -832 416 ) (-160 -752 416 ) (128 -752 416 ) 
4 188 195 (-32 -864 416 ) (-160 -864 416 ) (-160 -864 256 ) (-32 -864 256 ) 
4 188 190 (0 -752 256 ) (128 -752 256 ) (128 -864 256 ) (0 -864 256 ) 
4 188 189 (-160 -752 416 ) (-160 -752 256 ) (-160 -832 256 ) (-160 -832 416 ) 
4 189 203 (-192 -832 512 ) (-192 -752 512 ) (-192 -752 416 ) (-192 -832 416 ) 
4 189 204 (-192 -752 416 ) (-192 -752 256 ) (-192 -832 256 ) (-192 -832 416 ) 
4 190 191 (0 -752 112 ) (0 -864 112 ) (0 -864 224 ) (0 -752 224 ) 
4 191 196 (-160 -864 112 ) (-32 -864 112 ) (-32 -864 224 ) (-160 -864 224 ) 
4 191 193 (-160 -752 224 ) (-160 -752 112 ) (-160 -768 112 ) (-160 -768 224 ) 
4 193 205 (-192 -752 112 ) (-192 -768 112 ) (-192 -768 224 ) (-192 -752 224 ) 
4 194 210 (416 -1024 112 ) (0 -1024 112 ) (96 -928 112 ) (320 -928 112 ) 
4 194 200 (0 -1024 112 ) (416 -1024 112 ) (416 -1024 416 ) (0 -1024 416 ) 
4 194 197 (416 -1024 416 ) (416 -1024 608 ) (0 -1024 608 ) (0 -1024 416 ) 
4 195 201 (-160 -1024 256 ) (-32 -1024 256 ) (-32 -1024 416 ) (-160 -1024 416 ) 
4 196 201 (-160 -1024 112 ) (-32 -1024 112 ) (-32 -1024 224 ) (-160 -1024 224 ) 
4 197 207 (416 -1248 608 ) (0 -1248 608 ) (0 -1248 416 ) (416 -1248 416 ) 
4 197 200 (0 -1024 416 ) (416 -1024 416 ) (416 -1248 416 ) (0 -1248 416 ) 
4 198 200 (416 -1248 256 ) (416 -1248 416 ) (416 -1024 416 ) (416 -1024 256 ) 
4 199 200 (416 -1248 112 ) (416 -1248 224 ) (416 -1024 224 ) (416 -1024 112 ) 
4 200 210 (416 -1248 112 ) (0 -1248 112 ) (0 -1024 112 ) (416 -1024 112 ) 
4 200 207 (0 -1248 112 ) (416 -1248 112 ) (416 -1248 416 ) (0 -1248 416 ) 
4 200 201 (0 -1024 416 ) (0 -1024 112 ) (0 -1120 112 ) (0 -1120 416 ) 
4 200 202 (0 -1120 112 ) (0 -1248 112 ) (0 -1248 416 ) (0 -1120 416 ) 
4 201 202 (-160 -1120 112 ) (0 -1120 112 ) (0 -1120 416 ) (-160 -1120 416 ) 
4 202 206 (-192 -1120 112 ) (-192 -1248 112 ) (-192 -1248 416 ) (-192 -1120 416 ) 
5 203 204 (-352 -752 416 ) (-192 -752 416 ) (-192 -832 416 ) (-320 -864 416 ) (-352 -864 416 ) 
4 204 206 (-320 -864 256 ) (-192 -864 256 ) (-192 -864 416 ) (-320 -864 416 ) 
4 206 208 (-320 -1248 112 ) (-192 -1248 112 ) (-192 -1248 416 ) (-320 -1248 416 ) 
4 207 210 (0 -1248 112 ) (416 -1248 112 ) (320 -1344 112 ) (96 -1344 112 ) 
4 208 209 (-320 -1432 112 ) (-192 -1432 112 ) (-192 -1432 416 ) (-320 -1432 416 ) 
4 210 219 (276.363636 -1332.363636 -64 ) (101.818182 -1332.363636 -64 ) (11.636364 -1242.181818 -64 ) (11.636364 -1067.636364 -64 ) 
5 210 218 (101.818182 -939.636364 -64 ) (128 -939.636364 -64 ) (128 -1184 -64 ) (11.636364 -1067.636364 -64 ) (11.636364 -1029.818182 -64 ) 
3 210 217 (128 -939.636364 -64 ) (276.363636 -939.636364 -64 ) (128 -1088 -64 ) 
4 210 216 (288 -1332.363636 -64 ) (276.363636 -1332.363636 -64 ) (160 -1216 -64 ) (288 -1216 -64 ) 
3 210 214 (288 -1184 -64 ) (288 -1216 -64 ) (256 -1216 -64 ) 
8 210 215 (160 -1216 -64 ) (128 -1184 -64 ) (128 -1088 -64 ) (160 -1056 -64 ) (256 -1056 -64 ) (288 -1088 -64 ) (288 -1184 -64 ) (256 -1216 -64 ) 
5 210 213 (404.363636 -1204.363636 -64 ) (404.363636 -1242.181818 -64 ) (314.181818 -1332.363636 -64 ) (288 -1332.363636 -64 ) (288 -1088 -64 ) 
3 210 212 (404.363636 -1056 -64 ) (404.363636 -1204.363636 -64 ) (256 -1056 -64 ) 
5 210 211 (276.363636 -939.636364 -64 ) (314.181818 -939.636364 -64 ) (404.363636 -1029.818182 -64 ) (404.363636 -1056 -64 ) (160 -1056 -64 ) 
3 211 217 (160 -1056 -384 ) (160 -1056 -64 ) (276.363636 -939.636364 -64 ) 
4 211 215 (256 -1056 -64 ) (160 -1056 -64 ) (160 -1056 -384 ) (256 -1056 -384 ) 
4 211 212 (352 -1056 -208 ) (404.363636 -1056 -64 ) (256 -1056 -64 ) (256 -1056 -384 ) 
4 212 215 (256 -1056 -64 ) (256 -1056 -384 ) (288 -1088 -384 ) (288 -1088 -64 ) 
3 212 213 (288 -1088 -384 ) (404.363636 -1204.363636 -64 ) (288 -1088 -64 ) 
4 213 216 (288 -1216 -325.333333 ) (288 -1280 -208 ) (288 -1332.363636 -64 ) (288 -1216 -64 ) 
4 213 214 (288 -1184 -384 ) (288 -1216 -325.333333 ) (288 -1216 -64 ) (288 -1184 -64 ) 
4 213 215 (288 -1088 -64 ) (288 -1088 -384 ) (288 -1184 -384 ) (288 -1184 -64 ) 
4 214 216 (288 -1216 -325.333333 ) (288 -1216 -64 ) (256 -1216 -64 ) (256 -1216 -384 ) 
4 214 215 (256 -1216 -384 ) (256 -1216 -64 ) (288 -1184 -64 ) (288 -1184 -384 ) 
8 215 220 (160 -1216 -640 ) (128 -1184 -640 ) (128 -1088 -640 ) (160 -1056 -640 ) (256 -1056 -640 ) (288 -1088 -640 ) (288 -1184 -640 ) (256 -1216 -640 ) 
4 215 219 (160 -1216 -384 ) (160 -1216 -64 ) (128 -1184 -64 ) (128 -1184 -384 ) 
4 215 218 (128 -1184 -384 ) (128 -1184 -64 ) (128 -1088 -64 ) (128 -1088 -384 ) 
4 215 217 (128 -1088 -384 ) (128 -1088 -64 ) (160 -1056 -64 ) (160 -1056 -384 ) 
4 215 216 (160 -1216 -64 ) (160 -1216 -384 ) (256 -1216 -384 ) (256 -1216 -64 ) 
3 216 219 (276.363636 -1332.363636 -64 ) (160 -1216 -64 ) (160 -1216 -384 ) 
4 217 218 (128 -1088 -384 ) (128 -1088 -64 ) (128 -939.636364 -64 ) (128 -992 -208 ) 
3 218 219 (128 -1184 -384 ) (128 -1184 -64 ) (11.636364 -1067.636364 -64 ) 
6 220 222 (144 -1176 -1024 ) (144 -1096 -1024 ) (168 -1072 -1024 ) (192 -1072 -1024 ) (192 -1200 -1024 ) (168 -1200 -1024 ) 
6 220 221 (224 -1200 -1024 ) (224 -1072 -1024 ) (248 -1072 -1024 ) (272 -1096 -1024 ) (272 -1176 -1024 ) (248 -1200 -1024 ) 
0 -1
1 2 3 4 5 6 7 8 9 10 11 12 13 14 15 16 17 18 19 20 21 22 -1
23 24 25 26 27 28 29 30 31 32 33 34 35 36 37 38 39 40 41 42 43 44 45 46 47 48 49 50 51 52 53 54 55 56 57 58 59 60 61 62 63 64 65 66 67 68 69 70 71 72 73 74 75 76 77 78 79 80 81 82 83 84 85 86 87 88 89 90 91 92 93 94 95 96 97 98 99 100 101 102 103 104 105 106 107 108 109 110 111 112 113 114 115 116 117 118 119 120 121 122 123 124 125 126 127 128 129 130 131 132 133 134 135 136 137 138 139 140 141 142 143 144 145 146 147 148 149 150 151 152 153 154 155 156 157 158 159 160 161 162 163 164 165 166 167 168 169 170 171 172 173 174 175 176 177 178 179 180 181 182 183 184 185 186 187 188 189 190 191 192 193 194 -1
195 196 197 198 -1
199 200 201 202 203 -1
204 -1
205 -1
206 207 208 -1
209 210 211 212 -1
213 214 215 216 217 218 219 220 221 222 223 224 225 226 227 228 229 230 231 232 233 234 235 236 237 238 239 240 241 242 243 244 245 246 247 248 249 250 251 252 253 254 255 256 257 258 259 260 261 262 263 264 265 266 267 268 269 270 271 272 273 274 275 276 277 278 279 280 281 282 283 284 285 286 287 288 289 290 291 292 293 294 295 296 297 298 299 300 301 302 303 304 305 306 307 308 309 310 311 312 313 314 315 316 317 318 319 320 321 322 323 324 325 326 327 328 329 330 331 332 333 334 335 336 337 338 339 340 341 342 343 344 345 -1
346 -1
347 -1
348 -1
349 -1
350 -1
351 -1
352 -1
353 -1
354 355 356 357 358 359 360 361 362 363 364 365 366 367 368 369 370 371 372 373 374 375 376 377 378 379 380 381 382 383 384 385 386 387 388 389 390 391 392 -1
393 -1
394 395 396 397 398 399 400 401 402 403 404 405 406 407 408 409 410 411 412 -1
413 -1
414 -1
415 -1
416 -1
417 418 419 420 421 422 423 424 425 426 427 428 429 430 431 432 433 434 435 436 437 438 439 440 441 442 443 444 445 446 447 448 449 450 451 452 453 -1
454 -1
455 456 457 458 459 460 -1
461 462 463 -1
464 -1
465 -1
466 467 468 469 470 471 472 473 474 475 -1
476 -1
477 -1
478 -1
479 -1
480 -1
481 -1
482 483 484 485 486 487 488 489 490 491 -1
492 493 494 495 -1
496 -1
497 498 -1
499 -1
500 501 502 503 504 505 506 507 508 509 510 511 512 513 514 515 516 517 518 519 520 521 522 523 524 525 526 527 528 -1
529 -1
530 -1
531 -1
532 -1
533 -1
534 -1
535 -1
536 -1
537 -1
538 539 540 541 542 -1
543 544 545 546 547 548 549 550 551 552 553 554 555 556 557 558 559 560 561 562 563 564 565 566 567 568 569 570 571 572 573 574 575 576 577 578 579 580 581 582 583 584 585 586 587 588 589 590 591 592 593 594 595 596 597 598 599 600 601 602 603 604 605 606 607 608 609 610 611 612 613 614 615 616 617 618 619 620 621 622 623 624 625 626 627 628 629 630 631 632 633 634 635 636 637 638 639 640 641 642 643 644 645 646 647 648 649 650 651 652 653 654 655 656 657 658 659 660 661 662 663 664 665 666 667 668 669 670 671 672 673 674 675 676 677 678 679 680 681 682 683 684 685 686 687 688 689 690 691 692 693 694 695 696 697 698 699 700 701 702 703 704 705 706 707 708 709 710 711 712 713 714 715 716 717 718 719 720 721 722 723 724 725 726 727 728 729 730 731 732 733 734 735 736 737 738 739 740 741 742 743 744 745 746 747 748 749 750 751 752 753 754 755 756 -1
757 758 759 760 761 762 763 764 765 -1
766 767 768 769 -1
770 771 772 773 774 -1
775 -1
776 -1
777 -1
778 -1
779 -1
780 781 782 783 784 785 -1
786 -1
787 -1
788 -1
789 -1
790 -1
791 -1
792 -1
793 794 795 796 797 -1
798 799 800 801 802 -1
803 -1
804 -1
805 -1
806 807 -1
808 -1
809 810 811 812 813 814 815 816 817 818 819 -1
820 821 822 823 824 825 -1
826 -1
827 -1
828 -1
829 -1
830 -1
831 -1
832 833 834 835 836 837 838 839 840 841 842 843 844 845 846 847 848 -1
849 -1
850 -1
851 852 853 854 855 856 857 858 859 860 861 862 863 864 865 866 867 868 869 870 871 872 873 874 875 876 877 878 879 880 881 882 883 884 885 886 887 888 889 890 891 892 893 894 895 896 897 898 899 900 901 902 903 904 905 906 907 908 909 -1
910 911 912 913 914 915 916 917 918 919 920 921 922 923 924 925 926 927 928 929 930 931 932 933 934 935 936 937 938 939 940 941 942 943 944 945 946 947 948 949 950 951 952 953 954 955 956 957 958 959 960 961 962 963 964 965 966 967 968 969 970 971 972 973 974 975 976 977 978 979 980 981 982 983 984 985 986 987 988 989 990 991 992 993 994 995 996 997 998 999 1000 1001 1002 1003 1004 1005 1006 1007 1008 1009 1010 1011 1012 1013 1014 1015 1016 1017 1018 1019 1020 1021 1022 1023 1024 1025 1026 1027 1028 1029 1030 1031 1032 1033 1034 1035 1036 1037 1038 1039 1040 1041 1042 1043 1044 1045 1046 1047 1048 1049 1050 1051 1052 1053 1054 1055 1056 1057 1058 1059 1060 1061 1062 1063 1064 1065 1066 1067 1068 1069 1070 1071 1072 1073 1074 1075 1076 1077 1078 1079 1080 1081 1082 1083 1084 1085 1086 1087 1088 1089 1090 1091 1092 1093 1094 1095 1096 1097 1098 1099 1100 1101 1102 1103 1104 1105 1106 1107 1108 1109 1110 1111 1112 1113 1114 1115 1116 1117 1118 1119 1120 1121 1122 1123 1124 1125 1126 1127 1128 1129 1130 1131 1132 1133 1134 1135 1136 1137 1138 1139 1140 1141 1142 1143 1144 1145 1146 1147 1148 1149 1150 1151 1152 1153 1154 1155 1156 1157 1158 1159 1160 1161 1162 1163 1164 1165 1166 1167 1168 1169 1170 1171 1172 1173 1174 1175 1176 1177 1178 1179 1180 1181 1182 1183 1184 1185 1186 1187 1188 1189 1190 -1
1191 1192 1193 1194 -1
1195 1196 1197 1198 -1
1199 1200 1201 1202 1203 1204 1205 1206 1207 -1
1208 1209 1210 1211 -1
1212 -1
1213 -1
1214 1215 1216 1217 1218 1219 1220 1221 1222 1223 1224 1225 1226 1227 1228 1229 1230 1231 1232 1233 1234 1235 1236 1237 1238 1239 1240 -1
1241 -1
1242 1243 1244 1245 1246 1247 1248 1249 1250 1251 1252 1253 1254 -1
1255 -1
1256 -1
1257 -1
1258 1259 1260 -1
1261 1262 1263 1264 -1
1265 -1
1266 1267 1268 1269 1270 1271 1272 1273 1274 1275 1276 1277 1278 -1
1279 1280 1281 1282 1283 1284 1285 1286 1287 1288 1289 -1
1290 -1
1291 -1
1292 -1
1293 -1
1294 -1
1295 -1
1296 -1
1297 -1
1298 -1
1299 -1
1300 -1
1301 -1
1302 -1
1303 1304 1305 1306 1307 -1
1308 1309 1310 1311 1312 -1
1313 1314 1315 -1
1316 -1
1317 -1
1318 -1
1319 -1
1320 -1
1321 -1
1322 -1
1323 -1
1324 -1
1325 -1
1326 1327 1328 1329 1330 1331 1332 1333 1334 1335 1336 1337 1338 1339 1340 1341 1342 1343 1344 1345 1346 1347 1348 1349 1350 1351 1352 1353 1354 1355 1356 1357 1358 1359 -1
1360 -1
1361 1362 1363 1364 1365 1366 1367 1368 1369 1370 1371 1372 1373 1374 1375 -1
1376 -1
1377 -1
1378 1379 1380 1381 1382 1383 1384 -1
1385 -1
1386 -1
1387 -1
1388 1389 1390 1391 1392 1393 1394 1395 1396 1397 1398 1399 1400 1401 1402 1403 1404 1405 1406 1407 1408 1409 1410 1411 1412 1413 1414 1415 1416 1417 1418 1419 1420 1421 1422 1423 1424 1425 1426 1427 1428 1429 1430 1431 1432 1433 1434 1435 1436 1437 1438 1439 1440 1441 1442 1443 1444 1445 1446 1447 1448 1449 1450 1451 1452 1453 1454 1455 1456 1457 1458 1459 1460 1461 1462 1463 1464 1465 1466 1467 1468 1469 1470 1471 1472 1473 1474 1475 1476 1477 1478 1479 1480 1481 1482 1483 1484 1485 1486 1487 1488 1489 1490 1491 1492 1493 1494 1495 1496 1497 1498 1499 1500 1501 1502 1503 1504 1505 1506 1507 1508 1509 1510 1511 1512 1513 1514 1515 1516 1517 1518 1519 1520 1521 1522 1523 1524 1525 -1
1526 1527 1528 1529 1530 1531 1532 1533 1534 1535 1536 1537 1538 1539 -1
1540 -1
1541 -1
1542 -1
1543 -1
1544 1545 1546 1547 -1
1548 -1
1549 -1
1550 1551 1552 1553 -1
1554 -1
1555 1556 1557 1558 1559 1560 1561 1562 1563 1564 1565 1566 1567 1568 1569 1570 1571 1572 1573 1574 1575 1576 1577 1578 1579 1580 1581 1582 1583 1584 1585 1586 1587 1588 1589 1590 1591 1592 1593 1594 1595 1596 1597 1598 1599 1600 1601 1602 1603 1604 1605 1606 1607 1608 1609 1610 1611 1612 1613 1614 1615 1616 1617 1618 1619 1620 1621 1622 1623 1624 1625 1626 1627 1628 1629 1630 1631 1632 1633 1634 1635 1636 1637 1638 1639 1640 1641 1642 1643 1644 1645 1646 1647 1648 1649 1650 1651 1652 1653 1654 1655 1656 -1
1657 -1
1658 -1
1659 -1
1660 1661 1662 1663 1664 1665 1666 1667 1668 1669 -1
1670 -1
1671 -1
1672 1673 1674 1675 1676 1677 1678 -1
1679 -1
1680 -1
1681 -1
1682 -1
1683 -1
1684 1685 1686 1687 1688 1689 1690 1691 1692 1693 -1
1694 1695 -1
1696 -1
1697 -1
1698 1699 -1
1700 -1
1701 -1
1702 1703 1704 1705 1706 -1
1707 -1
1708 -1
1709 1710 1711 1712 1713 1714 1715 1716 1717 -1
1718 -1
1719 -1
1720 -1
1721 -1
1722 -1
1723 -1
1724 -1
1725 -1
1726 -1
1727 1728 1729 1730 1731 -1
1732 -1
1733 -1
1734 -1
1735 -1
1736 -1
1737 -1
1738 1739 1740 1741 -1
1742 -1
1743 -1
1744 1745 1746 1747 1748 1749 1750 -1
1751 -1
1752 -1
1753 1754 1755 1756 1757 -1
1758 -1
1759 -1
1760 1761 1762 1763 1764 1765 1766 1767 1768 1769 1770 1771 1772 1773 1774 1775 1776 1777 1778 1779 1780 1781 1782 1783 1784 1785 1786 1787 1788 -1
1789 -1
1790 1791 1792 1793 1794 -1
1795 1796 1797 1798 1799 1800 1801 1802 1803 -1
1804 1805 1806 1807 -1
1808 1809 1810 1811 1812 -1
1813 1814 1815 1816 -1
1817 1818 1819 1820 1821 1822 1823 1824 1825 1826 1827 -1
1828 -1
1829 -1
1830 -1
1831 -1
1832 -1
1833 -1
1834 -1
1835 -1
1836 -1
1837 -1
1838 -1
1839 -1
