PRT2
255
161
346
4 0 88 (-32 -16 1856 ) (-32 48 1856 ) (-32 48 608 ) (-32 -16 608 ) 
4 0 1 (128 -16 608 ) (-32 -16 608 ) (-32 48 608 ) (128 48 608 ) 
4 1 89 (-32 48 608 ) (-32 48 576 ) (-32 -16 576 ) (-32 -16 608 ) 
4 1 26 (-32 -16 576 ) (-32 48 576 ) (128 48 576 ) (128 -16 576 ) 
4 2 8 (352 672 576 ) (352 800 576 ) (352 800 384 ) (352 672 384 ) 
4 2 4 (512 672 576 ) (480 672 576 ) (480 672 384 ) (512 672 384 ) 
4 2 3 (640 672 384 ) (640 672 576 ) (512 672 576 ) (512 672 384 ) 
4 3 7 (640 416 384 ) (640 416 544 ) (512 416 544 ) (512 416 384 ) 
4 3 6 (640 416 544 ) (640 416 576 ) (512 416 576 ) (512 416 544 ) 
4 3 5 (512 448 384 ) (512 416 384 ) (512 416 576 ) (512 448 576 ) 
4 3 4 (512 672 384 ) (512 640 384 ) (512 640 576 ) (512 672 576 ) 
4 5 7 (480 416 544 ) (480 416 384 ) (512 416 384 ) (512 416 544 ) 
4 5 6 (512 416 576 ) (480 416 576 ) (480 416 544 ) (512 416 544 ) 
5 6 7 (544 288 544 ) (384 288 544 ) (384 416 544 ) (640 416 544 ) (640 384 544 ) 
4 7 12 (352 288 384 ) (352 288 544 ) (352 416 544 ) (352 416 384 ) 
4 8 11 (64 480 384 ) (64 480 576 ) (64 800 576 ) (64 800 384 ) 
4 8 10 (352 480 384 ) (64 480 384 ) (64 672 384 ) (352 672 384 ) 
4 8 9 (64 672 384 ) (64 800 384 ) (320 800 384 ) (320 672 384 ) 
4 9 11 (64 672 256 ) (64 672 384 ) (64 800 384 ) (64 800 256 ) 
4 9 10 (64 672 384 ) (64 672 224 ) (320 672 224 ) (320 672 384 ) 
4 10 13 (352 480 224 ) (352 480 352 ) (160 480 352 ) (160 480 224 ) 
4 10 11 (64 480 256 ) (64 480 384 ) (64 672 384 ) (64 672 256 ) 
4 11 90 (-32 480 576 ) (-32 800 576 ) (-32 800 256 ) (-32 480 256 ) 
4 12 93 (-32 288 576 ) (-32 448 576 ) (-32 448 384 ) (-32 288 384 ) 
4 12 26 (128 288 576 ) (-32 288 576 ) (-32 288 384 ) (128 288 384 ) 
4 12 25 (352 288 576 ) (128 288 576 ) (128 288 384 ) (352 288 384 ) 
4 13 14 (256 384 224 ) (352 384 224 ) (352 384 352 ) (256 384 352 ) 
4 14 27 (256 288 192 ) (352 288 192 ) (352 288 320 ) (256 288 320 ) 
4 15 28 (352 224 192 ) (352 -32 192 ) (352 -32 352 ) (352 224 352 ) 
4 15 25 (352 -32 384 ) (352 -32 576 ) (352 224 576 ) (352 224 384 ) 
4 15 22 (352 -32 384 ) (352 -32 192 ) (384 -32 192 ) (384 -32 384 ) 
4 15 21 (384 -32 192 ) (448 -32 192 ) (448 -32 384 ) (384 -32 384 ) 
4 15 20 (448 -32 192 ) (480 -32 192 ) (480 -32 384 ) (448 -32 384 ) 
4 15 19 (480 -32 576 ) (352 -32 576 ) (352 -32 384 ) (480 -32 384 ) 
4 15 18 (512 -32 576 ) (480 -32 576 ) (480 -32 192 ) (512 -32 192 ) 
4 15 17 (672 -32 576 ) (512 -32 576 ) (512 -32 192 ) (672 -32 192 ) 
4 15 16 (768 -32 192 ) (768 -32 576 ) (672 -32 576 ) (672 -32 192 ) 
4 16 42 (672 -128 192 ) (672 -128 160 ) (768 -128 160 ) (768 -128 192 ) 
4 16 38 (768 -128 576 ) (672 -128 576 ) (672 -128 192 ) (768 -128 192 ) 
4 16 36 (896 -128 576 ) (768 -128 576 ) (768 -128 160 ) (896 -128 160 ) 
4 16 24 (896 -32 160 ) (896 -128 160 ) (672 -128 160 ) (672 -32 160 ) 
4 16 17 (672 -32 576 ) (672 -32 192 ) (672 -128 192 ) (672 -128 576 ) 
4 17 38 (672 -128 576 ) (512 -128 576 ) (512 -128 192 ) (672 -128 192 ) 
4 17 18 (512 -64 576 ) (512 -32 576 ) (512 -32 192 ) (512 -64 192 ) 
4 18 20 (480 -32 384 ) (480 -32 192 ) (480 -64 192 ) (480 -64 384 ) 
4 18 19 (480 -64 576 ) (480 -32 576 ) (480 -32 384 ) (480 -64 384 ) 
4 19 47 (384 -128 576 ) (352 -128 576 ) (352 -128 384 ) (384 -128 384 ) 
4 19 41 (480 -128 576 ) (384 -128 576 ) (384 -128 384 ) (480 -128 384 ) 
4 19 25 (352 -128 384 ) (352 -128 576 ) (352 -32 576 ) (352 -32 384 ) 
4 19 22 (352 -64 384 ) (352 -32 384 ) (384 -32 384 ) (384 -64 384 ) 
4 19 21 (384 -32 384 ) (448 -32 384 ) (448 -112 384 ) (384 -112 384 ) 
4 19 20 (448 -32 384 ) (480 -32 384 ) (480 -64 384 ) (448 -64 384 ) 
4 20 21 (448 -32 384 ) (448 -32 192 ) (448 -64 192 ) (448 -64 384 ) 
4 21 22 (384 -32 192 ) (384 -64 192 ) (384 -64 384 ) (384 -32 384 ) 
4 22 28 (352 -32 352 ) (352 -32 192 ) (352 -64 192 ) (352 -64 352 ) 
4 23 29 (352 64 0 ) (352 0 0 ) (352 0 160 ) (352 64 160 ) 
4 23 24 (608 0 160 ) (352 0 160 ) (352 0 0 ) (608 0 0 ) 
4 24 45 (544 -128 160 ) (416 -128 160 ) (416 -128 0 ) (544 -128 0 ) 
4 24 44 (672 -128 160 ) (544 -128 160 ) (544 -128 0 ) (672 -128 0 ) 
4 24 43 (768 -128 160 ) (672 -128 160 ) (672 -128 0 ) (768 -128 0 ) 
4 24 37 (928 -128 32 ) (928 -128 160 ) (768 -128 160 ) (768 -128 32 ) 
4 24 29 (352 0 0 ) (352 -64 0 ) (352 -64 160 ) (352 0 160 ) 
4 25 48 (224 -128 576 ) (128 -128 576 ) (128 -128 384 ) (224 -128 384 ) 
4 25 47 (352 -128 576 ) (224 -128 576 ) (224 -128 384 ) (352 -128 384 ) 
4 25 30 (128 -96 384 ) (128 224 384 ) (224 128 384 ) (224 0 384 ) 
4 25 26 (128 288 576 ) (128 288 384 ) (128 -96 384 ) (128 -96 576 ) 
4 26 101 (-32 -96 576 ) (-32 176 576 ) (-32 176 384 ) (-32 -96 384 ) 
4 26 93 (-32 176 576 ) (-32 288 576 ) (-32 288 384 ) (-32 176 384 ) 
4 26 33 (-32 208 384 ) (-32 256 384 ) (32 256 384 ) (32 208 384 ) 
4 26 34 (-32 -96 384 ) (-32 208 384 ) (64 208 384 ) (64 -96 384 ) 
4 26 30 (128 224 384 ) (128 -96 384 ) (64 -96 384 ) (64 224 384 ) 
4 27 28 (352 224 192 ) (352 224 320 ) (256 224 320 ) (256 224 192 ) 
4 28 51 (352 -128 192 ) (352 -128 352 ) (224 -128 352 ) (224 -128 192 ) 
4 28 35 (224 -128 192 ) (224 -128 352 ) (224 -96 352 ) (224 -96 192 ) 
4 28 31 (224 -96 352 ) (224 224 352 ) (224 224 192 ) (224 -96 192 ) 
4 29 32 (224 -64 160 ) (224 64 160 ) (224 64 32 ) (224 -64 32 ) 
4 30 34 (64 -96 352 ) (64 -96 384 ) (64 208 384 ) (64 208 352 ) 
6 30 31 (128 -96 352 ) (64 -96 352 ) (64 224 352 ) (128 224 352 ) (224 128 352 ) (224 0 352 ) 
4 31 35 (224 -96 192 ) (224 -96 352 ) (64 -96 352 ) (64 -96 192 ) 
4 31 34 (64 -96 192 ) (64 -96 352 ) (64 208 352 ) (64 208 192 ) 
5 31 32 (224 -96 192 ) (64 -96 192 ) (64 224 192 ) (128 224 192 ) (224 128 192 ) 
4 32 35 (64 -96 32 ) (224 -96 32 ) (224 -96 192 ) (64 -96 192 ) 
4 32 34 (64 208 32 ) (64 -96 32 ) (64 -96 192 ) (64 208 192 ) 
4 33 34 (-32 208 384 ) (-32 208 32 ) (32 208 32 ) (32 208 384 ) 
4 34 103 (-32 176 192 ) (-32 176 32 ) (-32 -96 32 ) (-32 -96 192 ) 
4 34 102 (-32 176 352 ) (-32 176 192 ) (-32 -96 192 ) (-32 -96 352 ) 
4 34 101 (-32 -96 384 ) (-32 176 384 ) (-32 176 352 ) (-32 -96 352 ) 
4 34 94 (-32 176 384 ) (-32 208 384 ) (-32 208 32 ) (-32 176 32 ) 
4 34 35 (-32 -96 352 ) (-32 -96 32 ) (64 -96 32 ) (64 -96 352 ) 
4 35 103 (-32 -128 32 ) (-32 -128 192 ) (-32 -96 192 ) (-32 -96 32 ) 
4 35 102 (-32 -128 192 ) (-32 -128 352 ) (-32 -96 352 ) (-32 -96 192 ) 
4 35 54 (-32 -128 240 ) (-32 -128 32 ) (64 -128 32 ) (64 -128 240 ) 
4 35 53 (-32 -128 352 ) (-32 -128 240 ) (64 -128 240 ) (64 -128 352 ) 
4 35 52 (64 -128 32 ) (224 -128 32 ) (224 -128 192 ) (64 -128 192 ) 
4 35 51 (224 -128 192 ) (224 -128 352 ) (64 -128 352 ) (64 -128 192 ) 
4 36 42 (768 -128 192 ) (768 -128 160 ) (768 -160 160 ) (768 -160 192 ) 
4 36 38 (768 -160 576 ) (768 -128 576 ) (768 -128 192 ) (768 -160 192 ) 
4 36 37 (768 -160 160 ) (768 -128 160 ) (896 -128 160 ) (864 -160 160 ) 
4 37 43 (768 -192 160 ) (768 -128 160 ) (768 -128 32 ) (768 -192 32 ) 
4 38 42 (672 -128 192 ) (768 -128 192 ) (768 -160 192 ) (704 -160 192 ) 
4 38 39 (560 -224 192 ) (656 -224 192 ) (656 -224 320 ) (560 -224 320 ) 
4 39 40 (560 -384 192 ) (656 -384 192 ) (656 -384 320 ) (560 -384 320 ) 
4 40 64 (768 -480 192 ) (768 -480 352 ) (512 -480 352 ) (512 -480 192 ) 
4 41 47 (384 -448 576 ) (384 -128 576 ) (384 -128 384 ) (384 -448 384 ) 
4 42 43 (672 -128 160 ) (768 -128 160 ) (768 -160 160 ) (704 -160 160 ) 
4 43 44 (672 -128 160 ) (672 -128 0 ) (672 -192 0 ) (672 -192 160 ) 
4 44 46 (544 -384 0 ) (672 -384 0 ) (672 -384 160 ) (544 -384 160 ) 
4 44 45 (544 -128 160 ) (544 -128 0 ) (544 -256 0 ) (544 -256 160 ) 
4 46 82 (768 -384 0 ) (768 -480 0 ) (704 -480 0 ) (704 -384 0 ) 
4 46 66 (512 -480 0 ) (768 -480 0 ) (768 -480 160 ) (512 -480 160 ) 
4 47 57 (384 -448 384 ) (384 -448 544 ) (256 -448 544 ) (256 -448 384 ) 
4 47 49 (224 -448 384 ) (224 -448 576 ) (224 -256 576 ) (224 -256 384 ) 
4 47 48 (224 -256 576 ) (224 -128 576 ) (224 -128 384 ) (224 -256 384 ) 
4 48 124 (-32 -256 576 ) (-32 -128 576 ) (-32 -128 384 ) (-32 -256 384 ) 
4 48 49 (-32 -256 576 ) (-32 -256 384 ) (224 -256 384 ) (224 -256 576 ) 
4 49 124 (-32 -448 576 ) (-32 -256 576 ) (-32 -256 384 ) (-32 -448 384 ) 
4 49 59 (128 -448 576 ) (-32 -448 576 ) (-32 -448 384 ) (128 -448 384 ) 
5 49 50 (224 -448 384 ) (-32 -448 384 ) (-32 -256 384 ) (128 -256 384 ) (224 -352 384 ) 
4 50 125 (-32 -256 384 ) (-32 -256 352 ) (-32 -448 352 ) (-32 -448 384 ) 
4 50 59 (-32 -448 384 ) (-32 -448 352 ) (128 -448 352 ) (128 -448 384 ) 
4 50 56 (-32 -448 352 ) (-32 -288 352 ) (64 -288 352 ) (64 -448 352 ) 
4 50 53 (-32 -288 352 ) (-32 -256 352 ) (64 -256 352 ) (64 -288 352 ) 
5 50 51 (64 -256 352 ) (128 -256 352 ) (224 -352 352 ) (224 -448 352 ) (64 -448 352 ) 
4 51 59 (128 -448 352 ) (64 -448 352 ) (64 -448 192 ) (128 -448 192 ) 
4 51 58 (320 -448 352 ) (192 -448 352 ) (192 -448 192 ) (320 -448 192 ) 
4 51 56 (64 -448 192 ) (64 -448 352 ) (64 -288 352 ) (64 -288 192 ) 
4 51 54 (64 -128 240 ) (64 -128 192 ) (64 -208 192 ) (64 -208 240 ) 
4 51 53 (64 -288 352 ) (64 -128 352 ) (64 -128 240 ) (64 -288 240 ) 
4 51 52 (64 -128 192 ) (224 -128 192 ) (128 -224 192 ) (64 -224 192 ) 
4 52 54 (64 -208 192 ) (64 -128 192 ) (64 -128 32 ) (64 -208 32 ) 
4 53 126 (-32 -128 352 ) (-32 -128 240 ) (-32 -288 240 ) (-32 -288 352 ) 
4 53 56 (-32 -288 352 ) (-32 -288 240 ) (64 -288 240 ) (64 -288 352 ) 
4 53 55 (-32 -256 240 ) (-32 -208 240 ) (32 -208 240 ) (32 -256 240 ) 
4 53 54 (-32 -208 240 ) (-32 -128 240 ) (64 -128 240 ) (64 -208 240 ) 
4 54 127 (-32 -128 240 ) (-32 -128 32 ) (-32 -208 32 ) (-32 -208 240 ) 
4 54 55 (-32 -208 240 ) (-32 -208 32 ) (32 -208 32 ) (32 -208 240 ) 
4 56 128 (-32 -448 192 ) (-32 -448 352 ) (-32 -288 352 ) (-32 -288 192 ) 
4 56 59 (64 -448 352 ) (-32 -448 352 ) (-32 -448 192 ) (64 -448 192 ) 
4 57 60 (384 -480 384 ) (384 -480 544 ) (256 -480 544 ) (256 -480 384 ) 
4 58 69 (320 -480 352 ) (192 -480 352 ) (192 -480 192 ) (320 -480 192 ) 
4 59 131 (-32 -480 576 ) (-32 -448 576 ) (-32 -448 192 ) (-32 -480 192 ) 
4 59 80 (-32 -480 320 ) (-32 -480 192 ) (112 -480 192 ) (112 -480 320 ) 
4 60 63 (128 -800 576 ) (64 -800 576 ) (64 -800 384 ) (128 -800 384 ) 
3 60 61 (128 -800 384 ) (64 -800 384 ) (64 -672 384 ) 
4 60 62 (64 -800 384 ) (64 -800 576 ) (64 -608 576 ) (64 -608 384 ) 
3 61 69 (128 -800 352 ) (64 -800 352 ) (64 -672 352 ) 
4 61 63 (64 -800 352 ) (128 -800 352 ) (128 -800 384 ) (64 -800 384 ) 
4 61 62 (64 -672 352 ) (64 -800 352 ) (64 -800 384 ) (64 -672 384 ) 
4 62 81 (64 -608 352 ) (-32 -800 352 ) (-32 -800 576 ) (64 -608 576 ) 
3 62 69 (64 -800 352 ) (-32 -800 352 ) (64 -608 352 ) 
4 62 63 (-32 -800 576 ) (-32 -800 352 ) (64 -800 352 ) (64 -800 576 ) 
4 63 133 (-32 -1088 352 ) (-32 -1088 576 ) (-32 -800 576 ) (-32 -800 352 ) 
4 63 69 (128 -1088 352 ) (-32 -1088 352 ) (-32 -800 352 ) (128 -800 352 ) 
4 64 69 (384 -640 352 ) (384 -480 352 ) (384 -480 192 ) (384 -640 192 ) 
4 64 65 (608 -640 224 ) (672 -640 224 ) (672 -640 288 ) (608 -640 288 ) 
4 65 67 (608 -672 224 ) (672 -672 224 ) (672 -672 288 ) (608 -672 288 ) 
4 66 82 (704 -480 0 ) (768 -480 0 ) (768 -672 0 ) (704 -672 0 ) 
4 66 67 (512 -672 0 ) (768 -672 0 ) (768 -672 160 ) (512 -672 160 ) 
4 67 84 (704 -1088 0 ) (416 -1088 0 ) (416 -1024 0 ) (704 -1024 0 ) 
3 67 83 (704 -768 0 ) (704 -1024 0 ) (576 -1024 0 ) 
4 67 82 (704 -976 0 ) (704 -672 0 ) (768 -672 0 ) (768 -976 0 ) 
4 67 68 (416 -832 0 ) (416 -928 0 ) (416 -928 128 ) (416 -832 128 ) 
4 68 70 (384 -928 128 ) (384 -832 128 ) (384 -832 0 ) (384 -928 0 ) 
4 69 133 (-32 -1088 192 ) (-32 -1088 352 ) (-32 -800 352 ) (-32 -800 192 ) 
4 69 81 (64 -608 192 ) (-32 -800 192 ) (-32 -800 352 ) (64 -608 352 ) 
4 69 79 (128 -1088 192 ) (-32 -1088 192 ) (-32 -960 192 ) (128 -960 192 ) 
4 69 77 (128 -800 192 ) (128 -960 192 ) (64 -960 192 ) (64 -672 192 ) 
4 69 78 (-32 -960 192 ) (-32 -800 192 ) (64 -608 192 ) (64 -960 192 ) 
4 69 73 (224 -960 192 ) (192 -960 192 ) (192 -816 192 ) (224 -816 192 ) 
4 69 72 (288 -960 192 ) (224 -960 192 ) (224 -768 192 ) (288 -768 192 ) 
4 69 71 (320 -960 192 ) (288 -960 192 ) (288 -816 192 ) (320 -816 192 ) 
4 70 75 (320 -960 0 ) (384 -960 0 ) (384 -960 160 ) (320 -960 160 ) 
4 70 71 (320 -816 0 ) (320 -960 0 ) (320 -960 160 ) (320 -816 160 ) 
4 71 75 (288 -960 0 ) (320 -960 0 ) (320 -960 160 ) (288 -960 160 ) 
4 71 72 (288 -816 0 ) (288 -960 0 ) (288 -960 192 ) (288 -816 192 ) 
4 72 75 (224 -960 0 ) (288 -960 0 ) (288 -960 160 ) (224 -960 160 ) 
4 72 73 (224 -816 0 ) (224 -960 0 ) (224 -960 192 ) (224 -816 192 ) 
4 73 75 (192 -960 0 ) (224 -960 0 ) (224 -960 160 ) (192 -960 160 ) 
4 73 74 (192 -816 0 ) (192 -960 0 ) (192 -960 160 ) (192 -816 160 ) 
4 74 76 (160 -832 0 ) (160 -928 0 ) (160 -928 128 ) (160 -832 128 ) 
4 74 75 (160 -960 0 ) (192 -960 0 ) (192 -960 160 ) (160 -960 160 ) 
4 76 77 (128 -832 0 ) (128 -928 0 ) (128 -928 128 ) (128 -832 128 ) 
4 77 79 (128 -960 160 ) (128 -960 192 ) (64 -960 192 ) (64 -960 160 ) 
4 77 78 (64 -672 0 ) (64 -960 0 ) (64 -960 192 ) (64 -672 192 ) 
4 78 135 (-32 -800 160 ) (-32 -800 0 ) (-32 -960 0 ) (-32 -960 160 ) 
4 78 133 (-32 -960 192 ) (-32 -800 192 ) (-32 -800 160 ) (-32 -960 160 ) 
4 78 81 (64 -608 0 ) (-32 -800 0 ) (-32 -800 192 ) (64 -608 192 ) 
4 78 79 (64 -960 160 ) (64 -960 192 ) (-32 -960 192 ) (-32 -960 160 ) 
4 79 133 (-32 -1088 160 ) (-32 -1088 192 ) (-32 -960 192 ) (-32 -960 160 ) 
4 80 132 (-32 -480 320 ) (-32 -480 192 ) (-32 -576 192 ) (-32 -576 320 ) 
4 81 135 (-32 -616 0 ) (-32 -800 0 ) (-32 -800 160 ) (-32 -616 160 ) 
4 81 134 (-32 -608 160 ) (-32 -608 0 ) (-32 -616 0 ) (-32 -616 160 ) 
4 81 133 (-32 -800 576 ) (-32 -608 576 ) (-32 -608 160 ) (-32 -800 160 ) 
4 82 85 (704 -976 -16 ) (704 -384 -16 ) (768 -384 -16 ) (768 -976 -16 ) 
4 82 83 (704 -768 -16 ) (704 -976 -16 ) (704 -976 0 ) (704 -768 0 ) 
3 83 86 (704 -768 -16 ) (704 -1024 -16 ) (576 -1024 -16 ) 
4 83 84 (704 -1024 -16 ) (704 -1024 0 ) (576 -1024 0 ) (576 -1024 -16 ) 
4 84 87 (704 -1088 -16 ) (416 -1088 -16 ) (416 -1024 -16 ) (704 -1024 -16 ) 
4 85 86 (704 -976 -64 ) (704 -976 -16 ) (704 -768 -16 ) (704 -768 -64 ) 
4 86 87 (704 -1024 -64 ) (704 -1024 -16 ) (576 -1024 -16 ) (576 -1024 -64 ) 
4 88 89 (-32 -16 608 ) (-128 -16 608 ) (-128 48 608 ) (-32 48 608 ) 
4 89 101 (-32 48 576 ) (-32 -16 576 ) (-128 -16 576 ) (-128 48 576 ) 
4 90 92 (-352 768 256 ) (-352 640 256 ) (-352 640 352 ) (-352 768 352 ) 
4 90 91 (-64 480 256 ) (-352 480 256 ) (-352 800 256 ) (-64 800 256 ) 
4 91 92 (-352 640 256 ) (-352 768 256 ) (-352 768 192 ) (-352 640 192 ) 
4 92 105 (-384 768 192 ) (-384 640 192 ) (-384 640 352 ) (-384 768 352 ) 
4 93 101 (-32 176 384 ) (-32 176 576 ) (-128 176 576 ) (-128 176 384 ) 
4 93 97 (-128 224 384 ) (-128 176 384 ) (-128 176 576 ) (-128 224 576 ) 
4 93 96 (-128 416 384 ) (-128 320 384 ) (-128 320 512 ) (-128 416 512 ) 
4 93 95 (-64 224 384 ) (-64 176 384 ) (-128 176 384 ) (-128 224 384 ) 
4 93 94 (-32 208 384 ) (-32 176 384 ) (-64 176 384 ) (-64 208 384 ) 
4 94 103 (-64 176 32 ) (-32 176 32 ) (-32 176 192 ) (-64 176 192 ) 
4 94 102 (-32 176 192 ) (-32 176 352 ) (-64 176 352 ) (-64 176 192 ) 
4 94 101 (-32 176 352 ) (-32 176 384 ) (-64 176 384 ) (-64 176 352 ) 
4 94 95 (-64 208 32 ) (-64 176 32 ) (-64 176 384 ) (-64 208 384 ) 
4 95 103 (-128 176 32 ) (-64 176 32 ) (-64 176 192 ) (-128 176 192 ) 
4 95 102 (-64 176 192 ) (-64 176 352 ) (-128 176 352 ) (-128 176 192 ) 
4 95 101 (-64 176 352 ) (-64 176 384 ) (-128 176 384 ) (-128 176 352 ) 
4 95 100 (-128 224 32 ) (-128 176 32 ) (-128 176 192 ) (-128 224 192 ) 
4 95 98 (-128 176 192 ) (-128 176 352 ) (-128 224 352 ) (-128 224 192 ) 
4 95 97 (-128 176 352 ) (-128 176 384 ) (-128 224 384 ) (-128 224 352 ) 
4 96 106 (-384 416 384 ) (-384 320 384 ) (-384 320 512 ) (-384 416 512 ) 
4 97 101 (-176 176 352 ) (-128 176 352 ) (-128 176 576 ) (-176 176 576 ) 
3 97 98 (-128 224 352 ) (-128 176 352 ) (-176 176 352 ) 
4 98 102 (-352 176 192 ) (-128 176 192 ) (-128 176 352 ) (-352 176 352 ) 
3 98 100 (-128 176 192 ) (-176 176 192 ) (-128 224 192 ) 
4 98 99 (-352 272 192 ) (-352 176 192 ) (-352 176 320 ) (-352 272 320 ) 
4 99 116 (-384 176 192 ) (-384 176 320 ) (-384 272 320 ) (-384 272 192 ) 
4 100 103 (-176 176 32 ) (-128 176 32 ) (-128 176 192 ) (-176 176 192 ) 
6 101 102 (-176 176 352 ) (-32 176 352 ) (-32 -96 352 ) (-128 -96 352 ) (-224 0 352 ) (-224 128 352 ) 
4 102 129 (-64 -128 352 ) (-352 -128 352 ) (-352 -128 192 ) (-64 -128 192 ) 
4 102 127 (-32 -128 192 ) (-32 -128 240 ) (-64 -128 240 ) (-64 -128 192 ) 
4 102 126 (-32 -128 240 ) (-32 -128 352 ) (-64 -128 352 ) (-64 -128 240 ) 
5 102 103 (-32 -128 192 ) (-224 -128 192 ) (-224 128 192 ) (-176 176 192 ) (-32 176 192 ) 
4 103 130 (-64 -128 192 ) (-224 -128 192 ) (-224 -128 32 ) (-64 -128 32 ) 
4 103 127 (-32 -128 32 ) (-32 -128 192 ) (-64 -128 192 ) (-64 -128 32 ) 
4 103 104 (-224 64 32 ) (-224 -64 32 ) (-224 -64 160 ) (-224 64 160 ) 
4 104 121 (-384 64 0 ) (-384 -64 0 ) (-384 -64 160 ) (-384 64 160 ) 
5 105 115 (-928 480 192 ) (-928 576 192 ) (-672 832 192 ) (-544 576 192 ) (-640 480 192 ) 
3 105 113 (-544 576 192 ) (-576 640 192 ) (-544 640 192 ) 
4 105 112 (-672 832 192 ) (-560 832 192 ) (-560 640 192 ) (-576 640 192 ) 
4 105 111 (-512 672 192 ) (-560 672 192 ) (-560 736 192 ) (-512 736 192 ) 
4 105 110 (-560 832 192 ) (-544 832 192 ) (-544 768 192 ) (-560 768 192 ) 
4 105 108 (-544 480 192 ) (-448 480 192 ) (-448 480 384 ) (-544 480 384 ) 
4 105 106 (-384 480 384 ) (-384 480 576 ) (-544 480 576 ) (-544 480 384 ) 
4 105 109 (-928 480 576 ) (-928 480 192 ) (-544 480 192 ) (-544 480 576 ) 
4 106 116 (-384 288 384 ) (-384 288 576 ) (-544 288 576 ) (-544 288 384 ) 
3 106 107 (-512 288 384 ) (-544 288 384 ) (-544 320 384 ) 
3 106 108 (-544 480 384 ) (-448 480 384 ) (-544 384 384 ) 
4 106 109 (-544 288 384 ) (-544 288 576 ) (-544 480 576 ) (-544 480 384 ) 
4 107 116 (-512 288 384 ) (-544 288 384 ) (-544 288 192 ) (-512 288 192 ) 
4 107 109 (-544 320 192 ) (-544 288 192 ) (-544 288 384 ) (-544 320 384 ) 
4 108 109 (-544 480 192 ) (-544 384 192 ) (-544 384 384 ) (-544 480 384 ) 
4 109 117 (-560 288 576 ) (-672 288 576 ) (-672 288 192 ) (-560 288 192 ) 
4 109 116 (-544 288 576 ) (-560 288 576 ) (-560 288 192 ) (-544 288 192 ) 
3 109 114 (-672 288 192 ) (-832 288 192 ) (-672 448 192 ) 
4 109 115 (-832 288 192 ) (-928 288 192 ) (-928 480 192 ) (-640 480 192 ) 
4 110 112 (-560 768 192 ) (-560 832 192 ) (-560 832 64 ) (-560 768 64 ) 
4 111 112 (-560 672 192 ) (-560 736 192 ) (-560 736 64 ) (-560 672 64 ) 
4 112 115 (-576 640 192 ) (-672 832 192 ) (-672 832 64 ) (-576 640 64 ) 
4 112 113 (-560 640 64 ) (-560 640 192 ) (-576 640 192 ) (-576 640 64 ) 
4 113 115 (-544 576 192 ) (-576 640 192 ) (-576 640 64 ) (-544 576 64 ) 
4 114 120 (-800 288 0 ) (-704 288 0 ) (-704 288 128 ) (-800 288 128 ) 
4 114 115 (-672 448 0 ) (-832 288 0 ) (-832 288 192 ) (-672 448 192 ) 
4 116 117 (-560 288 576 ) (-560 288 192 ) (-560 160 192 ) (-560 160 576 ) 
4 117 118 (-560 160 192 ) (-560 160 320 ) (-656 160 320 ) (-656 160 192 ) 
4 118 119 (-656 128 192 ) (-560 128 192 ) (-560 128 320 ) (-656 128 320 ) 
4 119 152 (-960 -128 192 ) (-864 -128 192 ) (-864 -128 320 ) (-960 -128 320 ) 
4 119 123 (-688 -128 192 ) (-832 -128 192 ) (-832 128 192 ) (-688 128 192 ) 
4 119 121 (-384 -128 192 ) (-528 -128 192 ) (-528 128 192 ) (-384 128 192 ) 
4 120 123 (-800 128 0 ) (-704 128 0 ) (-704 128 128 ) (-800 128 128 ) 
4 121 122 (-528 128 160 ) (-528 128 0 ) (-528 -128 0 ) (-528 -128 160 ) 
4 122 151 (-688 -128 0 ) (-576 -128 0 ) (-576 -128 160 ) (-688 -128 160 ) 
4 122 123 (-688 128 0 ) (-688 -128 0 ) (-688 -128 160 ) (-688 128 160 ) 
4 123 151 (-704 -128 0 ) (-688 -128 0 ) (-688 -128 160 ) (-704 -128 160 ) 
4 124 136 (-304 -448 384 ) (-208 -448 384 ) (-208 -448 512 ) (-304 -448 512 ) 
4 124 131 (-32 -448 384 ) (-32 -448 576 ) (-128 -448 576 ) (-128 -448 384 ) 
5 124 125 (-32 -256 384 ) (-32 -448 384 ) (-224 -448 384 ) (-224 -352 384 ) (-128 -256 384 ) 
4 125 131 (-32 -448 352 ) (-32 -448 384 ) (-128 -448 384 ) (-128 -448 352 ) 
5 125 129 (-64 -448 352 ) (-224 -448 352 ) (-224 -352 352 ) (-128 -256 352 ) (-64 -256 352 ) 
4 125 128 (-32 -288 352 ) (-32 -448 352 ) (-64 -448 352 ) (-64 -288 352 ) 
4 125 126 (-32 -256 352 ) (-32 -288 352 ) (-64 -288 352 ) (-64 -256 352 ) 
4 126 129 (-64 -288 352 ) (-64 -128 352 ) (-64 -128 240 ) (-64 -288 240 ) 
4 126 128 (-32 -288 240 ) (-32 -288 352 ) (-64 -288 352 ) (-64 -288 240 ) 
4 126 127 (-64 -208 240 ) (-64 -128 240 ) (-32 -128 240 ) (-32 -208 240 ) 
4 127 130 (-64 -128 192 ) (-64 -128 32 ) (-64 -208 32 ) (-64 -208 192 ) 
4 127 129 (-64 -128 240 ) (-64 -128 192 ) (-64 -208 192 ) (-64 -208 240 ) 
4 128 131 (-32 -448 192 ) (-32 -448 352 ) (-64 -448 352 ) (-64 -448 192 ) 
4 128 129 (-64 -448 192 ) (-64 -448 352 ) (-64 -288 352 ) (-64 -288 192 ) 
4 129 137 (-192 -448 352 ) (-320 -448 352 ) (-320 -448 192 ) (-192 -448 192 ) 
4 129 131 (-64 -448 352 ) (-128 -448 352 ) (-128 -448 192 ) (-64 -448 192 ) 
4 129 130 (-224 -128 192 ) (-64 -128 192 ) (-64 -224 192 ) (-128 -224 192 ) 
4 131 132 (-32 -480 192 ) (-32 -480 320 ) (-112 -480 320 ) (-112 -480 192 ) 
4 133 140 (-128 -1088 160 ) (-128 -1088 352 ) (-128 -608 352 ) (-128 -608 160 ) 
4 133 139 (-128 -928 384 ) (-128 -608 384 ) (-128 -608 352 ) (-128 -928 352 ) 
4 133 138 (-128 -1088 384 ) (-128 -1088 576 ) (-128 -608 576 ) (-128 -608 384 ) 
4 133 135 (-128 -960 160 ) (-128 -616 160 ) (-32 -616 160 ) (-32 -960 160 ) 
4 133 134 (-128 -616 160 ) (-128 -608 160 ) (-32 -608 160 ) (-32 -616 160 ) 
4 134 141 (-128 -616 160 ) (-128 -608 160 ) (-128 -608 0 ) (-128 -616 0 ) 
4 134 135 (-32 -616 0 ) (-32 -616 160 ) (-128 -616 160 ) (-128 -616 0 ) 
4 135 148 (-128 -960 160 ) (-128 -896 160 ) (-128 -896 0 ) (-128 -960 0 ) 
4 135 146 (-128 -800 32 ) (-128 -800 0 ) (-128 -896 0 ) (-128 -896 32 ) 
4 135 145 (-128 -864 32 ) (-128 -896 32 ) (-128 -896 96 ) (-128 -864 96 ) 
4 135 144 (-128 -800 96 ) (-128 -800 32 ) (-128 -864 32 ) (-128 -864 96 ) 
4 135 143 (-128 -896 160 ) (-128 -800 160 ) (-128 -800 96 ) (-128 -896 96 ) 
4 135 141 (-128 -800 160 ) (-128 -616 160 ) (-128 -616 0 ) (-128 -800 0 ) 
4 136 138 (-304 -608 384 ) (-208 -608 384 ) (-208 -608 512 ) (-304 -608 512 ) 
4 137 140 (-320 -608 352 ) (-320 -608 160 ) (-192 -608 160 ) (-192 -608 352 ) 
4 138 139 (-128 -608 384 ) (-128 -928 384 ) (-192 -864 384 ) (-192 -608 384 ) 
4 139 140 (-192 -864 352 ) (-192 -608 352 ) (-128 -608 352 ) (-128 -928 352 ) 
4 140 149 (-320 -672 160 ) (-320 -800 160 ) (-320 -800 320 ) (-320 -672 320 ) 
3 140 148 (-128 -896 160 ) (-128 -960 160 ) (-192 -896 160 ) 
4 140 143 (-128 -800 160 ) (-128 -896 160 ) (-192 -896 160 ) (-192 -800 160 ) 
4 140 141 (-128 -608 160 ) (-128 -800 160 ) (-192 -800 160 ) (-192 -608 160 ) 
4 141 146 (-192 -800 0 ) (-128 -800 0 ) (-128 -800 32 ) (-192 -800 32 ) 
4 141 144 (-128 -800 32 ) (-128 -800 96 ) (-192 -800 96 ) (-192 -800 32 ) 
4 141 143 (-128 -800 96 ) (-128 -800 160 ) (-192 -800 160 ) (-192 -800 96 ) 
4 141 142 (-192 -640 0 ) (-192 -704 0 ) (-192 -704 96 ) (-192 -640 96 ) 
4 142 147 (-208 -640 0 ) (-208 -704 0 ) (-208 -704 96 ) (-208 -640 96 ) 
4 143 148 (-128 -896 160 ) (-192 -896 160 ) (-192 -896 96 ) (-128 -896 96 ) 
4 143 145 (-128 -864 96 ) (-128 -896 96 ) (-192 -896 96 ) (-192 -864 96 ) 
4 143 144 (-192 -800 96 ) (-128 -800 96 ) (-128 -864 96 ) (-192 -864 96 ) 
4 144 147 (-208 -864 96 ) (-208 -800 96 ) (-208 -800 32 ) (-208 -864 32 ) 
4 144 146 (-192 -800 32 ) (-128 -800 32 ) (-128 -864 32 ) (-192 -864 32 ) 
4 144 145 (-192 -864 32 ) (-128 -864 32 ) (-128 -864 96 ) (-192 -864 96 ) 
4 145 148 (-192 -896 32 ) (-128 -896 32 ) (-128 -896 96 ) (-192 -896 96 ) 
4 145 146 (-128 -896 32 ) (-192 -896 32 ) (-192 -864 32 ) (-128 -864 32 ) 
4 146 148 (-192 -896 0 ) (-128 -896 0 ) (-128 -896 32 ) (-192 -896 32 ) 
4 149 156 (-576 -800 320 ) (-576 -672 320 ) (-576 -672 160 ) (-576 -800 160 ) 
4 149 150 (-448 -800 160 ) (-576 -800 160 ) (-576 -672 160 ) (-448 -672 160 ) 
4 150 156 (-576 -672 160 ) (-576 -672 128 ) (-576 -800 128 ) (-576 -800 160 ) 
4 151 154 (-576 -160 0 ) (-576 -160 160 ) (-704 -160 160 ) (-704 -160 0 ) 
4 152 157 (-960 -160 192 ) (-864 -160 192 ) (-864 -160 320 ) (-960 -160 320 ) 
4 153 158 (-832 -256 192 ) (-832 -608 192 ) (-832 -608 384 ) (-832 -256 384 ) 
4 153 157 (-832 -160 384 ) (-832 -160 192 ) (-832 -256 192 ) (-832 -256 384 ) 
4 153 156 (-576 -608 192 ) (-576 -608 384 ) (-832 -608 384 ) (-832 -608 192 ) 
4 153 155 (-832 -608 192 ) (-832 -576 192 ) (-704 -576 192 ) (-704 -608 192 ) 
4 153 154 (-704 -160 192 ) (-576 -160 192 ) (-576 -608 192 ) (-704 -608 192 ) 
4 154 156 (-576 -608 128 ) (-576 -608 192 ) (-704 -608 192 ) (-704 -608 128 ) 
3 154 155 (-704 -608 128 ) (-704 -608 192 ) (-704 -576 192 ) 
3 155 158 (-832 -608 128 ) (-832 -608 192 ) (-832 -576 192 ) 
4 155 156 (-704 -608 128 ) (-704 -608 192 ) (-832 -608 192 ) (-832 -608 128 ) 
4 156 159 (-640 -832 288 ) (-768 -832 288 ) (-768 -832 128 ) (-640 -832 128 ) 
4 156 158 (-832 -832 128 ) (-832 -832 384 ) (-832 -608 384 ) (-832 -608 128 ) 
4 157 158 (-832 -256 192 ) (-832 -256 384 ) (-992 -256 384 ) (-992 -256 192 ) 
4 159 160 (-768 -984 128 ) (-640 -984 128 ) (-640 -984 288 ) (-768 -984 288 ) 
0 -1
1 -1
2 -1
3 -1
4 -1
5 -1
6 -1
7 8 -1
9 -1
10 11 12 13 14 15 16 -1
17 18 -1
19 -1
20 -1
21 -1
22 23 -1
24 25 26 27 28 29 30 31 32 33 34 35 36 37 38 39 40 41 -1
42 43 -1
44 -1
45 -1
46 -1
47 -1
48 -1
49 -1
50 -1
51 52 53 -1
54 -1
55 -1
56 -1
57 -1
58 59 -1
60 -1
61 -1
62 -1
63 -1
64 -1
65 -1
66 -1
67 -1
68 -1
69 -1
70 -1
71 -1
72 -1
73 74 -1
75 -1
76 -1
77 -1
78 -1
79 -1
80 -1
81 -1
82 83 84 -1
85 -1
86 -1
87 -1
88 -1
89 90 91 -1
92 -1
93 -1
94 -1
95 -1
96 -1
97 -1
98 -1
99 -1
100 101 102 103 -1
104 -1
105 -1
106 -1
107 -1
108 -1
109 -1
110 -1
111 -1
112 -1
113 -1
114 -1
115 -1
116 -1
117 118 -1
119 -1
120 -1
121 -1
122 -1
123 -1
124 -1
125 -1
126 -1
127 -1
128 -1
129 -1
130 131 132 133 -1
134 -1
135 -1
136 -1
137 -1
138 -1
139 -1
140 -1
141 -1
142 -1
143 -1
144 -1
145 -1
146 147 -1
148 -1
149 -1
150 -1
151 -1
152 -1
153 -1
154 -1
155 -1
156 -1
157 158 -1
159 160 161 162 -1
163 -1
164 -1
165 -1
166 -1
167 -1
168 169 170 171 172 173 -1
174 -1
175 176 177 178 179 180 -1
181 -1
182 -1
183 -1
184 -1
185 186 187 -1
188 189 190 -1
191 -1
192 -1
193 -1
194 -1
195 196 197 -1
198 199 200 201 -1
202 -1
203 204 205 -1
206 207 208 209 210 -1
211 -1
212 -1
213 -1
214 -1
215 -1
216 217 218 219 -1
220 -1
221 -1
222 -1
223 -1
224 -1
225 226 -1
227 -1
228 -1
229 -1
230 231 232 233 234 235 236 237 238 -1
239 -1
240 -1
241 -1
242 243 244 245 -1
246 247 248 249 250 -1
251 252 253 254 -1
