PRT2
891
239
666
4 0 189 (32 0 3360 ) (32 0 3328 ) (80 0 3328 ) (80 0 3360 ) 
4 0 142 (80 0 3328 ) (2560 0 3328 ) (2560 0 3360 ) (80 0 3360 ) 
4 0 76 (32 2560 3328 ) (32 0 3328 ) (32 0 3360 ) (32 2560 3360 ) 
4 1 77 (32 2592 128 ) (32 2560 128 ) (32 2560 3328 ) (32 2592 3328 ) 
4 1 5 (32 2560 128 ) (32 2592 128 ) (2560 2592 128 ) (2560 2560 128 ) 
4 2 143 (2592 0 3328 ) (2560 0 3328 ) (2560 0 128 ) (2592 0 128 ) 
4 2 8 (2592 0 128 ) (2560 0 128 ) (2560 896 128 ) (2592 896 128 ) 
4 2 4 (2560 896 128 ) (2560 2560 128 ) (2592 2560 128 ) (2592 896 128 ) 
4 3 190 (80 0 3328 ) (32 0 3328 ) (32 0 128 ) (80 0 128 ) 
4 3 144 (2560 0 3328 ) (80 0 3328 ) (80 0 128 ) (2560 0 128 ) 
4 3 78 (32 2560 128 ) (32 0 128 ) (32 0 3328 ) (32 2560 3328 ) 
5 3 15 (144 0 128 ) (32 0 128 ) (32 144 128 ) (88 144 128 ) (144 88 128 ) 
3 3 13 (96 160 128 ) (160 160 128 ) (160 96 128 ) 
4 3 12 (992 0 128 ) (160 0 128 ) (160 160 128 ) (992 160 128 ) 
4 3 11 (32 160 128 ) (32 896 128 ) (992 896 128 ) (992 160 128 ) 
4 3 9 (2560 0 128 ) (992 0 128 ) (992 896 128 ) (2560 896 128 ) 
4 3 6 (32 896 128 ) (32 2560 128 ) (2560 2560 128 ) (2560 896 128 ) 
4 4 8 (2592 896 128 ) (2560 896 128 ) (2560 896 -640 ) (2592 896 -640 ) 
4 5 80 (32 2592 -640 ) (32 2560 -640 ) (32 2560 128 ) (32 2592 128 ) 
4 6 82 (32 896 -600 ) (32 896 -192 ) (32 2048 -192 ) (32 2048 -600 ) 
4 6 81 (32 896 -192 ) (32 896 128 ) (32 2560 128 ) (32 2560 -192 ) 
4 6 20 (32 896 -192 ) (32 896 -600 ) (96 896 -600 ) (96 896 -192 ) 
4 6 19 (320 896 -600 ) (384 896 -600 ) (384 896 -192 ) (320 896 -192 ) 
4 6 17 (384 896 -600 ) (992 896 -600 ) (992 896 -192 ) (384 896 -192 ) 
4 6 11 (992 896 128 ) (32 896 128 ) (32 896 -192 ) (992 896 -192 ) 
4 6 9 (2560 896 128 ) (992 896 128 ) (992 896 -600 ) (2560 896 -600 ) 
4 6 7 (2560 896 -600 ) (32 896 -600 ) (32 2560 -600 ) (2560 2560 -600 ) 
4 7 83 (32 896 -640 ) (32 896 -600 ) (32 2048 -600 ) (32 2048 -640 ) 
4 7 70 (32 896 -600 ) (32 896 -640 ) (96 896 -640 ) (96 896 -600 ) 
4 7 64 (320 896 -640 ) (384 896 -640 ) (384 896 -600 ) (320 896 -600 ) 
4 7 63 (384 896 -640 ) (992 896 -640 ) (992 896 -600 ) (384 896 -600 ) 
4 7 10 (992 896 -640 ) (2560 896 -640 ) (2560 896 -600 ) (992 896 -600 ) 
4 8 146 (2592 0 128 ) (2560 0 128 ) (2560 0 -640 ) (2592 0 -640 ) 
4 9 147 (2560 0 -600 ) (2560 0 128 ) (992 0 128 ) (992 0 -600 ) 
4 9 23 (992 320 -600 ) (992 192 -600 ) (992 192 -320 ) (992 320 -320 ) 
4 9 22 (992 0 -320 ) (992 0 -192 ) (992 320 -192 ) (992 320 -320 ) 
4 9 21 (992 576 -600 ) (992 320 -600 ) (992 320 -192 ) (992 576 -192 ) 
4 9 17 (992 896 -192 ) (992 896 -600 ) (992 576 -600 ) (992 576 -192 ) 
4 9 12 (992 160 -192 ) (992 0 -192 ) (992 0 128 ) (992 160 128 ) 
4 9 11 (992 896 128 ) (992 896 -192 ) (992 160 -192 ) (992 160 128 ) 
4 9 10 (992 0 -600 ) (992 896 -600 ) (2560 896 -600 ) (2560 0 -600 ) 
4 10 148 (2560 0 -640 ) (2560 0 -600 ) (992 0 -600 ) (992 0 -640 ) 
4 10 66 (992 576 -640 ) (992 192 -640 ) (992 192 -600 ) (992 576 -600 ) 
4 10 63 (992 896 -600 ) (992 896 -640 ) (992 576 -640 ) (992 576 -600 ) 
4 11 86 (32 160 128 ) (32 512 128 ) (32 512 -192 ) (32 160 -192 ) 
4 11 81 (32 512 128 ) (32 896 128 ) (32 896 -192 ) (32 512 -192 ) 
4 11 39 (96 256 -192 ) (160 256 -192 ) (160 160 -192 ) (96 160 -192 ) 
4 11 38 (160 256 -192 ) (336 256 -192 ) (336 160 -192 ) (160 160 -192 ) 
5 11 34 (96 512 -192 ) (160 576 -192 ) (336 576 -192 ) (336 256 -192 ) (96 256 -192 ) 
4 11 28 (336 576 -192 ) (736 576 -192 ) (736 160 -192 ) (336 160 -192 ) 
3 11 27 (832 192 -192 ) (832 160 -192 ) (800 192 -192 ) 
4 11 26 (736 576 -192 ) (832 480 -192 ) (832 192 -192 ) (736 192 -192 ) 
4 11 24 (832 480 -192 ) (864 448 -192 ) (864 160 -192 ) (832 160 -192 ) 
4 11 22 (864 448 -192 ) (992 320 -192 ) (992 160 -192 ) (864 160 -192 ) 
3 11 21 (736 576 -192 ) (992 576 -192 ) (992 320 -192 ) 
3 11 20 (32 832 -192 ) (32 896 -192 ) (96 896 -192 ) 
3 11 19 (320 896 -192 ) (384 896 -192 ) (384 832 -192 ) 
3 11 18 (384 640 -192 ) (384 576 -192 ) (320 576 -192 ) 
4 11 17 (384 896 -192 ) (992 896 -192 ) (992 576 -192 ) (384 576 -192 ) 
4 11 14 (32 160 80 ) (32 160 -192 ) (48 160 -192 ) (48 160 80 ) 
4 11 13 (96 160 -192 ) (160 160 -192 ) (160 160 128 ) (96 160 128 ) 
4 11 12 (160 160 -192 ) (992 160 -192 ) (992 160 128 ) (160 160 128 ) 
4 12 152 (864 0 128 ) (160 0 128 ) (160 0 -192 ) (864 0 -192 ) 
4 12 150 (992 0 -192 ) (992 0 128 ) (864 0 128 ) (864 0 -192 ) 
4 12 38 (160 160 -192 ) (336 160 -192 ) (336 32 -192 ) (160 32 -192 ) 
4 12 29 (480 32 -192 ) (336 32 -192 ) (336 96 -192 ) (544 96 -192 ) 
4 12 28 (336 160 -192 ) (736 160 -192 ) (736 96 -192 ) (336 96 -192 ) 
3 12 24 (832 160 -192 ) (864 160 -192 ) (864 128 -192 ) 
4 12 22 (864 160 -192 ) (992 160 -192 ) (992 0 -192 ) (864 0 -192 ) 
4 12 13 (160 160 -192 ) (160 96 -192 ) (160 96 128 ) (160 160 128 ) 
3 13 39 (96 160 -192 ) (160 160 -192 ) (160 96 -192 ) 
4 14 87 (32 160 80 ) (32 160 -192 ) (32 144 -192 ) (32 144 80 ) 
4 14 16 (32 144 -192 ) (48 144 -192 ) (48 144 -64 ) (32 144 -64 ) 
4 14 15 (48 144 -64 ) (48 144 80 ) (32 144 80 ) (32 144 -64 ) 
4 15 193 (80 0 128 ) (32 0 128 ) (32 0 -64 ) (80 0 -64 ) 
4 15 154 (144 0 128 ) (80 0 128 ) (80 0 -64 ) (144 0 -64 ) 
4 15 88 (32 0 -64 ) (32 0 128 ) (32 144 128 ) (32 144 -64 ) 
4 15 16 (32 144 -64 ) (48 144 -64 ) (48 112 -64 ) (32 112 -64 ) 
4 16 89 (32 112 -64 ) (32 144 -64 ) (32 144 -192 ) (32 112 -192 ) 
4 17 63 (384 896 -600 ) (992 896 -600 ) (992 576 -600 ) (384 576 -600 ) 
4 17 53 (576 576 -576 ) (576 576 -464 ) (384 576 -464 ) (384 576 -576 ) 
4 17 51 (576 576 -464 ) (576 576 -448 ) (384 576 -448 ) (384 576 -464 ) 
4 17 50 (736 576 -576 ) (736 576 -448 ) (576 576 -448 ) (576 576 -576 ) 
4 17 33 (404 576 -320 ) (384 576 -320 ) (384 576 -448 ) (404 576 -448 ) 
4 17 32 (412 576 -320 ) (404 576 -320 ) (404 576 -448 ) (412 576 -448 ) 
4 17 31 (736 576 -448 ) (736 576 -320 ) (412 576 -320 ) (412 576 -448 ) 
4 17 28 (736 576 -320 ) (736 576 -192 ) (384 576 -192 ) (384 576 -320 ) 
4 17 21 (736 576 -600 ) (992 576 -600 ) (992 576 -192 ) (736 576 -192 ) 
4 17 19 (384 896 -600 ) (384 832 -600 ) (384 832 -192 ) (384 896 -192 ) 
4 17 18 (384 640 -600 ) (384 576 -600 ) (384 576 -192 ) (384 640 -192 ) 
3 18 65 (384 640 -600 ) (384 576 -600 ) (320 576 -600 ) 
4 18 53 (384 576 -576 ) (384 576 -464 ) (320 576 -464 ) (320 576 -576 ) 
4 18 51 (384 576 -464 ) (384 576 -448 ) (320 576 -448 ) (320 576 -464 ) 
4 18 37 (320 576 -320 ) (320 576 -448 ) (336 576 -448 ) (336 576 -320 ) 
4 18 34 (336 576 -192 ) (320 576 -192 ) (320 576 -320 ) (336 576 -320 ) 
4 18 33 (384 576 -448 ) (384 576 -320 ) (336 576 -320 ) (336 576 -448 ) 
4 18 28 (384 576 -320 ) (384 576 -192 ) (336 576 -192 ) (336 576 -320 ) 
3 19 64 (320 896 -600 ) (384 896 -600 ) (384 832 -600 ) 
4 20 82 (32 832 -192 ) (32 896 -192 ) (32 896 -600 ) (32 832 -600 ) 
3 20 70 (32 832 -600 ) (32 896 -600 ) (96 896 -600 ) 
3 21 67 (736 576 -600 ) (864 576 -600 ) (864 448 -600 ) 
4 21 66 (864 576 -600 ) (992 576 -600 ) (992 320 -600 ) (864 448 -600 ) 
4 21 50 (736 576 -448 ) (736 576 -576 ) (864 448 -576 ) (864 448 -448 ) 
4 21 31 (736 576 -320 ) (736 576 -448 ) (864 448 -448 ) (864 448 -320 ) 
4 21 26 (736 576 -192 ) (736 576 -320 ) (864 448 -320 ) (832 480 -192 ) 
3 21 24 (864 448 -320 ) (864 448 -192 ) (832 480 -192 ) 
4 21 23 (864 448 -600 ) (992 320 -600 ) (992 320 -320 ) (864 448 -320 ) 
4 21 22 (992 320 -320 ) (992 320 -192 ) (864 448 -192 ) (864 448 -320 ) 
4 22 159 (992 0 -320 ) (992 0 -208 ) (864 0 -208 ) (864 0 -320 ) 
4 22 150 (992 0 -208 ) (992 0 -192 ) (864 0 -192 ) (864 0 -208 ) 
4 22 25 (864 0 -320 ) (864 0 -208 ) (864 16 -208 ) (864 16 -320 ) 
4 22 24 (864 128 -192 ) (864 448 -192 ) (864 448 -320 ) (864 128 -320 ) 
4 22 23 (864 448 -320 ) (992 320 -320 ) (992 192 -320 ) (864 320 -320 ) 
4 23 66 (864 320 -600 ) (864 448 -600 ) (992 320 -600 ) (992 192 -600 ) 
4 23 50 (864 320 -576 ) (864 320 -448 ) (864 448 -448 ) (864 448 -576 ) 
4 23 31 (864 320 -448 ) (864 320 -320 ) (864 448 -320 ) (864 448 -448 ) 
4 24 27 (864 192 -320 ) (864 128 -320 ) (832 160 -192 ) (832 192 -192 ) 
4 24 26 (832 480 -192 ) (864 448 -320 ) (864 192 -320 ) (832 192 -192 ) 
4 25 160 (856 0 -240 ) (856 0 -288 ) (864 0 -320 ) (864 0 -208 ) 
4 26 31 (736 576 -320 ) (864 448 -320 ) (864 320 -320 ) (736 320 -320 ) 
4 26 28 (736 192 -192 ) (736 576 -192 ) (736 576 -320 ) (736 192 -320 ) 
4 26 27 (800 192 -320 ) (864 192 -320 ) (832 192 -192 ) (800 192 -192 ) 
4 28 40 (336 256 -320 ) (336 96 -320 ) (336 96 -208 ) (336 256 -208 ) 
4 28 38 (336 96 -208 ) (336 96 -192 ) (336 256 -192 ) (336 256 -208 ) 
4 28 34 (336 576 -192 ) (336 576 -320 ) (336 256 -320 ) (336 256 -192 ) 
4 28 33 (336 432 -320 ) (336 576 -320 ) (404 576 -320 ) (404 364 -320 ) 
4 28 32 (404 576 -320 ) (412 576 -320 ) (412 356 -320 ) (404 364 -320 ) 
5 28 31 (412 576 -320 ) (736 576 -320 ) (736 320 -320 ) (448 320 -320 ) (412 356 -320 ) 
4 28 30 (336 96 -208 ) (336 96 -320 ) (544 96 -320 ) (544 96 -208 ) 
4 28 29 (336 96 -192 ) (336 96 -208 ) (544 96 -208 ) (544 96 -192 ) 
4 29 38 (336 32 -208 ) (336 32 -192 ) (336 96 -192 ) (336 96 -208 ) 
4 29 30 (480 32 -208 ) (336 32 -208 ) (336 96 -208 ) (544 96 -208 ) 
4 30 40 (336 96 -320 ) (336 32 -320 ) (336 32 -208 ) (336 96 -208 ) 
3 31 52 (576 480 -448 ) (576 416 -448 ) (512 480 -448 ) 
4 31 51 (412 576 -448 ) (576 576 -448 ) (576 480 -448 ) (412 480 -448 ) 
5 31 50 (576 576 -448 ) (736 576 -448 ) (864 448 -448 ) (864 320 -448 ) (576 320 -448 ) 
4 31 32 (412 576 -448 ) (412 356 -448 ) (412 356 -320 ) (412 576 -320 ) 
4 32 51 (404 576 -448 ) (412 576 -448 ) (412 480 -448 ) (404 480 -448 ) 
4 32 33 (404 576 -320 ) (404 576 -448 ) (404 364 -448 ) (404 364 -320 ) 
4 33 51 (336 576 -448 ) (404 576 -448 ) (404 480 -448 ) (336 480 -448 ) 
4 33 37 (336 576 -320 ) (336 576 -448 ) (336 432 -448 ) (336 432 -320 ) 
4 34 42 (96 256 -320 ) (160 256 -320 ) (160 256 -208 ) (96 256 -208 ) 
4 34 40 (160 256 -320 ) (336 256 -320 ) (336 256 -208 ) (160 256 -208 ) 
4 34 39 (160 256 -192 ) (96 256 -192 ) (96 256 -208 ) (160 256 -208 ) 
4 34 38 (336 256 -208 ) (336 256 -192 ) (160 256 -192 ) (160 256 -208 ) 
4 34 37 (320 576 -320 ) (336 576 -320 ) (336 432 -320 ) (320 448 -320 ) 
4 34 36 (96 256 -320 ) (96 256 -224 ) (96 352 -224 ) (96 352 -320 ) 
4 34 35 (96 416 -208 ) (96 416 -320 ) (96 384 -320 ) (96 384 -208 ) 
4 36 98 (32 352 -224 ) (32 352 -320 ) (32 256 -320 ) (32 256 -224 ) 
4 37 51 (320 576 -448 ) (336 576 -448 ) (336 480 -448 ) (320 480 -448 ) 
4 38 40 (160 32 -208 ) (160 256 -208 ) (336 256 -208 ) (336 32 -208 ) 
4 38 39 (160 96 -192 ) (160 256 -192 ) (160 256 -208 ) (160 96 -208 ) 
4 39 44 (96 160 -208 ) (96 192 -208 ) (160 192 -208 ) (160 96 -208 ) 
4 39 42 (96 192 -208 ) (96 256 -208 ) (160 256 -208 ) (160 192 -208 ) 
4 40 44 (160 192 -320 ) (160 96 -320 ) (160 96 -208 ) (160 192 -208 ) 
4 40 42 (160 256 -208 ) (160 256 -320 ) (160 192 -320 ) (160 192 -208 ) 
4 40 41 (336 32 -320 ) (336 32 -208 ) (304 32 -208 ) (304 32 -320 ) 
4 42 44 (96 192 -320 ) (160 192 -320 ) (160 192 -208 ) (96 192 -208 ) 
4 42 43 (96 224 -320 ) (96 192 -320 ) (96 192 -208 ) (96 224 -208 ) 
4 45 49 (88 16 -448 ) (144 16 -448 ) (144 16 -208 ) (88 16 -208 ) 
4 45 48 (88 144 -448 ) (88 16 -448 ) (88 16 -208 ) (88 144 -208 ) 
4 46 100 (32 224 -320 ) (32 144 -320 ) (32 144 -224 ) (32 224 -224 ) 
4 46 47 (64 144 -320 ) (32 144 -320 ) (32 156 -320 ) (64 156 -320 ) 
4 46 48 (32 144 -224 ) (32 144 -320 ) (64 144 -320 ) (64 144 -224 ) 
4 47 102 (32 156 -336 ) (32 144 -336 ) (32 144 -320 ) (32 156 -320 ) 
4 47 48 (32 144 -320 ) (32 144 -336 ) (64 144 -336 ) (64 144 -320 ) 
4 48 103 (32 144 -448 ) (32 16 -448 ) (32 16 -208 ) (32 144 -208 ) 
4 48 49 (32 16 -448 ) (88 16 -448 ) (88 16 -208 ) (32 16 -208 ) 
4 49 205 (32 0 -208 ) (32 0 -448 ) (80 0 -448 ) (80 0 -208 ) 
4 49 165 (80 0 -448 ) (480 0 -448 ) (480 0 -208 ) (80 0 -208 ) 
4 49 103 (32 0 -448 ) (32 0 -208 ) (32 16 -208 ) (32 16 -448 ) 
4 50 54 (576 480 -576 ) (576 416 -576 ) (576 416 -464 ) (576 480 -464 ) 
4 50 53 (576 576 -464 ) (576 576 -576 ) (576 480 -576 ) (576 480 -464 ) 
4 50 52 (576 480 -464 ) (576 416 -464 ) (576 416 -448 ) (576 480 -448 ) 
4 50 51 (576 576 -448 ) (576 576 -464 ) (576 480 -464 ) (576 480 -448 ) 
4 51 53 (320 576 -464 ) (576 576 -464 ) (576 480 -464 ) (320 480 -464 ) 
4 51 52 (512 480 -464 ) (576 480 -464 ) (576 480 -448 ) (512 480 -448 ) 
3 52 54 (576 480 -464 ) (576 416 -464 ) (512 480 -464 ) 
4 53 58 (192 512 -576 ) (192 480 -576 ) (192 480 -464 ) (192 512 -464 ) 
4 53 57 (192 576 -464 ) (192 576 -576 ) (192 512 -576 ) (192 512 -464 ) 
4 53 54 (512 480 -576 ) (576 480 -576 ) (576 480 -464 ) (512 480 -464 ) 
4 53 55 (192 480 -464 ) (192 480 -576 ) (320 480 -576 ) (320 480 -464 ) 
4 55 60 (320 96 -464 ) (192 96 -464 ) (192 96 -576 ) (320 96 -576 ) 
4 55 59 (192 160 -576 ) (192 96 -576 ) (192 96 -464 ) (192 160 -464 ) 
4 55 58 (192 480 -576 ) (192 160 -576 ) (192 160 -464 ) (192 480 -464 ) 
4 55 56 (320 96 -576 ) (192 96 -576 ) (192 480 -576 ) (320 480 -576 ) 
4 56 74 (320 96 -600 ) (192 96 -600 ) (192 160 -600 ) (320 160 -600 ) 
4 56 73 (192 160 -600 ) (192 480 -600 ) (320 480 -600 ) (320 160 -600 ) 
4 56 60 (192 96 -576 ) (192 96 -600 ) (320 96 -600 ) (320 96 -576 ) 
4 56 59 (192 160 -600 ) (192 96 -600 ) (192 96 -576 ) (192 160 -576 ) 
4 56 58 (192 480 -600 ) (192 160 -600 ) (192 160 -576 ) (192 480 -576 ) 
4 57 71 (160 576 -600 ) (192 576 -600 ) (192 512 -600 ) (96 512 -600 ) 
4 57 58 (192 512 -600 ) (192 512 -464 ) (96 512 -464 ) (96 512 -600 ) 
4 58 118 (32 160 -464 ) (32 512 -464 ) (32 512 -600 ) (32 160 -600 ) 
4 58 72 (32 480 -600 ) (32 512 -600 ) (192 512 -600 ) (192 480 -600 ) 
4 58 73 (32 160 -600 ) (32 480 -600 ) (192 480 -600 ) (192 160 -600 ) 
4 58 59 (96 160 -600 ) (192 160 -600 ) (192 160 -464 ) (96 160 -464 ) 
3 59 75 (96 160 -600 ) (160 160 -600 ) (160 96 -600 ) 
4 59 74 (160 160 -600 ) (192 160 -600 ) (192 96 -600 ) (160 96 -600 ) 
4 59 60 (192 96 -464 ) (160 96 -464 ) (160 96 -600 ) (192 96 -600 ) 
4 60 169 (160 0 -600 ) (416 0 -600 ) (416 0 -576 ) (160 0 -576 ) 
4 60 166 (416 0 -576 ) (416 0 -464 ) (160 0 -464 ) (160 0 -576 ) 
4 60 74 (320 0 -600 ) (160 0 -600 ) (160 96 -600 ) (320 96 -600 ) 
5 60 68 (416 0 -600 ) (320 0 -600 ) (320 96 -600 ) (416 96 -600 ) (480 32 -600 ) 
3 60 62 (416 0 -600 ) (448 16 -600 ) (416 0 -592 ) 
4 60 61 (480 32 -576 ) (480 32 -464 ) (416 0 -464 ) (416 0 -576 ) 
4 61 166 (480 0 -464 ) (416 0 -464 ) (416 0 -576 ) (480 0 -576 ) 
3 62 168 (416 0 -600 ) (448 0 -600 ) (416 0 -592 ) 
3 62 69 (448 0 -600 ) (416 0 -600 ) (448 16 -600 ) 
4 63 67 (864 576 -600 ) (736 576 -600 ) (736 576 -640 ) (864 576 -640 ) 
4 63 66 (992 576 -640 ) (992 576 -600 ) (864 576 -600 ) (864 576 -640 ) 
4 63 65 (384 640 -640 ) (384 576 -640 ) (384 576 -600 ) (384 640 -600 ) 
4 63 64 (384 896 -640 ) (384 832 -640 ) (384 832 -600 ) (384 896 -600 ) 
4 66 67 (864 576 -600 ) (864 576 -640 ) (864 448 -640 ) (864 448 -600 ) 
4 68 181 (352 0 -600 ) (320 0 -600 ) (320 0 -640 ) (352 0 -640 ) 
4 68 180 (416 0 -600 ) (352 0 -600 ) (352 0 -640 ) (416 0 -640 ) 
4 68 74 (320 0 -640 ) (320 0 -600 ) (320 96 -600 ) (320 96 -640 ) 
5 68 69 (480 32 -640 ) (480 32 -608 ) (448 16 -600 ) (416 0 -600 ) (416 0 -640 ) 
5 69 180 (480 0 -640 ) (480 0 -608 ) (448 0 -600 ) (416 0 -600 ) (416 0 -640 ) 
4 70 83 (32 832 -600 ) (32 896 -600 ) (32 896 -640 ) (32 832 -640 ) 
4 71 72 (96 512 -640 ) (192 512 -640 ) (192 512 -600 ) (96 512 -600 ) 
4 72 126 (32 480 -600 ) (32 512 -600 ) (32 512 -640 ) (32 480 -640 ) 
4 72 73 (32 480 -640 ) (192 480 -640 ) (192 480 -600 ) (32 480 -600 ) 
4 73 127 (32 160 -600 ) (32 448 -600 ) (32 448 -640 ) (32 160 -640 ) 
4 73 126 (32 448 -600 ) (32 480 -600 ) (32 480 -640 ) (32 448 -640 ) 
4 73 75 (96 160 -640 ) (160 160 -640 ) (160 160 -600 ) (96 160 -600 ) 
4 73 74 (160 160 -640 ) (320 160 -640 ) (320 160 -600 ) (160 160 -600 ) 
4 74 181 (320 0 -640 ) (320 0 -600 ) (160 0 -600 ) (160 0 -640 ) 
4 74 75 (160 160 -600 ) (160 160 -640 ) (160 96 -640 ) (160 96 -600 ) 
4 76 189 (32 0 3328 ) (32 0 3360 ) (-2560 0 3360 ) (-2560 0 3328 ) 
4 77 134 (-480 2560 128 ) (-2560 2560 128 ) (-2560 2592 128 ) (-480 2592 128 ) 
4 77 80 (32 2592 128 ) (32 2560 128 ) (-480 2560 128 ) (-480 2592 128 ) 
4 78 190 (32 0 128 ) (32 0 3328 ) (-2560 0 3328 ) (-2560 0 128 ) 
4 78 138 (-480 0 128 ) (-2048 0 128 ) (-2048 96 128 ) (-480 96 128 ) 
4 78 135 (-2560 96 128 ) (-2560 2560 128 ) (-480 2560 128 ) (-480 96 128 ) 
3 78 92 (-160 96 128 ) (-160 160 128 ) (-96 160 128 ) 
5 78 88 (32 144 128 ) (32 0 128 ) (-144 0 128 ) (-144 88 128 ) (-88 144 128 ) 
4 78 93 (-160 0 128 ) (-480 0 128 ) (-480 160 128 ) (-160 160 128 ) 
5 78 86 (32 512 128 ) (32 160 128 ) (-480 160 128 ) (-480 288 128 ) (-256 512 128 ) 
3 78 117 (-480 288 128 ) (-480 512 128 ) (-256 512 128 ) 
4 78 81 (32 2560 128 ) (32 512 128 ) (-480 512 128 ) (-480 2560 128 ) 
4 79 192 (-2560 0 3328 ) (-2592 0 3328 ) (-2592 0 128 ) (-2560 0 128 ) 
4 79 141 (-2560 96 128 ) (-2560 0 128 ) (-2592 0 128 ) (-2592 96 128 ) 
4 79 137 (-2560 2560 128 ) (-2560 96 128 ) (-2592 96 128 ) (-2592 2560 128 ) 
4 80 134 (-480 2560 128 ) (-480 2592 128 ) (-480 2592 -640 ) (-480 2560 -640 ) 
4 81 135 (-480 512 128 ) (-480 2560 128 ) (-480 2560 -192 ) (-480 512 -192 ) 
4 81 86 (32 512 -192 ) (32 512 128 ) (-256 512 128 ) (-256 512 -192 ) 
4 81 117 (-256 512 128 ) (-480 512 128 ) (-480 512 -192 ) (-256 512 -192 ) 
4 81 84 (-96 512 -192 ) (-480 512 -192 ) (-480 2560 -192 ) (-96 2560 -192 ) 
4 81 82 (-96 576 -192 ) (-96 2048 -192 ) (32 2048 -192 ) (32 704 -192 ) 
4 82 84 (-96 2048 -600 ) (-96 576 -600 ) (-96 576 -192 ) (-96 2048 -192 ) 
4 82 83 (-96 576 -600 ) (-96 2048 -600 ) (32 2048 -600 ) (32 704 -600 ) 
4 83 85 (-96 2048 -640 ) (-96 576 -640 ) (-96 576 -600 ) (-96 2048 -600 ) 
4 84 135 (-480 2560 -192 ) (-480 2560 -600 ) (-480 512 -600 ) (-480 512 -192 ) 
4 84 119 (-96 512 -600 ) (-96 512 -464 ) (-256 512 -464 ) (-256 512 -600 ) 
4 84 125 (-256 512 -448 ) (-480 512 -448 ) (-480 512 -600 ) (-256 512 -600 ) 
4 84 99 (-96 512 -320 ) (-96 512 -208 ) (-256 512 -208 ) (-256 512 -320 ) 
4 84 94 (-96 512 -208 ) (-96 512 -192 ) (-160 512 -192 ) (-160 512 -208 ) 
4 84 95 (-160 512 -192 ) (-256 512 -192 ) (-256 512 -208 ) (-160 512 -208 ) 
4 84 117 (-256 512 -192 ) (-480 512 -192 ) (-480 512 -448 ) (-256 512 -448 ) 
4 84 85 (-480 2560 -600 ) (-96 2560 -600 ) (-96 512 -600 ) (-480 512 -600 ) 
4 85 136 (-480 2560 -600 ) (-480 2560 -640 ) (-480 512 -640 ) (-480 512 -600 ) 
4 85 126 (-96 512 -640 ) (-96 512 -600 ) (-480 512 -600 ) (-480 512 -640 ) 
4 86 135 (-480 160 128 ) (-480 288 128 ) (-480 288 -192 ) (-480 160 -192 ) 
4 86 94 (-160 512 -192 ) (-96 512 -192 ) (-96 160 -192 ) (-160 160 -192 ) 
5 86 95 (-480 160 -192 ) (-480 288 -192 ) (-256 512 -192 ) (-160 512 -192 ) (-160 160 -192 ) 
4 86 92 (-96 160 128 ) (-160 160 128 ) (-160 160 -192 ) (-96 160 -192 ) 
4 86 87 (32 160 -192 ) (32 160 80 ) (-48 160 80 ) (-48 160 -192 ) 
4 86 93 (-160 160 128 ) (-480 160 128 ) (-480 160 -192 ) (-160 160 -192 ) 
4 86 117 (-480 288 -192 ) (-480 288 128 ) (-256 512 128 ) (-256 512 -192 ) 
4 87 89 (-48 144 -192 ) (32 144 -192 ) (32 144 -64 ) (-48 144 -64 ) 
4 87 88 (32 144 -64 ) (32 144 80 ) (-48 144 80 ) (-48 144 -64 ) 
4 88 193 (32 0 -64 ) (32 0 128 ) (-144 0 128 ) (-144 0 -64 ) 
4 88 91 (-144 0 -64 ) (-144 0 80 ) (-144 48 80 ) (-144 48 -64 ) 
4 88 90 (-112 0 -64 ) (-144 0 -64 ) (-144 48 -64 ) (-112 48 -64 ) 
4 88 89 (-48 112 -64 ) (-48 144 -64 ) (32 144 -64 ) (32 112 -64 ) 
4 90 194 (-112 0 -64 ) (-144 0 -64 ) (-144 0 -192 ) (-112 0 -192 ) 
4 90 91 (-144 48 -192 ) (-144 0 -192 ) (-144 0 -64 ) (-144 48 -64 ) 
4 91 199 (-160 0 80 ) (-160 0 -192 ) (-144 0 -192 ) (-144 0 80 ) 
4 91 93 (-160 48 -192 ) (-160 0 -192 ) (-160 0 80 ) (-160 48 80 ) 
3 92 94 (-160 96 -192 ) (-160 160 -192 ) (-96 160 -192 ) 
4 92 93 (-160 160 -192 ) (-160 96 -192 ) (-160 96 128 ) (-160 160 128 ) 
4 93 199 (-480 0 80 ) (-480 0 -192 ) (-160 0 -192 ) (-160 0 80 ) 
4 93 198 (-160 0 128 ) (-480 0 128 ) (-480 0 80 ) (-160 0 80 ) 
4 93 138 (-480 0 128 ) (-480 96 128 ) (-480 96 -192 ) (-480 0 -192 ) 
4 93 135 (-480 96 128 ) (-480 160 128 ) (-480 160 -192 ) (-480 96 -192 ) 
4 93 96 (-352 0 -192 ) (-480 0 -192 ) (-480 64 -192 ) (-352 64 -192 ) 
4 93 95 (-480 64 -192 ) (-480 160 -192 ) (-160 160 -192 ) (-160 64 -192 ) 
4 94 108 (-96 192 -208 ) (-96 160 -208 ) (-160 96 -208 ) (-160 192 -208 ) 
4 94 106 (-96 256 -208 ) (-96 192 -208 ) (-160 192 -208 ) (-160 256 -208 ) 
4 94 99 (-160 512 -208 ) (-96 512 -208 ) (-96 256 -208 ) (-160 256 -208 ) 
4 94 95 (-160 512 -208 ) (-160 96 -208 ) (-160 96 -192 ) (-160 512 -192 ) 
4 95 138 (-480 96 -208 ) (-480 64 -208 ) (-480 64 -192 ) (-480 96 -192 ) 
4 95 135 (-480 288 -192 ) (-480 288 -208 ) (-480 96 -208 ) (-480 96 -192 ) 
4 95 115 (-320 64 -208 ) (-480 64 -208 ) (-480 256 -208 ) (-320 256 -208 ) 
4 95 109 (-160 256 -208 ) (-160 64 -208 ) (-320 64 -208 ) (-320 256 -208 ) 
5 95 99 (-480 288 -208 ) (-256 512 -208 ) (-160 512 -208 ) (-160 256 -208 ) (-480 256 -208 ) 
4 95 96 (-480 64 -192 ) (-480 64 -208 ) (-352 64 -208 ) (-352 64 -192 ) 
4 95 117 (-480 288 -208 ) (-480 288 -192 ) (-256 512 -192 ) (-256 512 -208 ) 
4 96 204 (-352 0 -192 ) (-480 0 -192 ) (-480 0 -208 ) (-352 0 -208 ) 
4 96 138 (-480 64 -208 ) (-480 0 -208 ) (-480 0 -192 ) (-480 64 -192 ) 
4 96 116 (-352 0 -208 ) (-480 0 -208 ) (-480 64 -208 ) (-352 64 -208 ) 
4 97 99 (-96 384 -208 ) (-96 416 -208 ) (-96 416 -320 ) (-96 384 -320 ) 
4 98 100 (32 256 -320 ) (32 256 -224 ) (-32 256 -224 ) (-32 256 -320 ) 
4 98 99 (-96 256 -320 ) (-96 256 -224 ) (-96 352 -224 ) (-96 352 -320 ) 
4 99 135 (-480 288 -208 ) (-480 288 -320 ) (-480 256 -320 ) (-480 256 -208 ) 
4 99 115 (-320 256 -208 ) (-480 256 -208 ) (-480 256 -320 ) (-320 256 -320 ) 
4 99 109 (-160 256 -208 ) (-320 256 -208 ) (-320 256 -320 ) (-160 256 -320 ) 
4 99 106 (-96 256 -208 ) (-160 256 -208 ) (-160 256 -320 ) (-96 256 -320 ) 
4 99 117 (-480 288 -320 ) (-480 288 -208 ) (-256 512 -208 ) (-256 512 -320 ) 
4 100 102 (32 144 -320 ) (-32 144 -320 ) (-32 156 -320 ) (32 156 -320 ) 
4 100 101 (-32 224 -320 ) (-32 144 -320 ) (-32 144 -224 ) (-32 224 -224 ) 
4 100 103 (32 144 -320 ) (32 144 -224 ) (-32 144 -224 ) (-32 144 -320 ) 
4 101 102 (-32 144 -320 ) (-64 144 -320 ) (-64 156 -320 ) (-32 156 -320 ) 
4 101 103 (-64 144 -320 ) (-32 144 -320 ) (-32 144 -224 ) (-64 144 -224 ) 
4 102 103 (32 144 -336 ) (32 144 -320 ) (-64 144 -320 ) (-64 144 -336 ) 
4 103 205 (32 0 -448 ) (32 0 -208 ) (-88 0 -208 ) (-88 0 -448 ) 
4 103 110 (-88 144 -448 ) (-88 32 -448 ) (-88 32 -320 ) (-88 144 -320 ) 
4 103 107 (-88 32 -320 ) (-88 32 -240 ) (-88 144 -240 ) (-88 144 -320 ) 
4 103 114 (-88 32 -448 ) (-88 0 -448 ) (-88 0 -240 ) (-88 32 -240 ) 
4 103 104 (-88 0 -240 ) (-88 0 -208 ) (-88 144 -208 ) (-88 144 -240 ) 
3 104 205 (-88 0 -208 ) (-96 0 -208 ) (-88 0 -240 ) 
4 104 107 (-88 144 -240 ) (-88 32 -240 ) (-96 32 -208 ) (-96 136 -208 ) 
4 104 114 (-88 32 -240 ) (-88 0 -240 ) (-96 0 -208 ) (-96 32 -208 ) 
4 105 106 (-96 192 -208 ) (-96 224 -208 ) (-96 224 -320 ) (-96 192 -320 ) 
4 106 109 (-160 192 -208 ) (-160 256 -208 ) (-160 256 -320 ) (-160 192 -320 ) 
4 106 108 (-160 192 -320 ) (-96 192 -320 ) (-96 192 -208 ) (-160 192 -208 ) 
4 107 110 (-88 144 -320 ) (-88 32 -320 ) (-144 32 -320 ) (-144 88 -320 ) 
5 107 114 (-88 32 -320 ) (-88 32 -240 ) (-96 32 -208 ) (-144 32 -208 ) (-144 32 -320 ) 
4 108 109 (-160 96 -208 ) (-160 192 -208 ) (-160 192 -320 ) (-160 96 -320 ) 
4 109 115 (-320 64 -208 ) (-320 256 -208 ) (-320 256 -320 ) (-320 64 -320 ) 
4 109 112 (-300 180 -320 ) (-292 188 -320 ) (-220 188 -320 ) (-212 180 -320 ) 
4 109 111 (-292 188 -320 ) (-288 192 -320 ) (-224 192 -320 ) (-220 188 -320 ) 
6 109 113 (-320 64 -320 ) (-320 160 -320 ) (-300 180 -320 ) (-212 180 -320 ) (-192 160 -320 ) (-192 64 -320 ) 
4 110 114 (-144 32 -448 ) (-88 32 -448 ) (-88 32 -320 ) (-144 32 -320 ) 
4 111 112 (-292 188 -320 ) (-292 188 -448 ) (-220 188 -448 ) (-220 188 -320 ) 
4 112 113 (-300 180 -448 ) (-212 180 -448 ) (-212 180 -320 ) (-300 180 -320 ) 
4 113 114 (-320 32 -448 ) (-192 32 -448 ) (-192 32 -320 ) (-320 32 -320 ) 
5 114 205 (-96 0 -208 ) (-320 0 -208 ) (-320 0 -448 ) (-88 0 -448 ) (-88 0 -240 ) 
4 114 131 (-160 0 -448 ) (-320 0 -448 ) (-320 32 -448 ) (-160 32 -448 ) 
4 115 138 (-480 64 -320 ) (-480 64 -208 ) (-480 96 -208 ) (-480 96 -320 ) 
4 115 135 (-480 96 -208 ) (-480 256 -208 ) (-480 256 -320 ) (-480 96 -320 ) 
4 115 116 (-352 64 -208 ) (-480 64 -208 ) (-480 64 -320 ) (-352 64 -320 ) 
4 116 208 (-352 0 -208 ) (-480 0 -208 ) (-480 0 -448 ) (-352 0 -448 ) 
4 116 138 (-480 64 -448 ) (-480 0 -448 ) (-480 0 -208 ) (-480 64 -208 ) 
4 117 135 (-480 288 128 ) (-480 512 128 ) (-480 512 -448 ) (-480 288 -448 ) 
3 117 125 (-480 288 -448 ) (-480 512 -448 ) (-256 512 -448 ) 
4 118 127 (32 448 -600 ) (32 160 -600 ) (-32 160 -600 ) (-32 448 -600 ) 
4 118 126 (-32 512 -600 ) (32 512 -600 ) (32 448 -600 ) (-32 448 -600 ) 
4 118 121 (-32 448 -600 ) (-32 344 -600 ) (-32 344 -576 ) (-32 448 -576 ) 
4 118 120 (-32 192 -576 ) (-32 192 -464 ) (-32 448 -464 ) (-32 448 -576 ) 
4 118 119 (-32 512 -600 ) (-32 448 -600 ) (-32 448 -464 ) (-32 512 -464 ) 
4 119 126 (-320 448 -600 ) (-256 512 -600 ) (-32 512 -600 ) (-32 448 -600 ) 
4 119 121 (-136 448 -600 ) (-32 448 -600 ) (-32 448 -576 ) (-136 448 -576 ) 
4 119 122 (-320 448 -576 ) (-320 448 -600 ) (-280 448 -600 ) (-280 448 -576 ) 
4 119 120 (-320 448 -464 ) (-320 448 -576 ) (-32 448 -576 ) (-32 448 -464 ) 
4 119 125 (-320 448 -464 ) (-256 512 -464 ) (-256 512 -600 ) (-320 448 -600 ) 
4 120 124 (-384 384 -464 ) (-384 384 -576 ) (-384 192 -576 ) (-384 192 -464 ) 
4 120 123 (-192 192 -464 ) (-224 192 -464 ) (-224 192 -576 ) (-192 192 -576 ) 
3 120 121 (-136 448 -576 ) (-32 448 -576 ) (-32 344 -576 ) 
4 120 122 (-384 344 -576 ) (-384 384 -576 ) (-320 448 -576 ) (-280 448 -576 ) 
4 120 125 (-384 384 -464 ) (-320 448 -464 ) (-320 448 -576 ) (-384 384 -576 ) 
3 121 128 (-136 448 -600 ) (-32 448 -600 ) (-32 344 -600 ) 
4 122 129 (-384 384 -600 ) (-320 448 -600 ) (-280 448 -600 ) (-384 344 -600 ) 
4 122 124 (-384 384 -576 ) (-384 384 -600 ) (-384 344 -600 ) (-384 344 -576 ) 
4 122 125 (-320 448 -576 ) (-320 448 -600 ) (-384 384 -600 ) (-384 384 -576 ) 
4 124 135 (-480 288 -600 ) (-480 96 -600 ) (-480 96 -464 ) (-480 288 -464 ) 
4 124 130 (-480 96 -600 ) (-480 288 -600 ) (-384 384 -600 ) (-384 192 -600 ) 
4 124 125 (-480 288 -600 ) (-480 288 -464 ) (-384 384 -464 ) (-384 384 -600 ) 
4 125 135 (-480 512 -448 ) (-480 512 -600 ) (-480 288 -600 ) (-480 288 -448 ) 
4 125 130 (-480 288 -600 ) (-480 448 -600 ) (-384 448 -600 ) (-384 384 -600 ) 
3 125 129 (-384 448 -600 ) (-320 448 -600 ) (-384 384 -600 ) 
4 125 126 (-480 448 -600 ) (-480 512 -600 ) (-256 512 -600 ) (-320 448 -600 ) 
4 126 136 (-480 512 -600 ) (-480 512 -640 ) (-480 448 -640 ) (-480 448 -600 ) 
4 126 130 (-384 448 -600 ) (-480 448 -600 ) (-480 448 -640 ) (-384 448 -640 ) 
4 126 129 (-280 448 -600 ) (-384 448 -600 ) (-384 448 -640 ) (-280 448 -640 ) 
4 126 128 (-32 448 -600 ) (-136 448 -600 ) (-136 448 -640 ) (-32 448 -640 ) 
4 126 127 (32 448 -640 ) (32 448 -600 ) (-32 448 -600 ) (-32 448 -640 ) 
4 127 128 (-32 344 -600 ) (-32 448 -600 ) (-32 448 -640 ) (-32 344 -640 ) 
4 129 130 (-384 448 -600 ) (-384 448 -640 ) (-384 344 -640 ) (-384 344 -600 ) 
4 130 136 (-480 96 -600 ) (-480 448 -600 ) (-480 448 -640 ) (-480 96 -640 ) 
4 131 217 (-160 0 -448 ) (-320 0 -448 ) (-320 0 -600 ) (-160 0 -600 ) 
4 131 132 (-160 32 -600 ) (-160 0 -600 ) (-320 0 -600 ) (-320 32 -600 ) 
4 132 228 (-160 0 -640 ) (-160 0 -600 ) (-320 0 -600 ) (-320 0 -640 ) 
4 133 220 (-352 0 -464 ) (-352 0 -463.777778 ) (-480 0 -463.777778 ) (-480 0 -464 ) 
4 133 138 (-480 0 -464 ) (-480 0 -463.777778 ) (-480 64 -463.777778 ) (-480 64 -464 ) 
4 135 139 (-672 96 -576 ) (-2048 96 -576 ) (-2048 96 -600 ) (-672 96 -600 ) 
4 135 138 (-480 96 -576 ) (-480 96 128 ) (-2048 96 128 ) (-2048 96 -576 ) 
4 135 136 (-2560 2560 -600 ) (-480 2560 -600 ) (-480 96 -600 ) (-2560 96 -600 ) 
4 136 140 (-672 96 -600 ) (-2048 96 -600 ) (-2048 96 -640 ) (-672 96 -640 ) 
4 137 141 (-2592 96 -640 ) (-2560 96 -640 ) (-2560 96 128 ) (-2592 96 128 ) 
4 138 235 (-800 0 128 ) (-2048 0 128 ) (-2048 0 -576 ) (-800 0 -576 ) 
4 138 222 (-480 0 -576 ) (-480 0 -448 ) (-768 0 -448 ) (-768 0 -576 ) 
4 138 215 (-768 0 -272 ) (-768 0 -448 ) (-760.235498 0 -448 ) (-760.235498 0 -272 ) 
4 138 209 (-760.235498 0 -208 ) (-768 0 -208 ) (-768 0 -272 ) (-760.235498 0 -272 ) 
4 138 208 (-480 0 -448 ) (-480 0 -208 ) (-760.235498 0 -208 ) (-760.235498 0 -448 ) 
4 138 204 (-480 0 -208 ) (-480 0 -192 ) (-768 0 -192 ) (-768 0 -208 ) 
4 138 224 (-768 0 -192 ) (-800 0 -192 ) (-800 0 -576 ) (-768 0 -576 ) 
4 138 199 (-480 0 -192 ) (-480 0 80 ) (-800 0 80 ) (-800 0 -192 ) 
4 138 198 (-480 0 80 ) (-480 0 128 ) (-800 0 128 ) (-800 0 80 ) 
4 138 139 (-2048 96 -576 ) (-672 96 -576 ) (-768 0 -576 ) (-2048 0 -576 ) 
4 139 235 (-800 0 -576 ) (-2048 0 -576 ) (-2048 0 -600 ) (-800 0 -600 ) 
4 139 224 (-768 0 -576 ) (-800 0 -576 ) (-800 0 -600 ) (-768 0 -600 ) 
4 139 140 (-768 0 -600 ) (-2048 0 -600 ) (-2048 96 -600 ) (-672 96 -600 ) 
4 140 236 (-800 0 -600 ) (-2048 0 -600 ) (-2048 0 -640 ) (-800 0 -640 ) 
4 140 229 (-768 0 -600 ) (-800 0 -600 ) (-800 0 -640 ) (-768 0 -640 ) 
4 141 237 (-2560 0 -640 ) (-2560 0 128 ) (-2592 0 128 ) (-2592 0 -640 ) 
4 142 189 (80 0 3360 ) (80 0 3328 ) (80 -2560 3328 ) (80 -2560 3360 ) 
4 143 146 (2560 0 128 ) (2592 0 128 ) (2592 -2560 128 ) (2560 -2560 128 ) 
4 144 190 (80 0 3328 ) (80 0 128 ) (80 -2560 128 ) (80 -2560 3328 ) 
4 144 186 (80 -2560 128 ) (80 -480 128 ) (992 -480 128 ) (992 -2560 128 ) 
5 144 154 (80 -144 128 ) (80 0 128 ) (144 0 128 ) (144 -88 128 ) (88 -144 128 ) 
3 144 153 (160 -96 128 ) (160 -160 128 ) (96 -160 128 ) 
4 144 155 (80 -352 128 ) (80 -160 128 ) (160 -160 128 ) (160 -352 128 ) 
5 144 152 (160 0 128 ) (864 0 128 ) (864 -128 128 ) (640 -352 128 ) (160 -352 128 ) 
3 144 151 (864 -128 128 ) (864 -352 128 ) (640 -352 128 ) 
4 144 157 (80 -480 128 ) (80 -352 128 ) (864 -352 128 ) (864 -480 128 ) 
4 144 150 (864 0 128 ) (992 0 128 ) (992 -480 128 ) (864 -480 128 ) 
4 144 147 (992 0 128 ) (2560 0 128 ) (2560 -2560 128 ) (992 -2560 128 ) 
4 145 191 (80 -2560 128 ) (80 -2592 128 ) (80 -2592 3328 ) (80 -2560 3328 ) 
4 145 188 (80 -2592 128 ) (80 -2560 128 ) (992 -2560 128 ) (992 -2592 128 ) 
4 145 149 (992 -2560 128 ) (2560 -2560 128 ) (2560 -2592 128 ) (992 -2592 128 ) 
4 147 186 (992 -2560 128 ) (992 -480 128 ) (992 -480 -600 ) (992 -2560 -600 ) 
4 147 159 (992 0 -208 ) (992 0 -320 ) (992 -192 -320 ) (992 -192 -208 ) 
4 147 158 (992 -192 -600 ) (992 -480 -600 ) (992 -480 -208 ) (992 -192 -208 ) 
4 147 150 (992 -480 128 ) (992 0 128 ) (992 0 -208 ) (992 -480 -208 ) 
4 147 148 (992 0 -600 ) (2560 0 -600 ) (2560 -2560 -600 ) (992 -2560 -600 ) 
4 148 187 (992 -480 -640 ) (992 -2560 -640 ) (992 -2560 -600 ) (992 -480 -600 ) 
4 148 185 (992 -320 -640 ) (992 -480 -640 ) (992 -480 -600 ) (992 -320 -600 ) 
4 148 183 (992 -192 -640 ) (992 -320 -640 ) (992 -320 -600 ) (992 -192 -600 ) 
4 149 188 (992 -2592 128 ) (992 -2560 128 ) (992 -2560 -640 ) (992 -2592 -640 ) 
4 150 186 (864 -480 -208 ) (992 -480 -208 ) (992 -480 128 ) (864 -480 128 ) 
4 150 159 (864 0 -208 ) (992 0 -208 ) (992 -192 -208 ) (864 -192 -208 ) 
3 150 162 (992 -192 -208 ) (864 -320 -208 ) (864 -192 -208 ) 
4 150 158 (992 -192 -208 ) (992 -480 -208 ) (864 -480 -208 ) (864 -320 -208 ) 
4 150 152 (864 0 128 ) (864 0 -192 ) (864 -128 -192 ) (864 -128 128 ) 
4 150 151 (864 -128 -208 ) (864 -352 -208 ) (864 -352 128 ) (864 -128 128 ) 
4 150 157 (864 -352 -208 ) (864 -480 -208 ) (864 -480 128 ) (864 -352 128 ) 
3 151 173 (768 -352 -208 ) (640 -352 -208 ) (768 -224 -208 ) 
3 151 161 (864 -128 -208 ) (864 -192 -208 ) (800 -192 -208 ) 
5 151 162 (864 -192 -208 ) (864 -320 -208 ) (768 -320 -208 ) (768 -224 -208 ) (800 -192 -208 ) 
4 151 163 (864 -320 -208 ) (832 -352 -208 ) (768 -352 -208 ) (768 -320 -208 ) 
3 151 158 (864 -320 -208 ) (864 -352 -208 ) (832 -352 -208 ) 
4 151 156 (800 -192 -208 ) (640 -352 -208 ) (640 -352 -192 ) (800 -192 -192 ) 
4 151 152 (864 -128 128 ) (864 -128 -192 ) (640 -352 -192 ) (640 -352 128 ) 
4 151 157 (640 -352 -208 ) (864 -352 -208 ) (864 -352 128 ) (640 -352 128 ) 
4 152 156 (640 -352 -192 ) (192 -352 -192 ) (352 -192 -192 ) (800 -192 -192 ) 
4 152 153 (160 -96 -192 ) (160 -160 -192 ) (160 -160 128 ) (160 -96 128 ) 
4 152 155 (160 -160 -192 ) (160 -352 -192 ) (160 -352 128 ) (160 -160 128 ) 
4 152 157 (640 -352 -192 ) (640 -352 128 ) (160 -352 128 ) (160 -352 -192 ) 
4 153 155 (96 -160 -192 ) (160 -160 -192 ) (160 -160 128 ) (96 -160 128 ) 
4 154 193 (80 0 128 ) (80 0 -64 ) (80 -144 -64 ) (80 -144 128 ) 
4 155 196 (80 -160 -192 ) (80 -352 -192 ) (80 -352 128 ) (80 -160 128 ) 
4 155 157 (160 -352 128 ) (80 -352 128 ) (80 -352 -192 ) (160 -352 -192 ) 
4 156 174 (352 -192 -208 ) (368 -192 -208 ) (368 -352 -208 ) (192 -352 -208 ) 
5 156 173 (368 -192 -208 ) (768 -192 -208 ) (768 -224 -208 ) (640 -352 -208 ) (368 -352 -208 ) 
3 156 162 (768 -192 -208 ) (800 -192 -208 ) (768 -224 -208 ) 
4 156 157 (192 -352 -208 ) (640 -352 -208 ) (640 -352 -192 ) (192 -352 -192 ) 
4 157 203 (80 -352 -208 ) (80 -480 -208 ) (80 -480 -192 ) (80 -352 -192 ) 
4 157 196 (80 -480 -192 ) (80 -480 128 ) (80 -352 128 ) (80 -352 -192 ) 
4 157 186 (80 -480 128 ) (80 -480 -208 ) (864 -480 -208 ) (864 -480 128 ) 
4 157 176 (80 -480 -208 ) (80 -352 -208 ) (368 -352 -208 ) (368 -480 -208 ) 
5 157 173 (368 -352 -208 ) (768 -352 -208 ) (768 -416 -208 ) (704 -480 -208 ) (368 -480 -208 ) 
3 157 163 (768 -352 -208 ) (832 -352 -208 ) (768 -416 -208 ) 
4 157 158 (832 -352 -208 ) (864 -352 -208 ) (864 -480 -208 ) (704 -480 -208 ) 
4 158 186 (704 -480 -600 ) (992 -480 -600 ) (992 -480 -208 ) (704 -480 -208 ) 
4 158 185 (992 -480 -600 ) (704 -480 -600 ) (864 -320 -600 ) (992 -320 -600 ) 
3 158 183 (864 -320 -600 ) (992 -192 -600 ) (992 -320 -600 ) 
4 158 178 (768 -416 -600 ) (704 -480 -600 ) (704 -480 -448 ) (768 -416 -448 ) 
4 158 173 (704 -480 -448 ) (704 -480 -208 ) (768 -416 -208 ) (768 -416 -448 ) 
4 158 162 (992 -192 -208 ) (992 -192 -320 ) (864 -320 -320 ) (864 -320 -208 ) 
4 158 163 (864 -320 -600 ) (768 -416 -600 ) (768 -416 -208 ) (864 -320 -208 ) 
4 159 161 (864 -128 -320 ) (864 -192 -320 ) (864 -192 -208 ) (864 -128 -208 ) 
4 159 160 (864 0 -320 ) (864 -16 -320 ) (864 -16 -208 ) (864 0 -208 ) 
4 159 162 (992 -192 -320 ) (992 -192 -208 ) (864 -192 -208 ) (864 -192 -320 ) 
4 161 162 (864 -192 -208 ) (800 -192 -208 ) (800 -192 -320 ) (864 -192 -320 ) 
4 162 173 (768 -320 -320 ) (768 -320 -208 ) (768 -192 -208 ) (768 -192 -320 ) 
4 162 163 (864 -320 -320 ) (864 -320 -208 ) (768 -320 -208 ) (768 -320 -320 ) 
3 163 185 (864 -320 -600 ) (768 -416 -600 ) (768 -320 -600 ) 
4 163 178 (768 -320 -600 ) (768 -416 -600 ) (768 -416 -448 ) (768 -320 -448 ) 
4 163 173 (768 -416 -448 ) (768 -416 -208 ) (768 -320 -208 ) (768 -320 -448 ) 
4 164 165 (480 -80 -416 ) (480 -80 -304 ) (480 -48 -304 ) (480 -48 -416 ) 
4 165 205 (80 0 -208 ) (80 0 -448 ) (80 -160 -448 ) (80 -160 -208 ) 
4 165 175 (80 -160 -256 ) (80 -160 -448 ) (336 -160 -448 ) (336 -160 -256 ) 
4 165 172 (368 -160 -448 ) (464 -160 -448 ) (464 -160 -336 ) (368 -160 -336 ) 
3 165 171 (160 -96 -448 ) (160 -160 -448 ) (96 -160 -448 ) 
4 165 170 (352 -160 -448 ) (160 -160 -448 ) (160 -96 -448 ) (352 -96 -448 ) 
4 166 170 (160 -96 -464 ) (160 -96 -576 ) (352 -96 -576 ) (352 -96 -464 ) 
3 166 167 (480 -96 -576 ) (416 -96 -576 ) (416 -64 -576 ) 
4 166 169 (160 -96 -576 ) (160 0 -576 ) (416 0 -576 ) (416 -96 -576 ) 
3 167 179 (480 -96 -600 ) (448 -96 -600 ) (448 -80 -600 ) 
4 167 168 (448 -80 -600 ) (448 -96 -600 ) (416 -96 -592 ) (416 -64 -592 ) 
4 167 169 (416 -96 -592 ) (416 -96 -576 ) (416 -64 -576 ) (416 -64 -592 ) 
4 168 180 (416 0 -600 ) (448 0 -600 ) (448 -96 -600 ) (416 -96 -600 ) 
4 168 169 (416 -96 -600 ) (416 -96 -592 ) (416 0 -592 ) (416 0 -600 ) 
4 169 181 (160 0 -600 ) (352 0 -600 ) (352 -96 -600 ) (160 -96 -600 ) 
4 169 180 (352 0 -600 ) (416 0 -600 ) (416 -96 -600 ) (352 -96 -600 ) 
4 169 170 (160 -96 -576 ) (160 -96 -600 ) (352 -96 -600 ) (352 -96 -576 ) 
4 170 181 (352 -160 -600 ) (160 -160 -600 ) (160 -96 -600 ) (352 -96 -600 ) 
4 170 177 (160 -160 -600 ) (336 -160 -600 ) (336 -160 -448 ) (160 -160 -448 ) 
4 170 171 (160 -160 -600 ) (160 -160 -448 ) (160 -96 -448 ) (160 -96 -600 ) 
3 171 182 (160 -96 -600 ) (160 -160 -600 ) (96 -160 -600 ) 
4 171 177 (96 -160 -600 ) (160 -160 -600 ) (160 -160 -448 ) (96 -160 -448 ) 
4 172 173 (368 -192 -448 ) (464 -192 -448 ) (464 -192 -336 ) (368 -192 -336 ) 
4 173 186 (368 -480 -448 ) (704 -480 -448 ) (704 -480 -208 ) (368 -480 -208 ) 
6 173 178 (704 -480 -448 ) (368 -480 -448 ) (368 -368 -448 ) (416 -320 -448 ) (768 -320 -448 ) (768 -416 -448 ) 
4 173 174 (368 -352 -208 ) (368 -192 -208 ) (368 -192 -448 ) (368 -352 -448 ) 
4 173 176 (368 -480 -448 ) (368 -480 -208 ) (368 -352 -208 ) (368 -352 -448 ) 
4 174 176 (192 -352 -448 ) (368 -352 -448 ) (368 -352 -208 ) (192 -352 -208 ) 
4 175 205 (80 -160 -256 ) (80 -160 -448 ) (80 -320 -448 ) (80 -320 -256 ) 
4 175 177 (80 -320 -448 ) (80 -160 -448 ) (336 -160 -448 ) (176 -320 -448 ) 
4 176 207 (80 -480 -448 ) (80 -480 -208 ) (80 -352 -208 ) (80 -352 -448 ) 
4 176 186 (80 -480 -208 ) (80 -480 -448 ) (368 -480 -448 ) (368 -480 -208 ) 
3 176 178 (368 -480 -448 ) (256 -480 -448 ) (368 -368 -448 ) 
4 177 218 (80 -160 -600 ) (80 -320 -600 ) (80 -320 -448 ) (80 -160 -448 ) 
4 177 184 (80 -320 -600 ) (80 -160 -600 ) (336 -160 -600 ) (176 -320 -600 ) 
4 178 186 (256 -480 -600 ) (704 -480 -600 ) (704 -480 -448 ) (256 -480 -448 ) 
5 178 185 (704 -480 -600 ) (256 -480 -600 ) (416 -320 -600 ) (768 -320 -600 ) (768 -416 -600 ) 
3 179 180 (480 -96 -608 ) (448 -96 -600 ) (448 -80 -600 ) 
4 180 181 (352 0 -600 ) (352 0 -640 ) (352 -96 -640 ) (352 -96 -600 ) 
4 181 184 (336 -160 -600 ) (160 -160 -600 ) (160 -160 -640 ) (336 -160 -640 ) 
4 181 182 (160 -160 -640 ) (160 -160 -600 ) (160 -96 -600 ) (160 -96 -640 ) 
4 182 184 (160 -160 -600 ) (96 -160 -600 ) (96 -160 -640 ) (160 -160 -640 ) 
4 183 185 (864 -320 -640 ) (992 -320 -640 ) (992 -320 -600 ) (864 -320 -600 ) 
4 184 227 (80 -320 -640 ) (80 -320 -600 ) (80 -160 -600 ) (80 -160 -640 ) 
4 185 187 (256 -480 -640 ) (992 -480 -640 ) (992 -480 -600 ) (256 -480 -600 ) 
4 186 232 (80 -2560 -600 ) (80 -2560 128 ) (80 -704 128 ) (80 -704 -600 ) 
4 186 223 (80 -480 -448 ) (80 -480 -600 ) (80 -704 -600 ) (80 -704 -448 ) 
4 186 207 (80 -480 -208 ) (80 -480 -448 ) (80 -704 -448 ) (80 -704 -208 ) 
4 186 203 (80 -480 -192 ) (80 -480 -208 ) (80 -704 -208 ) (80 -704 -192 ) 
4 186 196 (80 -704 128 ) (80 -480 128 ) (80 -480 -192 ) (80 -704 -192 ) 
4 186 187 (80 -2560 -600 ) (80 -480 -600 ) (992 -480 -600 ) (992 -2560 -600 ) 
4 187 233 (80 -2560 -640 ) (80 -2560 -600 ) (80 -704 -600 ) (80 -704 -640 ) 
4 187 230 (80 -704 -600 ) (80 -480 -600 ) (80 -480 -640 ) (80 -704 -640 ) 
4 188 234 (80 -2592 128 ) (80 -2560 128 ) (80 -2560 -640 ) (80 -2592 -640 ) 
4 190 235 (-800 -2560 128 ) (-2560 -2560 128 ) (-2560 0 128 ) (-800 0 128 ) 
4 190 232 (80 -704 128 ) (80 -2560 128 ) (-800 -2560 128 ) (-800 -704 128 ) 
4 190 197 (-144 -704 128 ) (-160 -704 128 ) (-160 -96 128 ) (-144 -112 128 ) 
4 190 198 (-160 -704 128 ) (-800 -704 128 ) (-800 0 128 ) (-160 0 128 ) 
3 190 195 (-96 -160 128 ) (-144 -160 128 ) (-144 -112 128 ) 
5 190 193 (80 0 128 ) (80 -144 128 ) (-88 -144 128 ) (-144 -88 128 ) (-144 0 128 ) 
4 190 196 (80 -160 128 ) (80 -704 128 ) (-144 -704 128 ) (-144 -160 128 ) 
4 191 238 (-800 -2592 128 ) (-2560 -2592 128 ) (-2560 -2560 128 ) (-800 -2560 128 ) 
4 191 234 (80 -2560 128 ) (80 -2592 128 ) (-800 -2592 128 ) (-800 -2560 128 ) 
4 192 237 (-2592 0 128 ) (-2560 0 128 ) (-2560 -2560 128 ) (-2592 -2560 128 ) 
4 193 199 (-144 0 80 ) (-144 0 -64 ) (-144 -48 -64 ) (-144 -48 80 ) 
4 193 194 (-144 -48 -64 ) (-144 0 -64 ) (-112 0 -64 ) (-112 -48 -64 ) 
4 194 199 (-144 0 -64 ) (-144 0 -192 ) (-144 -48 -192 ) (-144 -48 -64 ) 
4 195 201 (-144 -112 -192 ) (-144 -160 -192 ) (-144 -160 80 ) (-144 -112 80 ) 
4 195 197 (-144 -160 80 ) (-144 -160 128 ) (-144 -112 128 ) (-144 -112 80 ) 
4 195 196 (-144 -160 -192 ) (-96 -160 -192 ) (-96 -160 128 ) (-144 -160 128 ) 
4 196 232 (80 -704 -192 ) (80 -704 128 ) (-144 -704 128 ) (-144 -704 -192 ) 
4 196 203 (80 -352 -192 ) (80 -704 -192 ) (-144 -704 -192 ) (-144 -352 -192 ) 
4 196 201 (-144 -160 -192 ) (-144 -704 -192 ) (-144 -704 80 ) (-144 -160 80 ) 
4 196 197 (-144 -704 80 ) (-144 -704 128 ) (-144 -160 128 ) (-144 -160 80 ) 
4 197 232 (-144 -704 128 ) (-160 -704 128 ) (-160 -704 80 ) (-144 -704 80 ) 
4 197 201 (-144 -112 80 ) (-144 -704 80 ) (-160 -704 80 ) (-160 -96 80 ) 
4 197 198 (-160 -96 80 ) (-160 -704 80 ) (-160 -704 128 ) (-160 -96 128 ) 
4 198 235 (-800 -704 128 ) (-800 0 128 ) (-800 0 80 ) (-800 -704 80 ) 
4 198 232 (-160 -704 128 ) (-800 -704 128 ) (-800 -704 80 ) (-160 -704 80 ) 
3 198 200 (-208 -48 80 ) (-160 -48 80 ) (-160 -96 80 ) 
5 198 201 (-800 -704 80 ) (-800 -48 80 ) (-208 -48 80 ) (-160 -96 80 ) (-160 -704 80 ) 
4 198 199 (-800 -48 80 ) (-800 0 80 ) (-160 0 80 ) (-160 -48 80 ) 
4 199 235 (-800 0 80 ) (-800 0 -192 ) (-800 -48 -192 ) (-800 -48 80 ) 
5 199 204 (-800 -48 -192 ) (-800 -32 -192 ) (-768 0 -192 ) (-352 0 -192 ) (-352 -48 -192 ) 
3 199 224 (-800 -32 -192 ) (-800 0 -192 ) (-768 0 -192 ) 
4 199 200 (-160 -48 80 ) (-208 -48 80 ) (-208 -48 -192 ) (-160 -48 -192 ) 
4 199 201 (-208 -48 80 ) (-800 -48 80 ) (-800 -48 -192 ) (-208 -48 -192 ) 
4 200 201 (-208 -48 -192 ) (-160 -96 -192 ) (-160 -96 80 ) (-208 -48 80 ) 
4 201 235 (-800 -48 -192 ) (-800 -704 -192 ) (-800 -704 80 ) (-800 -48 80 ) 
4 201 232 (-800 -704 80 ) (-800 -704 -192 ) (-144 -704 -192 ) (-144 -704 80 ) 
3 201 202 (-192 -352 -192 ) (-352 -352 -192 ) (-352 -192 -192 ) 
4 201 203 (-144 -352 -192 ) (-144 -704 -192 ) (-352 -704 -192 ) (-352 -352 -192 ) 
5 201 204 (-800 -416 -192 ) (-800 -48 -192 ) (-352 -48 -192 ) (-352 -704 -192 ) (-512 -704 -192 ) 
3 201 225 (-800 -704 -192 ) (-800 -416 -192 ) (-512 -704 -192 ) 
3 202 206 (-192 -352 -208 ) (-352 -352 -208 ) (-352 -192 -208 ) 
4 202 203 (-352 -352 -208 ) (-192 -352 -208 ) (-192 -352 -192 ) (-352 -352 -192 ) 
4 202 204 (-352 -352 -192 ) (-352 -192 -192 ) (-352 -192 -208 ) (-352 -352 -208 ) 
4 203 232 (80 -704 -208 ) (80 -704 -192 ) (-352 -704 -192 ) (-352 -704 -208 ) 
3 203 209 (-56.235498 -704 -208 ) (-352 -704 -208 ) (-352 -408.235498 -208 ) 
5 203 207 (80 -352 -208 ) (80 -704 -208 ) (-56.235498 -704 -208 ) (-352 -408.235498 -208 ) (-352 -352 -208 ) 
4 203 204 (-352 -704 -208 ) (-352 -704 -192 ) (-352 -352 -192 ) (-352 -352 -208 ) 
4 204 235 (-800 -416 -208 ) (-800 -416 -192 ) (-800 -32 -192 ) (-800 -32 -208 ) 
4 204 232 (-352 -704 -192 ) (-512 -704 -192 ) (-512 -704 -208 ) (-352 -704 -208 ) 
7 204 209 (-512 -704 -208 ) (-800 -416 -208 ) (-800 -32 -208 ) (-768 0 -208 ) (-760.235498 0 -208 ) (-352 -408.235498 -208 ) (-352 -704 -208 ) 
3 204 208 (-760.235498 0 -208 ) (-352 0 -208 ) (-352 -408.235498 -208 ) 
4 204 225 (-800 -416 -192 ) (-800 -416 -208 ) (-512 -704 -208 ) (-512 -704 -192 ) 
4 204 224 (-800 -32 -208 ) (-800 -32 -192 ) (-768 0 -192 ) (-768 0 -208 ) 
5 205 219 (-80 -320 -448 ) (-176 -320 -448 ) (-320 -176 -448 ) (-320 -160 -448 ) (-80 -160 -448 ) 
4 205 218 (80 -160 -448 ) (80 -320 -448 ) (-80 -320 -448 ) (-80 -160 -448 ) 
3 205 216 (-96 -160 -448 ) (-160 -160 -448 ) (-160 -96 -448 ) 
4 205 217 (-320 0 -448 ) (-160 0 -448 ) (-160 -160 -448 ) (-320 -160 -448 ) 
4 206 208 (-352 -192 -448 ) (-352 -352 -448 ) (-352 -352 -208 ) (-352 -192 -208 ) 
4 206 207 (-352 -352 -448 ) (-192 -352 -448 ) (-192 -352 -208 ) (-352 -352 -208 ) 
4 207 232 (80 -704 -448 ) (80 -704 -208 ) (-56.235498 -704 -208 ) (-56.235498 -704 -448 ) 
5 207 223 (80 -704 -448 ) (-56.235498 -704 -448 ) (-204.117749 -556.117749 -448 ) (-128 -480 -448 ) (80 -480 -448 ) 
4 207 212 (-312.235498 -448 -448 ) (-56.235498 -704 -448 ) (-56.235498 -704 -336 ) (-312.235498 -448 -336 ) 
4 207 211 (-56.235498 -704 -336 ) (-56.235498 -704 -272 ) (-352 -408.235498 -272 ) (-352 -408.235498 -336 ) 
4 207 209 (-56.235498 -704 -272 ) (-56.235498 -704 -208 ) (-352 -408.235498 -208 ) (-352 -408.235498 -272 ) 
4 207 208 (-352 -352 -448 ) (-352 -408.235498 -448 ) (-352 -408.235498 -208 ) (-352 -352 -208 ) 
4 208 222 (-556.117749 -204.117749 -448 ) (-760.235498 0 -448 ) (-480 0 -448 ) (-480 -128 -448 ) 
4 208 220 (-480 0 -448 ) (-352 0 -448 ) (-352 -96 -448 ) (-480 -96 -448 ) 
4 208 211 (-352 -408.235498 -336 ) (-352 -408.235498 -272 ) (-448 -312.235498 -272 ) (-448 -312.235498 -336 ) 
4 208 215 (-760.235498 0 -272 ) (-760.235498 0 -448 ) (-448 -312.235498 -448 ) (-448 -312.235498 -272 ) 
4 208 209 (-760.235498 0 -208 ) (-760.235498 0 -272 ) (-352 -408.235498 -272 ) (-352 -408.235498 -208 ) 
4 209 235 (-800 -416 -272 ) (-800 -416 -208 ) (-800 -32 -208 ) (-800 -32 -272 ) 
4 209 232 (-56.235498 -704 -208 ) (-512 -704 -208 ) (-512 -704 -272 ) (-56.235498 -704 -272 ) 
4 209 212 (-146.745166 -704 -272 ) (-237.254834 -704 -272 ) (-402.745166 -538.509668 -272 ) (-357.490332 -493.254834 -272 ) 
4 209 211 (-448 -312.235498 -272 ) (-56.235498 -704 -272 ) (-146.745166 -704 -272 ) (-493.254834 -357.490332 -272 ) 
4 209 210 (-237.254834 -704 -272 ) (-512 -704 -272 ) (-675.882251 -540.117749 -272 ) (-538.509668 -402.745166 -272 ) 
6 209 215 (-800 -32 -272 ) (-768 0 -272 ) (-760.235498 0 -272 ) (-448 -312.235498 -272 ) (-675.882251 -540.117749 -272 ) (-800 -416 -272 ) 
4 209 225 (-800 -416 -208 ) (-800 -416 -272 ) (-512 -704 -272 ) (-512 -704 -208 ) 
4 209 224 (-800 -32 -272 ) (-800 -32 -208 ) (-768 0 -208 ) (-768 0 -272 ) 
4 210 232 (-512 -704 -272 ) (-512 -704 -448 ) (-486.156421 -704 -448 ) (-237.254834 -704 -272 ) 
4 210 212 (-402.745166 -538.509668 -272 ) (-237.254834 -704 -272 ) (-327.764502 -704 -336 ) (-448 -583.764502 -336 ) 
4 210 214 (-486.156421 -704 -448 ) (-662.960461 -527.195959 -448 ) (-583.764502 -448 -336 ) (-327.764502 -704 -336 ) 
4 210 215 (-662.960461 -527.195959 -448 ) (-675.882251 -540.117749 -448 ) (-675.882251 -540.117749 -272 ) (-538.509668 -402.745166 -272 ) 
4 210 225 (-675.882251 -540.117749 -448 ) (-512 -704 -448 ) (-512 -704 -272 ) (-675.882251 -540.117749 -272 ) 
3 211 232 (-56.235498 -704 -336 ) (-56.235498 -704 -272 ) (-146.745166 -704 -272 ) 
4 211 212 (-146.745166 -704 -272 ) (-357.490332 -493.254834 -272 ) (-312.235498 -448 -336 ) (-56.235498 -704 -336 ) 
3 211 215 (-448 -312.235498 -272 ) (-448 -312.235498 -336 ) (-493.254834 -357.490332 -272 ) 
6 212 232 (-327.764502 -704 -448 ) (-56.235498 -704 -448 ) (-56.235498 -704 -336 ) (-146.745166 -704 -272 ) (-237.254834 -704 -272 ) (-327.764502 -704 -336 ) 
4 212 223 (-56.235498 -704 -448 ) (-327.764502 -704 -448 ) (-339.882251 -691.882251 -448 ) (-204.117749 -556.117749 -448 ) 
6 212 213 (-323.549207 -459.313708 -448 ) (-436.686292 -572.450793 -448 ) (-436.686292 -572.450793 -344 ) (-397.088312 -532.852814 -288 ) (-363.147186 -498.911688 -288 ) (-323.549207 -459.313708 -344 ) 
4 212 214 (-448 -583.764502 -448 ) (-327.764502 -704 -448 ) (-327.764502 -704 -336 ) (-448 -583.764502 -336 ) 
6 213 215 (-459.313708 -323.549207 -448 ) (-572.450793 -436.686292 -448 ) (-572.450793 -436.686292 -344 ) (-532.852814 -397.088312 -288 ) (-498.911688 -363.147186 -288 ) (-459.313708 -323.549207 -344 ) 
3 214 232 (-486.156421 -704 -448 ) (-327.764502 -704 -448 ) (-327.764502 -704 -336 ) 
3 214 223 (-327.764502 -704 -448 ) (-352 -704 -448 ) (-339.882251 -691.882251 -448 ) 
3 214 215 (-583.764502 -448 -448 ) (-662.960461 -527.195959 -448 ) (-583.764502 -448 -336 ) 
4 215 235 (-800 -416 -448 ) (-800 -416 -272 ) (-800 -32 -272 ) (-800 -32 -448 ) 
6 215 222 (-800 -352 -448 ) (-800 -32 -448 ) (-768 0 -448 ) (-760.235498 0 -448 ) (-556.117749 -204.117749 -448 ) (-704 -352 -448 ) 
4 215 224 (-800 -32 -448 ) (-800 -32 -272 ) (-768 0 -272 ) (-768 0 -448 ) 
4 215 225 (-800 -416 -272 ) (-800 -416 -448 ) (-675.882251 -540.117749 -448 ) (-675.882251 -540.117749 -272 ) 
3 216 226 (-96 -160 -600 ) (-160 -160 -600 ) (-160 -96 -600 ) 
4 216 219 (-160 -160 -600 ) (-96 -160 -600 ) (-96 -160 -448 ) (-160 -160 -448 ) 
4 216 217 (-160 -96 -600 ) (-160 -160 -600 ) (-160 -160 -448 ) (-160 -96 -448 ) 
4 217 228 (-320 0 -600 ) (-160 0 -600 ) (-160 -160 -600 ) (-320 -160 -600 ) 
4 217 221 (-320 0 -480 ) (-320 0 -576 ) (-320 -96 -576 ) (-320 -96 -480 ) 
4 217 219 (-320 -160 -600 ) (-160 -160 -600 ) (-160 -160 -448 ) (-320 -160 -448 ) 
4 218 227 (80 -160 -600 ) (80 -320 -600 ) (-80 -320 -600 ) (-80 -160 -600 ) 
4 218 219 (-80 -160 -448 ) (-80 -160 -600 ) (-80 -320 -600 ) (-80 -320 -448 ) 
5 219 228 (-320 -176 -600 ) (-320 -160 -600 ) (-160 -160 -600 ) (-160 -320 -600 ) (-176 -320 -600 ) 
4 219 227 (-160 -160 -600 ) (-80 -160 -600 ) (-80 -320 -600 ) (-160 -320 -600 ) 
4 220 222 (-480 -96 -448 ) (-480 0 -448 ) (-480 0 -464 ) (-480 -96 -464 ) 
4 221 222 (-480 0 -480 ) (-480 0 -576 ) (-480 -96 -576 ) (-480 -96 -480 ) 
4 222 235 (-800 -352 -576 ) (-800 -352 -448 ) (-800 -32 -448 ) (-800 -32 -576 ) 
4 222 224 (-800 -32 -576 ) (-800 -32 -448 ) (-768 0 -448 ) (-768 0 -576 ) 
4 223 232 (80 -704 -600 ) (80 -704 -448 ) (-352 -704 -448 ) (-352 -704 -600 ) 
4 223 230 (80 -704 -600 ) (-352 -704 -600 ) (-128 -480 -600 ) (80 -480 -600 ) 
4 224 235 (-800 0 -192 ) (-800 0 -600 ) (-800 -32 -600 ) (-800 -32 -192 ) 
3 224 229 (-800 -32 -600 ) (-800 0 -600 ) (-768 0 -600 ) 
4 225 235 (-800 -416 -600 ) (-800 -704 -600 ) (-800 -704 -192 ) (-800 -416 -192 ) 
4 225 232 (-512 -704 -192 ) (-800 -704 -192 ) (-800 -704 -600 ) (-512 -704 -600 ) 
3 225 231 (-512 -704 -600 ) (-800 -704 -600 ) (-800 -416 -600 ) 
4 226 228 (-160 -160 -600 ) (-160 -96 -600 ) (-160 -96 -640 ) (-160 -160 -640 ) 
4 226 227 (-96 -160 -600 ) (-160 -160 -600 ) (-160 -160 -640 ) (-96 -160 -640 ) 
4 227 228 (-160 -320 -640 ) (-160 -320 -600 ) (-160 -160 -600 ) (-160 -160 -640 ) 
4 229 236 (-800 0 -600 ) (-800 0 -640 ) (-800 -32 -640 ) (-800 -32 -600 ) 
4 230 233 (80 -704 -640 ) (80 -704 -600 ) (-352 -704 -600 ) (-352 -704 -640 ) 
4 231 236 (-800 -704 -640 ) (-800 -704 -600 ) (-800 -416 -600 ) (-800 -416 -640 ) 
4 231 233 (-512 -704 -600 ) (-800 -704 -600 ) (-800 -704 -640 ) (-512 -704 -640 ) 
4 232 235 (-800 -2560 128 ) (-800 -704 128 ) (-800 -704 -600 ) (-800 -2560 -600 ) 
4 232 233 (-800 -2560 -600 ) (-800 -704 -600 ) (80 -704 -600 ) (80 -2560 -600 ) 
4 233 236 (-800 -704 -600 ) (-800 -704 -640 ) (-800 -2560 -640 ) (-800 -2560 -600 ) 
4 234 238 (-800 -2592 128 ) (-800 -2560 128 ) (-800 -2560 -640 ) (-800 -2592 -640 ) 
4 235 236 (-800 -2560 -600 ) (-2560 -2560 -600 ) (-2560 0 -600 ) (-800 0 -600 ) 
0 -1
1 -1
2 -1
3 4 5 6 7 8 9 10 11 12 13 14 15 16 17 18 19 20 21 22 23 24 25 26 27 28 29 30 31 32 33 34 35 36 37 38 39 40 41 42 43 44 45 46 47 48 49 50 51 52 53 54 -1
55 -1
56 -1
57 58 59 60 61 62 63 64 65 66 67 68 69 70 71 72 73 74 -1
75 76 77 78 79 80 81 82 83 84 85 86 87 88 89 90 91 92 -1
93 -1
94 95 96 97 98 -1
99 100 101 102 103 -1
104 105 106 107 108 109 110 111 112 113 114 115 116 117 118 119 -1
120 121 122 123 124 125 126 127 128 -1
129 -1
130 131 -1
132 133 134 -1
135 136 137 -1
138 -1
139 -1
140 -1
141 -1
142 -1
143 -1
144 -1
145 -1
146 -1
147 -1
148 -1
149 150 151 152 153 154 155 156 157 158 159 160 161 162 -1
163 -1
164 -1
165 166 167 168 169 -1
170 171 172 173 -1
174 175 176 177 178 -1
179 180 181 182 183 184 185 186 187 188 189 190 191 192 193 194 -1
195 -1
196 -1
197 -1
198 -1
199 -1
200 -1
201 -1
202 -1
203 -1
204 -1
205 -1
206 -1
207 -1
208 209 210 211 212 213 214 215 216 217 218 219 -1
220 221 -1
222 223 224 225 226 227 228 229 230 231 232 233 234 235 -1
236 -1
237 -1
238 -1
239 -1
240 -1
241 -1
242 -1
243 244 245 246 247 248 249 250 251 252 -1
253 -1
254 -1
255 -1
256 -1
257 -1
258 -1
259 -1
260 -1
261 -1
262 -1
263 -1
264 -1
265 -1
266 267 -1
268 269 270 -1
271 -1
272 -1
273 -1
274 -1
275 276 277 278 279 280 281 282 283 284 285 286 287 288 289 290 291 292 293 294 295 296 297 298 299 300 301 302 303 304 305 306 307 308 309 310 311 312 313 314 315 316 317 318 319 320 321 322 323 324 325 -1
326 -1
327 -1
328 329 330 -1
331 -1
332 -1
333 334 335 336 337 338 339 340 -1
341 342 343 344 345 346 -1
347 348 349 350 351 352 353 354 355 -1
356 357 -1
358 359 360 361 -1
362 363 364 -1
365 366 367 -1
368 369 -1
370 -1
371 372 373 374 375 376 377 378 379 380 -1
381 -1
382 -1
383 -1
384 -1
385 -1
386 -1
387 -1
388 -1
389 -1
390 391 392 393 394 395 396 397 398 399 400 401 402 -1
403 -1
404 -1
405 -1
406 -1
407 -1
408 -1
409 -1
410 411 412 413 -1
414 415 416 417 -1
418 419 420 421 422 -1
423 424 -1
425 -1
426 427 428 429 -1
430 -1
431 -1
432 -1
433 -1
434 -1
435 -1
436 -1
437 -1
438 -1
439 -1
440 -1
441 -1
442 -1
443 -1
444 445 446 -1
447 -1
448 -1
449 -1
450 451 452 453 454 455 456 457 458 459 460 461 462 463 464 465 466 467 468 469 470 -1
471 472 473 474 475 476 477 478 479 480 481 482 483 484 485 486 487 488 489 490 491 -1
492 -1
493 -1
494 -1
495 -1
496 -1
497 -1
498 -1
499 500 501 502 503 504 505 506 507 508 509 510 511 512 513 514 515 516 517 518 519 520 521 522 523 524 525 526 527 528 529 530 531 532 533 534 535 536 537 538 539 540 541 542 543 544 545 546 547 548 549 -1
550 -1
551 -1
552 553 554 555 556 557 558 559 560 561 562 563 564 565 566 567 568 569 -1
570 571 572 573 574 575 576 577 578 579 580 581 582 583 584 585 586 587 -1
588 -1
589 -1
590 -1
591 592 593 594 595 596 597 598 599 -1
600 -1
601 -1
602 -1
603 -1
604 -1
605 -1
606 -1
607 -1
608 -1
609 -1
610 -1
611 -1
612 613 614 -1
615 -1
616 -1
617 -1
618 -1
619 -1
620 -1
621 -1
622 623 624 625 626 627 628 629 630 631 632 633 634 635 636 637 638 639 640 641 642 643 644 645 -1
646 -1
647 -1
648 -1
649 -1
650 -1
651 -1
652 -1
653 -1
654 -1
655 -1
656 -1
657 -1
658 659 660 661 662 663 -1
664 665 666 667 668 669 -1
670 -1
671 -1
672 673 674 675 676 677 678 679 680 681 682 683 684 685 686 687 688 689 690 691 692 693 694 695 696 697 698 699 700 701 702 703 704 705 706 707 708 709 710 711 712 713 714 715 716 717 718 719 720 721 722 723 724 725 726 727 728 -1
729 -1
730 -1
731 732 733 734 735 736 -1
737 738 739 -1
740 -1
741 742 743 744 745 746 747 748 749 750 751 752 -1
753 -1
754 -1
755 756 757 758 759 760 761 762 763 764 765 -1
766 -1
767 768 769 770 771 -1
772 -1
773 -1
774 -1
775 776 -1
777 -1
778 779 780 781 782 783 784 785 -1
786 787 788 789 790 791 792 793 794 795 796 797 -1
798 -1
799 -1
800 -1
801 -1
802 -1
803 -1
804 -1
805 -1
806 807 808 809 -1
810 811 812 813 -1
814 -1
815 -1
816 -1
817 818 819 820 821 822 823 824 825 826 827 828 829 830 -1
831 -1
832 -1
833 -1
834 -1
835 -1
836 -1
837 -1
838 -1
839 -1
840 841 842 843 844 -1
845 846 847 848 849 -1
850 -1
851 852 853 854 855 856 857 858 859 860 861 862 863 864 865 866 867 868 869 -1
870 871 872 873 874 875 876 877 878 879 880 881 882 883 884 885 886 887 888 -1
889 -1
890 -1
