PRT2
392
190
448
4 0 7 (736 1088 576 ) (736 1088 288 ) (736 816 288 ) (736 816 576 ) 
4 0 2 (864 816 288 ) (864 816 576 ) (736 816 576 ) (736 816 288 ) 
4 0 1 (736 816 288 ) (736 848 288 ) (864 848 288 ) (864 816 288 ) 
4 1 8 (736 816 272 ) (736 816 288 ) (736 848 288 ) (736 848 272 ) 
4 1 2 (864 816 272 ) (864 816 288 ) (736 816 288 ) (736 816 272 ) 
4 2 27 (864 544 256 ) (864 544 384 ) (736 544 384 ) (736 544 256 ) 
4 2 8 (736 544 256 ) (736 544 288 ) (736 816 288 ) (736 816 256 ) 
4 2 7 (736 544 288 ) (736 544 576 ) (736 816 576 ) (736 816 288 ) 
4 2 6 (736 544 256 ) (736 688 256 ) (864 688 256 ) (864 544 256 ) 
4 2 5 (736 688 256 ) (736 720 256 ) (864 720 256 ) (864 688 256 ) 
4 2 4 (736 720 256 ) (736 752 256 ) (864 752 256 ) (864 720 256 ) 
4 2 3 (736 752 256 ) (736 784 256 ) (864 784 256 ) (864 752 256 ) 
4 3 9 (736 752 240 ) (736 752 256 ) (736 784 256 ) (736 784 240 ) 
4 3 4 (864 752 256 ) (736 752 256 ) (736 752 240 ) (864 752 240 ) 
4 4 9 (736 720 224 ) (736 720 256 ) (736 752 256 ) (736 752 224 ) 
4 4 5 (736 720 256 ) (736 720 224 ) (864 720 224 ) (864 720 256 ) 
4 5 9 (736 688 208 ) (736 688 256 ) (736 720 256 ) (736 720 208 ) 
4 5 6 (736 688 256 ) (736 688 208 ) (864 688 208 ) (864 688 256 ) 
4 6 27 (864 544 192 ) (864 544 256 ) (736 544 256 ) (736 544 192 ) 
4 6 9 (736 544 192 ) (736 544 256 ) (736 688 256 ) (736 688 192 ) 
4 7 24 (688 544 576 ) (672 544 576 ) (672 544 464 ) (688 544 464 ) 
4 7 20 (576 736 288 ) (672 544 288 ) (672 544 576 ) (576 736 576 ) 
4 7 13 (544 800 288 ) (576 736 288 ) (576 736 576 ) (544 800 576 ) 
4 7 11 (480 928 288 ) (544 800 288 ) (544 800 576 ) (480 928 576 ) 
4 7 10 (384 1120 576 ) (384 1120 288 ) (480 928 288 ) (480 928 576 ) 
5 7 8 (736 896 288 ) (736 544 288 ) (672 544 288 ) (448 992 288 ) (640 992 288 ) 
4 8 20 (576 736 256 ) (672 544 256 ) (672 544 288 ) (576 736 288 ) 
4 8 19 (544 800 256 ) (576 736 256 ) (576 736 288 ) (544 800 288 ) 
4 8 17 (480 928 256 ) (544 800 256 ) (544 800 288 ) (480 928 288 ) 
4 8 15 (448 992 256 ) (480 928 256 ) (480 928 288 ) (448 992 288 ) 
5 8 9 (672 544 256 ) (448 992 256 ) (640 992 256 ) (736 896 256 ) (736 544 256 ) 
4 9 28 (672 544 160 ) (672 544 96 ) (688 544 96 ) (688 544 160 ) 
4 9 22 (736 800 96 ) (736 544 96 ) (672 544 96 ) (544 800 96 ) 
5 9 21 (736 1088 96 ) (736 800 96 ) (544 800 96 ) (384 1120 96 ) (704 1120 96 ) 
4 9 20 (576 736 96 ) (672 544 96 ) (672 544 256 ) (576 736 256 ) 
4 9 19 (544 800 96 ) (576 736 96 ) (576 736 256 ) (544 800 256 ) 
4 9 18 (480 928 96 ) (544 800 96 ) (544 800 256 ) (480 928 256 ) 
4 9 16 (384 1120 256 ) (384 1120 96 ) (480 928 96 ) (480 928 256 ) 
3 10 15 (448 992 288 ) (480 928 288 ) (384 928 288 ) 
4 10 11 (192 928 288 ) (480 928 288 ) (480 928 576 ) (192 928 576 ) 
4 11 17 (480 928 288 ) (544 800 288 ) (256 800 288 ) (384 928 288 ) 
4 11 13 (320 800 288 ) (544 800 288 ) (544 800 576 ) (320 800 576 ) 
4 11 12 (128 928 288 ) (128 800 288 ) (128 800 448 ) (128 928 448 ) 
4 12 14 (32 928 448 ) (32 928 288 ) (32 800 288 ) (32 800 448 ) 
4 13 20 (576 736 288 ) (576 736 576 ) (384 736 576 ) (384 736 288 ) 
4 13 19 (544 800 288 ) (576 736 288 ) (384 736 288 ) (320 800 288 ) 
4 14 96 (-128 992 352 ) (-128 992 288 ) (-128 736 288 ) (-128 736 352 ) 
4 14 91 (-128 736 576 ) (-128 992 576 ) (-128 992 352 ) (-128 736 352 ) 
4 15 17 (480 928 256 ) (480 928 288 ) (384 928 288 ) (384 928 256 ) 
3 15 16 (480 928 256 ) (384 928 256 ) (448 992 256 ) 
4 16 21 (256 1120 96 ) (384 1120 96 ) (480 928 96 ) (256 928 96 ) 
4 16 18 (256 928 96 ) (480 928 96 ) (480 928 256 ) (256 928 256 ) 
4 17 19 (320 800 256 ) (544 800 256 ) (544 800 288 ) (320 800 288 ) 
4 17 18 (384 928 256 ) (480 928 256 ) (544 800 256 ) (256 800 256 ) 
4 18 99 (-128 928 96 ) (-128 800 96 ) (-128 800 160 ) (-128 928 160 ) 
4 18 97 (-128 800 160 ) (-128 800 192 ) (-128 928 192 ) (-128 928 160 ) 
4 18 96 (-128 800 192 ) (-128 800 256 ) (-128 928 256 ) (-128 928 192 ) 
4 18 21 (256 928 96 ) (480 928 96 ) (544 800 96 ) (256 800 96 ) 
4 18 19 (320 800 96 ) (544 800 96 ) (544 800 256 ) (320 800 256 ) 
3 19 23 (320 800 96 ) (384 800 96 ) (384 736 96 ) 
4 19 22 (384 800 96 ) (544 800 96 ) (576 736 96 ) (384 736 96 ) 
4 19 20 (384 736 96 ) (576 736 96 ) (576 736 288 ) (384 736 288 ) 
4 20 31 (384 544 384 ) (384 544 192 ) (512 544 192 ) (512 544 384 ) 
4 20 28 (560 544 160 ) (560 544 96 ) (672 544 96 ) (672 544 160 ) 
4 20 24 (672 544 576 ) (560 544 576 ) (560 544 464 ) (672 544 464 ) 
4 20 22 (672 544 96 ) (384 544 96 ) (384 736 96 ) (576 736 96 ) 
4 21 23 (320 800 0 ) (384 800 0 ) (384 800 96 ) (320 800 96 ) 
4 21 22 (384 800 0 ) (736 800 0 ) (736 800 96 ) (384 800 96 ) 
4 22 28 (560 544 0 ) (688 544 0 ) (688 544 96 ) (560 544 96 ) 
4 22 23 (384 800 96 ) (384 800 0 ) (384 736 0 ) (384 736 96 ) 
4 24 26 (560 416 576 ) (560 416 464 ) (688 416 464 ) (688 416 576 ) 
4 24 25 (560 416 464 ) (560 480 464 ) (688 480 464 ) (688 416 464 ) 
4 25 26 (560 416 464 ) (560 416 416 ) (688 416 416 ) (688 416 464 ) 
4 26 51 (576 160 576 ) (560 160 576 ) (560 160 416 ) (576 160 416 ) 
4 26 46 (864 160 416 ) (864 160 576 ) (576 160 576 ) (576 160 416 ) 
4 26 33 (560 160 416 ) (560 160 576 ) (560 320 576 ) (560 320 416 ) 
4 26 29 (560 320 576 ) (560 416 576 ) (560 416 416 ) (560 320 416 ) 
4 27 47 (864 160 192 ) (864 160 384 ) (736 160 384 ) (736 160 192 ) 
4 28 54 (605.866667 160 160 ) (560 160 160 ) (560 160 0 ) (605.866667 160 0 ) 
4 28 36 (560 336 0 ) (560 160 0 ) (560 160 160 ) (560 336 160 ) 
4 29 33 (560 320 416 ) (560 320 576 ) (384 320 576 ) (384 320 416 ) 
4 30 32 (320 480 384 ) (192 352 384 ) (192 352 576 ) (320 480 576 ) 
3 30 31 (384 352 384 ) (192 352 384 ) (320 480 384 ) 
4 31 32 (320 480 192 ) (192 352 192 ) (192 352 384 ) (320 480 384 ) 
4 32 35 (16 480 416 ) (16 480 192 ) (144 352 192 ) (144 352 416 ) 
4 32 34 (16 480 576 ) (16 480 416 ) (144 352 416 ) (144 352 576 ) 
4 33 63 (384 160 576 ) (336 160 576 ) (336 160 416 ) (384 160 416 ) 
4 33 62 (448 160 576 ) (384 160 576 ) (384 160 416 ) (448 160 416 ) 
4 33 51 (560 160 576 ) (448 160 576 ) (448 160 416 ) (560 160 416 ) 
4 33 34 (336 160 416 ) (336 160 576 ) (176 320 576 ) (176 320 416 ) 
4 34 63 (336 160 576 ) (16 160 576 ) (16 160 416 ) (336 160 416 ) 
4 34 38 (16 160 416 ) (16 160 576 ) (16 480 576 ) (16 480 416 ) 
4 34 35 (16 480 416 ) (256 240 416 ) (256 160 416 ) (16 160 416 ) 
4 35 70 (16 160 416 ) (16 160 192 ) (256 160 192 ) (256 160 416 ) 
4 35 38 (16 160 192 ) (16 160 416 ) (16 480 416 ) (16 480 192 ) 
5 35 37 (256 160 192 ) (16 160 192 ) (16 352 192 ) (144 352 192 ) (256 240 192 ) 
4 36 54 (448 160 0 ) (560 160 0 ) (560 160 160 ) (448 160 160 ) 
4 37 71 (16 160 112 ) (16 160 8 ) (256 160 8 ) (256 160 112 ) 
4 37 70 (16 160 192 ) (16 160 112 ) (256 160 112 ) (256 160 192 ) 
4 37 41 (16 160 32 ) (16 160 96 ) (16 336 96 ) (16 336 32 ) 
4 37 39 (16 160 112 ) (16 160 192 ) (16 352 192 ) (16 352 112 ) 
4 38 112 (-128 160 192 ) (-128 160 576 ) (-128 368 576 ) (-128 368 192 ) 
4 38 105 (-128 368 576 ) (-128 480 576 ) (-128 480 192 ) (-128 368 192 ) 
4 38 70 (-128 160 416 ) (-128 160 192 ) (16 160 192 ) (16 160 416 ) 
4 38 63 (16 160 576 ) (-128 160 576 ) (-128 160 416 ) (16 160 416 ) 
4 38 39 (-16 352 192 ) (16 352 192 ) (16 160 192 ) (-16 160 192 ) 
4 38 40 (-128 160 192 ) (-128 352 192 ) (-16 352 192 ) (-16 160 192 ) 
4 39 70 (16 160 112 ) (16 160 192 ) (-16 160 192 ) (-16 160 112 ) 
4 39 40 (-16 352 192 ) (-16 352 112 ) (-16 160 112 ) (-16 160 192 ) 
4 40 117 (-128 160 96 ) (-128 160 192 ) (-128 352 192 ) (-128 352 96 ) 
4 40 81 (-128 160 112 ) (-128 160 96 ) (-16 160 96 ) (-16 160 112 ) 
4 40 70 (-128 160 192 ) (-128 160 112 ) (-16 160 112 ) (-16 160 192 ) 
4 40 44 (-128 160 96 ) (-128 352 96 ) (-16 352 96 ) (-16 160 96 ) 
4 41 77 (16 160 32 ) (16 160 48 ) (8 160 48 ) (8 160 32 ) 
4 41 72 (16 160 48 ) (16 160 96 ) (8 160 96 ) (8 160 48 ) 
4 41 42 (8 168 48 ) (8 168 80 ) (8 320 80 ) (8 320 48 ) 
4 42 43 (-8 168 48 ) (-8 168 80 ) (-8 320 80 ) (-8 320 48 ) 
4 43 78 (-16 160 48 ) (-16 160 32 ) (-8 160 32 ) (-8 160 48 ) 
4 43 73 (-8 160 96 ) (-16 160 96 ) (-16 160 48 ) (-8 160 48 ) 
4 43 44 (-16 160 32 ) (-16 160 96 ) (-16 336 96 ) (-16 336 32 ) 
4 44 117 (-128 160 8 ) (-128 160 96 ) (-128 352 96 ) (-128 352 8 ) 
4 44 81 (-128 160 96 ) (-128 160 8 ) (-16 160 8 ) (-16 160 96 ) 
4 45 55 (864 -288 192 ) (1024 -288 192 ) (1024 -288 576 ) (864 -288 576 ) 
4 45 48 (864 -288 416 ) (864 -288 576 ) (864 -32 576 ) (864 -32 416 ) 
4 45 50 (864 -32 192 ) (864 -288 192 ) (864 -288 384 ) (864 -32 384 ) 
4 46 51 (576 -32 416 ) (576 -32 576 ) (576 160 576 ) (576 160 416 ) 
4 46 48 (864 -32 416 ) (864 -32 576 ) (736 -32 576 ) (736 -32 416 ) 
4 46 49 (736 -32 576 ) (576 -32 576 ) (576 -32 416 ) (736 -32 416 ) 
4 47 50 (736 -32 192 ) (864 -32 192 ) (864 -32 384 ) (736 -32 384 ) 
4 48 56 (864 -288 416 ) (864 -288 576 ) (736 -288 576 ) (736 -288 416 ) 
4 48 49 (736 -288 416 ) (736 -288 576 ) (736 -32 576 ) (736 -32 416 ) 
4 49 57 (736 -288 576 ) (576 -288 576 ) (576 -288 384 ) (736 -288 384 ) 
4 49 53 (576 -288 416 ) (576 -288 576 ) (576 -128 576 ) (576 -128 416 ) 
4 49 51 (576 -128 576 ) (576 -32 576 ) (576 -32 416 ) (576 -128 416 ) 
4 49 50 (576 -288 384 ) (576 -32 384 ) (736 -32 384 ) (736 -288 384 ) 
4 50 58 (576 -288 192 ) (864 -288 192 ) (864 -288 384 ) (576 -288 384 ) 
4 50 52 (576 -32 192 ) (576 -128 192 ) (576 -128 320 ) (576 -32 320 ) 
4 51 62 (448 160 576 ) (448 160 416 ) (448 -128 416 ) (448 -128 576 ) 
4 51 53 (448 -128 576 ) (448 -128 416 ) (576 -128 416 ) (576 -128 576 ) 
4 52 69 (448 -32 192 ) (448 -128 192 ) (448 -128 320 ) (448 -32 320 ) 
4 53 62 (448 -288 416 ) (448 -288 576 ) (448 -128 576 ) (448 -128 416 ) 
4 54 67 (448 160 160 ) (448 160 0 ) (448 32 0 ) (448 32 160 ) 
4 55 59 (1024 -608 416 ) (1024 -608 576 ) (864 -608 576 ) (864 -608 416 ) 
4 55 56 (864 -288 576 ) (864 -288 416 ) (864 -608 416 ) (864 -608 576 ) 
4 55 58 (864 -288 384 ) (864 -288 192 ) (864 -608 192 ) (864 -608 384 ) 
4 56 59 (864 -608 416 ) (864 -608 576 ) (736 -608 576 ) (736 -608 416 ) 
4 56 57 (736 -288 576 ) (736 -288 416 ) (736 -608 416 ) (736 -608 576 ) 
4 57 59 (576 -608 576 ) (576 -608 416 ) (736 -608 416 ) (736 -608 576 ) 
4 57 58 (736 -608 384 ) (576 -608 384 ) (576 -288 384 ) (736 -288 384 ) 
4 58 60 (576 -416 384 ) (576 -288 384 ) (576 -288 192 ) (576 -416 192 ) 
4 59 61 (576 -864 416 ) (576 -864 576 ) (576 -736 576 ) (576 -736 416 ) 
4 60 84 (448 -416 192 ) (448 -416 384 ) (448 -288 384 ) (448 -288 192 ) 
4 61 89 (448 -864 288 ) (448 -864 576 ) (448 -736 576 ) (448 -736 288 ) 
4 62 63 (384 160 576 ) (384 160 416 ) (384 -128 416 ) (384 -128 576 ) 
4 63 145 (-128 -128 576 ) (-128 -48 576 ) (-128 -48 416 ) (-128 -128 416 ) 
4 63 141 (-128 -48 576 ) (-128 128 576 ) (-128 128 416 ) (-128 -48 416 ) 
4 63 112 (-128 128 576 ) (-128 160 576 ) (-128 160 416 ) (-128 128 416 ) 
5 63 70 (-128 -128 416 ) (-128 160 416 ) (256 160 416 ) (256 -48 416 ) (176 -128 416 ) 
4 63 64 (112 -128 416 ) (176 -128 416 ) (176 -128 576 ) (112 -128 576 ) 
4 63 65 (-128 -128 416 ) (112 -128 416 ) (112 -128 576 ) (-128 -128 576 ) 
3 64 70 (112 -128 416 ) (176 -128 416 ) (144 -160 416 ) 
4 64 65 (112 -128 416 ) (144 -160 416 ) (144 -160 576 ) (112 -128 576 ) 
4 65 145 (-128 -288 416 ) (-128 -288 576 ) (-128 -128 576 ) (-128 -128 416 ) 
4 65 86 (192 -288 576 ) (-128 -288 576 ) (-128 -288 416 ) (192 -288 416 ) 
4 65 83 (272 -288 576 ) (192 -288 576 ) (192 -288 416 ) (272 -288 416 ) 
4 65 82 (-128 -288 416 ) (-128 -160 416 ) (144 -160 416 ) (272 -288 416 ) 
4 65 70 (-128 -160 416 ) (-128 -128 416 ) (112 -128 416 ) (144 -160 416 ) 
4 66 69 (448 -32 160 ) (448 -32 320 ) (352 -32 320 ) (352 -32 160 ) 
4 66 68 (448 32 160 ) (448 -32 160 ) (352 -32 160 ) (352 32 160 ) 
4 66 67 (352 160 160 ) (448 160 160 ) (448 32 160 ) (352 32 160 ) 
4 67 71 (256 160 112 ) (256 160 8 ) (256 32 8 ) (256 32 112 ) 
4 67 70 (256 160 160 ) (256 160 112 ) (256 32 112 ) (256 32 160 ) 
4 67 68 (448 32 0 ) (448 32 160 ) (352 32 160 ) (352 32 0 ) 
4 68 69 (448 -32 0 ) (448 -32 160 ) (352 -32 160 ) (352 -32 0 ) 
4 70 158 (-128 128 192 ) (-128 128 112 ) (-128 -160 112 ) (-128 -160 192 ) 
4 70 146 (-128 -48 288 ) (-128 -48 192 ) (-128 -160 192 ) (-128 -160 288 ) 
4 70 145 (-128 -160 416 ) (-128 -48 416 ) (-128 -48 288 ) (-128 -160 288 ) 
4 70 141 (-128 -48 416 ) (-128 128 416 ) (-128 128 192 ) (-128 -48 192 ) 
4 70 117 (-128 160 192 ) (-128 160 112 ) (-128 128 112 ) (-128 128 192 ) 
4 70 112 (-128 128 416 ) (-128 160 416 ) (-128 160 192 ) (-128 128 192 ) 
4 70 82 (144 -160 416 ) (-128 -160 416 ) (-128 -160 192 ) (144 -160 192 ) 
4 70 81 (-16 -160 112 ) (-128 -160 112 ) (-128 160 112 ) (-16 160 112 ) 
5 70 71 (256 160 112 ) (256 -48 112 ) (144 -160 112 ) (16 -160 112 ) (16 160 112 ) 
4 71 79 (16 -128 32 ) (16 -144 32 ) (16 -144 96 ) (16 -128 96 ) 
4 71 77 (16 160 48 ) (16 160 32 ) (16 -128 32 ) (16 -128 48 ) 
4 71 74 (16 -128 80 ) (16 -128 96 ) (16 24 96 ) (16 24 80 ) 
4 71 76 (16 24 48 ) (16 -128 48 ) (16 -128 80 ) (16 24 80 ) 
4 71 72 (16 160 96 ) (16 160 48 ) (16 24 48 ) (16 24 96 ) 
4 72 77 (8 160 48 ) (16 160 48 ) (16 24 48 ) (8 24 48 ) 
4 72 74 (16 24 80 ) (16 24 96 ) (8 24 96 ) (8 24 80 ) 
4 72 76 (8 24 48 ) (16 24 48 ) (16 24 80 ) (8 24 80 ) 
4 73 81 (-16 24 96 ) (-16 160 96 ) (-16 160 48 ) (-16 24 48 ) 
4 73 78 (-16 24 48 ) (-16 160 48 ) (-8 160 48 ) (-8 24 48 ) 
4 73 75 (-16 24 96 ) (-16 24 80 ) (-8 24 80 ) (-8 24 96 ) 
4 73 76 (-16 24 80 ) (-16 24 48 ) (-8 24 48 ) (-8 24 80 ) 
4 74 79 (8 -128 80 ) (16 -128 80 ) (16 -128 96 ) (8 -128 96 ) 
4 74 76 (8 24 80 ) (16 24 80 ) (16 -128 80 ) (8 -128 80 ) 
4 75 81 (-16 -128 96 ) (-16 24 96 ) (-16 24 80 ) (-16 -128 80 ) 
4 75 80 (-16 -128 96 ) (-16 -128 80 ) (-8 -128 80 ) (-8 -128 96 ) 
4 75 76 (-16 -128 80 ) (-16 24 80 ) (-8 24 80 ) (-8 -128 80 ) 
4 76 81 (-16 24 80 ) (-16 24 48 ) (-16 -128 48 ) (-16 -128 80 ) 
4 76 79 (8 -128 48 ) (16 -128 48 ) (16 -128 80 ) (8 -128 80 ) 
4 76 80 (-16 -128 80 ) (-16 -128 48 ) (-8 -128 48 ) (-8 -128 80 ) 
4 76 78 (-16 -128 48 ) (-16 24 48 ) (-8 24 48 ) (-8 -128 48 ) 
4 76 77 (8 24 48 ) (16 24 48 ) (16 -128 48 ) (8 -128 48 ) 
4 77 79 (8 -128 32 ) (16 -128 32 ) (16 -128 48 ) (8 -128 48 ) 
4 78 81 (-16 160 48 ) (-16 160 32 ) (-16 -128 32 ) (-16 -128 48 ) 
4 78 80 (-16 -128 48 ) (-16 -128 32 ) (-8 -128 32 ) (-8 -128 48 ) 
4 80 81 (-16 -144 32 ) (-16 -144 96 ) (-16 -128 96 ) (-16 -128 32 ) 
4 81 158 (-128 128 8 ) (-128 -160 8 ) (-128 -160 112 ) (-128 128 112 ) 
4 81 117 (-128 160 112 ) (-128 160 8 ) (-128 128 8 ) (-128 128 112 ) 
4 82 146 (-128 -288 192 ) (-128 -288 288 ) (-128 -160 288 ) (-128 -160 192 ) 
4 82 145 (-128 -288 288 ) (-128 -288 416 ) (-128 -160 416 ) (-128 -160 288 ) 
4 82 87 (80 -288 192 ) (192 -288 192 ) (192 -288 288 ) (80 -288 288 ) 
4 82 86 (192 -288 416 ) (-128 -288 416 ) (-128 -288 288 ) (192 -288 288 ) 
4 82 84 (192 -288 384 ) (192 -288 192 ) (272 -288 192 ) (272 -288 384 ) 
4 82 83 (272 -288 416 ) (192 -288 416 ) (192 -288 384 ) (272 -288 384 ) 
4 83 88 (320 -640 576 ) (192 -640 576 ) (192 -640 384 ) (320 -640 384 ) 
4 83 86 (192 -640 384 ) (192 -640 576 ) (192 -288 576 ) (192 -288 384 ) 
4 83 85 (320 -640 384 ) (192 -640 384 ) (192 -416 384 ) (320 -416 384 ) 
4 83 84 (192 -416 384 ) (192 -288 384 ) (320 -288 384 ) (320 -416 384 ) 
4 84 87 (192 -400 288 ) (192 -288 288 ) (192 -288 192 ) (192 -400 192 ) 
4 84 86 (192 -416 288 ) (192 -416 384 ) (192 -288 384 ) (192 -288 288 ) 
4 84 85 (320 -416 384 ) (192 -416 384 ) (192 -416 192 ) (320 -416 192 ) 
4 85 88 (320 -640 384 ) (192 -640 384 ) (192 -640 288 ) (320 -640 288 ) 
4 85 86 (192 -640 288 ) (192 -640 384 ) (192 -416 384 ) (192 -416 288 ) 
4 86 155 (-128 -640 288 ) (-128 -640 576 ) (-128 -352 576 ) (-128 -352 288 ) 
4 86 145 (-128 -352 576 ) (-128 -288 576 ) (-128 -288 288 ) (-128 -352 288 ) 
4 86 88 (-128 -640 576 ) (-128 -640 288 ) (192 -640 288 ) (192 -640 576 ) 
3 86 87 (80 -288 288 ) (192 -288 288 ) (192 -400 288 ) 
4 88 155 (-128 -736 288 ) (-128 -736 576 ) (-128 -640 576 ) (-128 -640 288 ) 
4 88 89 (64 -736 288 ) (320 -736 288 ) (320 -736 576 ) (64 -736 576 ) 
4 90 102 (-256 992 16 ) (-256 992 160 ) (-384 992 160 ) (-384 992 16 ) 
4 90 97 (-256 992 160 ) (-256 992 192 ) (-384 992 192 ) (-384 992 160 ) 
4 90 96 (-256 992 192 ) (-256 992 352 ) (-384 992 352 ) (-384 992 192 ) 
4 90 91 (-256 992 352 ) (-256 992 576 ) (-384 992 576 ) (-384 992 352 ) 
4 91 96 (-128 736 352 ) (-512 736 352 ) (-512 992 352 ) (-128 992 352 ) 
4 91 95 (-512 736 384 ) (-512 736 544 ) (-512 800 544 ) (-512 800 384 ) 
4 91 94 (-512 800 544 ) (-512 928 544 ) (-512 928 384 ) (-512 800 384 ) 
4 91 93 (-512 928 544 ) (-512 992 544 ) (-512 992 384 ) (-512 928 384 ) 
4 91 92 (-512 736 544 ) (-512 736 576 ) (-512 992 576 ) (-512 992 544 ) 
4 92 95 (-512 736 544 ) (-608 736 544 ) (-608 800 544 ) (-512 800 544 ) 
4 92 94 (-608 800 544 ) (-608 928 544 ) (-512 928 544 ) (-512 800 544 ) 
4 92 93 (-608 928 544 ) (-608 992 544 ) (-512 992 544 ) (-512 928 544 ) 
4 93 94 (-608 928 384 ) (-512 928 384 ) (-512 928 544 ) (-608 928 544 ) 
4 94 128 (-640 800 544 ) (-640 928 544 ) (-640 928 384 ) (-640 800 384 ) 
4 94 95 (-608 800 384 ) (-512 800 384 ) (-512 800 544 ) (-608 800 544 ) 
4 96 104 (-512 800 352 ) (-512 928 352 ) (-512 928 192 ) (-512 800 192 ) 
4 96 97 (-128 736 192 ) (-384 736 192 ) (-384 992 192 ) (-128 992 192 ) 
4 97 101 (-128 800 160 ) (-128 736 160 ) (-224 736 160 ) (-224 800 160 ) 
4 97 99 (-128 928 160 ) (-128 800 160 ) (-224 800 160 ) (-224 928 160 ) 
4 97 98 (-224 992 160 ) (-128 992 160 ) (-128 928 160 ) (-224 928 160 ) 
4 97 102 (-400 992 160 ) (-224 992 160 ) (-224 736 160 ) (-400 736 160 ) 
4 98 99 (-224 928 160 ) (-224 928 96 ) (-128 928 96 ) (-128 928 160 ) 
4 98 102 (-224 928 96 ) (-224 928 160 ) (-224 992 160 ) (-224 992 96 ) 
4 99 101 (-128 800 96 ) (-128 800 160 ) (-224 800 160 ) (-224 800 96 ) 
4 99 102 (-224 800 96 ) (-224 800 160 ) (-224 928 160 ) (-224 928 96 ) 
4 100 102 (-224 928 16 ) (-224 800 16 ) (-224 800 64 ) (-224 928 64 ) 
4 101 102 (-224 736 96 ) (-224 736 160 ) (-224 800 160 ) (-224 800 96 ) 
4 102 119 (-288 736 160 ) (-400 736 160 ) (-400 736 16 ) (-288 736 16 ) 
4 102 103 (-416 928 16 ) (-416 800 16 ) (-416 800 160 ) (-416 928 160 ) 
4 104 132 (-640 800 352 ) (-640 928 352 ) (-640 928 192 ) (-640 800 192 ) 
4 105 112 (-128 368 192 ) (-128 368 576 ) (-256 368 576 ) (-256 368 192 ) 
4 105 106 (-256 432 192 ) (-256 368 192 ) (-256 368 352 ) (-256 432 352 ) 
4 106 115 (-320 368 352 ) (-320 368 192 ) (-256 368 192 ) (-256 368 352 ) 
4 107 128 (-640 736 544 ) (-640 736 384 ) (-640 704 384 ) (-640 704 544 ) 
4 107 108 (-640 704 544 ) (-640 704 384 ) (-608 704 384 ) (-608 704 544 ) 
4 108 129 (-640 400 576 ) (-640 496 576 ) (-640 496 384 ) (-640 400 384 ) 
4 108 128 (-640 704 544 ) (-640 704 384 ) (-640 496 384 ) (-640 496 544 ) 
4 108 127 (-640 496 576 ) (-640 704 576 ) (-640 704 544 ) (-640 496 544 ) 
4 108 111 (-608 400 384 ) (-544 400 384 ) (-544 400 512 ) (-608 400 512 ) 
4 108 110 (-512 400 512 ) (-512 400 384 ) (-448 400 384 ) (-448 400 512 ) 
4 108 109 (-352 400 512 ) (-416 400 512 ) (-416 400 384 ) (-352 400 384 ) 
4 109 113 (-416 368 384 ) (-352 368 384 ) (-352 368 512 ) (-416 368 512 ) 
4 110 113 (-512 368 512 ) (-512 368 384 ) (-448 368 384 ) (-448 368 512 ) 
4 111 113 (-608 368 384 ) (-544 368 384 ) (-544 368 512 ) (-608 368 512 ) 
4 112 141 (-128 128 192 ) (-128 128 576 ) (-256 128 576 ) (-256 128 192 ) 
5 112 117 (-128 352 192 ) (-128 128 192 ) (-256 128 192 ) (-256 240 192 ) (-144 352 192 ) 
4 112 115 (-256 368 352 ) (-256 368 192 ) (-256 240 192 ) (-256 240 352 ) 
4 112 113 (-256 368 576 ) (-256 368 384 ) (-256 128 384 ) (-256 128 576 ) 
4 113 142 (-256 128 576 ) (-640 128 576 ) (-640 128 384 ) (-256 128 384 ) 
4 113 121 (-640 128 384 ) (-640 128 576 ) (-640 368 576 ) (-640 368 384 ) 
3 113 116 (-640 192 384 ) (-640 240 384 ) (-592 240 384 ) 
3 113 114 (-640 240 384 ) (-640 336 384 ) (-592 240 384 ) 
4 114 122 (-640 240 384 ) (-640 336 384 ) (-640 336 352 ) (-640 240 352 ) 
4 114 116 (-640 240 384 ) (-640 240 352 ) (-592 240 352 ) (-592 240 384 ) 
3 114 115 (-640 240 352 ) (-640 336 352 ) (-592 240 352 ) 
4 115 123 (-640 368 352 ) (-640 368 192 ) (-640 240 192 ) (-640 240 352 ) 
4 115 116 (-640 240 352 ) (-640 240 192 ) (-592 240 192 ) (-592 240 352 ) 
4 116 123 (-640 240 352 ) (-640 240 192 ) (-640 192 192 ) (-640 192 352 ) 
4 116 122 (-640 192 384 ) (-640 240 384 ) (-640 240 352 ) (-640 192 352 ) 
4 117 158 (-128 128 8 ) (-128 128 192 ) (-256 128 192 ) (-256 128 8 ) 
4 117 120 (-256 240 8 ) (-256 240 160 ) (-156 340 160 ) (-156 340 8 ) 
4 117 118 (-156 340 160 ) (-144 352 160 ) (-144 352 8 ) (-156 340 8 ) 
4 118 120 (-256 440 0 ) (-156 340 0 ) (-156 340 160 ) (-256 440 160 ) 
4 118 119 (-288 640 0 ) (-288 472 0 ) (-288 472 160 ) (-288 640 160 ) 
4 121 172 (-768 128 576 ) (-912 128 576 ) (-912 128 384 ) (-768 128 384 ) 
4 121 169 (-704 128 576 ) (-768 128 576 ) (-768 128 384 ) (-704 128 384 ) 
4 121 144 (-640 128 384 ) (-640 128 576 ) (-704 128 576 ) (-704 128 384 ) 
4 121 137 (-912 128 384 ) (-912 128 576 ) (-768 272 576 ) (-768 272 384 ) 
4 121 130 (-768 272 576 ) (-672 368 576 ) (-672 368 384 ) (-768 272 384 ) 
5 121 122 (-912 128 384 ) (-672 368 384 ) (-656 368 384 ) (-640 336 384 ) (-640 128 384 ) 
4 122 173 (-768 128 384 ) (-912 128 384 ) (-912 128 352 ) (-768 128 352 ) 
4 122 169 (-704 128 384 ) (-768 128 384 ) (-768 128 352 ) (-704 128 352 ) 
4 122 144 (-640 128 352 ) (-640 128 384 ) (-704 128 384 ) (-704 128 352 ) 
4 122 137 (-912 128 352 ) (-912 128 384 ) (-768 272 384 ) (-768 272 352 ) 
4 122 131 (-768 272 384 ) (-672 368 384 ) (-672 368 352 ) (-768 272 352 ) 
5 122 123 (-640 128 352 ) (-912 128 352 ) (-672 368 352 ) (-656 368 352 ) (-640 336 352 ) 
4 123 173 (-768 128 352 ) (-912 128 352 ) (-912 128 192 ) (-768 128 192 ) 
4 123 169 (-704 128 352 ) (-768 128 352 ) (-768 128 192 ) (-704 128 192 ) 
4 123 144 (-640 128 192 ) (-640 128 352 ) (-704 128 352 ) (-704 128 192 ) 
4 123 137 (-912 128 192 ) (-912 128 352 ) (-768 272 352 ) (-768 272 192 ) 
4 123 135 (-768 272 352 ) (-672 368 352 ) (-672 368 192 ) (-768 272 192 ) 
3 123 124 (-912 128 192 ) (-768 272 192 ) (-768 128 192 ) 
4 124 177 (-768 128 192 ) (-912 128 192 ) (-912 128 160 ) (-768 128 160 ) 
4 124 140 (-912 128 160 ) (-912 128 192 ) (-768 272 192 ) (-768 272 160 ) 
3 124 126 (-912 128 160 ) (-768 272 160 ) (-768 128 160 ) 
4 125 170 (-768 128 0 ) (-704 128 0 ) (-704 128 160 ) (-768 128 160 ) 
4 125 162 (-704 128 0 ) (-640 128 0 ) (-640 128 160 ) (-704 128 160 ) 
3 125 126 (-768 224 0 ) (-768 128 0 ) (-768 128 160 ) 
4 126 177 (-912 128 0 ) (-768 128 0 ) (-768 128 160 ) (-912 128 160 ) 
4 126 140 (-912 128 0 ) (-912 128 160 ) (-768 272 160 ) (-768 272 0 ) 
4 127 129 (-640 496 544 ) (-640 496 576 ) (-768 496 576 ) (-768 496 544 ) 
4 127 128 (-640 496 544 ) (-896 496 544 ) (-896 704 544 ) (-640 704 544 ) 
4 128 129 (-640 496 384 ) (-640 496 544 ) (-768 496 544 ) (-768 496 384 ) 
4 130 137 (-768 272 576 ) (-928 272 576 ) (-928 272 384 ) (-768 272 384 ) 
5 130 131 (-768 272 384 ) (-928 272 384 ) (-832 464 384 ) (-768 464 384 ) (-672 368 384 ) 
4 131 138 (-1216 272 384 ) (-1216 272 352 ) (-1018.666667 272 352 ) (-1024 272 384 ) 
4 131 137 (-928 272 352 ) (-768 272 352 ) (-768 272 384 ) (-928 272 384 ) 
5 131 135 (-1216 272 352 ) (-1216 464 352 ) (-768 464 352 ) (-672 368 352 ) (-768 272 352 ) 
4 132 133 (-1056 800 352 ) (-1056 800 192 ) (-864 800 192 ) (-864 800 352 ) 
4 133 134 (-1088 576 352 ) (-1088 768 352 ) (-1088 768 192 ) (-1088 576 192 ) 
4 134 135 (-1088 464 352 ) (-1216 464 352 ) (-1216 464 192 ) (-1088 464 192 ) 
4 135 138 (-1216 272 352 ) (-1216 272 192 ) (-992 272 192 ) (-1018.666667 272 352 ) 
4 135 137 (-928 272 192 ) (-768 272 192 ) (-768 272 352 ) (-928 272 352 ) 
5 135 136 (-768 272 192 ) (-928 272 192 ) (-832 464 192 ) (-768 464 192 ) (-672 368 192 ) 
4 136 140 (-928 272 0 ) (-768 272 0 ) (-768 272 192 ) (-928 272 192 ) 
4 137 173 (-912 128 192 ) (-912 128 384 ) (-928 128 384 ) (-928 128 192 ) 
4 137 172 (-912 128 384 ) (-912 128 576 ) (-928 128 576 ) (-928 128 384 ) 
4 137 140 (-928 272 192 ) (-768 272 192 ) (-912 128 192 ) (-928 128 192 ) 
4 137 139 (-928 128 192 ) (-928 128 384 ) (-928 240 384 ) (-928 240 192 ) 
4 138 139 (-1216 240 384 ) (-1216 240 192 ) (-992 240 192 ) (-1024 240 384 ) 
4 139 174 (-1216 128 384 ) (-1216 128 192 ) (-928 128 192 ) (-928 128 384 ) 
4 140 177 (-928 128 0 ) (-912 128 0 ) (-912 128 192 ) (-928 128 192 ) 
4 141 158 (-256 128 192 ) (-128 128 192 ) (-128 -48 192 ) (-256 -48 192 ) 
4 141 146 (-128 -48 192 ) (-128 -48 288 ) (-256 -48 288 ) (-256 -48 192 ) 
4 141 145 (-128 -48 288 ) (-128 -48 576 ) (-256 -48 576 ) (-256 -48 288 ) 
4 141 142 (-256 128 576 ) (-256 128 384 ) (-256 -48 384 ) (-256 -48 576 ) 
4 142 147 (-256 -48 576 ) (-640 -48 576 ) (-640 -48 384 ) (-256 -48 384 ) 
3 142 143 (-592 -48 384 ) (-640 -48 384 ) (-640 0 384 ) 
4 142 144 (-640 -48 384 ) (-640 -48 576 ) (-640 128 576 ) (-640 128 384 ) 
4 143 148 (-640 -48 384 ) (-640 -48 352 ) (-592 -48 352 ) (-592 -48 384 ) 
4 143 149 (-640 -48 352 ) (-640 -48 192 ) (-592 -48 192 ) (-592 -48 352 ) 
4 143 144 (-640 -48 192 ) (-640 -48 384 ) (-640 0 384 ) (-640 0 192 ) 
4 144 169 (-704 128 576 ) (-704 128 192 ) (-704 -48 192 ) (-704 -48 576 ) 
4 144 148 (-704 -48 384 ) (-704 -48 352 ) (-640 -48 352 ) (-640 -48 384 ) 
4 144 149 (-704 -48 352 ) (-704 -48 192 ) (-640 -48 192 ) (-640 -48 352 ) 
4 144 147 (-640 -48 576 ) (-704 -48 576 ) (-704 -48 384 ) (-640 -48 384 ) 
4 145 155 (-128 -352 288 ) (-128 -352 576 ) (-256 -352 576 ) (-256 -352 288 ) 
4 145 152 (-256 -240 352 ) (-256 -176 352 ) (-256 -176 288 ) (-256 -240 288 ) 
4 145 151 (-256 -352 352 ) (-256 -352 384 ) (-256 -256 384 ) (-256 -256 352 ) 
4 145 150 (-256 -352 384 ) (-256 -352 576 ) (-256 -176 576 ) (-256 -176 384 ) 
4 145 149 (-256 -48 352 ) (-256 -48 288 ) (-256 -176 288 ) (-256 -176 352 ) 
4 145 147 (-256 -176 576 ) (-256 -48 576 ) (-256 -48 384 ) (-256 -176 384 ) 
5 145 146 (-256 -240 288 ) (-256 -48 288 ) (-128 -48 288 ) (-128 -288 288 ) (-208 -288 288 ) 
4 146 158 (-128 -48 192 ) (-128 -160 192 ) (-144 -160 192 ) (-256 -48 192 ) 
4 146 152 (-256 -176 192 ) (-256 -240 192 ) (-256 -240 288 ) (-256 -176 288 ) 
4 146 149 (-256 -48 192 ) (-256 -176 192 ) (-256 -176 288 ) (-256 -48 288 ) 
4 147 171 (-704 -176 384 ) (-704 -176 576 ) (-704 -144 576 ) (-704 -144 384 ) 
4 147 169 (-704 -144 576 ) (-704 -48 576 ) (-704 -48 384 ) (-704 -144 384 ) 
4 147 153 (-560 -176 384 ) (-384 -176 384 ) (-384 -176 576 ) (-560 -176 576 ) 
4 147 154 (-704 -176 576 ) (-704 -176 384 ) (-672 -176 384 ) (-672 -176 576 ) 
4 147 150 (-384 -176 384 ) (-256 -176 384 ) (-256 -176 576 ) (-384 -176 576 ) 
4 147 148 (-704 -176 384 ) (-704 -48 384 ) (-592 -48 384 ) (-656 -176 384 ) 
4 148 171 (-704 -176 352 ) (-704 -176 384 ) (-704 -144 384 ) (-704 -144 352 ) 
4 148 169 (-704 -144 384 ) (-704 -48 384 ) (-704 -48 352 ) (-704 -144 352 ) 
4 148 154 (-704 -176 384 ) (-704 -176 352 ) (-672 -176 352 ) (-672 -176 384 ) 
4 148 149 (-656 -176 352 ) (-704 -176 352 ) (-704 -48 352 ) (-592 -48 352 ) 
4 149 171 (-704 -144 192 ) (-704 -176 192 ) (-704 -176 352 ) (-704 -144 352 ) 
4 149 169 (-704 -48 192 ) (-704 -144 192 ) (-704 -144 352 ) (-704 -48 352 ) 
3 149 163 (-704 -176 192 ) (-704 -144 192 ) (-672 -176 192 ) 
4 149 154 (-704 -176 352 ) (-704 -176 192 ) (-672 -176 192 ) (-672 -176 352 ) 
4 149 152 (-320 -176 192 ) (-256 -176 192 ) (-256 -176 352 ) (-320 -176 352 ) 
4 150 155 (-256 -352 384 ) (-256 -352 576 ) (-384 -352 576 ) (-384 -352 384 ) 
4 150 153 (-384 -176 576 ) (-384 -176 384 ) (-384 -352 384 ) (-384 -352 576 ) 
4 150 151 (-256 -256 384 ) (-256 -352 384 ) (-384 -352 384 ) (-384 -256 384 ) 
4 151 155 (-256 -352 352 ) (-256 -352 384 ) (-384 -352 384 ) (-384 -352 352 ) 
4 154 171 (-704 -176 192 ) (-704 -208 192 ) (-704 -208 576 ) (-704 -176 576 ) 
3 154 163 (-704 -208 192 ) (-704 -176 192 ) (-672 -176 192 ) 
4 155 156 (-384 -448 288 ) (-384 -576 288 ) (-384 -576 448 ) (-384 -448 448 ) 
4 156 157 (-576 -576 448 ) (-576 -448 448 ) (-576 -448 288 ) (-576 -576 288 ) 
4 157 180 (-704 -800 448 ) (-704 -608 448 ) (-704 -608 288 ) (-704 -800 288 ) 
4 157 179 (-704 -608 448 ) (-704 -352 448 ) (-704 -352 288 ) (-704 -608 288 ) 
4 158 160 (-256 128 160 ) (-256 128 96 ) (-256 64 96 ) (-256 64 160 ) 
4 158 159 (-256 -48 160 ) (-256 -48 8 ) (-144 -160 8 ) (-144 -160 160 ) 
4 159 164 (-256 -480 0 ) (-256 -608 0 ) (-256 -608 160 ) (-256 -480 160 ) 
4 160 161 (-320 64 96 ) (-320 64 160 ) (-320 128 160 ) (-320 128 96 ) 
4 161 162 (-640 128 160 ) (-640 128 0 ) (-640 64 0 ) (-640 64 160 ) 
4 162 170 (-704 128 160 ) (-704 128 0 ) (-704 -32 0 ) (-704 64 160 ) 
4 163 171 (-704 -208 192 ) (-704 -144 192 ) (-704 -144 0 ) (-704 -208 0 ) 
4 164 166 (-352 -480 -96 ) (-352 -608 -96 ) (-352 -608 160 ) (-352 -480 160 ) 
4 165 186 (-704 -320 -112 ) (-704 -448 -112 ) (-704 -448 96 ) (-704 -320 96 ) 
4 165 184 (-704 -448 96 ) (-704 -448 160 ) (-704 -320 160 ) (-704 -320 96 ) 
4 165 166 (-704 -448 160 ) (-704 -448 -96 ) (-352 -448 -96 ) (-352 -448 160 ) 
4 166 187 (-704 -608 -96 ) (-704 -608 96 ) (-704 -448 96 ) (-704 -448 -96 ) 
4 166 184 (-704 -608 96 ) (-704 -608 160 ) (-704 -448 160 ) (-704 -448 96 ) 
4 166 167 (-704 -608 160 ) (-704 -608 -96 ) (-352 -608 -96 ) (-352 -608 160 ) 
4 167 187 (-704 -640 -96 ) (-704 -640 96 ) (-704 -608 96 ) (-704 -608 -96 ) 
4 167 184 (-704 -640 96 ) (-704 -640 160 ) (-704 -608 160 ) (-704 -608 96 ) 
4 167 168 (-704 -640 160 ) (-704 -640 -96 ) (-352 -640 -96 ) (-352 -640 160 ) 
4 168 189 (-704 -640 -112 ) (-704 -768 -112 ) (-704 -768 96 ) (-704 -640 96 ) 
4 168 184 (-704 -768 96 ) (-704 -768 160 ) (-704 -640 160 ) (-704 -640 96 ) 
4 169 173 (-768 128 384 ) (-768 128 192 ) (-768 -80 192 ) (-768 -80 384 ) 
4 169 172 (-768 128 576 ) (-768 128 384 ) (-768 -80 384 ) (-768 -80 576 ) 
4 169 171 (-704 -144 192 ) (-704 -144 576 ) (-768 -80 576 ) (-768 -80 192 ) 
4 170 177 (-768 128 160 ) (-768 128 0 ) (-768 -32 0 ) (-768 64 160 ) 
4 171 177 (-768 -80 0 ) (-768 -272 0 ) (-768 -272 192 ) (-768 -80 192 ) 
4 171 173 (-768 -272 192 ) (-768 -272 384 ) (-768 -80 384 ) (-768 -80 192 ) 
4 171 172 (-768 -272 384 ) (-768 -272 576 ) (-768 -80 576 ) (-768 -80 384 ) 
5 172 173 (-768 128 384 ) (-768 -272 384 ) (-832 -272 384 ) (-928 -80 384 ) (-928 128 384 ) 
5 173 177 (-768 -272 192 ) (-832 -272 192 ) (-928 -80 192 ) (-928 128 192 ) (-768 128 192 ) 
4 173 174 (-928 128 384 ) (-928 128 192 ) (-928 -48 192 ) (-928 -48 384 ) 
4 173 176 (-928 -80 192 ) (-928 -272 192 ) (-928 -272 384 ) (-928 -80 384 ) 
4 174 175 (-1216 -48 384 ) (-1216 -48 192 ) (-992 -48 192 ) (-1024 -48 384 ) 
4 175 176 (-1216 -80 192 ) (-992 -80 192 ) (-1024 -80 384 ) (-1216 -80 384 ) 
4 176 178 (-1216 -272 192 ) (-1088 -272 192 ) (-1088 -272 352 ) (-1216 -272 352 ) 
4 178 179 (-1216 -352 192 ) (-1088 -352 192 ) (-1088 -352 352 ) (-1216 -352 352 ) 
4 179 183 (-704 -608 192 ) (-704 -608 256 ) (-1088 -608 256 ) (-1088 -608 192 ) 
4 179 181 (-704 -608 256 ) (-704 -608 288 ) (-960 -608 288 ) (-960 -608 256 ) 
4 179 182 (-960 -608 288 ) (-1216 -608 288 ) (-1216 -608 256 ) (-960 -608 256 ) 
4 179 180 (-704 -608 288 ) (-704 -608 448 ) (-1216 -608 448 ) (-1216 -608 288 ) 
4 180 181 (-960 -608 288 ) (-704 -608 288 ) (-768 -672 288 ) (-960 -672 288 ) 
5 180 182 (-1088 -800 288 ) (-1216 -672 288 ) (-1216 -608 288 ) (-960 -608 288 ) (-960 -800 288 ) 
4 181 183 (-960 -672 256 ) (-960 -608 256 ) (-704 -608 256 ) (-768 -672 256 ) 
4 181 182 (-960 -608 288 ) (-960 -608 256 ) (-960 -672 256 ) (-960 -672 288 ) 
4 182 183 (-1088 -608 256 ) (-960 -608 256 ) (-960 -672 256 ) (-1024 -672 256 ) 
4 184 189 (-704 -768 96 ) (-736 -768 96 ) (-736 -640 96 ) (-704 -640 96 ) 
4 184 187 (-736 -640 96 ) (-736 -448 96 ) (-704 -448 96 ) (-704 -640 96 ) 
4 184 186 (-736 -448 96 ) (-736 -320 96 ) (-704 -320 96 ) (-704 -448 96 ) 
4 184 185 (-736 -320 128 ) (-736 -320 96 ) (-736 -768 96 ) (-736 -768 128 ) 
4 185 189 (-736 -768 96 ) (-768 -768 96 ) (-768 -640 96 ) (-736 -640 96 ) 
4 185 187 (-768 -640 96 ) (-768 -448 96 ) (-736 -448 96 ) (-736 -640 96 ) 
4 185 186 (-768 -448 96 ) (-768 -320 96 ) (-736 -320 96 ) (-736 -448 96 ) 
4 186 188 (-1016 -448 96 ) (-1024 -448 96 ) (-1024 -448 -96 ) (-1016 -448 -96 ) 
4 186 187 (-704 -448 -96 ) (-704 -448 96 ) (-1016 -448 96 ) (-1016 -448 -96 ) 
4 187 189 (-1016 -640 -96 ) (-704 -640 -96 ) (-704 -640 96 ) (-1016 -640 96 ) 
4 187 188 (-1016 -448 96 ) (-1016 -448 -96 ) (-1016 -640 -96 ) (-1016 -640 96 ) 
4 188 189 (-1024 -640 96 ) (-1024 -640 -96 ) (-1016 -640 -96 ) (-1016 -640 96 ) 
0 -1
1 -1
2 -1
3 -1
4 -1
5 -1
6 -1
7 -1
8 -1
9 -1
10 -1
11 -1
12 -1
13 -1
14 -1
15 -1
16 17 18 19 -1
20 -1
21 22 23 24 -1
25 26 -1
27 28 29 30 31 32 33 -1
34 35 36 37 38 39 40 41 42 -1
43 -1
44 -1
45 -1
46 47 -1
48 49 50 51 52 53 54 55 -1
56 -1
57 -1
58 -1
59 -1
60 -1
61 -1
62 -1
63 -1
64 -1
65 -1
66 -1
67 -1
68 -1
69 -1
70 -1
71 -1
72 -1
73 -1
74 75 76 77 78 79 -1
80 81 82 -1
83 -1
84 -1
85 86 87 88 89 -1
90 91 92 93 94 95 96 97 98 -1
99 100 101 102 103 -1
104 -1
105 -1
106 -1
107 108 109 110 111 112 -1
113 -1
114 115 116 117 -1
118 119 120 121 122 123 124 125 126 -1
127 -1
128 -1
129 130 131 132 -1
133 134 135 -1
136 -1
137 -1
138 -1
139 -1
140 -1
141 -1
142 -1
143 144 145 146 147 -1
148 -1
149 -1
150 -1
151 -1
152 -1
153 -1
154 -1
155 -1
156 -1
157 -1
158 -1
159 -1
160 -1
161 -1
162 163 164 165 166 167 168 -1
169 -1
170 -1
171 -1
172 173 174 175 176 -1
177 -1
178 179 -1
180 -1
181 -1
182 -1
183 -1
184 185 186 -1
187 -1
188 -1
189 -1
190 -1
191 -1
192 193 194 -1
195 -1
196 -1
197 -1
198 -1
199 -1
200 -1
201 -1
202 -1
203 -1
204 -1
205 206 207 208 -1
209 -1
210 -1
211 -1
212 -1
213 -1
214 215 216 217 218 -1
219 -1
220 -1
221 -1
222 -1
223 -1
224 -1
225 -1
226 227 228 -1
229 -1
230 -1
231 -1
232 -1
233 -1
234 -1
235 -1
236 -1
237 -1
238 -1
239 -1
240 -1
241 -1
242 243 244 245 -1
246 247 248 -1
249 -1
250 -1
251 -1
252 -1
253 -1
254 -1
255 -1
256 -1
257 258 -1
259 -1
260 -1
261 -1
262 263 264 265 266 -1
267 -1
268 -1
269 -1
270 -1
271 -1
272 273 274 275 276 -1
277 -1
278 -1
279 280 281 -1
282 283 284 285 286 287 288 289 290 291 292 293 294 295 -1
296 297 298 299 300 -1
301 -1
302 303 304 305 306 307 308 309 310 311 312 313 314 315 -1
316 -1
317 -1
318 -1
319 -1
320 -1
321 -1
322 -1
323 -1
324 -1
325 -1
326 327 328 329 330 331 332 333 334 335 336 337 338 339 340 341 342 343 344 -1
345 -1
346 -1
347 348 349 -1
350 -1
351 -1
352 -1
353 354 355 356 357 358 359 360 361 362 363 364 365 366 -1
367 368 369 370 371 372 -1
373 374 375 376 377 -1
378 379 380 381 382 383 384 385 386 387 388 389 390 391 -1
