PRT2
909
111
239
4 0 6 (272 872 448 ) (272 768 448 ) (256 768 448 ) (256 888 448 ) 
4 0 3 (256 888 448 ) (256 768 448 ) (256 768 464 ) (256 864 464 ) 
4 1 3 (256 864 464 ) (256 840 480 ) (136 960 480 ) (160 960 464 ) 
4 2 6 (168 976 448 ) (184 960 448 ) (-56 960 448 ) (-40 976 448 ) 
3 2 4 (-56 960 448 ) (-32 960 448 ) (-32 960 464 ) 
4 2 3 (-32 960 448 ) (184 960 448 ) (160 960 464 ) (-32 960 464 ) 
4 3 13 (-128 768 448 ) (256 768 448 ) (256 768 480 ) (-128 768 480 ) 
6 3 6 (184 960 448 ) (256 888 448 ) (256 768 448 ) (-128 768 448 ) (-128 864 448 ) (-32 960 448 ) 
4 3 5 (-128 864 448 ) (-128 768 448 ) (-128 768 464 ) (-128 864 464 ) 
4 3 4 (-32 960 464 ) (-32 960 448 ) (-128 864 448 ) (-128 864 464 ) 
4 4 6 (-128 864 448 ) (-128 888 448 ) (-56 960 448 ) (-32 960 448 ) 
3 4 5 (-128 888 448 ) (-128 864 448 ) (-128 864 464 ) 
4 5 6 (-128 888 448 ) (-128 768 448 ) (-144 768 448 ) (-144 872 448 ) 
4 6 13 (-128 768 384 ) (256 768 384 ) (256 768 448 ) (-128 768 448 ) 
4 6 12 (-128 768 384 ) (-144 768 384 ) (-144 872 384 ) (-128 888 384 ) 
4 6 11 (-128 864 384 ) (-128 888 384 ) (-40 976 384 ) (-16 976 384 ) 
4 6 9 (160 960 384 ) (184 960 384 ) (256 888 384 ) (256 864 384 ) 
6 6 10 (256 768 384 ) (-128 768 384 ) (-128 864 384 ) (-32 960 384 ) (160 960 384 ) (256 864 384 ) 
4 6 8 (-32 960 384 ) (-16 976 384 ) (168 976 384 ) (184 960 384 ) 
4 6 7 (272 768 384 ) (256 768 384 ) (256 888 384 ) (272 872 384 ) 
3 7 9 (256 864 384 ) (256 888 384 ) (256 864 368 ) 
4 7 10 (256 768 384 ) (256 864 384 ) (256 864 368 ) (256 768 368 ) 
3 8 11 (-32 960 384 ) (-16 976 384 ) (-32 960 368 ) 
3 8 9 (160 960 368 ) (184 960 384 ) (160 960 384 ) 
4 8 10 (160 960 368 ) (160 960 384 ) (-32 960 384 ) (-32 960 368 ) 
4 9 10 (160 960 384 ) (160 960 368 ) (256 864 368 ) (256 864 384 ) 
4 10 13 (-128 768 352 ) (256 768 352 ) (256 768 384 ) (-128 768 384 ) 
4 10 12 (-128 768 368 ) (-128 768 384 ) (-128 864 384 ) (-128 864 368 ) 
4 10 11 (-128 864 384 ) (-32 960 384 ) (-32 960 368 ) (-128 864 368 ) 
3 11 12 (-128 864 368 ) (-128 864 384 ) (-128 888 384 ) 
4 13 14 (256 704 480 ) (-128 704 480 ) (-128 704 352 ) (256 704 352 ) 
4 14 36 (-128 384 0 ) (48 384 0 ) (48 384 160 ) (-128 384 160 ) 
4 14 34 (80 384 0 ) (256 384 0 ) (256 384 160 ) (80 384 160 ) 
4 14 28 (-128 384 384 ) (-128 384 192 ) (0 384 192 ) (0 384 384 ) 
4 14 27 (0 384 576 ) (-128 384 576 ) (-128 384 384 ) (0 384 384 ) 
4 14 25 (80 384 576 ) (0 384 576 ) (0 384 192 ) (80 384 192 ) 
4 14 20 (240 384 384 ) (80 384 384 ) (80 384 192 ) (240 384 192 ) 
4 14 17 (256 384 192 ) (256 384 384 ) (240 384 384 ) (240 384 192 ) 
4 14 15 (256 384 384 ) (256 384 576 ) (80 384 576 ) (80 384 384 ) 
4 15 25 (80 192 576 ) (80 384 576 ) (80 384 384 ) (80 192 384 ) 
4 15 20 (80 384 384 ) (240 384 384 ) (240 192 384 ) (80 192 384 ) 
4 15 17 (240 384 384 ) (256 384 384 ) (256 192 384 ) (240 192 384 ) 
4 16 18 (416 192 176 ) (617.142857 192 176 ) (617.142857 192 384 ) (416 192 384 ) 
4 16 17 (480 384 384 ) (480 384 192 ) (416 192 192 ) (416 192 384 ) 
4 17 20 (240 384 384 ) (240 384 192 ) (240 192 192 ) (240 192 384 ) 
4 17 19 (336 192 384 ) (272 192 384 ) (272 192 192 ) (336 192 192 ) 
4 18 23 (640 160 176 ) (640 160 384 ) (512 96 384 ) (512 96 176 ) 
4 20 25 (80 192 384 ) (80 384 384 ) (80 384 192 ) (80 192 192 ) 
4 20 22 (144 192 384 ) (80 192 384 ) (80 192 192 ) (144 192 192 ) 
4 20 21 (240 192 192 ) (240 192 384 ) (176 192 384 ) (176 192 192 ) 
4 23 24 (512 64 352 ) (512 64 160 ) (640 64 160 ) (640 64 352 ) 
4 24 43 (640 0 160 ) (640 0 352 ) (512 0 352 ) (512 0 160 ) 
4 25 28 (0 384 384 ) (0 384 192 ) (0 224 192 ) (0 224 384 ) 
4 25 31 (0 224 192 ) (0 192 192 ) (0 192 384 ) (0 224 384 ) 
4 25 27 (0 192 576 ) (0 384 576 ) (0 384 384 ) (0 192 384 ) 
4 26 31 (0 0 224 ) (0 0 352 ) (0 128 352 ) (0 128 224 ) 
4 27 28 (-128 384 384 ) (0 384 384 ) (0 224 384 ) (-128 224 384 ) 
4 27 31 (0 224 384 ) (0 192 384 ) (-128 192 384 ) (-128 224 384 ) 
4 28 30 (-128 320 192 ) (-128 224 192 ) (-128 224 224 ) (-128 320 224 ) 
4 28 29 (-128 384 384 ) (-128 384 224 ) (-128 224 224 ) (-128 224 384 ) 
4 28 31 (0 224 384 ) (-128 224 384 ) (-128 224 192 ) (0 224 192 ) 
3 29 30 (-128 224 224 ) (-224 224 224 ) (-128 320 224 ) 
4 29 31 (-128 224 384 ) (-288 224 384 ) (-288 224 224 ) (-128 224 224 ) 
4 30 31 (-224 224 192 ) (-128 224 192 ) (-128 224 224 ) (-224 224 224 ) 
4 31 93 (-288 0 352 ) (-288 0 192 ) (0 0 192 ) (0 0 352 ) 
4 31 76 (-288 0 384 ) (-288 0 352 ) (0 0 352 ) (0 0 384 ) 
4 31 41 (-288 32 368 ) (-288 96 368 ) (-288 96 208 ) (-288 32 208 ) 
4 31 40 (-288 192 208 ) (-288 128 208 ) (-288 128 368 ) (-288 192 368 ) 
4 32 49 (512 0 128 ) (384 0 128 ) (384 0 96 ) (512 0 96 ) 
4 32 34 (256 0 96 ) (256 0 128 ) (256 128 128 ) (256 128 96 ) 
5 32 33 (256 0 96 ) (256 128 96 ) (384 128 96 ) (512 64 96 ) (512 0 96 ) 
4 33 50 (640 0 -32 ) (640 0 96 ) (384 0 96 ) (384 0 -32 ) 
4 33 34 (256 0 0 ) (256 0 96 ) (256 128 96 ) (256 128 0 ) 
4 34 37 (80 156 0 ) (80 52 0 ) (80 52 160 ) (80 156 160 ) 
4 34 35 (80 332 0 ) (80 228 0 ) (80 228 160 ) (80 332 160 ) 
4 35 36 (48 332 0 ) (48 228 0 ) (48 228 160 ) (48 332 160 ) 
4 36 38 (48 224 160 ) (-128 224 160 ) (-128 224 0 ) (48 224 0 ) 
4 37 38 (48 156 0 ) (48 52 0 ) (48 52 160 ) (48 156 160 ) 
4 38 39 (48 52 160 ) (-128 52 160 ) (-128 52 0 ) (48 52 0 ) 
4 39 95 (0 0 160 ) (-128 0 160 ) (-128 0 0 ) (0 0 0 ) 
4 42 44 (1120 -256 160 ) (1248 -256 160 ) (1248 -256 352 ) (1120 -256 352 ) 
4 43 48 (640 0 160 ) (832 -96 160 ) (832 -256 160 ) (640 -256 160 ) 
4 43 46 (832 -96 160 ) (960 -160 160 ) (960 -256 160 ) (832 -256 160 ) 
4 43 45 (512 -64 352 ) (512 -64 192 ) (512 -256 192 ) (512 -256 352 ) 
4 43 44 (512 -256 160 ) (960 -256 160 ) (960 -256 384 ) (512 -256 384 ) 
4 44 54 (1280 -544 160 ) (1280 -544 384 ) (512 -544 384 ) (512 -544 160 ) 
4 44 48 (832 -544 160 ) (640 -544 160 ) (640 -256 160 ) (832 -256 160 ) 
4 44 47 (1120 -544 160 ) (832 -544 160 ) (832 -256 160 ) (1120 -256 160 ) 
4 44 45 (512 -544 192 ) (512 -544 352 ) (512 -256 352 ) (512 -256 192 ) 
4 46 51 (832 -224 -32 ) (832 -256 -32 ) (832 -256 96 ) (832 -224 96 ) 
4 46 50 (832 -96 96 ) (832 -96 -32 ) (832 -224 -32 ) (832 -224 96 ) 
4 46 48 (832 -96 160 ) (832 -96 96 ) (832 -256 96 ) (832 -256 160 ) 
4 46 47 (960 -256 160 ) (832 -256 160 ) (832 -256 -32 ) (960 -256 -32 ) 
4 47 55 (1120 -544 160 ) (832 -544 160 ) (832 -544 -32 ) (1120 -544 -32 ) 
4 47 53 (832 -544 -32 ) (832 -544 96 ) (832 -288 96 ) (832 -288 -32 ) 
4 47 51 (832 -288 96 ) (832 -256 96 ) (832 -256 -32 ) (832 -288 -32 ) 
4 47 48 (832 -544 96 ) (832 -544 160 ) (832 -256 160 ) (832 -256 96 ) 
4 48 55 (832 -544 160 ) (640 -544 160 ) (640 -544 96 ) (832 -544 96 ) 
4 48 53 (832 -288 96 ) (832 -544 96 ) (640 -544 96 ) (640 -192 96 ) 
4 48 51 (832 -224 96 ) (832 -288 96 ) (640 -192 96 ) (640 -128 96 ) 
4 48 50 (640 0 96 ) (832 -96 96 ) (832 -224 96 ) (640 -128 96 ) 
3 49 50 (384 0 96 ) (512 0 96 ) (512 -64 96 ) 
4 50 51 (832 -224 96 ) (640 -128 96 ) (640 -128 -32 ) (832 -224 -32 ) 
4 51 53 (832 -288 96 ) (640 -192 96 ) (640 -192 -192 ) (832 -288 -192 ) 
4 52 90 (320 -64 -192 ) (320 -192 -192 ) (320 -192 96 ) (320 -64 96 ) 
4 52 53 (320 -192 96 ) (320 -192 -192 ) (512 -192 -192 ) (512 -192 96 ) 
4 53 90 (320 -192 -192 ) (320 -544 -192 ) (320 -544 96 ) (320 -192 96 ) 
4 53 73 (320 -544 -32 ) (320 -544 -192 ) (832 -544 -192 ) (832 -544 -32 ) 
4 53 57 (320 -544 64 ) (320 -544 -32 ) (512 -544 -32 ) (512 -544 64 ) 
5 53 56 (512 -544 -32 ) (640 -544 -32 ) (640 -544 96 ) (544 -544 96 ) (512 -544 64 ) 
4 53 55 (640 -544 -32 ) (832 -544 -32 ) (832 -544 96 ) (640 -544 96 ) 
4 54 63 (512 -608 352 ) (512 -608 160 ) (640 -608 160 ) (640 -608 352 ) 
4 54 58 (1248 -608 352 ) (1120 -608 352 ) (1120 -608 160 ) (1248 -608 160 ) 
4 54 55 (1120 -608 160 ) (640 -608 160 ) (640 -544 160 ) (1120 -544 160 ) 
4 55 73 (640 -544 -32 ) (832 -544 -32 ) (832 -608 -32 ) (640 -608 -32 ) 
4 55 59 (832 -608 -32 ) (960 -608 -32 ) (960 -608 128 ) (832 -608 128 ) 
4 55 56 (640 -544 -32 ) (640 -608 -32 ) (640 -608 96 ) (640 -544 96 ) 
4 56 73 (512 -544 -32 ) (640 -544 -32 ) (640 -608 -32 ) (512 -608 -32 ) 
4 56 57 (512 -544 -32 ) (512 -608 -32 ) (512 -608 64 ) (512 -544 64 ) 
4 57 109 (320 -544 64 ) (320 -544 -32 ) (320 -608 -32 ) (320 -608 64 ) 
4 57 73 (320 -608 -32 ) (320 -544 -32 ) (512 -544 -32 ) (512 -608 -32 ) 
4 59 60 (832 -660 128 ) (832 -660 -32 ) (960 -660 -32 ) (960 -660 128 ) 
4 61 64 (640 -736 208 ) (640 -800 208 ) (640 -800 368 ) (640 -736 368 ) 
4 62 70 (640 -928 368 ) (640 -864 368 ) (640 -864 208 ) (640 -928 208 ) 
4 63 64 (640 -672 160 ) (640 -672 352 ) (512 -672 352 ) (512 -672 160 ) 
4 64 70 (640 -832 160 ) (640 -832 384 ) (512 -832 384 ) (512 -832 160 ) 
4 64 66 (512 -832 160 ) (512 -832 384 ) (512 -800 384 ) (512 -800 160 ) 
4 65 105 (320 -688 160 ) (320 -736 160 ) (320 -736 352 ) (320 -688 352 ) 
4 65 104 (320 -608 352 ) (320 -608 160 ) (320 -688 160 ) (320 -688 352 ) 
4 65 81 (320 -688 352 ) (320 -736 352 ) (320 -736 384 ) (320 -688 384 ) 
4 65 80 (320 -672 352 ) (320 -688 352 ) (320 -688 384 ) (320 -672 384 ) 
4 65 74 (320 -608 384 ) (320 -608 352 ) (320 -672 352 ) (320 -672 384 ) 
4 65 69 (320 -736 352 ) (320 -736 160 ) (384 -736 160 ) (384 -736 352 ) 
4 66 70 (480 -832 160 ) (512 -832 160 ) (512 -832 384 ) (480 -832 384 ) 
4 67 70 (384 -832 160 ) (416 -832 160 ) (416 -832 384 ) (384 -832 384 ) 
4 67 68 (384 -832 352 ) (384 -832 384 ) (384 -800 384 ) (384 -800 352 ) 
4 67 69 (384 -800 160 ) (384 -832 160 ) (384 -832 352 ) (384 -800 352 ) 
4 68 83 (320 -800 352 ) (320 -832 352 ) (320 -832 384 ) (320 -800 384 ) 
4 68 70 (320 -832 384 ) (320 -832 352 ) (384 -832 352 ) (384 -832 384 ) 
4 68 69 (384 -800 352 ) (384 -832 352 ) (320 -832 352 ) (320 -800 352 ) 
4 69 105 (320 -736 352 ) (320 -736 160 ) (320 -832 160 ) (320 -832 352 ) 
4 69 70 (320 -832 352 ) (320 -832 160 ) (384 -832 160 ) (384 -832 352 ) 
4 70 105 (320 -832 352 ) (320 -832 160 ) (320 -1024 160 ) (320 -1024 352 ) 
4 70 83 (320 -832 384 ) (320 -832 352 ) (320 -1024 352 ) (320 -1024 384 ) 
4 70 72 (352 -1024 208 ) (416 -1024 208 ) (416 -1024 368 ) (352 -1024 368 ) 
4 70 71 (544 -1024 368 ) (480 -1024 368 ) (480 -1024 208 ) (544 -1024 208 ) 
4 73 109 (320 -608 -32 ) (320 -544 -32 ) (320 -544 -192 ) (320 -608 -192 ) 
4 74 104 (320 -608 352 ) (320 -672 352 ) (199.111111 -672 352 ) (256 -544 352 ) 
4 74 80 (199.111111 -672 352 ) (320 -672 352 ) (320 -672 384 ) (199.111111 -672 384 ) 
4 74 75 (199.111111 -672 352 ) (199.111111 -672 384 ) (256 -544 384 ) (256 -544 352 ) 
4 75 104 (256 -544 352 ) (199.111111 -672 352 ) (32 -672 352 ) (160 -544 352 ) 
3 75 89 (256 -544 352 ) (160 -544 352 ) (256 -448 352 ) 
4 75 82 (32 -672 352 ) (199.111111 -672 352 ) (199.111111 -672 512 ) (32 -672 512 ) 
4 75 77 (256 -448 352 ) (32 -672 352 ) (32 -672 512 ) (256 -448 512 ) 
5 76 93 (-352 -128 352 ) (-352 0 352 ) (0 0 352 ) (0 -64 352 ) (-128 -128 352 ) 
4 76 79 (-352 0 352 ) (-352 -128 352 ) (-352 -128 384 ) (-352 0 384 ) 
4 76 77 (-128 -128 384 ) (-128 -128 352 ) (0 -64 352 ) (0 -64 384 ) 
4 77 104 (160 -544 352 ) (32 -672 352 ) (-128 -672 352 ) (-128 -544 352 ) 
4 77 96 (0 -544 352 ) (-128 -544 352 ) (-128 -128 352 ) (0 -128 352 ) 
3 77 93 (-128 -128 352 ) (0 -64 352 ) (0 -128 352 ) 
4 77 88 (320 -144 352 ) (320 -384 352 ) (256 -448 352 ) (256 -144 352 ) 
5 77 89 (256 -448 352 ) (160 -544 352 ) (0 -544 352 ) (0 -144 352 ) (256 -144 352 ) 
4 77 85 (320 -64 352 ) (320 -144 352 ) (0 -144 352 ) (0 -64 352 ) 
4 77 82 (-128 -672 352 ) (32 -672 352 ) (32 -672 512 ) (-128 -672 512 ) 
5 79 108 (-352 -672 352 ) (-544 -672 352 ) (-608 -608 352 ) (-608 -544 352 ) (-352 -544 352 ) 
4 79 101 (-608 -544 352 ) (-608 -480 352 ) (-352 -480 352 ) (-352 -544 352 ) 
4 79 100 (-608 -480 352 ) (-608 -192 352 ) (-352 -192 352 ) (-352 -480 352 ) 
5 79 98 (-608 -192 352 ) (-608 -64 352 ) (-544 0 352 ) (-352 0 352 ) (-352 -192 352 ) 
4 80 104 (320 -672 352 ) (320 -688 352 ) (192 -688 352 ) (199.111111 -672 352 ) 
4 80 82 (199.111111 -672 384 ) (199.111111 -672 352 ) (192 -688 352 ) (192 -688 384 ) 
4 80 81 (208 -688 352 ) (320 -688 352 ) (320 -688 384 ) (208 -688 384 ) 
3 81 106 (256 -736 352 ) (208 -688 352 ) (256 -688 352 ) 
4 81 105 (320 -688 352 ) (320 -736 352 ) (256 -736 352 ) (256 -688 352 ) 
4 82 104 (-128 -688 352 ) (-128 -672 352 ) (199.111111 -672 352 ) (192 -688 352 ) 
4 83 105 (320 -800 352 ) (320 -1024 352 ) (256 -960 352 ) (256 -800 352 ) 
4 83 84 (256 -864 352 ) (256 -928 352 ) (256 -928 368 ) (256 -864 368 ) 
4 84 107 (244 -864 352 ) (256 -864 352 ) (256 -928 352 ) (244 -928 352 ) 
4 85 96 (0 -144 352 ) (0 -128 352 ) (0 -128 128 ) (0 -144 128 ) 
4 85 95 (0 -64 160 ) (0 -64 128 ) (0 -128 128 ) (0 -128 160 ) 
4 85 94 (0 -64 192 ) (0 -64 160 ) (0 -128 160 ) (0 -128 192 ) 
4 85 93 (0 -128 352 ) (0 -64 352 ) (0 -64 192 ) (0 -128 192 ) 
4 85 88 (320 -144 128 ) (320 -144 352 ) (256 -144 352 ) (256 -144 128 ) 
4 85 89 (256 -144 352 ) (0 -144 352 ) (0 -144 128 ) (256 -144 128 ) 
3 85 86 (272 -144 128 ) (240 -144 128 ) (240 -112 128 ) 
4 85 87 (0 -144 128 ) (0 -64 128 ) (240 -64 128 ) (240 -144 128 ) 
3 86 90 (272 -144 96 ) (240 -144 96 ) (240 -112 96 ) 
4 86 88 (272 -144 128 ) (256 -144 128 ) (256 -144 96 ) (272 -144 96 ) 
4 86 89 (256 -144 128 ) (240 -144 128 ) (240 -144 96 ) (256 -144 96 ) 
4 86 87 (240 -112 96 ) (240 -144 96 ) (240 -144 128 ) (240 -112 128 ) 
4 87 96 (0 -128 96 ) (0 -144 96 ) (0 -144 128 ) (0 -128 128 ) 
4 87 95 (0 -64 128 ) (0 -64 96 ) (0 -128 96 ) (0 -128 128 ) 
4 87 91 (164 -64 96 ) (172 -64 96 ) (172 -144 96 ) (164 -144 96 ) 
4 87 90 (172 -64 96 ) (240 -64 96 ) (240 -144 96 ) (172 -144 96 ) 
4 87 92 (0 -144 96 ) (0 -64 96 ) (164 -64 96 ) (164 -144 96 ) 
4 87 89 (240 -144 128 ) (0 -144 128 ) (0 -144 96 ) (240 -144 96 ) 
4 88 90 (256 -448 96 ) (256 -144 96 ) (320 -144 96 ) (320 -384 96 ) 
4 88 89 (256 -144 352 ) (256 -144 96 ) (256 -448 96 ) (256 -448 352 ) 
4 89 104 (256 -544 352 ) (0 -544 352 ) (0 -544 160 ) (256 -544 160 ) 
4 89 96 (0 -544 96 ) (0 -544 352 ) (0 -144 352 ) (0 -144 96 ) 
4 89 91 (172 -544 96 ) (164 -544 96 ) (164 -144 96 ) (172 -144 96 ) 
4 89 90 (256 -544 96 ) (172 -544 96 ) (172 -144 96 ) (256 -144 96 ) 
4 89 92 (164 -544 96 ) (0 -544 96 ) (0 -144 96 ) (164 -144 96 ) 
4 90 109 (172 -544 -192 ) (320 -544 -192 ) (320 -544 96 ) (172 -544 96 ) 
4 90 91 (172 -64 96 ) (172 -64 -192 ) (172 -544 -192 ) (172 -544 96 ) 
4 91 109 (164 -544 -192 ) (172 -544 -192 ) (172 -544 96 ) (164 -544 96 ) 
4 91 92 (164 -544 96 ) (164 -64 96 ) (164 -64 -192 ) (164 -544 -192 ) 
4 92 109 (0 -544 96 ) (0 -544 -192 ) (164 -544 -192 ) (164 -544 96 ) 
4 92 103 (0 -544 -192 ) (0 -544 -64 ) (0 -64 -64 ) (0 -64 -192 ) 
4 92 96 (0 -544 96 ) (0 -128 96 ) (0 -128 0 ) (0 -352 0 ) 
4 92 95 (0 -128 96 ) (0 -64 96 ) (0 -64 0 ) (0 -128 0 ) 
3 92 97 (0 -544 -64 ) (0 -544 96 ) (0 -224 -64 ) 
4 93 98 (-352 -128 352 ) (-352 0 352 ) (-352 0 192 ) (-352 -128 192 ) 
4 93 96 (0 -128 192 ) (0 -128 352 ) (-128 -128 352 ) (-128 -128 192 ) 
3 93 94 (0 -64 192 ) (0 -128 192 ) (-128 -128 192 ) 
4 94 96 (0 -128 160 ) (0 -128 192 ) (-128 -128 192 ) (-128 -128 160 ) 
3 94 95 (0 -128 160 ) (-128 -128 160 ) (0 -64 160 ) 
4 95 96 (0 -128 0 ) (0 -128 160 ) (-128 -128 160 ) (-128 -128 0 ) 
4 96 104 (0 -544 352 ) (-128 -544 352 ) (-128 -544 160 ) (0 -544 160 ) 
4 96 97 (0 -352 0 ) (0 -544 96 ) (-128 -544 96 ) (-128 -352 0 ) 
4 97 109 (-352 -544 96 ) (-352 -544 -64 ) (0 -544 -64 ) (0 -544 96 ) 
4 97 103 (0 -224 -64 ) (0 -544 -64 ) (-352 -544 -64 ) (-352 -224 -64 ) 
3 97 102 (-352 -544 -64 ) (-352 -544 96 ) (-352 -224 -64 ) 
4 98 100 (-352 -192 192 ) (-352 -192 352 ) (-608 -192 352 ) (-608 -192 192 ) 
4 99 103 (-608 -64 -64 ) (-352 -64 -64 ) (-352 -192 -64 ) (-608 -192 -64 ) 
4 99 100 (-352 -192 128 ) (-352 -192 160 ) (-608 -192 160 ) (-608 -192 128 ) 
4 99 102 (-608 -192 -64 ) (-352 -192 -64 ) (-352 -192 128 ) (-608 -192 128 ) 
4 100 101 (-352 -480 160 ) (-352 -480 352 ) (-608 -480 352 ) (-608 -480 160 ) 
4 100 102 (-608 -480 128 ) (-608 -192 128 ) (-352 -192 128 ) (-352 -480 128 ) 
4 101 108 (-352 -544 352 ) (-608 -544 352 ) (-608 -544 160 ) (-352 -544 160 ) 
4 102 110 (-608 -544 128 ) (-608 -544 -64 ) (-352 -544 -64 ) (-352 -544 128 ) 
4 102 103 (-352 -192 -64 ) (-352 -544 -64 ) (-608 -544 -64 ) (-608 -192 -64 ) 
4 103 109 (-352 -544 -192 ) (0 -544 -192 ) (0 -544 -64 ) (-352 -544 -64 ) 
4 103 110 (-608 -544 -64 ) (-608 -544 -192 ) (-352 -544 -192 ) (-352 -544 -64 ) 
4 104 108 (-128 -544 352 ) (-128 -544 160 ) (-128 -672 160 ) (-128 -672 352 ) 
4 104 106 (208 -688 160 ) (256 -688 160 ) (256 -688 352 ) (208 -688 352 ) 
4 104 105 (256 -688 160 ) (320 -688 160 ) (320 -688 352 ) (256 -688 352 ) 
4 105 107 (256 -928 352 ) (256 -864 352 ) (256 -864 208 ) (256 -928 208 ) 
4 105 106 (256 -688 352 ) (256 -688 160 ) (256 -736 160 ) (256 -736 352 ) 
4 109 110 (-352 -544 -192 ) (-352 -608 -192 ) (-352 -608 96 ) (-352 -544 96 ) 
0 -1
1 -1
2 -1
3 4 5 6 7 8 9 10 -1
11 -1
12 -1
13 14 15 16 17 18 19 20 21 22 23 24 25 26 27 28 29 30 31 32 33 34 35 36 37 38 39 40 41 -1
42 -1
43 -1
44 -1
45 -1
46 -1
47 -1
48 -1
49 50 51 52 53 54 55 56 57 58 59 60 61 62 63 64 65 66 67 68 69 70 71 -1
72 73 74 -1
75 76 77 78 -1
79 80 81 82 83 84 85 86 87 88 89 90 91 92 93 94 -1
95 96 -1
97 98 99 100 101 -1
102 -1
103 104 105 106 107 -1
108 109 110 111 112 -1
113 114 115 116 -1
117 118 119 120 121 122 123 124 -1
125 126 127 128 129 130 131 -1
132 133 134 135 136 137 138 139 140 141 142 143 144 145 146 147 148 149 150 151 152 153 154 155 156 157 -1
158 159 -1
160 -1
161 -1
162 -1
163 164 165 166 167 168 169 -1
170 171 172 173 174 175 -1
176 177 178 179 180 181 182 183 184 185 186 187 188 189 -1
190 191 192 193 194 195 196 197 198 -1
199 -1
200 201 202 203 204 205 206 207 208 209 -1
210 -1
211 212 213 214 215 -1
216 217 218 219 -1
220 221 222 223 224 -1
225 226 227 228 229 -1
230 231 232 233 234 235 236 237 238 -1
239 240 241 242 243 244 245 -1
246 247 248 249 250 251 252 253 254 255 256 257 258 259 260 261 262 263 264 265 266 267 268 269 270 271 272 273 -1
274 275 276 277 278 279 280 281 282 283 284 285 286 287 288 289 290 291 292 293 294 295 296 297 298 299 300 301 302 303 304 305 306 307 308 309 310 311 312 313 314 315 316 317 318 319 320 321 322 323 324 325 326 327 -1
328 -1
329 330 331 332 333 334 335 336 337 338 339 340 341 342 343 344 345 346 347 348 349 350 351 352 353 354 355 356 357 358 359 360 -1
361 362 363 364 365 366 367 368 369 370 371 372 373 -1
374 375 376 -1
377 -1
378 379 -1
380 381 382 383 384 385 386 387 -1
388 389 390 391 392 393 394 395 396 397 398 399 400 401 402 403 404 405 406 407 408 409 410 411 412 413 414 415 416 417 418 419 -1
420 421 422 423 424 425 426 427 428 429 430 431 -1
432 433 434 435 436 437 438 439 -1
440 -1
441 -1
442 443 444 445 446 447 448 449 450 -1
451 452 453 454 455 456 457 458 -1
459 460 461 462 -1
463 464 465 466 467 -1
468 469 470 471 472 -1
473 474 475 476 477 478 479 -1
480 -1
481 -1
482 -1
483 -1
484 -1
485 486 487 488 489 490 491 492 493 -1
494 495 496 497 498 499 -1
500 501 502 503 504 -1
505 506 507 508 509 -1
510 511 -1
512 -1
513 514 515 516 517 518 -1
519 520 521 522 523 -1
524 525 526 527 528 529 530 531 532 533 534 535 536 537 538 539 540 541 542 543 544 -1
545 -1
546 547 548 549 550 551 552 553 554 555 556 557 558 559 560 561 562 563 564 565 566 567 568 569 570 571 572 573 574 575 576 577 578 579 580 581 582 583 584 585 586 587 588 589 590 591 592 593 594 595 596 597 598 -1
599 -1
600 -1
601 602 603 604 605 606 607 608 609 610 611 612 613 -1
614 -1
615 616 617 -1
618 619 620 621 622 623 624 625 626 627 628 629 630 631 632 633 634 635 636 637 638 -1
639 -1
640 641 642 643 -1
644 645 646 647 648 649 650 651 652 653 654 -1
655 656 657 658 659 660 661 662 663 664 665 666 667 -1
668 669 670 671 672 673 674 675 676 677 678 679 680 681 682 683 684 685 686 687 688 689 690 691 692 693 694 695 696 697 698 699 700 701 702 703 704 705 706 707 708 709 710 711 712 713 714 715 716 717 718 719 720 721 722 723 724 725 726 727 728 729 730 731 732 733 734 735 736 737 738 739 740 -1
741 742 743 744 745 746 -1
747 748 749 750 751 752 753 754 755 756 757 -1
758 759 760 761 762 -1
763 -1
764 -1
765 766 767 768 769 770 771 772 773 774 775 -1
776 777 778 779 780 781 782 783 784 785 786 787 788 789 -1
790 791 792 793 794 795 -1
796 797 798 799 800 801 -1
802 803 804 805 -1
806 807 808 809 810 811 -1
812 813 814 815 816 817 -1
818 819 820 821 822 823 824 825 826 827 828 829 830 831 832 833 834 835 836 837 838 839 840 841 842 843 844 845 846 847 848 849 850 851 852 853 854 855 856 857 858 859 -1
860 861 862 863 864 865 866 867 868 869 870 871 872 873 -1
874 875 876 877 878 879 880 881 882 883 -1
884 -1
885 886 887 888 889 -1
890 891 892 893 894 895 896 897 898 899 -1
900 901 902 903 -1
904 905 906 907 908 -1
