PRT2
1043
245
631
4 0 47 (1088 544 704 ) (768 544 704 ) (768 576 704 ) (1088 576 704 ) 
4 0 8 (1632 576 704 ) (1632 544 704 ) (1088 544 704 ) (1088 576 704 ) 
4 0 4 (768 576 704 ) (768 544 704 ) (768 544 1280 ) (768 576 1280 ) 
4 1 83 (1664 -512 1280 ) (1632 -512 1280 ) (1632 -512 704 ) (1664 -512 704 ) 
4 1 32 (1664 -512 704 ) (1632 -512 704 ) (1632 32 704 ) (1664 32 704 ) 
4 1 7 (1632 32 704 ) (1632 544 704 ) (1664 544 704 ) (1664 32 704 ) 
4 2 85 (768 -512 1312 ) (768 -512 1280 ) (896 -512 1280 ) (896 -512 1312 ) 
4 2 81 (896 -512 1280 ) (1632 -512 1280 ) (1632 -512 1312 ) (896 -512 1312 ) 
4 2 5 (768 -512 1280 ) (768 -512 1312 ) (768 544 1312 ) (768 544 1280 ) 
4 3 87 (768 -512 736 ) (768 -512 704 ) (896 -512 704 ) (896 -512 736 ) 
4 3 86 (768 -512 1280 ) (768 -512 736 ) (896 -512 736 ) (896 -512 1280 ) 
4 3 84 (896 -512 704 ) (1632 -512 704 ) (1632 -512 1280 ) (896 -512 1280 ) 
5 3 68 (896 -512 704 ) (768 -512 704 ) (768 -192 704 ) (1088 -192 704 ) (1088 -320 704 ) 
4 3 60 (768 -192 704 ) (768 192 704 ) (1088 192 704 ) (1088 -192 704 ) 
3 3 57 (1088 -512 704 ) (896 -512 704 ) (1088 -320 704 ) 
4 3 49 (768 192 704 ) (768 224 704 ) (1088 224 704 ) (1088 192 704 ) 
4 3 48 (768 224 704 ) (768 544 704 ) (1088 544 704 ) (1088 224 704 ) 
5 3 35 (1152 -512 704 ) (1120 -512 704 ) (1088 -480 704 ) (1088 32 704 ) (1152 32 704 ) 
3 3 46 (1120 -512 704 ) (1088 -512 704 ) (1088 -480 704 ) 
4 3 33 (1632 -512 704 ) (1152 -512 704 ) (1152 32 704 ) (1632 32 704 ) 
4 3 10 (1088 32 704 ) (1088 544 704 ) (1632 544 704 ) (1632 32 704 ) 
4 3 6 (768 -512 736 ) (768 -512 1280 ) (768 544 1280 ) (768 544 736 ) 
4 4 137 (496 576 704 ) (496 544 704 ) (496 544 1280 ) (496 576 1280 ) 
4 4 47 (496 544 704 ) (496 576 704 ) (768 576 704 ) (768 544 704 ) 
4 5 138 (496 -512 1280 ) (496 -512 1312 ) (496 544 1312 ) (496 544 1280 ) 
4 5 85 (496 -512 1312 ) (496 -512 1280 ) (768 -512 1280 ) (768 -512 1312 ) 
4 6 139 (496 -512 736 ) (496 -512 1280 ) (496 544 1280 ) (496 544 736 ) 
4 6 86 (496 -512 1280 ) (496 -512 736 ) (768 -512 736 ) (768 -512 1280 ) 
4 7 32 (1664 32 704 ) (1632 32 704 ) (1632 32 288 ) (1664 32 288 ) 
4 8 47 (1088 544 704 ) (1088 576 704 ) (1088 576 384 ) (1088 544 384 ) 
4 8 9 (1600 576 384 ) (1632 576 384 ) (1632 544 384 ) (1600 544 384 ) 
4 10 60 (1088 32 704 ) (1088 192 704 ) (1088 192 544 ) (1088 32 544 ) 
4 10 49 (1088 192 704 ) (1088 224 704 ) (1088 224 544 ) (1088 192 544 ) 
4 10 48 (1088 224 704 ) (1088 544 704 ) (1088 544 544 ) (1088 224 544 ) 
4 10 35 (1152 32 704 ) (1088 32 704 ) (1088 32 544 ) (1152 32 544 ) 
4 10 33 (1632 32 704 ) (1152 32 704 ) (1152 32 544 ) (1632 32 544 ) 
4 10 23 (1632 32 544 ) (1152 32 544 ) (1152 224 544 ) (1632 224 544 ) 
4 10 12 (1088 224 544 ) (1088 544 544 ) (1196 544 544 ) (1196 224 544 ) 
4 10 11 (1196 544 544 ) (1632 544 544 ) (1632 224 544 ) (1196 224 544 ) 
6 11 23 (1152 224 394.666667 ) (1472 224 288 ) (1632 224 288 ) (1632 224 544 ) (1196 224 544 ) (1152 224 456 ) 
4 11 21 (1616 268.571429 302.857143 ) (1616 256 298.666667 ) (1600 256 298.666667 ) (1600 268.571429 302.857143 ) 
4 11 22 (1600 224 288 ) (1472 224 288 ) (1427.428571 268.571429 302.857143 ) (1600 268.571429 302.857143 ) 
4 11 14 (1616 544 394.666667 ) (1632 544 394.666667 ) (1632 256 298.666667 ) (1616 256 298.666667 ) 
4 11 13 (1472 224 288 ) (1125.714286 224 403.428571 ) (1125.714286 544 403.428571 ) (1152 544 394.666667 ) 
4 11 12 (1139.428571 224 430.857143 ) (1196 224 544 ) (1196 544 544 ) (1139.428571 544 430.857143 ) 
4 12 48 (1088 544 544 ) (1088 544 448 ) (1088 224 448 ) (1088 224 544 ) 
3 12 23 (1152 224 456 ) (1196 224 544 ) (1152 224 544 ) 
3 13 23 (1152 224 288 ) (1472 224 288 ) (1152 224 394.666667 ) 
4 13 22 (1427.428571 268.571429 302.857143 ) (1472 224 288 ) (1120 224 288 ) (1120 268.571429 302.857143 ) 
4 14 21 (1616 256 298.666667 ) (1616 268.571429 302.857143 ) (1616 276 288 ) (1616 256 288 ) 
3 14 15 (1616 544 362.666667 ) (1616 544 288 ) (1616 320 288 ) 
4 16 17 (1376 368 224 ) (1376 464 224 ) (1376 464 96 ) (1376 368 96 ) 
4 17 50 (1088 512 96 ) (1088 320 96 ) (1088 320 288 ) (1088 512 352 ) 
4 17 19 (1184 320 96 ) (1312 320 96 ) (1312 320 224 ) (1184 320 224 ) 
4 18 22 (1520 288 128 ) (1520 288 224 ) (1424 288 224 ) (1424 288 128 ) 
4 19 22 (1312 288 96 ) (1312 288 224 ) (1184 288 224 ) (1184 288 96 ) 
4 20 22 (1120 282.285714 275.428571 ) (1120 288 264 ) (1600 288 264 ) (1600 282.285714 275.428571 ) 
4 21 22 (1600 268.571429 302.857143 ) (1600 276 288 ) (1600 256 288 ) (1600 256 298.666667 ) 
4 22 24 (1152 224 0 ) (1600 224 0 ) (1600 224 288 ) (1152 224 288 ) 
4 23 33 (1632 32 288 ) (1632 32 544 ) (1152 32 544 ) (1152 32 288 ) 
4 23 27 (1152 48 288 ) (1152 32 288 ) (1152 32 476 ) (1152 48 476 ) 
4 23 24 (1152 224 288 ) (1600 224 288 ) (1600 32 288 ) (1152 32 288 ) 
4 24 34 (1152 32 0 ) (1600 32 0 ) (1600 32 288 ) (1152 32 288 ) 
4 24 31 (1152 160 0 ) (1152 32 0 ) (1152 32 128 ) (1152 160 128 ) 
4 24 27 (1152 32 272 ) (1152 32 288 ) (1152 48 288 ) (1152 48 272 ) 
4 25 62 (1088 32 480 ) (1088 32 512 ) (1088 192 512 ) (1088 192 480 ) 
4 25 36 (1088 32 512 ) (1088 32 480 ) (1120 32 480 ) (1120 32 512 ) 
4 25 28 (1088 32 480 ) (1088 64 480 ) (1120 64 480 ) (1120 32 480 ) 
4 25 26 (1088 64 480 ) (1088 192 480 ) (1120 192 480 ) (1120 64 480 ) 
4 26 62 (1088 64 480 ) (1088 192 480 ) (1088 192 256 ) (1088 64 256 ) 
4 26 29 (1088 64 256 ) (1088 192 256 ) (1120 192 256 ) (1120 64 256 ) 
4 26 28 (1120 64 480 ) (1088 64 480 ) (1088 64 256 ) (1120 64 256 ) 
4 27 37 (1152 32 272 ) (1152 32 476 ) (1140 32 476 ) (1140 32 272 ) 
4 28 62 (1088 32 256 ) (1088 32 480 ) (1088 64 480 ) (1088 64 256 ) 
4 28 38 (1088 32 480 ) (1088 32 256 ) (1132 32 256 ) (1132 32 480 ) 
4 28 29 (1088 32 256 ) (1088 64 256 ) (1120 64 256 ) (1120 32 256 ) 
4 29 64 (1088 32 128 ) (1088 32 160 ) (1088 192 160 ) (1088 192 128 ) 
4 29 62 (1088 32 160 ) (1088 32 256 ) (1088 192 256 ) (1088 192 160 ) 
4 29 39 (1088 32 256 ) (1088 32 128 ) (1120 32 128 ) (1120 32 256 ) 
4 29 30 (1088 160 128 ) (1088 192 128 ) (1120 192 128 ) (1120 160 128 ) 
4 29 31 (1120 32 128 ) (1088 32 128 ) (1088 160 128 ) (1120 160 128 ) 
4 30 75 (1088 192 0 ) (1088 160 0 ) (1088 160 128 ) (1088 192 128 ) 
4 30 31 (1088 160 0 ) (1120 160 0 ) (1120 160 128 ) (1088 160 128 ) 
4 31 75 (1088 160 0 ) (1088 32 0 ) (1088 32 128 ) (1088 160 128 ) 
4 31 41 (1088 32 128 ) (1088 32 0 ) (1120 32 0 ) (1120 32 128 ) 
4 32 94 (1632 -512 640 ) (1632 -512 288 ) (1664 -512 288 ) (1664 -512 640 ) 
4 32 83 (1664 -512 704 ) (1632 -512 704 ) (1632 -512 640 ) (1664 -512 640 ) 
4 33 96 (1152 -512 640 ) (1152 -512 288 ) (1632 -512 288 ) (1632 -512 640 ) 
4 33 84 (1632 -512 704 ) (1152 -512 704 ) (1152 -512 640 ) (1632 -512 640 ) 
4 33 44 (1152 -512 288 ) (1152 -512 544 ) (1152 -192 544 ) (1152 -192 288 ) 
4 33 37 (1152 32 476 ) (1152 32 288 ) (1152 -16 288 ) (1152 -16 476 ) 
4 33 35 (1152 -512 544 ) (1152 -512 704 ) (1152 32 704 ) (1152 32 544 ) 
4 33 34 (1152 -512 288 ) (1152 32 288 ) (1600 32 288 ) (1600 -512 288 ) 
4 34 97 (1376 -512 0 ) (1600 -512 0 ) (1600 -512 288 ) (1376 -512 288 ) 
4 34 99 (1152 -512 288 ) (1152 -512 0 ) (1376 -512 0 ) (1376 -512 288 ) 
4 34 45 (1152 -512 0 ) (1152 -512 128 ) (1152 -448 128 ) (1152 -448 0 ) 
4 34 44 (1152 -512 128 ) (1152 -512 288 ) (1152 -192 288 ) (1152 -192 128 ) 
4 34 42 (1152 0 0 ) (1152 -128 0 ) (1152 -128 128 ) (1152 0 128 ) 
4 34 37 (1152 -16 288 ) (1152 32 288 ) (1152 32 272 ) (1152 -16 272 ) 
4 35 96 (1120 -512 640 ) (1120 -512 544 ) (1152 -512 544 ) (1152 -512 640 ) 
4 35 84 (1152 -512 704 ) (1120 -512 704 ) (1120 -512 640 ) (1152 -512 640 ) 
4 35 68 (1088 -320 704 ) (1088 -192 704 ) (1088 -192 544 ) (1088 -320 544 ) 
4 35 60 (1088 -192 704 ) (1088 32 704 ) (1088 32 544 ) (1088 -192 544 ) 
4 35 57 (1088 -480 704 ) (1088 -320 704 ) (1088 -320 544 ) (1088 -480 544 ) 
5 35 44 (1152 -512 544 ) (1120 -512 544 ) (1088 -480 544 ) (1088 -192 544 ) (1152 -192 544 ) 
4 35 46 (1088 -480 704 ) (1088 -480 544 ) (1120 -512 544 ) (1120 -512 704 ) 
4 36 62 (1088 32 512 ) (1088 32 480 ) (1088 -160 480 ) (1088 -160 512 ) 
4 36 40 (1088 -160 480 ) (1088 -32 480 ) (1120 -32 480 ) (1120 -160 480 ) 
4 36 38 (1088 -32 480 ) (1088 32 480 ) (1120 32 480 ) (1120 -32 480 ) 
4 38 62 (1088 32 480 ) (1088 32 256 ) (1088 -32 256 ) (1088 -32 480 ) 
4 38 40 (1120 -32 480 ) (1088 -32 480 ) (1088 -32 256 ) (1120 -32 256 ) 
4 38 39 (1088 -32 256 ) (1088 32 256 ) (1120 32 256 ) (1120 -32 256 ) 
4 39 64 (1088 32 160 ) (1088 32 128 ) (1088 -32 128 ) (1088 -32 160 ) 
4 39 62 (1088 32 256 ) (1088 32 160 ) (1088 -32 160 ) (1088 -32 256 ) 
4 39 42 (1088 -32 128 ) (1088 0 128 ) (1120 0 128 ) (1120 -32 128 ) 
4 39 41 (1088 0 128 ) (1088 32 128 ) (1120 32 128 ) (1120 0 128 ) 
4 39 40 (1120 -32 256 ) (1088 -32 256 ) (1088 -32 128 ) (1120 -32 128 ) 
4 40 64 (1088 -32 128 ) (1088 -160 128 ) (1088 -160 160 ) (1088 -32 160 ) 
4 40 62 (1088 -160 160 ) (1088 -160 480 ) (1088 -32 480 ) (1088 -32 160 ) 
4 40 43 (1088 -160 128 ) (1088 -128 128 ) (1120 -128 128 ) (1120 -160 128 ) 
4 40 42 (1088 -128 128 ) (1088 -32 128 ) (1120 -32 128 ) (1120 -128 128 ) 
4 41 75 (1088 32 128 ) (1088 32 0 ) (1088 0 0 ) (1088 0 128 ) 
4 41 42 (1088 0 0 ) (1120 0 0 ) (1120 0 128 ) (1088 0 128 ) 
4 42 75 (1088 0 0 ) (1088 -128 0 ) (1088 -128 128 ) (1088 0 128 ) 
4 42 43 (1088 -128 128 ) (1088 -128 0 ) (1120 -128 0 ) (1120 -128 128 ) 
4 43 75 (1088 -128 0 ) (1088 -160 0 ) (1088 -160 128 ) (1088 -128 128 ) 
4 44 99 (1120 -512 288 ) (1120 -512 128 ) (1152 -512 128 ) (1152 -512 288 ) 
4 44 96 (1120 -512 544 ) (1120 -512 288 ) (1152 -512 288 ) (1152 -512 544 ) 
4 44 69 (1088 -192 347.792547 ) (1088 -192 309.333333 ) (1088 -320 309.333333 ) (1088 -320 347.792547 ) 
4 44 70 (1088 -192 309.333333 ) (1088 -192 128 ) (1088 -320 128 ) (1088 -320 309.333333 ) 
4 44 68 (1088 -320 544 ) (1088 -192 544 ) (1088 -192 347.792547 ) (1088 -320 347.792547 ) 
4 44 57 (1088 -480 413.466769 ) (1088 -480 544 ) (1088 -320 544 ) (1088 -320 413.466769 ) 
4 44 56 (1088 -480 128 ) (1088 -480 413.466769 ) (1088 -320 413.466769 ) (1088 -320 128 ) 
4 44 45 (1152 -512 128 ) (1120 -512 128 ) (1104 -496 128 ) (1152 -448 128 ) 
4 44 46 (1088 -480 544 ) (1088 -480 128 ) (1120 -512 128 ) (1120 -512 544 ) 
4 45 99 (1120 -512 128 ) (1120 -512 0 ) (1152 -512 0 ) (1152 -512 128 ) 
4 45 46 (1104 -496 0 ) (1120 -512 0 ) (1120 -512 128 ) (1104 -496 128 ) 
4 46 99 (1088 -512 288 ) (1088 -512 0 ) (1120 -512 0 ) (1120 -512 288 ) 
4 46 96 (1088 -512 640 ) (1088 -512 288 ) (1120 -512 288 ) (1120 -512 640 ) 
4 46 84 (1120 -512 704 ) (1088 -512 704 ) (1088 -512 640 ) (1120 -512 640 ) 
4 46 77 (1088 -512 0 ) (1088 -512 128 ) (1088 -480 128 ) (1088 -480 0 ) 
4 46 57 (1088 -512 413.466769 ) (1088 -512 704 ) (1088 -480 704 ) (1088 -480 413.466769 ) 
4 46 56 (1088 -512 128 ) (1088 -512 413.466769 ) (1088 -480 413.466769 ) (1088 -480 128 ) 
4 47 147 (496 544 704 ) (496 576 704 ) (496 576 384 ) (496 544 384 ) 
5 48 49 (1088 224 544 ) (1088 224 704 ) (768 224 704 ) (768 224 554.666667 ) (800 224 544 ) 
4 49 60 (1088 192 544 ) (1088 192 704 ) (768 192 704 ) (768 192 544 ) 
4 50 51 (928 480 160 ) (928 352 160 ) (928 352 288 ) (928 480 288 ) 
4 51 52 (896 352 288 ) (896 480 288 ) (896 480 160 ) (896 352 160 ) 
4 52 155 (496 320 416 ) (496 512 416 ) (496 512 160 ) (496 320 160 ) 
4 52 54 (544 320 416 ) (496 320 416 ) (496 320 160 ) (544 320 160 ) 
4 52 53 (896 320 160 ) (896 320 416 ) (768 320 416 ) (768 320 160 ) 
4 53 55 (768 224 160 ) (896 224 160 ) (896 224 320 ) (768 224 320 ) 
4 54 155 (496 272 416 ) (496 320 416 ) (496 320 160 ) (496 272 160 ) 
4 55 62 (768 192 160 ) (896 192 160 ) (896 192 320 ) (768 192 320 ) 
4 56 99 (1088 -512 128 ) (1088 -512 288 ) (1004.355487 -512 288 ) (897.688820 -512 128 ) 
3 56 96 (1088 -512 288 ) (1088 -512 413.466769 ) (1004.355487 -512 288 ) 
5 56 77 (1088 -512 128 ) (897.688820 -512 128 ) (897.688820 -510.311180 128 ) (1008 -400 128 ) (1088 -480 128 ) 
4 56 69 (1039.938414 -368.061586 341.374391 ) (1057.688820 -350.311180 368 ) (1088 -320 347.792547 ) (1088 -320 309.333333 ) 
5 56 70 (1088 -320 128 ) (1024 -384 128 ) (1024 -384 317.466769 ) (1039.938414 -368.061586 341.374391 ) (1088 -320 309.333333 ) 
3 56 68 (1057.688820 -350.311180 368 ) (1088 -320 413.466769 ) (1088 -320 347.792547 ) 
4 56 58 (1039.938414 -512 341.374391 ) (1057.688820 -512 368 ) (1057.688820 -384 368 ) (1039.938414 -384 341.374391 ) 
4 56 57 (1057.688820 -512 368 ) (1088 -512 413.466769 ) (1088 -320 413.466769 ) (1057.688820 -350.311180 368 ) 
4 56 59 (897.688820 -510.311180 128 ) (897.688820 -512 128 ) (1039.938414 -512 341.374391 ) (1039.938414 -368.061586 341.374391 ) 
5 57 96 (1088 -512 413.466769 ) (1088 -512 640 ) (1054.133265 -512 640 ) (929.688820 -512 453.333333 ) (1057.688820 -512 368 ) 
4 57 91 (1054.133265 -512 640 ) (896 -512 640 ) (896 -512 475.792547 ) (929.688820 -512 453.333333 ) 
4 57 84 (1088 -512 640 ) (1088 -512 704 ) (896 -512 704 ) (896 -512 640 ) 
5 57 68 (896 -512 475.792547 ) (896 -512 704 ) (1088 -320 704 ) (1088 -320 413.466769 ) (1057.688820 -350.311180 368 ) 
3 57 58 (1057.688820 -384 368 ) (1057.688820 -512 368 ) (929.688820 -512 453.333333 ) 
4 58 96 (911.938414 -512 426.707724 ) (1039.938414 -512 341.374391 ) (1057.688820 -512 368 ) (929.688820 -512 453.333333 ) 
3 58 59 (1039.938414 -384 341.374391 ) (1039.938414 -512 341.374391 ) (911.938414 -512 426.707724 ) 
4 59 99 (896 -512 288 ) (896 -512 128 ) (897.688820 -512 128 ) (1004.355487 -512 288 ) 
5 59 96 (896 -512 402.800103 ) (896 -512 288 ) (1004.355487 -512 288 ) (1039.938414 -512 341.374391 ) (911.938414 -512 426.707724 ) 
3 59 92 (896 -512 437.333333 ) (896 -512 402.800103 ) (911.938414 -512 426.707724 ) 
3 59 77 (897.688820 -512 128 ) (896 -512 128 ) (897.688820 -510.311180 128 ) 
3 59 70 (1024 -384 352 ) (1039.938414 -368.061586 341.374391 ) (1024 -384 317.466769 ) 
5 60 68 (1088 -192 544 ) (1088 -192 704 ) (768 -192 704 ) (768 -192 561.125880 ) (793.688820 -192 544 ) 
4 61 165 (496 -192 704 ) (496 -128 704 ) (496 -128 512 ) (496 -192 512 ) 
4 61 74 (496 -192 704 ) (496 -192 512 ) (736 -192 512 ) (736 -192 704 ) 
4 61 67 (496 -192 512 ) (496 -128 512 ) (576 -128 512 ) (576 -192 512 ) 
4 61 63 (736 -160 512 ) (736 -192 512 ) (576 -192 512 ) (576 -160 512 ) 
4 61 62 (576 -128 512 ) (736 -128 512 ) (736 -160 512 ) (576 -160 512 ) 
4 62 67 (576 -160 512 ) (576 -128 512 ) (576 -128 160 ) (576 -160 160 ) 
4 62 65 (896 128 160 ) (896 -160 160 ) (704 -160 160 ) (704 -64 160 ) 
4 62 64 (896 192 160 ) (1088 192 160 ) (1088 -160 160 ) (896 -160 160 ) 
4 62 63 (576 -160 512 ) (576 -160 160 ) (736 -160 160 ) (736 -160 512 ) 
4 63 74 (736 -192 512 ) (576 -192 512 ) (576 -192 160 ) (736 -192 160 ) 
4 63 67 (576 -192 160 ) (576 -192 512 ) (576 -160 512 ) (576 -160 160 ) 
4 63 66 (736 -192 160 ) (704 -192 160 ) (704 -160 160 ) (736 -160 160 ) 
4 64 75 (960 192 128 ) (1088 192 128 ) (1088 -160 128 ) (960 -160 128 ) 
4 64 76 (896 192 128 ) (960 192 128 ) (960 -160 128 ) (896 -160 128 ) 
4 64 65 (896 -160 160 ) (896 128 160 ) (896 128 128 ) (896 -160 128 ) 
4 65 76 (896 128 128 ) (896 -160 128 ) (704 -160 128 ) (704 -64 128 ) 
4 65 66 (704 -160 128 ) (736 -160 128 ) (736 -160 160 ) (704 -160 160 ) 
4 66 78 (736 -192 128 ) (704 -192 128 ) (704 -160 128 ) (736 -160 128 ) 
4 67 165 (496 -128 160 ) (496 -192 160 ) (496 -192 512 ) (496 -128 512 ) 
4 67 74 (496 -192 512 ) (496 -192 160 ) (576 -192 160 ) (576 -192 512 ) 
4 68 100 (768 -512 640 ) (768 -512 561.125880 ) (896 -512 475.792547 ) (896 -512 640 ) 
4 68 87 (896 -512 704 ) (768 -512 704 ) (768 -512 640 ) (896 -512 640 ) 
4 68 69 (1088 -320 347.792547 ) (1057.688820 -350.311180 368 ) (1057.688820 -192 368 ) (1088 -192 347.792547 ) 
4 69 70 (1039.938414 -192 341.374391 ) (1088 -192 309.333333 ) (1088 -320 309.333333 ) (1039.938414 -368.061586 341.374391 ) 
4 70 71 (1024 -192 128 ) (1024 -320 128 ) (1024 -320 320 ) (1024 -192 320 ) 
4 71 72 (992 -192 320 ) (992 -192 160 ) (992 -320 160 ) (992 -320 320 ) 
4 72 73 (768 -192 320 ) (768 -192 160 ) (768 -320 160 ) (768 -320 320 ) 
4 73 74 (736 -192 320 ) (736 -192 160 ) (736 -320 160 ) (736 -320 320 ) 
4 74 165 (496 -512 160 ) (496 -512 704 ) (496 -192 704 ) (496 -192 160 ) 
4 74 112 (672 -512 160 ) (736 -512 160 ) (736 -512 320 ) (672 -512 320 ) 
4 74 114 (496 -512 320 ) (496 -512 160 ) (672 -512 160 ) (672 -512 320 ) 
4 74 109 (496 -512 640 ) (496 -512 320 ) (736 -512 320 ) (736 -512 640 ) 
4 74 88 (736 -512 704 ) (496 -512 704 ) (496 -512 640 ) (736 -512 640 ) 
4 75 76 (960 192 128 ) (960 192 0 ) (960 -160 0 ) (960 -160 128 ) 
4 76 174 (496 -160 128 ) (496 -128 128 ) (496 -128 -20 ) (496 -160 -20 ) 
4 76 162 (496 -128 128 ) (496 48 128 ) (496 48 -20 ) (496 -128 -20 ) 
5 76 80 (496 -160 -20 ) (496 48 -20 ) (640 192 -20 ) (736 192 -20 ) (736 -160 -20 ) 
4 76 79 (736 192 -20 ) (960 192 -20 ) (960 -160 -20 ) (736 -160 -20 ) 
4 76 78 (736 -160 128 ) (496 -160 128 ) (496 -160 -20 ) (736 -160 -20 ) 
4 77 99 (1088 -512 0 ) (1088 -512 128 ) (896 -512 128 ) (896 -512 0 ) 
4 78 174 (496 -512 -20 ) (496 -512 128 ) (496 -160 128 ) (496 -160 -20 ) 
4 78 116 (640 -512 128 ) (496 -512 128 ) (496 -512 96 ) (640 -512 96 ) 
4 78 117 (496 -512 96 ) (496 -512 -20 ) (640 -512 -20 ) (640 -512 96 ) 
4 78 115 (736 -512 128 ) (640 -512 128 ) (640 -512 -20 ) (736 -512 -20 ) 
4 78 80 (736 -512 -20 ) (496 -512 -20 ) (496 -160 -20 ) (736 -160 -20 ) 
4 79 80 (736 -160 -32 ) (736 -160 -20 ) (736 192 -20 ) (736 192 -32 ) 
4 80 178 (496 -512 -32 ) (496 -512 -20 ) (496 -240 -20 ) (496 -240 -32 ) 
4 80 177 (496 -240 -20 ) (496 48 -20 ) (496 48 -32 ) (496 -240 -32 ) 
4 80 130 (736 -512 -32 ) (736 -512 -20 ) (496 -512 -20 ) (496 -512 -32 ) 
4 81 85 (896 -512 1312 ) (896 -512 1280 ) (896 -1376 1280 ) (896 -1376 1312 ) 
4 81 82 (928 -1376 1280 ) (896 -1376 1280 ) (1632 -608 1280 ) (1632 -641.391304 1280 ) 
4 82 95 (896 -1376 640 ) (1632 -608 640 ) (1632 -641.391304 640 ) (928 -1376 640 ) 
4 82 94 (1632 -608 640 ) (1664 -574.608696 640 ) (1664 -608 640 ) (1632 -641.391304 640 ) 
4 82 83 (1632 -608 1280 ) (1664 -574.608696 1280 ) (1664 -574.608696 640 ) (1632 -608 640 ) 
4 83 94 (1632 -512 640 ) (1664 -512 640 ) (1664 -574.608696 640 ) (1632 -608 640 ) 
5 84 96 (896 -1376 640 ) (896 -621.476876 640 ) (1054.133265 -512 640 ) (1632 -512 640 ) (1632 -608 640 ) 
4 84 91 (896 -527.938414 640 ) (896 -512 640 ) (1054.133265 -512 640 ) (1031.111111 -527.938414 640 ) 
3 84 93 (896 -621.476876 640 ) (896 -527.938414 640 ) (1031.111111 -527.938414 640 ) 
4 84 87 (896 -512 736 ) (896 -512 640 ) (896 -576 640 ) (896 -576 736 ) 
4 84 89 (896 -576 640 ) (896 -1376 640 ) (896 -1376 736 ) (896 -576 736 ) 
4 84 86 (896 -512 1280 ) (896 -512 736 ) (896 -1376 736 ) (896 -1376 1280 ) 
4 85 193 (496 -512 1312 ) (496 -512 1280 ) (496 -1376 1280 ) (496 -1376 1312 ) 
4 86 194 (496 -512 1280 ) (496 -512 736 ) (496 -1376 736 ) (496 -1376 1280 ) 
4 86 87 (768 -512 736 ) (896 -512 736 ) (896 -576 736 ) (768 -576 736 ) 
4 86 89 (496 -1376 736 ) (496 -576 736 ) (896 -576 736 ) (896 -1376 736 ) 
4 87 100 (768 -512 640 ) (896 -512 640 ) (896 -576 640 ) (768 -576 640 ) 
4 87 89 (768 -576 640 ) (896 -576 640 ) (896 -576 736 ) (768 -576 736 ) 
4 88 203 (496 -512 704 ) (496 -512 640 ) (496 -544 640 ) (496 -544 704 ) 
4 88 109 (496 -544 640 ) (496 -512 640 ) (736 -512 640 ) (736 -544 640 ) 
4 89 230 (496 -1120 640 ) (496 -1376 640 ) (496 -1376 704 ) (496 -1120 704 ) 
4 89 204 (496 -576 640 ) (496 -1120 640 ) (496 -1120 704 ) (496 -576 704 ) 
4 89 196 (496 -1376 704 ) (496 -1376 736 ) (496 -576 736 ) (496 -576 704 ) 
4 89 128 (496 -1376 640 ) (496 -1120 640 ) (864 -1120 640 ) (864 -1376 640 ) 
4 89 127 (864 -1120 640 ) (896 -1120 640 ) (896 -1376 640 ) (864 -1376 640 ) 
4 89 111 (496 -1120 640 ) (496 -576 640 ) (736 -576 640 ) (736 -1120 640 ) 
4 89 101 (736 -576 640 ) (768 -576 640 ) (768 -1120 640 ) (736 -1120 640 ) 
4 89 100 (768 -576 640 ) (896 -576 640 ) (896 -1120 640 ) (768 -1120 640 ) 
4 90 244 (496 -1376 704 ) (496 -1376 640 ) (496 -1408 640 ) (496 -1408 704 ) 
4 90 197 (496 -1408 1280 ) (496 -1376 1280 ) (496 -1376 704 ) (496 -1408 704 ) 
4 90 136 (496 -1408 640 ) (496 -1376 640 ) (896 -1376 640 ) (896 -1408 640 ) 
4 91 100 (896 -527.938414 640 ) (896 -512 640 ) (896 -512 475.792547 ) (896 -527.938414 475.792547 ) 
4 91 96 (929.688820 -512 453.333333 ) (1054.133265 -512 640 ) (1031.111111 -527.938414 640 ) (913.750406 -527.938414 463.958943 ) 
4 91 93 (896 -527.938414 640 ) (896 -527.938414 475.792547 ) (913.750406 -527.938414 463.958943 ) (1031.111111 -527.938414 640 ) 
3 92 104 (896 -512 437.333333 ) (896 -512 402.800103 ) (896 -527.938414 437.333333 ) 
3 92 96 (896 -512 402.800103 ) (911.938414 -512 426.707724 ) (896 -527.938414 437.333333 ) 
3 93 102 (896 -527.938414 475.792547 ) (896 -527.938414 437.333333 ) (896 -545.688820 475.792547 ) 
4 93 100 (896 -621.476876 640 ) (896 -527.938414 640 ) (896 -527.938414 475.792547 ) (896 -545.688820 475.792547 ) 
3 93 96 (1031.111111 -527.938414 640 ) (896 -621.476876 640 ) (896 -527.938414 437.333333 ) 
4 94 95 (1632 -641.391304 288 ) (1632 -641.391304 640 ) (1632 -608 640 ) (1632 -608 288 ) 
4 96 127 (896 -1376 288 ) (896 -1376 640 ) (896 -1120 640 ) (896 -1120 288 ) 
5 96 104 (896 -527.938414 437.333333 ) (896 -512 402.800103 ) (896 -512 288 ) (896 -576 288 ) (896 -576 437.333333 ) 
4 96 105 (896 -576 288 ) (896 -1120 288 ) (896 -1120 437.333333 ) (896 -576 437.333333 ) 
4 96 102 (896 -545.688820 475.792547 ) (896 -527.938414 437.333333 ) (896 -1120 437.333333 ) (896 -1120 475.792547 ) 
4 96 100 (896 -1120 640 ) (896 -621.476876 640 ) (896 -545.688820 475.792547 ) (896 -1120 475.792547 ) 
4 96 97 (1312 -576 288 ) (1376 -512 288 ) (1600 -512 288 ) (1600 -576 288 ) 
3 96 99 (896 -992 288 ) (896 -512 288 ) (1376 -512 288 ) 
4 97 99 (1376 -512 288 ) (1376 -512 0 ) (1312 -576 0 ) (1312 -576 288 ) 
4 99 106 (896 -992 288 ) (896 -512 288 ) (896 -512 0 ) (896 -992 0 ) 
4 100 128 (864 -1120 640 ) (768 -1120 640 ) (768 -1120 561.125880 ) (864 -1120 497.125880 ) 
4 100 127 (896 -1120 475.792547 ) (896 -1120 640 ) (864 -1120 640 ) (864 -1120 497.125880 ) 
4 100 102 (896 -527.938414 475.792547 ) (896 -1120 475.792547 ) (768 -1120 561.125880 ) (768 -527.938414 561.125880 ) 
4 100 101 (768 -576 561.125880 ) (768 -1120 561.125880 ) (768 -1120 640 ) (768 -576 640 ) 
4 101 128 (768 -1120 640 ) (736 -1120 640 ) (736 -1120 582.459214 ) (768 -1120 561.125880 ) 
4 101 111 (736 -1120 582.459214 ) (736 -1120 640 ) (736 -576 640 ) (736 -576 582.459214 ) 
4 101 103 (736 -1120 582.459214 ) (736 -576 582.459214 ) (768 -576 561.125880 ) (768 -1120 561.125880 ) 
4 102 128 (864 -1120 497.125880 ) (768 -1120 561.125880 ) (768 -1120 522.666667 ) (864 -1120 458.666667 ) 
4 102 127 (896 -1120 437.333333 ) (896 -1120 475.792547 ) (864 -1120 497.125880 ) (864 -1120 458.666667 ) 
4 102 104 (896 -527.938414 437.333333 ) (896 -576 437.333333 ) (768 -576 522.666667 ) (768 -527.938414 522.666667 ) 
4 102 105 (896 -576 437.333333 ) (896 -1120 437.333333 ) (768 -1120 522.666667 ) (768 -576 522.666667 ) 
4 102 103 (768 -576 522.666667 ) (768 -1120 522.666667 ) (768 -1120 561.125880 ) (768 -576 561.125880 ) 
4 103 128 (768 -1120 561.125880 ) (736 -1120 582.459214 ) (736 -1120 544 ) (768 -1120 522.666667 ) 
4 103 111 (736 -1120 544 ) (736 -1120 582.459214 ) (736 -576 582.459214 ) (736 -576 544 ) 
4 103 105 (768 -576 522.666667 ) (768 -1120 522.666667 ) (736 -1120 544 ) (736 -576 544 ) 
4 104 107 (768 -512 288 ) (864 -512 288 ) (864 -576 288 ) (768 -576 288 ) 
4 104 106 (864 -512 288 ) (896 -512 288 ) (896 -576 288 ) (864 -576 288 ) 
4 104 105 (768 -576 288 ) (896 -576 288 ) (896 -576 437.333333 ) (768 -576 522.666667 ) 
4 105 128 (864 -1120 458.666667 ) (736 -1120 544 ) (736 -1120 288 ) (864 -1120 288 ) 
4 105 127 (896 -1120 288 ) (896 -1120 437.333333 ) (864 -1120 458.666667 ) (864 -1120 288 ) 
4 105 113 (736 -1120 288 ) (736 -1120 320 ) (736 -576 320 ) (736 -576 288 ) 
4 105 111 (736 -1120 320 ) (736 -1120 544 ) (736 -576 544 ) (736 -576 320 ) 
4 105 108 (736 -1120 288 ) (736 -576 288 ) (864 -576 288 ) (864 -1120 288 ) 
4 105 106 (864 -576 288 ) (896 -576 288 ) (896 -992 288 ) (864 -1024 288 ) 
4 106 107 (864 -512 0 ) (864 -576 0 ) (864 -576 288 ) (864 -512 288 ) 
4 106 108 (864 -576 0 ) (864 -1024 0 ) (864 -1024 288 ) (864 -576 288 ) 
4 107 108 (768 -576 0 ) (864 -576 0 ) (864 -576 288 ) (768 -576 288 ) 
4 108 129 (864 -1120 288 ) (736 -1120 288 ) (736 -1120 96 ) (864 -1120 96 ) 
4 108 119 (736 -1024 96 ) (736 -576 96 ) (736 -576 0 ) (736 -1024 0 ) 
4 108 118 (736 -1120 96 ) (736 -1120 160 ) (736 -576 160 ) (736 -576 96 ) 
4 108 113 (736 -1120 160 ) (736 -1120 288 ) (736 -576 288 ) (736 -576 160 ) 
4 109 203 (496 -544 640 ) (496 -512 640 ) (496 -512 320 ) (496 -544 320 ) 
4 109 112 (672 -512 320 ) (736 -512 320 ) (736 -544 320 ) (672 -544 320 ) 
4 109 114 (496 -512 320 ) (672 -512 320 ) (672 -544 320 ) (496 -544 320 ) 
4 109 110 (592 -544 640 ) (496 -544 640 ) (496 -544 384 ) (592 -544 384 ) 
4 110 111 (496 -576 640 ) (496 -576 384 ) (592 -576 384 ) (592 -576 640 ) 
4 111 204 (496 -1120 640 ) (496 -576 640 ) (496 -576 320 ) (496 -1120 320 ) 
4 111 128 (496 -1120 640 ) (496 -1120 320 ) (736 -1120 320 ) (736 -1120 640 ) 
4 111 113 (736 -576 320 ) (736 -1120 320 ) (672 -1120 320 ) (672 -576 320 ) 
4 111 114 (672 -1120 320 ) (496 -1120 320 ) (496 -576 320 ) (672 -576 320 ) 
4 112 114 (672 -512 320 ) (672 -512 160 ) (672 -544 160 ) (672 -544 320 ) 
4 113 129 (672 -1120 160 ) (736 -1120 160 ) (736 -1120 288 ) (672 -1120 288 ) 
4 113 128 (736 -1120 288 ) (736 -1120 320 ) (672 -1120 320 ) (672 -1120 288 ) 
4 113 118 (736 -1120 160 ) (672 -1120 160 ) (672 -576 160 ) (736 -576 160 ) 
4 113 114 (672 -576 160 ) (672 -1120 160 ) (672 -1120 320 ) (672 -576 320 ) 
4 114 205 (496 -512 320 ) (496 -512 160 ) (496 -1120 160 ) (496 -1120 320 ) 
4 114 129 (496 -1120 288 ) (496 -1120 160 ) (672 -1120 160 ) (672 -1120 288 ) 
4 114 128 (496 -1120 320 ) (496 -1120 288 ) (672 -1120 288 ) (672 -1120 320 ) 
4 114 118 (672 -1120 160 ) (496 -1120 160 ) (496 -576 160 ) (672 -576 160 ) 
4 115 130 (640 -512 -20 ) (736 -512 -20 ) (736 -544 -20 ) (640 -544 -20 ) 
4 115 116 (640 -512 128 ) (640 -512 96 ) (640 -544 96 ) (640 -544 128 ) 
4 115 117 (640 -512 96 ) (640 -512 -20 ) (640 -544 -20 ) (640 -544 96 ) 
4 116 209 (496 -512 128 ) (496 -512 96 ) (496 -544 96 ) (496 -544 128 ) 
4 116 117 (496 -544 96 ) (496 -512 96 ) (640 -512 96 ) (640 -544 96 ) 
4 117 210 (496 -512 96 ) (496 -512 -20 ) (496 -576 -20 ) (496 -576 96 ) 
4 117 131 (496 -576 -20 ) (496 -544 -20 ) (624 -544 -20 ) (624 -576 -20 ) 
4 117 130 (496 -544 -20 ) (496 -512 -20 ) (640 -512 -20 ) (640 -544 -20 ) 
4 117 125 (496 -576 96 ) (496 -576 -20 ) (512 -576 -20 ) (512 -576 96 ) 
4 117 124 (512 -576 -20 ) (576 -576 -20 ) (576 -576 96 ) (512 -576 96 ) 
4 117 122 (576 -576 -20 ) (640 -576 -20 ) (640 -576 96 ) (576 -576 96 ) 
4 118 212 (496 -1120 96 ) (496 -1120 128 ) (496 -576 128 ) (496 -576 96 ) 
4 118 208 (496 -1120 128 ) (496 -1120 160 ) (496 -576 160 ) (496 -576 128 ) 
4 118 129 (496 -1120 160 ) (496 -1120 96 ) (736 -1120 96 ) (736 -1120 160 ) 
4 118 126 (496 -912 96 ) (496 -896 96 ) (512 -896 96 ) (512 -912 96 ) 
4 118 125 (496 -896 96 ) (496 -576 96 ) (512 -576 96 ) (512 -896 96 ) 
4 118 124 (512 -576 96 ) (576 -576 96 ) (576 -1020 96 ) (512 -1020 96 ) 
4 118 123 (640 -896 96 ) (640 -1024 96 ) (576 -1024 96 ) (576 -896 96 ) 
4 118 122 (576 -576 96 ) (640 -576 96 ) (640 -896 96 ) (576 -896 96 ) 
4 118 119 (640 -576 96 ) (736 -576 96 ) (736 -1024 96 ) (640 -1024 96 ) 
4 119 123 (640 -1024 96 ) (640 -896 96 ) (640 -896 32 ) (640 -1024 32 ) 
4 119 122 (640 -896 96 ) (640 -576 96 ) (640 -576 0 ) (640 -896 0 ) 
3 119 120 (640 -768 0 ) (640 -672 0 ) (672 -640 0 ) 
3 119 121 (640 -672 0 ) (640 -576 0 ) (736 -576 0 ) 
4 120 122 (640 -768 -16 ) (640 -768 0 ) (640 -672 0 ) (640 -672 -16 ) 
4 120 121 (640 -672 -16 ) (640 -672 0 ) (672 -640 0 ) (672 -640 -16 ) 
3 121 132 (640 -576 -20 ) (688 -576 -20 ) (640 -624 -20 ) 
4 121 122 (640 -576 0 ) (640 -576 -20 ) (640 -672 -20 ) (640 -672 0 ) 
4 122 133 (576 -576 -20 ) (640 -576 -20 ) (640 -896 -20 ) (576 -896 -20 ) 
4 122 124 (576 -576 96 ) (576 -576 -20 ) (576 -896 -20 ) (576 -896 96 ) 
4 122 123 (640 -896 32 ) (640 -896 96 ) (576 -896 96 ) (576 -896 32 ) 
4 123 124 (576 -1020 96 ) (576 -896 96 ) (576 -896 32 ) (576 -1020 32 ) 
4 124 134 (512 -576 -20 ) (576 -576 -20 ) (576 -1020 -20 ) (512 -1020 -20 ) 
4 124 126 (512 -912 96 ) (512 -896 96 ) (512 -896 32 ) (512 -912 32 ) 
4 124 125 (512 -576 96 ) (512 -576 -20 ) (512 -896 -20 ) (512 -896 96 ) 
4 125 215 (496 -576 -20 ) (496 -896 -20 ) (496 -896 0 ) (496 -576 0 ) 
4 125 214 (496 -896 0 ) (496 -896 32 ) (496 -576 32 ) (496 -576 0 ) 
4 125 213 (496 -896 32 ) (496 -896 96 ) (496 -576 96 ) (496 -576 32 ) 
4 125 135 (496 -896 -20 ) (496 -576 -20 ) (512 -576 -20 ) (512 -896 -20 ) 
4 125 126 (512 -896 32 ) (512 -896 96 ) (496 -896 96 ) (496 -896 32 ) 
4 126 213 (496 -912 96 ) (496 -896 96 ) (496 -896 32 ) (496 -912 32 ) 
4 127 128 (864 -1376 288 ) (864 -1376 640 ) (864 -1120 640 ) (864 -1120 288 ) 
4 128 230 (496 -1376 288 ) (496 -1376 640 ) (496 -1120 640 ) (496 -1120 288 ) 
4 128 129 (496 -1344 288 ) (496 -1120 288 ) (864 -1120 288 ) (864 -1344 288 ) 
4 129 231 (496 -1344 288 ) (496 -1120 288 ) (496 -1120 96 ) (496 -1344 96 ) 
4 130 240 (496 -544 -32 ) (496 -544 -20 ) (496 -512 -20 ) (496 -512 -32 ) 
4 130 131 (624 -544 -20 ) (496 -544 -20 ) (496 -544 -32 ) (624 -544 -32 ) 
4 131 241 (496 -576 -32 ) (496 -576 -20 ) (496 -544 -20 ) (496 -544 -32 ) 
4 131 135 (512 -576 -20 ) (496 -576 -20 ) (496 -576 -32 ) (512 -576 -32 ) 
4 131 134 (576 -576 -20 ) (512 -576 -20 ) (512 -576 -32 ) (576 -576 -32 ) 
4 131 133 (624 -576 -20 ) (576 -576 -20 ) (576 -576 -32 ) (624 -576 -32 ) 
4 132 133 (640 -624 -20 ) (640 -576 -20 ) (640 -576 -32 ) (640 -624 -32 ) 
4 133 134 (576 -896 -20 ) (576 -576 -20 ) (576 -576 -32 ) (576 -896 -32 ) 
4 134 135 (512 -576 -20 ) (512 -576 -32 ) (512 -896 -32 ) (512 -896 -20 ) 
4 135 242 (496 -896 -20 ) (496 -576 -20 ) (496 -576 -32 ) (496 -896 -32 ) 
4 136 244 (496 -1408 640 ) (496 -1376 640 ) (496 -1376 288 ) (496 -1408 288 ) 
4 137 147 (496 576 704 ) (496 544 704 ) (320 544 704 ) (320 576 704 ) 
4 137 141 (320 576 704 ) (320 544 704 ) (320 544 1280 ) (320 576 1280 ) 
4 138 193 (496 -512 1280 ) (496 -512 1312 ) (320 -512 1312 ) (320 -512 1280 ) 
4 138 143 (320 -512 1280 ) (320 -512 1312 ) (320 288 1312 ) (320 288 1280 ) 
4 138 140 (320 288 1312 ) (320 544 1312 ) (320 544 1280 ) (320 288 1280 ) 
4 139 194 (496 -512 736 ) (496 -512 1280 ) (320 -512 1280 ) (320 -512 736 ) 
4 139 144 (320 -512 736 ) (320 -512 1280 ) (320 288 1280 ) (320 288 736 ) 
4 139 142 (320 288 1280 ) (320 544 1280 ) (320 544 736 ) (320 288 736 ) 
4 140 143 (320 288 1280 ) (320 288 1312 ) (-672 288 1312 ) (-672 288 1280 ) 
4 140 141 (-672 288 1280 ) (-672 320 1280 ) (196 544 1280 ) (320 544 1280 ) 
4 141 179 (-64 444.903226 704 ) (-672 288 704 ) (-672 320 704 ) (-64 476.903226 704 ) 
4 141 149 (320 544 704 ) (-64 444.903226 704 ) (-64 476.903226 704 ) (196 544 704 ) 
3 141 148 (320 576 704 ) (320 544 704 ) (196 544 704 ) 
3 142 180 (-64 288 704 ) (-672 288 704 ) (-64 444.903226 704 ) 
4 142 151 (320 544 704 ) (320 288 704 ) (-64 288 704 ) (-64 444.903226 704 ) 
4 142 144 (-672 288 704 ) (320 288 704 ) (320 288 1280 ) (-672 288 1280 ) 
4 143 198 (192 -512 1312 ) (-672 -512 1312 ) (-672 -512 1280 ) (192 -512 1280 ) 
4 143 193 (320 -512 1280 ) (320 -512 1312 ) (192 -512 1312 ) (192 -512 1280 ) 
4 143 145 (-330.666667 -512 1280 ) (-362.666667 -512 1280 ) (-672 -164 1280 ) (-672 -128 1280 ) 
4 144 200 (-330.666667 -512 704 ) (-316.235294 -512 704 ) (-316.235294 -512 1280 ) (-330.666667 -512 1280 ) 
4 144 199 (-316.235294 -512 704 ) (192 -512 704 ) (192 -512 1280 ) (-316.235294 -512 1280 ) 
4 144 195 (192 -512 704 ) (320 -512 704 ) (320 -512 736 ) (192 -512 736 ) 
4 144 194 (320 -512 736 ) (320 -512 1280 ) (192 -512 1280 ) (192 -512 736 ) 
4 144 186 (-64 -128 704 ) (-64 -512 704 ) (-330.666667 -512 704 ) (-672 -128 704 ) 
4 144 182 (-672 288 704 ) (-64 288 704 ) (-64 -128 704 ) (-672 -128 704 ) 
3 144 176 (0 -512 704 ) (-64 -512 704 ) (-64 -448 704 ) 
5 144 167 (320 -128 704 ) (320 -512 704 ) (0 -512 704 ) (-64 -448 704 ) (-64 -128 704 ) 
4 144 161 (320 64 704 ) (320 -128 704 ) (-64 -128 704 ) (-64 64 704 ) 
4 144 153 (-64 288 704 ) (320 288 704 ) (320 64 704 ) (-64 64 704 ) 
4 145 202 (-362.666667 -512 704 ) (-348.235294 -512 704 ) (-348.235294 -512 1280 ) (-362.666667 -512 1280 ) 
4 145 201 (-348.235294 -512 704 ) (-330.666667 -512 704 ) (-330.666667 -512 1280 ) (-348.235294 -512 1280 ) 
4 145 192 (-330.666667 -512 704 ) (-362.666667 -512 704 ) (-672 -164 704 ) (-672 -128 704 ) 
4 145 146 (-672 -128 704 ) (-672 -164 704 ) (-672 -164 1280 ) (-672 -128 1280 ) 
3 146 192 (-672 -128 704 ) (-672 -164 704 ) (-704 -128 704 ) 
4 146 183 (-704 288 704 ) (-672 288 704 ) (-672 -128 704 ) (-704 -128 704 ) 
4 147 148 (320 544 448 ) (320 544 704 ) (320 576 704 ) (320 576 448 ) 
4 148 149 (320 544 704 ) (196 544 704 ) (196 544 478.459214 ) (320 544 561.125880 ) 
3 148 150 (208 544 448 ) (320 544 448 ) (320 544 522.666667 ) 
4 149 179 (-64 444.903226 704 ) (-64 476.903226 704 ) (-64 476.903226 448 ) (-64 444.903226 448 ) 
4 151 180 (-64 288 704 ) (-64 444.903226 704 ) (-64 444.903226 448 ) (-64 288 448 ) 
5 151 153 (320 288 704 ) (-64 288 704 ) (-64 288 448 ) (150.311180 288 448 ) (320 288 561.125880 ) 
4 152 181 (-64 444.903226 448 ) (-64 444.903226 416 ) (-64 288 416 ) (-64 288 448 ) 
4 153 182 (-64 64 704 ) (-64 288 704 ) (-64 288 448 ) (-64 64 448 ) 
5 153 161 (320 64 704 ) (-64 64 704 ) (-64 64 448 ) (150.311180 64 448 ) (320 64 561.125880 ) 
4 154 163 (480 64 416 ) (288 64 416 ) (288 64 160 ) (480 64 160 ) 
3 154 157 (480 64 160 ) (288 64 160 ) (384 160 160 ) 
4 154 156 (384 160 160 ) (288 64 160 ) (288 64 416 ) (384 160 416 ) 
3 155 158 (480 256 160 ) (192 256 160 ) (336 400 160 ) 
4 155 156 (192 256 160 ) (480 256 160 ) (480 256 416 ) (192 256 416 ) 
4 156 163 (288 64 416 ) (192 64 416 ) (192 64 160 ) (288 64 160 ) 
4 156 160 (-32 96 256 ) (-32 224 256 ) (-32 224 160 ) (-32 96 160 ) 
4 156 159 (0 64 160 ) (-32 64 160 ) (-32 256 160 ) (192 256 160 ) 
4 156 158 (480 256 160 ) (288 64 160 ) (0 64 160 ) (192 256 160 ) 
4 157 164 (288 64 64 ) (288 64 -20 ) (480 64 -20 ) (480 64 64 ) 
4 157 163 (480 64 160 ) (288 64 160 ) (288 64 64 ) (480 64 64 ) 
4 157 158 (288 64 64 ) (288 64 160 ) (384 160 160 ) (384 160 64 ) 
4 158 163 (288 64 160 ) (192 64 160 ) (192 64 64 ) (288 64 64 ) 
4 158 159 (0 64 64 ) (0 64 160 ) (192 256 160 ) (192 256 64 ) 
4 159 160 (-32 96 160 ) (-32 224 160 ) (-32 224 64 ) (-32 96 64 ) 
4 160 184 (-64 224 64 ) (-64 96 64 ) (-64 96 256 ) (-64 224 256 ) 
4 161 182 (-64 -128 704 ) (-64 64 704 ) (-64 64 448 ) (-64 -128 448 ) 
6 161 167 (320 -128 704 ) (-64 -128 704 ) (-64 -128 509.466769 ) (-23.022154 -128 448 ) (150.311180 -128 448 ) (320 -128 561.125880 ) 
3 161 168 (-64 -128 509.466769 ) (-64 -128 448 ) (-23.022154 -128 448 ) 
3 162 178 (384 -128 -20 ) (352 -128 -20 ) (352 -96 -20 ) 
4 162 177 (496 48 -20 ) (496 -128 -20 ) (384 -128 -20 ) (352 -96 -20 ) 
4 162 174 (496 -128 -20 ) (496 -128 128 ) (352 -128 128 ) (352 -128 -20 ) 
4 162 164 (496 48 64 ) (496 48 -20 ) (352 -96 -20 ) (352 -96 64 ) 
4 162 163 (352 -96 128 ) (496 48 128 ) (496 48 64 ) (352 -96 64 ) 
5 163 164 (288 64 64 ) (480 64 64 ) (496 48 64 ) (352 -96 64 ) (240 16 64 ) 
4 164 177 (480 64 -20 ) (496 48 -20 ) (352 -96 -20 ) (336 -80 -20 ) 
4 165 206 (416 -512 320 ) (352 -512 320 ) (352 -512 160 ) (416 -512 160 ) 
4 165 205 (496 -512 160 ) (496 -512 320 ) (416 -512 320 ) (416 -512 160 ) 
4 165 203 (496 -512 320 ) (496 -512 704 ) (352 -512 704 ) (352 -512 320 ) 
4 165 166 (352 -256 320 ) (352 -128 320 ) (352 -128 160 ) (352 -256 160 ) 
4 166 170 (320 -256 320 ) (320 -128 320 ) (320 -128 160 ) (320 -256 160 ) 
5 167 220 (320 -512 704 ) (0 -512 704 ) (0 -512 690.800103 ) (158.311180 -512 453.333333 ) (320 -512 561.125880 ) 
5 167 186 (-64 -448 704 ) (-64 -128 704 ) (-64 -128 509.466769 ) (-64 -384 509.466769 ) (-64 -448 648.133436 ) 
4 167 176 (-64 -448 704 ) (-64 -448 648.133436 ) (0 -512 690.800103 ) (0 -512 704 ) 
4 167 168 (-64 -128 509.466769 ) (30.311180 -128 368 ) (30.311180 -384 368 ) (-64 -384 509.466769 ) 
5 167 169 (158.311180 -512 453.333333 ) (0 -512 690.800103 ) (-64 -448 648.133436 ) (-64 -384 509.466769 ) (30.311180 -384 368 ) 
4 168 187 (-64 -128 288 ) (-64 -128 266.666667 ) (-64 -271.938414 266.666667 ) (-64 -281.784568 288 ) 
4 168 186 (-64 -128 509.466769 ) (-64 -128 288 ) (-64 -281.784568 288 ) (-64 -384 509.466769 ) 
4 168 173 (-64 -128 266.666667 ) (48.061586 -128 341.374391 ) (48.061586 -384 341.374391 ) (-64 -271.938414 266.666667 ) 
3 168 169 (-64 -384 509.466769 ) (-64 -271.938414 266.666667 ) (48.061586 -384 341.374391 ) 
3 169 225 (0 -512 690.800103 ) (0 -512 309.333333 ) (176.061586 -512 426.707724 ) 
4 169 187 (-64 -271.938414 266.666667 ) (-64 -448 266.666667 ) (-64 -448 288 ) (-64 -281.784568 288 ) 
3 169 186 (-64 -448 288 ) (-64 -448 648.133436 ) (-64 -281.784568 288 ) 
4 169 176 (-64 -448 648.133436 ) (-64 -448 266.666667 ) (0 -512 309.333333 ) (0 -512 690.800103 ) 
3 169 172 (176.061586 -512 426.707724 ) (64 -512 352 ) (64 -399.938414 352 ) 
5 169 173 (64 -512 352 ) (0 -512 309.333333 ) (-64 -448 266.666667 ) (-64 -271.938414 266.666667 ) (64 -399.938414 352 ) 
4 170 171 (96 -128 320 ) (96 -128 160 ) (96 -256 160 ) (96 -256 320 ) 
4 171 173 (64 -128 320 ) (64 -128 128 ) (64 -256 128 ) (64 -256 320 ) 
4 172 226 (64 -512 128 ) (192 -512 128 ) (192 -512 288 ) (64 -512 288 ) 
5 172 225 (192 -512 288 ) (192 -512 402.800103 ) (176.061586 -512 426.707724 ) (64 -512 352 ) (64 -512 288 ) 
3 172 221 (192 -512 402.800103 ) (192 -512 437.333333 ) (176.061586 -512 426.707724 ) 
4 172 175 (192 -512 128 ) (64 -512 128 ) (64 -416 128 ) (80 -400 128 ) 
4 172 173 (64 -512 128 ) (64 -512 352 ) (64 -384 352 ) (64 -384 128 ) 
4 173 226 (0 -512 288 ) (0 -512 128 ) (64 -512 128 ) (64 -512 288 ) 
4 173 225 (0 -512 309.333333 ) (0 -512 288 ) (64 -512 288 ) (64 -512 352 ) 
4 173 187 (-64 -128 266.666667 ) (-64 -128 128 ) (-64 -448 128 ) (-64 -448 266.666667 ) 
4 173 176 (-64 -448 266.666667 ) (-64 -448 128 ) (0 -512 128 ) (0 -512 309.333333 ) 
4 173 175 (64 -512 128 ) (0 -512 128 ) (-16 -496 128 ) (64 -416 128 ) 
4 174 211 (448 -512 128 ) (352 -512 128 ) (352 -512 -20 ) (448 -512 -20 ) 
4 174 209 (496 -512 96 ) (496 -512 128 ) (448 -512 128 ) (448 -512 96 ) 
4 174 210 (496 -512 -20 ) (496 -512 96 ) (448 -512 96 ) (448 -512 -20 ) 
5 174 178 (496 -512 -20 ) (352 -512 -20 ) (352 -128 -20 ) (384 -128 -20 ) (496 -240 -20 ) 
3 174 177 (384 -128 -20 ) (496 -128 -20 ) (496 -240 -20 ) 
4 175 226 (192 -512 128 ) (0 -512 128 ) (0 -512 0 ) (192 -512 0 ) 
4 175 176 (-16 -496 0 ) (0 -512 0 ) (0 -512 128 ) (-16 -496 128 ) 
4 176 226 (-64 -512 288 ) (-64 -512 0 ) (0 -512 0 ) (0 -512 288 ) 
5 176 225 (-8.799932 -512 704 ) (-64 -512 704 ) (-64 -512 288 ) (0 -512 288 ) (0 -512 690.800103 ) 
3 176 220 (0 -512 704 ) (-8.799932 -512 704 ) (0 -512 690.800103 ) 
4 176 187 (-64 -512 0 ) (-64 -512 288 ) (-64 -448 288 ) (-64 -448 0 ) 
4 176 186 (-64 -512 288 ) (-64 -512 704 ) (-64 -448 704 ) (-64 -448 288 ) 
4 177 178 (352 -96 -32 ) (496 -240 -32 ) (496 -240 -20 ) (352 -96 -20 ) 
4 178 240 (496 -512 -32 ) (496 -512 -20 ) (352 -512 -20 ) (352 -512 -32 ) 
4 180 182 (-64 288 448 ) (-64 288 704 ) (-672 288 704 ) (-672 288 448 ) 
4 182 186 (-64 -128 448 ) (-64 -128 704 ) (-672 -128 704 ) (-672 -128 448 ) 
4 183 192 (-704 -128 448 ) (-672 -128 448 ) (-672 -128 704 ) (-704 -128 704 ) 
4 184 190 (-384 -128 64 ) (-256 -128 64 ) (-256 -128 256 ) (-384 -128 256 ) 
4 184 188 (-256 -128 256 ) (-256 -128 288 ) (-384 -128 288 ) (-384 -128 256 ) 
4 184 187 (-256 -128 64 ) (-64 -128 64 ) (-64 -128 288 ) (-256 -128 288 ) 
4 184 186 (-64 -128 288 ) (-64 -128 384 ) (-384 -128 384 ) (-384 -128 288 ) 
4 184 185 (-64 -128 64 ) (-384 -128 64 ) (-384 64 64 ) (-64 64 64 ) 
4 185 190 (-384 -128 0 ) (-256 -128 0 ) (-256 -128 64 ) (-384 -128 64 ) 
4 185 187 (-256 -128 0 ) (-64 -128 0 ) (-64 -128 64 ) (-256 -128 64 ) 
4 186 236 (-316.235294 -512 704 ) (-330.666667 -512 704 ) (-330.666667 -512 288 ) (-316.235294 -512 288 ) 
4 186 234 (-288 -512 704 ) (-316.235294 -512 704 ) (-316.235294 -512 288 ) (-288 -512 288 ) 
4 186 227 (-256 -512 704 ) (-288 -512 704 ) (-288 -512 288 ) (-256 -512 288 ) 
4 186 225 (-64 -512 288 ) (-64 -512 704 ) (-256 -512 704 ) (-256 -512 288 ) 
4 186 188 (-416 -128 288 ) (-256 -128 288 ) (-256 -272 288 ) (-416 -192 288 ) 
4 186 187 (-64 -512 288 ) (-256 -512 288 ) (-256 -128 288 ) (-64 -128 288 ) 
4 187 226 (-256 -512 0 ) (-64 -512 0 ) (-64 -512 288 ) (-256 -512 288 ) 
4 187 190 (-256 -128 256 ) (-256 -128 0 ) (-256 -272 0 ) (-256 -272 256 ) 
4 187 188 (-256 -272 288 ) (-256 -128 288 ) (-256 -128 256 ) (-256 -272 256 ) 
4 188 190 (-416 -128 256 ) (-256 -128 256 ) (-256 -272 256 ) (-416 -192 256 ) 
4 189 238 (-316.235294 -512 288 ) (-330.666667 -512 288 ) (-330.666667 -512 256 ) (-316.235294 -512 256 ) 
4 189 235 (-288 -512 288 ) (-316.235294 -512 288 ) (-316.235294 -512 256 ) (-288 -512 256 ) 
4 189 191 (-448 -208 256 ) (-448 -380 256 ) (-448 -380 288 ) (-448 -208 288 ) 
4 192 239 (-348.235294 -512 704 ) (-362.666667 -512 704 ) (-362.666667 -512 288 ) (-348.235294 -512 288 ) 
4 192 237 (-330.666667 -512 288 ) (-330.666667 -512 704 ) (-348.235294 -512 704 ) (-348.235294 -512 288 ) 
4 193 198 (192 -512 1312 ) (192 -512 1280 ) (192 -1376 1280 ) (192 -1376 1312 ) 
4 194 199 (192 -512 1280 ) (192 -512 736 ) (192 -1376 736 ) (192 -1376 1280 ) 
4 194 195 (192 -576 736 ) (192 -512 736 ) (320 -512 736 ) (320 -576 736 ) 
4 194 196 (192 -1376 736 ) (192 -576 736 ) (496 -576 736 ) (496 -1376 736 ) 
4 195 220 (192 -527.938414 704 ) (192 -512 704 ) (320 -512 704 ) (320 -527.938414 704 ) 
4 195 222 (192 -576 704 ) (192 -527.938414 704 ) (320 -527.938414 704 ) (320 -576 704 ) 
4 195 199 (192 -512 736 ) (192 -512 704 ) (192 -576 704 ) (192 -576 736 ) 
4 195 196 (192 -576 704 ) (320 -576 704 ) (320 -576 736 ) (192 -576 736 ) 
4 196 232 (192 -1376 704 ) (192 -1120 704 ) (224 -1120 704 ) (224 -1376 704 ) 
4 196 230 (224 -1120 704 ) (496 -1120 704 ) (496 -1376 704 ) (224 -1376 704 ) 
4 196 228 (192 -1120 704 ) (192 -1040 704 ) (224 -1072 704 ) (224 -1120 704 ) 
4 196 225 (192 -1040 704 ) (192 -651.015337 704 ) (224 -673.169183 704 ) (224 -1072 704 ) 
4 196 224 (224 -673.169183 704 ) (352 -761.784568 704 ) (352 -1120 704 ) (224 -1120 704 ) 
4 196 222 (192 -651.015337 704 ) (192 -576 704 ) (320 -576 704 ) (320 -739.630722 704 ) 
4 196 219 (320 -576 704 ) (352 -576 704 ) (352 -761.784568 704 ) (320 -739.630722 704 ) 
4 196 204 (352 -576 704 ) (496 -576 704 ) (496 -1120 704 ) (352 -1120 704 ) 
4 196 199 (192 -576 704 ) (192 -1376 704 ) (192 -1376 736 ) (192 -576 736 ) 
4 197 244 (192 -1408 704 ) (192 -1376 704 ) (496 -1376 704 ) (496 -1408 704 ) 
3 198 202 (-362.666667 -512 1280 ) (-348.235294 -512 1280 ) (-320 -560 1280 ) 
5 198 201 (192 -1376 1280 ) (160 -1376 1280 ) (-348.235294 -512 1280 ) (-330.666667 -512 1280 ) (-288 -560 1280 ) 
3 199 234 (-316.235294 -512 704 ) (-288 -512 704 ) (-288 -560 704 ) 
3 199 232 (192 -1120 704 ) (192 -1376 704 ) (41.411765 -1120 704 ) 
4 199 228 (192 -1040 704 ) (192 -1120 704 ) (41.411765 -1120 704 ) (-288 -560 704 ) 
4 199 227 (-288 -512 704 ) (-256 -512 704 ) (-256 -592 704 ) (-288 -560 704 ) 
5 199 225 (-256 -512 704 ) (-8.799932 -512 704 ) (192 -651.015337 704 ) (192 -1040 704 ) (-256 -592 704 ) 
4 199 220 (-8.799932 -512 704 ) (192 -512 704 ) (192 -527.938414 704 ) (14.222222 -527.938414 704 ) 
3 199 222 (192 -527.938414 704 ) (192 -651.015337 704 ) (14.222222 -527.938414 704 ) 
4 199 200 (-288 -560 1280 ) (-316.235294 -512 1280 ) (-316.235294 -512 704 ) (-288 -560 704 ) 
3 200 236 (-330.666667 -512 704 ) (-316.235294 -512 704 ) (-288 -560 704 ) 
5 201 237 (-348.235294 -512 704 ) (-330.666667 -512 704 ) (-288 -560 704 ) (192 -1376 704 ) (160 -1376 704 ) 
4 201 202 (-320 -560 1280 ) (-348.235294 -512 1280 ) (-348.235294 -512 704 ) (-320 -560 704 ) 
3 202 239 (-362.666667 -512 704 ) (-348.235294 -512 704 ) (-320 -560 704 ) 
4 203 206 (352 -544 320 ) (352 -512 320 ) (416 -512 320 ) (416 -544 320 ) 
4 203 205 (416 -512 320 ) (496 -512 320 ) (496 -544 320 ) (416 -544 320 ) 
4 204 230 (496 -1120 320 ) (496 -1120 704 ) (352 -1120 704 ) (352 -1120 320 ) 
4 204 224 (352 -1120 704 ) (352 -761.784568 704 ) (352 -584.553799 320 ) (352 -1120 320 ) 
4 204 219 (352 -761.784568 704 ) (352 -576 704 ) (352 -576 320 ) (352 -584.553799 320 ) 
4 204 207 (352 -1120 320 ) (352 -576 320 ) (416 -576 320 ) (416 -1120 320 ) 
4 204 205 (416 -576 320 ) (496 -576 320 ) (496 -1120 320 ) (416 -1120 320 ) 
4 205 231 (496 -1120 160 ) (496 -1120 288 ) (416 -1120 288 ) (416 -1120 160 ) 
4 205 230 (496 -1120 288 ) (496 -1120 320 ) (416 -1120 320 ) (416 -1120 288 ) 
4 205 208 (496 -1120 160 ) (416 -1120 160 ) (416 -576 160 ) (496 -576 160 ) 
4 205 207 (416 -576 160 ) (416 -1120 160 ) (416 -1120 320 ) (416 -576 320 ) 
4 205 206 (416 -512 320 ) (416 -512 160 ) (416 -544 160 ) (416 -544 320 ) 
4 207 231 (352 -1120 288 ) (352 -1120 160 ) (416 -1120 160 ) (416 -1120 288 ) 
4 207 230 (416 -1120 320 ) (352 -1120 320 ) (352 -1120 288 ) (416 -1120 288 ) 
5 207 224 (352 -576 160 ) (352 -1120 160 ) (352 -1120 320 ) (352 -584.553799 320 ) (352 -576 301.466769 ) 
3 207 219 (352 -584.553799 320 ) (352 -576 320 ) (352 -576 301.466769 ) 
4 207 208 (416 -1120 160 ) (352 -1120 160 ) (352 -576 160 ) (416 -576 160 ) 
4 208 231 (496 -1120 128 ) (496 -1120 160 ) (352 -1120 160 ) (352 -1120 128 ) 
4 208 224 (352 -576 128 ) (352 -1120 128 ) (352 -1120 160 ) (352 -576 160 ) 
4 208 212 (496 -1120 128 ) (352 -1120 128 ) (352 -576 128 ) (496 -576 128 ) 
4 209 211 (448 -512 128 ) (448 -512 96 ) (448 -544 96 ) (448 -544 128 ) 
4 209 210 (448 -544 96 ) (448 -512 96 ) (496 -512 96 ) (496 -544 96 ) 
4 210 241 (496 -544 -20 ) (496 -576 -20 ) (464 -576 -20 ) (464 -544 -20 ) 
4 210 240 (448 -512 -20 ) (496 -512 -20 ) (496 -544 -20 ) (448 -544 -20 ) 
4 210 215 (496 -576 -20 ) (496 -576 0 ) (448 -576 0 ) (448 -576 -20 ) 
4 210 214 (496 -576 0 ) (496 -576 32 ) (448 -576 32 ) (448 -576 0 ) 
4 210 213 (496 -576 32 ) (496 -576 96 ) (448 -576 96 ) (448 -576 32 ) 
4 210 211 (448 -512 96 ) (448 -512 -20 ) (448 -544 -20 ) (448 -544 96 ) 
4 211 240 (352 -512 -20 ) (448 -512 -20 ) (448 -544 -20 ) (352 -544 -20 ) 
4 212 231 (496 -1120 96 ) (496 -1120 128 ) (352 -1120 128 ) (352 -1120 96 ) 
4 212 224 (352 -1120 96 ) (352 -1120 128 ) (352 -576 128 ) (352 -576 96 ) 
4 212 213 (352 -1024 96 ) (352 -576 96 ) (496 -576 96 ) (496 -1024 96 ) 
4 213 224 (352 -1024 96 ) (352 -576 96 ) (352 -576 32 ) (352 -1024 32 ) 
4 213 218 (352 -1024 32 ) (352 -896 32 ) (448 -896 32 ) (448 -1024 32 ) 
4 213 214 (352 -896 32 ) (352 -576 32 ) (496 -576 32 ) (496 -896 32 ) 
4 214 224 (352 -896 0 ) (352 -896 32 ) (352 -576 32 ) (352 -576 0 ) 
4 214 218 (352 -896 32 ) (352 -896 0 ) (448 -896 0 ) (448 -896 32 ) 
3 214 217 (416 -640 0 ) (448 -672 0 ) (448 -768 0 ) 
3 214 216 (352 -576 0 ) (448 -576 0 ) (448 -672 0 ) 
4 214 215 (448 -576 0 ) (496 -576 0 ) (496 -896 0 ) (448 -896 0 ) 
4 215 242 (496 -576 -20 ) (496 -896 -20 ) (448 -896 -20 ) (448 -576 -20 ) 
4 215 217 (448 -768 -16 ) (448 -768 0 ) (448 -672 0 ) (448 -672 -16 ) 
4 215 216 (448 -576 0 ) (448 -576 -20 ) (448 -672 -20 ) (448 -672 0 ) 
3 216 243 (400 -576 -20 ) (448 -576 -20 ) (448 -624 -20 ) 
4 216 217 (448 -672 0 ) (416 -640 0 ) (416 -640 -16 ) (448 -672 -16 ) 
4 218 224 (352 -1024 0 ) (352 -1024 32 ) (352 -896 32 ) (352 -896 0 ) 
4 219 224 (352 -761.784568 704 ) (320 -739.630722 704 ) (320 -576 349.466769 ) (352 -576 301.466769 ) 
3 219 222 (320 -576 349.466769 ) (320 -739.630722 704 ) (320 -576 704 ) 
4 220 225 (14.222222 -527.938414 704 ) (-8.799932 -512 704 ) (158.311180 -512 453.333333 ) (174.249594 -527.938414 463.958943 ) 
4 220 222 (14.222222 -527.938414 704 ) (174.249594 -527.938414 463.958943 ) (320 -527.938414 561.125880 ) (320 -527.938414 704 ) 
4 221 225 (176.061586 -512 426.707724 ) (224 -512 354.800103 ) (224 -527.938414 389.333333 ) (192 -527.938414 437.333333 ) 
4 221 223 (224 -512 354.800103 ) (320 -512 210.800103 ) (320 -527.938414 245.333333 ) (224 -527.938414 389.333333 ) 
3 221 222 (192 -527.938414 437.333333 ) (320 -527.938414 245.333333 ) (320 -527.938414 522.666667 ) 
3 222 225 (224 -673.169183 704 ) (14.222222 -527.938414 704 ) (224 -527.938414 389.333333 ) 
4 222 223 (224 -576 493.466769 ) (224 -527.938414 389.333333 ) (320 -527.938414 245.333333 ) (320 -576 349.466769 ) 
4 222 224 (320 -739.630722 704 ) (224 -673.169183 704 ) (224 -576 493.466769 ) (320 -576 349.466769 ) 
4 223 226 (224 -512 288 ) (224 -512 0 ) (224 -576 0 ) (224 -576 288 ) 
4 223 225 (224 -576 493.466769 ) (224 -512 354.800103 ) (224 -512 288 ) (224 -576 288 ) 
4 223 224 (224 -576 0 ) (320 -576 0 ) (320 -576 349.466769 ) (224 -576 493.466769 ) 
4 224 231 (352 -1120 96 ) (352 -1120 288 ) (224 -1120 288 ) (224 -1120 96 ) 
4 224 230 (352 -1120 288 ) (352 -1120 704 ) (224 -1120 704 ) (224 -1120 288 ) 
4 224 228 (224 -1120 288 ) (224 -1120 704 ) (224 -1072 704 ) (224 -1072 288 ) 
4 224 226 (224 -576 288 ) (224 -576 0 ) (224 -1024 0 ) (224 -1024 288 ) 
5 224 225 (224 -673.169183 704 ) (224 -576 493.466769 ) (224 -576 288 ) (224 -1072 288 ) (224 -1072 704 ) 
4 225 228 (224 -1072 288 ) (224 -1072 704 ) (-256 -592 704 ) (-256 -592 288 ) 
4 225 227 (-256 -512 704 ) (-256 -512 288 ) (-256 -592 288 ) (-256 -592 704 ) 
4 225 226 (-256 -544 288 ) (-256 -512 288 ) (224 -512 288 ) (224 -1024 288 ) 
4 227 234 (-288 -560 704 ) (-288 -512 704 ) (-288 -512 288 ) (-288 -560 288 ) 
4 227 228 (-288 -560 704 ) (-288 -560 288 ) (-256 -592 288 ) (-256 -592 704 ) 
4 228 232 (41.411765 -1120 704 ) (41.411765 -1120 288 ) (224 -1120 288 ) (224 -1120 704 ) 
4 229 233 (41.411765 -1120 288 ) (41.411765 -1120 256 ) (192 -1120 256 ) (192 -1120 288 ) 
4 230 232 (224 -1376 288 ) (224 -1376 704 ) (224 -1120 704 ) (224 -1120 288 ) 
4 230 231 (224 -1344 288 ) (224 -1120 288 ) (496 -1120 288 ) (496 -1344 288 ) 
4 234 236 (-316.235294 -512 704 ) (-316.235294 -512 288 ) (-288 -560 288 ) (-288 -560 704 ) 
4 235 238 (-316.235294 -512 288 ) (-316.235294 -512 256 ) (-288 -560 256 ) (-288 -560 288 ) 
4 237 239 (-320 -560 704 ) (-348.235294 -512 704 ) (-348.235294 -512 288 ) (-320 -560 288 ) 
4 240 241 (496 -544 -32 ) (496 -544 -20 ) (464 -544 -20 ) (464 -544 -32 ) 
4 241 242 (496 -576 -32 ) (496 -576 -20 ) (464 -576 -20 ) (464 -576 -32 ) 
4 242 243 (448 -624 -20 ) (448 -576 -20 ) (448 -576 -32 ) (448 -624 -32 ) 
0 -1
1 -1
2 -1
3 -1
4 -1
5 -1
6 7 8 9 10 11 12 13 14 15 16 17 18 19 -1
20 -1
21 -1
22 -1
23 24 25 26 27 28 29 30 31 32 -1
33 34 35 36 -1
37 -1
38 -1
39 -1
40 -1
41 -1
42 43 44 45 46 47 48 49 50 51 52 -1
53 54 55 56 57 58 59 -1
60 -1
61 -1
62 -1
63 64 65 66 67 68 -1
69 70 71 -1
72 73 74 75 76 77 78 79 80 81 82 83 84 85 -1
86 -1
87 -1
88 -1
89 90 -1
91 -1
92 -1
93 94 -1
95 -1
96 97 98 99 100 101 102 103 104 105 -1
106 107 108 109 110 111 112 113 114 115 116 117 118 119 120 121 122 123 124 125 126 127 128 129 130 131 132 133 134 135 136 137 138 139 140 141 142 143 144 145 146 147 148 -1
149 150 151 152 153 154 155 156 157 -1
158 -1
159 -1
160 161 -1
162 -1
163 -1
164 165 166 167 -1
168 169 -1
170 -1
171 -1
172 -1
173 174 -1
175 -1
176 -1
177 178 179 180 181 -1
182 183 184 185 186 187 -1
188 -1
189 190 191 192 193 194 195 196 197 198 199 -1
200 201 -1
202 203 -1
204 -1
205 -1
206 -1
207 -1
208 -1
209 210 211 212 213 214 -1
215 216 217 -1
218 219 220 221 222 223 224 225 226 227 228 229 230 231 232 233 234 235 236 237 238 239 240 241 242 243 244 245 246 247 248 249 250 251 252 253 254 255 256 -1
257 -1
258 259 -1
260 -1
261 -1
262 263 264 265 -1
266 -1
267 -1
268 -1
269 -1
270 271 272 273 -1
274 -1
275 276 277 278 279 280 281 282 283 284 285 286 287 288 289 290 291 292 293 294 295 296 297 298 299 -1
300 -1
301 302 303 304 305 306 307 308 309 310 311 312 313 314 315 -1
316 317 318 319 320 321 322 -1
323 324 325 326 327 328 329 330 331 332 333 334 335 336 337 338 339 340 -1
341 342 343 344 345 346 347 -1
348 349 350 351 352 353 354 355 356 357 358 359 360 361 362 363 364 -1
365 -1
366 -1
367 -1
368 -1
369 -1
370 371 372 373 374 375 376 377 378 -1
379 -1
380 381 382 -1
383 -1
384 -1
385 -1
386 -1
387 -1
388 -1
389 -1
390 391 392 393 394 395 396 397 398 399 400 401 402 403 404 405 406 407 408 409 410 411 412 -1
413 414 415 416 417 418 419 -1
420 -1
421 422 423 424 425 426 427 428 429 430 431 432 -1
433 -1
434 -1
435 -1
436 -1
437 -1
438 439 440 441 442 443 -1
444 445 -1
446 447 448 449 450 451 452 453 -1
454 455 456 457 458 459 460 461 462 463 464 -1
465 -1
466 467 468 469 470 471 472 473 474 475 -1
476 -1
477 478 479 480 -1
481 -1
482 483 484 485 486 487 488 489 490 491 492 493 494 495 496 497 498 499 500 501 502 -1
503 -1
504 -1
505 506 -1
507 508 509 510 511 512 513 -1
514 515 516 517 518 -1
519 -1
520 521 -1
522 523 524 -1
525 526 527 -1
528 529 530 531 532 533 534 535 536 537 538 539 540 541 542 543 -1
544 -1
545 -1
546 -1
547 548 549 550 551 552 553 554 -1
555 556 557 558 559 560 561 562 563 564 565 566 567 568 569 570 571 572 573 574 575 576 577 578 579 580 581 582 583 584 585 586 587 588 589 590 591 592 593 594 595 596 597 598 599 600 601 602 -1
603 -1
604 -1
605 -1
606 607 -1
608 609 610 611 612 -1
613 -1
614 -1
615 -1
616 -1
617 618 619 620 621 622 623 624 625 626 627 628 629 -1
630 -1
631 -1
632 -1
633 -1
634 -1
635 -1
636 -1
637 -1
638 -1
639 -1
640 -1
641 -1
642 -1
643 644 645 646 647 648 649 -1
650 651 652 -1
653 654 655 656 657 658 659 660 -1
661 662 663 664 665 666 667 668 669 -1
670 671 672 673 674 675 -1
676 677 678 679 680 681 -1
682 683 684 685 -1
686 687 688 -1
689 690 691 692 693 694 695 -1
696 -1
697 698 699 700 -1
701 702 703 704 705 706 -1
707 708 709 710 711 712 713 714 715 716 717 718 -1
719 -1
720 -1
721 -1
722 -1
723 724 725 726 -1
727 -1
728 -1
729 -1
730 731 732 733 734 735 736 737 738 739 740 741 742 743 744 745 746 -1
747 748 749 750 751 752 753 -1
754 -1
755 -1
756 757 758 759 760 761 762 763 764 765 766 767 768 769 -1
770 -1
771 -1
772 -1
773 774 775 776 777 778 779 780 781 782 783 784 785 786 787 788 789 790 791 792 793 -1
794 -1
795 796 797 798 799 800 801 802 803 804 805 806 807 808 809 810 811 812 813 814 -1
815 816 817 818 819 -1
820 821 822 823 824 825 -1
826 827 828 829 830 831 832 833 834 835 -1
836 -1
837 -1
838 -1
839 -1
840 -1
841 -1
842 843 844 845 846 847 848 -1
849 -1
850 -1
851 -1
852 -1
853 -1
854 -1
855 -1
856 -1
857 858 -1
859 -1
860 861 862 863 864 865 866 867 868 869 870 871 872 873 -1
874 875 876 877 -1
878 -1
879 -1
880 -1
881 882 -1
883 -1
884 885 886 887 888 889 -1
890 891 -1
892 -1
893 894 895 -1
896 897 -1
898 -1
899 900 901 -1
902 -1
903 -1
904 -1
905 -1
906 907 908 909 910 -1
911 912 913 914 915 916 917 918 919 920 -1
921 922 923 924 925 926 927 928 929 930 931 932 933 934 935 936 937 938 -1
939 940 941 942 943 944 945 946 947 948 949 950 951 952 953 954 955 956 957 958 959 960 961 962 963 964 965 966 -1
967 968 969 970 971 -1
972 973 974 -1
975 -1
976 977 978 979 980 981 982 983 -1
984 985 986 987 988 989 990 991 992 993 994 995 996 997 998 999 1000 1001 1002 1003 1004 1005 1006 1007 1008 1009 1010 1011 1012 1013 1014 1015 1016 1017 1018 1019 1020 1021 1022 1023 1024 1025 1026 -1
1027 -1
1028 -1
1029 1030 1031 -1
1032 -1
1033 -1
1034 -1
1035 -1
1036 -1
1037 -1
1038 -1
1039 1040 -1
1041 -1
1042 -1
