PRT2
1400
239
581
4 0 4 (992 192 496 ) (992 320 496 ) (992 320 432 ) (992 192 432 ) 
5 1 5 (880 352 464 ) (880 352 416 ) (944 352 416 ) (944 352 464 ) (912 352 480 ) 
4 2 9 (832 256 512 ) (832 160 512 ) (832 192 576 ) (832 256 576 ) 
4 2 8 (832 352 576 ) (832 352 512 ) (832 256 512 ) (832 256 576 ) 
4 2 6 (832 160 512 ) (832 352 512 ) (864 352 512 ) (864 160 512 ) 
4 2 4 (960 352 512 ) (992 352 512 ) (992 160 512 ) (960 160 512 ) 
4 2 5 (864 352 512 ) (960 352 512 ) (960 160 512 ) (864 160 512 ) 
4 3 5 (864 96 512 ) (960 96 512 ) (960 0 512 ) (864 0 512 ) 
5 4 5 (960 352 384 ) (960 128 384 ) (960 128 448 ) (960 160 512 ) (960 352 512 ) 
4 5 27 (960 -96 512 ) (864 -96 512 ) (864 -96 384 ) (960 -96 384 ) 
4 5 7 (960 -96 384 ) (864 -96 384 ) (864 128 384 ) (960 128 384 ) 
5 5 6 (864 352 512 ) (864 352 384 ) (864 128 384 ) (864 128 448 ) (864 160 512 ) 
5 6 9 (832 160 512 ) (832 256 512 ) (832 256 384 ) (832 128 384 ) (832 128 448 ) 
4 6 8 (832 256 512 ) (832 352 512 ) (832 352 384 ) (832 256 384 ) 
4 7 27 (960 -96 320 ) (960 -96 384 ) (864 -96 384 ) (864 -96 320 ) 
4 8 9 (832 256 384 ) (832 256 768 ) (736 256 768 ) (736 256 384 ) 
4 9 88 (128 192 768 ) (128 256 768 ) (128 256 384 ) (128 192 384 ) 
4 9 89 (128 -96 384 ) (128 -96 768 ) (128 192 768 ) (128 192 384 ) 
4 9 42 (224 -96 384 ) (272 -96 384 ) (272 -96 448 ) (224 -96 448 ) 
4 9 41 (272 -96 384 ) (624 -96 384 ) (624 -96 448 ) (272 -96 448 ) 
4 9 46 (128 -96 448 ) (128 -96 384 ) (224 -96 384 ) (224 -96 448 ) 
4 9 40 (624 -96 384 ) (704 -96 384 ) (704 -96 448 ) (624 -96 448 ) 
4 9 39 (128 -96 480 ) (128 -96 448 ) (192 -96 448 ) (192 -96 512 ) 
4 9 37 (128 -96 768 ) (128 -96 480 ) (192 -96 512 ) (192 -96 768 ) 
4 9 35 (192 -96 448 ) (704 -96 448 ) (704 -96 768 ) (192 -96 768 ) 
4 9 30 (704 -96 384 ) (832 -96 384 ) (832 -96 768 ) (704 -96 768 ) 
4 9 10 (832 128 384 ) (832 -96 384 ) (128 -96 384 ) (128 128 384 ) 
4 10 91 (128 64 384 ) (128 128 384 ) (128 128 352 ) (128 64 352 ) 
4 10 92 (128 -96 352 ) (128 -96 384 ) (128 64 384 ) (128 64 352 ) 
4 10 42 (224 -96 352 ) (272 -96 352 ) (272 -96 384 ) (224 -96 384 ) 
4 10 41 (272 -96 352 ) (624 -96 352 ) (624 -96 384 ) (272 -96 384 ) 
4 10 46 (128 -96 384 ) (128 -96 352 ) (224 -96 352 ) (224 -96 384 ) 
4 10 40 (624 -96 352 ) (704 -96 352 ) (704 -96 384 ) (624 -96 384 ) 
4 10 30 (704 -96 352 ) (832 -96 352 ) (832 -96 384 ) (704 -96 384 ) 
4 10 22 (192 -96 352 ) (128 -96 352 ) (128 64 352 ) (192 64 352 ) 
4 10 21 (619.095975 -96 352 ) (192 -96 352 ) (192 64 352 ) (672.594427 64 352 ) 
4 10 20 (128 64 352 ) (128 128 352 ) (256 128 352 ) (256 64 352 ) 
4 10 16 (256 128 352 ) (448 128 352 ) (448 64 352 ) (256 64 352 ) 
4 10 14 (448 128 352 ) (693.993808 128 352 ) (672.594427 64 352 ) (448 64 352 ) 
4 10 13 (704 -96 352 ) (619.095975 -96 352 ) (693.993808 128 352 ) (704 128 352 ) 
4 10 11 (832 128 352 ) (832 -96 352 ) (704 -96 352 ) (704 128 352 ) 
4 11 58 (832 -96 192 ) (832 -96 320 ) (704 -96 320 ) (704 -96 192 ) 
4 11 30 (832 -96 320 ) (832 -96 352 ) (704 -96 352 ) (704 -96 320 ) 
4 11 13 (704 -96 192 ) (704 -96 352 ) (704 157.925926 352 ) (704 157.925926 192 ) 
4 11 12 (704 157.925926 192 ) (704 157.925926 352 ) (822.390093 512 352 ) (822.390093 512 192 ) 
4 12 14 (704 157.925926 352 ) (704 512 352 ) (704 512 192 ) (704 157.925926 192 ) 
4 13 61 (619.095975 -96 64 ) (624 -96 64 ) (624 -96 320 ) (619.095975 -96 320 ) 
4 13 59 (624 -96 64 ) (704 -96 64 ) (704 -96 320 ) (624 -96 320 ) 
4 13 41 (624 -96 352 ) (619.095975 -96 352 ) (619.095975 -96 320 ) (624 -96 320 ) 
4 13 40 (704 -96 320 ) (704 -96 352 ) (624 -96 352 ) (624 -96 320 ) 
4 13 21 (672.594427 64 64 ) (619.095975 -96 64 ) (619.095975 -96 352 ) (672.594427 64 352 ) 
4 13 18 (704 157.925926 160 ) (704 157.925926 64 ) (672.594427 64 64 ) (672.594427 64 160 ) 
4 13 14 (704 157.925926 352 ) (704 157.925926 160 ) (672.594427 64 160 ) (672.594427 64 352 ) 
4 14 21 (672.594427 64 160 ) (672.594427 64 352 ) (448 64 352 ) (448 64 160 ) 
6 14 18 (672.594427 64 160 ) (464 64 160 ) (464 256 160 ) (693.200000 256 160 ) (704 244 160 ) (704 157.925926 160 ) 
4 14 17 (448 256 160 ) (448 512 160 ) (704 512 160 ) (704 256 160 ) 
4 14 16 (448 64 192 ) (448 64 352 ) (448 256 352 ) (448 256 192 ) 
4 14 15 (448 512 352 ) (448 512 160 ) (448 256 160 ) (448 256 352 ) 
4 15 19 (256 512 352 ) (256 512 160 ) (256 256 160 ) (256 256 352 ) 
4 15 17 (256 256 160 ) (256 512 160 ) (448 512 160 ) (448 256 160 ) 
4 15 16 (448 256 192 ) (448 256 352 ) (256 256 352 ) (256 256 192 ) 
4 16 21 (448 64 352 ) (256 64 352 ) (256 64 192 ) (448 64 192 ) 
4 16 20 (256 64 192 ) (256 64 352 ) (256 192 352 ) (256 192 192 ) 
4 17 19 (256 512 160 ) (256 512 64 ) (256 256 64 ) (256 256 160 ) 
5 17 18 (704 256 64 ) (704 256 140.800000 ) (693.200000 256 160 ) (464 256 160 ) (512 256 64 ) 
4 18 21 (512 64 64 ) (672.594427 64 64 ) (672.594427 64 160 ) (464 64 160 ) 
4 19 94 (128 512 64 ) (128 256 64 ) (128 256 352 ) (128 512 352 ) 
4 19 23 (128 256 64 ) (128 512 64 ) (192 512 64 ) (192 256 64 ) 
4 20 95 (128 64 192 ) (128 64 352 ) (128 140.800000 352 ) (128 140.800000 192 ) 
4 20 22 (192 64 352 ) (128 64 352 ) (128 64 192 ) (192 64 192 ) 
4 20 21 (256 64 192 ) (256 64 352 ) (192 64 352 ) (192 64 192 ) 
4 21 75 (224 -96 192 ) (224 -96 320 ) (192 -96 320 ) (192 -96 192 ) 
4 21 71 (256 -96 160 ) (256 -96 320 ) (224 -96 320 ) (224 -96 160 ) 
4 21 62 (256 -96 64 ) (619.095975 -96 64 ) (619.095975 -96 320 ) (256 -96 320 ) 
4 21 42 (272 -96 352 ) (224 -96 352 ) (224 -96 320 ) (272 -96 320 ) 
4 21 41 (619.095975 -96 320 ) (619.095975 -96 352 ) (272 -96 352 ) (272 -96 320 ) 
4 21 46 (224 -96 352 ) (192 -96 352 ) (192 -96 320 ) (224 -96 320 ) 
4 21 22 (192 64 352 ) (192 64 192 ) (192 -96 192 ) (192 -96 352 ) 
4 22 109 (128 -96 192 ) (128 -96 352 ) (128 64 352 ) (128 64 192 ) 
4 22 75 (128 -96 320 ) (128 -96 192 ) (192 -96 192 ) (192 -96 320 ) 
4 22 46 (128 -96 352 ) (128 -96 320 ) (192 -96 320 ) (192 -96 352 ) 
4 23 105 (128 438.666667 48 ) (128 256 48 ) (128 256 64 ) (128 442.666667 64 ) 
4 23 24 (128 256 48 ) (128 512 48 ) (192 512 48 ) (192 256 48 ) 
4 24 116 (128 256 -192 ) (128 256 0 ) (128 512 0 ) (128 512 -192 ) 
4 24 106 (128 256 0 ) (128 256 48 ) (128 438.666667 48 ) (128 426.666667 0 ) 
4 25 27 (864 -96 512 ) (960 -96 512 ) (960 -192 512 ) (864 -192 512 ) 
4 26 27 (960 -384 512 ) (864 -384 512 ) (864 -288 512 ) (960 -288 512 ) 
4 27 29 (864 -480 320 ) (864 -480 448 ) (864 -352 448 ) (864 -352 320 ) 
4 27 28 (864 -224 320 ) (864 -288 320 ) (864 -288 448 ) (864 -224 448 ) 
4 28 32 (832 -224 320 ) (832 -288 320 ) (832 -288 448 ) (832 -224 448 ) 
4 29 32 (832 -352 320 ) (832 -480 320 ) (832 -480 448 ) (832 -352 448 ) 
4 30 58 (704 -96 320 ) (832 -96 320 ) (832 -128 320 ) (704 -128 320 ) 
4 30 40 (704 -96 448 ) (704 -96 320 ) (704 -128 320 ) (704 -128 448 ) 
4 30 35 (704 -96 768 ) (704 -96 448 ) (704 -128 448 ) (704 -128 768 ) 
4 30 31 (704 -128 480 ) (704 -128 320 ) (832 -128 320 ) (832 -128 512 ) 
4 31 58 (832 -128 320 ) (832 -160 320 ) (704 -160 320 ) (704 -128 320 ) 
4 31 32 (832 -160 320 ) (832 -160 512 ) (704 -160 480 ) (704 -160 320 ) 
4 32 58 (832 -160 320 ) (832 -384 320 ) (704 -384 320 ) (704 -160 320 ) 
4 32 48 (704 -352 320 ) (704 -480 320 ) (704 -480 448 ) (704 -352 448 ) 
4 32 47 (704 -224 320 ) (704 -288 320 ) (704 -288 448 ) (704 -224 448 ) 
4 32 33 (704 -544 480 ) (704 -544 320 ) (832 -544 320 ) (832 -544 512 ) 
4 33 34 (704 -576 320 ) (832 -576 320 ) (832 -576 512 ) (704 -576 480 ) 
4 34 154 (736 -704 640 ) (704 -704 640 ) (704 -704 320 ) (736 -704 320 ) 
4 34 149 (864 -704 640 ) (736 -704 640 ) (736 -704 320 ) (864 -704 320 ) 
4 34 55 (704 -704 320 ) (704 -704 448 ) (704 -576 448 ) (704 -576 320 ) 
4 34 54 (704 -704 448 ) (704 -704 512 ) (704 -576 512 ) (704 -576 448 ) 
4 35 42 (192 -128 448 ) (224 -96 448 ) (272 -96 448 ) (240 -128 448 ) 
4 35 41 (272 -96 448 ) (624 -96 448 ) (624 -128 448 ) (240 -128 448 ) 
3 35 46 (192 -128 448 ) (192 -96 448 ) (224 -96 448 ) 
4 35 40 (624 -96 448 ) (704 -96 448 ) (704 -128 448 ) (624 -128 448 ) 
4 35 39 (192 -96 512 ) (192 -96 448 ) (192 -128 448 ) (192 -128 512 ) 
4 35 37 (192 -128 768 ) (192 -96 768 ) (192 -96 512 ) (192 -128 512 ) 
4 36 49 (608 -544 448 ) (224 -544 448 ) (224 -288 448 ) (608 -288 448 ) 
3 36 44 (224 -224 448 ) (224 -192 448 ) (240 -224 448 ) 
5 36 43 (224 -192 448 ) (224 -176 448 ) (608 -176 448 ) (608 -224 448 ) (240 -224 448 ) 
4 36 47 (224 -288 448 ) (224 -224 448 ) (608 -224 448 ) (608 -288 448 ) 
4 37 119 (128 -144 480 ) (128 -448 480 ) (128 -448 768 ) (128 -144 768 ) 
4 37 89 (128 -96 768 ) (128 -96 480 ) (128 -144 480 ) (128 -144 768 ) 
4 37 38 (128 -448 480 ) (128 -320 480 ) (192 -384 512 ) (192 -448 512 ) 
4 37 39 (128 -192 480 ) (128 -96 480 ) (192 -96 512 ) (192 -128 512 ) 
4 38 119 (128 -320 448 ) (128 -448 448 ) (128 -448 480 ) (128 -320 480 ) 
4 38 52 (128 -448 448 ) (128 -320 448 ) (160 -352 448 ) (160 -448 448 ) 
4 38 51 (160 -352 448 ) (192 -384 448 ) (192 -448 448 ) (160 -448 448 ) 
4 39 119 (128 -144 448 ) (128 -192 448 ) (128 -192 480 ) (128 -144 480 ) 
4 39 89 (128 -96 480 ) (128 -96 448 ) (128 -144 448 ) (128 -144 480 ) 
4 39 46 (128 -192 448 ) (128 -96 448 ) (192 -96 448 ) (192 -128 448 ) 
4 40 59 (624 -96 320 ) (704 -96 320 ) (704 -128 320 ) (624 -128 320 ) 
4 40 41 (624 -128 448 ) (624 -96 448 ) (624 -96 320 ) (624 -128 320 ) 
3 41 71 (240 -128 320 ) (256 -112 320 ) (256 -128 320 ) 
5 41 62 (272 -96 320 ) (619.095975 -96 320 ) (608.396285 -128 320 ) (256 -128 320 ) (256 -112 320 ) 
4 41 61 (619.095975 -96 320 ) (624 -96 320 ) (624 -128 320 ) (608.396285 -128 320 ) 
3 41 44 (216 -176 448 ) (192 -176 448 ) (208 -160 384 ) 
5 41 43 (608 -176 448 ) (216 -176 448 ) (208 -160 384 ) (224 -144 320 ) (608 -144 320 ) 
4 41 42 (272 -96 448 ) (272 -96 320 ) (240 -128 320 ) (240 -128 448 ) 
5 42 71 (192 -128 320 ) (224 -96 320 ) (256 -96 320 ) (256 -112 320 ) (240 -128 320 ) 
3 42 62 (256 -96 320 ) (272 -96 320 ) (256 -112 320 ) 
4 42 46 (224 -96 448 ) (224 -96 320 ) (192 -128 320 ) (192 -128 448 ) 
5 43 44 (240 -224 448 ) (216 -176 448 ) (208 -160 384 ) (208 -160 320 ) (240 -224 320 ) 
4 43 47 (240 -224 320 ) (608 -224 320 ) (608 -224 448 ) (240 -224 448 ) 
4 44 45 (192 -224 320 ) (192 -224 448 ) (160 -208 448 ) (160 -208 320 ) 
4 44 47 (192 -224 320 ) (240 -224 320 ) (240 -224 448 ) (192 -224 448 ) 
4 45 47 (160 -224 320 ) (192 -224 320 ) (192 -224 448 ) (160 -224 448 ) 
4 46 119 (128 -144 320 ) (128 -192 320 ) (128 -192 448 ) (128 -144 448 ) 
4 46 109 (128 -96 352 ) (128 -96 320 ) (128 -144 320 ) (128 -144 352 ) 
4 46 92 (128 -96 384 ) (128 -96 352 ) (128 -144 352 ) (128 -144 384 ) 
4 46 89 (128 -96 448 ) (128 -96 384 ) (128 -144 384 ) (128 -144 448 ) 
3 46 75 (128 -192 320 ) (128 -96 320 ) (224 -96 320 ) 
4 47 119 (128 -224 320 ) (128 -288 320 ) (128 -288 448 ) (128 -224 448 ) 
4 47 50 (224 -288 448 ) (160 -288 448 ) (160 -288 320 ) (224 -288 320 ) 
4 47 49 (608 -288 448 ) (224 -288 448 ) (224 -288 320 ) (608 -288 320 ) 
4 48 49 (608 -352 320 ) (608 -480 320 ) (608 -480 448 ) (608 -352 448 ) 
4 49 56 (320 -544 320 ) (448 -544 320 ) (448 -544 448 ) (320 -544 448 ) 
4 49 50 (224 -288 448 ) (224 -288 320 ) (224 -368 320 ) (224 -368 448 ) 
4 51 76 (160 -352 320 ) (192 -384 320 ) (192 -512 320 ) (160 -512 320 ) 
3 51 53 (160 -448 320 ) (160 -512 320 ) (160 -448 448 ) 
4 51 52 (160 -352 448 ) (160 -352 320 ) (160 -448 320 ) (160 -448 448 ) 
4 52 119 (128 -320 320 ) (128 -448 320 ) (128 -448 448 ) (128 -320 448 ) 
4 52 76 (128 -448 320 ) (128 -320 320 ) (160 -352 320 ) (160 -448 320 ) 
4 52 53 (128 -448 432 ) (128 -448 320 ) (160 -448 320 ) (160 -448 448 ) 
4 53 122 (128 -448 320 ) (128 -512 320 ) (128 -512 432 ) (128 -448 432 ) 
4 53 76 (128 -512 320 ) (128 -448 320 ) (160 -448 320 ) (160 -512 320 ) 
4 54 163 (192 -704 512 ) (192 -704 448 ) (448 -704 448 ) (448 -704 512 ) 
4 54 156 (448 -704 448 ) (704 -704 448 ) (704 -704 512 ) (448 -704 512 ) 
4 54 57 (320 -704 448 ) (192 -704 448 ) (192 -576 448 ) (320 -576 448 ) 
4 54 56 (448 -704 448 ) (320 -704 448 ) (320 -576 448 ) (448 -576 448 ) 
4 54 55 (704 -576 448 ) (704 -704 448 ) (448 -704 448 ) (448 -576 448 ) 
4 55 156 (448 -704 320 ) (704 -704 320 ) (704 -704 448 ) (448 -704 448 ) 
4 55 56 (448 -704 320 ) (448 -704 448 ) (448 -576 448 ) (448 -576 320 ) 
4 56 163 (320 -704 320 ) (448 -704 320 ) (448 -704 448 ) (320 -704 448 ) 
4 56 57 (320 -576 320 ) (320 -704 320 ) (320 -704 448 ) (320 -576 448 ) 
4 57 163 (192 -704 448 ) (192 -704 320 ) (320 -704 320 ) (320 -704 448 ) 
4 58 59 (704 -128 320 ) (704 -96 320 ) (704 -96 192 ) (704 -128 192 ) 
4 59 61 (624 -128 320 ) (624 -96 320 ) (624 -96 64 ) (624 -128 64 ) 
4 60 63 (624 -384 80 ) (624 -384 144 ) (624 -256 144 ) (624 -256 80 ) 
4 61 62 (619.095975 -96 320 ) (619.095975 -96 64 ) (608.396285 -128 64 ) (608.396285 -128 320 ) 
4 62 71 (256 -96 320 ) (256 -96 160 ) (256 -128 160 ) (256 -128 320 ) 
4 62 67 (480 -128 64 ) (608 -128 64 ) (608 -128 224 ) (480 -128 224 ) 
4 63 65 (608 -448 288 ) (608 -192 288 ) (608 -192 32 ) (608 -448 32 ) 
4 64 67 (608 -129.185185 176 ) (608 -129.185185 64 ) (586.996904 -192 64 ) (586.996904 -192 186.501548 ) 
4 64 65 (586.996904 -192 186.501548 ) (586.996904 -192 64 ) (608 -192 64 ) (608 -192 176 ) 
4 65 68 (586.996904 -192 32 ) (501.399381 -448 32 ) (501.399381 -448 288 ) (586.996904 -192 288 ) 
4 65 66 (501.399381 -448 32 ) (608 -448 32 ) (608 -448 224 ) (501.399381 -448 224 ) 
4 66 77 (480 -512 32 ) (608 -512 32 ) (608 -512 224 ) (480 -512 224 ) 
4 66 69 (501.399381 -448 32 ) (480 -512 32 ) (480 -512 176 ) (501.399381 -448 186.699690 ) 
4 67 68 (586.996904 -192 64 ) (586.996904 -192 224 ) (480 -192 224 ) (480 -192 64 ) 
4 68 70 (480 -192 32 ) (480 -448 32 ) (480 -448 288 ) (480 -192 288 ) 
4 68 69 (480 -448 176 ) (480 -448 32 ) (501.399381 -448 32 ) (501.399381 -448 186.699690 ) 
4 70 73 (256 -192 32 ) (256 -320 32 ) (256 -320 160 ) (256 -192 160 ) 
4 71 75 (192 -128 320 ) (224 -96 320 ) (224 -96 192 ) (192 -128 192 ) 
4 72 73 (224 -192 160 ) (224 -320 160 ) (160 -320 160 ) (160 -192 160 ) 
4 73 74 (160 -320 160 ) (160 -192 160 ) (160 -192 32 ) (160 -320 32 ) 
4 74 141 (128 -192 160 ) (128 -192 16 ) (128 -320 16 ) (128 -320 160 ) 
4 75 129 (128 -192 320 ) (128 -144 320 ) (128 -144 192 ) (128 -192 192 ) 
4 75 109 (128 -144 320 ) (128 -96 320 ) (128 -96 192 ) (128 -144 192 ) 
4 76 129 (128 -512 192 ) (128 -512 320 ) (128 -320 320 ) (128 -320 192 ) 
4 77 181 (672 -704 16 ) (672 -704 288 ) (416 -704 288 ) (416 -704 16 ) 
5 77 82 (672 -704 16 ) (416 -704 16 ) (416 -703.407407 16 ) (480 -512 16 ) (672 -512 16 ) 
4 77 80 (416 -703.407407 16 ) (416 -704 16 ) (416 -704 256 ) (416 -703.407407 256 ) 
4 77 78 (480 -512 288 ) (480 -512 16 ) (416 -703.407407 16 ) (416 -703.407407 288 ) 
3 78 82 (416 -703.407407 16 ) (416 -583.111111 16 ) (480 -512 16 ) 
4 78 80 (416 -583.111111 16 ) (416 -703.407407 16 ) (416 -703.407407 256 ) (416 -583.111111 256 ) 
4 78 79 (416 -583.111111 288 ) (480 -512 288 ) (480 -512 16 ) (416 -583.111111 16 ) 
3 79 82 (416 -583.111111 16 ) (416 -512 16 ) (480 -512 16 ) 
4 79 81 (416 -512 256 ) (416 -512 16 ) (416 -583.111111 16 ) (416 -583.111111 256 ) 
4 80 186 (307.200000 -704 16 ) (415.801858 -704 16 ) (415.801858 -704 256 ) (307.200000 -704 256 ) 
4 80 184 (415.801858 -704 16 ) (416 -704 16 ) (416 -704 256 ) (415.801858 -704 256 ) 
3 80 82 (416 -704 16 ) (307.200000 -704 16 ) (416 -583.111111 16 ) 
4 80 81 (416 -583.111111 256 ) (416 -583.111111 16 ) (307.200000 -704 16 ) (307.200000 -704 256 ) 
5 81 190 (192 -704 232 ) (192 -704 16 ) (307.200000 -704 16 ) (307.200000 -704 256 ) (216 -704 256 ) 
5 81 82 (307.200000 -704 16 ) (192 -704 16 ) (192 -512 16 ) (416 -512 16 ) (416 -583.111111 16 ) 
4 82 194 (320 -704 16 ) (192 -704 16 ) (192 -704 -64 ) (320 -704 -64 ) 
4 82 193 (672 -704 -64 ) (672 -704 16 ) (320 -704 16 ) (320 -704 -64 ) 
4 83 94 (-320 512 352 ) (-64 512 352 ) (-64 256 352 ) (-320 256 352 ) 
4 83 85 (-320 384 352 ) (-320 320 352 ) (-320 320 768 ) (-320 384 768 ) 
4 83 84 (-320 512 768 ) (-320 512 352 ) (-320 384 352 ) (-320 384 768 ) 
4 84 99 (-704 384 352 ) (-576 512 352 ) (-320 512 352 ) (-320 384 352 ) 
4 84 86 (-544 384 352 ) (-512 384 352 ) (-512 384 768 ) (-544 384 768 ) 
4 84 87 (-704 384 768 ) (-704 384 352 ) (-544 384 352 ) (-544 384 768 ) 
4 84 85 (-384 384 352 ) (-320 384 352 ) (-320 384 768 ) (-384 384 768 ) 
3 85 100 (-384 384 352 ) (-320 384 352 ) (-320 320 352 ) 
3 86 101 (-544 384 352 ) (-512 384 352 ) (-576 320 352 ) 
4 86 87 (-544 384 768 ) (-544 384 352 ) (-576 320 352 ) (-576 320 768 ) 
5 87 102 (-704 256 352 ) (-704 384 352 ) (-576 384 352 ) (-576 320 352 ) (-608 256 352 ) 
3 87 101 (-576 384 352 ) (-544 384 352 ) (-576 320 352 ) 
4 88 89 (-96 192 384 ) (128 192 384 ) (128 192 768 ) (-96 192 768 ) 
4 89 119 (128 -144 384 ) (128 -144 768 ) (-320 -144 768 ) (-320 -144 384 ) 
4 89 91 (128 128 384 ) (128 64 384 ) (-64 64 384 ) (96 128 384 ) 
4 89 92 (128 64 384 ) (128 -144 384 ) (-320 -144 384 ) (-320 64 384 ) 
4 89 90 (-320 -144 384 ) (-320 -144 768 ) (-320 0 768 ) (-320 0 384 ) 
4 90 121 (-640 -144 768 ) (-688 -144 768 ) (-688 -144 384 ) (-640 -144 384 ) 
4 90 119 (-320 -144 768 ) (-640 -144 768 ) (-640 -144 384 ) (-320 -144 384 ) 
5 90 93 (-688 -144 384 ) (-704 -128 384 ) (-704 0 384 ) (-320 0 384 ) (-320 -144 384 ) 
4 91 95 (128 128 352 ) (128 64 352 ) (-64 64 352 ) (96 128 352 ) 
4 91 92 (-64 64 352 ) (128 64 352 ) (128 64 384 ) (-64 64 384 ) 
4 92 119 (128 -144 352 ) (128 -144 384 ) (-320 -144 384 ) (-320 -144 352 ) 
4 92 112 (-160 -144 352 ) (-320 -144 352 ) (-320 64 352 ) (-160 64 352 ) 
4 92 109 (128 64 352 ) (128 -144 352 ) (-160 -144 352 ) (-160 64 352 ) 
4 92 93 (-320 0 352 ) (-320 -144 352 ) (-320 -144 384 ) (-320 0 384 ) 
4 93 121 (-640 -144 384 ) (-688 -144 384 ) (-688 -144 352 ) (-640 -144 352 ) 
4 93 119 (-320 -144 384 ) (-640 -144 384 ) (-640 -144 352 ) (-320 -144 352 ) 
5 93 112 (-688 -144 352 ) (-704 -128 352 ) (-704 0 352 ) (-320 0 352 ) (-320 -144 352 ) 
4 94 105 (128 442.666667 64 ) (128 256 64 ) (0 256 64 ) (0 464 64 ) 
4 94 100 (-320 320 352 ) (-320 384 352 ) (-320 384 64 ) (-320 320 64 ) 
4 94 99 (-320 384 352 ) (-320 512 352 ) (-320 512 64 ) (-320 384 64 ) 
4 94 96 (-320 256 64 ) (-192 256 64 ) (-192 256 192 ) (-320 256 192 ) 
4 95 109 (128 64 192 ) (128 64 352 ) (-64 64 352 ) (-64 64 192 ) 
4 96 107 (-320 224 64 ) (-320 256 64 ) (-192 256 64 ) (-192 224 64 ) 
4 96 98 (-320 224 64 ) (-192 224 64 ) (-192 224 192 ) (-320 224 192 ) 
4 97 98 (-320 96 192 ) (-320 224 192 ) (-192 224 192 ) (-192 96 192 ) 
4 98 115 (-320 64 160 ) (-320 64 64 ) (-192 64 64 ) (-192 64 160 ) 
4 98 113 (-320 64 192 ) (-320 64 160 ) (-192 64 160 ) (-192 64 192 ) 
4 98 107 (-192 64 64 ) (-320 64 64 ) (-320 224 64 ) (-192 224 64 ) 
4 99 117 (-604 484 96 ) (-676 412 96 ) (-676 412 192 ) (-604 484 192 ) 
4 99 102 (-704 384 352 ) (-704 384 64 ) (-576 384 64 ) (-576 384 352 ) 
4 99 101 (-576 384 64 ) (-512 384 64 ) (-512 384 352 ) (-576 384 352 ) 
4 99 100 (-384 384 64 ) (-320 384 64 ) (-320 384 352 ) (-384 384 352 ) 
4 101 102 (-576 384 64 ) (-576 320 64 ) (-576 320 352 ) (-576 384 352 ) 
4 102 104 (-704 256 192 ) (-704 256 64 ) (-576 256 64 ) (-576 256 192 ) 
4 102 103 (-704 256 320 ) (-704 256 192 ) (-576 256 192 ) (-576 256 320 ) 
4 103 112 (-704 64 320 ) (-704 64 192 ) (-576 64 192 ) (-576 64 320 ) 
4 103 104 (-704 128 192 ) (-704 256 192 ) (-576 256 192 ) (-576 128 192 ) 
4 104 108 (-704 128 64 ) (-704 224 64 ) (-576 224 64 ) (-576 128 64 ) 
4 105 106 (128 256 48 ) (0 256 48 ) (0 460 48 ) (128 438.666667 48 ) 
4 106 116 (128 426.666667 0 ) (128 256 0 ) (0 256 0 ) (0 448 0 ) 
4 107 115 (-320 64 0 ) (-192 64 0 ) (-192 64 64 ) (-320 64 64 ) 
4 109 130 (-96 -144 320 ) (-160 -144 320 ) (-160 -144 192 ) (-96 -144 192 ) 
4 109 129 (128 -144 192 ) (128 -144 320 ) (-96 -144 320 ) (-96 -144 192 ) 
4 109 119 (128 -144 320 ) (128 -144 352 ) (-160 -144 352 ) (-160 -144 320 ) 
4 109 112 (-160 64 352 ) (-160 64 192 ) (-160 -144 192 ) (-160 -144 352 ) 
3 109 110 (-160 -144 192 ) (-160 -128 192 ) (-144 -144 192 ) 
4 110 131 (-144 -144 192 ) (-160 -144 192 ) (-160 -144 160 ) (-144 -144 160 ) 
4 110 113 (-160 -128 160 ) (-160 -144 160 ) (-160 -144 192 ) (-160 -128 192 ) 
3 110 111 (-144 -144 160 ) (-160 -144 160 ) (-160 -128 160 ) 
4 111 141 (128 -144 0 ) (128 -144 160 ) (-160 -144 160 ) (-160 -144 0 ) 
4 111 115 (-160 64 160 ) (-160 64 0 ) (-160 -144 0 ) (-160 -144 160 ) 
4 112 137 (-688 -144 320 ) (-688 -144 192 ) (-640 -144 192 ) (-640 -144 320 ) 
4 112 136 (-640 -144 192 ) (-416 -144 192 ) (-416 -144 320 ) (-640 -144 320 ) 
4 112 133 (-416 -144 192 ) (-352 -144 192 ) (-352 -144 320 ) (-416 -144 320 ) 
4 112 132 (-352 -144 192 ) (-160 -144 192 ) (-160 -144 320 ) (-352 -144 320 ) 
4 112 121 (-640 -144 352 ) (-688 -144 352 ) (-688 -144 320 ) (-640 -144 320 ) 
4 112 119 (-160 -144 352 ) (-640 -144 352 ) (-640 -144 320 ) (-160 -144 320 ) 
3 112 114 (-352 -144 192 ) (-368 -144 192 ) (-352 -128 192 ) 
4 112 113 (-160 -144 192 ) (-352 -144 192 ) (-352 64 192 ) (-160 64 192 ) 
4 113 132 (-352 -144 160 ) (-160 -144 160 ) (-160 -144 192 ) (-352 -144 192 ) 
4 113 115 (-352 64 160 ) (-160 64 160 ) (-160 -144 160 ) (-352 -144 160 ) 
4 113 114 (-352 -128 160 ) (-352 -144 160 ) (-352 -144 192 ) (-352 -128 192 ) 
4 114 134 (-368 -144 160 ) (-352 -144 160 ) (-352 -144 192 ) (-368 -144 192 ) 
3 114 115 (-352 -128 160 ) (-352 -144 160 ) (-368 -144 160 ) 
4 115 145 (-640 -144 0 ) (-320 -144 0 ) (-320 -144 160 ) (-640 -144 160 ) 
4 115 143 (-320 -144 0 ) (-192 -144 0 ) (-192 -144 160 ) (-320 -144 160 ) 
4 115 141 (-192 -144 0 ) (-160 -144 0 ) (-160 -144 160 ) (-192 -144 160 ) 
4 118 119 (-640 -224 768 ) (-592 -224 768 ) (-592 -288 768 ) (-640 -288 768 ) 
4 119 136 (-640 -144 320 ) (-416 -144 320 ) (-416 -448 320 ) (-640 -448 320 ) 
4 119 133 (-416 -144 320 ) (-352 -144 320 ) (-352 -448 320 ) (-416 -448 320 ) 
4 119 132 (-352 -144 320 ) (-160 -144 320 ) (-160 -448 320 ) (-352 -448 320 ) 
4 119 130 (-160 -144 320 ) (-96 -144 320 ) (-96 -448 320 ) (-160 -448 320 ) 
4 119 129 (-96 -144 320 ) (128 -144 320 ) (128 -448 320 ) (-96 -448 320 ) 
6 119 126 (-640 -448 320 ) (-352 -448 320 ) (-352 -448 432 ) (-452 -448 576 ) (-540 -448 576 ) (-640 -448 432 ) 
4 119 125 (-352 -448 320 ) (-320 -448 320 ) (-320 -448 448 ) (-352 -448 432 ) 
4 119 124 (-320 -448 320 ) (-192 -448 320 ) (-192 -448 448 ) (-320 -448 448 ) 
4 119 123 (-192 -448 320 ) (-160 -448 320 ) (-160 -448 432 ) (-192 -448 448 ) 
6 119 122 (-160 -448 320 ) (128 -448 320 ) (128 -448 432 ) (28 -448 576 ) (-60 -448 576 ) (-160 -448 432 ) 
4 119 121 (-640 -144 320 ) (-640 -192 320 ) (-640 -192 768 ) (-640 -144 768 ) 
4 119 120 (-640 -320 320 ) (-640 -448 320 ) (-640 -448 768 ) (-640 -320 768 ) 
4 120 138 (-704 -448 320 ) (-704 -384 320 ) (-640 -320 320 ) (-640 -448 320 ) 
4 120 128 (-704 -448 320 ) (-672 -448 320 ) (-672 -448 448 ) (-704 -448 448 ) 
4 120 127 (-672 -448 320 ) (-640 -448 320 ) (-640 -448 432 ) (-672 -448 448 ) 
3 121 137 (-688 -144 320 ) (-640 -144 320 ) (-640 -192 320 ) 
6 122 208 (128 -704 320 ) (128 -704 432 ) (28 -704 576 ) (-60 -704 576 ) (-160 -704 432 ) (-160 -704 320 ) 
4 122 135 (64 -704 320 ) (-96 -704 320 ) (-96 -512 320 ) (64 -512 320 ) 
4 122 130 (-160 -512 320 ) (-160 -448 320 ) (-96 -448 320 ) (-96 -512 320 ) 
4 122 129 (-96 -448 320 ) (128 -448 320 ) (128 -512 320 ) (-96 -512 320 ) 
4 122 123 (-160 -448 320 ) (-160 -512 320 ) (-160 -512 432 ) (-160 -448 432 ) 
4 123 132 (-192 -512 320 ) (-192 -448 320 ) (-160 -448 320 ) (-160 -512 320 ) 
3 123 124 (-192 -448 448 ) (-192 -448 320 ) (-192 -512 320 ) 
4 124 132 (-320 -512 320 ) (-320 -448 320 ) (-192 -448 320 ) (-192 -512 320 ) 
3 124 125 (-320 -448 448 ) (-320 -448 320 ) (-320 -512 320 ) 
4 125 132 (-352 -512 320 ) (-352 -448 320 ) (-320 -448 320 ) (-320 -512 320 ) 
4 125 126 (-352 -448 432 ) (-352 -448 320 ) (-352 -512 320 ) (-352 -512 432 ) 
6 126 209 (-640 -704 432 ) (-640 -704 320 ) (-352 -704 320 ) (-352 -704 432 ) (-452 -704 576 ) (-540 -704 576 ) 
4 126 140 (-416 -704 320 ) (-576 -704 320 ) (-576 -512 320 ) (-416 -512 320 ) 
4 126 136 (-640 -512 320 ) (-640 -448 320 ) (-416 -448 320 ) (-416 -512 320 ) 
4 126 133 (-416 -512 320 ) (-416 -448 320 ) (-352 -448 320 ) (-352 -512 320 ) 
4 126 127 (-640 -448 320 ) (-640 -512 320 ) (-640 -512 432 ) (-640 -448 432 ) 
4 127 138 (-672 -512 320 ) (-672 -448 320 ) (-640 -448 320 ) (-640 -512 320 ) 
3 127 128 (-672 -448 448 ) (-672 -448 320 ) (-672 -512 320 ) 
4 128 138 (-704 -512 320 ) (-704 -448 320 ) (-672 -448 320 ) (-672 -512 320 ) 
4 129 135 (64 -512 320 ) (-96 -512 320 ) (-96 -512 192 ) (64 -512 192 ) 
4 129 130 (-96 -512 192 ) (-96 -512 320 ) (-96 -144 320 ) (-96 -144 192 ) 
4 130 132 (-160 -144 320 ) (-160 -144 192 ) (-160 -512 192 ) (-160 -512 320 ) 
5 130 131 (-160 -384 192 ) (-160 -144 192 ) (-144 -144 192 ) (-96 -192 192 ) (-96 -320 192 ) 
5 131 141 (-160 -144 160 ) (-144 -144 160 ) (-96 -192 160 ) (-96 -320 160 ) (-160 -384 160 ) 
4 131 132 (-160 -144 192 ) (-160 -144 160 ) (-160 -384 160 ) (-160 -384 192 ) 
4 132 145 (-352 -144 160 ) (-320 -144 160 ) (-320 -512 160 ) (-352 -512 160 ) 
4 132 143 (-320 -144 160 ) (-192 -144 160 ) (-192 -512 160 ) (-320 -512 160 ) 
4 132 141 (-192 -144 160 ) (-160 -144 160 ) (-160 -512 160 ) (-192 -512 160 ) 
4 132 134 (-352 -144 160 ) (-352 -384 160 ) (-352 -384 192 ) (-352 -144 192 ) 
4 132 133 (-352 -512 192 ) (-352 -512 320 ) (-352 -144 320 ) (-352 -144 192 ) 
4 133 136 (-416 -144 320 ) (-416 -144 192 ) (-416 -512 192 ) (-416 -512 320 ) 
5 133 134 (-416 -320 192 ) (-416 -192 192 ) (-368 -144 192 ) (-352 -144 192 ) (-352 -384 192 ) 
5 134 145 (-368 -144 160 ) (-352 -144 160 ) (-352 -384 160 ) (-416 -320 160 ) (-416 -192 160 ) 
4 136 140 (-416 -512 192 ) (-416 -512 320 ) (-576 -512 320 ) (-576 -512 192 ) 
4 136 138 (-640 -320 192 ) (-640 -512 192 ) (-640 -512 320 ) (-640 -320 320 ) 
4 136 137 (-640 -144 320 ) (-640 -144 192 ) (-640 -192 192 ) (-640 -192 320 ) 
4 139 147 (-672 -192 160 ) (-672 -320 160 ) (-736 -320 160 ) (-736 -192 160 ) 
4 141 148 (-192 -360 0 ) (-192 -152 0 ) (-144 -200 0 ) (-144 -312 0 ) 
4 141 143 (-192 -144 160 ) (-192 -144 0 ) (-192 -576 0 ) (-192 -576 160 ) 
4 141 142 (-128 -576 32 ) (-128 -576 128 ) (-192 -576 128 ) (-192 -576 32 ) 
8 143 148 (-320 -360 0 ) (-320 -152 0 ) (-312 -144 0 ) (-200 -144 0 ) (-192 -152 0 ) (-192 -360 0 ) (-200 -368 0 ) (-312 -368 0 ) 
4 143 145 (-320 -144 0 ) (-320 -576 0 ) (-320 -576 160 ) (-320 -144 160 ) 
4 143 144 (-224 -576 32 ) (-224 -576 128 ) (-288 -576 128 ) (-288 -576 32 ) 
4 145 148 (-320 -152 0 ) (-320 -360 0 ) (-368 -312 0 ) (-368 -200 0 ) 
4 145 147 (-640 -192 0 ) (-640 -320 0 ) (-640 -320 160 ) (-640 -192 160 ) 
4 145 146 (-320 -576 32 ) (-320 -576 128 ) (-384 -576 128 ) (-384 -576 32 ) 
4 149 154 (736 -704 640 ) (736 -704 320 ) (736 -832 320 ) (736 -832 640 ) 
4 149 150 (864 -832 320 ) (864 -832 520 ) (736 -832 488 ) (736 -832 320 ) 
4 150 153 (864 -864 320 ) (864 -864 350.720000 ) (736 -864 350.720000 ) (736 -864 320 ) 
4 150 151 (864 -864 350.720000 ) (864 -864 520 ) (736 -864 488 ) (736 -864 350.720000 ) 
4 151 196 (864 -1232 262.400000 ) (864 -1232 608 ) (736 -1232 608 ) (736 -1232 262.400000 ) 
4 151 170 (736 -1232 262.400000 ) (736 -1232 320 ) (736 -1056 320 ) (736 -1056 304.640000 ) 
4 151 168 (736 -1232 320 ) (736 -1232 640 ) (736 -1056 640 ) (736 -1056 320 ) 
4 151 153 (736 -992 320 ) (736 -864 350.720000 ) (864 -864 350.720000 ) (864 -992 320 ) 
4 151 152 (864 -1232 262.400000 ) (736 -1232 262.400000 ) (736 -992 320 ) (864 -992 320 ) 
4 152 198 (864 -1232 192 ) (864 -1232 262.400000 ) (736 -1232 262.400000 ) (736 -1232 192 ) 
3 152 173 (736 -1032 288 ) (736 -1056 268.800000 ) (736 -1056 288 ) 
5 152 174 (736 -1232 192 ) (736 -1232 262.400000 ) (736 -1056 304.640000 ) (736 -1056 268.800000 ) (736 -1152 192 ) 
4 152 153 (864 -1152 192 ) (736 -1152 192 ) (736 -992 320 ) (864 -992 320 ) 
3 153 187 (736 -1120 192 ) (736 -1152 192 ) (736 -1120 217.600000 ) 
5 153 180 (736 -944 192 ) (736 -1120 192 ) (736 -1120 217.600000 ) (736 -1032 288 ) (736 -944 288 ) 
4 154 156 (704 -704 512 ) (704 -704 320 ) (704 -832 320 ) (704 -832 512 ) 
3 155 162 (448 -992 512 ) (448 -1056 512 ) (384 -1056 512 ) 
4 155 159 (448 -992 512 ) (640 -992 512 ) (640 -1056 512 ) (448 -1056 512 ) 
3 155 158 (640 -992 512 ) (704 -1056 512 ) (640 -1056 512 ) 
4 155 168 (704 -1056 512 ) (704 -1056 640 ) (384 -1056 640 ) (384 -1056 512 ) 
4 156 163 (448 -832 512 ) (448 -704 512 ) (448 -704 320 ) (448 -832 320 ) 
5 156 157 (448 -832 512 ) (448 -832 320 ) (544 -832 320 ) (544 -832 480 ) (496 -832 512 ) 
5 157 163 (448 -880 512 ) (448 -832 512 ) (448 -832 320 ) (448 -928 320 ) (448 -928 480 ) 
3 158 169 (704 -1056 320 ) (640 -1056 320 ) (640 -992 320 ) 
4 158 161 (640 -992 320 ) (640 -1056 320 ) (640 -1056 352 ) (640 -992 352 ) 
4 158 160 (640 -1056 352 ) (640 -1056 480 ) (640 -992 480 ) (640 -992 352 ) 
4 158 159 (640 -1056 480 ) (640 -1056 512 ) (640 -992 512 ) (640 -992 480 ) 
4 158 168 (640 -1056 320 ) (704 -1056 320 ) (704 -1056 512 ) (640 -1056 512 ) 
4 159 162 (448 -1056 480 ) (448 -1056 512 ) (448 -992 512 ) (448 -992 480 ) 
4 159 160 (640 -992 480 ) (640 -1056 480 ) (448 -1056 480 ) (448 -992 480 ) 
4 159 168 (640 -1056 480 ) (640 -1056 512 ) (448 -1056 512 ) (448 -1056 480 ) 
4 160 162 (448 -1056 352 ) (448 -1056 480 ) (448 -992 480 ) (448 -992 352 ) 
4 160 161 (640 -1056 352 ) (448 -1056 352 ) (448 -992 352 ) (640 -992 352 ) 
4 160 168 (640 -1056 352 ) (640 -1056 480 ) (448 -1056 480 ) (448 -1056 352 ) 
4 161 169 (640 -1056 320 ) (448 -1056 320 ) (448 -992 320 ) (640 -992 320 ) 
4 161 162 (448 -1056 320 ) (448 -1056 352 ) (448 -992 352 ) (448 -992 320 ) 
4 161 168 (448 -1056 320 ) (640 -1056 320 ) (640 -1056 352 ) (448 -1056 352 ) 
3 162 169 (448 -992 320 ) (448 -1056 320 ) (384 -1056 320 ) 
4 162 168 (384 -1056 320 ) (448 -1056 320 ) (448 -1056 512 ) (384 -1056 512 ) 
4 163 164 (192 -832 512 ) (192 -832 320 ) (368 -1008 320 ) (368 -1008 512 ) 
4 164 167 (192 -832 320 ) (192 -1024 320 ) (192 -1024 501.142857 ) (192 -832 501.142857 ) 
4 165 210 (128 -1024 512 ) (128 -1024 547.428571 ) (128 -832 547.428571 ) (128 -832 512 ) 
4 165 166 (152.493827 -1024 512 ) (128 -1024 512 ) (128 -832 512 ) (152.493827 -832 512 ) 
4 166 211 (128 -1024 501.142857 ) (128 -1024 512 ) (128 -832 512 ) (128 -832 501.142857 ) 
4 166 167 (128 -1024 501.142857 ) (128 -832 501.142857 ) (160 -832 501.142857 ) (160 -1024 501.142857 ) 
4 167 211 (128 -832 320 ) (128 -1024 320 ) (128 -1024 501.142857 ) (128 -832 501.142857 ) 
4 168 232 (128 -1120 320 ) (128 -1232 320 ) (128 -1232 640 ) (128 -1120 640 ) 
4 168 218 (128 -1056 320 ) (128 -1120 320 ) (128 -1120 547.428571 ) (128 -1056 547.428571 ) 
4 168 197 (128 -1232 608 ) (128 -1232 320 ) (239.256966 -1232 320 ) (239.256966 -1232 608 ) 
4 168 196 (239.256966 -1232 320 ) (736 -1232 320 ) (736 -1232 608 ) (239.256966 -1232 608 ) 
4 168 171 (128 -1232 320 ) (128 -1056 320 ) (298.105263 -1056 320 ) (239.256966 -1232 320 ) 
4 168 170 (298.105263 -1056 320 ) (736 -1056 320 ) (736 -1232 320 ) (239.256966 -1232 320 ) 
4 169 172 (704 -1056 304.640000 ) (384 -1056 304.640000 ) (448 -992 320 ) (640 -992 320 ) 
4 169 170 (704 -1056 320 ) (384 -1056 320 ) (384 -1056 304.640000 ) (704 -1056 304.640000 ) 
4 170 196 (239.256966 -1232 262.400000 ) (736 -1232 262.400000 ) (736 -1232 320 ) (239.256966 -1232 320 ) 
4 170 177 (320 -1232 262.400000 ) (239.256966 -1232 262.400000 ) (298.105263 -1056 304.640000 ) (320 -1056 304.640000 ) 
4 170 174 (736 -1056 304.640000 ) (736 -1232 262.400000 ) (320 -1232 262.400000 ) (320 -1056 304.640000 ) 
4 170 171 (298.105263 -1056 320 ) (298.105263 -1056 304.640000 ) (239.256966 -1232 262.400000 ) (239.256966 -1232 320 ) 
4 171 232 (128 -1232 262.400000 ) (128 -1232 320 ) (128 -1120 320 ) (128 -1120 289.280000 ) 
4 171 219 (128 -1120 320 ) (128 -1056 320 ) (128 -1056 304.640000 ) (128 -1120 289.280000 ) 
4 171 197 (128 -1232 320 ) (128 -1232 262.400000 ) (239.256966 -1232 262.400000 ) (239.256966 -1232 320 ) 
4 171 178 (239.256966 -1232 262.400000 ) (128 -1232 262.400000 ) (128 -1056 304.640000 ) (298.105263 -1056 304.640000 ) 
4 172 179 (448 -992 320 ) (640 -992 320 ) (680 -1032 288 ) (408 -1032 288 ) 
4 172 174 (704 -1056 304.640000 ) (384 -1056 304.640000 ) (384 -1056 288 ) (704 -1056 288 ) 
4 172 173 (408 -1032 288 ) (680 -1032 288 ) (704 -1056 288 ) (384 -1056 288 ) 
4 173 182 (320 -1056 268.800000 ) (320 -1032 288 ) (416 -1032 288 ) (416 -1056 268.800000 ) 
4 173 181 (416 -1032 288 ) (672 -1032 288 ) (672 -1056 268.800000 ) (416 -1056 268.800000 ) 
4 173 180 (672 -1032 288 ) (736 -1032 288 ) (736 -1056 268.800000 ) (672 -1056 268.800000 ) 
3 173 175 (320 -1045.333333 277.333333 ) (320 -1056 268.800000 ) (320 -1056 288 ) 
4 173 174 (320 -1056 268.800000 ) (736 -1056 268.800000 ) (736 -1056 288 ) (320 -1056 288 ) 
4 174 199 (320 -1232 128 ) (736 -1232 128 ) (736 -1232 262.400000 ) (320 -1232 262.400000 ) 
4 174 187 (736 -1232 128 ) (320 -1232 128 ) (320 -1120 217.600000 ) (736 -1120 217.600000 ) 
4 174 182 (320 -1072 256 ) (320 -1056 268.800000 ) (416 -1056 268.800000 ) (416 -1072 256 ) 
4 174 184 (320 -1120 217.600000 ) (320 -1072 256 ) (416 -1072 256 ) (416 -1120 217.600000 ) 
4 174 181 (416 -1056 268.800000 ) (672 -1056 268.800000 ) (672 -1120 217.600000 ) (416 -1120 217.600000 ) 
4 174 180 (672 -1056 268.800000 ) (736 -1056 268.800000 ) (736 -1120 217.600000 ) (672 -1120 217.600000 ) 
4 174 177 (320 -1232 128 ) (320 -1232 262.400000 ) (320 -1056 304.640000 ) (320 -1056 268.800000 ) 
4 175 183 (301.671827 -1045.333333 277.333333 ) (320 -1045.333333 277.333333 ) (320 -1056 268.800000 ) (298.105263 -1056 268.800000 ) 
4 175 177 (298.105263 -1056 268.800000 ) (320 -1056 268.800000 ) (320 -1056 288 ) (298.105263 -1056 288 ) 
3 175 176 (301.671827 -1045.333333 277.333333 ) (298.105263 -1056 268.800000 ) (298.105263 -1056 288 ) 
3 176 221 (128 -1045.333333 277.333333 ) (128 -1056 268.800000 ) (128 -1056 288 ) 
4 176 185 (128 -1056 268.800000 ) (128 -1045.333333 277.333333 ) (301.671827 -1045.333333 277.333333 ) (298.105263 -1056 268.800000 ) 
4 176 178 (128 -1056 268.800000 ) (298.105263 -1056 268.800000 ) (298.105263 -1056 288 ) (128 -1056 288 ) 
4 177 199 (239.256966 -1232 128 ) (320 -1232 128 ) (320 -1232 262.400000 ) (239.256966 -1232 262.400000 ) 
4 177 188 (320 -1232 128 ) (239.256966 -1232 128 ) (276.705882 -1120 217.600000 ) (320 -1120 217.600000 ) 
4 177 183 (292.755418 -1072 256 ) (298.105263 -1056 268.800000 ) (320 -1056 268.800000 ) (320 -1072 256 ) 
4 177 184 (276.705882 -1120 217.600000 ) (292.755418 -1072 256 ) (320 -1072 256 ) (320 -1120 217.600000 ) 
4 177 178 (298.105263 -1056 304.640000 ) (298.105263 -1056 268.800000 ) (239.256966 -1232 128 ) (239.256966 -1232 262.400000 ) 
4 178 234 (128 -1232 128 ) (128 -1232 262.400000 ) (128 -1120 289.280000 ) (128 -1120 217.600000 ) 
4 178 224 (128 -1120 289.280000 ) (128 -1056 304.640000 ) (128 -1056 268.800000 ) (128 -1120 217.600000 ) 
4 178 200 (128 -1232 262.400000 ) (128 -1232 128 ) (239.256966 -1232 128 ) (239.256966 -1232 262.400000 ) 
4 178 189 (239.256966 -1232 128 ) (128 -1232 128 ) (128 -1120 217.600000 ) (276.705882 -1120 217.600000 ) 
4 178 185 (128 -1072 256 ) (128 -1056 268.800000 ) (298.105263 -1056 268.800000 ) (292.755418 -1072 256 ) 
4 178 186 (128 -1120 217.600000 ) (128 -1072 256 ) (292.755418 -1072 256 ) (276.705882 -1120 217.600000 ) 
3 179 182 (416 -1032 288 ) (408 -1032 288 ) (416 -1024 288 ) 
6 179 181 (672 -1032 288 ) (416 -1032 288 ) (416 -1024 288 ) (448 -992 288 ) (640 -992 288 ) (672 -1024 288 ) 
3 179 180 (680 -1032 288 ) (672 -1032 288 ) (672 -1024 288 ) 
4 180 192 (736 -944 16 ) (736 -1120 16 ) (672 -1120 16 ) (672 -944 16 ) 
4 180 187 (672 -1120 16 ) (736 -1120 16 ) (736 -1120 217.600000 ) (672 -1120 217.600000 ) 
5 180 181 (672 -944 16 ) (672 -1120 16 ) (672 -1120 217.600000 ) (672 -1032 288 ) (672 -944 288 ) 
4 181 193 (416 -704 16 ) (672 -704 16 ) (672 -1120 16 ) (416 -1120 16 ) 
4 181 187 (416 -1120 16 ) (672 -1120 16 ) (672 -1120 217.600000 ) (416 -1120 217.600000 ) 
4 181 182 (416 -1072 256 ) (416 -1032 288 ) (416 -1024 288 ) (416 -1024 256 ) 
5 181 184 (416 -1120 16 ) (416 -1120 217.600000 ) (416 -1072 256 ) (416 -704 256 ) (416 -704 16 ) 
3 182 183 (320 -1024 256 ) (320 -1072 256 ) (320 -1045.333333 277.333333 ) 
4 182 184 (416 -1024 256 ) (416 -1072 256 ) (320 -1072 256 ) (320 -1024 256 ) 
3 183 185 (292.755418 -1072 256 ) (301.671827 -1045.333333 277.333333 ) (308.804954 -1024 256 ) 
4 183 184 (320 -1072 256 ) (292.755418 -1072 256 ) (308.804954 -1024 256 ) (320 -1024 256 ) 
3 184 195 (320 -1120 16 ) (276.705882 -1120 16 ) (320 -990.518519 16 ) 
5 184 193 (415.801858 -704 16 ) (416 -704 16 ) (416 -1120 16 ) (320 -1120 16 ) (320 -990.518519 16 ) 
4 184 188 (320 -1120 32 ) (320 -1120 217.600000 ) (276.705882 -1120 217.600000 ) (276.705882 -1120 32 ) 
4 184 187 (320 -1120 16 ) (416 -1120 16 ) (416 -1120 217.600000 ) (320 -1120 217.600000 ) 
5 184 186 (415.801858 -704 16 ) (276.705882 -1120 16 ) (276.705882 -1120 217.600000 ) (292.755418 -1072 256 ) (415.801858 -704 256 ) 
3 185 225 (128 -1072 256 ) (128 -1056 268.800000 ) (128 -1056 256 ) 
4 185 222 (128 -1056 268.800000 ) (128 -1045.333333 277.333333 ) (128 -1024 256 ) (128 -1056 256 ) 
4 185 186 (308.804954 -1024 256 ) (292.755418 -1072 256 ) (128 -1072 256 ) (128 -1024 256 ) 
5 186 225 (128 -1056 16 ) (128 -1120 16 ) (128 -1120 217.600000 ) (128 -1072 256 ) (128 -1056 256 ) 
4 186 223 (128 -903.111111 16 ) (128 -1056 16 ) (128 -1056 256 ) (128 -903.111111 256 ) 
6 186 195 (128 -1120 16 ) (128 -903.111111 16 ) (192 -832 16 ) (320 -832 16 ) (320 -990.518519 16 ) (276.705882 -1120 16 ) 
4 186 194 (192 -832 16 ) (307.200000 -704 16 ) (320 -704 16 ) (320 -832 16 ) 
3 186 193 (320 -704 16 ) (415.801858 -704 16 ) (320 -990.518519 16 ) 
5 186 191 (128 -903.111111 16 ) (128 -903.111111 256 ) (170.400000 -856 256 ) (192 -832 232 ) (192 -832 16 ) 
5 186 190 (216 -805.333333 256 ) (307.200000 -704 256 ) (307.200000 -704 16 ) (192 -832 16 ) (192 -832 232 ) 
4 186 189 (128 -1120 217.600000 ) (128 -1120 32 ) (276.705882 -1120 32 ) (276.705882 -1120 217.600000 ) 
4 187 202 (320 -1232 16 ) (736 -1232 16 ) (736 -1232 128 ) (320 -1232 128 ) 
4 187 192 (672 -1120 16 ) (736 -1120 16 ) (736 -1232 16 ) (672 -1232 16 ) 
4 187 193 (320 -1120 16 ) (672 -1120 16 ) (672 -1232 16 ) (320 -1232 16 ) 
4 187 188 (320 -1120 217.600000 ) (320 -1120 32 ) (320 -1232 32 ) (320 -1232 128 ) 
4 188 204 (239.256966 -1232 32 ) (304 -1232 32 ) (304 -1232 128 ) (239.256966 -1232 128 ) 
4 188 202 (304 -1232 32 ) (320 -1232 32 ) (320 -1232 128 ) (304 -1232 128 ) 
4 188 189 (276.705882 -1120 217.600000 ) (276.705882 -1120 32 ) (239.256966 -1232 32 ) (239.256966 -1232 128 ) 
4 189 236 (128 -1232 32 ) (128 -1232 128 ) (128 -1120 217.600000 ) (128 -1120 32 ) 
4 189 205 (128 -1232 128 ) (128 -1232 32 ) (239.256966 -1232 32 ) (239.256966 -1232 128 ) 
3 190 194 (192 -704 16 ) (307.200000 -704 16 ) (192 -832 16 ) 
5 191 229 (128 -832 16 ) (128 -903.111111 16 ) (128 -903.111111 256 ) (128 -856 256 ) (128 -832 232 ) 
3 191 195 (128 -903.111111 16 ) (128 -832 16 ) (192 -832 16 ) 
4 192 207 (736 -1232 -64 ) (736 -1232 16 ) (672 -1232 16 ) (672 -1232 -64 ) 
4 192 193 (672 -944 -64 ) (672 -1232 -64 ) (672 -1232 16 ) (672 -944 16 ) 
4 193 207 (672 -1232 16 ) (320 -1232 16 ) (320 -1232 -64 ) (672 -1232 -64 ) 
4 193 195 (320 -1120 16 ) (320 -832 16 ) (320 -832 -64 ) (320 -1120 -64 ) 
4 193 194 (320 -832 16 ) (320 -704 16 ) (320 -704 -64 ) (320 -832 -64 ) 
4 194 195 (192 -832 -64 ) (320 -832 -64 ) (320 -832 16 ) (192 -832 16 ) 
4 195 231 (128 -832 -64 ) (128 -1120 -64 ) (128 -1120 16 ) (128 -832 16 ) 
4 196 232 (128 -1792 608 ) (128 -1564.740741 608 ) (128 -1564.740741 192 ) (128 -1792 192 ) 
4 196 199 (239.256966 -1232 262.400000 ) (736 -1232 262.400000 ) (736 -1525.333333 192 ) (141.176471 -1525.333333 192 ) 
4 196 198 (736 -1232 262.400000 ) (864 -1232 262.400000 ) (864 -1525.333333 192 ) (736 -1525.333333 192 ) 
5 196 197 (239.256966 -1232 262.400000 ) (141.176471 -1525.333333 192 ) (128 -1564.740741 192 ) (128 -1564.740741 608 ) (239.256966 -1232 608 ) 
5 197 232 (128 -1564.740741 608 ) (128 -1232 608 ) (128 -1232 262.400000 ) (128 -1525.333333 192 ) (128 -1564.740741 192 ) 
4 197 200 (128 -1525.333333 192 ) (128 -1232 262.400000 ) (239.256966 -1232 262.400000 ) (141.176471 -1525.333333 192 ) 
3 198 199 (736 -1525.333333 192 ) (736 -1232 262.400000 ) (736 -1232 192 ) 
4 199 234 (128 -1564.740741 32 ) (128 -1792 32 ) (128 -1792 128 ) (128 -1564.740741 182.542222 ) 
5 199 204 (239.256966 -1232 128 ) (304 -1232 128 ) (320 -1248 115.200000 ) (320 -1352 32 ) (199.133127 -1352 32 ) 
3 199 203 (320 -1248 115.200000 ) (424 -1352 32 ) (320 -1352 32 ) 
4 199 202 (304 -1232 128 ) (736 -1232 128 ) (736 -1352 32 ) (424 -1352 32 ) 
4 199 201 (736 -1792 32 ) (320 -1792 32 ) (320 -1352 32 ) (736 -1352 32 ) 
5 199 200 (239.256966 -1232 262.400000 ) (239.256966 -1232 128 ) (199.133127 -1352 32 ) (128 -1564.740741 32 ) (128 -1564.740741 182.542222 ) 
5 200 234 (128 -1232 262.400000 ) (128 -1232 128 ) (128 -1352 32 ) (128 -1564.740741 32 ) (128 -1564.740741 182.542222 ) 
4 200 205 (128 -1305.142857 69.485714 ) (128 -1232 128 ) (239.256966 -1232 128 ) (216.924332 -1298.791119 74.567105 ) 
4 201 207 (320 -1372 16 ) (736 -1372 16 ) (736 -1792 16 ) (320 -1792 16 ) 
4 201 203 (444 -1372 16 ) (320 -1372 16 ) (320 -1352 32 ) (424 -1352 32 ) 
4 201 202 (736 -1372 16 ) (444 -1372 16 ) (424 -1352 32 ) (736 -1352 32 ) 
5 202 207 (320 -1232 16 ) (736 -1232 16 ) (736 -1372 16 ) (444 -1372 16 ) (320 -1248 16 ) 
4 202 204 (304 -1232 128 ) (304 -1232 32 ) (320 -1248 32 ) (320 -1248 115.200000 ) 
3 202 203 (320 -1248 16 ) (444 -1372 16 ) (320 -1248 115.200000 ) 
3 203 207 (320 -1248 16 ) (444 -1372 16 ) (320 -1372 16 ) 
3 203 204 (320 -1352 32 ) (320 -1248 115.200000 ) (320 -1248 32 ) 
4 204 205 (216.924332 -1298.791119 74.567105 ) (239.256966 -1232 128 ) (239.256966 -1232 32 ) (216.924332 -1298.791119 32 ) 
4 205 236 (128 -1232 128 ) (128 -1232 32 ) (128 -1305.142857 32 ) (128 -1305.142857 69.485714 ) 
4 206 238 (128 -1824 608 ) (128 -1792 608 ) (128 -1792 384 ) (128 -1824 384 ) 
6 208 211 (128 -832 320 ) (128 -832 432 ) (72.444444 -832 512 ) (-104.444444 -832 512 ) (-160 -832 432 ) (-160 -832 320 ) 
4 208 210 (72.444444 -832 512 ) (28 -832 576 ) (-60 -832 576 ) (-104.444444 -832 512 ) 
6 209 214 (-352 -832 320 ) (-352 -832 432 ) (-407.555556 -832 512 ) (-584.444444 -832 512 ) (-640 -832 432 ) (-640 -832 320 ) 
4 209 213 (-407.555556 -832 512 ) (-452 -832 576 ) (-540 -832 576 ) (-584.444444 -832 512 ) 
4 210 211 (-184.493827 -832 512 ) (128 -832 512 ) (128 -1024 512 ) (-184.493827 -1024 512 ) 
4 211 216 (-235.743119 -1024 437.871560 ) (-256 -1024 408.571429 ) (-208 -1024 339.142857 ) (-208 -1024 424 ) 
5 211 215 (-64 -1024 320 ) (32 -1024 320 ) (32 -1024 424 ) (-16 -1024 448 ) (-64 -1024 424 ) 
4 211 214 (-256 -832 408.571429 ) (-194.765432 -832 320 ) (-194.765432 -1024 320 ) (-256 -1024 408.571429 ) 
4 211 212 (-256 -1024 408.571429 ) (-184.493827 -1024 512 ) (-184.493827 -832 512 ) (-256 -832 408.571429 ) 
4 212 216 (-276.256881 -1024 437.871560 ) (-256 -1024 408.571429 ) (-235.743119 -1024 437.871560 ) (-256 -1024 448 ) 
4 212 214 (-327.506173 -832 512 ) (-256 -832 408.571429 ) (-256 -1024 408.571429 ) (-327.506173 -1024 512 ) 
4 213 214 (-327.506173 -832 512 ) (-327.506173 -1024 512 ) (-664.493827 -1024 512 ) (-664.493827 -832 512 ) 
4 214 230 (-704 -832 454.857143 ) (-704 -1024 454.857143 ) (-686.617284 -1024 480 ) (-686.617284 -832 480 ) 
5 214 217 (-544 -1024 320 ) (-448 -1024 320 ) (-448 -1024 424 ) (-496 -1024 448 ) (-544 -1024 424 ) 
5 214 216 (-304 -1024 320 ) (-208 -1024 320 ) (-208 -1024 339.142857 ) (-276.256881 -1024 437.871560 ) (-304 -1024 424 ) 
5 215 218 (-64 -1056 320 ) (32 -1056 320 ) (32 -1056 424 ) (-16 -1056 448 ) (-64 -1056 424 ) 
5 216 218 (-304 -1056 320 ) (-208 -1056 320 ) (-208 -1056 424 ) (-256 -1056 448 ) (-304 -1056 424 ) 
5 217 218 (-544 -1056 320 ) (-448 -1056 320 ) (-448 -1056 424 ) (-496 -1056 448 ) (-544 -1056 424 ) 
5 218 233 (-67.200000 -1120 640 ) (-576 -1120 640 ) (-640 -1120 547.428571 ) (-640 -1120 320 ) (-67.200000 -1120 320 ) 
5 218 232 (128 -1120 320 ) (128 -1120 547.428571 ) (64 -1120 640 ) (-67.200000 -1120 640 ) (-67.200000 -1120 320 ) 
4 218 220 (-67.200000 -1120 320 ) (-640 -1120 320 ) (-640 -1056 320 ) (-9.600000 -1056 320 ) 
4 218 219 (128 -1056 320 ) (128 -1120 320 ) (-67.200000 -1120 320 ) (-9.600000 -1056 320 ) 
4 219 232 (128 -1120 289.280000 ) (128 -1120 320 ) (-67.200000 -1120 320 ) (-67.200000 -1120 289.280000 ) 
4 219 224 (128 -1056 304.640000 ) (128 -1120 289.280000 ) (-67.200000 -1120 289.280000 ) (-9.600000 -1056 304.640000 ) 
4 219 220 (-9.600000 -1056 304.640000 ) (-67.200000 -1120 289.280000 ) (-67.200000 -1120 320 ) (-9.600000 -1056 320 ) 
4 220 233 (-67.200000 -1120 320 ) (-640 -1120 320 ) (-640 -1120 289.280000 ) (-67.200000 -1120 289.280000 ) 
4 220 227 (-67.200000 -1120 289.280000 ) (-640 -1120 289.280000 ) (-640 -1056 304.640000 ) (-9.600000 -1056 304.640000 ) 
3 221 226 (-9.600000 -1056 268.800000 ) (-9.600000 -1056 288 ) (0 -1045.333333 277.333333 ) 
4 221 224 (128 -1056 268.800000 ) (128 -1056 288 ) (-9.600000 -1056 288 ) (-9.600000 -1056 268.800000 ) 
4 221 222 (-9.600000 -1056 268.800000 ) (0 -1045.333333 277.333333 ) (128 -1045.333333 277.333333 ) (128 -1056 268.800000 ) 
4 222 228 (-9.600000 -1056 256 ) (-9.600000 -1056 268.800000 ) (0 -1045.333333 277.333333 ) (19.200000 -1024 256 ) 
4 222 225 (128 -1056 256 ) (128 -1056 268.800000 ) (-9.600000 -1056 268.800000 ) (-9.600000 -1056 256 ) 
4 222 223 (-9.600000 -1056 256 ) (19.200000 -1024 256 ) (128 -1024 256 ) (128 -1056 256 ) 
3 223 231 (-9.600000 -1056 16 ) (128 -903.111111 16 ) (128 -1056 16 ) 
4 223 229 (128 -903.111111 16 ) (-9.600000 -1056 16 ) (-9.600000 -1056 256 ) (128 -903.111111 256 ) 
4 223 225 (-9.600000 -1056 16 ) (128 -1056 16 ) (128 -1056 256 ) (-9.600000 -1056 256 ) 
4 224 234 (128 -1120 217.600000 ) (128 -1120 289.280000 ) (-67.200000 -1120 289.280000 ) (-67.200000 -1120 217.600000 ) 
4 224 227 (-67.200000 -1120 217.600000 ) (-67.200000 -1120 289.280000 ) (-9.600000 -1056 304.640000 ) (-9.600000 -1056 268.800000 ) 
4 224 225 (128 -1120 217.600000 ) (-67.200000 -1120 217.600000 ) (-9.600000 -1056 268.800000 ) (128 -1056 268.800000 ) 
4 225 236 (128 -1120 32 ) (128 -1120 217.600000 ) (-67.200000 -1120 217.600000 ) (-67.200000 -1120 32 ) 
4 225 231 (128 -1120 16 ) (-67.200000 -1120 16 ) (-9.600000 -1056 16 ) (128 -1056 16 ) 
3 225 228 (-24 -1072 256 ) (-9.600000 -1056 268.800000 ) (-9.600000 -1056 256 ) 
5 225 229 (-9.600000 -1056 16 ) (-67.200000 -1120 16 ) (-67.200000 -1120 217.600000 ) (-24 -1072 256 ) (-9.600000 -1056 256 ) 
4 226 228 (0 -1045.333333 277.333333 ) (-9.600000 -1056 268.800000 ) (-640 -1056 268.800000 ) (-640 -1045.333333 277.333333 ) 
4 226 227 (-9.600000 -1056 268.800000 ) (-9.600000 -1056 288 ) (-640 -1056 288 ) (-640 -1056 268.800000 ) 
4 227 235 (-67.200000 -1120 289.280000 ) (-640 -1120 289.280000 ) (-640 -1120 217.600000 ) (-67.200000 -1120 217.600000 ) 
4 227 228 (-9.600000 -1056 268.800000 ) (-24 -1072 256 ) (-640 -1072 256 ) (-640 -1056 268.800000 ) 
4 227 229 (-24 -1072 256 ) (-67.200000 -1120 217.600000 ) (-640 -1120 217.600000 ) (-640 -1072 256 ) 
4 228 229 (-24 -1072 256 ) (-640 -1072 256 ) (-640 -1024 256 ) (19.200000 -1024 256 ) 
4 229 237 (-640 -1120 217.600000 ) (-640 -1120 32 ) (-67.200000 -1120 32 ) (-67.200000 -1120 217.600000 ) 
5 229 231 (-67.200000 -1120 16 ) (-640 -1120 16 ) (-640 -832 16 ) (128 -832 16 ) (128 -903.111111 16 ) 
5 232 234 (128 -1792 128 ) (-640 -1792 128 ) (-640 -1756.444444 136.533333 ) (-67.200000 -1120 289.280000 ) (128 -1120 289.280000 ) 
4 232 233 (-640 -1756.444444 136.533333 ) (-640 -1756.444444 640 ) (-67.200000 -1120 640 ) (-67.200000 -1120 289.280000 ) 
3 233 235 (-640 -1756.444444 136.533333 ) (-640 -1120 289.280000 ) (-67.200000 -1120 289.280000 ) 
4 234 236 (-67.200000 -1120 217.600000 ) (128 -1120 217.600000 ) (128 -1352 32 ) (-276 -1352 32 ) 
5 234 235 (-640 -1756.444444 136.533333 ) (-67.200000 -1120 289.280000 ) (-67.200000 -1120 217.600000 ) (-276 -1352 32 ) (-640 -1756.444444 32 ) 
4 235 237 (-640 -1352 32 ) (-640 -1120 217.600000 ) (-67.200000 -1120 217.600000 ) (-276 -1352 32 ) 
3 236 237 (-67.200000 -1120 32 ) (-276 -1352 32 ) (-67.200000 -1120 217.600000 ) 
0 -1
1 2 3 4 5 6 7 8 9 -1
10 -1
11 12 13 14 15 -1
16 -1
17 -1
18 -1
19 20 21 -1
22 23 -1
24 25 26 27 28 29 30 31 32 33 34 35 36 37 38 39 40 41 42 43 44 45 46 47 48 49 50 51 52 53 54 55 56 57 58 59 60 61 62 63 64 65 66 67 68 69 70 71 72 73 74 75 76 77 78 79 80 81 82 83 84 85 86 87 88 89 90 91 92 93 94 95 96 97 98 99 100 101 102 103 104 105 106 107 108 109 110 -1
111 112 -1
113 -1
114 -1
115 -1
116 117 118 119 120 121 122 123 124 125 126 127 128 129 130 131 132 133 134 135 136 137 138 139 140 141 -1
142 143 144 145 146 147 148 149 150 151 152 153 154 155 156 157 158 159 -1
160 161 -1
162 163 164 165 -1
166 -1
167 168 169 170 171 172 173 174 175 -1
176 -1
177 178 179 180 181 182 183 184 185 -1
186 -1
187 188 -1
189 190 -1
191 192 193 194 195 -1
196 197 198 199 200 -1
201 202 -1
203 -1
204 -1
205 206 -1
207 -1
208 209 210 211 -1
212 -1
213 -1
214 215 216 217 218 219 220 221 222 223 -1
224 -1
225 226 227 228 229 230 231 232 233 234 235 236 237 238 239 -1
240 241 -1
242 -1
243 -1
244 245 246 247 248 249 250 251 252 253 254 255 256 257 258 -1
259 -1
260 -1
261 -1
262 -1
263 -1
264 -1
265 -1
266 267 268 269 -1
270 -1
271 -1
272 -1
273 274 -1
275 276 277 278 279 -1
280 -1
281 -1
282 -1
283 284 285 286 287 288 289 290 -1
291 -1
292 -1
293 -1
294 295 296 297 298 299 300 -1
301 302 303 -1
304 -1
305 306 307 308 309 -1
310 -1
311 -1
312 313 314 315 316 317 -1
318 -1
319 320 321 322 323 324 325 326 -1
327 328 -1
329 -1
330 -1
331 -1
332 -1
333 -1
334 335 336 337 338 339 340 341 342 343 344 345 346 347 348 349 350 351 352 353 354 355 356 357 358 359 360 361 362 363 364 -1
365 366 367 368 369 370 371 372 373 374 -1
375 376 377 378 379 380 381 382 -1
383 384 385 386 387 388 389 -1
390 391 392 393 394 395 396 397 398 399 400 -1
401 402 403 404 405 406 407 408 -1
409 410 411 412 413 414 415 416 417 418 419 420 421 422 423 424 425 426 427 428 -1
429 430 431 432 433 434 435 436 437 438 439 440 441 442 443 444 445 -1
446 -1
447 -1
448 449 450 451 452 453 454 455 456 457 458 459 460 461 462 463 -1
464 465 -1
466 467 468 469 470 471 472 473 474 475 476 477 478 479 480 481 482 483 484 485 486 487 488 489 490 491 492 493 494 495 -1
496 497 498 499 500 501 502 503 504 -1
505 -1
506 507 508 509 -1
510 -1
511 512 513 514 515 516 517 518 519 520 521 522 523 524 525 526 527 528 529 -1
530 -1
531 -1
532 533 534 535 536 -1
537 -1
538 539 540 541 -1
542 -1
543 -1
544 -1
545 -1
546 -1
547 -1
548 -1
549 550 551 552 -1
553 -1
554 -1
555 -1
556 557 558 -1
559 560 561 562 -1
563 -1
564 -1
565 566 567 568 -1
569 570 -1
571 -1
572 -1
573 574 575 576 577 578 579 580 581 582 583 584 585 586 587 588 589 590 591 592 593 594 595 596 597 598 599 600 601 602 603 604 605 606 607 608 609 610 611 612 613 614 615 616 617 618 619 620 621 622 623 624 625 626 627 628 629 630 631 632 633 634 635 636 637 638 639 640 641 642 643 644 645 646 647 648 649 650 651 652 -1
653 654 655 656 657 658 659 660 661 662 663 664 665 666 667 668 669 670 -1
671 672 -1
673 -1
674 675 -1
676 -1
677 678 -1
679 -1
680 681 -1
682 -1
683 684 685 686 -1
687 -1
688 -1
689 -1
690 -1
691 -1
692 693 694 695 696 -1
697 698 699 700 -1
701 -1
702 -1
703 -1
704 705 706 707 708 -1
709 710 711 712 713 714 -1
715 -1
716 -1
717 -1
718 719 720 721 722 723 -1
724 -1
725 726 727 728 729 730 731 732 733 734 -1
735 -1
736 737 738 739 -1
740 -1
741 742 743 -1
744 -1
745 746 747 748 749 750 751 752 -1
753 -1
754 755 -1
756 757 758 -1
759 -1
760 -1
761 -1
762 -1
763 -1
764 -1
765 766 767 768 769 770 771 772 773 774 775 776 -1
777 -1
778 -1
779 -1
780 781 -1
782 783 784 -1
785 -1
786 -1
787 -1
788 -1
789 -1
790 -1
791 -1
792 793 -1
794 -1
795 -1
796 -1
797 798 799 800 801 -1
802 803 804 805 806 807 808 809 810 811 812 813 814 815 816 817 818 819 820 821 822 823 824 825 826 827 828 829 830 831 832 833 834 835 836 837 838 839 840 841 842 843 844 845 846 847 848 849 850 851 852 853 854 855 856 -1
857 858 -1
859 -1
860 861 862 863 864 865 866 867 868 869 870 871 872 873 874 875 876 877 878 879 880 881 882 883 884 885 886 -1
887 888 889 890 -1
891 892 893 894 895 896 897 898 899 900 901 902 903 904 905 906 907 908 909 910 911 912 913 914 915 916 917 918 919 920 921 922 923 924 925 -1
926 927 -1
928 -1
929 -1
930 -1
931 -1
932 933 -1
934 935 936 937 938 939 940 941 942 943 944 945 946 947 948 949 950 951 -1
952 -1
953 954 955 956 -1
957 958 959 960 961 962 963 964 965 966 967 968 969 970 971 972 973 974 975 976 977 978 979 980 981 -1
982 983 984 985 986 987 -1
988 989 -1
990 991 992 993 994 995 -1
996 997 998 -1
999 1000 -1
1001 1002 1003 -1
1004 1005 -1
1006 1007 -1
1008 -1
1009 -1
1010 1011 1012 1013 -1
1014 -1
1015 -1
1016 1017 1018 1019 1020 -1
1021 1022 1023 1024 1025 1026 1027 1028 1029 1030 -1
1031 1032 1033 1034 -1
1035 1036 1037 1038 1039 -1
1040 1041 1042 1043 1044 1045 1046 1047 1048 1049 1050 1051 1052 1053 1054 -1
1055 -1
1056 -1
1057 -1
1058 1059 1060 1061 1062 1063 1064 1065 1066 1067 1068 1069 1070 1071 1072 1073 1074 -1
1075 -1
1076 1077 -1
1078 -1
1079 -1
1080 1081 1082 1083 1084 1085 1086 1087 1088 1089 1090 1091 1092 1093 1094 1095 1096 1097 -1
1098 -1
1099 -1
1100 1101 1102 1103 1104 -1
1105 1106 1107 -1
1108 1109 1110 1111 1112 1113 1114 1115 1116 1117 1118 -1
1119 1120 1121 1122 1123 1124 1125 1126 1127 1128 1129 1130 1131 1132 1133 1134 1135 1136 1137 1138 1139 1140 1141 1142 1143 1144 1145 1146 1147 1148 1149 1150 1151 1152 1153 1154 1155 1156 1157 1158 1159 1160 1161 1162 1163 1164 1165 1166 1167 1168 1169 1170 1171 1172 1173 1174 1175 1176 1177 1178 1179 1180 1181 1182 1183 1184 1185 1186 1187 1188 1189 1190 1191 1192 1193 1194 1195 1196 1197 1198 1199 1200 1201 1202 1203 1204 1205 -1
1206 -1
1207 1208 1209 1210 1211 1212 1213 1214 1215 1216 1217 1218 1219 1220 1221 1222 1223 1224 -1
1225 1226 1227 1228 1229 1230 1231 1232 1233 1234 1235 1236 1237 1238 1239 1240 1241 1242 1243 1244 1245 1246 1247 1248 1249 1250 1251 1252 1253 1254 1255 1256 1257 1258 1259 1260 1261 1262 1263 1264 1265 1266 1267 1268 1269 1270 1271 1272 1273 1274 1275 1276 1277 1278 1279 1280 1281 1282 1283 1284 1285 1286 1287 1288 1289 1290 1291 1292 1293 1294 1295 1296 1297 1298 1299 1300 1301 1302 1303 1304 1305 1306 1307 1308 1309 1310 1311 1312 1313 1314 1315 1316 1317 1318 1319 1320 1321 1322 1323 1324 1325 1326 1327 1328 1329 1330 1331 1332 1333 1334 1335 1336 1337 1338 1339 1340 1341 1342 1343 1344 1345 1346 1347 1348 1349 1350 1351 1352 1353 1354 1355 1356 1357 1358 1359 1360 1361 1362 1363 1364 1365 1366 1367 1368 1369 1370 1371 -1
1372 1373 1374 1375 1376 1377 1378 1379 1380 1381 -1
1382 1383 1384 1385 1386 1387 1388 1389 1390 -1
1391 1392 1393 1394 -1
1395 1396 -1
1397 1398 -1
1399 -1
