PRT2
2245
386
1092
4 0 25 (1856 384 1024 ) (1824 384 1024 ) (1824 384 384 ) (1856 384 384 ) 
4 1 61 (1184 384 1024 ) (1184 384 1056 ) (1184 896 1056 ) (1184 896 1024 ) 
4 1 24 (1824 384 1024 ) (1824 384 1056 ) (1184 384 1056 ) (1184 384 1024 ) 
4 2 3 (1344 896 672 ) (1344 896 1024 ) (1344 928 1024 ) (1344 928 672 ) 
4 3 62 (1184 896 1024 ) (1184 928 1024 ) (1184 928 672 ) (1184 896 672 ) 
4 4 27 (1664 384 1024 ) (1408 384 1024 ) (1408 384 480 ) (1664 384 480 ) 
4 4 26 (1824 384 480 ) (1824 384 1024 ) (1664 384 1024 ) (1664 384 480 ) 
4 4 11 (1408 448 480 ) (1408 384 480 ) (1408 384 608 ) (1408 448 608 ) 
4 4 10 (1408 512 480 ) (1408 448 480 ) (1408 448 576 ) (1408 512 576 ) 
4 4 9 (1408 448 576 ) (1408 448 608 ) (1408 512 608 ) (1408 512 576 ) 
4 4 8 (1408 384 608 ) (1408 384 1024 ) (1408 512 1024 ) (1408 512 608 ) 
4 4 7 (1408 512 704 ) (1408 512 1024 ) (1408 544 1024 ) (1408 544 704 ) 
4 4 5 (1408 896 1024 ) (1408 896 704 ) (1408 544 704 ) (1408 544 1024 ) 
4 5 63 (1184 544 1024 ) (1184 896 1024 ) (1184 896 704 ) (1184 544 704 ) 
4 5 7 (1184 544 1024 ) (1184 544 704 ) (1408 544 704 ) (1408 544 1024 ) 
4 5 6 (1184 544 704 ) (1184 896 704 ) (1376 896 704 ) (1376 544 704 ) 
4 6 63 (1184 896 704 ) (1184 896 672 ) (1184 544 672 ) (1184 544 704 ) 
4 7 71 (1184 512 1024 ) (1184 544 1024 ) (1184 544 704 ) (1184 512 704 ) 
4 7 13 (1397.333333 512 1024 ) (1184 512 1024 ) (1184 512 704 ) (1344 512 704 ) 
4 7 8 (1408 512 704 ) (1408 512 1024 ) (1397.333333 512 1024 ) (1344 512 704 ) 
3 8 35 (1392 384 992 ) (1328 384 608 ) (1392 384 608 ) 
5 8 27 (1408 384 1024 ) (1397.333333 384 1024 ) (1392 384 992 ) (1392 384 608 ) (1408 384 608 ) 
3 8 16 (1328 459.636364 608 ) (1328 384 608 ) (1344.313725 384 705.882353 ) 
5 8 13 (1397.333333 512 1024 ) (1328 512 608 ) (1328 459.636364 608 ) (1344.313725 384 705.882353 ) (1397.333333 384 1024 ) 
4 8 12 (1328 448 608 ) (1328 512 608 ) (1344 512 608 ) (1344 448 608 ) 
4 8 11 (1408 384 608 ) (1392 384 608 ) (1392 448 608 ) (1408 448 608 ) 
4 8 9 (1344 448 608 ) (1344 512 608 ) (1408 512 608 ) (1408 448 608 ) 
4 9 12 (1344 448 608 ) (1344 512 608 ) (1344 512 576 ) (1344 448 576 ) 
4 9 11 (1392 448 576 ) (1408 448 576 ) (1408 448 608 ) (1392 448 608 ) 
4 9 10 (1376 512 576 ) (1408 512 576 ) (1408 448 576 ) (1376 448 576 ) 
4 10 11 (1392 448 480 ) (1408 448 480 ) (1408 448 576 ) (1392 448 576 ) 
4 11 27 (1408 384 480 ) (1408 384 608 ) (1392 384 608 ) (1392 384 480 ) 
4 12 21 (1317.333333 512 544 ) (1314.666667 512 528 ) (1314.666667 448 528 ) (1317.333333 448 544 ) 
4 12 23 (1314.666667 512 528 ) (1290.666667 512 384 ) (1290.666667 448 384 ) (1314.666667 448 528 ) 
4 12 17 (1317.333333 509.090909 544 ) (1317.333333 448 544 ) (1325.333333 448 592 ) (1325.333333 472 592 ) 
4 12 16 (1325.333333 448 592 ) (1328 448 608 ) (1328 459.636364 608 ) (1325.333333 472 592 ) 
3 12 15 (1323.607843 480 581.647059 ) (1325.333333 472 592 ) (1325.333333 480 592 ) 
5 12 14 (1325.333333 512 592 ) (1317.333333 512 544 ) (1317.333333 509.090909 544 ) (1323.607843 480 581.647059 ) (1325.333333 480 592 ) 
4 12 13 (1328 512 608 ) (1325.333333 512 592 ) (1325.333333 472 592 ) (1328 459.636364 608 ) 
5 13 73 (1184 384 705.882353 ) (1184 384 1024 ) (1184 512 1024 ) (1184 512 592 ) (1184 472 592 ) 
4 13 42 (1184 384 830.117647 ) (1184 384 705.882353 ) (1344.313725 384 705.882353 ) (1365.019608 384 830.117647 ) 
5 13 44 (1392 384 1024 ) (1184 384 1024 ) (1184 384 830.117647 ) (1365.019608 384 830.117647 ) (1392 384 992 ) 
3 13 27 (1397.333333 384 1024 ) (1392 384 1024 ) (1392 384 992 ) 
4 13 16 (1325.333333 472 592 ) (1344.313725 384 705.882353 ) (1200 384 705.882353 ) (1200 472 592 ) 
4 13 15 (1216 480 592 ) (1325.333333 480 592 ) (1325.333333 472 592 ) (1216 472 592 ) 
4 13 14 (1184 480 592 ) (1184 512 592 ) (1325.333333 512 592 ) (1325.333333 480 592 ) 
4 14 80 (1184 512 576 ) (1184 512 544 ) (1184 509.090909 544 ) (1184 484.363636 576 ) 
4 14 74 (1184 512 592 ) (1184 512 576 ) (1184 504.583911 576 ) (1184 492.220275 592 ) 
4 14 22 (1184 509.090909 544 ) (1184 512 544 ) (1208 512 544 ) (1208 509.090909 544 ) 
4 14 21 (1208 512 544 ) (1317.333333 512 544 ) (1317.333333 509.090909 544 ) (1208 509.090909 544 ) 
4 14 18 (1208 480 581.647059 ) (1184 480 581.647059 ) (1184 484.363636 576 ) (1208 484.363636 576 ) 
4 14 19 (1184 484.363636 576 ) (1184 509.090909 544 ) (1208 509.090909 544 ) (1208 484.363636 576 ) 
4 14 17 (1317.333333 509.090909 544 ) (1323.607843 480 581.647059 ) (1208 480 581.647059 ) (1208 509.090909 544 ) 
4 14 15 (1216 480 581.647059 ) (1323.607843 480 581.647059 ) (1325.333333 480 592 ) (1216 480 592 ) 
4 15 17 (1323.607843 480 581.647059 ) (1325.333333 472 592 ) (1216 472 592 ) (1216 480 581.647059 ) 
4 16 43 (1200 384 592 ) (1325.333333 384 592 ) (1344.313725 384 705.882353 ) (1200 384 705.882353 ) 
4 16 17 (1208 472 592 ) (1325.333333 472 592 ) (1325.333333 384 592 ) (1208 384 592 ) 
4 17 45 (1208 384 544 ) (1317.333333 384 544 ) (1325.333333 384 592 ) (1208 384 592 ) 
4 17 21 (1208 509.090909 544 ) (1317.333333 509.090909 544 ) (1317.333333 384 544 ) (1208 384 544 ) 
4 17 20 (1208 472 544 ) (1208 384 544 ) (1208 384 576 ) (1208 472 576 ) 
3 17 18 (1208 480 581.647059 ) (1208 484.363636 576 ) (1208 480 576 ) 
4 17 19 (1208 509.090909 544 ) (1208 472 544 ) (1208 472 576 ) (1208 484.363636 576 ) 
3 18 78 (1184 480 581.647059 ) (1184 484.363636 576 ) (1184 480 576 ) 
4 18 19 (1184 480 576 ) (1184 484.363636 576 ) (1208 484.363636 576 ) (1208 480 576 ) 
4 19 81 (1184 480 544 ) (1184 472 544 ) (1184 472 576 ) (1184 480 576 ) 
4 19 80 (1184 484.363636 576 ) (1184 509.090909 544 ) (1184 480 544 ) (1184 480 576 ) 
4 19 22 (1184 480 544 ) (1184 509.090909 544 ) (1208 509.090909 544 ) (1208 480 544 ) 
4 19 20 (1200 472 544 ) (1208 472 544 ) (1208 472 576 ) (1200 472 576 ) 
4 20 46 (1200 384 544 ) (1208 384 544 ) (1208 384 576 ) (1200 384 576 ) 
4 21 50 (1208 384 528 ) (1314.666667 384 528 ) (1317.333333 384 544 ) (1208 384 544 ) 
4 21 22 (1208 512 544 ) (1208 512 528 ) (1208 480 528 ) (1208 480 544 ) 
4 21 23 (1314.666667 384 528 ) (1208 384 528 ) (1208 512 528 ) (1314.666667 512 528 ) 
4 22 80 (1184 480 544 ) (1184 512 544 ) (1184 512 528 ) (1184 480 528 ) 
4 22 23 (1184 480 528 ) (1184 512 528 ) (1208 512 528 ) (1208 480 528 ) 
4 23 84 (1184 464 528 ) (1184 512 528 ) (1184 512 384 ) (1184 464 384 ) 
4 23 51 (1184 384 528 ) (1184 384 384 ) (1290.666667 384 384 ) (1314.666667 384 528 ) 
4 24 172 (1184 -192 1056 ) (1184 -192 1024 ) (1272 -192 1024 ) (1272 -192 1056 ) 
4 24 113 (1272 -192 1024 ) (1824 -192 1024 ) (1824 -192 1056 ) (1272 -192 1056 ) 
4 24 86 (1184 -192 1024 ) (1184 -192 1056 ) (1184 288 1056 ) (1184 288 1024 ) 
4 24 61 (1184 288 1056 ) (1184 384 1056 ) (1184 384 1024 ) (1184 288 1024 ) 
4 25 114 (1856 -192 1024 ) (1824 -192 1024 ) (1824 -192 384 ) (1856 -192 384 ) 
4 26 115 (1824 -192 1024 ) (1664 -192 1024 ) (1664 -192 480 ) (1824 -192 480 ) 
4 26 32 (1664 -192 480 ) (1664 -192 704 ) (1664 -80 704 ) (1664 -80 480 ) 
3 26 29 (1664 -192 720 ) (1664 -192 759.636364 ) (1664 -95.111111 720 ) 
4 26 28 (1664 -192 776.347826 ) (1664 -192 1024 ) (1664 -64 1024 ) (1664 -64 726.260870 ) 
4 26 27 (1664 -64 1024 ) (1664 384 1024 ) (1664 384 480 ) (1664 -64 480 ) 
4 27 56 (1392 0 480 ) (1392 -64 480 ) (1392 -64 576 ) (1392 0 576 ) 
4 27 55 (1392 -64 576 ) (1392 -64 608 ) (1392 0 608 ) (1392 0 576 ) 
4 27 53 (1392 -64 1024 ) (1392 64 1024 ) (1392 64 608 ) (1392 -64 608 ) 
4 27 44 (1392 64 1024 ) (1392 384 1024 ) (1392 384 992 ) (1392 64 992 ) 
4 27 40 (1392 192 480 ) (1392 64 480 ) (1392 64 576 ) (1392 192 576 ) 
4 27 39 (1392 64 576 ) (1392 64 992 ) (1392 192 992 ) (1392 192 576 ) 
4 27 38 (1392 192 608 ) (1392 192 992 ) (1392 256 992 ) (1392 256 608 ) 
4 27 36 (1392 384 576 ) (1392 384 480 ) (1392 256 480 ) (1392 256 576 ) 
4 27 35 (1392 384 992 ) (1392 384 576 ) (1392 256 576 ) (1392 256 992 ) 
4 27 33 (1412 -64 480 ) (1660 -64 480 ) (1660 -64 704 ) (1412 -64 704 ) 
4 27 34 (1392 -64 480 ) (1412 -64 480 ) (1412 -64 704 ) (1392 -64 704 ) 
4 27 31 (1408 -64 720 ) (1392 -64 720 ) (1392 -64 704 ) (1408 -64 704 ) 
4 27 28 (1664 -64 726.260870 ) (1664 -64 1024 ) (1412 -64 1024 ) (1412 -64 726.260870 ) 
4 27 30 (1412 -64 1024 ) (1392 -64 1024 ) (1392 -64 720 ) (1412 -64 720 ) 
4 28 119 (1660 -192 1024 ) (1412 -192 1024 ) (1412 -192 776.347826 ) (1660 -192 776.347826 ) 
4 28 116 (1664 -192 1024 ) (1660 -192 1024 ) (1660 -192 776.347826 ) (1664 -192 776.347826 ) 
4 28 30 (1412 -192 776.347826 ) (1412 -192 1024 ) (1412 -64 1024 ) (1412 -64 726.260870 ) 
4 29 116 (1660 -192 720 ) (1664 -192 720 ) (1664 -192 759.636364 ) (1660 -192 759.636364 ) 
3 30 141 (1397.333333 -192 1024 ) (1392 -192 1024 ) (1392 -192 992 ) 
4 30 121 (1392 -192 776 ) (1392 -192 720 ) (1412 -192 720 ) (1412 -192 776 ) 
5 30 119 (1412 -192 1024 ) (1397.333333 -192 1024 ) (1392 -192 992 ) (1392 -192 776 ) (1412 -192 776 ) 
4 30 53 (1392 -192 720 ) (1392 -192 1024 ) (1392 -64 1024 ) (1392 -64 720 ) 
4 30 31 (1408 -192 720 ) (1392 -192 720 ) (1392 -64 720 ) (1408 -64 720 ) 
4 31 122 (1392 -192 720 ) (1392 -192 704 ) (1408 -192 704 ) (1408 -192 720 ) 
4 31 53 (1392 -192 704 ) (1392 -192 720 ) (1392 -64 720 ) (1392 -64 704 ) 
4 31 34 (1392 -192 704 ) (1392 -64 704 ) (1408 -64 704 ) (1408 -192 704 ) 
4 32 117 (1660 -192 480 ) (1664 -192 480 ) (1664 -192 704 ) (1660 -192 704 ) 
4 33 34 (1412 -68 704 ) (1412 -64 704 ) (1412 -64 480 ) (1412 -68 480 ) 
4 34 124 (1392 -192 704 ) (1392 -192 480 ) (1412 -192 480 ) (1412 -192 704 ) 
4 34 56 (1392 -64 576 ) (1392 -64 480 ) (1392 -128 480 ) (1392 -128 576 ) 
4 34 55 (1392 -128 608 ) (1392 -64 608 ) (1392 -64 576 ) (1392 -128 576 ) 
4 34 53 (1392 -192 608 ) (1392 -192 704 ) (1392 -64 704 ) (1392 -64 608 ) 
4 35 45 (1325.333333 384 592 ) (1322.666667 384 576 ) (1322.666667 256 576 ) (1325.333333 256 592 ) 
5 35 43 (1344.313725 384 705.882353 ) (1325.333333 384 592 ) (1325.333333 256 592 ) (1337.411765 256 664.470588 ) (1354.666667 336 768 ) 
3 35 42 (1365.019608 384 830.117647 ) (1344.313725 384 705.882353 ) (1354.666667 336 768 ) 
4 35 44 (1392 256 992 ) (1392 384 992 ) (1365.019608 384 830.117647 ) (1337.411765 256 664.470588 ) 
3 35 38 (1392 256 608 ) (1392 256 992 ) (1328 256 608 ) 
4 35 36 (1376 384 576 ) (1392 384 576 ) (1392 256 576 ) (1376 256 576 ) 
4 35 37 (1322.666667 256 576 ) (1322.666667 384 576 ) (1344 384 576 ) (1344 256 576 ) 
4 37 50 (1317.333333 384 544 ) (1314.666667 384 528 ) (1314.666667 256 528 ) (1317.333333 256 544 ) 
4 37 51 (1314.666667 384 528 ) (1290.666667 384 384 ) (1290.666667 256 384 ) (1314.666667 256 528 ) 
4 37 45 (1322.666667 384 576 ) (1317.333333 384 544 ) (1317.333333 256 544 ) (1322.666667 256 576 ) 
3 38 43 (1337.411765 256 664.470588 ) (1328 256 608 ) (1328 212.363636 608 ) 
5 38 44 (1392 192 992 ) (1392 256 992 ) (1337.411765 256 664.470588 ) (1328 212.363636 608 ) (1328 192 608 ) 
3 38 39 (1392 192 992 ) (1328 192 608 ) (1392 192 608 ) 
3 39 53 (1392 64 608 ) (1392 64 992 ) (1328 64 608 ) 
4 39 49 (1322.666667 64 576 ) (1325.333333 64 592 ) (1325.333333 192 592 ) (1322.666667 192 576 ) 
4 39 44 (1325.333333 64 592 ) (1392 64 992 ) (1392 192 992 ) (1325.333333 192 592 ) 
4 39 40 (1376 192 576 ) (1392 192 576 ) (1392 64 576 ) (1376 64 576 ) 
4 39 41 (1322.666667 192 576 ) (1344 192 576 ) (1344 64 576 ) (1322.666667 64 576 ) 
4 41 52 (1290.666667 64 384 ) (1317.333333 64 544 ) (1317.333333 192 544 ) (1290.666667 192 384 ) 
4 41 49 (1317.333333 64 544 ) (1322.666667 64 576 ) (1322.666667 192 576 ) (1317.333333 192 544 ) 
3 42 73 (1184 384 830.117647 ) (1184 384 705.882353 ) (1184 336 768 ) 
4 42 43 (1200 384 705.882353 ) (1344.313725 384 705.882353 ) (1354.666667 336 768 ) (1200 336 768 ) 
4 42 44 (1354.666667 336 768 ) (1365.019608 384 830.117647 ) (1184 384 830.117647 ) (1184 336 768 ) 
4 43 45 (1208 384 592 ) (1325.333333 384 592 ) (1325.333333 200 592 ) (1208 200 592 ) 
4 43 44 (1325.333333 200 592 ) (1354.666667 336 768 ) (1200 336 768 ) (1200 200 592 ) 
4 44 92 (1184 192 1024 ) (1184 288 1024 ) (1184 288 732.049767 ) (1184 192 607.814473 ) 
4 44 93 (1184 64 1024 ) (1184 192 1024 ) (1184 192 592 ) (1184 64 592 ) 
3 44 77 (1184 336 768 ) (1184 288 705.882353 ) (1184 288 830.117647 ) 
5 44 73 (1184 288 1024 ) (1184 384 1024 ) (1184 384 830.117647 ) (1184 336 768 ) (1184 288 830.117647 ) 
4 44 54 (1280 64 592 ) (1325.333333 64 592 ) (1328 64 608 ) (1280 64 608 ) 
4 44 60 (1184 64 608 ) (1184 64 592 ) (1280 64 592 ) (1280 64 608 ) 
5 44 53 (1184 64 1024 ) (1184 64 608 ) (1328 64 608 ) (1392 64 992 ) (1392 64 1024 ) 
4 44 47 (1208 200 592 ) (1325.333333 200 592 ) (1325.333333 192 592 ) (1208 192 592 ) 
4 44 49 (1325.333333 64 592 ) (1184 64 592 ) (1184 192 592 ) (1325.333333 192 592 ) 
4 45 50 (1208 384 544 ) (1317.333333 384 544 ) (1317.333333 200 544 ) (1208 200 544 ) 
4 45 47 (1208 200 544 ) (1317.333333 200 544 ) (1325.333333 200 592 ) (1208 200 592 ) 
4 45 46 (1208 384 576 ) (1208 384 544 ) (1208 200 544 ) (1208 200 576 ) 
4 47 50 (1208 200 544 ) (1317.333333 200 544 ) (1317.333333 192 544 ) (1208 192 544 ) 
4 47 49 (1208 192 544 ) (1317.333333 192 544 ) (1325.333333 192 592 ) (1208 192 592 ) 
4 48 90 (1184 200 544 ) (1184 192 544 ) (1184 192 576 ) (1184 200 576 ) 
4 48 49 (1184 192 576 ) (1184 192 544 ) (1192 192 544 ) (1192 192 576 ) 
5 49 93 (1184 162.909091 544 ) (1184 64 544 ) (1184 64 592 ) (1184 192 592 ) (1184 192 581.647059 ) 
3 49 89 (1184 187.636364 576 ) (1184 192 581.647059 ) (1184 192 576 ) 
4 49 90 (1184 192 544 ) (1184 162.909091 544 ) (1184 187.636364 576 ) (1184 192 576 ) 
4 49 54 (1280 64 544 ) (1317.333333 64 544 ) (1325.333333 64 592 ) (1280 64 592 ) 
4 49 60 (1184 64 592 ) (1184 64 544 ) (1280 64 544 ) (1280 64 592 ) 
4 49 52 (1184 64 544 ) (1184 192 544 ) (1317.333333 192 544 ) (1317.333333 64 544 ) 
4 50 51 (1208 384 528 ) (1314.666667 384 528 ) (1314.666667 192 528 ) (1208 192 528 ) 
4 50 52 (1317.333333 192 544 ) (1208 192 544 ) (1208 192 528 ) (1314.666667 192 528 ) 
4 51 96 (1184 208 384 ) (1184 192 384 ) (1184 192 528 ) (1184 208 528 ) 
4 51 52 (1184 192 528 ) (1184 192 384 ) (1290.666667 192 384 ) (1314.666667 192 528 ) 
4 52 98 (1184 192 384 ) (1184 64 384 ) (1184 64 544 ) (1184 192 544 ) 
4 52 54 (1280 64 384 ) (1290.666667 64 384 ) (1317.333333 64 544 ) (1280 64 544 ) 
4 52 60 (1184 64 544 ) (1184 64 384 ) (1280 64 384 ) (1280 64 544 ) 
4 53 179 (1184 -192 640 ) (1184 -192 608 ) (1272 -192 608 ) (1272 -192 640 ) 
4 53 177 (1184 -192 656 ) (1184 -192 640 ) (1272 -192 640 ) (1272 -192 656 ) 
4 53 173 (1272 -192 1024 ) (1184 -192 1024 ) (1184 -192 656 ) (1272 -192 656 ) 
4 53 146 (1272 -192 640 ) (1272 -192 608 ) (1328 -192 608 ) (1333.333333 -192 640 ) 
4 53 142 (1288 -192 1024 ) (1272 -192 1024 ) (1272 -192 640 ) (1288 -192 640 ) 
5 53 141 (1392 -192 1024 ) (1288 -192 1024 ) (1288 -192 640 ) (1333.333333 -192 640 ) (1392 -192 992 ) 
3 53 132 (1328 -192 608 ) (1376 -192 608 ) (1376 -192 896 ) 
4 53 126 (1376 -192 608 ) (1392 -192 608 ) (1392 -192 992 ) (1376 -192 896 ) 
4 53 93 (1184 -192 608 ) (1184 -192 1024 ) (1184 64 1024 ) (1184 64 608 ) 
4 53 58 (1328 -192 608 ) (1280 -192 608 ) (1280 -128 608 ) (1328 -128 608 ) 
4 53 55 (1280 -128 608 ) (1280 0 608 ) (1392 0 608 ) (1392 -128 608 ) 
4 53 54 (1280 0 608 ) (1280 64 608 ) (1328 64 608 ) (1328 0 608 ) 
4 53 60 (1280 -192 608 ) (1184 -192 608 ) (1184 64 608 ) (1280 64 608 ) 
3 54 57 (1280 0 576 ) (1280 0 320 ) (1322.666667 0 576 ) 
4 54 55 (1328 0 608 ) (1280 0 608 ) (1280 0 576 ) (1322.666667 0 576 ) 
4 54 60 (1280 64 608 ) (1280 64 320 ) (1280 0 320 ) (1280 0 608 ) 
4 55 58 (1280 -128 608 ) (1280 -128 576 ) (1322.666667 -128 576 ) (1328 -128 608 ) 
4 55 56 (1392 -128 576 ) (1376 -128 576 ) (1376 0 576 ) (1392 0 576 ) 
4 55 57 (1344 -128 576 ) (1280 -128 576 ) (1280 0 576 ) (1344 0 576 ) 
4 55 60 (1280 -128 576 ) (1280 -128 608 ) (1280 0 608 ) (1280 0 576 ) 
4 57 59 (1280 -128 288 ) (1280 0 288 ) (1288 0 288 ) (1288 -128 288 ) 
3 57 58 (1280 -128 576 ) (1280 -128 320 ) (1322.666667 -128 576 ) 
4 57 60 (1280 0 288 ) (1280 -128 288 ) (1280 -128 576 ) (1280 0 576 ) 
3 58 150 (1280 -192 384 ) (1280 -192 320 ) (1290.666667 -192 384 ) 
4 58 146 (1328 -192 608 ) (1280 -192 608 ) (1280 -192 384 ) (1290.666667 -192 384 ) 
4 58 60 (1280 -192 320 ) (1280 -192 608 ) (1280 -128 608 ) (1280 -128 320 ) 
4 59 60 (1280 0 192 ) (1280 -128 192 ) (1280 -128 288 ) (1280 0 288 ) 
4 60 187 (1184 -192 384 ) (1184 -192 192 ) (1272 -192 192 ) (1272 -192 384 ) 
4 60 182 (1184 -192 528 ) (1184 -192 384 ) (1272 -192 384 ) (1272 -192 528 ) 
4 60 179 (1184 -192 608 ) (1184 -192 528 ) (1272 -192 528 ) (1272 -192 608 ) 
4 60 153 (1272 -192 192 ) (1280 -192 192 ) (1280 -192 288 ) (1272 -192 288 ) 
4 60 150 (1280 -192 288 ) (1280 -192 384 ) (1272 -192 384 ) (1272 -192 288 ) 
4 60 146 (1280 -192 384 ) (1280 -192 608 ) (1272 -192 608 ) (1272 -192 384 ) 
4 60 108 (1184 -192 192 ) (1184 -192 384 ) (1184 52 384 ) (1184 52 192 ) 
4 60 107 (1184 52 384 ) (1184 64 384 ) (1184 64 192 ) (1184 52 192 ) 
4 60 98 (1184 -192 384 ) (1184 -192 544 ) (1184 64 544 ) (1184 64 384 ) 
4 60 93 (1184 -192 544 ) (1184 -192 608 ) (1184 64 608 ) (1184 64 544 ) 
4 61 232 (384 288 1024 ) (384 288 1056 ) (384 448 1056 ) (384 448 1024 ) 
4 61 200 (384 448 1056 ) (384 896 1056 ) (384 896 1024 ) (384 448 1024 ) 
4 61 86 (1184 288 1024 ) (1184 288 1056 ) (384 288 1056 ) (384 288 1024 ) 
4 62 203 (384 896 672 ) (384 896 1024 ) (384 917.333333 1024 ) (384 917.333333 672 ) 
4 62 202 (384 917.333333 1024 ) (384 928 1024 ) (384 928 672 ) (384 917.333333 672 ) 
4 63 71 (1184 544 704 ) (1184 544 1024 ) (736 544 1024 ) (736 544 704 ) 
4 63 64 (736 896 1024 ) (736 896 704 ) (736 544 704 ) (736 544 1024 ) 
4 64 71 (736 544 1024 ) (704 544 1024 ) (704 544 704 ) (736 544 704 ) 
4 64 68 (704 768 1024 ) (704 864 1024 ) (704 864 704 ) (704 768 704 ) 
4 64 69 (704 544 704 ) (704 544 1024 ) (704 768 1024 ) (704 768 704 ) 
4 64 66 (704 864 1024 ) (704 896 1024 ) (704 896 704 ) (704 864 704 ) 
4 65 70 (704 624 384 ) (704 624 376 ) (704 592 376 ) (704 592 384 ) 
4 65 69 (704 592 672 ) (704 624 672 ) (704 624 384 ) (704 592 384 ) 
4 66 208 (384 864 1024 ) (384 896 1024 ) (384 896 704 ) (384 864 704 ) 
4 66 68 (704 864 704 ) (704 864 1024 ) (608 864 1024 ) (608 864 704 ) 
4 66 69 (608 864 1024 ) (384 864 1024 ) (384 864 704 ) (608 864 704 ) 
4 67 69 (512 864 576 ) (384 864 576 ) (384 864 384 ) (512 864 384 ) 
4 68 69 (608 864 1024 ) (608 864 704 ) (704 768 704 ) (704 768 1024 ) 
4 69 211 (384 768 384 ) (384 544 384 ) (384 544 704 ) (384 768 704 ) 
4 69 210 (384 864 704 ) (384 864 384 ) (384 768 384 ) (384 768 704 ) 
4 69 208 (384 544 1024 ) (384 864 1024 ) (384 864 704 ) (384 544 704 ) 
4 69 72 (704 544 1024 ) (384 544 1024 ) (384 544 384 ) (704 544 384 ) 
4 69 70 (704 640 384 ) (704 576 384 ) (640 576 384 ) (640 640 384 ) 
4 71 73 (1184 512 704 ) (1184 512 1024 ) (704 512 1024 ) (704 512 704 ) 
4 71 72 (704 544 1024 ) (704 544 704 ) (704 512 704 ) (704 512 1024 ) 
4 72 211 (384 544 704 ) (384 544 384 ) (384 512 384 ) (384 512 704 ) 
4 72 208 (384 512 1024 ) (384 544 1024 ) (384 544 704 ) (384 512 704 ) 
4 72 85 (384 512 528 ) (384 512 384 ) (704 512 384 ) (704 512 528 ) 
4 72 80 (384 512 576 ) (384 512 528 ) (704 512 528 ) (704 512 576 ) 
4 72 74 (696 512 576 ) (704 512 576 ) (704 512 592 ) (696 512 592 ) 
4 72 75 (384 512 592 ) (384 512 576 ) (696 512 576 ) (696 512 592 ) 
4 72 73 (704 512 1024 ) (384 512 1024 ) (384 512 592 ) (704 512 592 ) 
3 73 249 (384 448 704 ) (384 448 623.058824 ) (384 385.454545 704 ) 
5 73 248 (384 288 830.117647 ) (384 288 1024 ) (384 448 1024 ) (384 448 704 ) (384 385.454545 704 ) 
5 73 211 (384 512 704 ) (384 512 592 ) (384 472 592 ) (384 448 623.058824 ) (384 448 704 ) 
4 73 208 (384 448 1024 ) (384 512 1024 ) (384 512 704 ) (384 448 704 ) 
4 73 99 (544 288 1024 ) (384 288 1024 ) (384 288 830.117647 ) (544 288 830.117647 ) 
4 73 92 (1184 288 830.117647 ) (1184 288 1024 ) (696 288 1024 ) (696 288 830.117647 ) 
4 73 94 (696 288 1024 ) (544 288 1024 ) (544 288 830.117647 ) (696 288 830.117647 ) 
4 73 76 (384 336 768 ) (384 472 592 ) (704 472 592 ) (704 336 768 ) 
4 73 77 (384 288 830.117647 ) (384 336 768 ) (1184 336 768 ) (1184 288 830.117647 ) 
4 73 74 (696 512 592 ) (1184 512 592 ) (1184 492.220275 592 ) (696 492.220275 592 ) 
4 73 75 (384 472 592 ) (384 512 592 ) (696 512 592 ) (696 472 592 ) 
4 74 80 (696 512 576 ) (1184 512 576 ) (1184 504.583911 576 ) (696 504.583911 576 ) 
4 74 75 (696 512 592 ) (696 512 576 ) (696 504.583911 576 ) (696 492.220275 592 ) 
4 75 211 (384 512 592 ) (384 512 576 ) (384 484.363636 576 ) (384 472 592 ) 
4 75 80 (384 484.363636 576 ) (384 512 576 ) (696 512 576 ) (696 484.363636 576 ) 
4 75 79 (384 472 592 ) (384 484.363636 576 ) (696 484.363636 576 ) (696 472 592 ) 
5 76 249 (384 288 592 ) (384 288 704 ) (384 385.454545 704 ) (384 448 623.058824 ) (384 448 592 ) 
4 76 248 (384 288 704 ) (384 288 705.882353 ) (384 336 768 ) (384 385.454545 704 ) 
3 76 211 (384 448 623.058824 ) (384 472 592 ) (384 448 592 ) 
4 76 100 (384 288 704 ) (384 288 592 ) (544 288 592 ) (544 288 704 ) 
4 76 99 (544 288 705.882353 ) (384 288 705.882353 ) (384 288 704 ) (544 288 704 ) 
4 76 87 (704 288 705.882353 ) (696 288 705.882353 ) (696 288 592 ) (704 288 592 ) 
4 76 91 (696 288 705.882353 ) (544 288 705.882353 ) (544 288 592 ) (696 288 592 ) 
4 76 79 (696 288 592 ) (384 288 592 ) (384 472 592 ) (696 472 592 ) 
4 76 77 (384 336 768 ) (384 288 705.882353 ) (704 288 705.882353 ) (704 336 768 ) 
3 77 248 (384 288 705.882353 ) (384 288 830.117647 ) (384 336 768 ) 
4 77 99 (544 288 830.117647 ) (384 288 830.117647 ) (384 288 705.882353 ) (544 288 705.882353 ) 
4 77 92 (1184 288 732.049767 ) (1184 288 830.117647 ) (696 288 830.117647 ) (696 288 732.049767 ) 
4 77 94 (696 288 830.117647 ) (544 288 830.117647 ) (544 288 705.882353 ) (696 288 705.882353 ) 
4 78 80 (696 480 576 ) (696 484.363636 576 ) (1184 484.363636 576 ) (1184 480 576 ) 
3 78 79 (696 484.363636 576 ) (696 480 576 ) (696 480 581.647059 ) 
4 79 249 (384 288 576 ) (384 288 592 ) (384 448 592 ) (384 448 576 ) 
4 79 211 (384 448 592 ) (384 472 592 ) (384 484.363636 576 ) (384 448 576 ) 
4 79 100 (544 288 592 ) (384 288 592 ) (384 288 576 ) (544 288 576 ) 
4 79 91 (696 288 592 ) (544 288 592 ) (544 288 576 ) (696 288 576 ) 
4 79 83 (696 288 576 ) (384 288 576 ) (384 480 576 ) (696 480 576 ) 
4 79 80 (384 480 576 ) (384 484.363636 576 ) (696 484.363636 576 ) (696 480 576 ) 
4 80 211 (384 480 576 ) (384 512 576 ) (384 512 528 ) (384 480 528 ) 
4 80 84 (720 512 528 ) (1184 512 528 ) (1184 480 528 ) (720 480 528 ) 
4 80 85 (384 480 528 ) (384 512 528 ) (720 512 528 ) (720 480 528 ) 
4 80 82 (704 480 544 ) (704 480 576 ) (696 480 576 ) (696 480 544 ) 
4 80 83 (384 480 528 ) (696 480 528 ) (696 480 576 ) (384 480 576 ) 
4 80 81 (1184 480 544 ) (1184 480 576 ) (712 480 576 ) (712 480 544 ) 
4 82 88 (704 288 576 ) (696 288 576 ) (696 288 544 ) (704 288 544 ) 
4 82 83 (696 480 576 ) (696 480 544 ) (696 288 544 ) (696 288 576 ) 
4 83 272 (384 288 528 ) (384 288 560 ) (384 448 560 ) (384 448 528 ) 
4 83 249 (384 288 560 ) (384 288 576 ) (384 448 576 ) (384 448 560 ) 
4 83 211 (384 448 576 ) (384 480 576 ) (384 480 528 ) (384 448 528 ) 
4 83 102 (544 288 576 ) (512 288 576 ) (512 288 528 ) (544 288 528 ) 
4 83 95 (544 288 544 ) (544 288 528 ) (696 288 528 ) (696 288 544 ) 
4 83 91 (696 288 576 ) (544 288 576 ) (544 288 544 ) (696 288 544 ) 
4 83 85 (384 288 528 ) (384 480 528 ) (696 480 528 ) (696 288 528 ) 
4 84 85 (720 512 384 ) (720 464 384 ) (720 464 528 ) (720 512 528 ) 
4 85 272 (384 288 384 ) (384 288 528 ) (384 448 528 ) (384 448 384 ) 
4 85 211 (384 448 528 ) (384 512 528 ) (384 512 384 ) (384 448 384 ) 
4 85 104 (384 288 512 ) (384 288 384 ) (512 288 384 ) (512 288 512 ) 
4 85 103 (512 288 384 ) (544 288 384 ) (544 288 512 ) (512 288 512 ) 
4 85 102 (544 288 528 ) (512 288 528 ) (512 288 512 ) (544 288 512 ) 
4 85 97 (720 288 528 ) (544 288 528 ) (544 288 384 ) (720 288 384 ) 
4 86 331 (384 -192 1024 ) (384 -192 1056 ) (384 -128 1056 ) (384 -128 1024 ) 
4 86 232 (384 -128 1056 ) (384 288 1056 ) (384 288 1024 ) (384 -128 1024 ) 
4 86 172 (1184 -192 1024 ) (1184 -192 1056 ) (384 -192 1056 ) (384 -192 1024 ) 
3 87 91 (696 288 705.882353 ) (696 288 592 ) (696 200 592 ) 
4 88 90 (696 200 576 ) (696 200 544 ) (704 200 544 ) (704 200 576 ) 
4 88 91 (696 288 576 ) (696 288 544 ) (696 200 544 ) (696 200 576 ) 
4 89 93 (1184 187.636364 576 ) (1184 192 581.647059 ) (696 192 581.647059 ) (696 187.636364 576 ) 
4 89 90 (1184 187.636364 576 ) (696 187.636364 576 ) (696 192 576 ) (1184 192 576 ) 
3 89 91 (696 187.636364 576 ) (696 192 581.647059 ) (696 192 576 ) 
4 90 98 (1184 192 544 ) (1184 162.909091 544 ) (696 162.909091 544 ) (696 192 544 ) 
4 90 93 (696 162.909091 544 ) (1184 162.909091 544 ) (1184 187.636364 576 ) (696 187.636364 576 ) 
4 90 91 (696 200 544 ) (696 162.909091 544 ) (696 187.636364 576 ) (696 200 576 ) 
4 91 105 (544 192 544 ) (544 162.909091 544 ) (544 187.636364 576 ) (544 192 576 ) 
4 91 102 (544 288 576 ) (544 288 544 ) (544 192 544 ) (544 192 576 ) 
4 91 100 (544 288 704 ) (544 288 576 ) (544 187.636364 576 ) (544 286.545455 704 ) 
3 91 99 (544 288 705.882353 ) (544 288 704 ) (544 286.545455 704 ) 
4 91 95 (544 288 544 ) (696 288 544 ) (696 192 544 ) (544 192 544 ) 
4 91 98 (696 192 544 ) (696 162.909091 544 ) (544 162.909091 544 ) (544 192 544 ) 
4 91 94 (544 288 705.882353 ) (544 162.909091 544 ) (696 162.909091 544 ) (696 288 705.882353 ) 
4 92 94 (696 288 1024 ) (696 288 732.049767 ) (696 192 607.814473 ) (696 192 1024 ) 
4 92 93 (1184 192 607.814473 ) (1184 192 1024 ) (696 192 1024 ) (696 192 607.814473 ) 
4 93 179 (1184 -192 544 ) (1184 -192 640 ) (696 -192 640 ) (696 -192 544 ) 
4 93 177 (1184 -192 640 ) (1184 -192 656 ) (952 -192 656 ) (952 -192 640 ) 
4 93 173 (1184 -192 656 ) (1184 -192 1024 ) (952 -192 1024 ) (952 -192 656 ) 
4 93 178 (952 -192 1024 ) (696 -192 1024 ) (696 -192 640 ) (952 -192 640 ) 
4 93 98 (1184 162.909091 544 ) (1184 -192 544 ) (696 -192 544 ) (696 162.909091 544 ) 
5 93 94 (696 192 581.647059 ) (696 162.909091 544 ) (696 -192 544 ) (696 -192 1024 ) (696 192 1024 ) 
4 94 179 (544 -192 640 ) (544 -192 544 ) (696 -192 544 ) (696 -192 640 ) 
4 94 178 (696 -192 1024 ) (544 -192 1024 ) (544 -192 640 ) (696 -192 640 ) 
4 94 106 (544 -192 544 ) (544 -192 704 ) (544 -64 704 ) (544 -64 544 ) 
4 94 105 (544 187.636364 576 ) (544 162.909091 544 ) (544 64 544 ) (544 64 576 ) 
4 94 100 (544 64 704 ) (544 286.545455 704 ) (544 187.636364 576 ) (544 64 576 ) 
5 94 99 (544 -192 704 ) (544 -192 1024 ) (544 288 1024 ) (544 288 705.882353 ) (544 286.545455 704 ) 
4 94 98 (696 -192 544 ) (544 -192 544 ) (544 162.909091 544 ) (696 162.909091 544 ) 
4 95 102 (544 192 528 ) (544 192 544 ) (544 288 544 ) (544 288 528 ) 
4 95 97 (544 192 528 ) (544 288 528 ) (696 288 528 ) (696 192 528 ) 
4 95 98 (696 192 544 ) (544 192 544 ) (544 192 528 ) (696 192 528 ) 
4 96 97 (720 208 384 ) (720 192 384 ) (720 192 528 ) (720 208 528 ) 
4 96 98 (720 192 384 ) (1184 192 384 ) (1184 192 528 ) (720 192 528 ) 
4 97 103 (544 288 384 ) (544 192 384 ) (544 192 512 ) (544 288 512 ) 
4 97 102 (544 192 512 ) (544 192 528 ) (544 288 528 ) (544 288 512 ) 
4 97 98 (544 192 528 ) (544 192 384 ) (720 192 384 ) (720 192 528 ) 
4 98 182 (1184 -192 384 ) (1184 -192 528 ) (544 -192 528 ) (544 -192 384 ) 
4 98 179 (1184 -192 528 ) (1184 -192 544 ) (544 -192 544 ) (544 -192 528 ) 
4 98 108 (1184 -192 384 ) (960 -192 384 ) (960 52 384 ) (1184 52 384 ) 
4 98 107 (960 52 384 ) (960 64 384 ) (1184 64 384 ) (1184 52 384 ) 
4 98 106 (544 -64 384 ) (544 -192 384 ) (544 -192 544 ) (544 -64 544 ) 
4 98 105 (544 192 384 ) (544 64 384 ) (544 64 544 ) (544 192 544 ) 
4 99 332 (384 -192 704 ) (384 -192 1024 ) (384 -128 1024 ) (384 -128 704 ) 
4 99 250 (384 176 1024 ) (384 256 1024 ) (384 256 704 ) (384 176 704 ) 
4 99 248 (384 256 1024 ) (384 288 1024 ) (384 288 704 ) (384 256 704 ) 
4 99 235 (384 -64 1024 ) (384 -32 1024 ) (384 -32 704 ) (384 -64 704 ) 
4 99 236 (384 -128 1024 ) (384 -64 1024 ) (384 -64 704 ) (384 -128 704 ) 
4 99 234 (384 -32 1024 ) (384 32 1024 ) (384 32 704 ) (384 -32 704 ) 
4 99 233 (384 32 1024 ) (384 176 1024 ) (384 176 704 ) (384 32 704 ) 
4 99 178 (544 -192 1024 ) (384 -192 1024 ) (384 -192 704 ) (544 -192 704 ) 
4 99 106 (544 -64 704 ) (544 -192 704 ) (384 -192 704 ) (384 -64 704 ) 
4 99 101 (512 -32 704 ) (384 -32 704 ) (384 64 704 ) (512 64 704 ) 
4 99 100 (544 288 704 ) (544 64 704 ) (384 64 704 ) (384 288 704 ) 
4 100 250 (384 176 704 ) (384 256 704 ) (384 256 576 ) (384 176 576 ) 
4 100 233 (384 64 704 ) (384 176 704 ) (384 176 576 ) (384 64 576 ) 
4 100 105 (512 192 576 ) (544 192 576 ) (544 64 576 ) (512 64 576 ) 
4 100 102 (512 288 576 ) (544 288 576 ) (544 192 576 ) (512 192 576 ) 
4 100 101 (384 64 704 ) (384 64 576 ) (512 64 576 ) (512 64 704 ) 
4 101 237 (384 32 672 ) (384 32 576 ) (384 -32 576 ) (384 -32 672 ) 
4 101 234 (384 -32 704 ) (384 32 704 ) (384 32 672 ) (384 -32 672 ) 
4 101 233 (384 32 704 ) (384 64 704 ) (384 64 576 ) (384 32 576 ) 
4 102 105 (544 192 512 ) (544 192 576 ) (512 192 576 ) (512 192 512 ) 
4 102 103 (512 288 512 ) (544 288 512 ) (544 192 512 ) (512 192 512 ) 
4 103 105 (512 192 384 ) (544 192 384 ) (544 192 512 ) (512 192 512 ) 
5 103 104 (512 288 384 ) (512 192 384 ) (512 192 496 ) (512 208 512 ) (512 288 512 ) 
5 104 272 (384 288 512 ) (384 288 384 ) (384 192 384 ) (384 192 496 ) (384 208 512 ) 
4 106 341 (384 -192 384 ) (384 -192 496 ) (384 -128 496 ) (384 -128 384 ) 
4 106 333 (384 -192 496 ) (384 -192 704 ) (384 -128 704 ) (384 -128 496 ) 
4 106 271 (384 -64 560 ) (384 -64 384 ) (384 -128 384 ) (384 -128 560 ) 
4 106 240 (384 -64 672 ) (384 -64 560 ) (384 -128 560 ) (384 -128 672 ) 
4 106 236 (384 -128 704 ) (384 -64 704 ) (384 -64 672 ) (384 -128 672 ) 
4 106 182 (384 -192 528 ) (384 -192 384 ) (544 -192 384 ) (544 -192 528 ) 
4 106 179 (384 -192 640 ) (384 -192 528 ) (544 -192 528 ) (544 -192 640 ) 
4 106 178 (384 -192 704 ) (384 -192 640 ) (544 -192 640 ) (544 -192 704 ) 
4 106 112 (512 -192 384 ) (384 -192 384 ) (384 -64 384 ) (512 -64 384 ) 
4 107 108 (1184 52 192 ) (1184 52 384 ) (960 52 384 ) (960 52 192 ) 
4 108 187 (1184 -192 192 ) (1184 -192 384 ) (960 -192 384 ) (960 -192 192 ) 
4 108 111 (960 -192 192 ) (960 -192 320 ) (960 -112 320 ) (960 -112 192 ) 
4 109 189 (832 -192 352 ) (832 -192 320 ) (928 -192 320 ) (928 -192 352 ) 
4 109 111 (928 -192 320 ) (832 -192 320 ) (832 -112 320 ) (928 -112 320 ) 
4 109 110 (832 -112 320 ) (832 192 320 ) (928 192 320 ) (928 -112 320 ) 
4 110 111 (928 -112 320 ) (832 -112 320 ) (832 -112 192 ) (928 -112 192 ) 
4 111 189 (928 -192 320 ) (832 -192 320 ) (832 -192 192 ) (928 -192 192 ) 
4 111 188 (960 -192 192 ) (960 -192 320 ) (928 -192 320 ) (928 -192 192 ) 
4 112 341 (384 -192 64 ) (384 -192 384 ) (384 -128 384 ) (384 -128 64 ) 
4 112 271 (384 -128 384 ) (384 -64 384 ) (384 -64 64 ) (384 -128 64 ) 
4 112 196 (384 -192 192 ) (384 -192 64 ) (512 -192 64 ) (512 -192 192 ) 
4 112 192 (512 -192 384 ) (384 -192 384 ) (384 -192 192 ) (512 -192 192 ) 
4 113 172 (1272 -192 1056 ) (1272 -192 1024 ) (1272 -720 1024 ) (1272 -720 1056 ) 
4 113 155 (1272 -720 1056 ) (1272 -720 1024 ) (1824 -720 1024 ) (1824 -720 1056 ) 
4 114 156 (1856 -720 1024 ) (1824 -720 1024 ) (1824 -720 384 ) (1856 -720 384 ) 
4 115 157 (1824 -720 1024 ) (1664 -720 1024 ) (1664 -720 480 ) (1824 -720 480 ) 
5 115 118 (1664 -512 480 ) (1664 -720 480 ) (1664 -720 720 ) (1664 -520 720 ) (1664 -512 704 ) 
4 115 117 (1664 -192 704 ) (1664 -192 480 ) (1664 -496 480 ) (1664 -496 704 ) 
4 115 116 (1664 -192 1024 ) (1664 -192 720 ) (1664 -720 720 ) (1664 -720 1024 ) 
4 116 157 (1664 -720 1024 ) (1660 -720 1024 ) (1660 -720 720 ) (1664 -720 720 ) 
4 116 120 (1660 -720 720 ) (1660 -720 776 ) (1660 -376.888889 776 ) (1660 -520 720 ) 
4 116 119 (1660 -720 776 ) (1660 -720 1024 ) (1660 -192 1024 ) (1660 -192 776 ) 
4 116 118 (1664 -720 720 ) (1660 -720 720 ) (1660 -520 720 ) (1664 -520 720 ) 
4 118 157 (1660 -720 720 ) (1660 -720 480 ) (1664 -720 480 ) (1664 -720 720 ) 
4 118 125 (1660 -512 480 ) (1660 -720 480 ) (1660 -720 704 ) (1660 -512 704 ) 
4 118 123 (1660 -720 704 ) (1660 -720 720 ) (1660 -520 720 ) (1660 -512 704 ) 
5 119 157 (1660 -720 1024 ) (1397.333333 -720 1024 ) (1392 -720 992 ) (1392 -720 776 ) (1660 -720 776 ) 
4 119 141 (1392 -720 992 ) (1397.333333 -720 1024 ) (1397.333333 -192 1024 ) (1392 -192 992 ) 
4 119 131 (1392 -704 776 ) (1392 -720 776 ) (1392 -720 992 ) (1392 -704 992 ) 
4 119 130 (1392 -576 776 ) (1392 -704 776 ) (1392 -704 992 ) (1392 -576 992 ) 
4 119 129 (1392 -512 776 ) (1392 -576 776 ) (1392 -576 992 ) (1392 -512 992 ) 
4 119 127 (1392 -320 776 ) (1392 -384 776 ) (1392 -384 992 ) (1392 -320 992 ) 
4 119 126 (1392 -192 992 ) (1392 -192 776 ) (1392 -320 776 ) (1392 -320 992 ) 
4 119 128 (1392 -384 776 ) (1392 -512 776 ) (1392 -512 992 ) (1392 -384 992 ) 
4 119 120 (1660 -376.888889 776 ) (1660 -720 776 ) (1412 -720 776 ) (1412 -376.888889 776 ) 
4 119 121 (1392 -720 776 ) (1392 -192 776 ) (1412 -192 776 ) (1412 -720 776 ) 
4 120 157 (1412 -720 720 ) (1660 -720 720 ) (1660 -720 776 ) (1412 -720 776 ) 
4 120 123 (1660 -720 720 ) (1412 -720 720 ) (1412 -520 720 ) (1660 -520 720 ) 
4 120 121 (1412 -520 720 ) (1412 -720 720 ) (1412 -720 776 ) (1412 -376.888889 776 ) 
4 121 157 (1392 -720 776 ) (1392 -720 720 ) (1412 -720 720 ) (1412 -720 776 ) 
4 121 131 (1392 -704 720 ) (1392 -720 720 ) (1392 -720 776 ) (1392 -704 776 ) 
4 121 130 (1392 -576 720 ) (1392 -704 720 ) (1392 -704 776 ) (1392 -576 776 ) 
4 121 129 (1392 -512 720 ) (1392 -576 720 ) (1392 -576 776 ) (1392 -512 776 ) 
4 121 127 (1392 -320 720 ) (1392 -384 720 ) (1392 -384 776 ) (1392 -320 776 ) 
4 121 126 (1392 -192 776 ) (1392 -192 720 ) (1392 -320 720 ) (1392 -320 776 ) 
4 121 128 (1392 -384 720 ) (1392 -512 720 ) (1392 -512 776 ) (1392 -384 776 ) 
4 121 122 (1392 -512 720 ) (1392 -192 720 ) (1408 -192 720 ) (1408 -512 720 ) 
4 121 123 (1412 -720 720 ) (1392 -720 720 ) (1392 -512 720 ) (1412 -512 720 ) 
4 122 127 (1392 -320 704 ) (1392 -384 704 ) (1392 -384 720 ) (1392 -320 720 ) 
4 122 126 (1392 -192 720 ) (1392 -192 704 ) (1392 -320 704 ) (1392 -320 720 ) 
4 122 128 (1392 -384 704 ) (1392 -512 704 ) (1392 -512 720 ) (1392 -384 720 ) 
4 122 124 (1392 -508 704 ) (1392 -192 704 ) (1408 -192 704 ) (1408 -508 704 ) 
4 122 125 (1392 -512 704 ) (1392 -508 704 ) (1408 -508 704 ) (1408 -512 704 ) 
4 122 123 (1392 -512 704 ) (1408 -512 704 ) (1408 -512 720 ) (1392 -512 720 ) 
4 123 157 (1392 -720 720 ) (1392 -720 704 ) (1660 -720 704 ) (1660 -720 720 ) 
4 123 131 (1392 -704 704 ) (1392 -720 704 ) (1392 -720 720 ) (1392 -704 720 ) 
4 123 130 (1392 -576 704 ) (1392 -704 704 ) (1392 -704 720 ) (1392 -576 720 ) 
4 123 129 (1392 -512 704 ) (1392 -576 704 ) (1392 -576 720 ) (1392 -512 720 ) 
4 123 125 (1392 -720 704 ) (1392 -512 704 ) (1660 -512 704 ) (1660 -720 704 ) 
4 124 127 (1392 -384 608 ) (1392 -384 704 ) (1392 -320 704 ) (1392 -320 608 ) 
4 124 126 (1392 -192 704 ) (1392 -192 480 ) (1392 -320 480 ) (1392 -320 704 ) 
4 124 128 (1392 -384 480 ) (1392 -508 480 ) (1392 -508 704 ) (1392 -384 704 ) 
4 124 125 (1392 -508 480 ) (1412 -508 480 ) (1412 -508 704 ) (1392 -508 704 ) 
4 125 157 (1392 -720 704 ) (1392 -720 480 ) (1660 -720 480 ) (1660 -720 704 ) 
4 125 131 (1392 -720 608 ) (1392 -720 704 ) (1392 -704 704 ) (1392 -704 608 ) 
4 125 130 (1392 -576 480 ) (1392 -704 480 ) (1392 -704 704 ) (1392 -576 704 ) 
4 125 129 (1392 -576 608 ) (1392 -576 704 ) (1392 -512 704 ) (1392 -512 608 ) 
4 125 128 (1392 -508 480 ) (1392 -512 480 ) (1392 -512 704 ) (1392 -508 704 ) 
4 126 141 (1392 -320 992 ) (1392 -192 992 ) (1376 -192 896 ) (1376 -320 896 ) 
4 126 132 (1376 -192 896 ) (1376 -192 576 ) (1376 -320 576 ) (1376 -320 896 ) 
4 126 127 (1392 -320 608 ) (1392 -320 992 ) (1376 -320 896 ) (1376 -320 608 ) 
4 127 141 (1392 -384 992 ) (1392 -320 992 ) (1376 -320 896 ) (1376 -384 896 ) 
4 127 134 (1376 -384 608 ) (1376 -384 896 ) (1376 -320 896 ) (1376 -320 608 ) 
4 127 128 (1392 -384 992 ) (1376 -384 896 ) (1376 -384 608 ) (1392 -384 608 ) 
4 128 141 (1392 -512 992 ) (1392 -384 992 ) (1376 -384 896 ) (1376 -512 896 ) 
4 128 135 (1376 -512 576 ) (1376 -512 896 ) (1376 -384 896 ) (1376 -384 576 ) 
4 128 129 (1392 -512 608 ) (1392 -512 992 ) (1376 -512 896 ) (1376 -512 608 ) 
4 129 141 (1392 -576 992 ) (1392 -512 992 ) (1376 -512 896 ) (1376 -576 896 ) 
4 129 137 (1376 -576 608 ) (1376 -576 896 ) (1376 -512 896 ) (1376 -512 608 ) 
4 129 130 (1392 -576 992 ) (1376 -576 896 ) (1376 -576 608 ) (1392 -576 608 ) 
4 130 141 (1392 -704 992 ) (1392 -576 992 ) (1376 -576 896 ) (1376 -704 896 ) 
4 130 138 (1376 -704 576 ) (1376 -704 896 ) (1376 -576 896 ) (1376 -576 576 ) 
4 130 131 (1392 -704 608 ) (1392 -704 992 ) (1376 -704 896 ) (1376 -704 608 ) 
4 131 158 (1392 -720 992 ) (1376 -720 896 ) (1376 -720 608 ) (1392 -720 608 ) 
4 131 141 (1376 -720 896 ) (1392 -720 992 ) (1392 -704 992 ) (1376 -704 896 ) 
4 131 139 (1376 -720 608 ) (1376 -720 896 ) (1376 -704 896 ) (1376 -704 608 ) 
4 132 146 (1333.333333 -192 640 ) (1322.666667 -192 576 ) (1322.666667 -320 576 ) (1333.333333 -320 640 ) 
4 132 141 (1376 -320 896 ) (1376 -192 896 ) (1333.333333 -192 640 ) (1333.333333 -320 640 ) 
3 132 134 (1376 -320 608 ) (1376 -320 896 ) (1328 -320 608 ) 
4 132 133 (1322.666667 -320 576 ) (1322.666667 -192 576 ) (1344 -192 576 ) (1344 -320 576 ) 
4 133 150 (1290.666667 -320 384 ) (1290.666667 -192 384 ) (1344 -192 384 ) (1344 -320 384 ) 
4 133 146 (1322.666667 -192 576 ) (1290.666667 -192 384 ) (1290.666667 -320 384 ) (1322.666667 -320 576 ) 
4 134 147 (1328 -368 608 ) (1328 -384 608 ) (1333.333333 -384 640 ) (1333.333333 -368 640 ) 
4 134 146 (1333.333333 -320 640 ) (1328 -320 608 ) (1328 -368 608 ) (1333.333333 -368 640 ) 
4 134 141 (1376 -384 896 ) (1376 -320 896 ) (1333.333333 -320 640 ) (1333.333333 -384 640 ) 
3 134 135 (1376 -384 896 ) (1328 -384 608 ) (1376 -384 608 ) 
4 135 147 (1333.333333 -384 640 ) (1322.666667 -384 576 ) (1322.666667 -512 576 ) (1333.333333 -512 640 ) 
4 135 141 (1376 -512 896 ) (1376 -384 896 ) (1333.333333 -384 640 ) (1333.333333 -512 640 ) 
3 135 137 (1376 -512 608 ) (1376 -512 896 ) (1328 -512 608 ) 
4 135 136 (1344 -512 576 ) (1322.666667 -512 576 ) (1322.666667 -384 576 ) (1344 -384 576 ) 
4 136 148 (1314.666667 -384 528 ) (1312 -384 512 ) (1312 -512 512 ) (1314.666667 -512 528 ) 
4 136 147 (1322.666667 -384 576 ) (1314.666667 -384 528 ) (1314.666667 -512 528 ) (1322.666667 -512 576 ) 
4 136 149 (1312 -384 512 ) (1290.666667 -384 384 ) (1290.666667 -512 384 ) (1312 -512 512 ) 
4 137 147 (1333.333333 -512 640 ) (1328 -512 608 ) (1328 -576 608 ) (1333.333333 -576 640 ) 
4 137 141 (1376 -576 896 ) (1376 -512 896 ) (1333.333333 -512 640 ) (1333.333333 -576 640 ) 
3 137 138 (1376 -576 608 ) (1376 -576 896 ) (1328 -576 608 ) 
4 138 147 (1333.333333 -576 640 ) (1322.666667 -576 576 ) (1322.666667 -704 576 ) (1333.333333 -704 640 ) 
4 138 141 (1376 -704 896 ) (1376 -576 896 ) (1333.333333 -576 640 ) (1333.333333 -704 640 ) 
4 138 140 (1322.666667 -704 576 ) (1322.666667 -576 576 ) (1344 -576 576 ) (1344 -704 576 ) 
3 138 139 (1376 -704 896 ) (1328 -704 608 ) (1376 -704 608 ) 
3 139 158 (1376 -720 896 ) (1328 -720 608 ) (1376 -720 608 ) 
4 139 147 (1328 -720 608 ) (1333.333333 -720 640 ) (1333.333333 -704 640 ) (1328 -704 608 ) 
4 139 141 (1333.333333 -720 640 ) (1376 -720 896 ) (1376 -704 896 ) (1333.333333 -704 640 ) 
4 140 148 (1314.666667 -576 528 ) (1312 -576 512 ) (1312 -704 512 ) (1314.666667 -704 528 ) 
4 140 147 (1322.666667 -704 576 ) (1322.666667 -576 576 ) (1314.666667 -576 528 ) (1314.666667 -704 528 ) 
4 140 149 (1312 -576 512 ) (1290.666667 -576 384 ) (1290.666667 -704 384 ) (1312 -704 512 ) 
5 141 158 (1392 -720 1024 ) (1288 -720 1024 ) (1288 -720 640 ) (1333.333333 -720 640 ) (1392 -720 992 ) 
3 141 157 (1397.333333 -720 1024 ) (1392 -720 1024 ) (1392 -720 992 ) 
4 141 147 (1333.333333 -368 640 ) (1333.333333 -720 640 ) (1288 -720 640 ) (1288 -368 640 ) 
4 141 146 (1288 -192 640 ) (1333.333333 -192 640 ) (1333.333333 -368 640 ) (1288 -368 640 ) 
4 141 144 (1288 -720 670.260870 ) (1288 -720 1024 ) (1288 -372 1024 ) (1288 -372 670.260870 ) 
4 141 143 (1288 -372 1024 ) (1288 -368 1024 ) (1288 -368 656 ) (1288 -372 656 ) 
4 141 142 (1288 -368 1024 ) (1288 -192 1024 ) (1288 -192 640 ) (1288 -368 640 ) 
4 142 177 (1272 -192 656 ) (1272 -192 640 ) (1272 -368 640 ) (1272 -368 656 ) 
4 142 173 (1272 -192 1024 ) (1272 -192 656 ) (1272 -368 656 ) (1272 -368 1024 ) 
4 142 146 (1272 -368 640 ) (1272 -192 640 ) (1288 -192 640 ) (1288 -368 640 ) 
4 142 143 (1288 -368 656 ) (1288 -368 1024 ) (1272 -368 1024 ) (1272 -368 656 ) 
4 143 173 (1272 -372 656 ) (1272 -372 1024 ) (1272 -368 1024 ) (1272 -368 656 ) 
4 143 144 (1272 -372 1024 ) (1272 -372 676.521739 ) (1288 -372 670.260870 ) (1288 -372 1024 ) 
4 144 174 (1272 -720 676.521739 ) (1272 -720 1024 ) (1272 -372 1024 ) (1272 -372 676.521739 ) 
4 144 158 (1288 -720 1024 ) (1272 -720 1024 ) (1272 -720 676.521739 ) (1288 -720 670.260870 ) 
4 145 176 (1272 -720 656 ) (1272 -720 657.818182 ) (1272 -716 657.818182 ) (1272 -716 656 ) 
3 145 158 (1272 -720 657.818182 ) (1272 -720 656 ) (1276.444444 -720 656 ) 
4 146 182 (1272 -192 528 ) (1272 -192 384 ) (1272 -368 384 ) (1272 -368 528 ) 
4 146 179 (1272 -192 640 ) (1272 -192 528 ) (1272 -368 528 ) (1272 -368 640 ) 
4 146 151 (1280 -320 384 ) (1290.666667 -320 384 ) (1290.666667 -368 384 ) (1280 -368 384 ) 
4 146 152 (1272 -368 384 ) (1272 -320 384 ) (1280 -320 384 ) (1280 -368 384 ) 
4 146 150 (1272 -320 384 ) (1272 -192 384 ) (1290.666667 -192 384 ) (1290.666667 -320 384 ) 
4 146 148 (1288 -368 512 ) (1312 -368 512 ) (1314.666667 -368 528 ) (1288 -368 528 ) 
4 146 147 (1333.333333 -368 640 ) (1284 -368 640 ) (1284 -368 528 ) (1314.666667 -368 528 ) 
4 146 149 (1272 -368 512 ) (1272 -368 384 ) (1290.666667 -368 384 ) (1312 -368 512 ) 
4 147 159 (1284 -720 528 ) (1314.666667 -720 528 ) (1328 -720 608 ) (1284 -720 608 ) 
4 147 158 (1328 -720 608 ) (1333.333333 -720 640 ) (1284 -720 640 ) (1284 -720 608 ) 
4 147 148 (1314.666667 -720 528 ) (1288 -720 528 ) (1288 -368 528 ) (1314.666667 -368 528 ) 
4 148 159 (1288 -720 512 ) (1312 -720 512 ) (1314.666667 -720 528 ) (1288 -720 528 ) 
4 148 149 (1288 -368 512 ) (1312 -368 512 ) (1312 -720 512 ) (1288 -720 512 ) 
4 149 183 (1272 -368 384 ) (1272 -392 384 ) (1272 -392 512 ) (1272 -368 512 ) 
4 149 185 (1272 -696 384 ) (1272 -720 384 ) (1272 -720 512 ) (1272 -696 512 ) 
4 149 159 (1272 -720 512 ) (1272 -720 384 ) (1290.666667 -720 384 ) (1312 -720 512 ) 
4 149 151 (1280 -368 384 ) (1290.666667 -368 384 ) (1290.666667 -384 384 ) (1280 -384 384 ) 
4 149 152 (1272 -384 384 ) (1272 -368 384 ) (1280 -368 384 ) (1280 -384 384 ) 
4 150 187 (1272 -192 384 ) (1272 -192 288 ) (1272 -320 288 ) (1272 -320 384 ) 
4 150 153 (1272 -192 288 ) (1288 -192 288 ) (1288 -320 288 ) (1272 -320 288 ) 
3 150 151 (1290.666667 -320 384 ) (1280 -320 384 ) (1280 -320 320 ) 
4 150 152 (1272 -320 288 ) (1280 -320 288 ) (1280 -320 384 ) (1272 -320 384 ) 
4 151 152 (1280 -384 320 ) (1280 -384 384 ) (1280 -320 384 ) (1280 -320 320 ) 
4 152 187 (1272 -320 288 ) (1272 -384 288 ) (1272 -384 384 ) (1272 -320 384 ) 
4 152 154 (1280 -384 288 ) (1272 -384 288 ) (1272 -320 288 ) (1280 -320 288 ) 
4 153 187 (1272 -192 288 ) (1272 -192 192 ) (1272 -320 192 ) (1272 -320 288 ) 
4 153 154 (1280 -320 288 ) (1272 -320 288 ) (1272 -320 192 ) (1280 -320 192 ) 
4 154 187 (1272 -320 192 ) (1272 -384 192 ) (1272 -384 288 ) (1272 -320 288 ) 
4 155 197 (1272 -720 1056 ) (1272 -720 1024 ) (1272 -1248 1024 ) (1272 -1248 1056 ) 
4 157 169 (1392 -1152 480 ) (1392 -1248 480 ) (1392 -1248 576 ) (1392 -1152 576 ) 
4 157 168 (1392 -1248 576 ) (1392 -1248 608 ) (1392 -1152 608 ) (1392 -1152 576 ) 
4 157 165 (1392 -960 480 ) (1392 -1088 480 ) (1392 -1088 576 ) (1392 -960 576 ) 
4 157 164 (1392 -1088 576 ) (1392 -1088 608 ) (1392 -960 608 ) (1392 -960 576 ) 
4 157 161 (1392 -768 480 ) (1392 -896 480 ) (1392 -896 576 ) (1392 -768 576 ) 
4 157 160 (1392 -896 576 ) (1392 -896 608 ) (1392 -768 608 ) (1392 -768 576 ) 
4 157 158 (1392 -720 1024 ) (1392 -720 608 ) (1392 -1248 608 ) (1392 -1248 1024 ) 
4 158 198 (1272 -1248 1024 ) (1272 -720 1024 ) (1272 -720 608 ) (1272 -1248 608 ) 
4 158 168 (1392 -1152 608 ) (1392 -1248 608 ) (1272 -1248 608 ) (1272 -1152 608 ) 
4 158 167 (1328 -1152 608 ) (1272 -1152 608 ) (1272 -1088 608 ) (1328 -1088 608 ) 
4 158 164 (1392 -960 608 ) (1392 -1088 608 ) (1272 -1088 608 ) (1272 -960 608 ) 
4 158 163 (1328 -960 608 ) (1272 -960 608 ) (1272 -896 608 ) (1328 -896 608 ) 
4 158 160 (1392 -768 608 ) (1392 -896 608 ) (1272 -896 608 ) (1272 -768 608 ) 
4 158 159 (1328 -768 608 ) (1272 -768 608 ) (1272 -720 608 ) (1328 -720 608 ) 
4 159 198 (1272 -720 608 ) (1272 -720 384 ) (1272 -768 384 ) (1272 -768 608 ) 
4 159 162 (1272 -768 576 ) (1272 -768 384 ) (1290.666667 -768 384 ) (1322.666667 -768 576 ) 
4 159 160 (1272 -768 608 ) (1272 -768 576 ) (1322.666667 -768 576 ) (1328 -768 608 ) 
4 160 198 (1272 -896 576 ) (1272 -896 608 ) (1272 -768 608 ) (1272 -768 576 ) 
4 160 163 (1328 -896 608 ) (1272 -896 608 ) (1272 -896 576 ) (1322.666667 -896 576 ) 
4 160 161 (1392 -896 576 ) (1376 -896 576 ) (1376 -768 576 ) (1392 -768 576 ) 
4 160 162 (1344 -896 576 ) (1272 -896 576 ) (1272 -768 576 ) (1344 -768 576 ) 
4 162 198 (1272 -768 384 ) (1272 -896 384 ) (1272 -896 576 ) (1272 -768 576 ) 
4 162 163 (1272 -896 384 ) (1290.666667 -896 384 ) (1322.666667 -896 576 ) (1272 -896 576 ) 
4 163 198 (1272 -896 384 ) (1272 -960 384 ) (1272 -960 608 ) (1272 -896 608 ) 
4 163 166 (1272 -960 576 ) (1272 -960 384 ) (1290.666667 -960 384 ) (1322.666667 -960 576 ) 
4 163 164 (1272 -960 608 ) (1272 -960 576 ) (1322.666667 -960 576 ) (1328 -960 608 ) 
4 164 198 (1272 -1088 576 ) (1272 -1088 608 ) (1272 -960 608 ) (1272 -960 576 ) 
4 164 167 (1328 -1088 608 ) (1272 -1088 608 ) (1272 -1088 576 ) (1322.666667 -1088 576 ) 
4 164 165 (1376 -960 576 ) (1392 -960 576 ) (1392 -1088 576 ) (1376 -1088 576 ) 
4 164 166 (1272 -1088 576 ) (1272 -960 576 ) (1344 -960 576 ) (1344 -1088 576 ) 
4 166 198 (1272 -960 384 ) (1272 -1088 384 ) (1272 -1088 576 ) (1272 -960 576 ) 
4 166 167 (1272 -1088 384 ) (1290.666667 -1088 384 ) (1322.666667 -1088 576 ) (1272 -1088 576 ) 
4 167 198 (1272 -1088 384 ) (1272 -1152 384 ) (1272 -1152 608 ) (1272 -1088 608 ) 
4 167 170 (1272 -1152 576 ) (1272 -1152 384 ) (1290.666667 -1152 384 ) (1322.666667 -1152 576 ) 
4 167 168 (1272 -1152 608 ) (1272 -1152 576 ) (1322.666667 -1152 576 ) (1328 -1152 608 ) 
4 168 198 (1272 -1248 576 ) (1272 -1248 608 ) (1272 -1152 608 ) (1272 -1152 576 ) 
4 168 169 (1376 -1152 576 ) (1392 -1152 576 ) (1392 -1248 576 ) (1376 -1248 576 ) 
4 168 170 (1272 -1152 576 ) (1344 -1152 576 ) (1344 -1248 576 ) (1272 -1248 576 ) 
4 170 198 (1272 -1152 384 ) (1272 -1248 384 ) (1272 -1248 576 ) (1272 -1152 576 ) 
4 171 199 (1272 -1280 1024 ) (1272 -1248 1024 ) (1272 -1248 384 ) (1272 -1280 384 ) 
4 172 376 (384 -720 1024 ) (384 -720 1056 ) (384 -672 1056 ) (384 -672 1024 ) 
4 172 331 (384 -672 1056 ) (384 -192 1056 ) (384 -192 1024 ) (384 -672 1024 ) 
4 172 197 (1272 -720 1024 ) (1272 -720 1056 ) (384 -720 1056 ) (384 -720 1024 ) 
4 173 177 (952 -192 656 ) (1272 -192 656 ) (1272 -368 656 ) (952 -368 656 ) 
3 173 175 (952 -372 785.560976 ) (952 -372 670.260870 ) (1099.527815 -372 727.989145 ) 
4 173 174 (952 -372 1024 ) (952 -372 785.560976 ) (1272 -372 660.682927 ) (1272 -372 1024 ) 
4 173 178 (952 -372 1024 ) (952 -192 1024 ) (952 -192 656 ) (952 -372 656 ) 
4 174 198 (1272 -720 660.682927 ) (1272 -720 1024 ) (952 -720 1024 ) (952 -720 785.560976 ) 
4 174 176 (1272 -716 660.682927 ) (1272 -720 660.682927 ) (1120 -720 720 ) (1120 -716 720 ) 
4 174 175 (1099.527815 -720 727.989145 ) (952 -720 785.560976 ) (952 -372 785.560976 ) (1099.527815 -372 727.989145 ) 
4 174 178 (952 -720 785.560976 ) (952 -720 1024 ) (952 -372 1024 ) (952 -372 785.560976 ) 
3 175 198 (1099.527815 -720 727.989145 ) (952 -720 785.560976 ) (952 -720 670.260870 ) 
4 175 178 (952 -720 670.260870 ) (952 -720 785.560976 ) (952 -372 785.560976 ) (952 -372 670.260870 ) 
4 176 198 (1272 -720 656 ) (1272 -720 660.682927 ) (1120 -720 720 ) (956 -720 656 ) 
4 177 179 (952 -368 640 ) (952 -192 640 ) (1272 -192 640 ) (1272 -368 640 ) 
4 177 178 (952 -192 640 ) (952 -368 640 ) (952 -368 656 ) (952 -192 656 ) 
4 178 377 (384 -720 640 ) (384 -720 1024 ) (384 -672 1024 ) (384 -672 640 ) 
4 178 333 (384 -192 704 ) (384 -192 640 ) (384 -672 640 ) (384 -672 704 ) 
4 178 332 (384 -672 1024 ) (384 -192 1024 ) (384 -192 704 ) (384 -672 704 ) 
4 178 198 (952 -720 1024 ) (384 -720 1024 ) (384 -720 640 ) (952 -720 640 ) 
4 178 181 (952 -720 640 ) (384 -720 640 ) (384 -372 640 ) (952 -372 640 ) 
4 178 179 (384 -372 640 ) (384 -192 640 ) (952 -192 640 ) (952 -372 640 ) 
4 179 333 (384 -372 640 ) (384 -192 640 ) (384 -192 528 ) (384 -372 528 ) 
4 179 186 (384 -372 528 ) (384 -368 528 ) (952 -368 528 ) (952 -372 528 ) 
4 179 182 (384 -368 528 ) (384 -192 528 ) (1272 -192 528 ) (1272 -368 528 ) 
4 179 181 (384 -372 528 ) (956 -372 528 ) (956 -372 640 ) (384 -372 640 ) 
4 180 198 (1272 -720 528 ) (1272 -720 640 ) (968 -720 640 ) (968 -720 528 ) 
4 181 377 (384 -720 528 ) (384 -720 640 ) (384 -672 640 ) (384 -672 528 ) 
4 181 333 (384 -672 640 ) (384 -372 640 ) (384 -372 528 ) (384 -672 528 ) 
4 181 198 (956 -720 640 ) (384 -720 640 ) (384 -720 528 ) (956 -720 528 ) 
4 181 186 (384 -720 528 ) (384 -372 528 ) (952 -372 528 ) (952 -720 528 ) 
4 182 341 (384 -192 496 ) (384 -192 384 ) (384 -368 384 ) (384 -368 496 ) 
4 182 333 (384 -368 528 ) (384 -192 528 ) (384 -192 496 ) (384 -368 496 ) 
4 182 192 (384 -368 384 ) (384 -192 384 ) (512 -192 384 ) (512 -368 384 ) 
4 182 190 (960 -256 384 ) (960 -368 384 ) (720 -368 384 ) (832 -256 384 ) 
4 182 187 (960 -192 384 ) (1272 -192 384 ) (1272 -368 384 ) (960 -368 384 ) 
4 182 183 (952 -368 384 ) (1272 -368 384 ) (1272 -368 512 ) (952 -368 512 ) 
4 182 186 (384 -368 528 ) (384 -368 384 ) (952 -368 384 ) (952 -368 528 ) 
4 183 190 (952 -384 384 ) (952 -368 384 ) (960 -368 384 ) (960 -384 384 ) 
4 183 187 (960 -368 384 ) (1272 -368 384 ) (1272 -384 384 ) (960 -384 384 ) 
4 183 184 (952 -392 384 ) (968 -392 384 ) (968 -392 512 ) (952 -392 512 ) 
4 183 186 (952 -368 384 ) (952 -392 384 ) (952 -392 512 ) (952 -368 512 ) 
4 184 186 (952 -392 384 ) (952 -696 384 ) (952 -696 512 ) (952 -392 512 ) 
4 184 185 (952 -696 512 ) (952 -696 384 ) (968 -696 384 ) (968 -696 512 ) 
4 185 198 (1272 -720 384 ) (1272 -720 512 ) (952 -720 512 ) (952 -720 384 ) 
4 185 186 (952 -696 384 ) (952 -720 384 ) (952 -720 512 ) (952 -696 512 ) 
4 186 377 (384 -720 384 ) (384 -720 528 ) (384 -672 528 ) (384 -672 384 ) 
4 186 346 (384 -480 384 ) (384 -672 384 ) (384 -672 496 ) (384 -480 496 ) 
4 186 341 (384 -368 496 ) (384 -368 384 ) (384 -480 384 ) (384 -480 496 ) 
4 186 333 (384 -672 528 ) (384 -368 528 ) (384 -368 496 ) (384 -672 496 ) 
4 186 198 (952 -720 528 ) (384 -720 528 ) (384 -720 384 ) (952 -720 384 ) 
4 186 193 (512 -512 384 ) (576 -512 384 ) (576 -640 384 ) (512 -640 384 ) 
4 186 194 (384 -672 384 ) (384 -512 384 ) (512 -512 384 ) (512 -672 384 ) 
4 186 192 (384 -512 384 ) (384 -368 384 ) (512 -368 384 ) (512 -512 384 ) 
5 186 191 (576 -640 384 ) (576 -512 384 ) (704 -384 384 ) (896 -384 384 ) (640 -640 384 ) 
4 186 190 (704 -384 384 ) (720 -368 384 ) (952 -368 384 ) (952 -384 384 ) 
4 187 190 (960 -384 384 ) (960 -256 384 ) (960 -256 192 ) (960 -384 192 ) 
4 187 188 (960 -192 320 ) (960 -192 192 ) (960 -208 192 ) (960 -208 320 ) 
4 188 189 (928 -208 320 ) (928 -192 320 ) (928 -192 192 ) (928 -208 192 ) 
4 190 191 (704 -384 384 ) (704 -384 192 ) (896 -384 192 ) (896 -384 384 ) 
4 191 193 (576 -640 192 ) (576 -640 384 ) (576 -512 384 ) (576 -512 192 ) 
4 192 346 (384 -512 384 ) (384 -480 384 ) (384 -480 192 ) (384 -512 192 ) 
4 192 341 (384 -480 384 ) (384 -192 384 ) (384 -192 192 ) (384 -480 192 ) 
4 192 196 (384 -480 192 ) (384 -192 192 ) (512 -192 192 ) (512 -480 192 ) 
4 192 194 (384 -512 384 ) (384 -512 192 ) (512 -512 192 ) (512 -512 384 ) 
4 193 194 (512 -512 384 ) (512 -512 192 ) (512 -640 192 ) (512 -640 384 ) 
4 194 346 (384 -672 192 ) (384 -672 384 ) (384 -512 384 ) (384 -512 192 ) 
4 195 196 (512 -192 192 ) (512 -192 64 ) (512 -320 64 ) (512 -320 192 ) 
4 196 341 (384 -480 64 ) (384 -480 192 ) (384 -192 192 ) (384 -192 64 ) 
4 197 376 (384 -720 1056 ) (384 -720 1024 ) (384 -1248 1024 ) (384 -1248 1056 ) 
4 198 377 (384 -1248 1024 ) (384 -720 1024 ) (384 -720 384 ) (384 -1248 384 ) 
4 199 384 (384 -1280 1024 ) (384 -1248 1024 ) (384 -1248 384 ) (384 -1280 384 ) 
4 200 232 (384 448 1024 ) (384 448 1056 ) (-288 448 1056 ) (-288 448 1024 ) 
4 201 231 (-240 1024 184 ) (-208 1024 184 ) (-208 1024 192 ) (-240 1024 192 ) 
4 201 207 (-208 1024 192 ) (-208 1024 288 ) (-240 1024 288 ) (-240 1024 192 ) 
4 201 206 (-208 1024 288 ) (-208 1024 512 ) (-240 1024 512 ) (-240 1024 288 ) 
4 202 203 (352 928 672 ) (384 917.333333 672 ) (384 917.333333 1024 ) (352 928 1024 ) 
4 203 204 (288 896 704 ) (288 896 1024 ) (288 928 1024 ) (288 928 704 ) 
4 204 205 (256 896 704 ) (-288 896 704 ) (-288 928 704 ) (288 928 704 ) 
4 206 298 (-320 908.800000 352 ) (-320 908.800000 288 ) (-320 896 288 ) (-320 896 352 ) 
4 206 297 (-320 908.800000 576 ) (-320 908.800000 352 ) (-320 896 352 ) (-320 896 576 ) 
4 206 220 (64 896 288 ) (128 896 312 ) (128 896 576 ) (64 896 576 ) 
4 206 221 (-320 896 576 ) (-320 896 288 ) (64 896 288 ) (64 896 576 ) 
4 206 216 (128 896 312 ) (256 896 360 ) (256 896 384 ) (128 896 384 ) 
4 206 215 (256 896 384 ) (256 896 576 ) (128 896 576 ) (128 896 384 ) 
5 206 207 (64 896 288 ) (-320 896 288 ) (-320 908.800000 288 ) (-256 1024 288 ) (64 1024 288 ) 
4 207 298 (-320 908.800000 288 ) (-320 908.800000 192 ) (-320 896 192 ) (-320 896 288 ) 
4 207 231 (-256 1024 192 ) (-192 1024 192 ) (-192 960 192 ) (-256 960 192 ) 
4 207 221 (-320 896 288 ) (-320 896 192 ) (-128 896 192 ) (64 896 288 ) 
4 208 259 (0 448 1024 ) (-288 448 1024 ) (-288 448 704 ) (0 448 704 ) 
4 208 257 (160 448 1024 ) (0 448 1024 ) (0 448 704 ) (160 448 704 ) 
4 208 251 (192 448 1024 ) (160 448 1024 ) (160 448 704 ) (192 448 704 ) 
4 208 248 (384 448 704 ) (384 448 1024 ) (192 448 1024 ) (192 448 704 ) 
4 208 218 (128 448 704 ) (-288 448 704 ) (-288 896 704 ) (128 896 704 ) 
3 208 213 (160 896 704 ) (256 896 704 ) (160 800 704 ) 
4 208 214 (128 704 704 ) (128 896 704 ) (160 896 704 ) (160 736 704 ) 
4 208 212 (160 448 704 ) (128 448 704 ) (128 704 704 ) (160 736 704 ) 
5 208 211 (384 448 704 ) (192 448 704 ) (192 768 704 ) (288 864 704 ) (384 768 704 ) 
3 208 210 (384 864 704 ) (384 768 704 ) (288 864 704 ) 
4 209 260 (-288 448 1024 ) (-320 448 1024 ) (-320 448 704 ) (-288 448 704 ) 
4 209 219 (-288 448 704 ) (-320 448 704 ) (-320 896 704 ) (-288 896 704 ) 
4 210 211 (384 768 384 ) (384 768 704 ) (288 864 704 ) (288 864 384 ) 
4 211 272 (384 448 384 ) (384 448 560 ) (192 448 560 ) (192 448 384 ) 
4 211 249 (384 448 560 ) (384 448 704 ) (192 448 704 ) (192 448 560 ) 
4 211 215 (288 864 576 ) (288 864 384 ) (192 768 384 ) (192 768 576 ) 
4 212 258 (160 448 704 ) (128 448 704 ) (128 448 672 ) (160 448 672 ) 
4 212 218 (128 448 672 ) (128 448 704 ) (128 704 704 ) (128 704 672 ) 
4 212 214 (128 704 672 ) (128 704 704 ) (160 736 704 ) (160 736 672 ) 
4 213 214 (160 896 704 ) (160 896 672 ) (160 800 672 ) (160 800 704 ) 
4 214 218 (128 896 704 ) (128 896 672 ) (128 704 672 ) (128 704 704 ) 
4 215 220 (128 896 576 ) (128 896 384 ) (128 832 384 ) (128 832 576 ) 
5 215 216 (128 832 384 ) (128 896 384 ) (256 896 384 ) (288 864 384 ) (192 768 384 ) 
4 216 220 (128 896 384 ) (128 896 312 ) (128 832 336 ) (128 832 384 ) 
4 217 229 (128 640 224 ) (128 576 224 ) (128 576 352 ) (128 640 352 ) 
4 218 259 (0 448 704 ) (-288 448 704 ) (-288 448 672 ) (0 448 672 ) 
4 218 258 (128 448 704 ) (0 448 704 ) (0 448 672 ) (128 448 672 ) 
4 219 260 (-288 448 704 ) (-320 448 704 ) (-320 448 672 ) (-288 448 672 ) 
4 220 221 (64 896 576 ) (64 896 288 ) (128 832 336 ) (128 832 576 ) 
4 221 298 (-320 896 352 ) (-320 896 192 ) (-320 832 192 ) (-320 832 352 ) 
4 221 297 (-320 896 576 ) (-320 896 352 ) (-320 832 352 ) (-320 832 576 ) 
4 221 222 (112 832 576 ) (-320 832 576 ) (-320 832 192 ) (112 832 192 ) 
4 222 298 (-320 832 192 ) (-320 768 192 ) (-320 768 352 ) (-320 832 352 ) 
4 222 297 (-320 768 352 ) (-320 768 576 ) (-320 832 576 ) (-320 832 352 ) 
4 222 225 (-320 768 320 ) (-320 768 192 ) (112 768 192 ) (112 768 320 ) 
4 222 223 (-320 768 576 ) (-320 768 352 ) (112 768 352 ) (112 768 576 ) 
4 223 297 (-320 768 576 ) (-320 768 352 ) (-320 760 352 ) (-320 760 384 ) 
4 224 300 (-320 672 320 ) (-320 672 352 ) (-320 736 352 ) (-320 736 320 ) 
4 224 229 (128 672 320 ) (128 672 352 ) (-320 672 352 ) (-320 672 320 ) 
4 224 225 (128 672 320 ) (-320 672 320 ) (-320 736 320 ) (128 736 320 ) 
4 225 305 (-320 736 192 ) (-320 672 192 ) (-320 672 320 ) (-320 736 320 ) 
4 225 299 (-320 768 192 ) (-320 736 192 ) (-320 736 320 ) (-320 768 320 ) 
4 225 229 (-320 672 192 ) (128 672 192 ) (128 672 320 ) (-320 672 320 ) 
4 226 301 (-320 672 384 ) (-320 672 352 ) (-320 544 352 ) (-320 544 384 ) 
4 226 229 (-320 544 352 ) (-320 672 352 ) (128 672 352 ) (128 544 352 ) 
4 227 275 (0 448 352 ) (128 448 352 ) (128 448 560 ) (0 448 560 ) 
4 227 228 (0 456 352 ) (0 448 352 ) (0 448 560 ) (0 456 560 ) 
4 228 302 (-320 448 352 ) (-320 448 640 ) (-320 456 640 ) (-320 456 352 ) 
4 228 275 (-320 448 560 ) (-320 448 352 ) (0 448 352 ) (0 448 560 ) 
4 228 269 (-320 448 576 ) (-320 448 560 ) (0 448 560 ) (0 448 576 ) 
4 228 263 (-320 448 640 ) (-320 448 576 ) (0 448 576 ) (0 448 640 ) 
4 229 305 (-320 672 320 ) (-320 672 192 ) (-320 480 192 ) (-320 480 320 ) 
4 229 303 (-320 480 352 ) (-320 544 352 ) (-320 544 320 ) (-320 480 320 ) 
4 229 301 (-320 544 352 ) (-320 672 352 ) (-320 672 320 ) (-320 544 320 ) 
4 229 230 (-320 480 192 ) (128 480 192 ) (128 480 320 ) (-320 480 320 ) 
4 230 306 (-320 448 192 ) (-320 448 320 ) (-320 480 320 ) (-320 480 192 ) 
4 230 275 (-320 448 320 ) (-320 448 192 ) (128 448 192 ) (128 448 320 ) 
4 232 331 (384 -128 1024 ) (384 -128 1056 ) (-288 -128 1056 ) (-288 -128 1024 ) 
4 233 250 (240 32 576 ) (240 32 1024 ) (384 176 1024 ) (384 176 576 ) 
4 233 242 (240 32 704 ) (240 32 576 ) (320 32 576 ) (320 32 704 ) 
4 233 241 (320 32 1024 ) (240 32 1024 ) (240 32 704 ) (320 32 704 ) 
4 233 237 (384 32 576 ) (384 32 672 ) (320 32 672 ) (320 32 576 ) 
4 233 234 (384 32 672 ) (384 32 1024 ) (320 32 1024 ) (320 32 672 ) 
4 234 242 (320 32 704 ) (320 32 672 ) (320 -32 672 ) (320 -32 704 ) 
4 234 241 (320 -32 1024 ) (320 32 1024 ) (320 32 704 ) (320 -32 704 ) 
4 234 237 (320 32 672 ) (384 32 672 ) (384 -32 672 ) (320 -32 672 ) 
4 234 235 (320 -32 1024 ) (320 -32 704 ) (384 -32 704 ) (384 -32 1024 ) 
4 235 241 (320 -64 1024 ) (320 -32 1024 ) (320 -32 704 ) (320 -64 704 ) 
4 235 236 (384 -64 704 ) (384 -64 1024 ) (320 -64 1024 ) (320 -64 704 ) 
4 236 333 (384 -128 672 ) (384 -128 704 ) (320 -128 704 ) (320 -128 672 ) 
4 236 332 (384 -128 704 ) (384 -128 1024 ) (320 -128 1024 ) (320 -128 704 ) 
4 236 243 (320 -128 672 ) (320 -128 704 ) (320 -64 704 ) (320 -64 672 ) 
4 236 241 (320 -128 704 ) (320 -128 1024 ) (320 -64 1024 ) (320 -64 704 ) 
4 236 240 (384 -64 672 ) (384 -128 672 ) (320 -128 672 ) (320 -64 672 ) 
4 237 242 (320 -32 672 ) (320 32 672 ) (320 32 576 ) (320 -32 576 ) 
4 237 238 (368 -32 672 ) (336 -32 672 ) (336 -32 568 ) (368 -32 568 ) 
4 239 270 (368 -64 560 ) (336 -64 560 ) (336 -56 560 ) (368 -56 560 ) 
4 239 240 (336 -64 560 ) (368 -64 560 ) (368 -64 672 ) (336 -64 672 ) 
4 240 333 (384 -128 560 ) (384 -128 672 ) (320 -128 672 ) (320 -128 560 ) 
4 240 271 (384 -64 560 ) (384 -128 560 ) (320 -128 560 ) (320 -64 560 ) 
4 240 243 (320 -64 560 ) (320 -128 560 ) (320 -128 672 ) (320 -64 672 ) 
4 241 332 (320 -128 1024 ) (192 -128 1024 ) (192 -128 704 ) (320 -128 704 ) 
4 241 264 (136 -72 704 ) (136 -72 1024 ) (176 -32 1024 ) (176 -32 704 ) 
4 241 252 (176 -32 1024 ) (192 -16 1024 ) (192 -16 704 ) (176 -32 704 ) 
4 241 250 (192 -16 1024 ) (240 32 1024 ) (240 32 704 ) (192 -16 704 ) 
4 241 244 (136 -72 1024 ) (136 -72 704 ) (192 -128 704 ) (192 -128 1024 ) 
5 241 243 (320 -64 704 ) (320 -128 704 ) (192 -128 704 ) (160 -96 704 ) (192 -64 704 ) 
4 241 242 (320 32 704 ) (320 -32 704 ) (176 -32 704 ) (240 32 704 ) 
4 242 252 (176 -32 576 ) (176 -32 704 ) (192 -16 704 ) (192 -16 576 ) 
4 242 250 (192 -16 704 ) (240 32 704 ) (240 32 576 ) (192 -16 576 ) 
4 243 333 (192 -128 704 ) (192 -128 560 ) (320 -128 560 ) (320 -128 704 ) 
5 243 271 (320 -128 560 ) (192 -128 560 ) (160 -96 560 ) (192 -64 560 ) (320 -64 560 ) 
4 243 247 (160 -96 560 ) (192 -128 560 ) (192 -128 576 ) (160 -96 576 ) 
4 243 246 (192 -128 576 ) (192 -128 672 ) (160 -96 672 ) (160 -96 576 ) 
4 243 245 (192 -128 672 ) (192 -128 704 ) (160 -96 704 ) (160 -96 672 ) 
4 244 332 (192 -128 1024 ) (80 -128 1024 ) (80 -128 704 ) (192 -128 704 ) 
4 244 264 (80 -128 704 ) (80 -128 1024 ) (136 -72 1024 ) (136 -72 704 ) 
3 244 245 (160 -96 704 ) (192 -128 704 ) (128 -128 704 ) 
4 245 333 (128 -128 672 ) (192 -128 672 ) (192 -128 704 ) (128 -128 704 ) 
3 245 246 (192 -128 672 ) (128 -128 672 ) (160 -96 672 ) 
4 246 334 (80 -128 672 ) (80 -128 576 ) (128 -128 576 ) (128 -128 672 ) 
4 246 333 (128 -128 576 ) (192 -128 576 ) (192 -128 672 ) (128 -128 672 ) 
4 246 265 (80 -128 576 ) (80 -128 672 ) (136 -72 672 ) (136 -72 576 ) 
3 246 247 (160 -96 576 ) (192 -128 576 ) (128 -128 576 ) 
4 247 333 (128 -128 560 ) (192 -128 560 ) (192 -128 576 ) (128 -128 576 ) 
3 247 271 (192 -128 560 ) (128 -128 560 ) (160 -96 560 ) 
4 248 251 (192 448 1024 ) (192 448 704 ) (192 256 704 ) (192 256 1024 ) 
4 248 250 (384 256 704 ) (384 256 1024 ) (192 256 1024 ) (192 256 704 ) 
4 248 249 (192 288 704 ) (192 448 704 ) (384 448 704 ) (384 288 704 ) 
4 249 272 (192 448 560 ) (384 448 560 ) (384 288 560 ) (192 288 560 ) 
4 250 252 (192 -16 576 ) (192 -16 1024 ) (192 256 1024 ) (192 256 576 ) 
4 251 257 (160 416 1024 ) (160 448 1024 ) (160 448 704 ) (160 416 704 ) 
4 251 253 (160 256 704 ) (160 256 1024 ) (160 416 1024 ) (160 416 704 ) 
4 251 252 (192 256 704 ) (192 256 1024 ) (160 256 1024 ) (160 256 704 ) 
4 252 265 (160 -32 576 ) (176 -32 576 ) (176 -32 704 ) (160 -32 704 ) 
4 252 264 (176 -32 704 ) (176 -32 1024 ) (160 -32 1024 ) (160 -32 704 ) 
4 252 255 (160 256 576 ) (160 -32 576 ) (160 -32 1024 ) (160 256 1024 ) 
4 253 257 (160 416 1024 ) (160 416 704 ) (0 256 704 ) (0 256 1024 ) 
4 253 256 (48 256 1024 ) (0 256 1024 ) (0 256 704 ) (48 256 704 ) 
4 253 255 (160 256 704 ) (160 256 1024 ) (48 256 1024 ) (48 256 704 ) 
3 253 254 (32 288 704 ) (160 416 704 ) (160 288 704 ) 
4 254 258 (160 416 704 ) (160 416 672 ) (32 288 672 ) (32 288 704 ) 
4 255 265 (-240 -32 576 ) (160 -32 576 ) (160 -32 704 ) (-240 -32 704 ) 
4 255 264 (160 -32 704 ) (160 -32 1024 ) (-240 -32 1024 ) (-240 -32 704 ) 
4 255 256 (48 256 1024 ) (48 256 704 ) (-240 -32 704 ) (-240 -32 1024 ) 
4 256 266 (-256 -32 1024 ) (-288 -32 1024 ) (-288 -32 704 ) (-256 -32 704 ) 
4 256 264 (-240 -32 704 ) (-240 -32 1024 ) (-256 -32 1024 ) (-256 -32 704 ) 
4 256 261 (-288 -32 704 ) (-288 -32 1024 ) (-256 0 1024 ) (-256 0 704 ) 
4 256 259 (-256 0 1024 ) (0 256 1024 ) (0 256 704 ) (-256 0 704 ) 
4 257 259 (0 256 704 ) (0 256 1024 ) (0 448 1024 ) (0 448 704 ) 
5 257 258 (0 448 704 ) (160 448 704 ) (160 416 704 ) (32 288 704 ) (0 288 704 ) 
4 258 259 (0 288 672 ) (0 288 704 ) (0 448 704 ) (0 448 672 ) 
4 259 261 (-256 0 704 ) (-256 0 1024 ) (-288 0 1024 ) (-288 0 704 ) 
4 260 262 (-288 0 1024 ) (-320 0 1024 ) (-320 0 704 ) (-288 0 704 ) 
4 262 267 (-320 -32 1024 ) (-320 -32 704 ) (-288 -32 704 ) (-288 -32 1024 ) 
4 263 308 (-320 384 576 ) (-320 0 576 ) (-320 0 640 ) (-320 384 640 ) 
4 263 302 (-320 448 640 ) (-320 448 576 ) (-320 384 576 ) (-320 384 640 ) 
5 263 269 (-320 0 576 ) (-320 448 576 ) (0 448 576 ) (0 256 576 ) (-256 0 576 ) 
4 264 336 (32 -128 1024 ) (-256 -128 1024 ) (-256 -128 704 ) (32 -128 704 ) 
4 264 332 (80 -128 1024 ) (32 -128 1024 ) (32 -128 704 ) (80 -128 704 ) 
4 264 266 (-256 -32 1024 ) (-256 -32 704 ) (-256 -128 704 ) (-256 -128 1024 ) 
5 264 265 (176 -32 704 ) (80 -128 704 ) (-256 -128 704 ) (-256 -48 704 ) (-240 -32 704 ) 
4 265 336 (-256 -128 704 ) (-256 -128 576 ) (32 -128 576 ) (32 -128 704 ) 
4 265 335 (32 -128 576 ) (80 -128 576 ) (80 -128 704 ) (32 -128 704 ) 
4 266 338 (-256 -128 1024 ) (-288 -128 1024 ) (-288 -128 704 ) (-256 -128 704 ) 
4 267 340 (-288 -128 1024 ) (-320 -128 1024 ) (-320 -128 704 ) (-288 -128 704 ) 
4 267 268 (-288 -128 704 ) (-320 -128 704 ) (-320 -32 704 ) (-288 -32 704 ) 
4 268 340 (-320 -128 704 ) (-320 -128 672 ) (-288 -128 672 ) (-288 -128 704 ) 
4 269 308 (-320 0 576 ) (-320 384 576 ) (-320 384 560 ) (-320 0 560 ) 
4 269 302 (-320 384 576 ) (-320 448 576 ) (-320 448 560 ) (-320 384 560 ) 
5 269 278 (-320 0 560 ) (-320 268 560 ) (-204 268 560 ) (-96 160 560 ) (-256 0 560 ) 
4 269 276 (-204 268 560 ) (0 268 560 ) (0 256 560 ) (-96 160 560 ) 
4 269 275 (-320 268 560 ) (-320 448 560 ) (0 448 560 ) (0 268 560 ) 
4 270 271 (336 -64 376 ) (368 -64 376 ) (368 -64 560 ) (336 -64 560 ) 
4 271 341 (384 -128 64 ) (384 -128 496 ) (128 -128 496 ) (128 -128 64 ) 
4 271 333 (384 -128 496 ) (384 -128 560 ) (128 -128 560 ) (128 -128 496 ) 
4 271 288 (192 -64 64 ) (128 -128 64 ) (128 -128 160 ) (192 -64 160 ) 
4 271 281 (128 -128 192 ) (128 -128 288 ) (160 -96 288 ) (160 -96 192 ) 
4 271 277 (128 -128 384 ) (128 -128 480 ) (160 -96 480 ) (160 -96 384 ) 
4 272 276 (192 268 384 ) (192 192 384 ) (192 192 560 ) (192 268 560 ) 
4 272 274 (192 288 384 ) (192 268 384 ) (192 268 560 ) (192 288 560 ) 
4 272 273 (192 192 560 ) (192 192 384 ) (256 192 384 ) (256 192 560 ) 
4 273 276 (192 192 384 ) (192 128 384 ) (192 128 560 ) (192 192 560 ) 
4 274 276 (192 268 384 ) (192 268 560 ) (172 268 560 ) (172 268 384 ) 
4 275 312 (-320 384 264 ) (-320 384 192 ) (-320 268 192 ) (-320 268 264 ) 
4 275 311 (-320 384 320 ) (-320 384 264 ) (-320 268 264 ) (-320 268 320 ) 
4 275 310 (-320 384 352 ) (-320 384 320 ) (-320 268 320 ) (-320 268 352 ) 
4 275 308 (-320 268 560 ) (-320 384 560 ) (-320 384 352 ) (-320 268 352 ) 
4 275 306 (-320 448 320 ) (-320 448 192 ) (-320 384 192 ) (-320 384 320 ) 
4 275 304 (-320 448 352 ) (-320 448 320 ) (-320 384 320 ) (-320 384 352 ) 
4 275 302 (-320 384 560 ) (-320 448 560 ) (-320 448 352 ) (-320 384 352 ) 
4 275 292 (-320 268 192 ) (-320 320 192 ) (-308 332 192 ) (-244 268 192 ) 
3 275 291 (-288 448 192 ) (-192 448 192 ) (-288 352 192 ) 
5 275 290 (-192 448 192 ) (-128 448 192 ) (-128 268 192 ) (-244 268 192 ) (-308 332 192 ) 
4 275 289 (-128 448 192 ) (0 448 192 ) (0 268 192 ) (-128 268 192 ) 
4 275 287 (-320 268 192 ) (120 268 192 ) (120 268 384 ) (-320 268 384 ) 
4 275 278 (-204 268 560 ) (-320 268 560 ) (-320 268 384 ) (-204 268 384 ) 
4 275 276 (128 268 384 ) (128 268 560 ) (-204 268 560 ) (-204 268 384 ) 
4 276 287 (-204 268 384 ) (120 268 384 ) (120 260 384 ) (-38 102 384 ) 
4 276 278 (64 0 560 ) (-204 268 560 ) (-204 268 384 ) (64 0 384 ) 
4 277 342 (64 -128 384 ) (128 -128 384 ) (128 -128 480 ) (64 -128 480 ) 
4 277 278 (64 0 480 ) (64 0 384 ) (0 -64 384 ) (0 -64 480 ) 
4 278 349 (-176 -128 384 ) (-144 -128 384 ) (-144 -128 496 ) (-176 -128 496 ) 
4 278 348 (-112 -128 384 ) (-80 -128 384 ) (-80 -128 496 ) (-112 -128 496 ) 
4 278 309 (-320 -128 384 ) (-320 -128 560 ) (-320 0 560 ) (-320 0 384 ) 
4 278 308 (-320 0 560 ) (-320 268 560 ) (-320 268 384 ) (-320 0 384 ) 
5 278 287 (-268 -128 384 ) (-320 -128 384 ) (-320 268 384 ) (-204 268 384 ) (-38 102 384 ) 
4 278 285 (-128 -128 384 ) (-268 -128 384 ) (-134 6 384 ) (-128 0 384 ) 
4 278 279 (-64 -128 384 ) (-128 -128 384 ) (-128 0 384 ) (-64 0 384 ) 
4 279 348 (-80 -128 384 ) (-112 -128 384 ) (-112 -128 376 ) (-80 -128 376 ) 
4 279 285 (-128 -128 376 ) (-128 -128 384 ) (-128 0 384 ) (-128 0 376 ) 
4 280 287 (120 260 192 ) (32 172 192 ) (32 172 352 ) (120 260 352 ) 
4 280 283 (32 128 352 ) (32 172 352 ) (32 172 192 ) (32 128 192 ) 
4 280 282 (32 128 288 ) (32 128 192 ) (128 128 192 ) (128 128 288 ) 
4 281 282 (128 -64 192 ) (128 -128 192 ) (128 -128 288 ) (128 -64 288 ) 
4 282 343 (64 -128 192 ) (128 -128 192 ) (128 -128 288 ) (64 -128 288 ) 
3 283 289 (-12 128 192 ) (0 140 192 ) (0 128 192 ) 
4 283 287 (32 172 192 ) (-12 128 192 ) (-12 128 352 ) (32 172 352 ) 
4 283 284 (-12 128 352 ) (-12 128 192 ) (0 128 192 ) (0 128 352 ) 
4 284 289 (-128 0 192 ) (-128 12 192 ) (-12 128 192 ) (0 128 192 ) 
4 284 287 (-12 128 192 ) (-128 12 192 ) (-128 12 352 ) (-12 128 352 ) 
4 284 286 (-128 12 192 ) (-128 0 192 ) (-128 0 352 ) (-128 12 352 ) 
4 285 349 (-144 -128 384 ) (-176 -128 384 ) (-176 -128 352 ) (-144 -128 352 ) 
4 285 287 (-268 -128 384 ) (-134 6 384 ) (-134 6 352 ) (-268 -128 352 ) 
4 285 286 (-268 -128 352 ) (-134 6 352 ) (-128 0 352 ) (-128 -128 352 ) 
4 286 371 (-176 -128 192 ) (-144 -128 192 ) (-144 -128 224 ) (-176 -128 224 ) 
4 286 350 (-268 -128 320 ) (-268 -128 224 ) (-224 -128 224 ) (-224 -128 320 ) 
4 286 349 (-144 -128 352 ) (-176 -128 352 ) (-176 -128 224 ) (-144 -128 224 ) 
5 286 296 (-128 -128 192 ) (-192 -128 192 ) (-192 -52 192 ) (-140 0 192 ) (-128 0 192 ) 
3 286 292 (-140 0 192 ) (-128 12 192 ) (-128 0 192 ) 
4 286 287 (-128 12 352 ) (-128 12 192 ) (-268 -128 192 ) (-268 -128 352 ) 
4 287 350 (-288 -128 224 ) (-268 -128 224 ) (-268 -128 320 ) (-288 -128 320 ) 
4 287 322 (-320 -128 192 ) (-320 -128 320 ) (-320 -64 320 ) (-320 -64 192 ) 
4 287 320 (-320 64 256 ) (-320 64 192 ) (-320 -64 192 ) (-320 -64 256 ) 
4 287 319 (-320 -64 320 ) (-320 64 320 ) (-320 64 256 ) (-320 -64 256 ) 
4 287 318 (-320 64 320 ) (-320 96 320 ) (-320 96 192 ) (-320 64 192 ) 
4 287 316 (-320 224 248 ) (-320 224 192 ) (-320 96 192 ) (-320 96 248 ) 
4 287 315 (-320 96 320 ) (-320 224 320 ) (-320 224 248 ) (-320 96 248 ) 
4 287 314 (-320 224 320 ) (-320 256 320 ) (-320 256 192 ) (-320 224 192 ) 
4 287 312 (-320 268 264 ) (-320 268 192 ) (-320 256 192 ) (-320 256 264 ) 
4 287 311 (-320 256 320 ) (-320 268 320 ) (-320 268 264 ) (-320 256 264 ) 
4 287 310 (-320 -128 320 ) (-320 -128 352 ) (-320 268 352 ) (-320 268 320 ) 
4 287 309 (-320 -128 352 ) (-320 -128 384 ) (-320 0 384 ) (-320 0 352 ) 
4 287 308 (-320 0 384 ) (-320 268 384 ) (-320 268 352 ) (-320 0 352 ) 
3 287 296 (-192 0 192 ) (-140 0 192 ) (-192 -52 192 ) 
6 287 292 (-320 0 192 ) (-320 268 192 ) (-244 268 192 ) (-128 152 192 ) (-128 12 192 ) (-140 0 192 ) 
3 287 290 (-244 268 192 ) (-128 268 192 ) (-128 152 192 ) 
4 287 289 (-128 268 192 ) (0 268 192 ) (0 140 192 ) (-128 12 192 ) 
4 288 347 (0 -128 0 ) (64 -128 0 ) (64 -128 160 ) (0 -128 160 ) 
4 288 345 (128 -128 48 ) (128 -128 64 ) (64 -128 64 ) (64 -128 48 ) 
4 288 344 (128 -128 64 ) (128 -128 160 ) (64 -128 160 ) (64 -128 64 ) 
4 288 289 (0 128 0 ) (-128 0 0 ) (-128 0 160 ) (0 128 160 ) 
4 289 295 (-128 448 16 ) (-128 448 0 ) (-128 0 0 ) (-128 0 16 ) 
4 289 293 (-128 152 112 ) (-128 152 16 ) (-128 0 16 ) (-128 0 112 ) 
4 289 292 (-128 0 192 ) (-128 152 192 ) (-128 152 112 ) (-128 0 112 ) 
4 289 290 (-128 152 192 ) (-128 448 192 ) (-128 448 16 ) (-128 152 16 ) 
4 290 295 (-192 448 16 ) (-128 448 16 ) (-128 152 16 ) (-308 332 16 ) 
4 290 294 (-308 332 16 ) (-300 324 16 ) (-300 324 112 ) (-308 332 112 ) 
4 290 293 (-300 324 16 ) (-128 152 16 ) (-128 152 112 ) (-300 324 112 ) 
4 290 292 (-128 152 112 ) (-128 152 192 ) (-308 332 192 ) (-308 332 112 ) 
4 290 291 (-192 448 16 ) (-288 352 16 ) (-288 352 192 ) (-192 448 192 ) 
4 292 328 (-320 0 192 ) (-320 296 192 ) (-320 296 112 ) (-320 0 112 ) 
4 292 324 (-320 320 128 ) (-320 320 112 ) (-320 296 112 ) (-320 296 128 ) 
4 292 323 (-320 296 192 ) (-320 320 192 ) (-320 320 128 ) (-320 296 128 ) 
4 292 296 (-128 0 184 ) (-128 0 192 ) (-192 0 192 ) (-192 0 184 ) 
4 292 294 (-320 304 112 ) (-320 320 112 ) (-308 332 112 ) (-300 324 112 ) 
5 292 293 (-320 0 112 ) (-320 304 112 ) (-300 324 112 ) (-128 152 112 ) (-128 0 112 ) 
4 293 328 (-320 296 16 ) (-320 0 16 ) (-320 0 112 ) (-320 296 112 ) 
4 293 325 (-320 304 16 ) (-320 296 16 ) (-320 296 112 ) (-320 304 112 ) 
5 293 295 (-320 0 16 ) (-320 304 16 ) (-300 324 16 ) (-128 152 16 ) (-128 0 16 ) 
4 293 294 (-300 324 112 ) (-300 324 16 ) (-320 304 16 ) (-320 304 112 ) 
4 294 326 (-320 320 16 ) (-320 304 16 ) (-320 304 112 ) (-320 320 112 ) 
4 294 295 (-320 304 16 ) (-320 320 16 ) (-308 332 16 ) (-300 324 16 ) 
4 295 328 (-320 296 0 ) (-320 0 0 ) (-320 0 16 ) (-320 296 16 ) 
4 295 327 (-320 320 0 ) (-320 296 0 ) (-320 296 16 ) (-320 320 16 ) 
4 296 371 (-144 -128 192 ) (-176 -128 192 ) (-176 -128 184 ) (-144 -128 184 ) 
3 297 298 (-320 908.800000 352 ) (-320 768 352 ) (-398.222222 768 352 ) 
4 298 299 (-320 768 192 ) (-320 768 320 ) (-398.222222 768 320 ) (-398.222222 768 192 ) 
4 299 305 (-320 736 192 ) (-320 736 320 ) (-416 736 320 ) (-416 736 192 ) 
4 300 305 (-416 736 320 ) (-320 736 320 ) (-320 672 320 ) (-451.555556 672 320 ) 
4 300 301 (-451.555556 672 320 ) (-320 672 320 ) (-320 672 352 ) (-451.555556 672 352 ) 
4 301 305 (-451.555556 672 320 ) (-320 672 320 ) (-320 544 320 ) (-522.666667 544 320 ) 
4 301 303 (-320 544 320 ) (-320 544 352 ) (-522.666667 544 352 ) (-522.666667 544 320 ) 
4 302 308 (-320 384 352 ) (-320 384 640 ) (-584 384 640 ) (-584 384 352 ) 
4 302 304 (-320 448 352 ) (-320 384 352 ) (-576 384 352 ) (-576 448 352 ) 
4 303 305 (-522.666667 544 320 ) (-320 544 320 ) (-320 480 320 ) (-558.222222 480 320 ) 
4 304 310 (-320 384 320 ) (-320 384 352 ) (-576 384 352 ) (-576 384 320 ) 
4 304 306 (-320 448 320 ) (-320 384 320 ) (-576 384 320 ) (-576 448 320 ) 
4 305 306 (-320 480 192 ) (-320 480 320 ) (-558.222222 480 320 ) (-558.222222 480 192 ) 
4 306 312 (-320 384 192 ) (-320 384 264 ) (-576 384 264 ) (-576 384 192 ) 
4 306 311 (-320 384 264 ) (-320 384 320 ) (-576 384 320 ) (-576 384 264 ) 
4 307 330 (-608 384 192 ) (-608 384 352 ) (-1056 384 352 ) (-1056 384 192 ) 
4 308 310 (-576 384 352 ) (-320 384 352 ) (-320 0 352 ) (-576 0 352 ) 
4 308 309 (-584 0 352 ) (-320 0 352 ) (-320 0 560 ) (-584 0 560 ) 
4 309 351 (-320 -128 352 ) (-320 -128 384 ) (-448 -128 384 ) (-448 -128 352 ) 
4 309 310 (-320 -128 352 ) (-576 -128 352 ) (-576 0 352 ) (-320 0 352 ) 
4 310 351 (-320 -128 320 ) (-320 -128 352 ) (-448 -128 352 ) (-448 -128 320 ) 
4 310 322 (-320 -64 320 ) (-320 -128 320 ) (-576 -128 320 ) (-576 -64 320 ) 
4 310 319 (-320 64 320 ) (-320 -64 320 ) (-576 -64 320 ) (-576 64 320 ) 
4 310 318 (-320 96 320 ) (-320 64 320 ) (-576 64 320 ) (-576 96 320 ) 
4 310 315 (-320 224 320 ) (-320 96 320 ) (-576 96 320 ) (-576 224 320 ) 
4 310 314 (-320 256 320 ) (-320 224 320 ) (-576 224 320 ) (-576 256 320 ) 
4 310 311 (-576 384 320 ) (-320 384 320 ) (-320 256 320 ) (-576 256 320 ) 
4 311 330 (-608 384 320 ) (-608 384 264 ) (-608 256 264 ) (-608 256 320 ) 
4 311 314 (-320 256 264 ) (-320 256 320 ) (-576 256 320 ) (-576 256 264 ) 
4 311 313 (-608 256 264 ) (-608 384 264 ) (-600 384 264 ) (-600 256 264 ) 
4 311 312 (-592 384 264 ) (-320 384 264 ) (-320 256 264 ) (-592 256 264 ) 
4 312 329 (-352 288 192 ) (-384 256 192 ) (-448 256 192 ) (-448 288 192 ) 
4 312 328 (-332 308 192 ) (-320 296 192 ) (-320 256 192 ) (-384 256 192 ) 
3 312 323 (-320 320 192 ) (-320 296 192 ) (-332 308 192 ) 
4 312 314 (-576 256 192 ) (-320 256 192 ) (-320 256 264 ) (-576 256 264 ) 
4 313 330 (-608 384 264 ) (-608 384 192 ) (-608 256 192 ) (-608 256 264 ) 
4 314 329 (-448 256 192 ) (-384 256 192 ) (-416 224 192 ) (-448 224 192 ) 
4 314 328 (-384 256 192 ) (-320 256 192 ) (-320 224 192 ) (-416 224 192 ) 
4 314 316 (-576 224 192 ) (-320 224 192 ) (-320 224 248 ) (-576 224 248 ) 
4 314 315 (-320 224 248 ) (-320 224 320 ) (-576 224 320 ) (-576 224 248 ) 
4 315 330 (-608 96 248 ) (-608 96 320 ) (-608 224 320 ) (-608 224 248 ) 
4 315 318 (-576 96 248 ) (-320 96 248 ) (-320 96 320 ) (-576 96 320 ) 
4 315 317 (-608 96 248 ) (-608 224 248 ) (-600 224 248 ) (-600 96 248 ) 
4 315 316 (-592 224 248 ) (-320 224 248 ) (-320 96 248 ) (-592 96 248 ) 
3 316 329 (-448 224 192 ) (-416 224 192 ) (-448 192 192 ) 
5 316 328 (-416 224 192 ) (-320 224 192 ) (-320 96 192 ) (-448 96 192 ) (-448 192 192 ) 
4 316 318 (-576 96 192 ) (-320 96 192 ) (-320 96 248 ) (-576 96 248 ) 
4 317 330 (-608 224 192 ) (-608 96 192 ) (-608 96 248 ) (-608 224 248 ) 
4 318 328 (-448 96 192 ) (-320 96 192 ) (-320 64 192 ) (-448 64 192 ) 
4 318 320 (-576 64 192 ) (-320 64 192 ) (-320 64 256 ) (-576 64 256 ) 
4 318 319 (-320 64 256 ) (-320 64 320 ) (-576 64 320 ) (-576 64 256 ) 
4 319 330 (-608 -64 256 ) (-608 -64 320 ) (-608 64 320 ) (-608 64 256 ) 
4 319 322 (-576 -64 256 ) (-320 -64 256 ) (-320 -64 320 ) (-576 -64 320 ) 
4 319 321 (-608 -64 256 ) (-608 64 256 ) (-600 64 256 ) (-600 -64 256 ) 
4 319 320 (-592 64 256 ) (-320 64 256 ) (-320 -64 256 ) (-592 -64 256 ) 
4 320 328 (-448 64 192 ) (-320 64 192 ) (-320 0 192 ) (-448 0 192 ) 
4 320 322 (-576 -64 192 ) (-320 -64 192 ) (-320 -64 256 ) (-576 -64 256 ) 
4 321 330 (-608 64 192 ) (-608 -64 192 ) (-608 -64 256 ) (-608 64 256 ) 
4 322 375 (-480 -128 320 ) (-544 -128 320 ) (-544 -128 224 ) (-480 -128 224 ) 
4 322 374 (-320 -128 192 ) (-320 -128 224 ) (-448 -128 224 ) (-448 -128 192 ) 
4 322 351 (-320 -128 224 ) (-320 -128 320 ) (-448 -128 320 ) (-448 -128 224 ) 
4 323 328 (-320 296 128 ) (-320 296 192 ) (-332 308 192 ) (-332 308 128 ) 
3 323 324 (-320 320 128 ) (-320 296 128 ) (-332 308 128 ) 
4 324 328 (-332 308 112 ) (-320 296 112 ) (-320 296 128 ) (-332 308 128 ) 
4 324 326 (-320 320 112 ) (-320 304 112 ) (-324 300 112 ) (-332 308 112 ) 
3 324 325 (-320 304 112 ) (-320 296 112 ) (-324 300 112 ) 
4 325 328 (-324 300 16 ) (-320 296 16 ) (-320 296 112 ) (-324 300 112 ) 
3 325 327 (-320 296 16 ) (-324 300 16 ) (-320 304 16 ) 
4 325 326 (-320 304 16 ) (-324 300 16 ) (-324 300 112 ) (-320 304 112 ) 
4 326 328 (-332 308 16 ) (-324 300 16 ) (-324 300 112 ) (-332 308 112 ) 
4 326 327 (-324 300 16 ) (-332 308 16 ) (-320 320 16 ) (-320 304 16 ) 
4 327 328 (-332 308 0 ) (-320 296 0 ) (-320 296 16 ) (-332 308 16 ) 
4 328 329 (-352 288 0 ) (-448 192 0 ) (-448 192 192 ) (-352 288 192 ) 
4 331 376 (384 -672 1024 ) (384 -672 1056 ) (-288 -672 1056 ) (-288 -672 1024 ) 
4 332 378 (64 -672 1024 ) (32 -672 1024 ) (32 -672 704 ) (64 -672 704 ) 
4 332 377 (384 -672 704 ) (384 -672 1024 ) (64 -672 1024 ) (64 -672 704 ) 
4 332 336 (32 -192 1024 ) (32 -128 1024 ) (32 -128 704 ) (32 -192 704 ) 
4 332 337 (32 -672 704 ) (32 -672 1024 ) (32 -192 1024 ) (32 -192 704 ) 
3 332 335 (32 -128 704 ) (80 -128 704 ) (32 -176 704 ) 
5 332 333 (128 -128 704 ) (384 -128 704 ) (384 -672 704 ) (64 -672 704 ) (64 -192 704 ) 
4 333 377 (384 -672 496 ) (384 -672 704 ) (64 -672 704 ) (64 -672 496 ) 
4 333 346 (384 -480 496 ) (384 -672 496 ) (64 -672 496 ) (64 -480 496 ) 
5 333 341 (128 -128 496 ) (384 -128 496 ) (384 -480 496 ) (64 -480 496 ) (64 -192 496 ) 
4 333 334 (128 -128 672 ) (128 -128 576 ) (96 -160 576 ) (96 -160 672 ) 
4 334 335 (80 -128 672 ) (80 -128 576 ) (72 -136 576 ) (72 -136 672 ) 
4 335 336 (32 -176 704 ) (32 -128 704 ) (32 -128 576 ) (32 -176 576 ) 
4 336 338 (-256 -128 1024 ) (-256 -128 704 ) (-256 -192 704 ) (-256 -192 1024 ) 
4 336 337 (32 -192 576 ) (32 -192 1024 ) (-256 -192 1024 ) (-256 -192 576 ) 
4 337 380 (-256 -672 704 ) (-256 -672 496 ) (32 -672 496 ) (32 -672 704 ) 
4 337 378 (32 -672 1024 ) (-256 -672 1024 ) (-256 -672 704 ) (32 -672 704 ) 
4 337 356 (-192 -672 496 ) (-256 -672 496 ) (-256 -576 496 ) (-192 -576 496 ) 
4 337 355 (-256 -576 496 ) (-256 -512 496 ) (-192 -512 496 ) (-192 -576 496 ) 
4 337 354 (32 -512 496 ) (32 -672 496 ) (-192 -672 496 ) (-192 -512 496 ) 
4 337 353 (32 -192 496 ) (32 -512 496 ) (-256 -512 496 ) (-256 -192 496 ) 
4 337 339 (-256 -528 496 ) (-256 -560 496 ) (-256 -560 672 ) (-256 -528 672 ) 
4 337 338 (-256 -672 704 ) (-256 -672 1024 ) (-256 -192 1024 ) (-256 -192 704 ) 
4 338 378 (-256 -672 1024 ) (-288 -672 1024 ) (-288 -672 704 ) (-256 -672 704 ) 
4 339 357 (-256 -528 496 ) (-256 -560 496 ) (-264 -560 496 ) (-264 -528 496 ) 
4 340 385 (-320 -672 672 ) (-288 -672 672 ) (-288 -672 1024 ) (-320 -672 1024 ) 
4 341 346 (384 -480 192 ) (384 -480 496 ) (64 -480 496 ) (64 -480 192 ) 
4 341 344 (128 -128 160 ) (128 -128 64 ) (64 -192 64 ) (64 -192 160 ) 
4 341 343 (128 -128 288 ) (128 -128 192 ) (96 -160 192 ) (96 -160 288 ) 
4 341 342 (128 -128 480 ) (128 -128 384 ) (96 -160 384 ) (96 -160 480 ) 
4 344 347 (64 -128 160 ) (64 -128 64 ) (64 -192 64 ) (64 -192 160 ) 
3 344 345 (64 -192 64 ) (64 -128 64 ) (128 -128 64 ) 
4 345 347 (64 -128 64 ) (64 -128 48 ) (64 -192 48 ) (64 -192 64 ) 
4 346 377 (384 -672 384 ) (384 -672 496 ) (64 -672 496 ) (64 -672 384 ) 
4 346 373 (64 -640 224 ) (64 -512 224 ) (64 -512 192 ) (64 -640 192 ) 
4 346 352 (64 -640 384 ) (64 -512 384 ) (64 -512 224 ) (64 -640 224 ) 
4 349 371 (-176 -128 224 ) (-144 -128 224 ) (-144 -136 224 ) (-176 -136 224 ) 
4 351 374 (-448 -128 224 ) (-320 -128 224 ) (-320 -160 224 ) (-448 -160 224 ) 
4 351 370 (-448 -160 384 ) (-448 -160 224 ) (-440 -160 224 ) (-440 -160 384 ) 
4 351 361 (-440 -160 224 ) (-320 -160 224 ) (-320 -160 384 ) (-440 -160 384 ) 
4 352 373 (64 -512 224 ) (64 -640 224 ) (32 -640 224 ) (32 -512 224 ) 
4 352 368 (32 -544 224 ) (32 -640 224 ) (32 -640 384 ) (32 -544 384 ) 
4 352 362 (32 -512 224 ) (32 -544 224 ) (32 -544 384 ) (32 -512 384 ) 
4 353 355 (-192 -512 496 ) (-256 -512 496 ) (-256 -512 480 ) (-192 -512 480 ) 
4 353 354 (32 -512 480 ) (32 -512 496 ) (-192 -512 496 ) (-192 -512 480 ) 
4 354 380 (32 -672 496 ) (-192 -672 496 ) (-192 -672 480 ) (32 -672 480 ) 
4 354 356 (-192 -576 480 ) (-192 -672 480 ) (-192 -672 496 ) (-192 -576 496 ) 
4 354 355 (-192 -512 496 ) (-192 -512 480 ) (-192 -576 480 ) (-192 -576 496 ) 
4 355 357 (-256 -560 496 ) (-256 -528 496 ) (-256 -528 472 ) (-256 -560 472 ) 
4 355 356 (-192 -576 480 ) (-192 -576 496 ) (-256 -576 496 ) (-256 -576 480 ) 
4 356 380 (-192 -672 496 ) (-256 -672 496 ) (-256 -672 480 ) (-192 -672 480 ) 
3 358 360 (-300 -224 424 ) (-320 -224 424 ) (-320 -204 424 ) 
4 358 359 (-320 -204 424 ) (-320 -224 424 ) (-320 -224 448 ) (-320 -204 448 ) 
4 359 361 (-440 -224 424 ) (-440 -160 424 ) (-320 -160 424 ) (-320 -224 424 ) 
3 360 372 (-280 -232 224 ) (-320 -232 224 ) (-320 -192 224 ) 
4 360 364 (-304 -232 224 ) (-280 -232 224 ) (-280 -232 424 ) (-304 -232 424 ) 
4 360 369 (-320 -232 224 ) (-304 -232 224 ) (-304 -232 424 ) (-320 -232 424 ) 
4 360 361 (-320 -192 224 ) (-320 -232 224 ) (-320 -232 424 ) (-320 -192 424 ) 
4 361 374 (-320 -232 224 ) (-440 -232 224 ) (-440 -160 224 ) (-320 -160 224 ) 
4 361 370 (-440 -160 416 ) (-440 -160 224 ) (-440 -232 224 ) (-440 -232 416 ) 
4 361 369 (-440 -232 224 ) (-320 -232 224 ) (-320 -232 424 ) (-440 -232 424 ) 
3 362 373 (32 -512 224 ) (32 -544 224 ) (0 -512 224 ) 
4 362 368 (0 -512 224 ) (32 -544 224 ) (32 -544 448 ) (0 -512 448 ) 
4 363 364 (-304 -392 424 ) (-304 -232 424 ) (-280 -232 424 ) (-120 -392 424 ) 
4 363 369 (-304 -232 448 ) (-304 -232 424 ) (-304 -392 424 ) (-304 -392 448 ) 
4 364 372 (-304 -400 224 ) (-304 -232 224 ) (-280 -232 224 ) (-112 -400 224 ) 
4 364 367 (-304 -400 424 ) (-304 -400 224 ) (-112 -400 224 ) (-112 -400 424 ) 
4 364 369 (-304 -232 424 ) (-304 -232 224 ) (-304 -400 224 ) (-304 -400 424 ) 
3 365 372 (-8 -504 224 ) (0 -512 224 ) (-8 -512 224 ) 
4 365 367 (-8 -504 416 ) (-8 -504 224 ) (-8 -512 224 ) (-8 -512 416 ) 
4 365 368 (-8 -512 224 ) (0 -512 224 ) (0 -512 416 ) (-8 -512 416 ) 
4 366 367 (-304 -400 424 ) (-112 -400 424 ) (-8 -504 424 ) (-200 -504 424 ) 
5 367 372 (-192 -512 224 ) (-304 -400 224 ) (-112 -400 224 ) (-8 -504 224 ) (-8 -512 224 ) 
4 367 368 (-192 -512 224 ) (-8 -512 224 ) (-8 -512 424 ) (-192 -512 424 ) 
5 368 373 (32 -544 224 ) (32 -640 224 ) (-64 -640 224 ) (-192 -512 224 ) (0 -512 224 ) 
4 369 374 (-320 -384 224 ) (-440 -264 224 ) (-440 -232 224 ) (-320 -232 224 ) 
4 369 372 (-304 -400 224 ) (-320 -384 224 ) (-320 -232 224 ) (-304 -232 224 ) 
4 369 370 (-440 -264 224 ) (-440 -264 416 ) (-440 -232 416 ) (-440 -232 224 ) 
4 370 374 (-440 -264 224 ) (-448 -256 224 ) (-448 -160 224 ) (-440 -160 224 ) 
4 372 374 (-320 -384 192 ) (-320 -384 224 ) (-320 -192 224 ) (-320 -192 192 ) 
4 372 373 (-192 -512 224 ) (-192 -512 192 ) (0 -512 192 ) (0 -512 224 ) 
4 377 382 (64 -1248 704 ) (64 -1248 1024 ) (64 -928 1024 ) (64 -928 704 ) 
4 377 379 (64 -800 640 ) (64 -672 640 ) (64 -672 480 ) (64 -800 480 ) 
4 377 378 (64 -928 704 ) (64 -928 1024 ) (64 -672 1024 ) (64 -672 704 ) 
4 378 382 (-288 -928 1024 ) (-288 -928 704 ) (64 -928 704 ) (64 -928 1024 ) 
4 378 380 (-256 -672 704 ) (32 -672 704 ) (32 -896 704 ) (-256 -896 704 ) 
4 379 380 (32 -672 640 ) (32 -672 480 ) (32 -800 480 ) (32 -800 640 ) 
4 380 381 (-176 -896 480 ) (-48 -896 480 ) (-48 -896 672 ) (-176 -896 672 ) 
4 381 383 (-176 -928 480 ) (-48 -928 480 ) (-48 -928 672 ) (-176 -928 672 ) 
4 382 383 (-256 -928 704 ) (32 -928 704 ) (32 -1216 704 ) (-256 -1216 704 ) 
0 -1
1 -1
2 -1
3 -1
4 5 6 7 8 9 10 11 12 13 14 15 16 17 18 19 20 21 22 23 24 25 26 27 28 29 30 31 32 33 34 35 36 37 38 39 40 41 42 -1
43 44 45 46 47 48 49 -1
50 -1
51 52 53 -1
54 -1
55 -1
56 -1
57 -1
58 -1
59 60 -1
61 62 63 -1
64 -1
65 66 67 -1
68 -1
69 -1
70 71 -1
72 73 74 75 76 77 -1
78 -1
79 -1
80 81 82 83 84 85 86 -1
87 -1
88 -1
89 90 91 92 93 94 95 96 97 98 99 100 101 102 103 104 105 106 -1
107 108 109 110 111 112 113 114 115 116 117 118 119 120 121 122 123 124 125 126 127 128 129 130 131 132 133 134 135 136 137 138 139 140 141 142 143 144 145 146 147 148 149 150 151 152 153 154 -1
155 -1
156 -1
157 158 159 -1
160 161 -1
162 -1
163 164 -1
165 166 167 168 -1
169 -1
170 -1
171 -1
172 -1
173 -1
174 -1
175 -1
176 177 -1
178 179 180 181 182 -1
183 184 185 186 -1
187 -1
188 189 190 191 192 193 194 195 196 -1
197 198 -1
199 -1
200 201 202 203 -1
204 -1
205 206 207 208 209 210 211 212 213 214 215 216 217 218 219 220 221 -1
222 -1
223 -1
224 -1
225 -1
226 -1
227 -1
228 -1
229 -1
230 231 232 233 234 235 236 237 238 239 240 241 242 243 244 245 246 247 248 249 250 251 252 253 254 255 256 257 258 259 260 261 262 263 264 265 266 -1
267 -1
268 -1
269 -1
270 271 272 -1
273 -1
274 275 276 -1
277 -1
278 -1
279 280 281 282 283 284 285 286 287 288 289 290 291 292 293 294 295 296 297 298 299 300 301 302 303 304 305 306 307 308 309 310 311 312 313 314 315 316 317 318 319 320 321 322 323 324 325 326 327 328 329 330 331 332 333 334 335 336 337 338 339 340 341 342 343 344 345 346 347 348 349 350 -1
351 -1
352 353 354 355 356 357 -1
358 359 360 -1
361 362 363 364 -1
365 -1
366 367 -1
368 369 370 371 372 -1
373 374 -1
375 -1
376 -1
377 378 379 380 -1
381 -1
382 383 384 385 386 387 388 389 390 -1
391 392 393 394 -1
395 396 397 398 399 -1
400 401 402 403 404 405 406 407 408 409 410 411 412 413 -1
414 -1
415 416 -1
417 418 419 420 421 422 -1
423 -1
424 425 426 427 428 429 430 431 -1
432 -1
433 -1
434 435 -1
436 437 438 -1
439 -1
440 441 442 443 444 445 446 447 448 449 450 451 452 453 454 455 456 457 458 459 460 461 462 463 464 465 466 467 468 469 -1
470 471 472 473 474 475 476 -1
477 478 479 480 481 482 483 484 485 486 -1
487 488 489 490 491 492 -1
493 -1
494 -1
495 -1
496 -1
497 -1
498 -1
499 -1
500 501 502 503 504 505 506 507 508 509 510 511 512 513 514 515 516 517 518 519 520 521 522 523 524 525 526 527 528 529 530 531 532 533 534 -1
535 536 537 538 539 540 541 542 543 544 545 546 547 548 549 550 551 552 553 554 555 556 557 558 559 560 561 562 563 564 565 566 567 568 569 570 571 572 573 574 575 576 577 578 579 580 581 582 583 584 585 586 587 588 589 590 591 592 593 594 595 596 -1
597 -1
598 599 600 601 602 -1
603 604 605 606 607 608 609 610 611 612 613 614 615 616 617 618 619 620 621 622 623 624 625 626 627 628 629 630 631 632 633 634 635 636 -1
637 -1
638 -1
639 -1
640 641 642 643 644 645 646 647 648 649 650 651 652 653 654 655 656 657 658 659 -1
660 661 662 663 -1
664 -1
665 -1
666 667 668 669 -1
670 -1
671 672 673 674 675 676 677 678 -1
679 680 -1
681 682 -1
683 684 685 686 687 688 689 690 691 692 693 694 695 696 697 698 699 700 701 702 703 704 705 706 707 708 709 -1
710 711 712 713 -1
714 -1
715 -1
716 -1
717 -1
718 -1
719 -1
720 -1
721 -1
722 -1
723 -1
724 -1
725 -1
726 -1
727 -1
728 -1
729 730 731 732 -1
733 734 735 -1
736 737 -1
738 -1
739 -1
740 -1
741 742 743 744 745 746 747 748 749 -1
750 -1
751 752 753 754 755 -1
756 -1
757 -1
758 -1
759 -1
760 -1
761 -1
762 -1
763 764 765 766 767 768 769 770 771 772 773 774 775 776 -1
777 -1
778 779 780 -1
781 -1
782 -1
783 -1
784 -1
785 -1
786 -1
787 -1
788 -1
789 -1
790 -1
791 -1
792 -1
793 -1
794 795 796 797 798 799 -1
800 801 -1
802 -1
803 -1
804 805 806 807 -1
808 809 810 811 -1
812 813 814 815 816 817 818 819 820 821 822 823 824 825 826 827 828 829 830 831 832 833 834 835 836 837 838 839 840 841 842 843 844 845 846 847 848 849 850 851 -1
852 -1
853 854 855 856 857 858 859 860 861 -1
862 863 864 865 866 867 868 869 -1
870 871 872 873 874 875 -1
876 877 878 879 880 881 882 883 884 885 886 887 888 889 890 891 892 893 -1
894 895 896 897 -1
898 899 900 901 902 903 904 905 906 907 908 909 910 911 912 913 914 -1
915 916 917 918 919 920 921 922 923 924 925 926 927 928 929 930 931 932 -1
933 934 935 936 937 938 939 940 941 942 943 944 945 946 947 948 949 -1
950 -1
951 952 953 954 955 956 957 958 959 960 961 -1
962 -1
963 -1
964 965 966 967 968 969 970 971 972 973 -1
974 -1
975 -1
976 -1
977 -1
978 979 980 981 982 983 984 985 986 987 988 989 990 991 992 993 994 995 996 997 998 999 1000 1001 1002 1003 1004 1005 1006 1007 1008 1009 1010 1011 1012 1013 1014 1015 1016 1017 1018 1019 1020 1021 1022 1023 1024 1025 1026 1027 1028 1029 1030 1031 1032 1033 1034 1035 1036 1037 1038 1039 1040 1041 1042 1043 1044 1045 1046 1047 1048 1049 1050 1051 1052 1053 1054 1055 1056 1057 1058 1059 1060 1061 1062 1063 1064 1065 1066 1067 1068 1069 1070 1071 1072 1073 1074 1075 1076 1077 1078 1079 1080 1081 1082 1083 1084 1085 1086 1087 1088 1089 1090 1091 1092 1093 1094 1095 1096 1097 1098 1099 -1
1100 -1
1101 -1
1102 -1
1103 -1
1104 -1
1105 -1
1106 -1
1107 1108 1109 1110 1111 1112 1113 1114 1115 1116 1117 1118 1119 1120 1121 1122 1123 1124 1125 1126 1127 1128 1129 1130 1131 1132 1133 1134 1135 1136 1137 1138 1139 1140 1141 1142 1143 1144 1145 1146 1147 1148 1149 1150 1151 1152 1153 1154 1155 1156 1157 1158 1159 1160 1161 1162 1163 1164 1165 1166 1167 1168 1169 1170 1171 1172 1173 1174 -1
1175 1176 1177 1178 1179 1180 1181 1182 1183 1184 -1
1185 1186 1187 1188 1189 1190 1191 1192 1193 1194 -1
1195 -1
1196 1197 1198 1199 1200 -1
1201 1202 1203 1204 1205 1206 1207 1208 1209 1210 1211 1212 1213 1214 1215 -1
1216 -1
1217 -1
1218 -1
1219 -1
1220 -1
1221 -1
1222 -1
1223 -1
1224 -1
1225 -1
1226 -1
1227 1228 1229 1230 -1
1231 1232 1233 1234 1235 1236 1237 1238 1239 -1
1240 1241 1242 1243 1244 1245 1246 1247 1248 1249 1250 1251 1252 1253 1254 1255 -1
1256 -1
1257 1258 -1
1259 1260 1261 -1
1262 1263 1264 1265 1266 1267 1268 1269 1270 1271 1272 1273 1274 1275 1276 1277 1278 1279 1280 1281 1282 -1
1283 1284 1285 -1
1286 -1
1287 -1
1288 -1
1289 1290 1291 1292 1293 1294 1295 1296 1297 1298 1299 1300 1301 1302 1303 1304 1305 1306 1307 1308 1309 1310 1311 1312 1313 1314 1315 1316 1317 1318 1319 1320 1321 1322 1323 1324 1325 1326 1327 1328 1329 1330 1331 1332 1333 1334 1335 1336 -1
1337 1338 1339 1340 1341 1342 1343 1344 1345 1346 1347 -1
1348 1349 1350 1351 1352 1353 1354 1355 1356 1357 1358 1359 1360 1361 1362 1363 1364 1365 1366 1367 1368 1369 1370 1371 1372 1373 1374 1375 1376 1377 1378 1379 1380 1381 1382 1383 1384 1385 1386 1387 1388 1389 1390 1391 1392 1393 1394 -1
1395 -1
1396 -1
1397 -1
1398 -1
1399 1400 1401 1402 1403 -1
1404 -1
1405 1406 1407 -1
1408 1409 1410 -1
1411 -1
1412 -1
1413 -1
1414 1415 1416 1417 -1
1418 1419 1420 -1
1421 -1
1422 1423 1424 -1
1425 -1
1426 1427 1428 1429 -1
1430 -1
1431 1432 1433 1434 1435 1436 1437 1438 1439 1440 1441 1442 1443 1444 1445 1446 1447 -1
1448 1449 1450 1451 1452 1453 1454 -1
1455 -1
1456 -1
1457 -1
1458 -1
1459 -1
1460 -1
1461 1462 1463 1464 1465 1466 1467 -1
1468 -1
1469 -1
1470 1471 -1
1472 -1
1473 -1
1474 -1
1475 -1
1476 1477 1478 -1
1479 1480 1481 1482 1483 1484 1485 1486 1487 1488 1489 1490 1491 1492 1493 1494 1495 1496 1497 1498 1499 1500 1501 1502 1503 1504 1505 -1
1506 1507 -1
1508 -1
1509 1510 -1
1511 1512 1513 1514 1515 1516 1517 1518 1519 1520 1521 1522 -1
1523 -1
1524 1525 1526 1527 1528 1529 1530 1531 1532 1533 1534 1535 1536 1537 1538 1539 1540 1541 1542 1543 1544 1545 1546 1547 1548 1549 1550 1551 1552 1553 1554 1555 1556 1557 1558 1559 1560 1561 1562 1563 1564 1565 1566 1567 1568 1569 1570 1571 1572 1573 1574 1575 1576 1577 1578 1579 1580 1581 1582 1583 1584 1585 1586 1587 1588 1589 1590 1591 1592 1593 1594 1595 1596 1597 1598 1599 1600 1601 1602 1603 1604 1605 1606 1607 1608 1609 1610 1611 1612 1613 1614 1615 1616 1617 1618 1619 1620 1621 1622 1623 1624 1625 1626 1627 1628 1629 1630 1631 1632 1633 1634 1635 1636 1637 1638 1639 1640 1641 1642 1643 1644 1645 1646 1647 -1
1648 -1
1649 -1
1650 -1
1651 -1
1652 -1
1653 -1
1654 -1
1655 -1
1656 -1
1657 1658 1659 1660 1661 1662 1663 1664 1665 1666 1667 1668 -1
1669 1670 1671 1672 1673 1674 1675 1676 1677 1678 1679 1680 -1
1681 1682 1683 1684 1685 1686 1687 1688 1689 1690 1691 1692 1693 1694 1695 1696 1697 -1
1698 1699 -1
1700 1701 1702 -1
1703 1704 1705 1706 1707 1708 -1
1709 -1
1710 1711 1712 1713 -1
1714 -1
1715 1716 1717 -1
1718 -1
1719 -1
1720 -1
1721 -1
1722 1723 1724 1725 1726 1727 1728 1729 1730 -1
1731 1732 1733 1734 -1
1735 -1
1736 -1
1737 1738 1739 1740 1741 -1
1742 1743 1744 1745 -1
1746 1747 1748 1749 1750 1751 1752 1753 1754 1755 1756 1757 1758 1759 1760 1761 1762 1763 1764 1765 -1
1766 1767 1768 -1
1769 -1
1770 1771 -1
1772 -1
1773 -1
1774 -1
1775 1776 -1
1777 -1
1778 -1
1779 -1
1780 1781 -1
1782 -1
1783 -1
1784 -1
1785 -1
1786 -1
1787 -1
1788 -1
1789 -1
1790 1791 1792 1793 1794 1795 1796 1797 1798 1799 1800 1801 1802 1803 1804 1805 -1
1806 1807 -1
1808 1809 1810 1811 1812 1813 1814 1815 1816 1817 1818 1819 1820 1821 1822 1823 1824 1825 1826 1827 1828 1829 1830 1831 1832 1833 1834 1835 1836 1837 1838 1839 1840 1841 1842 1843 1844 -1
1845 -1
1846 1847 1848 1849 1850 1851 1852 1853 1854 1855 1856 -1
1857 1858 1859 1860 1861 1862 1863 1864 1865 1866 1867 1868 1869 1870 -1
1871 -1
1872 -1
1873 -1
1874 1875 1876 1877 1878 1879 1880 1881 1882 1883 1884 1885 1886 1887 1888 1889 1890 1891 1892 1893 1894 1895 1896 1897 1898 1899 1900 1901 1902 1903 1904 1905 1906 1907 1908 1909 1910 1911 1912 1913 1914 1915 1916 1917 1918 1919 1920 1921 1922 1923 1924 1925 1926 1927 1928 1929 1930 1931 1932 1933 1934 1935 1936 1937 1938 1939 1940 1941 1942 1943 1944 1945 1946 1947 1948 1949 1950 1951 1952 1953 1954 1955 -1
1956 1957 1958 1959 1960 1961 1962 1963 -1
1964 -1
1965 -1
1966 1967 1968 1969 1970 1971 1972 1973 1974 1975 1976 1977 1978 1979 1980 1981 1982 1983 1984 1985 1986 1987 1988 1989 1990 1991 1992 1993 1994 1995 1996 1997 1998 1999 2000 2001 2002 2003 2004 2005 2006 2007 2008 2009 2010 2011 2012 2013 2014 2015 2016 2017 2018 2019 2020 2021 -1
2022 -1
2023 -1
2024 -1
2025 -1
2026 2027 2028 2029 2030 2031 2032 2033 2034 2035 2036 2037 2038 2039 -1
2040 2041 -1
2042 -1
2043 -1
2044 -1
2045 2046 2047 -1
2048 2049 2050 -1
2051 2052 2053 2054 2055 2056 -1
2057 2058 2059 2060 2061 -1
2062 -1
2063 -1
2064 -1
2065 -1
2066 2067 -1
2068 2069 -1
2070 2071 2072 -1
2073 2074 -1
2075 -1
2076 2077 -1
2078 -1
2079 -1
2080 2081 -1
2082 2083 2084 -1
2085 2086 -1
2087 -1
2088 -1
2089 -1
2090 2091 2092 2093 2094 2095 2096 2097 2098 -1
2099 2100 2101 2102 2103 2104 2105 2106 2107 -1
2108 -1
2109 -1
2110 2111 2112 2113 2114 2115 2116 2117 2118 2119 2120 2121 2122 2123 2124 2125 2126 2127 2128 2129 2130 2131 2132 2133 2134 2135 2136 2137 2138 2139 2140 2141 2142 2143 2144 2145 2146 2147 2148 2149 2150 2151 2152 2153 2154 2155 2156 2157 2158 2159 2160 2161 2162 2163 2164 2165 2166 2167 2168 2169 2170 2171 2172 2173 2174 2175 2176 2177 2178 2179 2180 2181 2182 2183 2184 2185 2186 2187 -1
2188 2189 2190 2191 2192 2193 2194 2195 2196 2197 2198 2199 2200 2201 2202 2203 2204 -1
2205 -1
2206 2207 2208 2209 2210 2211 2212 2213 2214 2215 2216 2217 2218 2219 2220 2221 2222 2223 2224 2225 2226 2227 2228 2229 -1
2230 2231 -1
2232 2233 2234 2235 2236 2237 2238 2239 2240 2241 -1
2242 -1
2243 -1
2244 -1
