PRT2
4501
370
783
4 0 59 (1824 2064 352 ) (1824 1936 352 ) (1184 1936 352 ) (1184 2064 352 ) 
4 0 3 (1184 1936 352 ) (1824 1936 352 ) (1824 1936 624 ) (1184 1936 624 ) 
4 1 100 (1120 1936 352 ) (1072 1936 352 ) (1072 1952 352 ) (1120 1952 352 ) 
4 1 96 (1072 1952 352 ) (1072 2688 352 ) (1120 2688 352 ) (1120 1952 352 ) 
4 1 60 (1152 1936 352 ) (1120 1936 352 ) (1120 2688 352 ) (1152 2688 352 ) 
4 1 9 (1072 2688 352 ) (1072 1936 352 ) (1072 1936 1280 ) (1072 2688 1280 ) 
4 1 6 (1072 1936 352 ) (1152 1936 352 ) (1152 1936 1280 ) (1072 1936 1280 ) 
4 2 77 (1888 1744 352 ) (1824 1744 352 ) (1824 1872 352 ) (1888 1872 352 ) 
4 2 3 (1824 1872 352 ) (1824 1744 352 ) (1824 1744 384 ) (1824 1872 384 ) 
4 3 78 (1824 1680 352 ) (1568 1680 352 ) (1568 1872 352 ) (1824 1872 352 ) 
4 3 80 (1568 1680 352 ) (1184 1680 352 ) (1184 1872 352 ) (1568 1872 352 ) 
4 3 59 (1184 1872 352 ) (1184 1936 352 ) (1824 1936 352 ) (1824 1872 352 ) 
4 3 5 (1184 1680 352 ) (1568 1680 352 ) (1568 1680 624 ) (1184 1680 624 ) 
4 4 79 (1632 1344 352 ) (1568 1344 352 ) (1568 1536 352 ) (1632 1536 352 ) 
4 4 5 (1568 1536 352 ) (1568 1344 352 ) (1568 1344 384 ) (1568 1536 384 ) 
4 5 164 (1216 1216 400 ) (1536 1216 400 ) (1536 1216 544 ) (1216 1216 544 ) 
4 5 83 (1568 1216 352 ) (1184 1216 352 ) (1184 1344 352 ) (1568 1344 352 ) 
4 5 80 (1184 1344 352 ) (1184 1680 352 ) (1568 1680 352 ) (1568 1344 352 ) 
4 5 8 (1184 1664 352 ) (1184 1216 352 ) (1184 1216 512 ) (1184 1664 512 ) 
4 6 100 (1072 1696 352 ) (1072 1936 352 ) (1120 1936 352 ) (1120 1696 352 ) 
4 6 81 (1152 1872 352 ) (1152 1696 352 ) (1120 1696 352 ) (1120 1872 352 ) 
4 6 60 (1120 1936 352 ) (1152 1936 352 ) (1152 1872 352 ) (1120 1872 352 ) 
4 6 9 (1072 1936 352 ) (1072 1696 352 ) (1072 1696 1280 ) (1072 1936 1280 ) 
4 6 7 (1072 1696 624 ) (1072 1696 528 ) (1088 1696 528 ) (1088 1696 624 ) 
4 7 25 (1072 1216 528 ) (1072 1216 624 ) (1072 1248 624 ) (1072 1248 528 ) 
4 7 24 (1072 1248 624 ) (1072 1440 624 ) (1072 1440 528 ) (1072 1248 528 ) 
4 7 16 (1072 1440 624 ) (1072 1472 624 ) (1072 1472 528 ) (1072 1440 528 ) 
4 7 15 (1072 1472 624 ) (1072 1664 624 ) (1072 1664 528 ) (1072 1472 528 ) 
4 7 10 (1072 1664 624 ) (1072 1696 624 ) (1072 1696 528 ) (1072 1664 528 ) 
4 8 101 (1120 1216 352 ) (1072 1216 352 ) (1072 1664 352 ) (1120 1664 352 ) 
4 8 83 (1184 1216 352 ) (1120 1216 352 ) (1120 1344 352 ) (1184 1344 352 ) 
4 8 82 (1120 1344 352 ) (1120 1664 352 ) (1184 1664 352 ) (1184 1344 352 ) 
4 8 51 (1072 1664 352 ) (1072 1216 352 ) (1072 1216 512 ) (1072 1664 512 ) 
4 9 240 (176 2176 352 ) (176 1696 352 ) (176 1696 1280 ) (176 2176 1280 ) 
4 9 238 (176 2688 1280 ) (176 2688 352 ) (176 2176 352 ) (176 2176 1280 ) 
4 9 117 (176 1696 352 ) (176 1952 352 ) (320 1952 352 ) (320 1696 352 ) 
4 9 116 (320 1952 352 ) (784 1952 352 ) (784 1696 352 ) (320 1696 352 ) 
4 9 115 (784 1952 352 ) (832 1952 352 ) (832 1696 352 ) (784 1696 352 ) 
4 9 112 (832 1952 352 ) (880 1952 352 ) (880 1696 352 ) (832 1696 352 ) 
4 9 106 (880 1952 352 ) (960 1952 352 ) (960 1696 352 ) (880 1696 352 ) 
4 9 100 (960 1952 352 ) (1072 1952 352 ) (1072 1696 352 ) (960 1696 352 ) 
4 9 96 (176 1952 352 ) (176 2688 352 ) (1072 2688 352 ) (1072 1952 352 ) 
4 9 54 (320 1696 352 ) (832 1696 352 ) (832 1696 512 ) (320 1696 512 ) 
4 9 50 (976 1696 352 ) (1072 1696 352 ) (1072 1696 480 ) (976 1696 480 ) 
4 9 12 (176 1696 624 ) (176 1696 528 ) (256 1696 528 ) (256 1696 624 ) 
4 9 11 (320 1696 512 ) (832 1696 512 ) (832 1696 704 ) (320 1696 704 ) 
4 9 10 (1072 1696 528 ) (1072 1696 624 ) (896 1696 624 ) (896 1696 528 ) 
4 10 15 (1072 1664 528 ) (1072 1664 624 ) (896 1664 624 ) (896 1664 528 ) 
4 11 54 (320 1696 512 ) (832 1696 512 ) (832 1664 512 ) (320 1664 512 ) 
4 11 49 (320 1664 528 ) (320 1664 512 ) (832 1664 512 ) (832 1664 528 ) 
4 11 35 (320 1664 704 ) (320 1664 624 ) (432 1664 624 ) (432 1664 704 ) 
4 11 36 (320 1664 624 ) (320 1664 528 ) (432 1664 528 ) (432 1664 624 ) 
4 11 32 (432 1664 528 ) (592 1664 528 ) (592 1664 704 ) (432 1664 704 ) 
4 11 20 (592 1664 528 ) (720 1664 528 ) (720 1664 704 ) (592 1664 704 ) 
4 11 14 (832 1664 624 ) (832 1664 704 ) (720 1664 704 ) (720 1664 624 ) 
4 11 15 (720 1664 528 ) (832 1664 528 ) (832 1664 624 ) (720 1664 624 ) 
4 12 241 (176 1696 624 ) (176 1696 528 ) (176 1664 528 ) (176 1664 624 ) 
4 12 36 (176 1664 624 ) (176 1664 528 ) (256 1664 528 ) (256 1664 624 ) 
4 13 17 (800 1472 776 ) (720 1472 776 ) (720 1472 768 ) (800 1472 768 ) 
4 13 14 (720 1472 768 ) (720 1664 768 ) (800 1664 768 ) (800 1472 768 ) 
4 14 20 (720 1664 768 ) (720 1664 624 ) (720 1472 624 ) (720 1472 768 ) 
4 14 18 (720 1472 704 ) (720 1472 624 ) (832 1472 624 ) (832 1472 704 ) 
4 14 15 (832 1472 624 ) (720 1472 624 ) (720 1664 624 ) (832 1664 624 ) 
4 15 49 (720 1664 528 ) (832 1664 528 ) (832 1472 528 ) (720 1472 528 ) 
4 15 20 (720 1664 624 ) (720 1664 528 ) (720 1472 528 ) (720 1472 624 ) 
4 15 18 (720 1472 528 ) (832 1472 528 ) (832 1472 624 ) (720 1472 624 ) 
4 15 16 (896 1472 528 ) (1072 1472 528 ) (1072 1472 624 ) (896 1472 624 ) 
4 16 24 (896 1440 528 ) (1072 1440 528 ) (1072 1440 624 ) (896 1440 624 ) 
4 17 22 (800 1440 776 ) (720 1440 776 ) (720 1440 768 ) (800 1440 768 ) 
4 18 49 (832 1440 528 ) (720 1440 528 ) (720 1472 528 ) (832 1472 528 ) 
4 18 23 (832 1440 624 ) (832 1440 704 ) (720 1440 704 ) (720 1440 624 ) 
4 18 24 (720 1440 528 ) (832 1440 528 ) (832 1440 624 ) (720 1440 624 ) 
4 18 21 (720 1472 704 ) (720 1472 528 ) (720 1440 528 ) (720 1440 704 ) 
4 19 28 (688 1440 776 ) (592 1440 776 ) (592 1440 768 ) (688 1440 768 ) 
4 19 20 (592 1664 768 ) (688 1664 768 ) (688 1472 768 ) (592 1472 768 ) 
4 20 49 (592 1664 528 ) (720 1664 528 ) (720 1472 528 ) (592 1472 528 ) 
4 20 32 (592 1664 768 ) (592 1664 528 ) (592 1472 528 ) (592 1472 768 ) 
4 20 21 (592 1472 704 ) (592 1472 528 ) (720 1472 528 ) (720 1472 704 ) 
4 21 49 (720 1472 528 ) (720 1440 528 ) (592 1440 528 ) (592 1472 528 ) 
4 21 33 (592 1472 528 ) (592 1440 528 ) (592 1440 704 ) (592 1472 704 ) 
4 21 30 (592 1440 528 ) (720 1440 528 ) (720 1440 704 ) (592 1440 704 ) 
4 22 26 (800 1248 776 ) (720 1248 776 ) (720 1248 768 ) (800 1248 768 ) 
4 22 23 (720 1248 768 ) (720 1440 768 ) (800 1440 768 ) (800 1248 768 ) 
4 23 29 (720 1440 768 ) (720 1440 704 ) (720 1248 704 ) (720 1248 768 ) 
4 23 30 (720 1440 704 ) (720 1440 624 ) (720 1248 624 ) (720 1248 704 ) 
4 23 27 (720 1248 704 ) (720 1248 624 ) (832 1248 624 ) (832 1248 704 ) 
4 23 24 (832 1248 624 ) (720 1248 624 ) (720 1440 624 ) (832 1440 624 ) 
4 24 49 (832 1248 528 ) (720 1248 528 ) (720 1440 528 ) (832 1440 528 ) 
4 24 30 (720 1440 624 ) (720 1440 528 ) (720 1248 528 ) (720 1248 624 ) 
4 24 27 (720 1248 528 ) (832 1248 528 ) (832 1248 624 ) (720 1248 624 ) 
4 24 25 (896 1248 528 ) (1072 1248 528 ) (1072 1248 624 ) (896 1248 624 ) 
4 27 49 (832 1216 528 ) (720 1216 528 ) (720 1248 528 ) (832 1248 528 ) 
4 27 30 (720 1248 528 ) (720 1216 528 ) (720 1216 704 ) (720 1248 704 ) 
4 28 29 (592 1248 768 ) (592 1440 768 ) (688 1440 768 ) (688 1248 768 ) 
4 29 41 (592 1248 768 ) (592 1440 768 ) (592 1440 704 ) (592 1248 704 ) 
4 29 30 (720 1440 704 ) (720 1248 704 ) (592 1248 704 ) (592 1440 704 ) 
4 30 49 (720 1216 528 ) (592 1216 528 ) (592 1440 528 ) (720 1440 528 ) 
4 30 42 (592 1216 528 ) (592 1216 704 ) (592 1440 704 ) (592 1440 528 ) 
4 31 40 (560 1440 776 ) (464 1440 776 ) (464 1440 768 ) (560 1440 768 ) 
4 31 32 (464 1472 768 ) (464 1664 768 ) (560 1664 768 ) (560 1472 768 ) 
4 32 49 (432 1664 528 ) (592 1664 528 ) (592 1472 528 ) (432 1472 528 ) 
4 32 35 (432 1664 768 ) (432 1664 624 ) (432 1472 624 ) (432 1472 768 ) 
4 32 36 (432 1664 624 ) (432 1664 528 ) (432 1472 528 ) (432 1472 624 ) 
4 32 33 (432 1472 704 ) (432 1472 528 ) (592 1472 528 ) (592 1472 704 ) 
4 33 49 (592 1472 528 ) (592 1440 528 ) (432 1440 528 ) (432 1472 528 ) 
4 33 42 (432 1440 528 ) (592 1440 528 ) (592 1440 704 ) (432 1440 704 ) 
4 33 38 (432 1472 528 ) (432 1440 528 ) (432 1440 704 ) (432 1472 704 ) 
4 34 37 (352 1472 768 ) (432 1472 768 ) (432 1472 776 ) (352 1472 776 ) 
4 34 35 (352 1664 768 ) (432 1664 768 ) (432 1472 768 ) (352 1472 768 ) 
4 35 38 (320 1472 624 ) (432 1472 624 ) (432 1472 704 ) (320 1472 704 ) 
4 35 36 (432 1472 624 ) (320 1472 624 ) (320 1664 624 ) (432 1664 624 ) 
4 36 243 (176 1664 624 ) (176 1664 528 ) (176 1472 528 ) (176 1472 624 ) 
4 36 49 (320 1664 528 ) (432 1664 528 ) (432 1472 528 ) (320 1472 528 ) 
4 36 39 (176 1472 624 ) (176 1472 528 ) (256 1472 528 ) (256 1472 624 ) 
4 36 38 (320 1472 528 ) (432 1472 528 ) (432 1472 624 ) (320 1472 624 ) 
4 37 43 (432 1440 768 ) (432 1440 776 ) (352 1440 776 ) (352 1440 768 ) 
4 38 49 (320 1472 528 ) (432 1472 528 ) (432 1440 528 ) (320 1440 528 ) 
4 38 44 (432 1440 624 ) (432 1440 704 ) (320 1440 704 ) (320 1440 624 ) 
4 38 45 (320 1440 528 ) (432 1440 528 ) (432 1440 624 ) (320 1440 624 ) 
4 39 243 (176 1472 624 ) (176 1472 528 ) (176 1440 528 ) (176 1440 624 ) 
4 39 45 (176 1440 624 ) (176 1440 528 ) (256 1440 528 ) (256 1440 624 ) 
4 40 41 (464 1248 768 ) (464 1440 768 ) (560 1440 768 ) (560 1248 768 ) 
4 41 44 (432 1440 768 ) (432 1440 704 ) (432 1248 704 ) (432 1248 768 ) 
4 41 42 (432 1440 704 ) (592 1440 704 ) (592 1248 704 ) (432 1248 704 ) 
4 42 49 (432 1440 528 ) (592 1440 528 ) (592 1216 528 ) (432 1216 528 ) 
4 42 47 (432 1248 528 ) (432 1216 528 ) (432 1216 704 ) (432 1248 704 ) 
4 42 44 (432 1440 704 ) (432 1440 624 ) (432 1248 624 ) (432 1248 704 ) 
4 42 45 (432 1440 624 ) (432 1440 528 ) (432 1248 528 ) (432 1248 624 ) 
4 43 46 (352 1248 768 ) (432 1248 768 ) (432 1248 776 ) (352 1248 776 ) 
4 43 44 (352 1440 768 ) (432 1440 768 ) (432 1248 768 ) (352 1248 768 ) 
4 44 47 (320 1248 624 ) (432 1248 624 ) (432 1248 704 ) (320 1248 704 ) 
4 44 45 (432 1248 624 ) (320 1248 624 ) (320 1440 624 ) (432 1440 624 ) 
4 45 287 (176 1280 528 ) (176 1248 528 ) (176 1248 624 ) (176 1280 624 ) 
4 45 243 (176 1440 624 ) (176 1440 528 ) (176 1280 528 ) (176 1280 624 ) 
4 45 49 (320 1440 528 ) (432 1440 528 ) (432 1248 528 ) (320 1248 528 ) 
4 45 48 (176 1248 624 ) (176 1248 528 ) (256 1248 528 ) (256 1248 624 ) 
4 45 47 (320 1248 528 ) (432 1248 528 ) (432 1248 624 ) (320 1248 624 ) 
4 47 49 (320 1248 528 ) (432 1248 528 ) (432 1216 528 ) (320 1216 528 ) 
4 48 287 (176 1216 528 ) (176 1216 624 ) (176 1248 624 ) (176 1248 528 ) 
4 49 54 (320 1664 512 ) (832 1664 512 ) (832 1216 512 ) (320 1216 512 ) 
4 50 51 (976 1664 352 ) (1072 1664 352 ) (1072 1664 480 ) (976 1664 480 ) 
4 51 101 (1072 1664 352 ) (1072 1216 352 ) (960 1216 352 ) (960 1664 352 ) 
4 52 113 (832 1472 352 ) (832 1664 352 ) (880 1664 352 ) (880 1472 352 ) 
4 52 54 (832 1664 448 ) (832 1664 352 ) (832 1472 352 ) (832 1472 448 ) 
4 53 114 (832 1248 352 ) (832 1440 352 ) (880 1440 352 ) (880 1248 352 ) 
4 53 54 (832 1440 448 ) (832 1440 352 ) (832 1248 352 ) (832 1248 448 ) 
4 54 141 (512 1216 352 ) (320 1216 352 ) (320 1440 352 ) (512 1440 352 ) 
4 54 140 (320 1440 352 ) (320 1472 352 ) (512 1472 352 ) (512 1440 352 ) 
4 54 139 (320 1472 352 ) (320 1504 352 ) (512 1504 352 ) (512 1472 352 ) 
4 54 136 (832 1504 352 ) (832 1216 352 ) (512 1216 352 ) (512 1504 352 ) 
4 54 116 (320 1696 352 ) (784 1696 352 ) (784 1504 352 ) (320 1504 352 ) 
4 54 115 (784 1696 352 ) (832 1696 352 ) (832 1504 352 ) (784 1504 352 ) 
4 54 57 (320 1440 352 ) (320 1248 352 ) (320 1248 448 ) (320 1440 448 ) 
4 54 55 (320 1664 352 ) (320 1472 352 ) (320 1472 448 ) (320 1664 448 ) 
4 55 139 (320 1504 352 ) (320 1472 352 ) (272 1472 352 ) (272 1504 352 ) 
4 55 118 (272 1664 352 ) (320 1664 352 ) (320 1504 352 ) (272 1504 352 ) 
4 56 244 (176 1472 512 ) (176 1664 512 ) (176 1664 352 ) (176 1472 352 ) 
4 56 58 (224 1472 512 ) (176 1472 512 ) (176 1472 352 ) (224 1472 352 ) 
4 57 142 (320 1440 352 ) (320 1248 352 ) (272 1248 352 ) (272 1440 352 ) 
4 58 289 (176 1216 352 ) (176 1216 512 ) (176 1280 512 ) (176 1280 352 ) 
4 58 244 (176 1280 512 ) (176 1472 512 ) (176 1472 352 ) (176 1280 352 ) 
4 58 205 (176 1216 512 ) (176 1216 352 ) (224 1216 352 ) (224 1216 512 ) 
4 59 78 (1824 1872 352 ) (1568 1872 352 ) (1568 1872 224 ) (1824 1872 224 ) 
4 59 80 (1568 1872 352 ) (1184 1872 352 ) (1184 1872 64 ) (1568 1872 64 ) 
4 60 100 (1120 1872 352 ) (1120 1952 352 ) (1120 1952 160 ) (1120 1872 160 ) 
4 60 96 (1120 1952 352 ) (1120 2688 352 ) (1120 2688 160 ) (1120 1952 160 ) 
4 60 81 (1152 1872 352 ) (1120 1872 352 ) (1120 1872 160 ) (1152 1872 160 ) 
4 61 84 (1504 1872 -256 ) (1440 1872 -256 ) (1440 1872 -384 ) (1504 1872 -384 ) 
4 61 62 (1440 1872 -384 ) (1440 1872 -256 ) (1440 2144 -256 ) (1440 2144 -384 ) 
4 62 84 (1440 1872 -256 ) (1152 1872 -256 ) (1152 1872 -384 ) (1440 1872 -384 ) 
5 62 63 (1424 1872 -384 ) (1152 1872 -384 ) (1152 2144 -384 ) (1440 2144 -384 ) (1440 1888 -384 ) 
4 63 85 (1152 1872 -384 ) (1152 1872 -408 ) (1424 1872 -408 ) (1424 1872 -384 ) 
5 63 76 (1424 1872 -408 ) (1152 1872 -408 ) (1152 2136 -408 ) (1440 2136 -408 ) (1440 1888 -408 ) 
4 63 75 (1152 2136 -408 ) (1152 2144 -408 ) (1232 2144 -408 ) (1232 2136 -408 ) 
4 63 74 (1232 2144 -408 ) (1288 2144 -408 ) (1288 2136 -408 ) (1232 2136 -408 ) 
4 63 64 (1288 2144 -408 ) (1440 2144 -408 ) (1440 2136 -408 ) (1288 2136 -408 ) 
4 64 76 (1440 2136 -408 ) (1288 2136 -408 ) (1264 2136 -432 ) (1440 2136 -432 ) 
4 64 74 (1264 2136 -432 ) (1288 2136 -408 ) (1288 2144 -408 ) (1264 2144 -432 ) 
4 64 69 (1360 2136 -432 ) (1328 2136 -432 ) (1328 2144 -432 ) (1360 2144 -432 ) 
4 64 68 (1440 2144 -432 ) (1440 2136 -432 ) (1360 2136 -432 ) (1360 2144 -432 ) 
8 65 66 (1408 2520 -524 ) (1352 2520 -468 ) (1324 2548 -440 ) (1324 2604 -440 ) (1352 2632 -468 ) (1408 2632 -524 ) (1436 2604 -552 ) (1436 2548 -552 ) 
6 66 71 (1324 2520 -440 ) (1268 2520 -440 ) (1240 2520 -468 ) (1240 2520 -524 ) (1352 2520 -524 ) (1352 2520 -468 ) 
4 66 67 (1240 2520 -524 ) (1268 2548 -552 ) (1324 2548 -552 ) (1352 2520 -524 ) 
4 67 71 (1352 2520 -524 ) (1240 2520 -524 ) (1268 2520 -552 ) (1324 2520 -552 ) 
4 68 76 (1440 2136 -432 ) (1360 2136 -432 ) (1360 2136 -560 ) (1440 2136 -560 ) 
4 68 72 (1440 2136 -560 ) (1360 2136 -560 ) (1360 2144 -560 ) (1440 2144 -560 ) 
4 68 70 (1360 2144 -560 ) (1360 2136 -560 ) (1360 2136 -528 ) (1360 2144 -528 ) 
4 68 69 (1360 2136 -464 ) (1360 2136 -432 ) (1360 2144 -432 ) (1360 2144 -464 ) 
3 69 76 (1360 2136 -432 ) (1328 2136 -432 ) (1360 2136 -464 ) 
3 70 76 (1328 2136 -560 ) (1360 2136 -560 ) (1360 2136 -528 ) 
4 70 72 (1360 2136 -560 ) (1328 2136 -560 ) (1328 2144 -560 ) (1360 2144 -560 ) 
8 71 76 (1268 2136 -440 ) (1240 2136 -468 ) (1240 2136 -524 ) (1268 2136 -552 ) (1324 2136 -552 ) (1352 2136 -524 ) (1352 2136 -468 ) (1324 2136 -440 ) 
4 72 76 (1280 2136 -576 ) (1440 2136 -576 ) (1440 2136 -560 ) (1264 2136 -560 ) 
4 72 73 (1280 2144 -576 ) (1280 2136 -576 ) (1264 2136 -560 ) (1264 2144 -560 ) 
3 73 76 (1232 2136 -576 ) (1280 2136 -576 ) (1232 2136 -528 ) 
4 73 75 (1232 2144 -576 ) (1232 2136 -576 ) (1232 2136 -528 ) (1232 2144 -528 ) 
3 74 76 (1288 2136 -408 ) (1232 2136 -408 ) (1232 2136 -464 ) 
4 74 75 (1232 2136 -464 ) (1232 2136 -408 ) (1232 2144 -408 ) (1232 2144 -464 ) 
4 75 76 (1152 2136 -576 ) (1232 2136 -576 ) (1232 2136 -408 ) (1152 2136 -408 ) 
4 76 91 (1424 1872 -408 ) (1152 1872 -408 ) (1152 1872 -576 ) (1424 1872 -576 ) 
4 77 78 (1824 1744 352 ) (1824 1872 352 ) (1824 1872 272 ) (1824 1744 272 ) 
4 78 80 (1568 1872 352 ) (1568 1872 224 ) (1568 1680 224 ) (1568 1680 352 ) 
4 79 80 (1568 1344 272 ) (1568 1344 352 ) (1568 1536 352 ) (1568 1536 272 ) 
4 80 88 (1376 1600 64 ) (1376 1664 64 ) (1440 1664 64 ) (1440 1600 64 ) 
4 80 83 (1184 1344 64 ) (1568 1344 64 ) (1568 1344 352 ) (1184 1344 352 ) 
4 80 82 (1184 1344 352 ) (1184 1664 352 ) (1184 1664 64 ) (1184 1344 64 ) 
4 81 100 (1120 1696 352 ) (1120 1872 352 ) (1120 1872 160 ) (1120 1696 160 ) 
4 82 101 (1120 1344 352 ) (1120 1664 352 ) (1120 1664 64 ) (1120 1344 64 ) 
4 82 83 (1120 1344 352 ) (1120 1344 64 ) (1184 1344 64 ) (1184 1344 352 ) 
4 83 101 (1120 1216 64 ) (1120 1216 352 ) (1120 1344 352 ) (1120 1344 64 ) 
4 84 86 (1408 1760 -384 ) (1408 1760 -256 ) (1152 1760 -256 ) (1152 1760 -384 ) 
4 84 85 (1312 1760 -384 ) (1152 1760 -384 ) (1152 1872 -384 ) (1424 1872 -384 ) 
4 85 91 (1152 1872 -408 ) (1424 1872 -408 ) (1312 1760 -408 ) (1152 1760 -408 ) 
4 86 103 (1120 1696 -384 ) (1120 1696 -256 ) (1120 1760 -256 ) (1120 1760 -384 ) 
4 87 88 (1440 1648 -336 ) (1440 1648 -368 ) (1440 1616 -368 ) (1440 1616 -336 ) 
4 88 89 (1376 1664 -256 ) (1376 1664 -384 ) (1376 1600 -384 ) (1376 1600 -256 ) 
4 89 103 (1120 1664 -256 ) (1120 1664 -384 ) (1120 1600 -384 ) (1120 1600 -256 ) 
4 89 90 (1344 1600 -256 ) (1280 1600 -256 ) (1280 1600 -384 ) (1344 1600 -384 ) 
4 90 94 (1280 1472 -384 ) (1344 1472 -384 ) (1344 1472 -256 ) (1280 1472 -256 ) 
4 92 166 (1328 1216 -96 ) (1392 1216 -96 ) (1392 1216 -16 ) (1328 1216 -16 ) 
4 92 93 (1328 1376 -16 ) (1328 1376 -96 ) (1328 1312 -96 ) (1328 1312 -16 ) 
4 93 102 (1120 1312 -16 ) (1120 1376 -16 ) (1120 1376 -96 ) (1120 1312 -96 ) 
4 94 160 (1120 1472 -556 ) (1120 1472 -564 ) (1120 1312 -564 ) (1120 1312 -556 ) 
4 94 104 (1120 1312 -192 ) (1120 1472 -192 ) (1120 1472 -556 ) (1120 1312 -556 ) 
4 94 95 (1120 1312 -564 ) (1120 1472 -564 ) (1440 1472 -564 ) (1440 1312 -564 ) 
4 95 161 (1120 1312 -564 ) (1120 1472 -564 ) (1120 1472 -576 ) (1120 1312 -576 ) 
4 96 253 (176 1952 160 ) (176 1952 352 ) (176 2032 352 ) (176 2032 160 ) 
4 96 251 (176 2032 352 ) (176 2688 352 ) (176 2688 160 ) (176 2032 160 ) 
4 96 117 (176 1952 352 ) (176 1952 160 ) (320 1952 160 ) (320 1952 352 ) 
4 96 116 (320 1952 160 ) (784 1952 160 ) (784 1952 352 ) (320 1952 352 ) 
4 96 115 (784 1952 160 ) (832 1952 160 ) (832 1952 352 ) (784 1952 352 ) 
5 96 112 (832 1952 160 ) (896 1952 160 ) (896 1952 320 ) (880 1952 352 ) (832 1952 352 ) 
4 96 107 (896 1952 160 ) (960 1952 160 ) (960 1952 192 ) (896 1952 320 ) 
3 96 106 (960 1952 192 ) (960 1952 352 ) (880 1952 352 ) 
4 96 100 (960 1952 160 ) (1120 1952 160 ) (1120 1952 352 ) (960 1952 352 ) 
4 97 121 (496 1952 64 ) (496 1952 128 ) (480 1952 128 ) (480 1952 64 ) 
4 97 98 (480 1952 64 ) (480 1952 128 ) (480 2048 128 ) (480 2048 64 ) 
4 98 254 (176 1952 64 ) (176 1952 128 ) (176 2032 128 ) (176 2032 64 ) 
4 98 252 (176 2032 128 ) (176 2048 128 ) (176 2048 64 ) (176 2032 64 ) 
4 98 123 (176 1952 128 ) (176 1952 64 ) (480 1952 64 ) (480 1952 128 ) 
4 98 99 (176 1952 64 ) (176 2032 64 ) (480 2032 64 ) (480 1952 64 ) 
4 99 254 (176 1952 -112 ) (176 1952 64 ) (176 2032 64 ) (176 2032 -112 ) 
4 99 123 (176 1952 64 ) (176 1952 -112 ) (480 1952 -112 ) (480 1952 64 ) 
4 100 107 (960 1952 192 ) (960 1952 160 ) (960 1696 160 ) (960 1696 192 ) 
4 100 106 (960 1952 352 ) (960 1952 192 ) (960 1696 192 ) (960 1696 352 ) 
4 102 108 (960 1376 -96 ) (960 1312 -96 ) (960 1312 -16 ) (960 1376 -16 ) 
4 104 160 (1120 1472 -556 ) (1120 1312 -556 ) (1024 1312 -556 ) (1024 1472 -556 ) 
4 104 105 (1024 1472 -556 ) (1024 1312 -556 ) (1024 1312 -384 ) (1024 1472 -384 ) 
4 105 160 (960 1312 -556 ) (960 1472 -556 ) (1024 1472 -556 ) (1024 1312 -556 ) 
4 105 155 (960 1408 -512 ) (960 1408 -384 ) (960 1472 -384 ) (960 1472 -512 ) 
4 105 156 (960 1408 -556 ) (960 1312 -556 ) (960 1312 -384 ) (960 1408 -384 ) 
4 106 112 (880 1952 352 ) (896 1952 320 ) (896 1696 320 ) (880 1696 352 ) 
4 106 107 (896 1952 320 ) (960 1952 192 ) (960 1696 192 ) (896 1696 320 ) 
4 107 112 (896 1952 320 ) (896 1952 160 ) (896 1696 160 ) (896 1696 320 ) 
4 108 109 (896 1312 -16 ) (896 1376 -16 ) (896 1376 -96 ) (896 1312 -96 ) 
4 109 137 (824 1312 -16 ) (824 1376 -16 ) (784 1376 -96 ) (784 1312 -96 ) 
4 110 137 (784 1296 -96 ) (784 1392 -96 ) (776 1392 -112 ) (776 1296 -112 ) 
4 111 159 (704 1216 -384 ) (640 1216 -384 ) (640 1472 -384 ) (704 1472 -384 ) 
4 111 137 (640 1472 -384 ) (640 1216 -384 ) (704 1216 -256 ) (704 1472 -256 ) 
4 112 115 (832 1952 352 ) (832 1952 160 ) (832 1696 160 ) (832 1696 352 ) 
4 113 136 (832 1472 352 ) (832 1504 352 ) (832 1504 160 ) (832 1472 160 ) 
4 113 115 (832 1504 352 ) (832 1664 352 ) (832 1664 160 ) (832 1504 160 ) 
4 114 137 (832 1440 0 ) (832 1248 0 ) (832 1248 160 ) (832 1440 160 ) 
4 114 136 (832 1248 160 ) (832 1248 352 ) (832 1440 352 ) (832 1440 160 ) 
4 115 136 (832 1504 160 ) (832 1504 352 ) (784 1504 352 ) (784 1504 160 ) 
4 115 116 (784 1504 160 ) (784 1504 352 ) (784 1952 352 ) (784 1952 160 ) 
4 116 143 (320 1504 320 ) (320 1504 160 ) (512 1504 160 ) (512 1504 320 ) 
4 116 139 (512 1504 352 ) (320 1504 352 ) (320 1504 320 ) (512 1504 320 ) 
4 116 136 (784 1504 160 ) (784 1504 352 ) (512 1504 352 ) (512 1504 160 ) 
4 116 118 (320 1504 160 ) (320 1504 352 ) (320 1664 352 ) (320 1664 160 ) 
4 116 117 (320 1696 352 ) (320 1952 352 ) (320 1952 160 ) (320 1696 160 ) 
4 117 253 (176 1696 352 ) (176 1952 352 ) (176 1952 160 ) (176 1696 160 ) 
4 118 143 (320 1504 160 ) (320 1504 320 ) (256 1504 320 ) (256 1504 160 ) 
4 118 139 (320 1504 320 ) (320 1504 352 ) (272 1504 352 ) (256 1504 320 ) 
4 119 258 (176 1664 128 ) (176 1504 128 ) (176 1504 320 ) (176 1664 320 ) 
4 119 148 (176 1504 320 ) (176 1504 128 ) (224 1504 128 ) (224 1504 320 ) 
4 119 134 (176 1504 128 ) (176 1520 128 ) (224 1520 128 ) (224 1504 128 ) 
4 119 131 (176 1648 128 ) (176 1664 128 ) (224 1664 128 ) (224 1648 128 ) 
4 119 132 (176 1520 128 ) (176 1648 128 ) (224 1648 128 ) (224 1520 128 ) 
4 120 133 (784 1520 128 ) (768 1520 128 ) (768 1520 64 ) (784 1520 64 ) 
4 120 124 (768 1808 64 ) (768 1520 64 ) (768 1520 128 ) (768 1808 128 ) 
4 120 121 (768 1952 128 ) (768 1952 64 ) (768 1808 64 ) (768 1808 128 ) 
4 121 127 (496 1808 128 ) (480 1808 128 ) (480 1808 64 ) (496 1808 64 ) 
4 121 126 (624 1808 128 ) (496 1808 128 ) (496 1808 64 ) (624 1808 64 ) 
4 121 125 (640 1808 128 ) (624 1808 128 ) (624 1808 64 ) (640 1808 64 ) 
4 121 124 (768 1808 64 ) (768 1808 128 ) (640 1808 128 ) (640 1808 64 ) 
4 121 122 (768 1808 64 ) (480 1808 64 ) (480 1936 64 ) (768 1936 64 ) 
4 121 123 (480 1952 128 ) (480 1952 64 ) (480 1808 64 ) (480 1808 128 ) 
4 122 124 (768 1808 -112 ) (768 1808 64 ) (640 1808 64 ) (640 1808 -112 ) 
4 122 123 (480 1936 -112 ) (480 1808 -112 ) (480 1808 64 ) (480 1936 64 ) 
4 123 254 (176 1952 128 ) (176 1952 -112 ) (176 1808 -112 ) (176 1808 128 ) 
4 123 128 (176 1808 64 ) (176 1808 -112 ) (480 1808 -112 ) (480 1808 64 ) 
4 123 127 (480 1808 128 ) (176 1808 128 ) (176 1808 64 ) (480 1808 64 ) 
4 124 133 (768 1520 128 ) (640 1520 128 ) (640 1520 64 ) (768 1520 64 ) 
4 124 130 (640 1648 -112 ) (640 1520 -112 ) (640 1520 64 ) (640 1648 64 ) 
4 124 129 (640 1520 64 ) (640 1520 128 ) (640 1664 128 ) (640 1664 64 ) 
4 124 125 (640 1808 128 ) (640 1808 64 ) (640 1664 64 ) (640 1664 128 ) 
4 125 129 (640 1664 128 ) (624 1664 128 ) (624 1664 64 ) (640 1664 64 ) 
4 125 126 (624 1792 128 ) (624 1808 128 ) (624 1808 64 ) (624 1792 64 ) 
4 126 127 (496 1808 128 ) (496 1808 64 ) (496 1792 64 ) (496 1792 128 ) 
4 127 256 (176 1696 128 ) (176 1712 128 ) (176 1712 64 ) (176 1696 64 ) 
4 127 254 (176 1712 128 ) (176 1808 128 ) (176 1808 64 ) (176 1712 64 ) 
4 127 128 (176 1712 64 ) (176 1808 64 ) (480 1808 64 ) (480 1712 64 ) 
4 128 254 (176 1808 -112 ) (176 1712 -112 ) (176 1712 64 ) (176 1808 64 ) 
4 128 135 (176 1712 -112 ) (176 1776 -112 ) (192 1776 -112 ) (192 1712 -112 ) 
4 129 133 (640 1520 128 ) (256 1520 128 ) (256 1520 64 ) (640 1520 64 ) 
4 129 132 (256 1648 64 ) (256 1520 64 ) (256 1520 128 ) (256 1648 128 ) 
4 129 130 (640 1520 64 ) (256 1520 64 ) (256 1648 64 ) (640 1648 64 ) 
4 130 132 (256 1648 -112 ) (256 1520 -112 ) (256 1520 64 ) (256 1648 64 ) 
4 131 258 (176 1648 64 ) (176 1648 128 ) (176 1664 128 ) (176 1664 64 ) 
4 131 132 (224 1648 128 ) (176 1648 128 ) (176 1648 64 ) (224 1648 64 ) 
4 132 259 (176 1648 -112 ) (176 1520 -112 ) (176 1520 64 ) (176 1648 64 ) 
4 132 258 (176 1520 64 ) (176 1520 128 ) (176 1648 128 ) (176 1648 64 ) 
4 132 134 (224 1520 128 ) (176 1520 128 ) (176 1520 64 ) (224 1520 64 ) 
4 134 258 (176 1504 64 ) (176 1504 128 ) (176 1520 128 ) (176 1520 64 ) 
4 134 148 (176 1504 128 ) (176 1504 64 ) (224 1504 64 ) (224 1504 128 ) 
4 135 263 (176 1776 -384 ) (176 1712 -384 ) (176 1712 -112 ) (176 1776 -112 ) 
4 135 153 (176 1712 -384 ) (176 1776 -384 ) (192 1776 -384 ) (192 1712 -384 ) 
4 136 184 (512 1216 320 ) (512 1216 160 ) (640 1216 160 ) (640 1216 320 ) 
4 136 144 (512 1472 160 ) (512 1216 160 ) (512 1216 320 ) (512 1472 320 ) 
4 136 143 (512 1504 320 ) (512 1504 160 ) (512 1472 160 ) (512 1472 320 ) 
4 136 141 (512 1440 320 ) (512 1216 320 ) (512 1216 352 ) (512 1440 352 ) 
4 136 140 (512 1472 320 ) (512 1440 320 ) (512 1440 352 ) (512 1472 352 ) 
4 136 139 (512 1504 352 ) (512 1504 320 ) (512 1472 320 ) (512 1472 352 ) 
4 136 137 (832 1472 160 ) (832 1216 160 ) (640 1216 160 ) (640 1472 160 ) 
4 137 138 (640 1472 -384 ) (640 1216 -384 ) (640 1216 104 ) (640 1472 104 ) 
4 138 159 (640 1216 -384 ) (512 1216 -384 ) (512 1472 -384 ) (640 1472 -384 ) 
4 138 144 (512 1472 -384 ) (512 1216 -384 ) (512 1216 104 ) (512 1472 104 ) 
4 139 143 (256 1504 320 ) (512 1504 320 ) (512 1472 320 ) (256 1472 320 ) 
4 139 140 (320 1472 320 ) (512 1472 320 ) (512 1472 352 ) (320 1472 352 ) 
4 140 144 (320 1472 320 ) (512 1472 320 ) (512 1440 320 ) (320 1440 320 ) 
4 140 141 (512 1440 320 ) (512 1440 352 ) (320 1440 352 ) (320 1440 320 ) 
4 141 144 (320 1440 320 ) (512 1440 320 ) (512 1216 320 ) (320 1216 320 ) 
4 141 142 (320 1440 352 ) (320 1440 320 ) (320 1248 320 ) (320 1248 352 ) 
4 142 145 (256 1440 320 ) (320 1440 320 ) (320 1248 320 ) (256 1248 320 ) 
4 143 144 (512 1472 160 ) (512 1472 320 ) (320 1472 320 ) (320 1472 160 ) 
4 144 147 (448 1472 -256 ) (512 1472 -384 ) (512 1216 -384 ) (448 1216 -256 ) 
4 144 146 (368 1376 -96 ) (368 1312 -96 ) (328 1312 -16 ) (328 1376 -16 ) 
4 144 145 (320 1440 0 ) (320 1248 0 ) (320 1248 320 ) (320 1440 320 ) 
4 146 150 (224 1312 -16 ) (224 1376 -16 ) (224 1376 -96 ) (224 1312 -96 ) 
4 147 159 (512 1216 -384 ) (448 1216 -384 ) (448 1472 -384 ) (512 1472 -384 ) 
4 148 291 (176 1216 64 ) (176 1216 320 ) (176 1280 320 ) (176 1280 64 ) 
4 148 258 (176 1280 320 ) (176 1504 320 ) (176 1504 64 ) (176 1280 64 ) 
4 148 206 (176 1216 320 ) (176 1216 64 ) (224 1216 64 ) (224 1216 320 ) 
4 148 149 (176 1216 64 ) (176 1392 64 ) (208 1392 64 ) (208 1216 64 ) 
4 149 292 (176 1216 56 ) (176 1216 64 ) (176 1280 64 ) (176 1280 56 ) 
4 149 260 (176 1280 64 ) (176 1392 64 ) (176 1392 56 ) (176 1280 56 ) 
4 149 207 (176 1216 64 ) (176 1216 56 ) (208 1216 56 ) (208 1216 64 ) 
4 150 261 (176 1312 -16 ) (176 1376 -16 ) (176 1376 -96 ) (176 1312 -96 ) 
4 151 152 (224 1632 -512 ) (960 1632 -512 ) (960 1632 -384 ) (224 1632 -384 ) 
4 152 157 (384 1600 -384 ) (192 1600 -384 ) (192 1600 -512 ) (384 1600 -512 ) 
4 152 159 (864 1600 -384 ) (384 1600 -384 ) (384 1600 -512 ) (864 1600 -512 ) 
4 152 155 (960 1600 -384 ) (864 1600 -384 ) (864 1600 -512 ) (960 1600 -512 ) 
4 152 154 (192 1632 -512 ) (192 1600 -512 ) (192 1600 -384 ) (192 1632 -384 ) 
4 153 263 (176 1712 -384 ) (176 1776 -384 ) (176 1776 -528 ) (176 1712 -528 ) 
4 153 154 (192 1712 -512 ) (192 1712 -384 ) (176 1712 -384 ) (176 1712 -512 ) 
4 154 264 (176 1600 -384 ) (176 1712 -384 ) (176 1712 -512 ) (176 1600 -512 ) 
4 154 157 (192 1600 -384 ) (176 1600 -384 ) (176 1600 -512 ) (192 1600 -512 ) 
4 155 159 (864 1600 -384 ) (864 1600 -512 ) (864 1408 -512 ) (864 1408 -384 ) 
4 155 156 (960 1408 -512 ) (960 1408 -384 ) (864 1408 -384 ) (864 1408 -512 ) 
4 156 217 (864 1216 -556 ) (928 1216 -556 ) (928 1216 -384 ) (864 1216 -384 ) 
5 156 162 (960 1408 -556 ) (960 1248 -556 ) (928 1216 -556 ) (864 1216 -556 ) (864 1408 -556 ) 
4 156 159 (864 1408 -556 ) (864 1216 -556 ) (864 1216 -384 ) (864 1408 -384 ) 
4 157 264 (176 1504 -384 ) (176 1600 -384 ) (176 1600 -512 ) (176 1504 -512 ) 
4 157 265 (176 1496 -384 ) (176 1504 -384 ) (176 1504 -512 ) (176 1496 -512 ) 
3 157 158 (176 1496 -512 ) (176 1504 -512 ) (192 1504 -512 ) 
4 157 159 (384 1600 -384 ) (176 1496 -384 ) (176 1496 -512 ) (384 1600 -512 ) 
4 158 265 (176 1496 -530.629960 ) (176 1496 -512 ) (176 1504 -512 ) (176 1504 -530.259803 ) 
4 158 159 (176 1496 -512 ) (176 1496 -530.629960 ) (192 1504 -531.952342 ) (192 1504 -512 ) 
5 159 322 (176 1216 -556 ) (176 1216 -512 ) (176 1280 -512 ) (176 1280 -549.607931 ) (176 1253.172069 -556 ) 
4 159 320 (176 1216 -416 ) (176 1216 -384 ) (176 1280 -384 ) (176 1280 -416 ) 
4 159 321 (176 1216 -512 ) (176 1216 -416 ) (176 1280 -416 ) (176 1280 -512 ) 
4 159 265 (176 1280 -384 ) (176 1496 -384 ) (176 1496 -556 ) (176 1280 -556 ) 
4 159 226 (176 1216 -384 ) (176 1216 -556 ) (512 1216 -556 ) (512 1216 -384 ) 
4 159 217 (512 1216 -556 ) (864 1216 -556 ) (864 1216 -384 ) (512 1216 -384 ) 
5 159 163 (176 1216 -556 ) (176 1496 -556 ) (384 1600 -556 ) (864 1600 -556 ) (864 1216 -556 ) 
4 160 162 (960 1312 -564 ) (960 1312 -556 ) (960 1408 -556 ) (960 1408 -564 ) 
4 160 161 (1120 1312 -564 ) (960 1312 -564 ) (960 1472 -564 ) (1120 1472 -564 ) 
4 161 162 (960 1408 -576 ) (960 1312 -576 ) (960 1312 -564 ) (960 1408 -564 ) 
4 162 227 (928 1216 -556 ) (864 1216 -556 ) (864 1216 -576 ) (928 1216 -576 ) 
4 162 163 (864 1408 -576 ) (864 1216 -576 ) (864 1216 -556 ) (864 1408 -556 ) 
3 163 324 (176 1216 -564.856682 ) (176 1216 -556 ) (176 1253.172069 -556 ) 
4 163 265 (176 1280 -556 ) (176 1496 -556 ) (176 1496 -576 ) (176 1280 -576 ) 
4 163 227 (864 1216 -556 ) (176 1216 -556 ) (176 1216 -576 ) (864 1216 -576 ) 
8 165 189 (1128 1084 232 ) (1128 1028 232 ) (1128 1000 260 ) (1128 1000 316 ) (1128 1028 344 ) (1128 1084 344 ) (1128 1112 316 ) (1128 1112 260 ) 
4 166 167 (1328 1088 -96 ) (1328 1024 -96 ) (1328 1024 -16 ) (1328 1088 -16 ) 
4 167 209 (1128 1088 -96 ) (1128 1024 -96 ) (1128 1024 -16 ) (1128 1088 -16 ) 
4 168 202 (1128 512 320 ) (1128 512 392 ) (1128 656 344 ) (1128 704 320 ) 
3 168 171 (1128 512 392 ) (1128 512 320 ) (1344 512 320 ) 
4 168 169 (1128 512 320 ) (1128 672 320 ) (1136 672 320 ) (1296 512 320 ) 
4 169 203 (1128 512 288 ) (1128 512 320 ) (1128 672 320 ) (1128 672 288 ) 
4 169 172 (1296 512 320 ) (1128 512 320 ) (1128 512 288 ) (1296 512 288 ) 
4 169 170 (1296 512 288 ) (1128 512 288 ) (1128 672 288 ) (1136 672 288 ) 
4 170 216 (1128 512 -96 ) (1128 512 -16 ) (1128 768 -16 ) (1128 768 -96 ) 
4 170 204 (1128 512 -16 ) (1128 512 288 ) (1128 768 288 ) (1128 768 -16 ) 
4 170 182 (1408 512 288 ) (1128 512 288 ) (1128 512 -96 ) (1408 512 -96 ) 
6 171 228 (1128 480 320 ) (1128 -64 320 ) (1128 -16 344 ) (1128 236 428 ) (1128 404 428 ) (1128 480 402.666667 ) 
4 171 202 (1128 512 392 ) (1128 512 320 ) (1128 480 320 ) (1128 480 402.666667 ) 
6 171 172 (1128 -32 320 ) (1128 512 320 ) (1296 512 320 ) (1312 496 320 ) (1312 144 320 ) (1136 -32 320 ) 
4 172 229 (1128 -32 320 ) (1128 480 320 ) (1128 480 288 ) (1128 -32 288 ) 
4 172 203 (1128 480 320 ) (1128 512 320 ) (1128 512 288 ) (1128 480 288 ) 
6 172 182 (1128 -32 288 ) (1128 512 288 ) (1296 512 288 ) (1312 496 288 ) (1312 144 288 ) (1136 -32 288 ) 
4 173 174 (1664 416 32 ) (1664 512 32 ) (1792 512 32 ) (1792 416 32 ) 
4 174 177 (1664 384 -96 ) (1792 384 -96 ) (1792 384 32 ) (1664 384 32 ) 
4 175 176 (1472 512 32 ) (1600 512 32 ) (1600 416 32 ) (1472 416 32 ) 
4 176 177 (1472 384 -96 ) (1600 384 -96 ) (1600 384 32 ) (1472 384 32 ) 
4 177 183 (1408 288 -96 ) (1408 352 -96 ) (2080 352 -96 ) (2080 288 -96 ) 
4 177 182 (1408 384 -96 ) (1408 256 -96 ) (1408 256 64 ) (1408 384 64 ) 
4 177 181 (1472 256 -96 ) (1600 256 -96 ) (1600 256 32 ) (1472 256 32 ) 
4 177 179 (1664 256 -96 ) (1792 256 -96 ) (1792 256 32 ) (1664 256 32 ) 
4 178 179 (1792 224 32 ) (1792 128 32 ) (1664 128 32 ) (1664 224 32 ) 
4 180 181 (1600 224 32 ) (1600 128 32 ) (1472 128 32 ) (1472 224 32 ) 
4 182 230 (1128 -128 -96 ) (1128 -128 288 ) (1128 480 288 ) (1128 480 -96 ) 
4 182 216 (1128 512 -16 ) (1128 512 -96 ) (1128 480 -96 ) (1128 480 -16 ) 
4 182 204 (1128 480 288 ) (1128 512 288 ) (1128 512 -16 ) (1128 480 -16 ) 
4 182 183 (1408 352 -96 ) (1408 288 -96 ) (1280 288 -96 ) (1280 352 -96 ) 
4 184 195 (640 1184 320 ) (512 1184 320 ) (512 1184 160 ) (640 1184 160 ) 
4 185 193 (1120 992 352 ) (1120 928 352 ) (1112 928 352 ) (1112 992 352 ) 
4 185 192 (1120 1024 352 ) (1120 992 352 ) (1112 992 352 ) (1112 1024 352 ) 
4 185 187 (1120 1120 352 ) (1120 1088 352 ) (1112 1088 352 ) (1112 1120 352 ) 
4 185 186 (1112 1184 352 ) (1120 1184 352 ) (1120 1120 352 ) (1112 1120 352 ) 
4 185 194 (800 1184 352 ) (1112 1184 352 ) (1112 928 352 ) (800 928 352 ) 
4 185 195 (800 1184 416 ) (800 1184 352 ) (800 928 352 ) (800 928 416 ) 
4 186 196 (1112 1184 160 ) (1120 1184 160 ) (1120 1120 160 ) (1112 1120 160 ) 
4 186 191 (1112 1120 160 ) (1120 1120 160 ) (1120 1120 224 ) (1112 1120 224 ) 
4 186 188 (1120 1120 224 ) (1120 1120 256 ) (1112 1120 256 ) (1112 1120 224 ) 
4 186 187 (1120 1120 320 ) (1120 1120 352 ) (1112 1120 352 ) (1112 1120 320 ) 
4 186 194 (1112 1184 160 ) (1112 1120 160 ) (1112 1120 352 ) (1112 1184 352 ) 
3 187 194 (1112 1088 352 ) (1112 1120 352 ) (1112 1120 320 ) 
4 188 191 (1112 1088 224 ) (1112 1120 224 ) (1120 1120 224 ) (1120 1088 224 ) 
3 188 194 (1112 1120 256 ) (1112 1120 224 ) (1112 1088 224 ) 
8 189 194 (1112 1000 316 ) (1112 1028 344 ) (1112 1084 344 ) (1112 1112 316 ) (1112 1112 260 ) (1112 1084 232 ) (1112 1028 232 ) (1112 1000 260 ) 
4 190 193 (1112 992 256 ) (1112 992 224 ) (1120 992 224 ) (1120 992 256 ) 
4 190 191 (1120 992 224 ) (1112 992 224 ) (1112 1024 224 ) (1120 1024 224 ) 
3 190 194 (1112 992 224 ) (1112 992 256 ) (1112 1024 224 ) 
4 191 196 (1120 992 160 ) (1112 992 160 ) (1112 1120 160 ) (1120 1120 160 ) 
4 191 193 (1112 992 160 ) (1120 992 160 ) (1120 992 224 ) (1112 992 224 ) 
4 191 194 (1112 1120 160 ) (1112 992 160 ) (1112 992 224 ) (1112 1120 224 ) 
4 192 193 (1120 992 352 ) (1112 992 352 ) (1112 992 320 ) (1120 992 320 ) 
3 192 194 (1112 992 320 ) (1112 992 352 ) (1112 1024 352 ) 
4 193 196 (1120 928 160 ) (1112 928 160 ) (1112 992 160 ) (1120 992 160 ) 
4 193 194 (1112 992 160 ) (1112 928 160 ) (1112 928 352 ) (1112 992 352 ) 
4 194 196 (800 1184 160 ) (1112 1184 160 ) (1112 928 160 ) (800 928 160 ) 
4 194 195 (800 1184 352 ) (800 1184 160 ) (800 928 160 ) (800 928 352 ) 
4 195 197 (672 1120 160 ) (800 1120 160 ) (800 992 160 ) (672 992 160 ) 
4 196 214 (896 928 -16 ) (800 928 -16 ) (800 1184 -16 ) (896 1184 -16 ) 
4 196 212 (1120 1024 -16 ) (1120 928 -16 ) (896 928 -16 ) (896 1024 -16 ) 
4 196 210 (1120 1184 -16 ) (1120 1024 -16 ) (896 1024 -16 ) (896 1184 -16 ) 
4 196 199 (896 928 -16 ) (1024 928 -16 ) (1024 928 64 ) (896 928 64 ) 
4 196 197 (800 1120 -16 ) (800 992 -16 ) (800 992 160 ) (800 1120 160 ) 
4 197 215 (800 1120 -16 ) (800 992 -16 ) (672 992 -16 ) (672 1120 -16 ) 
4 198 199 (976 832 64 ) (944 832 64 ) (944 864 64 ) (976 864 64 ) 
4 199 213 (896 832 -16 ) (896 928 -16 ) (1024 928 -16 ) (1024 832 -16 ) 
4 199 200 (896 832 64 ) (896 832 32 ) (1024 832 32 ) (1024 832 64 ) 
4 199 201 (896 832 32 ) (896 832 -16 ) (1024 832 -16 ) (1024 832 32 ) 
4 200 201 (896 832 32 ) (1024 832 32 ) (1024 800 32 ) (896 800 32 ) 
4 201 213 (1024 768 -16 ) (896 768 -16 ) (896 832 -16 ) (1024 832 -16 ) 
4 201 204 (896 768 -16 ) (1024 768 -16 ) (1024 768 32 ) (896 768 32 ) 
6 202 228 (1128 480 320 ) (1128 480 402.666667 ) (1040 480 432 ) (880 480 432 ) (640 480 352 ) (576 480 320 ) 
5 202 203 (1128 672 320 ) (1128 480 320 ) (608 480 320 ) (608 496 320 ) (784 672 320 ) 
4 203 229 (1128 480 288 ) (1128 480 320 ) (608 480 320 ) (608 480 288 ) 
5 203 204 (1128 480 288 ) (608 480 288 ) (608 496 288 ) (784 672 288 ) (1128 672 288 ) 
4 204 231 (1024 480 288 ) (512 480 288 ) (512 480 -16 ) (1024 480 -16 ) 
4 204 230 (1128 480 -16 ) (1128 480 288 ) (1024 480 288 ) (1024 480 -16 ) 
5 204 216 (1128 768 -16 ) (1128 480 -16 ) (512 480 -16 ) (512 512 -16 ) (768 768 -16 ) 
4 205 289 (176 1216 512 ) (176 1216 352 ) (176 864 352 ) (176 864 512 ) 
4 206 291 (176 1216 320 ) (176 1216 64 ) (176 864 64 ) (176 864 320 ) 
4 206 207 (176 880 64 ) (176 1216 64 ) (208 1216 64 ) (208 880 64 ) 
4 207 292 (176 1216 64 ) (176 1216 56 ) (176 880 56 ) (176 880 64 ) 
4 208 305 (176 480 64 ) (176 480 352 ) (176 832 352 ) (176 832 64 ) 
4 208 304 (176 480 352 ) (176 480 576 ) (176 832 576 ) (176 832 352 ) 
4 208 234 (176 480 576 ) (176 480 224 ) (192 480 224 ) (192 480 576 ) 
4 209 210 (1120 1088 -96 ) (1120 1024 -96 ) (1120 1024 -16 ) (1120 1088 -16 ) 
4 210 214 (896 1024 -96 ) (896 1024 -16 ) (896 1184 -16 ) (896 1184 -96 ) 
4 210 212 (896 1024 -16 ) (896 1024 -96 ) (1120 1024 -96 ) (1120 1024 -16 ) 
4 211 212 (1120 984 -80 ) (1120 952 -80 ) (1120 952 -48 ) (1120 984 -48 ) 
4 212 214 (896 928 -96 ) (896 928 -16 ) (896 1024 -16 ) (896 1024 -96 ) 
4 212 213 (1024 928 -16 ) (896 928 -16 ) (896 928 -96 ) (1024 928 -96 ) 
4 213 216 (1024 768 -96 ) (1024 768 -16 ) (896 768 -16 ) (896 768 -96 ) 
4 214 215 (800 992 -16 ) (800 1120 -16 ) (800 1120 -96 ) (800 992 -96 ) 
4 216 231 (1024 480 -16 ) (512 480 -16 ) (512 480 -96 ) (1024 480 -96 ) 
4 216 230 (1128 480 -96 ) (1128 480 -16 ) (1024 480 -16 ) (1024 480 -96 ) 
4 217 227 (512 1216 -556 ) (928 1216 -556 ) (776 1064 -556 ) (512 1064 -556 ) 
4 217 226 (512 1064 -384 ) (512 1216 -384 ) (512 1216 -556 ) (512 1064 -556 ) 
3 217 225 (544 1064 -416 ) (512 1064 -416 ) (512 1064 -448 ) 
4 217 224 (512 1064 -556 ) (640 1064 -556 ) (640 1064 -544 ) (512 1064 -544 ) 
3 217 223 (512 1064 -512 ) (512 1064 -544 ) (544 1064 -544 ) 
8 217 222 (632 1064 -452 ) (604 1064 -424 ) (548 1064 -424 ) (520 1064 -452 ) (520 1064 -508 ) (548 1064 -536 ) (604 1064 -536 ) (632 1064 -508 ) 
3 217 221 (640 1064 -544 ) (640 1064 -512 ) (608 1064 -544 ) 
3 217 220 (640 1064 -448 ) (640 1064 -416 ) (608 1064 -416 ) 
4 217 219 (640 1064 -416 ) (640 1064 -384 ) (512 1064 -384 ) (512 1064 -416 ) 
4 217 218 (640 1064 -556 ) (776 1064 -556 ) (776 1064 -384 ) (640 1064 -384 ) 
4 218 227 (768 1056 -556 ) (640 1056 -556 ) (640 1064 -556 ) (776 1064 -556 ) 
4 218 224 (640 1064 -544 ) (640 1064 -556 ) (640 1056 -556 ) (640 1056 -544 ) 
4 218 221 (640 1064 -512 ) (640 1064 -544 ) (640 1056 -544 ) (640 1056 -512 ) 
4 218 220 (640 1064 -416 ) (640 1064 -448 ) (640 1056 -448 ) (640 1056 -416 ) 
4 218 219 (640 1064 -384 ) (640 1064 -416 ) (640 1056 -416 ) (640 1056 -384 ) 
4 219 226 (512 1056 -384 ) (512 1064 -384 ) (512 1064 -416 ) (512 1056 -416 ) 
4 219 225 (544 1056 -416 ) (512 1056 -416 ) (512 1064 -416 ) (544 1064 -416 ) 
4 219 220 (640 1064 -416 ) (640 1056 -416 ) (608 1056 -416 ) (608 1064 -416 ) 
4 221 224 (608 1056 -544 ) (608 1064 -544 ) (640 1064 -544 ) (640 1056 -544 ) 
4 223 226 (512 1056 -512 ) (512 1064 -512 ) (512 1064 -544 ) (512 1056 -544 ) 
4 223 224 (512 1056 -544 ) (512 1064 -544 ) (544 1064 -544 ) (544 1056 -544 ) 
4 224 227 (512 1056 -556 ) (512 1064 -556 ) (640 1064 -556 ) (640 1056 -556 ) 
4 224 226 (512 1056 -544 ) (512 1064 -544 ) (512 1064 -556 ) (512 1056 -556 ) 
4 225 226 (512 1056 -416 ) (512 1064 -416 ) (512 1064 -448 ) (512 1056 -448 ) 
4 226 323 (176 1056 -384 ) (176 1216 -384 ) (176 1216 -556 ) (176 1056 -556 ) 
4 226 227 (176 1056 -556 ) (176 1216 -556 ) (512 1216 -556 ) (512 1056 -556 ) 
5 227 324 (176 1056 -576 ) (176 1056 -556 ) (176 1216 -556 ) (176 1216 -564.856682 ) (176 1169.230769 -576 ) 
5 228 229 (608 144 320 ) (608 480 320 ) (1128 480 320 ) (1128 -32 320 ) (784 -32 320 ) 
4 229 232 (1024 384 288 ) (1024 256 288 ) (608 256 288 ) (608 384 288 ) 
5 229 233 (1024 256 288 ) (1024 -32 288 ) (784 -32 288 ) (608 144 288 ) (608 256 288 ) 
4 229 231 (608 480 288 ) (1024 480 288 ) (1024 384 288 ) (608 384 288 ) 
4 229 230 (1024 480 288 ) (1128 480 288 ) (1128 -32 288 ) (1024 -32 288 ) 
4 230 232 (1024 256 0 ) (1024 256 288 ) (1024 384 288 ) (1024 384 0 ) 
4 230 233 (1024 256 -96 ) (1024 -128 -96 ) (1024 -128 288 ) (1024 256 288 ) 
4 230 231 (1024 480 288 ) (1024 480 -96 ) (1024 384 -96 ) (1024 384 288 ) 
4 231 232 (1024 384 288 ) (512 384 288 ) (512 384 0 ) (1024 384 0 ) 
4 232 235 (512 256 0 ) (512 256 160 ) (512 384 160 ) (512 384 0 ) 
4 232 233 (512 256 288 ) (512 256 0 ) (1024 256 0 ) (1024 256 288 ) 
4 233 237 (896 -128 -96 ) (1024 -128 -96 ) (1024 -128 32 ) (896 -128 32 ) 
4 234 344 (176 160 576 ) (176 464 576 ) (176 464 224 ) (176 160 224 ) 
4 234 306 (176 480 352 ) (176 480 224 ) (176 464 224 ) (176 464 352 ) 
4 234 304 (176 464 576 ) (176 480 576 ) (176 480 352 ) (176 464 352 ) 
4 235 348 (176 256 160 ) (176 384 160 ) (176 384 0 ) (176 256 0 ) 
4 236 237 (1024 -160 32 ) (1024 -256 32 ) (896 -256 32 ) (896 -160 32 ) 
4 238 251 (176 2688 352 ) (176 2176 352 ) (0 2176 352 ) (0 2688 352 ) 
4 238 240 (0 2176 352 ) (176 2176 352 ) (176 2176 1280 ) (0 2176 1280 ) 
4 239 278 (-768 2912 832 ) (-768 2912 640 ) (-768 2176 640 ) (-768 2176 832 ) 
4 240 253 (176 2032 352 ) (176 1696 352 ) (0 1696 352 ) (0 2032 352 ) 
4 240 251 (0 2176 352 ) (176 2176 352 ) (176 2032 352 ) (0 2032 352 ) 
4 240 242 (80 1696 352 ) (176 1696 352 ) (176 1696 480 ) (80 1696 480 ) 
4 240 241 (176 1696 528 ) (176 1696 624 ) (64 1696 624 ) (64 1696 528 ) 
4 241 243 (176 1664 528 ) (176 1664 624 ) (64 1664 624 ) (64 1664 528 ) 
4 242 244 (80 1664 352 ) (176 1664 352 ) (176 1664 480 ) (80 1664 480 ) 
4 243 287 (176 1280 528 ) (176 1280 624 ) (64 1280 624 ) (64 1280 528 ) 
4 244 289 (176 1280 352 ) (176 1280 512 ) (64 1280 512 ) (64 1280 352 ) 
4 244 290 (64 1280 512 ) (32 1280 512 ) (32 1280 352 ) (64 1280 352 ) 
4 244 257 (56 1280 352 ) (32 1280 352 ) (32 1664 352 ) (56 1664 352 ) 
4 244 245 (32 1664 512 ) (32 1664 352 ) (32 1280 352 ) (32 1280 512 ) 
4 245 290 (-96 1280 352 ) (32 1280 352 ) (32 1280 512 ) (-96 1280 512 ) 
4 245 288 (32 1280 512 ) (32 1280 624 ) (-96 1280 624 ) (-96 1280 512 ) 
4 245 257 (32 1280 352 ) (-96 1280 352 ) (-96 1664 352 ) (32 1664 352 ) 
4 246 280 (-768 1792 832 ) (-768 1792 640 ) (-768 1408 640 ) (-768 1408 832 ) 
4 247 295 (-384 1280 352 ) (-160 1280 352 ) (-160 1280 384 ) (-384 1280 384 ) 
4 247 270 (-160 1280 352 ) (-384 1280 352 ) (-384 1536 352 ) (-160 1536 352 ) 
4 247 268 (-384 1536 352 ) (-384 1792 352 ) (-160 1792 352 ) (-160 1536 352 ) 
4 247 266 (-160 1760 352 ) (-160 1792 352 ) (-128 1792 352 ) (-128 1760 352 ) 
4 247 249 (-384 1536 352 ) (-384 1408 352 ) (-384 1408 384 ) (-384 1536 384 ) 
4 247 248 (-384 1792 384 ) (-384 1792 352 ) (-384 1536 352 ) (-384 1536 384 ) 
4 248 285 (-768 1536 384 ) (-768 1792 384 ) (-768 1792 352 ) (-768 1536 352 ) 
4 248 268 (-768 1536 352 ) (-768 1792 352 ) (-384 1792 352 ) (-384 1536 352 ) 
4 248 249 (-384 1536 384 ) (-512 1536 384 ) (-512 1536 352 ) (-384 1536 352 ) 
4 248 250 (-640 1536 384 ) (-768 1536 384 ) (-768 1536 352 ) (-640 1536 352 ) 
3 249 271 (-512 1536 352 ) (-384 1536 352 ) (-384 1408 352 ) 
4 250 285 (-768 1408 384 ) (-768 1536 384 ) (-768 1536 352 ) (-768 1408 352 ) 
3 250 272 (-768 1408 352 ) (-768 1536 352 ) (-640 1536 352 ) 
4 251 253 (176 2032 352 ) (0 2032 352 ) (0 2032 160 ) (176 2032 160 ) 
4 252 255 (128 2032 128 ) (112 2032 128 ) (112 2032 64 ) (128 2032 64 ) 
4 252 254 (176 2032 64 ) (176 2032 128 ) (128 2032 128 ) (128 2032 64 ) 
4 254 263 (176 1776 -112 ) (176 1712 -112 ) (128 1712 -112 ) (128 1776 -112 ) 
4 254 256 (176 1712 64 ) (176 1712 128 ) (128 1712 128 ) (128 1712 64 ) 
4 254 255 (128 2032 128 ) (128 2032 64 ) (128 1712 64 ) (128 1712 128 ) 
4 255 256 (128 1712 64 ) (128 1712 128 ) (112 1712 128 ) (112 1712 64 ) 
4 257 290 (56 1280 352 ) (-96 1280 352 ) (-96 1280 320 ) (56 1280 320 ) 
4 257 258 (-96 1664 320 ) (56 1664 320 ) (56 1280 320 ) (-96 1280 320 ) 
4 258 291 (176 1280 64 ) (176 1280 320 ) (-96 1280 320 ) (-96 1280 64 ) 
4 258 260 (176 1392 64 ) (176 1280 64 ) (80 1280 64 ) (80 1392 64 ) 
4 258 259 (176 1648 64 ) (176 1520 64 ) (64 1520 64 ) (64 1648 64 ) 
4 260 292 (176 1280 56 ) (176 1280 64 ) (80 1280 64 ) (80 1280 56 ) 
4 261 273 (-128 1312 -16 ) (-128 1376 -16 ) (-128 1376 -96 ) (-128 1312 -96 ) 
4 262 263 (176 1776 -496 ) (176 1776 -464 ) (144 1776 -464 ) (144 1776 -496 ) 
4 263 264 (176 1712 -512 ) (176 1712 -384 ) (128 1712 -384 ) (128 1712 -512 ) 
4 264 265 (176 1504 -512 ) (176 1504 -384 ) (128 1504 -384 ) (128 1504 -512 ) 
4 265 322 (176 1280 -549.607931 ) (176 1280 -512 ) (128 1280 -512 ) (128 1280 -541.690310 ) 
4 265 320 (176 1280 -416 ) (176 1280 -384 ) (128 1280 -384 ) (128 1280 -416 ) 
4 265 321 (176 1280 -512 ) (176 1280 -416 ) (128 1280 -416 ) (128 1280 -512 ) 
4 266 273 (-152 1768 208 ) (-152 1760 208 ) (-160 1760 208 ) (-160 1768 208 ) 
3 266 269 (-160 1768 208 ) (-160 1760 208 ) (-160 1760 224 ) 
4 266 268 (-160 1792 352 ) (-160 1792 224 ) (-160 1760 224 ) (-160 1760 352 ) 
3 266 267 (-160 1760 208 ) (-152 1760 208 ) (-160 1760 224 ) 
3 267 293 (-160 1280 224 ) (-160 1280 208 ) (-152 1280 208 ) 
4 267 273 (-152 1280 208 ) (-160 1280 208 ) (-160 1760 208 ) (-152 1760 208 ) 
4 267 270 (-160 1536 208 ) (-160 1280 208 ) (-160 1280 224 ) (-160 1536 224 ) 
4 267 269 (-160 1760 208 ) (-160 1536 208 ) (-160 1536 224 ) (-160 1760 224 ) 
4 268 285 (-768 1536 352 ) (-768 1792 352 ) (-768 1792 224 ) (-768 1536 224 ) 
4 268 272 (-640 1536 352 ) (-768 1536 352 ) (-768 1536 224 ) (-640 1536 224 ) 
4 268 271 (-384 1536 352 ) (-512 1536 352 ) (-512 1536 224 ) (-384 1536 224 ) 
4 268 270 (-160 1536 224 ) (-160 1536 352 ) (-384 1536 352 ) (-384 1536 224 ) 
4 268 269 (-768 1536 224 ) (-768 1760 224 ) (-160 1760 224 ) (-160 1536 224 ) 
4 269 286 (-768 1768 208 ) (-768 1536 208 ) (-768 1536 224 ) (-768 1760 224 ) 
4 269 275 (-768 1536 208 ) (-768 1768 208 ) (-416 1768 208 ) (-416 1536 208 ) 
4 269 273 (-416 1768 208 ) (-160 1768 208 ) (-160 1536 208 ) (-416 1536 208 ) 
4 269 272 (-768 1536 208 ) (-640 1536 208 ) (-640 1536 224 ) (-768 1536 224 ) 
4 269 271 (-512 1536 208 ) (-384 1536 208 ) (-384 1536 224 ) (-512 1536 224 ) 
4 269 270 (-384 1536 208 ) (-160 1536 208 ) (-160 1536 224 ) (-384 1536 224 ) 
4 270 295 (-160 1280 352 ) (-384 1280 352 ) (-384 1280 208 ) (-160 1280 208 ) 
4 270 273 (-384 1536 208 ) (-160 1536 208 ) (-160 1280 208 ) (-384 1280 208 ) 
4 270 271 (-384 1536 352 ) (-384 1536 208 ) (-384 1408 208 ) (-384 1408 352 ) 
3 271 276 (-416 1504 208 ) (-416 1440 208 ) (-480 1504 208 ) 
4 271 275 (-512 1536 208 ) (-416 1536 208 ) (-416 1504 208 ) (-480 1504 208 ) 
4 271 273 (-416 1536 208 ) (-384 1536 208 ) (-384 1408 208 ) (-416 1440 208 ) 
4 272 286 (-768 1536 224 ) (-768 1536 208 ) (-768 1408 208 ) (-768 1408 224 ) 
4 272 285 (-768 1408 352 ) (-768 1536 352 ) (-768 1536 224 ) (-768 1408 224 ) 
4 272 277 (-768 1408 208 ) (-768 1504 208 ) (-736 1504 208 ) (-736 1440 208 ) 
3 272 276 (-736 1504 208 ) (-672 1504 208 ) (-736 1440 208 ) 
4 272 275 (-768 1504 208 ) (-768 1536 208 ) (-640 1536 208 ) (-672 1504 208 ) 
4 273 325 (-128 1280 -160 ) (-128 1280 0 ) (-416 1280 0 ) (-416 1280 -160 ) 
4 273 300 (-128 1280 0 ) (-128 1280 160 ) (-416 1280 160 ) (-416 1280 0 ) 
4 273 299 (-160 1280 208 ) (-416 1280 208 ) (-416 1280 160 ) (-160 1280 160 ) 
4 273 293 (-128 1280 160 ) (-152 1280 208 ) (-160 1280 208 ) (-160 1280 160 ) 
4 273 276 (-416 1280 -160 ) (-416 1280 208 ) (-416 1504 208 ) (-416 1504 -160 ) 
5 273 275 (-416 1504 208 ) (-416 1768 208 ) (-416 1792 160 ) (-416 1792 -160 ) (-416 1504 -160 ) 
4 273 274 (-128 1408 -160 ) (-128 1280 -160 ) (-192 1280 -160 ) (-192 1408 -160 ) 
5 275 286 (-768 1504 208 ) (-768 1768 208 ) (-768 1792 160 ) (-768 1792 -160 ) (-768 1504 -160 ) 
4 275 277 (-736 1504 208 ) (-768 1504 208 ) (-768 1504 -160 ) (-736 1504 -160 ) 
4 275 276 (-416 1504 -160 ) (-416 1504 208 ) (-736 1504 208 ) (-736 1504 -160 ) 
4 276 326 (-736 1280 0 ) (-736 1280 -168 ) (-416 1280 -168 ) (-416 1280 0 ) 
4 276 302 (-736 1280 160 ) (-736 1280 0 ) (-640 1280 0 ) (-640 1280 160 ) 
4 276 301 (-640 1280 0 ) (-512 1280 0 ) (-512 1280 160 ) (-640 1280 160 ) 
4 276 300 (-512 1280 0 ) (-416 1280 0 ) (-416 1280 160 ) (-512 1280 160 ) 
4 276 299 (-416 1280 208 ) (-736 1280 208 ) (-736 1280 160 ) (-416 1280 160 ) 
4 276 277 (-736 1504 208 ) (-736 1504 -160 ) (-736 1280 -160 ) (-736 1280 208 ) 
4 277 368 (-768 1280 0 ) (-768 1280 -160 ) (-736 1280 -160 ) (-736 1280 0 ) 
4 277 356 (-736 1280 208 ) (-768 1280 208 ) (-768 1280 0 ) (-736 1280 0 ) 
4 277 286 (-768 1280 -160 ) (-768 1280 208 ) (-768 1504 208 ) (-768 1504 -160 ) 
4 280 282 (-896 1536 640 ) (-896 1408 640 ) (-896 1408 832 ) (-896 1536 832 ) 
4 285 357 (-1024 1280 224 ) (-768 1280 224 ) (-768 1280 384 ) (-1024 1280 384 ) 
4 285 286 (-768 1760 224 ) (-768 1280 224 ) (-992 1280 224 ) (-992 1760 224 ) 
4 286 368 (-1024 1280 -160 ) (-768 1280 -160 ) (-768 1280 0 ) (-1024 1280 0 ) 
5 286 361 (-768 1280 0 ) (-768 1280 224 ) (-992 1280 224 ) (-1024 1280 160 ) (-1024 1280 0 ) 
4 288 290 (-96 1216 512 ) (-96 1280 512 ) (32 1280 512 ) (32 1216 512 ) 
4 289 303 (176 864 352 ) (176 864 480 ) (80 864 480 ) (80 864 352 ) 
4 289 290 (64 1280 512 ) (64 1280 352 ) (64 864 352 ) (64 864 512 ) 
4 290 291 (-96 1280 320 ) (64 1280 320 ) (64 864 320 ) (-96 864 320 ) 
4 291 307 (-64 864 64 ) (32 864 64 ) (32 864 192 ) (-64 864 192 ) 
4 291 292 (80 1280 64 ) (176 1280 64 ) (176 880 64 ) (80 880 64 ) 
4 293 300 (-128 1280 160 ) (-128 928 160 ) (-160 928 160 ) (-160 1280 160 ) 
4 293 299 (-160 1280 208 ) (-160 1280 160 ) (-160 928 160 ) (-160 928 208 ) 
4 293 298 (-160 1152 208 ) (-160 928 208 ) (-160 928 224 ) (-160 1152 224 ) 
4 293 295 (-160 1280 224 ) (-160 1280 208 ) (-160 1152 208 ) (-160 1152 224 ) 
3 293 294 (-160 928 160 ) (-128 928 160 ) (-160 928 224 ) 
4 294 300 (-128 928 160 ) (-128 896 160 ) (-160 896 160 ) (-160 928 160 ) 
4 294 299 (-160 928 208 ) (-160 928 160 ) (-160 896 160 ) (-160 920 208 ) 
3 294 298 (-160 928 224 ) (-160 928 208 ) (-160 920 208 ) 
4 294 297 (-160 896 384 ) (-160 928 384 ) (-160 928 224 ) (-160 896 224 ) 
4 295 299 (-384 1280 208 ) (-160 1280 208 ) (-160 1152 208 ) (-512 1152 208 ) 
4 295 298 (-160 1152 208 ) (-160 1152 224 ) (-512 1152 224 ) (-512 1152 208 ) 
4 295 297 (-160 1152 224 ) (-160 1152 384 ) (-512 1152 384 ) (-512 1152 224 ) 
4 296 361 (-736 1248 208 ) (-736 1152 208 ) (-736 1152 224 ) (-736 1248 224 ) 
4 296 357 (-736 1152 224 ) (-736 1152 384 ) (-736 1248 384 ) (-736 1248 224 ) 
3 296 299 (-736 1152 208 ) (-736 1248 208 ) (-640 1152 208 ) 
4 296 298 (-736 1152 224 ) (-736 1152 208 ) (-640 1152 208 ) (-640 1152 224 ) 
4 296 297 (-640 1152 384 ) (-736 1152 384 ) (-736 1152 224 ) (-640 1152 224 ) 
4 297 357 (-736 896 224 ) (-736 896 384 ) (-736 1152 384 ) (-736 1152 224 ) 
4 297 298 (-736 928 224 ) (-736 1152 224 ) (-160 1152 224 ) (-160 928 224 ) 
3 298 362 (-736 928 208 ) (-736 920 208 ) (-736 928 224 ) 
4 298 361 (-736 1152 208 ) (-736 928 208 ) (-736 928 224 ) (-736 1152 224 ) 
4 298 299 (-736 920 208 ) (-736 1152 208 ) (-160 1152 208 ) (-160 920 208 ) 
4 299 362 (-736 928 160 ) (-736 896 160 ) (-736 920 208 ) (-736 928 208 ) 
4 299 361 (-736 1248 160 ) (-736 928 160 ) (-736 928 208 ) (-736 1248 208 ) 
4 299 356 (-736 1280 208 ) (-736 1280 160 ) (-736 1248 160 ) (-736 1248 208 ) 
4 299 302 (-736 896 160 ) (-736 1280 160 ) (-640 1280 160 ) (-640 896 160 ) 
4 299 301 (-640 1280 160 ) (-512 1280 160 ) (-512 896 160 ) (-640 896 160 ) 
4 299 300 (-512 1280 160 ) (-160 1280 160 ) (-160 896 160 ) (-512 896 160 ) 
4 300 327 (-416 1184 0 ) (-416 896 0 ) (-512 896 0 ) (-512 1184 0 ) 
4 300 326 (-512 1280 0 ) (-416 1280 0 ) (-416 1184 0 ) (-512 1184 0 ) 
4 300 325 (-416 1280 0 ) (-128 1280 0 ) (-128 896 0 ) (-416 896 0 ) 
4 300 301 (-512 896 160 ) (-512 1280 160 ) (-512 1280 0 ) (-512 896 0 ) 
4 301 327 (-512 1184 0 ) (-512 896 0 ) (-640 896 0 ) (-640 1184 0 ) 
4 301 326 (-640 1280 0 ) (-512 1280 0 ) (-512 1184 0 ) (-640 1184 0 ) 
4 301 308 (-640 864 0 ) (-512 864 0 ) (-512 864 160 ) (-640 864 160 ) 
4 301 302 (-640 1280 160 ) (-640 1280 0 ) (-640 896 0 ) (-640 896 160 ) 
4 302 362 (-736 928 0 ) (-736 896 0 ) (-736 896 160 ) (-736 928 160 ) 
4 302 361 (-736 1248 0 ) (-736 928 0 ) (-736 928 160 ) (-736 1248 160 ) 
4 302 356 (-736 1280 160 ) (-736 1280 0 ) (-736 1248 0 ) (-736 1248 160 ) 
4 302 327 (-736 896 0 ) (-736 1184 0 ) (-640 1184 0 ) (-640 896 0 ) 
4 302 326 (-736 1184 0 ) (-736 1280 0 ) (-640 1280 0 ) (-640 1184 0 ) 
4 303 304 (80 832 480 ) (80 832 352 ) (176 832 352 ) (176 832 480 ) 
4 304 344 (176 464 352 ) (176 464 576 ) (80 464 576 ) (80 464 352 ) 
4 304 309 (80 832 352 ) (80 464 352 ) (80 464 576 ) (80 832 576 ) 
4 304 306 (176 480 352 ) (176 464 352 ) (80 464 352 ) (80 480 352 ) 
4 304 305 (176 832 352 ) (176 480 352 ) (80 480 352 ) (80 832 352 ) 
4 305 310 (80 480 64 ) (80 480 224 ) (80 832 224 ) (80 832 64 ) 
4 305 309 (80 480 224 ) (80 480 352 ) (80 832 352 ) (80 832 224 ) 
4 305 306 (176 480 224 ) (176 480 352 ) (80 480 352 ) (80 480 224 ) 
4 306 344 (176 464 224 ) (176 464 352 ) (80 464 352 ) (80 464 224 ) 
4 306 309 (80 464 224 ) (80 464 352 ) (80 480 352 ) (80 480 224 ) 
4 307 310 (32 832 192 ) (-64 832 192 ) (-64 832 64 ) (32 832 64 ) 
4 308 318 (-640 832 0 ) (-512 832 0 ) (-512 832 160 ) (-640 832 160 ) 
4 309 344 (80 464 576 ) (-448 464 576 ) (-448 464 224 ) (80 464 224 ) 
4 309 313 (-448 832 576 ) (-448 832 224 ) (-448 464 224 ) (-448 464 576 ) 
5 309 310 (-448 832 224 ) (80 832 224 ) (80 480 224 ) (-224 480 224 ) (-448 704 224 ) 
4 310 311 (-112 480 128 ) (-144 480 128 ) (-144 480 64 ) (-112 480 64 ) 
4 311 346 (-112 464 128 ) (-144 464 128 ) (-144 464 96 ) (-112 464 96 ) 
4 312 347 (-448 464 160 ) (-448 464 0 ) (-272 464 0 ) (-272 464 160 ) 
4 312 317 (-448 640 0 ) (-448 464 0 ) (-448 464 160 ) (-448 640 160 ) 
4 313 344 (-448 464 576 ) (-608 464 576 ) (-608 464 224 ) (-448 464 224 ) 
4 313 316 (-608 576 224 ) (-608 464 224 ) (-608 464 416 ) (-608 576 416 ) 
4 313 315 (-608 672 224 ) (-608 640 224 ) (-608 640 384 ) (-608 672 384 ) 
4 313 314 (-608 736 224 ) (-608 704 224 ) (-608 704 384 ) (-608 736 384 ) 
4 316 350 (-640 464 416 ) (-640 464 224 ) (-608 464 224 ) (-608 464 416 ) 
4 316 319 (-640 464 224 ) (-640 464 416 ) (-640 576 416 ) (-640 576 224 ) 
4 317 347 (-464 464 0 ) (-448 464 0 ) (-448 464 160 ) (-464 464 160 ) 
4 317 318 (-512 512 160 ) (-512 704 160 ) (-512 704 0 ) (-512 512 0 ) 
4 319 358 (-736 544 512 ) (-736 608 512 ) (-736 608 224 ) (-736 544 224 ) 
4 319 359 (-736 464 224 ) (-736 464 512 ) (-736 544 512 ) (-736 544 224 ) 
4 319 351 (-736 464 512 ) (-736 464 224 ) (-640 464 224 ) (-640 464 512 ) 
4 320 323 (128 1216 -416 ) (176 1216 -416 ) (176 1216 -384 ) (128 1216 -384 ) 
4 320 321 (176 1216 -416 ) (128 1216 -416 ) (128 1280 -416 ) (176 1280 -416 ) 
4 321 328 (96 1280 -416 ) (96 1280 -512 ) (96 1216 -512 ) (96 1216 -416 ) 
4 321 323 (128 1216 -512 ) (176 1216 -512 ) (176 1216 -416 ) (128 1216 -416 ) 
4 321 322 (128 1280 -512 ) (176 1280 -512 ) (176 1216 -512 ) (128 1216 -512 ) 
4 322 324 (176 1253.172069 -556 ) (176 1216 -556 ) (128 1216 -556 ) (128 1219.941300 -556 ) 
4 322 323 (128 1216 -556 ) (176 1216 -556 ) (176 1216 -512 ) (128 1216 -512 ) 
4 323 324 (128 1216 -556 ) (176 1216 -556 ) (176 1056 -556 ) (128 1056 -556 ) 
4 325 327 (-416 1184 -160 ) (-416 896 -160 ) (-416 896 0 ) (-416 1184 0 ) 
4 325 326 (-416 1280 0 ) (-416 1280 -160 ) (-416 1184 -160 ) (-416 1184 0 ) 
4 326 368 (-736 1280 0 ) (-736 1280 -160 ) (-736 1184 -160 ) (-736 1184 0 ) 
4 326 327 (-416 1184 -160 ) (-416 1184 0 ) (-736 1184 0 ) (-736 1184 -160 ) 
4 327 368 (-736 896 -160 ) (-736 896 0 ) (-736 1184 0 ) (-736 1184 -160 ) 
4 328 338 (-344 1280 -692 ) (96 1280 -692 ) (96 992 -692 ) (-344 992 -692 ) 
4 328 337 (-344 992 -608 ) (-344 992 -528 ) (-344 1280 -528 ) (-344 1280 -608 ) 
4 328 336 (-344 992 -528 ) (-344 992 -384 ) (-344 1072 -384 ) (-344 1072 -528 ) 
3 328 335 (-344 1104 -528 ) (-344 1072 -528 ) (-344 1072 -496 ) 
3 328 334 (-344 1072 -432 ) (-344 1072 -400 ) (-344 1104 -400 ) 
8 328 333 (-344 1192 -492 ) (-344 1164 -520 ) (-344 1108 -520 ) (-344 1080 -492 ) (-344 1080 -436 ) (-344 1108 -408 ) (-344 1164 -408 ) (-344 1192 -436 ) 
3 328 332 (-344 1200 -400 ) (-344 1200 -432 ) (-344 1168 -400 ) 
4 328 331 (-344 1072 -384 ) (-344 1200 -384 ) (-344 1200 -400 ) (-344 1072 -400 ) 
3 328 330 (-344 1200 -496 ) (-344 1200 -528 ) (-344 1168 -528 ) 
4 328 329 (-344 1200 -384 ) (-344 1280 -384 ) (-344 1280 -528 ) (-344 1200 -528 ) 
4 329 337 (-352 1280 -528 ) (-344 1280 -528 ) (-344 1200 -528 ) (-352 1200 -528 ) 
4 329 332 (-344 1200 -432 ) (-344 1200 -400 ) (-352 1200 -400 ) (-352 1200 -432 ) 
4 329 331 (-344 1200 -400 ) (-344 1200 -384 ) (-352 1200 -384 ) (-352 1200 -400 ) 
4 329 330 (-344 1200 -528 ) (-344 1200 -496 ) (-352 1200 -496 ) (-352 1200 -528 ) 
4 330 337 (-352 1200 -528 ) (-344 1200 -528 ) (-344 1168 -528 ) (-352 1168 -528 ) 
4 331 336 (-352 1072 -400 ) (-344 1072 -400 ) (-344 1072 -384 ) (-352 1072 -384 ) 
4 331 334 (-344 1072 -400 ) (-352 1072 -400 ) (-352 1104 -400 ) (-344 1104 -400 ) 
4 331 332 (-352 1168 -400 ) (-352 1200 -400 ) (-344 1200 -400 ) (-344 1168 -400 ) 
8 333 369 (-736 1108 -408 ) (-736 1164 -408 ) (-736 1192 -436 ) (-736 1192 -492 ) (-736 1164 -520 ) (-736 1108 -520 ) (-736 1080 -492 ) (-736 1080 -436 ) 
4 334 336 (-352 1072 -432 ) (-344 1072 -432 ) (-344 1072 -400 ) (-352 1072 -400 ) 
4 335 337 (-352 1104 -528 ) (-344 1104 -528 ) (-344 1072 -528 ) (-352 1072 -528 ) 
4 335 336 (-352 1072 -528 ) (-344 1072 -528 ) (-344 1072 -496 ) (-352 1072 -496 ) 
4 336 337 (-344 992 -528 ) (-352 992 -528 ) (-352 1072 -528 ) (-344 1072 -528 ) 
4 339 344 (-480 224 576 ) (-464 224 576 ) (-464 176 576 ) (-480 176 576 ) 
4 339 342 (-480 176 576 ) (-464 176 576 ) (-464 176 608 ) (-480 176 608 ) 
4 339 341 (-480 208 576 ) (-480 176 576 ) (-480 176 608 ) (-480 208 608 ) 
4 339 340 (-480 224 608 ) (-480 224 576 ) (-480 208 576 ) (-480 208 608 ) 
4 340 344 (-512 224 576 ) (-480 224 576 ) (-480 208 576 ) (-512 208 576 ) 
4 340 343 (-512 224 576 ) (-512 208 576 ) (-512 208 608 ) (-512 224 608 ) 
4 340 341 (-512 208 608 ) (-512 208 576 ) (-480 208 576 ) (-480 208 608 ) 
4 341 344 (-480 208 576 ) (-480 176 576 ) (-512 176 576 ) (-512 208 576 ) 
4 341 343 (-512 208 576 ) (-512 176 576 ) (-512 176 608 ) (-512 208 608 ) 
4 341 342 (-512 176 608 ) (-512 176 576 ) (-480 176 576 ) (-480 176 608 ) 
4 342 344 (-464 176 576 ) (-464 160 576 ) (-512 160 576 ) (-512 176 576 ) 
4 342 343 (-512 176 576 ) (-512 160 576 ) (-512 160 608 ) (-512 176 608 ) 
4 343 344 (-528 224 576 ) (-512 224 576 ) (-512 160 576 ) (-528 160 576 ) 
4 344 350 (-608 464 416 ) (-608 464 224 ) (-608 384 224 ) (-608 384 416 ) 
4 344 345 (-512 160 400 ) (-512 160 464 ) (-576 160 464 ) (-576 160 400 ) 
4 347 348 (-384 384 0 ) (-192 384 0 ) (-192 384 160 ) (-384 384 160 ) 
4 348 349 (64 256 160 ) (-64 256 160 ) (-64 256 0 ) (64 256 0 ) 
4 349 353 (64 0 160 ) (-64 0 160 ) (-64 0 0 ) (64 0 0 ) 
4 350 351 (-640 464 416 ) (-640 464 224 ) (-640 384 224 ) (-640 384 416 ) 
4 351 360 (-736 352 512 ) (-736 416 512 ) (-736 416 224 ) (-736 352 224 ) 
4 351 359 (-736 416 512 ) (-736 464 512 ) (-736 464 224 ) (-736 416 224 ) 
4 352 353 (128 0 160 ) (128 0 32 ) (128 -256 32 ) (128 -256 160 ) 
4 353 355 (32 -256 160 ) (-32 -256 160 ) (-32 -256 32 ) (32 -256 32 ) 
4 353 354 (-128 -256 32 ) (-128 -256 160 ) (-128 0 160 ) (-128 0 32 ) 
3 356 368 (-768 1280 0 ) (-736 1280 0 ) (-736 1248 0 ) 
4 356 361 (-768 1280 0 ) (-736 1248 0 ) (-736 1248 208 ) (-768 1280 208 ) 
5 357 361 (-992 1280 224 ) (-768 1280 224 ) (-736 1248 224 ) (-736 928 224 ) (-992 928 224 ) 
4 358 359 (-800 544 224 ) (-736 544 224 ) (-736 544 512 ) (-800 544 512 ) 
4 359 366 (-1056 416 224 ) (-1408 416 224 ) (-1408 544 224 ) (-1056 544 224 ) 
4 359 364 (-800 416 224 ) (-1056 416 224 ) (-1056 544 224 ) (-800 544 224 ) 
4 359 360 (-800 416 224 ) (-736 416 224 ) (-736 416 512 ) (-800 416 512 ) 
5 361 368 (-1024 1280 0 ) (-768 1280 0 ) (-736 1248 0 ) (-736 928 0 ) (-1024 928 0 ) 
4 361 363 (-1024 1056 0 ) (-1024 992 0 ) (-1024 992 96 ) (-1024 1056 96 ) 
5 361 362 (-1024 928 0 ) (-736 928 0 ) (-736 928 224 ) (-992 928 224 ) (-1024 928 160 ) 
4 362 368 (-736 928 0 ) (-736 896 0 ) (-1024 896 0 ) (-1024 928 0 ) 
4 363 365 (-1056 1056 0 ) (-1056 992 0 ) (-1056 992 96 ) (-1056 1056 96 ) 
4 364 366 (-1056 544 0 ) (-1056 416 0 ) (-1056 416 224 ) (-1056 544 224 ) 
4 365 367 (-1408 1088 0 ) (-1408 960 0 ) (-1408 960 192 ) (-1408 1088 192 ) 
4 366 367 (-1408 544 0 ) (-1408 416 0 ) (-1408 416 192 ) (-1408 544 192 ) 
0 1 2 3 4 5 6 7 8 9 10 11 12 13 14 15 16 17 18 19 20 21 22 23 24 25 26 27 28 29 30 31 32 33 34 35 36 37 38 39 40 41 42 43 44 45 46 -1
47 48 49 50 -1
51 52 53 54 55 56 57 58 59 60 61 62 63 64 65 -1
66 67 68 69 70 71 72 73 74 -1
75 76 77 78 79 80 81 82 -1
83 84 85 86 87 88 89 90 91 92 93 94 95 96 97 98 99 100 101 102 103 104 105 106 107 108 109 110 111 112 113 114 115 116 117 118 119 120 121 122 123 124 125 126 127 128 129 130 131 132 133 134 135 136 137 138 139 140 141 142 143 144 145 146 147 148 149 150 151 152 153 154 155 156 157 158 159 160 161 162 163 164 165 166 167 168 169 170 171 172 173 174 175 176 177 178 179 180 181 182 183 184 185 186 187 188 189 190 191 192 193 194 195 196 197 198 199 200 201 202 203 204 205 206 207 208 209 210 211 212 213 214 215 216 217 218 219 220 221 222 223 224 225 226 227 228 229 230 231 232 233 234 235 236 237 238 239 240 241 242 243 244 245 246 247 248 249 250 251 252 253 254 255 256 257 258 259 260 261 262 263 264 265 266 267 268 269 270 271 272 273 274 275 276 277 278 279 280 281 282 283 284 285 286 287 288 289 290 291 292 293 294 295 296 297 298 299 300 301 302 303 304 305 306 307 308 309 310 311 312 313 314 315 316 317 318 319 320 321 322 323 324 325 326 327 328 329 330 331 332 333 334 335 336 337 338 339 340 341 342 343 344 345 346 347 348 349 350 351 352 353 354 355 356 357 358 359 360 361 362 363 364 365 366 367 368 369 370 371 372 373 374 375 376 377 378 379 380 381 382 383 384 385 386 387 388 389 390 391 392 393 394 395 396 397 398 399 400 401 402 403 404 405 406 407 408 409 410 411 412 413 414 415 416 417 418 419 420 421 422 423 424 425 426 427 428 429 430 431 432 433 434 435 436 437 438 439 440 441 442 443 444 445 446 447 448 449 450 451 452 453 454 455 456 457 458 459 460 461 462 463 464 465 466 467 468 469 470 471 472 -1
473 -1
474 475 476 477 478 479 480 481 482 483 484 485 486 487 488 489 490 491 492 493 494 495 496 497 498 499 500 501 502 503 504 505 506 507 508 509 510 511 512 513 514 515 516 517 518 519 520 521 522 523 524 525 526 527 528 529 530 531 532 533 534 535 536 537 538 539 540 541 542 543 544 545 546 547 548 549 550 551 552 553 554 555 556 557 558 559 560 561 562 563 564 565 566 567 568 569 -1
570 -1
571 572 573 574 575 576 577 578 579 580 581 582 583 584 585 586 587 588 589 590 591 592 593 594 595 596 597 598 599 600 601 602 603 604 605 606 607 608 609 -1
610 611 612 613 614 615 -1
616 -1
617 618 619 620 621 622 -1
623 624 625 626 627 628 629 630 631 632 633 634 635 636 637 638 639 640 641 642 643 644 645 646 647 648 649 650 651 652 653 654 655 656 657 658 659 660 661 662 663 664 665 666 667 668 669 -1
670 671 672 673 674 675 676 677 678 679 680 681 682 683 684 685 686 687 688 689 690 691 692 693 694 695 696 697 698 699 700 701 702 703 704 705 706 707 708 709 710 711 712 713 714 715 716 717 718 719 720 721 722 723 724 725 726 727 728 729 730 731 732 733 734 735 736 737 738 739 740 741 742 743 744 745 746 747 748 749 750 751 752 753 754 755 756 757 758 759 760 761 762 763 764 765 766 767 768 769 770 771 772 773 774 775 776 777 778 779 780 781 782 783 784 785 786 787 788 789 790 791 792 793 794 795 796 797 798 799 800 801 802 803 804 805 806 807 808 809 810 811 812 813 814 815 816 817 818 819 820 821 822 823 824 825 826 827 828 829 830 831 832 833 834 835 836 837 838 839 840 841 842 843 844 845 846 847 848 849 850 851 852 853 854 855 856 857 858 859 860 861 862 863 864 865 866 867 868 869 870 -1
871 872 873 874 875 876 877 878 879 880 881 882 883 884 885 886 887 888 889 890 891 892 893 894 895 896 897 898 899 900 901 902 903 904 905 906 907 908 909 910 911 912 913 914 915 916 917 918 919 920 921 922 923 924 925 926 927 928 929 930 931 932 933 934 935 936 937 938 939 940 941 942 943 944 945 946 947 948 949 950 951 952 953 954 955 956 957 958 959 960 961 962 963 964 965 966 967 968 969 970 971 972 973 974 975 976 977 978 979 980 981 982 983 984 985 986 987 988 989 990 991 992 993 994 995 996 997 998 999 1000 1001 1002 1003 1004 1005 1006 1007 1008 1009 1010 1011 1012 1013 1014 1015 1016 1017 1018 1019 1020 1021 1022 1023 1024 1025 1026 1027 1028 1029 1030 1031 1032 1033 1034 1035 1036 1037 1038 1039 1040 1041 1042 1043 1044 1045 1046 1047 1048 1049 1050 1051 1052 1053 1054 1055 1056 1057 1058 1059 1060 1061 1062 1063 1064 1065 1066 1067 1068 1069 1070 1071 1072 1073 1074 1075 1076 1077 1078 1079 1080 1081 1082 1083 1084 1085 1086 1087 1088 1089 1090 1091 1092 1093 1094 1095 1096 1097 1098 1099 -1
1100 -1
1101 -1
1102 -1
1103 -1
1104 -1
1105 -1
1106 1107 1108 1109 1110 1111 1112 1113 1114 1115 1116 1117 1118 1119 1120 1121 1122 1123 1124 1125 1126 1127 1128 1129 1130 1131 1132 1133 1134 1135 1136 1137 1138 1139 1140 1141 1142 1143 1144 1145 1146 1147 1148 1149 1150 1151 1152 -1
1153 1154 1155 1156 1157 1158 1159 1160 1161 1162 1163 1164 1165 1166 1167 1168 1169 1170 1171 1172 1173 1174 1175 1176 1177 1178 1179 1180 1181 1182 1183 1184 1185 1186 1187 1188 1189 1190 1191 1192 1193 1194 1195 1196 1197 1198 1199 1200 1201 1202 1203 1204 1205 1206 1207 1208 1209 1210 1211 1212 1213 1214 1215 1216 1217 1218 1219 1220 1221 1222 1223 1224 1225 1226 1227 1228 1229 1230 1231 1232 1233 1234 1235 1236 1237 1238 1239 1240 1241 1242 1243 1244 1245 1246 1247 1248 1249 1250 1251 1252 1253 1254 1255 1256 1257 1258 1259 1260 1261 1262 1263 1264 1265 1266 1267 1268 1269 1270 1271 1272 1273 1274 1275 1276 1277 1278 1279 1280 1281 1282 1283 1284 1285 1286 1287 1288 1289 1290 1291 1292 1293 1294 1295 1296 1297 1298 1299 1300 1301 1302 1303 1304 1305 1306 1307 1308 1309 1310 1311 1312 1313 1314 1315 1316 1317 1318 1319 1320 1321 1322 1323 1324 1325 1326 1327 1328 1329 1330 1331 1332 1333 1334 1335 1336 1337 1338 1339 1340 1341 1342 1343 1344 1345 1346 1347 1348 1349 1350 1351 1352 1353 1354 1355 -1
1356 1357 1358 1359 1360 1361 1362 1363 1364 1365 1366 1367 1368 1369 1370 1371 1372 1373 1374 1375 1376 1377 1378 1379 1380 1381 1382 1383 1384 1385 1386 1387 1388 1389 1390 1391 1392 1393 1394 1395 1396 1397 1398 1399 1400 1401 1402 1403 1404 1405 1406 1407 1408 1409 1410 1411 1412 1413 1414 1415 1416 1417 1418 1419 1420 1421 1422 1423 1424 1425 1426 1427 1428 1429 1430 1431 1432 1433 1434 1435 1436 1437 1438 1439 1440 1441 1442 1443 1444 1445 1446 1447 1448 1449 1450 1451 1452 1453 1454 1455 1456 1457 1458 1459 1460 1461 1462 1463 1464 1465 1466 1467 1468 1469 1470 1471 1472 1473 1474 1475 1476 1477 1478 1479 1480 1481 1482 1483 1484 1485 1486 1487 1488 1489 1490 1491 1492 1493 1494 1495 1496 1497 1498 1499 1500 1501 1502 1503 1504 1505 1506 1507 1508 1509 1510 1511 1512 1513 1514 1515 1516 1517 1518 1519 1520 1521 1522 1523 1524 1525 1526 1527 1528 1529 1530 1531 1532 1533 1534 1535 1536 1537 1538 1539 1540 1541 1542 1543 1544 1545 1546 1547 1548 1549 1550 1551 1552 1553 1554 1555 1556 1557 1558 1559 1560 1561 1562 1563 1564 1565 1566 1567 1568 1569 1570 1571 1572 1573 1574 1575 1576 1577 1578 1579 1580 1581 1582 1583 1584 -1
1585 -1
1586 -1
1587 -1
1588 -1
1589 -1
1590 -1
1591 -1
1592 -1
1593 -1
1594 1595 1596 1597 1598 1599 1600 1601 1602 1603 1604 1605 1606 1607 1608 1609 1610 1611 1612 1613 1614 1615 1616 1617 1618 1619 1620 1621 1622 1623 1624 1625 1626 1627 1628 1629 1630 1631 1632 1633 1634 1635 1636 1637 1638 1639 1640 -1
1641 1642 1643 1644 1645 1646 1647 1648 1649 1650 1651 1652 1653 1654 1655 1656 1657 1658 1659 1660 1661 1662 1663 1664 1665 1666 1667 1668 1669 1670 1671 1672 1673 1674 1675 1676 1677 1678 1679 1680 1681 1682 1683 1684 1685 1686 1687 1688 1689 1690 1691 1692 1693 1694 1695 1696 1697 1698 1699 1700 1701 1702 1703 1704 1705 1706 1707 1708 1709 1710 1711 1712 1713 1714 1715 1716 1717 1718 1719 1720 1721 1722 1723 1724 1725 1726 1727 1728 1729 1730 1731 1732 1733 1734 1735 1736 1737 1738 1739 1740 1741 1742 1743 1744 1745 1746 1747 1748 1749 1750 1751 1752 1753 1754 1755 1756 1757 1758 1759 1760 1761 1762 1763 1764 1765 1766 1767 1768 1769 1770 1771 1772 1773 1774 1775 1776 1777 1778 1779 1780 1781 1782 1783 1784 1785 1786 1787 1788 1789 1790 1791 1792 1793 1794 1795 1796 1797 1798 1799 1800 1801 1802 1803 1804 1805 1806 1807 1808 1809 1810 1811 1812 1813 1814 1815 1816 1817 1818 1819 1820 1821 1822 1823 1824 1825 1826 1827 1828 1829 1830 1831 1832 1833 1834 1835 1836 1837 1838 1839 1840 1841 1842 1843 1844 1845 1846 1847 1848 -1
1849 1850 1851 1852 1853 1854 1855 1856 1857 1858 1859 1860 1861 1862 1863 1864 1865 1866 1867 1868 1869 1870 1871 1872 1873 1874 1875 1876 1877 1878 1879 1880 1881 1882 1883 1884 1885 1886 1887 1888 1889 1890 1891 1892 1893 1894 1895 1896 1897 1898 1899 1900 1901 1902 1903 1904 1905 1906 1907 1908 1909 1910 1911 1912 1913 1914 1915 1916 1917 1918 1919 1920 1921 1922 1923 1924 1925 1926 1927 1928 1929 1930 1931 1932 1933 1934 1935 1936 1937 1938 1939 1940 1941 1942 1943 1944 1945 1946 1947 1948 1949 1950 1951 1952 1953 1954 1955 1956 1957 1958 1959 1960 1961 1962 1963 1964 1965 1966 1967 1968 1969 1970 1971 1972 1973 1974 1975 1976 1977 1978 1979 1980 1981 1982 1983 1984 1985 1986 1987 1988 1989 1990 1991 1992 1993 1994 1995 1996 1997 1998 1999 2000 2001 2002 2003 2004 2005 2006 2007 2008 2009 2010 2011 2012 2013 2014 2015 2016 2017 2018 2019 2020 2021 2022 2023 2024 2025 2026 2027 2028 2029 2030 2031 2032 2033 2034 2035 2036 2037 2038 2039 2040 2041 2042 2043 2044 2045 2046 2047 2048 2049 2050 2051 2052 2053 2054 2055 2056 2057 2058 2059 2060 2061 2062 2063 2064 2065 2066 2067 2068 2069 2070 2071 2072 2073 2074 2075 2076 2077 2078 2079 2080 -1
2081 -1
2082 -1
2083 -1
2084 -1
2085 -1
2086 -1
2087 2088 2089 2090 2091 2092 2093 2094 2095 2096 2097 2098 2099 2100 2101 2102 2103 2104 2105 2106 2107 2108 2109 2110 2111 2112 2113 2114 2115 2116 2117 2118 2119 2120 2121 2122 2123 2124 2125 2126 2127 2128 2129 2130 2131 2132 2133 -1
2134 2135 2136 2137 2138 2139 2140 2141 2142 2143 2144 2145 2146 2147 2148 2149 2150 2151 2152 2153 2154 2155 2156 2157 2158 2159 2160 2161 2162 2163 2164 2165 2166 2167 2168 2169 2170 2171 2172 2173 2174 2175 2176 2177 2178 2179 2180 2181 2182 2183 2184 2185 2186 2187 2188 2189 2190 2191 2192 2193 2194 2195 2196 2197 2198 2199 2200 2201 2202 2203 2204 2205 2206 2207 2208 2209 2210 2211 2212 2213 2214 2215 2216 2217 2218 2219 2220 2221 2222 2223 2224 2225 2226 2227 2228 2229 2230 2231 2232 2233 2234 2235 2236 2237 2238 2239 2240 2241 2242 2243 2244 2245 2246 2247 2248 2249 2250 2251 2252 2253 2254 2255 2256 2257 2258 2259 2260 2261 2262 2263 2264 2265 2266 2267 2268 2269 2270 2271 2272 2273 2274 2275 2276 2277 2278 2279 2280 2281 2282 2283 2284 2285 2286 2287 2288 2289 2290 2291 2292 2293 2294 2295 2296 2297 2298 2299 2300 2301 2302 2303 2304 2305 2306 2307 2308 2309 2310 2311 2312 2313 2314 2315 2316 2317 2318 2319 2320 2321 2322 2323 2324 2325 2326 2327 2328 2329 2330 2331 2332 2333 2334 2335 2336 2337 2338 2339 2340 -1
2341 2342 2343 2344 2345 2346 2347 2348 2349 2350 2351 2352 2353 2354 2355 2356 2357 2358 2359 2360 2361 2362 2363 2364 2365 2366 2367 2368 2369 2370 2371 2372 2373 2374 2375 2376 2377 2378 2379 2380 2381 2382 2383 2384 2385 2386 2387 2388 2389 2390 2391 2392 2393 2394 2395 2396 2397 2398 2399 2400 2401 2402 2403 2404 2405 2406 2407 2408 2409 2410 2411 2412 2413 2414 2415 2416 2417 2418 2419 2420 2421 2422 2423 2424 2425 2426 2427 2428 2429 2430 2431 2432 2433 2434 2435 2436 2437 2438 2439 2440 2441 2442 2443 2444 2445 2446 2447 2448 2449 2450 2451 2452 2453 2454 2455 2456 2457 2458 2459 2460 2461 2462 2463 2464 2465 2466 2467 2468 2469 2470 2471 2472 2473 2474 2475 2476 2477 2478 2479 2480 2481 2482 2483 2484 2485 2486 2487 2488 2489 2490 2491 2492 2493 2494 2495 2496 2497 2498 2499 2500 2501 2502 2503 2504 2505 2506 2507 2508 2509 2510 2511 2512 2513 2514 2515 2516 2517 2518 2519 2520 2521 2522 2523 2524 2525 2526 2527 2528 2529 2530 2531 2532 2533 2534 2535 2536 2537 2538 2539 2540 2541 2542 2543 2544 2545 2546 2547 2548 2549 2550 2551 2552 2553 2554 2555 2556 2557 2558 2559 2560 2561 2562 2563 2564 2565 2566 2567 2568 2569 2570 2571 2572 -1
2573 -1
2574 -1
2575 -1
2576 -1
2577 -1
2578 2579 2580 2581 2582 2583 2584 2585 2586 -1
2587 -1
2588 -1
2589 -1
2590 -1
2591 2592 2593 2594 2595 -1
2596 -1
2597 2598 2599 2600 2601 -1
2602 2603 2604 2605 2606 2607 2608 2609 2610 2611 2612 2613 2614 2615 -1
2616 2617 2618 2619 2620 2621 -1
2622 -1
2623 -1
2624 -1
2625 -1
2626 2627 2628 2629 2630 -1
2631 -1
2632 -1
2633 -1
2634 -1
2635 -1
2636 -1
2637 -1
2638 -1
2639 -1
2640 -1
2641 2642 2643 2644 2645 2646 -1
2647 2648 2649 2650 2651 2652 2653 2654 2655 2656 2657 2658 2659 2660 2661 2662 2663 -1
2664 -1
2665 2666 2667 2668 2669 2670 2671 2672 2673 2674 2675 2676 2677 2678 2679 2680 2681 2682 2683 2684 -1
2685 2686 2687 2688 2689 2690 2691 2692 2693 2694 2695 2696 2697 -1
2698 -1
2699 -1
2700 2701 2702 2703 2704 2705 2706 2707 2708 -1
2709 -1
2710 -1
2711 -1
2712 -1
2713 -1
2714 -1
2715 -1
2716 2717 2718 2719 -1
2720 -1
2721 -1
2722 2723 2724 2725 2726 2727 2728 2729 2730 -1
2731 2732 -1
2733 2734 2735 2736 2737 2738 2739 2740 2741 2742 2743 2744 2745 2746 2747 2748 2749 2750 2751 2752 2753 2754 2755 2756 2757 2758 2759 2760 2761 2762 2763 2764 2765 2766 2767 2768 2769 2770 2771 2772 2773 2774 2775 2776 2777 2778 2779 2780 -1
2781 -1
2782 2783 2784 2785 2786 2787 2788 2789 2790 2791 2792 2793 2794 -1
2795 2796 2797 2798 2799 2800 2801 2802 2803 2804 2805 2806 -1
2807 2808 2809 2810 2811 2812 2813 2814 2815 2816 2817 2818 2819 2820 2821 2822 2823 2824 -1
2825 -1
2826 -1
2827 -1
2828 2829 2830 2831 -1
2832 2833 2834 -1
2835 -1
2836 -1
2837 -1
2838 -1
2839 -1
2840 -1
2841 -1
2842 -1
2843 -1
2844 -1
2845 2846 2847 2848 2849 2850 2851 -1
2852 2853 2854 2855 -1
2856 -1
2857 2858 2859 2860 2861 2862 2863 -1
2864 -1
2865 2866 2867 2868 2869 -1
2870 -1
2871 2872 2873 2874 2875 -1
2876 2877 2878 2879 2880 -1
2881 -1
2882 -1
2883 -1
2884 -1
2885 2886 2887 2888 2889 -1
2890 2891 2892 2893 2894 -1
2895 -1
2896 2897 2898 -1
2899 -1
2900 -1
2901 -1
2902 -1
2903 2904 2905 2906 2907 2908 2909 2910 2911 2912 2913 2914 2915 2916 2917 2918 2919 2920 2921 2922 2923 2924 2925 2926 2927 2928 2929 -1
2930 2931 2932 2933 2934 2935 2936 2937 2938 2939 2940 2941 2942 2943 2944 -1
2945 -1
2946 -1
2947 -1
2948 -1
2949 -1
2950 2951 2952 2953 2954 2955 2956 2957 2958 2959 2960 2961 2962 2963 2964 2965 2966 2967 2968 2969 2970 2971 2972 2973 2974 2975 2976 2977 2978 2979 2980 2981 2982 2983 2984 2985 2986 2987 2988 2989 2990 2991 -1
2992 -1
2993 -1
2994 -1
2995 2996 2997 2998 2999 3000 3001 3002 3003 3004 3005 -1
3006 -1
3007 -1
3008 -1
3009 -1
3010 -1
3011 -1
3012 -1
3013 3014 3015 -1
3016 -1
3017 -1
3018 3019 3020 3021 3022 3023 3024 3025 3026 3027 3028 3029 3030 3031 3032 3033 -1
3034 -1
3035 -1
3036 3037 -1
3038 3039 3040 3041 3042 3043 3044 3045 3046 3047 3048 3049 3050 3051 3052 -1
3053 3054 3055 3056 3057 3058 3059 3060 3061 3062 3063 3064 3065 3066 3067 3068 3069 3070 3071 3072 3073 3074 3075 -1
3076 3077 3078 3079 3080 3081 -1
3082 -1
3083 -1
3084 -1
3085 -1
3086 3087 3088 3089 3090 3091 3092 3093 3094 3095 3096 3097 3098 3099 3100 3101 3102 3103 3104 3105 3106 -1
3107 3108 3109 -1
3110 -1
3111 -1
3112 -1
3113 -1
3114 -1
3115 3116 3117 3118 3119 3120 3121 3122 3123 3124 3125 3126 3127 -1
3128 -1
3129 -1
3130 -1
3131 -1
3132 3133 3134 3135 3136 3137 3138 3139 3140 3141 3142 3143 3144 3145 3146 3147 3148 3149 3150 3151 3152 3153 3154 3155 3156 3157 3158 3159 3160 3161 3162 -1
3163 3164 3165 3166 3167 -1
3168 -1
3169 3170 3171 3172 3173 3174 -1
3175 -1
3176 -1
3177 -1
3178 -1
3179 -1
3180 -1
3181 -1
3182 -1
3183 -1
3184 3185 3186 3187 3188 3189 3190 3191 3192 3193 3194 3195 3196 3197 3198 3199 3200 3201 3202 -1
3203 3204 3205 3206 3207 -1
3208 -1
3209 -1
3210 -1
3211 -1
3212 -1
3213 3214 3215 -1
3216 -1
3217 3218 3219 3220 3221 3222 3223 3224 3225 3226 3227 3228 3229 3230 3231 3232 3233 3234 3235 3236 3237 3238 3239 3240 3241 3242 3243 3244 3245 3246 3247 3248 3249 3250 3251 3252 3253 3254 3255 3256 3257 -1
3258 3259 3260 3261 3262 -1
3263 3264 3265 3266 3267 3268 3269 3270 3271 3272 3273 3274 3275 -1
3276 -1
3277 3278 -1
3279 -1
3280 3281 3282 3283 -1
3284 -1
3285 -1
3286 -1
3287 -1
3288 -1
3289 3290 3291 3292 3293 3294 3295 3296 3297 3298 3299 3300 -1
3301 -1
3302 -1
3303 -1
3304 -1
3305 -1
3306 3307 3308 3309 3310 3311 -1
3312 -1
3313 -1
3314 -1
3315 -1
3316 -1
3317 3318 3319 3320 3321 3322 3323 3324 -1
3325 -1
3326 3327 3328 3329 3330 3331 3332 3333 3334 3335 3336 3337 3338 3339 -1
3340 3341 3342 3343 3344 3345 3346 3347 3348 3349 3350 3351 3352 -1
3353 3354 3355 3356 3357 3358 3359 3360 3361 3362 3363 3364 3365 3366 3367 3368 3369 3370 3371 -1
3372 3373 3374 3375 3376 3377 3378 3379 3380 3381 3382 3383 3384 3385 3386 3387 3388 3389 3390 3391 3392 3393 3394 3395 3396 3397 3398 3399 3400 3401 3402 3403 3404 3405 3406 3407 3408 3409 3410 3411 3412 3413 3414 3415 3416 3417 3418 3419 3420 3421 3422 3423 3424 3425 3426 3427 3428 3429 -1
3430 -1
3431 3432 3433 3434 3435 -1
3436 -1
3437 -1
3438 3439 3440 3441 3442 3443 -1
3444 -1
3445 -1
3446 3447 3448 3449 3450 3451 -1
3452 -1
3453 3454 3455 3456 3457 3458 3459 3460 3461 3462 3463 3464 3465 3466 3467 3468 3469 3470 3471 3472 3473 3474 3475 3476 3477 3478 3479 3480 3481 3482 3483 3484 3485 3486 3487 3488 3489 3490 3491 3492 3493 3494 3495 3496 3497 3498 3499 3500 3501 3502 3503 3504 3505 3506 3507 3508 3509 3510 3511 3512 3513 3514 3515 3516 3517 3518 3519 3520 3521 3522 3523 3524 3525 3526 3527 3528 3529 3530 3531 3532 3533 3534 3535 3536 3537 3538 -1
3539 -1
3540 3541 3542 3543 3544 3545 3546 3547 3548 3549 3550 3551 3552 3553 3554 3555 3556 3557 3558 3559 3560 3561 3562 3563 3564 3565 3566 3567 3568 3569 3570 3571 3572 3573 3574 3575 3576 3577 3578 3579 3580 3581 3582 3583 3584 3585 3586 3587 3588 3589 3590 3591 3592 3593 3594 3595 3596 3597 3598 3599 3600 3601 3602 3603 3604 3605 3606 3607 3608 3609 3610 3611 3612 3613 3614 3615 3616 3617 3618 3619 3620 3621 3622 3623 3624 -1
3625 -1
3626 3627 3628 3629 3630 -1
3631 3632 -1
3633 -1
3634 -1
3635 3636 3637 3638 3639 3640 3641 3642 3643 3644 3645 3646 3647 3648 3649 3650 3651 -1
3652 3653 3654 3655 3656 3657 3658 -1
3659 3660 3661 3662 3663 3664 3665 3666 3667 3668 3669 3670 3671 3672 3673 3674 3675 3676 3677 3678 3679 3680 3681 3682 3683 3684 3685 3686 3687 3688 3689 -1
3690 3691 3692 3693 3694 3695 3696 3697 3698 3699 3700 3701 -1
3702 -1
3703 -1
3704 -1
3705 3706 3707 3708 3709 3710 3711 3712 3713 3714 3715 3716 3717 3718 3719 3720 3721 3722 3723 3724 -1
3725 3726 3727 3728 -1
3729 -1
3730 -1
3731 -1
3732 -1
3733 -1
3734 3735 3736 -1
3737 -1
3738 -1
3739 3740 3741 3742 3743 3744 3745 3746 3747 3748 3749 3750 3751 3752 3753 3754 3755 3756 3757 3758 3759 3760 3761 3762 -1
3763 -1
3764 3765 3766 3767 3768 3769 3770 3771 3772 3773 3774 3775 3776 3777 3778 3779 3780 3781 3782 3783 3784 3785 3786 3787 3788 -1
3789 -1
3790 -1
3791 3792 3793 3794 3795 3796 3797 3798 3799 3800 3801 3802 3803 3804 3805 -1
3806 -1
3807 3808 3809 3810 3811 3812 3813 -1
3814 3815 3816 3817 3818 3819 3820 3821 3822 3823 3824 3825 3826 3827 3828 3829 3830 3831 3832 3833 3834 3835 3836 -1
3837 -1
3838 -1
3839 -1
3840 -1
3841 -1
3842 -1
3843 -1
3844 -1
3845 3846 3847 3848 3849 3850 3851 3852 3853 3854 3855 3856 3857 3858 3859 3860 3861 3862 3863 3864 3865 3866 3867 3868 3869 3870 3871 -1
3872 3873 3874 3875 3876 3877 3878 3879 3880 3881 3882 3883 3884 3885 3886 -1
3887 3888 3889 3890 3891 3892 3893 3894 3895 -1
3896 3897 3898 3899 3900 3901 3902 3903 3904 -1
3905 -1
3906 3907 3908 3909 -1
3910 3911 3912 3913 3914 3915 3916 3917 3918 3919 3920 3921 3922 3923 3924 3925 3926 3927 3928 3929 3930 3931 3932 -1
3933 -1
3934 -1
3935 -1
3936 3937 3938 -1
3939 -1
3940 3941 3942 3943 3944 3945 3946 3947 3948 3949 3950 3951 3952 3953 3954 3955 3956 3957 3958 3959 3960 3961 3962 3963 3964 3965 3966 -1
3967 -1
3968 -1
3969 -1
3970 -1
3971 -1
3972 -1
3973 3974 -1
3975 3976 3977 3978 3979 3980 3981 3982 -1
3983 -1
3984 -1
3985 -1
3986 3987 3988 3989 3990 3991 3992 3993 -1
3994 3995 3996 3997 3998 3999 4000 4001 4002 4003 4004 4005 4006 4007 4008 4009 4010 4011 4012 4013 4014 4015 4016 4017 4018 4019 4020 4021 4022 4023 4024 4025 4026 4027 4028 4029 4030 4031 4032 4033 4034 4035 4036 4037 4038 4039 4040 4041 4042 4043 4044 4045 4046 -1
4047 -1
4048 -1
4049 4050 -1
4051 -1
4052 -1
4053 -1
4054 4055 4056 -1
4057 4058 4059 4060 4061 -1
4062 4063 4064 4065 4066 4067 4068 -1
4069 -1
4070 -1
4071 -1
4072 -1
4073 -1
4074 4075 4076 4077 4078 4079 4080 4081 4082 4083 4084 -1
4085 4086 4087 4088 4089 4090 4091 4092 4093 4094 -1
4095 4096 4097 4098 4099 4100 -1
4101 4102 4103 4104 4105 4106 4107 4108 4109 4110 4111 4112 4113 4114 4115 4116 4117 4118 4119 4120 4121 4122 4123 4124 4125 4126 4127 4128 4129 4130 4131 4132 -1
4133 -1
4134 -1
4135 -1
4136 -1
4137 4138 4139 4140 4141 4142 -1
4143 -1
4144 -1
4145 -1
4146 -1
4147 4148 4149 4150 -1
4151 -1
4152 -1
4153 -1
4154 -1
4155 -1
4156 4157 4158 4159 4160 4161 4162 4163 4164 4165 4166 4167 4168 4169 4170 4171 4172 4173 4174 4175 4176 4177 4178 4179 4180 4181 4182 4183 4184 4185 4186 4187 4188 4189 4190 4191 4192 4193 4194 4195 4196 4197 4198 4199 4200 4201 4202 4203 4204 4205 4206 4207 4208 4209 4210 4211 4212 4213 4214 4215 4216 4217 4218 4219 4220 4221 4222 4223 4224 4225 4226 4227 4228 4229 4230 4231 4232 4233 4234 4235 4236 4237 4238 4239 4240 4241 4242 4243 4244 4245 4246 4247 4248 4249 4250 4251 4252 4253 4254 4255 4256 4257 4258 4259 4260 4261 4262 4263 4264 4265 4266 4267 -1
4268 -1
4269 -1
4270 4271 4272 4273 -1
4274 4275 4276 4277 4278 4279 4280 4281 4282 -1
4283 4284 4285 4286 4287 -1
4288 -1
4289 4290 4291 4292 4293 4294 4295 -1
4296 4297 4298 4299 4300 4301 4302 4303 4304 4305 4306 -1
4307 4308 4309 4310 4311 4312 -1
4313 4314 4315 4316 4317 4318 4319 4320 4321 4322 4323 -1
4324 -1
4325 -1
4326 4327 4328 4329 4330 4331 -1
4332 -1
4333 4334 4335 4336 -1
4337 -1
4338 -1
4339 -1
4340 -1
4341 4342 4343 4344 4345 4346 4347 4348 4349 -1
4350 4351 4352 4353 4354 -1
4355 4356 4357 4358 4359 4360 4361 4362 -1
4363 4364 4365 4366 4367 4368 4369 4370 4371 4372 4373 4374 4375 4376 4377 4378 4379 4380 4381 4382 4383 4384 4385 4386 4387 4388 4389 4390 4391 4392 4393 4394 4395 4396 4397 4398 4399 4400 4401 4402 4403 4404 4405 4406 4407 4408 4409 4410 4411 4412 4413 4414 4415 4416 4417 4418 4419 4420 4421 4422 4423 4424 4425 4426 4427 4428 4429 4430 4431 4432 4433 4434 4435 4436 4437 4438 4439 4440 4441 4442 4443 4444 4445 4446 4447 4448 4449 4450 4451 4452 4453 4454 4455 4456 4457 4458 4459 4460 4461 4462 4463 4464 4465 4466 4467 4468 4469 4470 4471 4472 4473 4474 4475 4476 4477 4478 4479 4480 4481 4482 4483 4484 4485 4486 4487 4488 -1
4489 4490 4491 4492 4493 4494 4495 4496 4497 4498 4499 -1
4500 -1
