PRT2
40
11
25
4 0 5 (32 384 112 ) (-32 384 112 ) (-32 384 64 ) (32 384 64 ) 
4 0 4 (160 384 64 ) (160 384 112 ) (32 384 112 ) (32 384 64 ) 
4 0 8 (-32 384 112 ) (-160 384 112 ) (-160 384 64 ) (-32 384 64 ) 
4 0 3 (160 384 112 ) (160 384 192 ) (-160 384 192 ) (-160 384 112 ) 
4 1 4 (160 384 112 ) (160 384 64 ) (160 -320 64 ) (160 -320 112 ) 
4 1 3 (160 384 192 ) (160 384 112 ) (160 -320 112 ) (160 -320 192 ) 
4 3 10 (160 -320 112 ) (160 -320 192 ) (-160 -320 192 ) (-160 -320 112 ) 
4 3 9 (-160 -320 112 ) (-160 -320 192 ) (-160 384 192 ) (-160 384 112 ) 
4 3 6 (-32 292 112 ) (-32 300 112 ) (32 300 112 ) (32 292 112 ) 
4 3 5 (-32 300 112 ) (-32 384 112 ) (32 384 112 ) (32 300 112 ) 
4 3 7 (32 -320 112 ) (-32 -320 112 ) (-32 292 112 ) (32 292 112 ) 
4 3 4 (160 -320 112 ) (32 -320 112 ) (32 384 112 ) (160 384 112 ) 
4 3 8 (-32 -320 112 ) (-160 -320 112 ) (-160 384 112 ) (-32 384 112 ) 
4 4 10 (160 -320 64 ) (160 -320 112 ) (32 -320 112 ) (32 -320 64 ) 
4 4 6 (32 300 32 ) (32 292 32 ) (32 292 112 ) (32 300 112 ) 
4 4 5 (32 384 32 ) (32 300 32 ) (32 300 112 ) (32 384 112 ) 
4 4 7 (32 292 32 ) (32 -320 32 ) (32 -320 112 ) (32 292 112 ) 
4 5 8 (-32 384 112 ) (-32 384 32 ) (-32 300 32 ) (-32 300 112 ) 
4 5 6 (-32 300 32 ) (32 300 32 ) (32 300 112 ) (-32 300 112 ) 
4 6 7 (-32 292 112 ) (-32 292 32 ) (32 292 32 ) (32 292 112 ) 
4 6 8 (-32 300 32 ) (-32 292 32 ) (-32 292 112 ) (-32 300 112 ) 
4 7 10 (32 -320 112 ) (-32 -320 112 ) (-32 -320 64 ) (32 -320 64 ) 
4 7 8 (-32 292 32 ) (-32 -320 32 ) (-32 -320 112 ) (-32 292 112 ) 
4 8 10 (-32 -320 112 ) (-160 -320 112 ) (-160 -320 64 ) (-32 -320 64 ) 
4 8 9 (-160 -320 64 ) (-160 -320 112 ) (-160 384 112 ) (-160 384 64 ) 
0 -1
1 -1
2 -1
3 4 5 6 7 -1
8 9 10 11 12 13 14 15 16 17 -1
18 -1
19 -1
20 21 22 -1
23 24 25 26 27 28 29 30 31 32 -1
33 -1
34 35 36 37 38 39 -1
