PRT2
775
420
981
4 0 1 (1112 2112 -64 ) (1112 2176 -64 ) (1112 2176 -192 ) (1112 2112 -192 ) 
4 1 5 (1024 2176 -192 ) (1024 2112 -192 ) (1024 2112 -64 ) (1024 2176 -64 ) 
4 2 5 (864 2432 64 ) (768 2432 64 ) (768 2432 -64 ) (864 2432 -64 ) 
4 2 4 (832 2432 -64 ) (768 2432 -64 ) (768 2440 -64 ) (832 2440 -64 ) 
4 2 3 (768 2432 0 ) (768 2432 64 ) (768 2440 64 ) (768 2440 0 ) 
4 3 5 (768 2432 64 ) (736 2432 64 ) (736 2432 0 ) (768 2432 0 ) 
4 4 5 (832 2432 -128 ) (832 2432 -64 ) (736 2432 -64 ) (736 2432 -128 ) 
8 5 9 (688 2320 -192 ) (912 2320 -192 ) (944 2288 -192 ) (944 2000 -192 ) (912 1968 -192 ) (688 1968 -192 ) (656 2000 -192 ) (656 2288 -192 ) 
4 5 6 (576 2240 -192 ) (576 2048 -192 ) (576 2048 0 ) (576 2240 0 ) 
4 6 7 (448 2240 -192 ) (448 2048 -192 ) (448 2048 0 ) (448 2240 0 ) 
4 7 58 (416 1920 256 ) (416 2144 256 ) (416 2144 -192 ) (416 1920 -192 ) 
4 7 32 (416 2144 256 ) (416 2368 256 ) (416 2368 -192 ) (416 2144 -192 ) 
4 7 8 (448 1920 -64 ) (448 1920 256 ) (416 1920 256 ) (416 1920 -64 ) 
4 8 79 (416 1856 192 ) (416 1856 -64 ) (416 1696 -64 ) (416 1696 192 ) 
4 8 78 (416 1696 256 ) (416 1856 256 ) (416 1856 192 ) (416 1696 192 ) 
4 8 75 (416 1856 256 ) (416 1920 256 ) (416 1920 -64 ) (416 1856 -64 ) 
8 9 16 (688 2320 -288 ) (912 2320 -288 ) (944 2288 -288 ) (944 2000 -288 ) (912 1968 -288 ) (688 1968 -288 ) (656 2000 -288 ) (656 2288 -288 ) 
4 10 11 (1144 2112 -704 ) (1144 2176 -704 ) (1144 2176 -832 ) (1144 2112 -832 ) 
4 11 22 (1056 2176 -832 ) (1056 2112 -832 ) (1056 2112 -704 ) (1056 2176 -704 ) 
4 12 22 (960 2464 -640 ) (1056 2464 -640 ) (1056 1824 -640 ) (960 1824 -640 ) 
4 12 20 (960 1952 -640 ) (960 1824 -640 ) (960 1824 -512 ) (960 1952 -512 ) 
4 12 15 (960 1992 -640 ) (960 1952 -640 ) (960 1952 -512 ) (960 1992 -512 ) 
4 12 14 (960 2336 -640 ) (960 2296 -640 ) (960 2296 -512 ) (960 2336 -512 ) 
4 12 13 (960 2464 -512 ) (960 2464 -640 ) (960 2336 -640 ) (960 2336 -512 ) 
4 13 22 (640 2464 -640 ) (960 2464 -640 ) (960 2336 -640 ) (640 2336 -640 ) 
4 13 21 (640 2464 -512 ) (640 2464 -640 ) (640 2336 -640 ) (640 2336 -512 ) 
4 13 19 (640 2336 -512 ) (640 2336 -640 ) (680 2336 -640 ) (680 2336 -512 ) 
4 13 14 (920 2336 -640 ) (960 2336 -640 ) (960 2336 -512 ) (920 2336 -512 ) 
3 14 22 (960 2336 -640 ) (960 2296 -640 ) (920 2336 -640 ) 
3 15 22 (960 1992 -640 ) (960 1952 -640 ) (920 1952 -640 ) 
4 15 20 (920 1952 -640 ) (960 1952 -640 ) (960 1952 -512 ) (920 1952 -512 ) 
8 16 17 (912 1968 -432 ) (688 1968 -432 ) (656 2000 -432 ) (656 2288 -432 ) (688 2320 -432 ) (912 2320 -432 ) (944 2288 -432 ) (944 2000 -432 ) 
8 17 22 (944 2000 -640 ) (912 1968 -640 ) (688 1968 -640 ) (656 2000 -640 ) (656 2288 -640 ) (688 2320 -640 ) (912 2320 -640 ) (944 2288 -640 ) 
3 18 22 (680 1952 -640 ) (640 1952 -640 ) (640 1992 -640 ) 
4 18 21 (640 1992 -512 ) (640 1992 -640 ) (640 1952 -640 ) (640 1952 -512 ) 
4 18 20 (640 1952 -640 ) (680 1952 -640 ) (680 1952 -512 ) (640 1952 -512 ) 
3 19 22 (640 2296 -640 ) (640 2336 -640 ) (680 2336 -640 ) 
4 19 21 (640 2336 -512 ) (640 2336 -640 ) (640 2296 -640 ) (640 2296 -512 ) 
4 20 22 (960 1952 -640 ) (960 1824 -640 ) (640 1824 -640 ) (640 1952 -640 ) 
4 20 21 (640 1824 -640 ) (640 1824 -512 ) (640 1952 -512 ) (640 1952 -640 ) 
4 21 22 (544 1824 -640 ) (544 2464 -640 ) (640 2464 -640 ) (640 1824 -640 ) 
4 22 23 (544 2272 -832 ) (544 2016 -832 ) (544 2016 -640 ) (544 2272 -640 ) 
4 23 84 (416 2016 -704 ) (416 2016 -640 ) (416 2144 -640 ) (416 2144 -704 ) 
4 23 85 (416 2016 -848 ) (416 2016 -704 ) (416 2144 -704 ) (416 2144 -848 ) 
4 23 41 (416 2144 -640 ) (416 2272 -640 ) (416 2272 -704 ) (416 2144 -704 ) 
4 23 42 (416 2272 -704 ) (416 2272 -848 ) (416 2144 -848 ) (416 2144 -704 ) 
4 23 24 (512 2016 -848 ) (480 2016 -848 ) (480 2272 -848 ) (512 2272 -848 ) 
4 23 25 (480 2016 -848 ) (416 2016 -848 ) (416 2272 -848 ) (480 2272 -848 ) 
4 24 25 (480 2016 -848 ) (480 2272 -848 ) (480 2272 -864 ) (480 2016 -864 ) 
4 25 85 (416 2144 -880 ) (416 2016 -880 ) (416 2016 -848 ) (416 2144 -848 ) 
4 25 42 (416 2272 -880 ) (416 2144 -880 ) (416 2144 -848 ) (416 2272 -848 ) 
4 25 26 (448 2016 -880 ) (416 2016 -880 ) (416 2272 -880 ) (448 2272 -880 ) 
4 26 85 (416 2016 -896 ) (416 2016 -880 ) (416 2144 -880 ) (416 2144 -896 ) 
4 26 42 (416 2144 -880 ) (416 2272 -880 ) (416 2272 -896 ) (416 2144 -896 ) 
4 27 57 (-160 2144 392 ) (-160 2144 256 ) (160 2144 256 ) (160 2144 392 ) 
4 27 35 (160 2144 256 ) (-160 2144 256 ) (-160 2240 256 ) (160 2240 256 ) 
4 28 30 (-160 2560 -64 ) (-96 2560 -64 ) (-96 2560 64 ) (-160 2560 64 ) 
4 28 29 (-160 2568 -64 ) (-160 2560 -64 ) (-160 2560 0 ) (-160 2568 0 ) 
4 29 30 (-192 2560 -64 ) (-160 2560 -64 ) (-160 2560 0 ) (-192 2560 0 ) 
4 30 128 (-320 2560 -64 ) (-320 2432 -64 ) (-320 2432 64 ) (-320 2560 64 ) 
4 30 34 (-288 2432 64 ) (-320 2432 64 ) (-320 2432 -64 ) (-288 2432 -64 ) 
4 30 33 (224 2432 -64 ) (224 2432 64 ) (-224 2432 64 ) (-224 2432 -64 ) 
5 30 31 (224 2432 -64 ) (-320 2432 -64 ) (-320 2560 -64 ) (160 2560 -64 ) (224 2496 -64 ) 
4 31 130 (-320 2432 -128 ) (-320 2432 -64 ) (-320 2560 -64 ) (-320 2560 -128 ) 
4 31 34 (-288 2432 -64 ) (-320 2432 -64 ) (-320 2432 -128 ) (-288 2432 -128 ) 
4 31 33 (224 2432 -128 ) (224 2432 -64 ) (-224 2432 -64 ) (-224 2432 -128 ) 
4 32 58 (416 2144 -192 ) (416 2144 256 ) (224 2144 256 ) (224 2144 -192 ) 
4 32 36 (224 2368 -192 ) (224 2144 -192 ) (224 2144 -128 ) (224 2368 -128 ) 
4 32 35 (224 2144 -128 ) (224 2144 256 ) (224 2368 256 ) (224 2368 -128 ) 
4 33 35 (-224 2368 -128 ) (224 2368 -128 ) (224 2368 64 ) (-224 2368 64 ) 
4 34 130 (-320 2432 -64 ) (-320 2432 -128 ) (-320 2368 -128 ) (-320 2368 -64 ) 
4 34 128 (-320 2432 64 ) (-320 2432 -64 ) (-320 2368 -64 ) (-320 2368 64 ) 
4 34 35 (-320 2368 64 ) (-320 2368 -128 ) (-288 2368 -128 ) (-288 2368 64 ) 
4 35 130 (-320 2144 -128 ) (-320 2144 -64 ) (-320 2368 -64 ) (-320 2368 -128 ) 
4 35 128 (-320 2144 -64 ) (-320 2144 64 ) (-320 2368 64 ) (-320 2368 -64 ) 
4 35 127 (-320 2144 64 ) (-320 2144 192 ) (-320 2368 192 ) (-320 2368 64 ) 
4 35 126 (-320 2144 192 ) (-320 2144 256 ) (-320 2368 256 ) (-320 2368 192 ) 
4 35 72 (-320 2144 -80 ) (-320 2144 -128 ) (-288 2144 -128 ) (-288 2144 -80 ) 
4 35 69 (-288 2144 -128 ) (-128 2144 -128 ) (-128 2144 -80 ) (-288 2144 -80 ) 
4 35 68 (-128 2144 256 ) (-320 2144 256 ) (-320 2144 -80 ) (-128 2144 -80 ) 
4 35 64 (-64 2144 256 ) (-128 2144 256 ) (-128 2144 -128 ) (-64 2144 -128 ) 
4 35 60 (-32 2144 256 ) (-64 2144 256 ) (-64 2144 -128 ) (-32 2144 -128 ) 
4 35 59 (96 2144 256 ) (-32 2144 256 ) (-32 2144 -128 ) (96 2144 -128 ) 
4 35 58 (224 2144 256 ) (96 2144 256 ) (96 2144 -128 ) (224 2144 -128 ) 
4 35 39 (-128 2368 -128 ) (-64 2368 -128 ) (-64 2176 -128 ) (-128 2176 -128 ) 
4 35 38 (-64 2368 -128 ) (0 2368 -128 ) (0 2176 -128 ) (-64 2176 -128 ) 
4 35 37 (0 2368 -128 ) (64 2368 -128 ) (64 2176 -128 ) (0 2176 -128 ) 
5 35 36 (64 2368 -128 ) (224 2368 -128 ) (224 2144 -128 ) (96 2144 -128 ) (64 2176 -128 ) 
4 36 58 (96 2144 -192 ) (224 2144 -192 ) (224 2144 -128 ) (96 2144 -128 ) 
4 36 37 (64 2176 -128 ) (64 2368 -128 ) (64 2368 -176 ) (64 2176 -176 ) 
4 37 38 (0 2176 -160 ) (0 2176 -128 ) (0 2368 -128 ) (0 2368 -160 ) 
4 38 39 (-64 2176 -128 ) (-64 2368 -128 ) (-64 2368 -144 ) (-64 2176 -144 ) 
4 40 43 (160 2784 -896 ) (160 2560 -896 ) (160 2560 -704 ) (160 2784 -704 ) 
4 40 42 (160 2464 -896 ) (416 2464 -896 ) (416 2464 -704 ) (160 2464 -704 ) 
4 41 84 (416 2144 -704 ) (416 2144 -512 ) (160 2144 -512 ) (160 2144 -704 ) 
4 41 44 (160 2144 -704 ) (160 2144 -640 ) (160 2240 -640 ) (160 2240 -704 ) 
4 41 42 (416 2144 -704 ) (160 2144 -704 ) (160 2400 -704 ) (416 2400 -704 ) 
4 42 85 (416 2144 -896 ) (416 2144 -704 ) (160 2144 -704 ) (160 2144 -896 ) 
4 42 49 (160 2144 -896 ) (160 2144 -832 ) (160 2240 -832 ) (160 2240 -896 ) 
4 42 48 (160 2144 -832 ) (160 2144 -768 ) (160 2176 -768 ) (160 2176 -832 ) 
4 42 47 (160 2176 -768 ) (160 2208 -768 ) (160 2208 -832 ) (160 2176 -832 ) 
4 42 46 (160 2144 -768 ) (160 2144 -704 ) (160 2208 -704 ) (160 2208 -768 ) 
4 42 45 (160 2208 -704 ) (160 2240 -704 ) (160 2240 -832 ) (160 2208 -832 ) 
4 43 53 (32 2784 -704 ) (32 2784 -896 ) (32 2560 -896 ) (32 2560 -704 ) 
4 44 87 (96 2144 -704 ) (160 2144 -704 ) (160 2144 -640 ) (96 2144 -640 ) 
4 44 46 (160 2208 -704 ) (160 2144 -704 ) (96 2144 -704 ) (96 2208 -704 ) 
4 44 45 (96 2240 -704 ) (160 2240 -704 ) (160 2208 -704 ) (96 2208 -704 ) 
4 45 49 (96 2240 -832 ) (160 2240 -832 ) (160 2208 -832 ) (96 2208 -832 ) 
4 45 47 (96 2208 -832 ) (160 2208 -832 ) (160 2208 -768 ) (96 2208 -768 ) 
4 45 46 (160 2208 -768 ) (160 2208 -704 ) (96 2208 -704 ) (96 2208 -768 ) 
4 46 87 (96 2144 -768 ) (160 2144 -768 ) (160 2144 -704 ) (96 2144 -704 ) 
4 46 48 (160 2176 -768 ) (160 2144 -768 ) (96 2144 -768 ) (96 2176 -768 ) 
4 46 47 (88 2208 -768 ) (160 2208 -768 ) (160 2176 -768 ) (88 2176 -768 ) 
4 47 49 (96 2208 -832 ) (160 2208 -832 ) (160 2176 -832 ) (96 2176 -832 ) 
4 47 48 (96 2176 -832 ) (160 2176 -832 ) (160 2176 -768 ) (96 2176 -768 ) 
4 48 87 (96 2144 -832 ) (160 2144 -832 ) (160 2144 -768 ) (96 2144 -768 ) 
4 48 49 (160 2144 -832 ) (96 2144 -832 ) (96 2176 -832 ) (160 2176 -832 ) 
4 49 87 (96 2144 -896 ) (160 2144 -896 ) (160 2144 -832 ) (96 2144 -832 ) 
3 50 54 (-32 2400 -512 ) (32 2400 -512 ) (32 2364 -512 ) 
3 50 52 (-32 2400 -512 ) (32 2364 -512 ) (32 2304 -432 ) 
6 51 52 (-32 2400 -512 ) (32 2304 -432 ) (-32 2246.400000 -384 ) (-160 2246.400000 -384 ) (-224 2304 -432 ) (-160 2400 -512 ) 
6 52 89 (32 2144 -512 ) (32 2144 -432 ) (-32 2144 -384 ) (-160 2144 -384 ) (-224 2144 -432 ) (-224 2144 -512 ) 
5 52 54 (32 2144 -512 ) (-224 2144 -512 ) (-224 2400 -512 ) (-32 2400 -512 ) (32 2364 -512 ) 
4 53 55 (-224 2464 -704 ) (-224 2464 -896 ) (32 2464 -896 ) (32 2464 -704 ) 
4 54 92 (32 2144 -704 ) (32 2144 -512 ) (-224 2144 -512 ) (-224 2144 -704 ) 
4 54 55 (32 2144 -704 ) (-224 2144 -704 ) (-224 2400 -704 ) (32 2400 -704 ) 
4 55 93 (32 2144 -896 ) (32 2144 -704 ) (-224 2144 -704 ) (-224 2144 -896 ) 
4 55 56 (-224 2240 -896 ) (-224 2144 -896 ) (-224 2144 -704 ) (-224 2240 -704 ) 
4 56 160 (-320 2144 -896 ) (-320 2144 -704 ) (-320 2240 -704 ) (-320 2240 -896 ) 
4 56 95 (-224 2144 -896 ) (-224 2144 -704 ) (-320 2144 -704 ) (-320 2144 -896 ) 
4 57 68 (-160 2144 256 ) (-128 2144 256 ) (-128 1920 256 ) (-160 1920 256 ) 
4 57 67 (-64 1984 256 ) (-64 1920 256 ) (-128 1920 256 ) (-128 1984 256 ) 
4 57 65 (-64 2112 256 ) (-64 1984 256 ) (-128 1984 256 ) (-128 2112 256 ) 
4 57 64 (-128 2144 256 ) (-64 2144 256 ) (-64 2112 256 ) (-128 2112 256 ) 
4 57 63 (96 2016 256 ) (96 1920 256 ) (-64 1920 256 ) (-64 2016 256 ) 
4 57 61 (-32 2080 256 ) (-32 2016 256 ) (-64 2016 256 ) (-64 2080 256 ) 
4 57 60 (-64 2144 256 ) (-32 2144 256 ) (-32 2080 256 ) (-64 2080 256 ) 
4 57 59 (-32 2144 256 ) (96 2144 256 ) (96 2016 256 ) (-32 2016 256 ) 
4 57 58 (96 2144 256 ) (160 2144 256 ) (160 1920 256 ) (96 1920 256 ) 
4 58 76 (224 1920 256 ) (96 1920 256 ) (96 1920 -64 ) (224 1920 -64 ) 
4 58 75 (416 1920 -64 ) (416 1920 256 ) (288 1920 256 ) (288 1920 -64 ) 
4 58 63 (96 1920 -128 ) (96 1920 256 ) (96 2016 256 ) (96 2016 -128 ) 
4 58 59 (96 2144 256 ) (96 2144 -128 ) (96 2016 -128 ) (96 2016 256 ) 
4 59 63 (96 2016 -128 ) (96 2016 256 ) (-32 2016 256 ) (-32 2016 -128 ) 
4 59 61 (-32 2080 -128 ) (-32 2016 -128 ) (-32 2016 256 ) (-32 2080 256 ) 
4 59 60 (-32 2144 256 ) (-32 2144 -128 ) (-32 2080 -128 ) (-32 2080 256 ) 
4 60 65 (-64 2112 -128 ) (-64 2080 -128 ) (-64 2080 256 ) (-64 2112 256 ) 
4 60 64 (-64 2144 256 ) (-64 2144 -128 ) (-64 2112 -128 ) (-64 2112 256 ) 
4 60 61 (-32 2080 -128 ) (-32 2080 256 ) (-64 2080 256 ) (-64 2080 -128 ) 
4 61 65 (-64 2016 -128 ) (-64 2016 256 ) (-64 2080 256 ) (-64 2080 -128 ) 
4 61 63 (-32 2016 -128 ) (-32 2016 256 ) (-64 2016 256 ) (-64 2016 -128 ) 
4 61 62 (-32 2080 -128 ) (-32 2016 -128 ) (-64 2016 -128 ) (-64 2080 -128 ) 
4 62 66 (-64 2016 -132 ) (-64 2016 -128 ) (-64 2080 -128 ) (-64 2080 -132 ) 
4 63 76 (96 1920 256 ) (-64 1920 256 ) (-64 1920 -64 ) (96 1920 -64 ) 
4 63 67 (-64 1920 -128 ) (-64 1920 256 ) (-64 1984 256 ) (-64 1984 -128 ) 
4 63 65 (-64 1984 256 ) (-64 2016 256 ) (-64 2016 -128 ) (-64 1984 -128 ) 
4 64 69 (-128 2144 -80 ) (-128 2144 -128 ) (-128 2112 -128 ) (-128 2112 -80 ) 
4 64 68 (-128 2112 256 ) (-128 2144 256 ) (-128 2144 -80 ) (-128 2112 -80 ) 
4 64 65 (-64 2112 -128 ) (-64 2112 256 ) (-128 2112 256 ) (-128 2112 -128 ) 
4 65 70 (-128 2080 -128 ) (-128 1984 -128 ) (-128 1984 -80 ) (-128 2080 -80 ) 
4 65 69 (-128 2112 -80 ) (-128 2112 -128 ) (-128 2080 -128 ) (-128 2080 -80 ) 
4 65 68 (-128 1984 256 ) (-128 2112 256 ) (-128 2112 -80 ) (-128 1984 -80 ) 
4 65 67 (-128 1984 256 ) (-128 1984 -128 ) (-64 1984 -128 ) (-64 1984 256 ) 
4 65 66 (-64 1984 -128 ) (-128 1984 -128 ) (-128 2112 -128 ) (-64 2112 -128 ) 
4 66 71 (-128 2080 -132 ) (-128 2048 -132 ) (-128 2048 -128 ) (-128 2080 -128 ) 
4 67 76 (-64 1920 256 ) (-128 1920 256 ) (-128 1920 -64 ) (-64 1920 -64 ) 
4 67 70 (-128 1920 -128 ) (-128 1920 -80 ) (-128 1984 -80 ) (-128 1984 -128 ) 
4 67 68 (-128 1920 -80 ) (-128 1920 256 ) (-128 1984 256 ) (-128 1984 -80 ) 
4 68 133 (-320 1984 -80 ) (-320 1920 -80 ) (-320 1920 -64 ) (-320 1984 -64 ) 
4 68 132 (-320 2048 -80 ) (-320 1984 -80 ) (-320 1984 -64 ) (-320 2048 -64 ) 
4 68 131 (-320 2112 -80 ) (-320 2048 -80 ) (-320 2048 -64 ) (-320 2112 -64 ) 
4 68 130 (-320 2144 -64 ) (-320 2144 -80 ) (-320 2112 -80 ) (-320 2112 -64 ) 
4 68 128 (-320 2144 64 ) (-320 2144 -64 ) (-320 1920 -64 ) (-320 1920 64 ) 
4 68 127 (-320 2144 192 ) (-320 2144 64 ) (-320 1920 64 ) (-320 1920 192 ) 
4 68 126 (-320 2144 256 ) (-320 2144 192 ) (-320 1920 192 ) (-320 1920 256 ) 
4 68 77 (-288 1920 256 ) (-320 1920 256 ) (-320 1920 -64 ) (-288 1920 -64 ) 
4 68 76 (-128 1920 256 ) (-224 1920 256 ) (-224 1920 -64 ) (-128 1920 -64 ) 
4 68 74 (-320 1984 -80 ) (-320 2048 -80 ) (-288 2048 -80 ) (-288 1984 -80 ) 
4 68 73 (-320 2048 -80 ) (-320 2112 -80 ) (-288 2112 -80 ) (-288 2048 -80 ) 
4 68 72 (-320 2112 -80 ) (-320 2144 -80 ) (-288 2144 -80 ) (-288 2112 -80 ) 
4 68 70 (-128 2080 -80 ) (-128 1920 -80 ) (-288 1920 -80 ) (-288 2080 -80 ) 
4 68 69 (-288 2144 -80 ) (-128 2144 -80 ) (-128 2080 -80 ) (-288 2080 -80 ) 
4 69 73 (-288 2080 -112 ) (-288 2080 -80 ) (-288 2112 -80 ) (-288 2112 -112 ) 
4 69 72 (-288 2144 -80 ) (-288 2144 -128 ) (-288 2112 -128 ) (-288 2112 -80 ) 
4 69 70 (-128 2080 -128 ) (-128 2080 -80 ) (-288 2080 -80 ) (-288 2080 -128 ) 
4 70 74 (-288 1984 -80 ) (-288 2048 -80 ) (-288 2048 -96 ) (-288 1984 -96 ) 
4 70 73 (-288 2048 -80 ) (-288 2080 -80 ) (-288 2080 -112 ) (-288 2048 -112 ) 
4 70 71 (-160 2080 -128 ) (-128 2080 -128 ) (-128 2048 -128 ) (-160 2048 -128 ) 
4 72 130 (-320 2144 -80 ) (-320 2144 -128 ) (-320 2112 -128 ) (-320 2112 -80 ) 
4 72 73 (-320 2112 -80 ) (-320 2112 -112 ) (-288 2112 -112 ) (-288 2112 -80 ) 
4 73 131 (-320 2048 -112 ) (-320 2048 -80 ) (-320 2112 -80 ) (-320 2112 -112 ) 
4 73 74 (-288 2048 -96 ) (-288 2048 -80 ) (-320 2048 -80 ) (-320 2048 -96 ) 
4 74 132 (-320 1984 -96 ) (-320 1984 -80 ) (-320 2048 -80 ) (-320 2048 -96 ) 
4 75 79 (416 1856 -64 ) (416 1856 192 ) (288 1856 192 ) (288 1856 -64 ) 
4 75 78 (416 1856 192 ) (416 1856 256 ) (288 1856 256 ) (288 1856 192 ) 
4 76 81 (-224 1856 192 ) (-224 1856 -64 ) (-128 1856 -64 ) (-128 1856 192 ) 
4 76 80 (-128 1856 -64 ) (128 1856 -64 ) (128 1856 192 ) (-128 1856 192 ) 
4 76 79 (128 1856 -64 ) (224 1856 -64 ) (224 1856 192 ) (128 1856 192 ) 
4 76 78 (224 1856 256 ) (-224 1856 256 ) (-224 1856 192 ) (224 1856 192 ) 
4 77 134 (-320 1920 192 ) (-320 1920 -64 ) (-320 1856 -64 ) (-320 1856 192 ) 
4 77 126 (-320 1856 256 ) (-320 1920 256 ) (-320 1920 192 ) (-320 1856 192 ) 
4 77 81 (-320 1856 192 ) (-320 1856 -64 ) (-288 1856 -64 ) (-288 1856 192 ) 
4 77 78 (-288 1856 256 ) (-320 1856 256 ) (-320 1856 192 ) (-288 1856 192 ) 
4 78 126 (-320 1664 256 ) (-320 1856 256 ) (-320 1856 192 ) (-320 1664 192 ) 
4 78 81 (-320 1664 192 ) (-320 1856 192 ) (-128 1856 192 ) (-128 1664 192 ) 
4 78 80 (-128 1856 192 ) (128 1856 192 ) (128 1664 192 ) (-128 1664 192 ) 
5 78 79 (128 1856 192 ) (416 1856 192 ) (416 1696 192 ) (384 1664 192 ) (128 1664 192 ) 
4 79 80 (128 1856 -64 ) (128 1664 -64 ) (128 1664 192 ) (128 1856 192 ) 
4 80 83 (-128 1632 -32 ) (-128 1632 -48 ) (128 1632 -48 ) (128 1632 -32 ) 
4 80 82 (128 1632 192 ) (-128 1632 192 ) (-128 1632 -32 ) (128 1632 -32 ) 
4 80 81 (-128 1856 192 ) (-128 1856 -64 ) (-128 1664 -64 ) (-128 1664 192 ) 
4 81 134 (-320 1664 192 ) (-320 1856 192 ) (-320 1856 -64 ) (-320 1664 -64 ) 
4 82 97 (-128 1504 0 ) (-128 1504 -16 ) (128 1504 -16 ) (128 1504 0 ) 
4 82 96 (-128 1504 192 ) (-128 1504 0 ) (128 1504 0 ) (128 1504 192 ) 
4 82 83 (-128 1632 -32 ) (128 1632 -32 ) (128 1568 -32 ) (-128 1568 -32 ) 
4 84 87 (160 2144 -640 ) (160 2144 -704 ) (160 2048 -704 ) (160 2048 -640 ) 
4 84 85 (160 1888 -704 ) (160 2144 -704 ) (416 2144 -704 ) (416 1888 -704 ) 
4 85 87 (160 2144 -704 ) (160 2144 -896 ) (160 2048 -896 ) (160 2048 -704 ) 
4 85 86 (160 1824 -896 ) (416 1824 -896 ) (416 1824 -704 ) (160 1824 -704 ) 
4 86 108 (384 1504 -512 ) (160 1504 -512 ) (160 1504 -896 ) (384 1504 -896 ) 
4 86 88 (160 1504 -896 ) (160 1504 -704 ) (160 1728 -704 ) (160 1728 -896 ) 
4 88 94 (32 1504 -896 ) (32 1504 -704 ) (32 1728 -704 ) (32 1728 -896 ) 
6 89 92 (-224 2144 -512 ) (32 2144 -512 ) (32 1924 -512 ) (-32 1888 -512 ) (-160 1888 -512 ) (-224 1924 -512 ) 
3 89 91 (-224 1984 -432 ) (-224 1924 -512 ) (-160 1888 -512 ) 
3 89 90 (-32 1888 -512 ) (32 1924 -512 ) (32 1984 -432 ) 
3 90 92 (32 1924 -512 ) (32 1888 -512 ) (-32 1888 -512 ) 
3 91 92 (-224 1888 -512 ) (-224 1924 -512 ) (-160 1888 -512 ) 
4 92 93 (-224 1888 -704 ) (-224 2144 -704 ) (32 2144 -704 ) (32 1888 -704 ) 
4 93 95 (-224 2144 -704 ) (-224 2144 -896 ) (-224 2048 -896 ) (-224 2048 -704 ) 
4 93 94 (-224 1824 -704 ) (-224 1824 -896 ) (32 1824 -896 ) (32 1824 -704 ) 
4 94 109 (32 1504 -896 ) (32 1504 -512 ) (-192 1504 -512 ) (-192 1504 -896 ) 
4 95 160 (-320 2048 -704 ) (-320 2144 -704 ) (-320 2144 -896 ) (-320 2048 -896 ) 
4 96 98 (128 1408 0 ) (128 1408 192 ) (-128 1408 192 ) (-128 1408 0 ) 
4 96 97 (-128 1440 0 ) (-128 1504 0 ) (128 1504 0 ) (128 1440 0 ) 
4 98 244 (-320 1408 192 ) (-320 1408 0 ) (-320 1216 0 ) (-320 1216 192 ) 
4 98 243 (-320 1408 256 ) (-320 1408 192 ) (-320 1216 192 ) (-320 1216 256 ) 
4 98 101 (-320 1216 192 ) (-320 1216 0 ) (-256 1216 0 ) (-256 1216 192 ) 
4 98 100 (-96 1216 192 ) (-96 1216 0 ) (96 1216 0 ) (96 1216 192 ) 
4 98 99 (448 1216 0 ) (448 1216 192 ) (256 1216 192 ) (256 1216 0 ) 
4 99 102 (448 1088 0 ) (448 1088 192 ) (256 1088 192 ) (256 1088 0 ) 
4 101 244 (-320 1216 192 ) (-320 1216 0 ) (-320 1088 0 ) (-320 1088 192 ) 
4 101 106 (-320 1088 192 ) (-320 1088 0 ) (-256 1088 0 ) (-256 1088 192 ) 
4 102 103 (256 1088 256 ) (256 1088 0 ) (256 896 0 ) (256 896 256 ) 
4 103 104 (224 896 256 ) (224 1088 256 ) (224 1088 0 ) (224 896 0 ) 
6 104 107 (-128 896 0 ) (128 896 0 ) (128 896 128 ) (64 896 192 ) (-64 896 192 ) (-128 896 128 ) 
4 104 105 (-224 1088 256 ) (-224 1088 0 ) (-224 896 0 ) (-224 896 256 ) 
4 105 106 (-256 896 256 ) (-256 1088 256 ) (-256 1088 0 ) (-256 896 0 ) 
4 106 255 (-320 896 256 ) (-320 1088 256 ) (-320 1088 0 ) (-320 896 0 ) 
6 107 116 (-128 864 0 ) (128 864 0 ) (128 864 128 ) (64 864 192 ) (-64 864 192 ) (-128 864 128 ) 
4 110 116 (128 864 128 ) (128 864 0 ) (128 800 0 ) (128 800 128 ) 
4 110 115 (128 800 192 ) (128 864 192 ) (128 864 128 ) (128 800 128 ) 
4 111 116 (128 640 128 ) (128 704 128 ) (128 704 0 ) (128 640 0 ) 
4 112 116 (128 512 128 ) (128 576 128 ) (128 576 0 ) (128 512 0 ) 
4 113 116 (128 384 128 ) (128 448 128 ) (128 448 0 ) (128 384 0 ) 
4 114 116 (128 256 128 ) (128 320 128 ) (128 320 0 ) (128 256 0 ) 
4 115 116 (128 864 128 ) (128 800 128 ) (64 800 192 ) (64 864 192 ) 
6 116 272 (128 192 0 ) (128 192 128 ) (64 192 192 ) (-64 192 192 ) (-128 192 128 ) (-128 192 0 ) 
4 116 124 (-128 320 0 ) (-128 256 0 ) (-128 256 128 ) (-128 320 128 ) 
4 116 123 (-128 448 0 ) (-128 384 0 ) (-128 384 128 ) (-128 448 128 ) 
4 116 122 (-128 576 0 ) (-128 512 0 ) (-128 512 128 ) (-128 576 128 ) 
4 116 121 (-128 704 0 ) (-128 640 0 ) (-128 640 128 ) (-128 704 128 ) 
4 116 119 (-128 864 32 ) (-128 864 0 ) (-128 800 0 ) (-128 800 32 ) 
4 116 118 (-128 864 128 ) (-128 864 32 ) (-128 800 32 ) (-128 800 128 ) 
4 116 117 (-64 800 192 ) (-64 864 192 ) (-128 864 128 ) (-128 800 128 ) 
4 117 118 (-128 864 192 ) (-128 864 128 ) (-128 800 128 ) (-128 800 192 ) 
4 118 120 (-272 864 32 ) (-240 864 32 ) (-240 800 32 ) (-272 800 32 ) 
4 118 119 (-240 864 32 ) (-128 864 32 ) (-128 800 32 ) (-240 800 32 ) 
4 119 120 (-240 800 32 ) (-240 864 32 ) (-240 864 0 ) (-240 800 0 ) 
4 122 125 (-256 576 128 ) (-256 576 0 ) (-256 512 0 ) (-256 512 128 ) 
4 125 308 (-256 192 0 ) (-256 192 128 ) (-320 192 128 ) (-320 192 0 ) 
4 125 256 (-320 192 0 ) (-320 192 128 ) (-320 256 128 ) (-320 256 0 ) 
5 126 134 (-320 1664 192 ) (-384 1664 192 ) (-448 1728 192 ) (-448 1920 192 ) (-320 1920 192 ) 
4 126 127 (-448 1920 192 ) (-448 2368 192 ) (-320 2368 192 ) (-320 1920 192 ) 
4 127 134 (-320 1920 64 ) (-320 1920 192 ) (-448 1920 192 ) (-448 1920 64 ) 
4 127 129 (-448 1920 64 ) (-448 1920 192 ) (-448 2304 192 ) (-448 2304 64 ) 
4 127 128 (-320 2368 64 ) (-320 1920 64 ) (-448 1920 64 ) (-448 2368 64 ) 
4 128 134 (-320 1920 -64 ) (-320 1920 64 ) (-448 1920 64 ) (-448 1920 -64 ) 
4 128 133 (-320 1984 -64 ) (-320 1920 -64 ) (-448 1920 -64 ) (-448 1984 -64 ) 
4 128 132 (-320 2048 -64 ) (-320 1984 -64 ) (-448 1984 -64 ) (-448 2048 -64 ) 
4 128 131 (-320 2112 -64 ) (-320 2048 -64 ) (-448 2048 -64 ) (-448 2112 -64 ) 
5 128 130 (-384 2560 -64 ) (-320 2560 -64 ) (-320 2112 -64 ) (-448 2112 -64 ) (-448 2496 -64 ) 
4 128 129 (-448 1920 -64 ) (-448 1920 64 ) (-448 2304 64 ) (-448 2304 -64 ) 
4 130 131 (-320 2112 -112 ) (-320 2112 -64 ) (-448 2112 -64 ) (-448 2112 -112 ) 
4 131 132 (-320 2048 -96 ) (-320 2048 -64 ) (-448 2048 -64 ) (-448 2048 -96 ) 
4 132 133 (-320 1984 -80 ) (-320 1984 -64 ) (-448 1984 -64 ) (-448 1984 -80 ) 
3 135 202 (-1088 1920 -528 ) (-1088 1920 -520 ) (-1088 1984 -512 ) 
3 135 139 (-1024 1920 -544 ) (-1066.666667 1920 -533.333333 ) (-1056 1952 -528 ) 
4 135 136 (-1066.666667 1920 -533.333333 ) (-1088 1920 -528 ) (-1088 1984 -512 ) (-1056 1952 -528 ) 
4 136 210 (-1088 1920 -533.333333 ) (-1088 1920 -528 ) (-1088 2048 -496 ) (-1088 2144 -496 ) 
4 136 139 (-1024 2048 -512 ) (-1066.666667 1920 -533.333333 ) (-1088 1920 -533.333333 ) (-1088 2144 -496 ) 
6 137 139 (-960 2048 -533.333333 ) (-1022.717926 2236.153777 -481.068395 ) (-1015.202454 2251.730061 -487.331288 ) (-928 2368 -560 ) (-928 2176 -560 ) (-947.200000 2022.400000 -544 ) 
3 137 140 (-928 2176 -560 ) (-928 2048 -544 ) (-947.200000 2022.400000 -544 ) 
3 138 205 (-1088 2368 -504 ) (-1088 2368 -528 ) (-1088 2304 -504 ) 
4 138 139 (-966.400000 2368 -528 ) (-1024 2240 -480 ) (-1088 2304 -504 ) (-1088 2368 -528 ) 
3 139 209 (-1088 2240 -496 ) (-1088 2282.666667 -496 ) (-1088 2294.857143 -500.571429 ) 
8 139 210 (-1088 2368 -608 ) (-1088 2346.666667 -608 ) (-1088 1920 -554.666667 ) (-1088 1920 -533.333333 ) (-1088 2144 -496 ) (-1088 2240 -496 ) (-1088 2294.857143 -500.571429 ) (-1088 2368 -528 ) 
3 139 208 (-1088 2144 -496 ) (-1088 2240 -480 ) (-1088 2282.666667 -496 ) 
3 139 155 (-1088 2346.666667 -608 ) (-1088 2368 -608 ) (-1072 2368 -608 ) 
7 139 140 (-1024 1920 -544 ) (-1088 1920 -554.666667 ) (-1088 2346.666667 -608 ) (-1072 2368 -608 ) (-928 2368 -584 ) (-928 2176 -560 ) (-947.200000 2022.400000 -544 ) 
3 140 210 (-1088 2346.666667 -608 ) (-1088 1920 -608 ) (-1088 1920 -554.666667 ) 
4 140 164 (-1088 1920 -608 ) (-1088 2240 -608 ) (-928 2240 -608 ) (-928 1920 -608 ) 
5 140 155 (-1088 2240 -608 ) (-1088 2346.666667 -608 ) (-1072 2368 -608 ) (-928 2368 -608 ) (-928 2240 -608 ) 
4 141 161 (-352 2240 -608 ) (-608 2240 -608 ) (-608 2240 -960 ) (-352 2240 -960 ) 
4 142 149 (-928 2624 -608 ) (-960 2624 -608 ) (-960 2624 -960 ) (-928 2624 -960 ) 
4 142 146 (-960 2624 -832 ) (-960 2624 -608 ) (-960 2656 -608 ) (-960 2656 -832 ) 
4 142 147 (-960 2656 -960 ) (-960 2624 -960 ) (-960 2624 -832 ) (-960 2656 -832 ) 
4 143 179 (-1088 2784 -816 ) (-1088 2784 -832 ) (-1088 2760 -832 ) (-1088 2760 -816 ) 
4 143 178 (-1088 2760 -608 ) (-1088 2784 -608 ) (-1088 2784 -784 ) (-1088 2760 -784 ) 
4 143 177 (-1088 2784 -608 ) (-1088 2880 -608 ) (-1088 2880 -832 ) (-1088 2784 -832 ) 
4 143 145 (-960 2760 -645.333333 ) (-960 2760 -608 ) (-1088 2760 -608 ) (-1088 2760 -816 ) 
3 143 144 (-1072 2760 -832 ) (-960 2760 -832 ) (-960 2760 -682.666667 ) 
4 143 147 (-1088 2880 -832 ) (-960 2880 -832 ) (-960 2760 -832 ) (-1088 2760 -832 ) 
4 144 147 (-960 2760 -832 ) (-960 2744 -832 ) (-1072 2744 -832 ) (-1072 2760 -832 ) 
3 144 146 (-1072 2744 -832 ) (-960 2744 -832 ) (-960 2744 -682.666667 ) 
4 145 178 (-1088 2744 -608 ) (-1088 2760 -608 ) (-1088 2760 -784 ) (-1088 2744 -784 ) 
4 145 146 (-1088 2744 -608 ) (-1088 2744 -816 ) (-960 2744 -645.333333 ) (-960 2744 -608 ) 
4 146 180 (-1088 2624 -832 ) (-1088 2624 -816 ) (-1088 2744 -816 ) (-1088 2744 -832 ) 
4 146 178 (-1088 2624 -784 ) (-1088 2624 -608 ) (-1088 2744 -608 ) (-1088 2744 -784 ) 
4 146 149 (-960 2624 -608 ) (-1088 2624 -608 ) (-1088 2624 -832 ) (-960 2624 -832 ) 
4 146 147 (-960 2744 -832 ) (-960 2624 -832 ) (-1088 2624 -832 ) (-1088 2744 -832 ) 
4 147 185 (-1088 2784 -960 ) (-1088 2624 -960 ) (-1088 2624 -832 ) (-1088 2784 -832 ) 
4 147 177 (-1088 2880 -960 ) (-1088 2784 -960 ) (-1088 2784 -832 ) (-1088 2880 -832 ) 
4 147 149 (-1088 2624 -832 ) (-1088 2624 -960 ) (-960 2624 -960 ) (-960 2624 -832 ) 
4 148 163 (-672 2240 -608 ) (-864 2240 -608 ) (-864 2240 -960 ) (-672 2240 -960 ) 
4 148 150 (-864 2240 -944 ) (-864 2240 -608 ) (-864 2368 -608 ) (-864 2368 -944 ) 
4 148 149 (-864 2432 -608 ) (-864 2624 -608 ) (-864 2624 -960 ) (-864 2432 -960 ) 
4 149 192 (-1088 2624 -832 ) (-1088 2624 -960 ) (-1088 2432 -960 ) (-1088 2432 -832 ) 
4 149 188 (-1088 2624 -816 ) (-1088 2624 -832 ) (-1088 2432 -832 ) (-1088 2432 -816 ) 
4 149 187 (-1088 2432 -608 ) (-1088 2624 -608 ) (-1088 2624 -784 ) (-1088 2432 -784 ) 
4 149 156 (-1088 2432 -832 ) (-1088 2432 -944 ) (-928 2432 -944 ) (-928 2432 -832 ) 
4 149 152 (-1088 2432 -608 ) (-1088 2432 -832 ) (-928 2432 -832 ) (-928 2432 -608 ) 
4 150 164 (-864 2240 -608 ) (-928 2240 -608 ) (-928 2240 -944 ) (-864 2240 -944 ) 
4 150 157 (-928 2240 -944 ) (-928 2240 -832 ) (-928 2368 -832 ) (-928 2368 -944 ) 
4 150 155 (-928 2240 -832 ) (-928 2240 -608 ) (-928 2368 -608 ) (-928 2368 -832 ) 
4 150 151 (-896 2240 -944 ) (-928 2240 -944 ) (-928 2368 -944 ) (-896 2368 -944 ) 
4 151 165 (-928 2240 -944 ) (-928 2240 -960 ) (-896 2240 -960 ) (-896 2240 -944 ) 
4 151 159 (-896 2240 -960 ) (-928 2240 -960 ) (-928 2368 -960 ) (-896 2368 -960 ) 
4 151 157 (-928 2368 -960 ) (-928 2240 -960 ) (-928 2240 -944 ) (-928 2368 -944 ) 
4 152 188 (-1088 2432 -816 ) (-1088 2432 -832 ) (-1088 2408 -832 ) (-1088 2408 -816 ) 
4 152 187 (-1088 2408 -608 ) (-1088 2432 -608 ) (-1088 2432 -784 ) (-1088 2408 -784 ) 
4 152 156 (-1088 2408 -832 ) (-1088 2432 -832 ) (-928 2432 -832 ) (-928 2408 -832 ) 
3 152 154 (-931.755869 2408 -608 ) (-1088 2408 -608 ) (-1088 2408 -816 ) 
3 152 153 (-928 2408 -832 ) (-928 2408 -640 ) (-1072 2408 -832 ) 
4 153 156 (-1072 2408 -832 ) (-928 2408 -832 ) (-928 2400 -832 ) (-1072 2400 -832 ) 
4 153 157 (-928 2400 -832 ) (-928 2392 -832 ) (-1072 2392 -832 ) (-1072 2400 -832 ) 
3 153 155 (-1072 2392 -832 ) (-928 2392 -832 ) (-928 2392 -640 ) 
4 154 187 (-1088 2392 -608 ) (-1088 2408 -608 ) (-1088 2408 -784 ) (-1088 2392 -784 ) 
3 154 155 (-1088 2392 -608 ) (-1088 2392 -816 ) (-931.755869 2392 -608 ) 
4 155 211 (-1088 2240 -832 ) (-1088 2240 -608 ) (-1088 2368 -608 ) (-1088 2368 -832 ) 
4 155 196 (-1088 2392 -816 ) (-1088 2392 -832 ) (-1088 2368 -832 ) (-1088 2368 -816 ) 
4 155 195 (-1088 2368 -608 ) (-1088 2392 -608 ) (-1088 2392 -784 ) (-1088 2368 -784 ) 
4 155 164 (-928 2240 -608 ) (-1088 2240 -608 ) (-1088 2240 -832 ) (-928 2240 -832 ) 
4 155 157 (-1088 2240 -832 ) (-1088 2392 -832 ) (-928 2392 -832 ) (-928 2240 -832 ) 
4 156 193 (-1088 2400 -832 ) (-1088 2432 -832 ) (-1088 2432 -944 ) (-1088 2400 -944 ) 
4 156 157 (-928 2400 -832 ) (-1088 2400 -832 ) (-1088 2400 -944 ) (-928 2400 -944 ) 
4 157 211 (-1088 2240 -960 ) (-1088 2240 -832 ) (-1088 2368 -832 ) (-1088 2368 -960 ) 
4 157 196 (-1088 2368 -832 ) (-1088 2392 -832 ) (-1088 2392 -960 ) (-1088 2368 -960 ) 
4 157 194 (-1088 2400 -944 ) (-1088 2400 -960 ) (-1088 2392 -960 ) (-1088 2392 -944 ) 
4 157 193 (-1088 2392 -832 ) (-1088 2400 -832 ) (-1088 2400 -944 ) (-1088 2392 -944 ) 
4 157 165 (-1088 2240 -944 ) (-1088 2240 -960 ) (-928 2240 -960 ) (-928 2240 -944 ) 
4 157 164 (-1088 2240 -832 ) (-1088 2240 -944 ) (-928 2240 -944 ) (-928 2240 -832 ) 
4 157 159 (-928 2240 -960 ) (-1088 2240 -960 ) (-1088 2368 -960 ) (-928 2368 -960 ) 
4 157 158 (-1088 2368 -960 ) (-1088 2400 -960 ) (-928 2400 -960 ) (-928 2368 -960 ) 
4 158 200 (-1088 2368 -1136 ) (-1088 2368 -960 ) (-1088 2400 -960 ) (-1088 2400 -1136 ) 
4 158 159 (-1088 2368 -960 ) (-1088 2368 -1136 ) (-928 2368 -1136 ) (-928 2368 -960 ) 
4 159 241 (-1088 2240 -1136 ) (-1088 2240 -960 ) (-1088 2368 -960 ) (-1088 2368 -1136 ) 
4 159 172 (-1088 2240 -960 ) (-1088 2240 -1136 ) (-896 2240 -1136 ) (-896 2240 -960 ) 
4 160 161 (-352 2240 -704 ) (-352 2240 -896 ) (-352 2048 -896 ) (-352 2048 -704 ) 
4 161 162 (-608 2240 -832 ) (-608 2240 -960 ) (-608 2048 -960 ) (-608 2048 -832 ) 
4 162 163 (-672 2240 -832 ) (-672 2240 -960 ) (-672 2048 -960 ) (-672 2048 -832 ) 
4 163 174 (-672 1856 -960 ) (-672 1856 -608 ) (-864 1856 -608 ) (-864 1856 -960 ) 
4 163 164 (-864 1920 -608 ) (-864 2240 -608 ) (-864 2240 -944 ) (-864 1920 -944 ) 
4 164 211 (-1088 1920 -608 ) (-1088 2240 -608 ) (-1088 2240 -944 ) (-1088 1920 -944 ) 
4 164 170 (-1088 1920 -832 ) (-1088 1920 -944 ) (-928 1920 -944 ) (-928 1920 -832 ) 
4 164 166 (-1088 1920 -608 ) (-1088 1920 -832 ) (-928 1920 -832 ) (-928 1920 -608 ) 
4 164 165 (-1088 1920 -944 ) (-1088 2240 -944 ) (-896 2240 -944 ) (-896 1920 -944 ) 
4 165 211 (-1088 2240 -944 ) (-1088 2240 -960 ) (-1088 1920 -960 ) (-1088 1920 -944 ) 
4 165 172 (-1088 1920 -960 ) (-1088 2240 -960 ) (-896 2240 -960 ) (-896 1920 -960 ) 
4 165 171 (-1088 1920 -944 ) (-1088 1920 -960 ) (-928 1920 -960 ) (-928 1920 -944 ) 
4 166 213 (-1088 1920 -816 ) (-1088 1920 -832 ) (-1088 1896 -832 ) (-1088 1896 -816 ) 
4 166 212 (-1088 1896 -608 ) (-1088 1920 -608 ) (-1088 1920 -784 ) (-1088 1896 -784 ) 
4 166 170 (-1088 1896 -832 ) (-1088 1920 -832 ) (-928 1920 -832 ) (-928 1896 -832 ) 
3 166 168 (-931.755869 1896 -608 ) (-1088 1896 -608 ) (-1088 1896 -816 ) 
3 166 167 (-928 1896 -832 ) (-928 1896 -640 ) (-1072 1896 -832 ) 
4 167 170 (-1072 1896 -832 ) (-928 1896 -832 ) (-928 1880 -832 ) (-1072 1880 -832 ) 
3 167 169 (-1072 1880 -832 ) (-928 1880 -832 ) (-928 1880 -640 ) 
4 168 215 (-1088 1880 -608 ) (-1088 1896 -608 ) (-1088 1896 -784 ) (-1088 1880 -784 ) 
3 168 169 (-1088 1880 -608 ) (-1088 1880 -816 ) (-931.755869 1880 -608 ) 
4 169 222 (-1088 1856 -832 ) (-1088 1856 -816 ) (-1088 1880 -816 ) (-1088 1880 -832 ) 
4 169 215 (-1088 1856 -784 ) (-1088 1856 -608 ) (-1088 1880 -608 ) (-1088 1880 -784 ) 
4 169 174 (-928 1856 -608 ) (-1088 1856 -608 ) (-1088 1856 -832 ) (-928 1856 -832 ) 
4 169 170 (-928 1856 -832 ) (-1088 1856 -832 ) (-1088 1880 -832 ) (-928 1880 -832 ) 
4 170 223 (-1088 1856 -944 ) (-1088 1856 -832 ) (-1088 1896 -832 ) (-1088 1896 -944 ) 
4 170 213 (-1088 1896 -832 ) (-1088 1920 -832 ) (-1088 1920 -944 ) (-1088 1896 -944 ) 
4 170 174 (-1088 1856 -832 ) (-1088 1856 -944 ) (-928 1856 -944 ) (-928 1856 -832 ) 
4 170 171 (-1088 1920 -944 ) (-928 1920 -944 ) (-928 1888 -944 ) (-1088 1888 -944 ) 
4 171 224 (-1088 1888 -944 ) (-1088 1896 -944 ) (-1088 1896 -960 ) (-1088 1888 -960 ) 
4 171 213 (-1088 1896 -944 ) (-1088 1920 -944 ) (-1088 1920 -960 ) (-1088 1896 -960 ) 
4 171 173 (-1088 1888 -960 ) (-1088 1920 -960 ) (-928 1920 -960 ) (-928 1888 -960 ) 
4 172 241 (-1088 1920 -1136 ) (-1088 1920 -960 ) (-1088 2240 -960 ) (-1088 2240 -1136 ) 
4 172 173 (-928 1920 -960 ) (-1088 1920 -960 ) (-1088 1920 -1136 ) (-928 1920 -1136 ) 
4 173 242 (-1088 1888 -960 ) (-1088 1920 -960 ) (-1088 1920 -1136 ) (-1088 1888 -1136 ) 
4 174 225 (-1088 1664 -960 ) (-1088 1664 -816 ) (-1088 1856 -816 ) (-1088 1856 -960 ) 
4 174 215 (-1088 1664 -784 ) (-1088 1664 -608 ) (-1088 1856 -608 ) (-1088 1856 -784 ) 
4 174 175 (-960 1664 -960 ) (-928 1664 -960 ) (-928 1664 -608 ) (-960 1664 -608 ) 
4 174 176 (-1088 1664 -608 ) (-1088 1664 -960 ) (-960 1664 -960 ) (-960 1664 -608 ) 
4 175 176 (-960 1632 -608 ) (-960 1664 -608 ) (-960 1664 -960 ) (-960 1632 -960 ) 
4 176 246 (-960 1544 -608 ) (-1088 1544 -608 ) (-1088 1544 -816 ) (-960 1544 -645.333333 ) 
3 176 245 (-1072 1544 -832 ) (-960 1544 -832 ) (-960 1544 -682.666667 ) 
4 176 253 (-1088 1544 -832 ) (-1088 1544 -960 ) (-960 1544 -960 ) (-960 1544 -832 ) 
4 176 226 (-1088 1544 -960 ) (-1088 1544 -816 ) (-1088 1664 -816 ) (-1088 1664 -960 ) 
4 176 216 (-1088 1544 -784 ) (-1088 1544 -608 ) (-1088 1664 -608 ) (-1088 1664 -784 ) 
5 177 181 (-1216 2784 -608 ) (-1344 2784 -608 ) (-1344 2784 -682.666667 ) (-1232 2784 -832 ) (-1216 2784 -832 ) 
4 177 179 (-1088 2784 -832 ) (-1088 2784 -816 ) (-1216 2784 -816 ) (-1216 2784 -832 ) 
4 177 178 (-1088 2784 -784 ) (-1088 2784 -608 ) (-1216 2784 -608 ) (-1216 2784 -784 ) 
3 177 184 (-1344 2784 -682.666667 ) (-1344 2784 -832 ) (-1232 2784 -832 ) 
4 177 185 (-1344 2784 -960 ) (-1088 2784 -960 ) (-1088 2784 -832 ) (-1344 2784 -832 ) 
4 178 187 (-1088 2624 -784 ) (-1088 2624 -608 ) (-1216 2624 -608 ) (-1216 2624 -784 ) 
4 178 182 (-1216 2744 -608 ) (-1216 2760 -608 ) (-1216 2760 -784 ) (-1216 2744 -784 ) 
4 178 181 (-1216 2760 -608 ) (-1216 2784 -608 ) (-1216 2784 -784 ) (-1216 2760 -784 ) 
4 178 183 (-1216 2624 -784 ) (-1216 2624 -608 ) (-1216 2744 -608 ) (-1216 2744 -784 ) 
4 179 181 (-1216 2784 -832 ) (-1216 2760 -832 ) (-1216 2760 -816 ) (-1216 2784 -816 ) 
4 179 185 (-1216 2760 -832 ) (-1216 2784 -832 ) (-1088 2784 -832 ) (-1088 2760 -832 ) 
4 180 188 (-1088 2624 -832 ) (-1088 2624 -816 ) (-1216 2624 -816 ) (-1216 2624 -832 ) 
4 180 183 (-1216 2744 -832 ) (-1216 2624 -832 ) (-1216 2624 -816 ) (-1216 2744 -816 ) 
4 180 185 (-1088 2624 -832 ) (-1216 2624 -832 ) (-1216 2744 -832 ) (-1088 2744 -832 ) 
4 181 182 (-1216 2760 -816 ) (-1216 2760 -608 ) (-1344 2760 -608 ) (-1344 2760 -645.333333 ) 
4 181 184 (-1344 2760 -682.666667 ) (-1344 2784 -682.666667 ) (-1232 2784 -832 ) (-1232 2760 -832 ) 
4 181 185 (-1232 2760 -832 ) (-1232 2784 -832 ) (-1216 2784 -832 ) (-1216 2760 -832 ) 
4 182 183 (-1344 2744 -608 ) (-1344 2744 -645.333333 ) (-1216 2744 -816 ) (-1216 2744 -608 ) 
5 183 189 (-1216 2624 -608 ) (-1344 2624 -608 ) (-1344 2624 -682.666667 ) (-1232 2624 -832 ) (-1216 2624 -832 ) 
4 183 186 (-1344 2656 -682.666667 ) (-1344 2624 -682.666667 ) (-1344 2624 -608 ) (-1344 2656 -608 ) 
4 183 185 (-1216 2624 -832 ) (-1232 2624 -832 ) (-1232 2744 -832 ) (-1216 2744 -832 ) 
4 183 184 (-1344 2624 -682.666667 ) (-1344 2744 -682.666667 ) (-1232 2744 -832 ) (-1232 2624 -832 ) 
3 184 191 (-1344 2624 -682.666667 ) (-1344 2624 -832 ) (-1232 2624 -832 ) 
4 184 186 (-1344 2656 -832 ) (-1344 2624 -832 ) (-1344 2624 -682.666667 ) (-1344 2656 -682.666667 ) 
4 184 185 (-1232 2624 -832 ) (-1344 2624 -832 ) (-1344 2784 -832 ) (-1232 2784 -832 ) 
4 185 192 (-1344 2624 -960 ) (-1088 2624 -960 ) (-1088 2624 -832 ) (-1344 2624 -832 ) 
4 185 186 (-1344 2656 -960 ) (-1344 2624 -960 ) (-1344 2624 -832 ) (-1344 2656 -832 ) 
4 186 192 (-1376 2624 -960 ) (-1344 2624 -960 ) (-1344 2624 -832 ) (-1376 2624 -832 ) 
4 186 189 (-1344 2624 -682.666667 ) (-1344 2624 -608 ) (-1376 2624 -608 ) (-1376 2624 -640 ) 
4 186 191 (-1344 2624 -832 ) (-1344 2624 -682.666667 ) (-1376 2624 -640 ) (-1376 2624 -832 ) 
4 187 195 (-1088 2392 -784 ) (-1088 2392 -608 ) (-1216 2392 -608 ) (-1216 2392 -784 ) 
4 187 190 (-1216 2408 -784 ) (-1216 2392 -784 ) (-1216 2392 -608 ) (-1216 2408 -608 ) 
4 187 189 (-1216 2624 -608 ) (-1216 2624 -784 ) (-1216 2408 -784 ) (-1216 2408 -608 ) 
4 188 193 (-1216 2408 -832 ) (-1216 2432 -832 ) (-1088 2432 -832 ) (-1088 2408 -832 ) 
4 188 192 (-1216 2432 -832 ) (-1216 2624 -832 ) (-1088 2624 -832 ) (-1088 2432 -832 ) 
4 188 189 (-1216 2624 -816 ) (-1216 2624 -832 ) (-1216 2408 -832 ) (-1216 2408 -816 ) 
4 189 198 (-1376 2432 -608 ) (-1376 2624 -608 ) (-1376 2624 -640 ) (-1376 2432 -640 ) 
4 189 193 (-1232 2408 -832 ) (-1232 2432 -832 ) (-1216 2432 -832 ) (-1216 2408 -832 ) 
4 189 192 (-1232 2432 -832 ) (-1232 2624 -832 ) (-1216 2624 -832 ) (-1216 2432 -832 ) 
3 189 190 (-1216 2408 -816 ) (-1216 2408 -608 ) (-1372 2408 -608 ) 
4 189 191 (-1376 2408 -640 ) (-1376 2624 -640 ) (-1232 2624 -832 ) (-1232 2408 -832 ) 
3 190 197 (-1216 2392 -816 ) (-1216 2392 -784 ) (-1240 2392 -784 ) 
4 190 195 (-1216 2392 -784 ) (-1216 2392 -608 ) (-1372 2392 -608 ) (-1240 2392 -784 ) 
4 191 198 (-1376 2432 -640 ) (-1376 2624 -640 ) (-1376 2624 -832 ) (-1376 2432 -832 ) 
4 191 197 (-1376 2392 -784 ) (-1376 2392 -832 ) (-1232 2392 -832 ) (-1268 2392 -784 ) 
3 191 195 (-1376 2392 -640 ) (-1376 2392 -784 ) (-1268 2392 -784 ) 
4 191 193 (-1232 2392 -832 ) (-1376 2392 -832 ) (-1376 2432 -832 ) (-1232 2432 -832 ) 
4 191 192 (-1376 2432 -832 ) (-1376 2624 -832 ) (-1232 2624 -832 ) (-1232 2432 -832 ) 
4 192 198 (-1376 2624 -960 ) (-1376 2432 -960 ) (-1376 2432 -832 ) (-1376 2624 -832 ) 
4 192 193 (-1088 2432 -944 ) (-1088 2432 -832 ) (-1376 2432 -832 ) (-1376 2432 -944 ) 
4 193 196 (-1216 2392 -944 ) (-1088 2392 -944 ) (-1088 2392 -832 ) (-1216 2392 -832 ) 
4 193 197 (-1376 2392 -832 ) (-1376 2392 -944 ) (-1216 2392 -944 ) (-1216 2392 -832 ) 
4 193 194 (-1088 2392 -944 ) (-1376 2392 -944 ) (-1376 2400 -944 ) (-1088 2400 -944 ) 
4 194 200 (-1088 2400 -960 ) (-1088 2392 -960 ) (-1376 2392 -960 ) (-1376 2400 -960 ) 
4 194 196 (-1216 2392 -960 ) (-1088 2392 -960 ) (-1088 2392 -944 ) (-1216 2392 -944 ) 
4 194 197 (-1376 2392 -944 ) (-1376 2392 -960 ) (-1216 2392 -960 ) (-1216 2392 -944 ) 
4 195 211 (-1088 2368 -784 ) (-1088 2368 -608 ) (-1376 2368 -608 ) (-1376 2368 -784 ) 
4 195 197 (-1216 2368 -784 ) (-1376 2368 -784 ) (-1376 2392 -784 ) (-1216 2392 -784 ) 
4 196 211 (-1088 2368 -960 ) (-1088 2368 -816 ) (-1216 2368 -816 ) (-1216 2368 -960 ) 
4 196 200 (-1088 2392 -960 ) (-1088 2368 -960 ) (-1216 2368 -960 ) (-1216 2392 -960 ) 
4 196 197 (-1216 2392 -816 ) (-1216 2392 -960 ) (-1216 2368 -960 ) (-1216 2368 -816 ) 
4 197 211 (-1216 2368 -784 ) (-1376 2368 -784 ) (-1376 2368 -960 ) (-1216 2368 -960 ) 
4 197 200 (-1216 2368 -960 ) (-1376 2368 -960 ) (-1376 2392 -960 ) (-1216 2392 -960 ) 
4 198 199 (-1440 2432 -608 ) (-1632 2432 -608 ) (-1632 2432 -960 ) (-1440 2432 -960 ) 
4 199 234 (-1632 2368 -640 ) (-1632 2368 -960 ) (-1536 2368 -960 ) (-1536 2368 -640 ) 
4 199 233 (-1536 2368 -608 ) (-1632 2368 -608 ) (-1632 2368 -640 ) (-1536 2368 -640 ) 
4 199 230 (-1536 2368 -944 ) (-1536 2368 -960 ) (-1440 2368 -960 ) (-1440 2368 -944 ) 
4 199 228 (-1440 2368 -608 ) (-1536 2368 -608 ) (-1536 2368 -944 ) (-1440 2368 -944 ) 
4 200 241 (-1088 2368 -1136 ) (-1088 2368 -960 ) (-1376 2368 -960 ) (-1376 2368 -1136 ) 
3 201 210 (-1376 1920 -560 ) (-1376 2144 -504 ) (-1280 2048 -480 ) 
4 202 210 (-1088 1920 -528 ) (-1152 1920 -512 ) (-1152 2048 -480 ) (-1088 1984 -512 ) 
3 202 203 (-1152 1920 -512 ) (-1194.666667 1920 -501.333333 ) (-1152 2048 -480 ) 
3 203 210 (-1152 2048 -480 ) (-1152 1920 -512 ) (-1280 1920 -512 ) 
3 204 207 (-1280 2304 -504 ) (-1304 2368 -528 ) (-1152 2368 -528 ) 
3 205 210 (-1088 2368 -528 ) (-1088 2304 -504 ) (-1115.428571 2331.428571 -514.285714 ) 
3 205 206 (-1152 2368 -528 ) (-1088 2368 -528 ) (-1115.428571 2331.428571 -514.285714 ) 
3 206 209 (-1142.857143 2294.857143 -500.571429 ) (-1152 2282.666667 -496 ) (-1280 2240 -496 ) 
4 206 210 (-1088 2368 -528 ) (-1142.857143 2294.857143 -500.571429 ) (-1280 2240 -496 ) (-1115.428571 2368 -532.571429 ) 
3 206 207 (-1280 2240 -496 ) (-1152 2368 -528 ) (-1115.428571 2368 -532.571429 ) 
3 207 210 (-1280 2240 -496 ) (-1376 2368 -576 ) (-1115.428571 2368 -532.571429 ) 
4 208 209 (-1152 2240 -480 ) (-1088 2282.666667 -496 ) (-1088 2240 -496 ) (-1109.333333 2176 -490.666667 ) 
3 208 210 (-1088 2240 -496 ) (-1088 2144 -496 ) (-1109.333333 2176 -490.666667 ) 
5 209 210 (-1280 2240 -496 ) (-1142.857143 2294.857143 -500.571429 ) (-1088 2294.857143 -500.571429 ) (-1088 2240 -496 ) (-1152 2048 -480 ) 
4 210 211 (-1376 2368 -608 ) (-1088 2368 -608 ) (-1088 1920 -608 ) (-1376 1920 -608 ) 
4 211 241 (-1376 1920 -960 ) (-1376 2368 -960 ) (-1088 2368 -960 ) (-1088 1920 -960 ) 
4 211 229 (-1376 2368 -944 ) (-1376 2368 -960 ) (-1376 1920 -960 ) (-1376 1920 -944 ) 
4 211 228 (-1376 2368 -608 ) (-1376 2368 -944 ) (-1376 1920 -944 ) (-1376 1920 -608 ) 
4 211 213 (-1216 1920 -960 ) (-1088 1920 -960 ) (-1088 1920 -816 ) (-1216 1920 -816 ) 
4 211 214 (-1376 1920 -960 ) (-1216 1920 -960 ) (-1216 1920 -784 ) (-1376 1920 -784 ) 
4 211 212 (-1088 1920 -784 ) (-1088 1920 -608 ) (-1376 1920 -608 ) (-1376 1920 -784 ) 
4 212 217 (-1216 1896 -608 ) (-1372 1896 -608 ) (-1240 1896 -784 ) (-1216 1896 -784 ) 
3 212 218 (-1376 1896 -640 ) (-1376 1896 -784 ) (-1268 1896 -784 ) 
4 212 215 (-1088 1896 -784 ) (-1088 1896 -608 ) (-1216 1896 -608 ) (-1216 1896 -784 ) 
4 212 214 (-1376 1896 -784 ) (-1376 1920 -784 ) (-1216 1920 -784 ) (-1216 1896 -784 ) 
4 213 242 (-1216 1920 -960 ) (-1088 1920 -960 ) (-1088 1896 -960 ) (-1216 1896 -960 ) 
4 213 224 (-1216 1896 -960 ) (-1088 1896 -960 ) (-1088 1896 -944 ) (-1216 1896 -944 ) 
4 213 223 (-1088 1896 -944 ) (-1088 1896 -832 ) (-1216 1896 -832 ) (-1216 1896 -944 ) 
4 213 214 (-1216 1920 -816 ) (-1216 1920 -960 ) (-1216 1896 -960 ) (-1216 1896 -816 ) 
4 214 242 (-1376 1896 -960 ) (-1376 1920 -960 ) (-1216 1920 -960 ) (-1216 1896 -960 ) 
4 214 224 (-1376 1896 -960 ) (-1216 1896 -960 ) (-1216 1896 -944 ) (-1376 1896 -944 ) 
4 214 223 (-1216 1896 -944 ) (-1216 1896 -832 ) (-1376 1896 -832 ) (-1376 1896 -944 ) 
4 214 221 (-1244 1896 -816 ) (-1376 1896 -816 ) (-1376 1896 -832 ) (-1232 1896 -832 ) 
3 214 217 (-1216 1896 -816 ) (-1216 1896 -784 ) (-1240 1896 -784 ) 
4 214 218 (-1268 1896 -784 ) (-1376 1896 -784 ) (-1376 1896 -816 ) (-1244 1896 -816 ) 
4 215 217 (-1216 1880 -608 ) (-1216 1896 -608 ) (-1216 1896 -784 ) (-1216 1880 -784 ) 
4 215 219 (-1216 1664 -608 ) (-1216 1880 -608 ) (-1216 1880 -784 ) (-1216 1664 -784 ) 
4 215 216 (-1216 1664 -608 ) (-1216 1664 -784 ) (-1088 1664 -784 ) (-1088 1664 -608 ) 
4 216 248 (-1088 1544 -784 ) (-1088 1544 -608 ) (-1216 1544 -608 ) (-1216 1544 -784 ) 
4 216 220 (-1216 1544 -784 ) (-1216 1544 -608 ) (-1216 1664 -608 ) (-1216 1664 -784 ) 
3 217 219 (-1216 1880 -608 ) (-1372 1880 -608 ) (-1216 1880 -816 ) 
4 218 221 (-1376 1880 -816 ) (-1376 1896 -816 ) (-1244 1896 -816 ) (-1244 1880 -816 ) 
3 218 219 (-1376 1880 -640 ) (-1376 1880 -816 ) (-1244 1880 -816 ) 
4 219 232 (-1376 1664 -816 ) (-1376 1664 -608 ) (-1376 1856 -608 ) (-1376 1856 -816 ) 
4 219 222 (-1376 1856 -816 ) (-1376 1880 -816 ) (-1216 1880 -816 ) (-1216 1856 -816 ) 
4 219 225 (-1376 1664 -816 ) (-1376 1856 -816 ) (-1216 1856 -816 ) (-1216 1664 -816 ) 
4 219 220 (-1376 1664 -608 ) (-1376 1664 -816 ) (-1216 1664 -816 ) (-1216 1664 -608 ) 
4 220 250 (-1216 1544 -608 ) (-1256 1544 -608 ) (-1256 1544 -762.666667 ) (-1216 1544 -816 ) 
3 220 252 (-1256 1544 -800 ) (-1256 1544 -816 ) (-1244 1544 -816 ) 
4 220 227 (-1344 1632 -816 ) (-1256 1544 -816 ) (-1256 1544 -608 ) (-1344 1632 -608 ) 
4 220 226 (-1216 1544 -816 ) (-1256 1544 -816 ) (-1376 1664 -816 ) (-1216 1664 -816 ) 
4 221 223 (-1376 1880 -832 ) (-1376 1896 -832 ) (-1232 1896 -832 ) (-1232 1880 -832 ) 
4 221 222 (-1376 1880 -816 ) (-1376 1880 -832 ) (-1232 1880 -832 ) (-1244 1880 -816 ) 
4 222 223 (-1376 1856 -832 ) (-1376 1880 -832 ) (-1088 1880 -832 ) (-1088 1856 -832 ) 
4 222 225 (-1376 1856 -816 ) (-1376 1856 -832 ) (-1088 1856 -832 ) (-1088 1856 -816 ) 
4 223 224 (-1376 1888 -944 ) (-1376 1896 -944 ) (-1088 1896 -944 ) (-1088 1888 -944 ) 
4 223 225 (-1376 1856 -832 ) (-1376 1856 -944 ) (-1088 1856 -944 ) (-1088 1856 -832 ) 
4 224 242 (-1376 1888 -960 ) (-1376 1896 -960 ) (-1088 1896 -960 ) (-1088 1888 -960 ) 
4 225 232 (-1376 1856 -960 ) (-1376 1664 -960 ) (-1376 1664 -816 ) (-1376 1856 -816 ) 
4 225 226 (-1376 1664 -960 ) (-1088 1664 -960 ) (-1088 1664 -816 ) (-1376 1664 -816 ) 
4 226 252 (-1244 1544 -816 ) (-1256 1544 -816 ) (-1256 1544 -832 ) (-1232 1544 -832 ) 
4 226 253 (-1088 1544 -960 ) (-1088 1544 -832 ) (-1256 1544 -832 ) (-1256 1544 -960 ) 
4 226 227 (-1344 1632 -960 ) (-1256 1544 -960 ) (-1256 1544 -816 ) (-1344 1632 -816 ) 
4 227 250 (-1256 1544 -608 ) (-1344 1544 -608 ) (-1344 1544 -645.333333 ) (-1256 1544 -762.666667 ) 
4 227 252 (-1344 1544 -682.666667 ) (-1344 1544 -832 ) (-1256 1544 -832 ) (-1256 1544 -800 ) 
4 227 253 (-1344 1544 -832 ) (-1344 1544 -960 ) (-1256 1544 -960 ) (-1256 1544 -832 ) 
4 228 239 (-1536 2080 -944 ) (-1536 1920 -944 ) (-1536 1920 -640 ) (-1536 2080 -640 ) 
4 228 237 (-1536 2208 -944 ) (-1536 2080 -944 ) (-1536 2080 -816 ) (-1536 2208 -816 ) 
4 228 235 (-1536 2080 -784 ) (-1536 2080 -640 ) (-1536 2208 -640 ) (-1536 2208 -784 ) 
4 228 234 (-1536 2368 -640 ) (-1536 2368 -944 ) (-1536 2208 -944 ) (-1536 2208 -640 ) 
4 228 233 (-1536 2368 -608 ) (-1536 2368 -640 ) (-1536 1920 -640 ) (-1536 1920 -608 ) 
4 228 231 (-1440 1920 -608 ) (-1536 1920 -608 ) (-1536 1920 -944 ) (-1440 1920 -944 ) 
4 228 229 (-1408 2368 -944 ) (-1376 2368 -944 ) (-1376 1920 -944 ) (-1408 1920 -944 ) 
4 228 230 (-1536 1920 -944 ) (-1536 2368 -944 ) (-1440 2368 -944 ) (-1440 1920 -944 ) 
4 229 241 (-1408 2368 -960 ) (-1376 2368 -960 ) (-1376 1920 -960 ) (-1408 1920 -960 ) 
4 230 239 (-1536 2080 -960 ) (-1536 1920 -960 ) (-1536 1920 -944 ) (-1536 2080 -944 ) 
4 230 237 (-1536 2208 -960 ) (-1536 2080 -960 ) (-1536 2080 -944 ) (-1536 2208 -944 ) 
4 230 234 (-1536 2368 -944 ) (-1536 2368 -960 ) (-1536 2208 -960 ) (-1536 2208 -944 ) 
4 230 231 (-1536 1920 -960 ) (-1440 1920 -960 ) (-1440 1920 -944 ) (-1536 1920 -944 ) 
4 231 239 (-1536 1920 -960 ) (-1536 1856 -960 ) (-1536 1856 -640 ) (-1536 1920 -640 ) 
4 231 233 (-1536 1856 -640 ) (-1536 1856 -608 ) (-1536 1920 -608 ) (-1536 1920 -640 ) 
4 231 232 (-1536 1856 -608 ) (-1536 1856 -960 ) (-1440 1856 -960 ) (-1440 1856 -608 ) 
4 232 239 (-1536 1856 -960 ) (-1536 1664 -960 ) (-1536 1664 -640 ) (-1536 1856 -640 ) 
4 232 233 (-1536 1664 -640 ) (-1536 1664 -608 ) (-1536 1856 -608 ) (-1536 1856 -640 ) 
5 233 239 (-1536 2080 -640 ) (-1536 1664 -640 ) (-1568 1664 -640 ) (-1632 1728 -640 ) (-1632 2016 -640 ) 
3 233 238 (-1536 2080 -640 ) (-1632 2016 -640 ) (-1632 2080 -640 ) 
4 233 235 (-1536 2208 -640 ) (-1536 2080 -640 ) (-1632 2080 -640 ) (-1632 2272 -640 ) 
4 233 234 (-1536 2368 -640 ) (-1536 2208 -640 ) (-1632 2272 -640 ) (-1632 2368 -640 ) 
4 234 237 (-1632 2272 -960 ) (-1536 2208 -960 ) (-1536 2208 -816 ) (-1632 2272 -816 ) 
4 234 235 (-1536 2208 -784 ) (-1536 2208 -640 ) (-1632 2272 -640 ) (-1632 2272 -784 ) 
3 235 239 (-1536 2080 -784 ) (-1536 2080 -640 ) (-1632 2016 -784 ) 
3 235 238 (-1632 2016 -784 ) (-1536 2080 -640 ) (-1632 2080 -640 ) 
4 235 236 (-1632 2272 -784 ) (-1632 2016 -784 ) (-1632 2080 -640 ) (-1632 2208 -640 ) 
4 236 240 (-1776 2272 -784 ) (-1776 2016 -784 ) (-1776 2080 -640 ) (-1776 2208 -640 ) 
4 237 239 (-1632 2016 -960 ) (-1536 2080 -960 ) (-1536 2080 -816 ) (-1632 2016 -816 ) 
3 238 239 (-1632 2016 -784 ) (-1536 2080 -640 ) (-1632 2016 -640 ) 
4 241 242 (-1088 1920 -1136 ) (-1088 1920 -960 ) (-1376 1920 -960 ) (-1376 1920 -1136 ) 
5 243 244 (-384 1408 192 ) (-320 1408 192 ) (-320 1216 192 ) (-448 1216 192 ) (-448 1344 192 ) 
4 244 255 (-448 1088 0 ) (-320 1088 0 ) (-320 1088 192 ) (-448 1088 192 ) 
3 245 254 (-1072 1504 -832 ) (-960 1504 -832 ) (-960 1504 -682.666667 ) 
4 245 247 (-1072 1528 -832 ) (-1072 1504 -832 ) (-960 1504 -682.666667 ) (-960 1528 -682.666667 ) 
4 245 253 (-1072 1544 -832 ) (-960 1544 -832 ) (-960 1504 -832 ) (-1072 1504 -832 ) 
4 246 248 (-1088 1528 -784 ) (-1088 1528 -608 ) (-1088 1544 -608 ) (-1088 1544 -784 ) 
4 246 247 (-960 1528 -645.333333 ) (-960 1528 -608 ) (-1088 1528 -608 ) (-1088 1528 -816 ) 
5 247 254 (-1088 1504 -832 ) (-1072 1504 -832 ) (-960 1504 -682.666667 ) (-960 1504 -608 ) (-1088 1504 -608 ) 
4 247 249 (-1088 1528 -832 ) (-1088 1504 -832 ) (-1088 1504 -816 ) (-1088 1528 -816 ) 
4 247 248 (-1088 1504 -784 ) (-1088 1504 -608 ) (-1088 1528 -608 ) (-1088 1528 -784 ) 
4 247 253 (-1072 1528 -832 ) (-1072 1504 -832 ) (-1088 1504 -832 ) (-1088 1528 -832 ) 
4 248 254 (-1088 1504 -784 ) (-1088 1504 -608 ) (-1216 1504 -608 ) (-1216 1504 -784 ) 
4 248 250 (-1216 1544 -608 ) (-1216 1544 -784 ) (-1216 1528 -784 ) (-1216 1528 -608 ) 
4 248 251 (-1216 1528 -784 ) (-1216 1504 -784 ) (-1216 1504 -608 ) (-1216 1528 -608 ) 
4 249 254 (-1216 1504 -832 ) (-1088 1504 -832 ) (-1088 1504 -816 ) (-1216 1504 -816 ) 
4 249 251 (-1216 1528 -832 ) (-1216 1504 -832 ) (-1216 1504 -816 ) (-1216 1528 -816 ) 
4 249 253 (-1088 1528 -832 ) (-1088 1504 -832 ) (-1216 1504 -832 ) (-1216 1528 -832 ) 
4 250 251 (-1216 1528 -816 ) (-1216 1528 -608 ) (-1344 1528 -608 ) (-1344 1528 -645.333333 ) 
5 251 254 (-1344 1504 -608 ) (-1344 1504 -682.666667 ) (-1232 1504 -832 ) (-1216 1504 -832 ) (-1216 1504 -608 ) 
4 251 253 (-1216 1528 -832 ) (-1216 1504 -832 ) (-1232 1504 -832 ) (-1232 1528 -832 ) 
4 251 252 (-1232 1528 -832 ) (-1232 1504 -832 ) (-1344 1504 -682.666667 ) (-1344 1528 -682.666667 ) 
3 252 254 (-1344 1504 -682.666667 ) (-1344 1504 -832 ) (-1232 1504 -832 ) 
4 252 253 (-1344 1504 -832 ) (-1344 1544 -832 ) (-1232 1544 -832 ) (-1232 1504 -832 ) 
4 253 254 (-1344 1504 -832 ) (-1344 1504 -960 ) (-960 1504 -960 ) (-960 1504 -832 ) 
4 256 269 (-384 256 0 ) (-384 192 0 ) (-384 192 128 ) (-384 256 128 ) 
4 257 267 (-528 192 270 ) (-576 192 264 ) (-576 224 264 ) (-528 296 270 ) 
4 257 265 (-512 192 272 ) (-528 192 270 ) (-528 296 270 ) (-512 320 272 ) 
3 257 259 (-512 320 272 ) (-576 224 264 ) (-576 256 268 ) 
4 258 267 (-576 384 264 ) (-576 512 264 ) (-528 464 270 ) (-528 432 270 ) 
3 258 265 (-528 464 270 ) (-512 448 272 ) (-528 432 270 ) 
4 259 267 (-528 296 270 ) (-576 224 264 ) (-576 384 264 ) (-528 336 270 ) 
3 259 265 (-512 320 272 ) (-528 296 270 ) (-528 336 270 ) 
4 260 269 (-384 576 128 ) (-384 512 128 ) (-496 512 128 ) (-496 576 128 ) 
4 260 265 (-496 512 128 ) (-448 512 128 ) (-448 512 256 ) (-496 512 256 ) 
3 260 262 (-448 512 128 ) (-384 512 128 ) (-448 512 256 ) 
4 260 261 (-496 544 128 ) (-496 512 128 ) (-496 512 256 ) (-496 544 192 ) 
4 261 269 (-496 512 128 ) (-528 512 128 ) (-528 544 128 ) (-496 544 128 ) 
4 261 266 (-528 544 128 ) (-528 512 128 ) (-528 512 256 ) (-528 544 192 ) 
4 261 265 (-528 512 128 ) (-496 512 128 ) (-496 512 256 ) (-528 512 256 ) 
3 262 309 (-384 192 128 ) (-448 192 256 ) (-448 192 128 ) 
4 262 269 (-384 512 128 ) (-384 192 128 ) (-448 192 128 ) (-448 512 128 ) 
4 262 265 (-448 512 256 ) (-448 512 128 ) (-448 192 128 ) (-448 192 256 ) 
3 263 265 (-448 384 264 ) (-448 256 264 ) (-512 320 272 ) 
3 264 265 (-448 512 264 ) (-448 384 264 ) (-512 448 272 ) 
4 265 309 (-528 192 256 ) (-528 192 128 ) (-448 192 128 ) (-448 192 256 ) 
4 265 269 (-448 192 128 ) (-528 192 128 ) (-528 512 128 ) (-448 512 128 ) 
4 265 267 (-528 512 128 ) (-528 192 128 ) (-528 192 270 ) (-528 512 270 ) 
4 266 269 (-640 576 128 ) (-528 576 128 ) (-528 512 128 ) (-640 512 128 ) 
3 266 268 (-640 512 128 ) (-576 512 128 ) (-576 512 256 ) 
4 266 267 (-576 512 128 ) (-528 512 128 ) (-528 512 256 ) (-576 512 256 ) 
4 267 309 (-576 192 256 ) (-576 192 128 ) (-528 192 128 ) (-528 192 256 ) 
4 267 269 (-528 192 128 ) (-576 192 128 ) (-576 512 128 ) (-528 512 128 ) 
4 267 268 (-576 512 256 ) (-576 512 128 ) (-576 192 128 ) (-576 192 256 ) 
3 268 309 (-640 192 128 ) (-576 192 128 ) (-576 192 256 ) 
4 268 269 (-576 192 128 ) (-640 192 128 ) (-640 512 128 ) (-576 512 128 ) 
4 269 309 (-384 192 -8 ) (-384 192 128 ) (-640 192 128 ) (-640 192 -8 ) 
4 269 270 (-640 576 -8 ) (-384 576 -8 ) (-384 192 -8 ) (-640 192 -8 ) 
4 270 310 (-384 192 -16 ) (-384 192 -8 ) (-640 192 -8 ) (-640 192 -16 ) 
4 271 395 (-464 -448 544 ) (-464 -448 432 ) (-448 -448 432 ) (-448 -448 544 ) 
4 271 373 (-448 -448 432 ) (-160 -448 432 ) (-160 -448 448 ) (-448 -448 448 ) 
4 271 328 (-160 -448 432 ) (160 -448 432 ) (160 -448 448 ) (-160 -448 448 ) 
4 271 326 (160 -448 432 ) (448 -448 432 ) (448 -448 448 ) (160 -448 448 ) 
4 271 324 (448 -448 432 ) (464 -448 432 ) (464 -448 544 ) (448 -448 544 ) 
4 271 323 (-464 -448 1088 ) (-464 -448 544 ) (-448 -448 544 ) (-448 -448 1088 ) 
4 271 312 (448 -448 544 ) (464 -448 544 ) (464 -448 1088 ) (448 -448 1088 ) 
4 271 311 (-464 -448 1104 ) (-464 -448 1088 ) (464 -448 1088 ) (464 -448 1104 ) 
6 272 293 (128 96 0 ) (128 96 128 ) (64 96 192 ) (-64 96 192 ) (-128 96 128 ) (-128 96 0 ) 
5 273 294 (-176 -64 192 ) (-256 -64 192 ) (-256 32 192 ) (-192 96 192 ) (-176 96 192 ) 
4 273 293 (64 -64 192 ) (-176 -64 192 ) (-176 96 192 ) (64 96 192 ) 
5 273 277 (256 32 192 ) (256 -64 192 ) (64 -64 192 ) (64 96 192 ) (192 96 192 ) 
4 274 298 (-176 -192 192 ) (-256 -192 192 ) (-256 -128 192 ) (-176 -128 192 ) 
4 274 293 (64 -192 192 ) (-176 -192 192 ) (-176 -128 192 ) (64 -128 192 ) 
4 274 281 (256 -128 192 ) (256 -192 192 ) (176 -192 192 ) (176 -128 192 ) 
4 274 282 (176 -192 192 ) (64 -192 192 ) (64 -128 192 ) (176 -128 192 ) 
4 275 303 (-176 -320 192 ) (-256 -320 192 ) (-256 -256 192 ) (-176 -256 192 ) 
4 275 299 (64 -320 192 ) (-176 -320 192 ) (-176 -256 192 ) (64 -256 192 ) 
4 275 285 (256 -256 192 ) (256 -320 192 ) (176 -320 192 ) (176 -256 192 ) 
4 275 287 (176 -320 192 ) (64 -320 192 ) (64 -256 192 ) (176 -256 192 ) 
4 276 307 (-176 -448 192 ) (-256 -448 192 ) (-256 -384 192 ) (-176 -384 192 ) 
4 276 299 (64 -448 192 ) (-176 -448 192 ) (-176 -384 192 ) (64 -384 192 ) 
4 276 291 (256 -384 192 ) (256 -448 192 ) (176 -448 192 ) (176 -384 192 ) 
4 276 292 (176 -448 192 ) (64 -448 192 ) (64 -384 192 ) (176 -384 192 ) 
5 277 293 (64 -64 192 ) (64 96 192 ) (192 96 64 ) (256 32 0 ) (256 -64 0 ) 
4 277 280 (176 -64 80 ) (240 -64 16 ) (240 -64 112 ) (176 -64 112 ) 
4 277 279 (192 -64 192 ) (176 -64 192 ) (176 -64 112 ) (192 -64 112 ) 
3 277 282 (64 -64 192 ) (176 -64 80 ) (176 -64 192 ) 
3 278 280 (176 -128 112 ) (176 -112 112 ) (192 -128 112 ) 
4 278 281 (192 -128 192 ) (176 -128 192 ) (176 -128 112 ) (192 -128 112 ) 
4 278 282 (176 -128 112 ) (176 -128 192 ) (176 -112 192 ) (176 -112 112 ) 
3 279 280 (176 -80 112 ) (176 -64 112 ) (192 -64 112 ) 
4 279 282 (176 -80 192 ) (176 -64 192 ) (176 -64 112 ) (176 -80 112 ) 
4 280 293 (176 -64 80 ) (240 -64 16 ) (240 -128 16 ) (176 -128 80 ) 
4 280 282 (176 -64 80 ) (176 -128 80 ) (176 -128 112 ) (176 -64 112 ) 
4 280 281 (176 -128 80 ) (240 -128 16 ) (240 -128 112 ) (176 -128 112 ) 
4 281 293 (256 -128 0 ) (256 -192 0 ) (176 -192 80 ) (176 -128 80 ) 
4 281 284 (240 -192 112 ) (192 -192 112 ) (192 -192 64 ) (240 -192 16 ) 
4 281 286 (192 -192 192 ) (176 -192 192 ) (176 -192 80 ) (192 -192 64 ) 
4 281 282 (176 -128 80 ) (176 -192 80 ) (176 -192 192 ) (176 -128 192 ) 
4 282 293 (64 -192 192 ) (64 -64 192 ) (176 -64 80 ) (176 -192 80 ) 
3 282 287 (176 -192 192 ) (64 -192 192 ) (176 -192 80 ) 
3 283 284 (176 -256 112 ) (176 -240 112 ) (192 -256 112 ) 
4 283 287 (176 -256 112 ) (176 -256 192 ) (176 -240 192 ) (176 -240 112 ) 
4 283 285 (176 -256 192 ) (176 -256 112 ) (192 -256 112 ) (192 -256 192 ) 
5 284 299 (192 -192 64 ) (240 -192 16 ) (240 -256 16 ) (176 -256 80 ) (176 -208 80 ) 
4 284 286 (192 -192 112 ) (192 -192 64 ) (176 -208 80 ) (176 -208 112 ) 
4 284 287 (176 -208 80 ) (176 -256 80 ) (176 -256 112 ) (176 -208 112 ) 
4 284 285 (176 -256 112 ) (176 -256 80 ) (240 -256 16 ) (240 -256 112 ) 
4 285 299 (256 -256 0 ) (256 -320 0 ) (176 -320 80 ) (176 -256 80 ) 
4 285 290 (176 -320 80 ) (240 -320 16 ) (240 -320 112 ) (176 -320 112 ) 
4 285 289 (192 -320 192 ) (176 -320 192 ) (176 -320 112 ) (192 -320 112 ) 
4 285 287 (176 -256 80 ) (176 -320 80 ) (176 -320 192 ) (176 -256 192 ) 
3 286 299 (176 -192 80 ) (192 -192 64 ) (176 -208 80 ) 
4 286 287 (176 -192 80 ) (176 -208 80 ) (176 -208 192 ) (176 -192 192 ) 
4 287 299 (64 -320 192 ) (64 -192 192 ) (176 -192 80 ) (176 -320 80 ) 
3 287 292 (64 -320 192 ) (176 -320 80 ) (176 -320 192 ) 
3 288 290 (176 -384 112 ) (176 -368 112 ) (192 -384 112 ) 
4 288 291 (192 -384 192 ) (176 -384 192 ) (176 -384 112 ) (192 -384 112 ) 
4 288 292 (176 -368 112 ) (176 -384 112 ) (176 -384 192 ) (176 -368 192 ) 
3 289 290 (176 -336 112 ) (176 -320 112 ) (192 -320 112 ) 
4 289 292 (176 -320 192 ) (176 -320 112 ) (176 -336 112 ) (176 -336 192 ) 
4 290 299 (176 -320 80 ) (240 -320 16 ) (240 -384 16 ) (176 -384 80 ) 
4 290 292 (176 -320 112 ) (176 -320 80 ) (176 -384 80 ) (176 -384 112 ) 
4 290 291 (176 -384 80 ) (240 -384 16 ) (240 -384 112 ) (176 -384 112 ) 
4 291 377 (240 -448 112 ) (176 -448 112 ) (176 -448 80 ) (240 -448 16 ) 
4 291 375 (192 -448 192 ) (176 -448 192 ) (176 -448 112 ) (192 -448 112 ) 
4 291 299 (256 -384 0 ) (256 -448 0 ) (176 -448 80 ) (176 -384 80 ) 
4 291 292 (176 -384 80 ) (176 -448 80 ) (176 -448 192 ) (176 -384 192 ) 
3 292 379 (176 -448 192 ) (64 -448 192 ) (176 -448 80 ) 
4 292 299 (64 -448 192 ) (64 -320 192 ) (176 -320 80 ) (176 -448 80 ) 
4 293 299 (256 -192 0 ) (64 -192 192 ) (-176 -192 192 ) (-176 -192 0 ) 
4 293 297 (-176 -64 0 ) (-176 -128 0 ) (-176 -128 112 ) (-176 -64 112 ) 
4 293 296 (-176 -128 112 ) (-176 -128 192 ) (-176 -112 192 ) (-176 -112 112 ) 
4 293 295 (-176 -80 192 ) (-176 -64 192 ) (-176 -64 112 ) (-176 -80 112 ) 
4 293 298 (-176 -128 0 ) (-176 -192 0 ) (-176 -192 192 ) (-176 -128 192 ) 
4 293 294 (-176 96 0 ) (-176 -64 0 ) (-176 -64 192 ) (-176 96 192 ) 
4 294 297 (-240 -64 0 ) (-176 -64 0 ) (-176 -64 112 ) (-240 -64 112 ) 
4 294 295 (-176 -64 192 ) (-192 -64 192 ) (-192 -64 112 ) (-176 -64 112 ) 
3 295 297 (-192 -64 112 ) (-176 -64 112 ) (-176 -80 112 ) 
3 296 297 (-176 -112 112 ) (-176 -128 112 ) (-192 -128 112 ) 
4 296 298 (-192 -128 112 ) (-176 -128 112 ) (-176 -128 192 ) (-192 -128 192 ) 
4 297 298 (-240 -128 0 ) (-176 -128 0 ) (-176 -128 112 ) (-240 -128 112 ) 
4 298 302 (-240 -192 0 ) (-176 -192 0 ) (-176 -192 112 ) (-240 -192 112 ) 
4 298 301 (-176 -192 192 ) (-192 -192 192 ) (-192 -192 112 ) (-176 -192 112 ) 
5 299 379 (176 -448 80 ) (64 -448 192 ) (-176 -448 192 ) (-176 -448 0 ) (176 -448 0 ) 
4 299 377 (240 -448 16 ) (176 -448 80 ) (176 -448 0 ) (240 -448 0 ) 
4 299 306 (-176 -320 0 ) (-176 -384 0 ) (-176 -384 112 ) (-176 -320 112 ) 
4 299 305 (-176 -336 192 ) (-176 -320 192 ) (-176 -320 112 ) (-176 -336 112 ) 
4 299 304 (-176 -384 112 ) (-176 -384 192 ) (-176 -368 192 ) (-176 -368 112 ) 
4 299 307 (-176 -384 0 ) (-176 -448 0 ) (-176 -448 192 ) (-176 -384 192 ) 
4 299 302 (-176 -192 112 ) (-176 -192 0 ) (-176 -256 0 ) (-176 -256 112 ) 
4 299 301 (-176 -192 192 ) (-176 -192 112 ) (-176 -208 112 ) (-176 -208 192 ) 
4 299 300 (-176 -240 112 ) (-176 -256 112 ) (-176 -256 192 ) (-176 -240 192 ) 
4 299 303 (-176 -256 0 ) (-176 -320 0 ) (-176 -320 192 ) (-176 -256 192 ) 
3 300 302 (-176 -240 112 ) (-176 -256 112 ) (-192 -256 112 ) 
4 300 303 (-192 -256 112 ) (-176 -256 112 ) (-176 -256 192 ) (-192 -256 192 ) 
3 301 302 (-192 -192 112 ) (-176 -192 112 ) (-176 -208 112 ) 
4 302 303 (-240 -256 0 ) (-176 -256 0 ) (-176 -256 112 ) (-240 -256 112 ) 
4 303 306 (-240 -320 0 ) (-176 -320 0 ) (-176 -320 112 ) (-240 -320 112 ) 
4 303 305 (-176 -320 192 ) (-192 -320 192 ) (-192 -320 112 ) (-176 -320 112 ) 
3 304 306 (-176 -368 112 ) (-176 -384 112 ) (-192 -384 112 ) 
4 304 307 (-192 -384 112 ) (-176 -384 112 ) (-176 -384 192 ) (-192 -384 192 ) 
3 305 306 (-192 -320 112 ) (-176 -320 112 ) (-176 -336 112 ) 
4 306 307 (-240 -384 0 ) (-176 -384 0 ) (-176 -384 112 ) (-240 -384 112 ) 
4 307 382 (-240 -448 0 ) (-176 -448 0 ) (-176 -448 112 ) (-240 -448 112 ) 
4 307 380 (-176 -448 192 ) (-192 -448 192 ) (-192 -448 112 ) (-176 -448 112 ) 
4 309 310 (-384 192 -8 ) (-384 128 -8 ) (-640 128 -8 ) (-640 192 -8 ) 
4 311 396 (464 -1120 1088 ) (464 -1120 1104 ) (-464 -1120 1104 ) (-464 -1120 1088 ) 
4 311 323 (-464 -448 1088 ) (-448 -448 1088 ) (-448 -1120 1088 ) (-464 -1120 1088 ) 
4 311 312 (448 -448 1088 ) (464 -448 1088 ) (464 -1120 1088 ) (448 -1120 1088 ) 
4 312 397 (448 -1120 544 ) (464 -1120 544 ) (464 -1120 1088 ) (448 -1120 1088 ) 
4 312 324 (464 -1120 544 ) (448 -1120 544 ) (448 -448 544 ) (464 -448 544 ) 
4 313 398 (160 -1120 544 ) (448 -1120 544 ) (448 -1120 1088 ) (160 -1120 1088 ) 
4 313 393 (448 -1120 544 ) (160 -1120 544 ) (160 -1088 544 ) (448 -1088 544 ) 
4 313 325 (160 -1088 544 ) (160 -448 544 ) (448 -448 544 ) (448 -1088 544 ) 
4 313 319 (160 -1056 544 ) (160 -1088 544 ) (160 -1088 736 ) (160 -1056 736 ) 
4 313 321 (160 -1088 544 ) (160 -1120 544 ) (160 -1120 736 ) (160 -1088 736 ) 
4 313 316 (160 -768 544 ) (160 -800 544 ) (160 -800 736 ) (160 -768 736 ) 
4 313 315 (160 -1120 736 ) (160 -1120 1088 ) (160 -768 1088 ) (160 -768 736 ) 
4 313 314 (160 -448 544 ) (160 -768 544 ) (160 -768 1088 ) (160 -448 1088 ) 
4 314 327 (-160 -768 544 ) (-160 -448 544 ) (160 -448 544 ) (160 -768 544 ) 
4 314 322 (-160 -448 1088 ) (-160 -448 544 ) (-160 -768 544 ) (-160 -768 1088 ) 
4 314 318 (-160 -768 544 ) (-128 -768 544 ) (-128 -768 736 ) (-160 -768 736 ) 
4 314 316 (128 -768 544 ) (160 -768 544 ) (160 -768 736 ) (128 -768 736 ) 
4 314 315 (160 -768 736 ) (160 -768 1088 ) (-160 -768 1088 ) (-160 -768 736 ) 
4 315 398 (160 -1120 736 ) (160 -1120 1088 ) (-160 -1120 1088 ) (-160 -1120 736 ) 
4 315 322 (-160 -1120 736 ) (-160 -1120 1088 ) (-160 -768 1088 ) (-160 -768 736 ) 
3 315 320 (-160 -1088 736 ) (-160 -1056 736 ) (-128 -1088 736 ) 
3 315 319 (160 -1056 736 ) (160 -1088 736 ) (128 -1088 736 ) 
4 315 321 (-160 -1120 736 ) (-160 -1088 736 ) (160 -1088 736 ) (160 -1120 736 ) 
3 315 318 (-160 -800 736 ) (-160 -768 736 ) (-128 -768 736 ) 
8 315 317 (64 -896 736 ) (64 -960 736 ) (32 -992 736 ) (-32 -992 736 ) (-64 -960 736 ) (-64 -896 736 ) (-32 -864 736 ) (32 -864 736 ) 
3 315 316 (128 -768 736 ) (160 -768 736 ) (160 -800 736 ) 
3 316 329 (128 -768 544 ) (160 -768 544 ) (160 -800 544 ) 
8 317 354 (64 -896 544 ) (64 -960 544 ) (32 -992 544 ) (-32 -992 544 ) (-64 -960 544 ) (-64 -896 544 ) (-32 -864 544 ) (32 -864 544 ) 
3 318 370 (-160 -800 544 ) (-160 -768 544 ) (-128 -768 544 ) 
4 318 322 (-160 -768 544 ) (-160 -800 544 ) (-160 -800 736 ) (-160 -768 736 ) 
3 319 331 (160 -1056 544 ) (160 -1088 544 ) (128 -1088 544 ) 
4 319 321 (160 -1088 544 ) (160 -1088 736 ) (128 -1088 736 ) (128 -1088 544 ) 
3 320 367 (-160 -1088 544 ) (-160 -1056 544 ) (-128 -1088 544 ) 
4 320 322 (-160 -1056 544 ) (-160 -1088 544 ) (-160 -1088 736 ) (-160 -1056 736 ) 
4 320 321 (-128 -1088 736 ) (-160 -1088 736 ) (-160 -1088 544 ) (-128 -1088 544 ) 
4 321 398 (-160 -1120 544 ) (160 -1120 544 ) (160 -1120 736 ) (-160 -1120 736 ) 
4 321 393 (160 -1120 544 ) (-160 -1120 544 ) (-160 -1088 544 ) (160 -1088 544 ) 
4 321 322 (-160 -1088 544 ) (-160 -1120 544 ) (-160 -1120 736 ) (-160 -1088 736 ) 
4 322 398 (-448 -1120 544 ) (-160 -1120 544 ) (-160 -1120 1088 ) (-448 -1120 1088 ) 
4 322 393 (-160 -1120 544 ) (-448 -1120 544 ) (-448 -1088 544 ) (-160 -1088 544 ) 
4 322 372 (-448 -1088 544 ) (-448 -448 544 ) (-160 -448 544 ) (-160 -1088 544 ) 
4 323 404 (-464 -1120 544 ) (-448 -1120 544 ) (-448 -1120 1088 ) (-464 -1120 1088 ) 
4 323 395 (-448 -1120 544 ) (-464 -1120 544 ) (-464 -448 544 ) (-448 -448 544 ) 
4 324 397 (464 -1120 544 ) (448 -1120 544 ) (448 -1120 320 ) (464 -1120 320 ) 
4 324 326 (448 -448 448 ) (448 -448 320 ) (448 -1088 320 ) (448 -1088 448 ) 
4 325 393 (448 -1088 448 ) (448 -1088 544 ) (160 -1088 544 ) (160 -1088 448 ) 
4 325 331 (160 -1088 512 ) (160 -1088 544 ) (160 -1056 544 ) (160 -1056 512 ) 
4 325 329 (160 -800 512 ) (160 -800 544 ) (160 -768 544 ) (160 -768 512 ) 
4 325 327 (160 -448 544 ) (160 -448 448 ) (160 -768 448 ) (160 -768 544 ) 
4 326 351 (160 -1056 432 ) (160 -1056 448 ) (160 -800 448 ) (160 -800 432 ) 
4 326 333 (160 -1072 320 ) (160 -1088 320 ) (160 -1088 432 ) (160 -1072 432 ) 
4 326 332 (160 -1088 432 ) (160 -1088 448 ) (160 -1056 448 ) (160 -1056 432 ) 
4 326 330 (160 -800 432 ) (160 -800 448 ) (160 -768 448 ) (160 -768 432 ) 
4 326 328 (160 -448 448 ) (160 -448 432 ) (160 -768 432 ) (160 -768 448 ) 
4 327 372 (-160 -768 544 ) (-160 -448 544 ) (-160 -448 448 ) (-160 -768 448 ) 
4 327 370 (-160 -768 544 ) (-160 -768 512 ) (-128 -768 512 ) (-128 -768 544 ) 
4 327 329 (160 -768 512 ) (160 -768 544 ) (128 -768 544 ) (128 -768 512 ) 
4 328 373 (-160 -448 448 ) (-160 -448 432 ) (-160 -768 432 ) (-160 -768 448 ) 
4 328 371 (-160 -768 448 ) (-160 -768 432 ) (-128 -768 432 ) (-128 -768 448 ) 
4 328 344 (-128 -768 432 ) (128 -768 432 ) (128 -768 448 ) (-128 -768 448 ) 
4 328 330 (128 -768 432 ) (160 -768 432 ) (160 -768 448 ) (128 -768 448 ) 
4 330 344 (144 -784 512 ) (128 -768 512 ) (128 -768 432 ) (144 -784 432 ) 
4 330 343 (160 -800 432 ) (160 -800 512 ) (144 -784 512 ) (144 -784 432 ) 
4 331 393 (160 -1088 544 ) (128 -1088 544 ) (128 -1088 512 ) (160 -1088 512 ) 
4 332 351 (144 -1072 512 ) (160 -1056 512 ) (160 -1056 432 ) (144 -1072 432 ) 
4 332 352 (128 -1088 432 ) (128 -1088 512 ) (144 -1072 512 ) (144 -1072 432 ) 
4 332 333 (160 -1072 432 ) (160 -1088 432 ) (128 -1088 432 ) (144 -1072 432 ) 
4 333 353 (128 -1088 320 ) (128 -1088 432 ) (144 -1072 432 ) (144 -1072 320 ) 
3 334 358 (-128 -1056 536 ) (-128 -1088 536 ) (-144 -1072 532 ) 
3 334 338 (-128 -1056 536 ) (-144 -1072 532 ) (-160 -1056 536 ) 
4 335 336 (-160 -864 536 ) (-160 -800 536 ) (-128 -800 536 ) (-128 -864 536 ) 
4 336 366 (-160 -800 528 ) (-144 -784 532 ) (-144 -848 532 ) (-160 -832 528 ) 
4 336 364 (-128 -848 536 ) (-128 -864 536 ) (-144 -848 532 ) (-144 -840 532 ) 
4 336 346 (-128 -800 536 ) (-128 -848 536 ) (-144 -840 532 ) (-144 -800 532 ) 
4 336 341 (-144 -784 532 ) (-128 -768 536 ) (-128 -800 536 ) (-144 -800 532 ) 
3 336 337 (-160 -864 536 ) (-160 -832 528 ) (-128 -864 536 ) 
4 337 366 (-144 -944 532 ) (-160 -960 528 ) (-160 -832 528 ) (-144 -848 532 ) 
4 337 364 (-128 -864 536 ) (-128 -928 536 ) (-144 -944 532 ) (-144 -848 532 ) 
4 338 365 (-144 -1072 532 ) (-160 -1056 528 ) (-160 -960 528 ) (-144 -976 532 ) 
3 338 358 (-128 -1056 536 ) (-144 -1072 532 ) (-144 -1056 532 ) 
4 338 357 (-128 -992 536 ) (-128 -1056 536 ) (-144 -1056 532 ) (-144 -976 532 ) 
4 339 340 (-32 -768 512 ) (0 -768 528 ) (0 -800 528 ) (-32 -800 512 ) 
4 339 341 (-64 -768 528 ) (-32 -768 512 ) (-32 -800 512 ) (-64 -800 528 ) 
4 340 344 (-32 -768 512 ) (32 -768 512 ) (32 -784 512 ) (-32 -784 512 ) 
4 340 342 (96 -800 528 ) (32 -800 512 ) (32 -768 512 ) (96 -768 528 ) 
4 341 366 (-144 -800 512 ) (-144 -800 532 ) (-144 -784 532 ) (-144 -784 512 ) 
4 341 346 (-128 -800 536 ) (-144 -800 532 ) (-144 -800 512 ) (-128 -800 512 ) 
4 341 344 (-144 -784 512 ) (-128 -768 512 ) (-32 -768 512 ) (-32 -784 512 ) 
4 342 345 (160 -800 512 ) (160 -800 536 ) (128 -800 536 ) (128 -800 512 ) 
4 342 344 (32 -768 512 ) (128 -768 512 ) (144 -784 512 ) (32 -784 512 ) 
3 342 343 (144 -784 512 ) (160 -800 512 ) (144 -800 512 ) 
4 343 351 (160 -800 432 ) (160 -800 512 ) (144 -800 512 ) (144 -800 432 ) 
4 344 371 (-128 -768 512 ) (-128 -768 432 ) (-144 -784 432 ) (-144 -784 512 ) 
4 345 350 (128 -800 512 ) (160 -800 512 ) (160 -832 528 ) (128 -832 528 ) 
3 346 366 (-144 -840 532 ) (-144 -800 532 ) (-144 -800 512 ) 
4 346 364 (-128 -848 536 ) (-144 -840 532 ) (-144 -800 512 ) (-128 -800 512 ) 
3 347 360 (128 -1088 528 ) (128 -1088 536 ) (128 -1056 536 ) 
3 347 349 (160 -1056 536 ) (128 -1088 528 ) (128 -1056 536 ) 
4 348 351 (144 -944 512 ) (160 -944 512 ) (160 -960 512 ) (144 -960 512 ) 
4 348 350 (160 -944 512 ) (128 -944 512 ) (128 -928 520 ) (160 -928 520 ) 
4 348 349 (128 -992 528 ) (128 -960 512 ) (160 -960 512 ) (160 -992 528 ) 
4 349 360 (128 -1088 520 ) (128 -1088 528 ) (128 -1056 536 ) (128 -1056 520 ) 
4 349 361 (128 -1056 512 ) (128 -1088 512 ) (128 -1088 520 ) (128 -1056 520 ) 
4 349 351 (144 -960 512 ) (160 -960 512 ) (160 -1056 512 ) (144 -1072 512 ) 
3 349 352 (128 -1088 512 ) (128 -1072 512 ) (144 -1072 512 ) 
4 350 351 (144 -800 512 ) (160 -800 512 ) (160 -944 512 ) (144 -944 512 ) 
4 352 362 (128 -1072 432 ) (128 -1088 432 ) (128 -1088 512 ) (128 -1072 512 ) 
3 352 353 (144 -1072 432 ) (128 -1088 432 ) (128 -1072 432 ) 
4 353 362 (128 -1072 320 ) (128 -1088 320 ) (128 -1088 432 ) (128 -1072 432 ) 
8 354 355 (-64 -960 440 ) (-64 -896 440 ) (-32 -864 440 ) (32 -864 440 ) (64 -896 440 ) (64 -960 440 ) (32 -992 440 ) (-32 -992 440 ) 
8 355 356 (32 -864 328 ) (64 -896 328 ) (64 -960 328 ) (32 -992 328 ) (-32 -992 328 ) (-64 -960 328 ) (-64 -896 328 ) (-32 -864 328 ) 
6 356 389 (-64 -896 256 ) (64 -896 256 ) (64 -960 256 ) (32 -992 256 ) (-32 -992 256 ) (-64 -960 256 ) 
4 356 387 (-64 -896 256 ) (-32 -864 256 ) (32 -864 256 ) (64 -896 256 ) 
5 357 365 (-144 -1056 512 ) (-144 -1056 532 ) (-144 -976 532 ) (-144 -976 524 ) (-144 -1024 512 ) 
3 357 366 (-144 -976 524 ) (-144 -976 512 ) (-144 -1024 512 ) 
3 357 363 (-144 -976 524 ) (-144 -976 532 ) (-128 -960 528 ) 
4 357 364 (-128 -960 512 ) (-144 -976 512 ) (-144 -976 524 ) (-128 -960 528 ) 
4 357 359 (-144 -1056 516 ) (-144 -1056 512 ) (-128 -1056 512 ) (-128 -1056 520 ) 
4 357 358 (-128 -1056 536 ) (-144 -1056 532 ) (-144 -1056 516 ) (-128 -1056 520 ) 
4 358 365 (-144 -1072 516 ) (-144 -1072 532 ) (-144 -1056 532 ) (-144 -1056 516 ) 
5 358 359 (-64 -1088 536 ) (-128 -1088 520 ) (-144 -1072 516 ) (-144 -1056 516 ) (-64 -1056 536 ) 
4 359 365 (-144 -1072 512 ) (-144 -1072 516 ) (-144 -1056 516 ) (-144 -1056 512 ) 
4 359 362 (-32 -1088 512 ) (-128 -1088 512 ) (-144 -1072 512 ) (-32 -1072 512 ) 
4 359 361 (32 -1088 528 ) (-32 -1088 512 ) (-32 -1056 512 ) (32 -1056 528 ) 
4 360 361 (96 -1056 528 ) (128 -1056 520 ) (128 -1088 520 ) (96 -1088 528 ) 
4 361 362 (128 -1088 512 ) (-32 -1088 512 ) (-32 -1072 512 ) (128 -1072 512 ) 
4 362 369 (-128 -1088 320 ) (-128 -1088 432 ) (-144 -1072 432 ) (-144 -1072 320 ) 
4 362 368 (-128 -1088 432 ) (-128 -1088 512 ) (-144 -1072 512 ) (-144 -1072 432 ) 
3 363 365 (-144 -976 524 ) (-144 -976 532 ) (-144 -960 528 ) 
3 363 364 (-128 -960 528 ) (-144 -976 524 ) (-144 -960 528 ) 
5 364 366 (-144 -976 512 ) (-144 -976 524 ) (-144 -944 532 ) (-144 -840 532 ) (-144 -800 512 ) 
4 365 368 (-160 -1056 512 ) (-160 -1056 504 ) (-144 -1072 500 ) (-144 -1072 512 ) 
4 365 366 (-144 -1072 500 ) (-160 -1056 504 ) (-160 -960 528 ) (-144 -960 528 ) 
4 366 373 (-160 -800 448 ) (-160 -800 432 ) (-160 -1056 432 ) (-160 -1056 448 ) 
4 366 371 (-160 -800 432 ) (-160 -800 512 ) (-144 -784 512 ) (-144 -784 432 ) 
4 366 368 (-160 -1056 504 ) (-160 -1056 432 ) (-144 -1072 432 ) (-144 -1072 500 ) 
4 367 393 (-128 -1088 544 ) (-160 -1088 544 ) (-160 -1088 512 ) (-128 -1088 512 ) 
4 367 372 (-160 -1088 512 ) (-160 -1088 544 ) (-160 -1056 544 ) (-160 -1056 512 ) 
4 368 373 (-160 -1088 432 ) (-160 -1088 448 ) (-160 -1056 448 ) (-160 -1056 432 ) 
4 368 369 (-144 -1072 432 ) (-128 -1088 432 ) (-160 -1088 432 ) (-160 -1072 432 ) 
4 369 373 (-160 -1088 320 ) (-160 -1088 432 ) (-160 -1072 432 ) (-160 -1072 320 ) 
4 370 372 (-160 -800 544 ) (-160 -768 544 ) (-160 -768 512 ) (-160 -800 512 ) 
4 371 373 (-160 -768 448 ) (-160 -768 432 ) (-160 -800 432 ) (-160 -800 448 ) 
4 372 393 (-160 -1088 544 ) (-448 -1088 544 ) (-448 -1088 448 ) (-160 -1088 448 ) 
4 373 395 (-448 -448 448 ) (-448 -448 320 ) (-448 -1088 320 ) (-448 -1088 448 ) 
4 374 383 (-256 -640 192 ) (-256 -512 192 ) (-176 -512 192 ) (-176 -640 192 ) 
4 374 379 (-176 -512 192 ) (176 -512 192 ) (176 -640 192 ) (-176 -640 192 ) 
4 374 378 (176 -512 192 ) (256 -512 192 ) (256 -640 192 ) (176 -640 192 ) 
4 375 379 (176 -464 192 ) (176 -448 192 ) (176 -448 112 ) (176 -464 112 ) 
3 375 377 (176 -464 112 ) (176 -448 112 ) (192 -448 112 ) 
4 376 379 (176 -512 192 ) (176 -496 192 ) (176 -496 112 ) (176 -512 112 ) 
3 376 377 (176 -512 112 ) (176 -496 112 ) (192 -512 112 ) 
4 376 378 (192 -512 192 ) (176 -512 192 ) (176 -512 112 ) (192 -512 112 ) 
4 377 379 (176 -448 112 ) (176 -448 0 ) (176 -512 0 ) (176 -512 112 ) 
4 377 378 (176 -512 0 ) (240 -512 0 ) (240 -512 112 ) (176 -512 112 ) 
4 378 379 (176 -640 0 ) (176 -640 192 ) (176 -512 192 ) (176 -512 0 ) 
4 379 384 (-64 -640 128 ) (-64 -640 0 ) (64 -640 0 ) (64 -640 128 ) 
4 379 382 (-176 -448 112 ) (-176 -448 0 ) (-176 -512 0 ) (-176 -512 112 ) 
4 379 381 (-176 -496 112 ) (-176 -512 112 ) (-176 -512 192 ) (-176 -496 192 ) 
4 379 380 (-176 -448 192 ) (-176 -448 112 ) (-176 -464 112 ) (-176 -464 192 ) 
4 379 383 (-176 -512 0 ) (-176 -640 0 ) (-176 -640 192 ) (-176 -512 192 ) 
3 380 382 (-192 -448 112 ) (-176 -448 112 ) (-176 -464 112 ) 
3 381 382 (-176 -496 112 ) (-176 -512 112 ) (-192 -512 112 ) 
4 381 383 (-176 -512 192 ) (-192 -512 192 ) (-192 -512 112 ) (-176 -512 112 ) 
4 382 383 (-240 -512 0 ) (-176 -512 0 ) (-176 -512 112 ) (-240 -512 112 ) 
4 384 385 (64 -704 0 ) (64 -704 128 ) (-64 -704 128 ) (-64 -704 0 ) 
4 385 390 (192 -848 0 ) (192 -848 192 ) (-192 -848 192 ) (-192 -848 0 ) 
4 385 388 (-36 -848 256 ) (-192 -848 256 ) (-192 -848 192 ) (-36 -848 192 ) 
4 385 386 (192 -848 192 ) (192 -848 256 ) (36 -848 256 ) (36 -848 192 ) 
4 386 390 (36 -848 192 ) (192 -848 192 ) (192 -896 192 ) (84 -896 192 ) 
4 387 390 (32 -864 192 ) (64 -896 192 ) (-64 -896 192 ) (-32 -864 192 ) 
4 387 389 (64 -896 256 ) (-64 -896 256 ) (-64 -896 192 ) (64 -896 192 ) 
4 388 390 (-192 -896 192 ) (-192 -848 192 ) (-36 -848 192 ) (-84 -896 192 ) 
6 389 392 (-64 -960 192 ) (-64 -896 192 ) (64 -896 192 ) (64 -960 192 ) (32 -992 192 ) (-32 -992 192 ) 
4 390 392 (-64 -896 0 ) (64 -896 0 ) (64 -896 192 ) (-64 -896 192 ) 
4 390 391 (-32 -864 0 ) (32 -864 0 ) (64 -896 0 ) (-64 -896 0 ) 
4 391 392 (-64 -896 -16 ) (64 -896 -16 ) (64 -896 0 ) (-64 -896 0 ) 
4 393 402 (448 -1120 320 ) (448 -1120 352 ) (-448 -1120 352 ) (-448 -1120 320 ) 
4 393 399 (448 -1120 352 ) (448 -1120 368 ) (144 -1120 368 ) (144 -1120 352 ) 
4 393 401 (-128 -1120 368 ) (-448 -1120 368 ) (-448 -1120 352 ) (-128 -1120 352 ) 
4 393 398 (448 -1120 368 ) (448 -1120 544 ) (-448 -1120 544 ) (-448 -1120 368 ) 
4 394 403 (448 -1120 304 ) (448 -1120 320 ) (-448 -1120 320 ) (-448 -1120 304 ) 
4 395 404 (-464 -1120 320 ) (-448 -1120 320 ) (-448 -1120 544 ) (-464 -1120 544 ) 
4 396 405 (464 -1824 1088 ) (464 -1824 1104 ) (-464 -1824 1104 ) (-464 -1824 1088 ) 
4 396 404 (-448 -1824 1088 ) (-464 -1824 1088 ) (-464 -1120 1088 ) (-448 -1120 1088 ) 
4 396 397 (464 -1824 1088 ) (448 -1824 1088 ) (448 -1120 1088 ) (464 -1120 1088 ) 
4 397 406 (464 -1824 320 ) (464 -1824 1088 ) (448 -1824 1088 ) (448 -1824 320 ) 
4 398 416 (-160 -1824 1088 ) (-448 -1824 1088 ) (-448 -1824 368 ) (-160 -1824 368 ) 
4 398 409 (-160 -1824 736 ) (-160 -1824 704 ) (160 -1824 704 ) (160 -1824 736 ) 
4 398 408 (160 -1824 1088 ) (-160 -1824 1088 ) (-160 -1824 736 ) (160 -1824 736 ) 
4 398 415 (-160 -1824 704 ) (-160 -1824 368 ) (160 -1824 368 ) (160 -1824 704 ) 
4 398 407 (448 -1824 368 ) (448 -1824 1088 ) (160 -1824 1088 ) (160 -1824 368 ) 
4 398 399 (448 -1824 368 ) (144 -1824 368 ) (144 -1120 368 ) (448 -1120 368 ) 
4 398 401 (-128 -1824 368 ) (-448 -1824 368 ) (-448 -1120 368 ) (-128 -1120 368 ) 
4 399 415 (160 -1824 368 ) (144 -1824 368 ) (144 -1824 352 ) (160 -1824 352 ) 
4 399 407 (448 -1824 352 ) (448 -1824 368 ) (160 -1824 368 ) (160 -1824 352 ) 
4 399 402 (144 -1120 352 ) (448 -1120 352 ) (448 -1824 352 ) (144 -1824 352 ) 
4 401 416 (-160 -1824 368 ) (-448 -1824 368 ) (-448 -1824 352 ) (-160 -1824 352 ) 
4 401 415 (-128 -1824 368 ) (-160 -1824 368 ) (-160 -1824 352 ) (-128 -1824 352 ) 
4 401 402 (-448 -1824 352 ) (-448 -1120 352 ) (-128 -1120 352 ) (-128 -1824 352 ) 
4 402 416 (-160 -1824 352 ) (-448 -1824 352 ) (-448 -1824 320 ) (-160 -1824 320 ) 
4 402 415 (160 -1824 352 ) (-160 -1824 352 ) (-160 -1824 320 ) (160 -1824 320 ) 
4 402 407 (448 -1824 320 ) (448 -1824 352 ) (160 -1824 352 ) (160 -1824 320 ) 
4 403 419 (448 -1824 304 ) (448 -1824 320 ) (-448 -1824 320 ) (-448 -1824 304 ) 
4 404 417 (-448 -1824 320 ) (-448 -1824 1088 ) (-464 -1824 1088 ) (-464 -1824 320 ) 
4 405 417 (-464 -2432 1088 ) (-464 -1824 1088 ) (-448 -1824 1088 ) (-448 -2432 1088 ) 
4 405 406 (448 -1824 1088 ) (464 -1824 1088 ) (464 -2432 1088 ) (448 -2432 1088 ) 
4 406 418 (448 -2432 320 ) (464 -2432 320 ) (464 -2432 1088 ) (448 -2432 1088 ) 
4 407 411 (160 -2112 704 ) (160 -2176 704 ) (160 -2176 736 ) (160 -2112 736 ) 
4 407 410 (160 -1856 704 ) (160 -1920 704 ) (160 -1920 736 ) (160 -1856 736 ) 
4 407 409 (160 -1824 736 ) (160 -1824 704 ) (160 -1856 704 ) (160 -1856 736 ) 
4 407 408 (160 -1824 1088 ) (160 -1824 736 ) (160 -2176 736 ) (160 -2176 1088 ) 
4 407 414 (160 -2176 704 ) (160 -2432 704 ) (160 -2432 1088 ) (160 -2176 1088 ) 
4 407 415 (160 -1824 704 ) (160 -1824 320 ) (160 -2432 320 ) (160 -2432 704 ) 
4 408 416 (-160 -2176 1088 ) (-160 -1824 1088 ) (-160 -1824 736 ) (-160 -2176 736 ) 
3 408 412 (-160 -1920 736 ) (-160 -1856 736 ) (-96 -1856 736 ) 
3 408 411 (160 -2112 736 ) (160 -2176 736 ) (96 -2176 736 ) 
3 408 413 (-160 -2176 736 ) (-160 -2112 736 ) (-96 -2176 736 ) 
3 408 410 (96 -1856 736 ) (160 -1856 736 ) (160 -1920 736 ) 
4 408 409 (-160 -1856 736 ) (-160 -1824 736 ) (160 -1824 736 ) (160 -1856 736 ) 
4 408 414 (160 -2176 736 ) (160 -2176 1088 ) (-160 -2176 1088 ) (-160 -2176 736 ) 
4 409 416 (-160 -1824 736 ) (-160 -1824 704 ) (-160 -1856 704 ) (-160 -1856 736 ) 
4 409 412 (-160 -1856 736 ) (-160 -1856 704 ) (-96 -1856 704 ) (-96 -1856 736 ) 
4 409 410 (96 -1856 704 ) (160 -1856 704 ) (160 -1856 736 ) (96 -1856 736 ) 
4 409 415 (-160 -1856 704 ) (-160 -1824 704 ) (160 -1824 704 ) (160 -1856 704 ) 
3 410 415 (96 -1856 704 ) (160 -1856 704 ) (160 -1920 704 ) 
4 411 414 (160 -2176 704 ) (160 -2176 736 ) (96 -2176 736 ) (96 -2176 704 ) 
3 411 415 (160 -2112 704 ) (160 -2176 704 ) (96 -2176 704 ) 
4 412 416 (-160 -1856 704 ) (-160 -1920 704 ) (-160 -1920 736 ) (-160 -1856 736 ) 
3 412 415 (-160 -1920 704 ) (-160 -1856 704 ) (-96 -1856 704 ) 
4 413 416 (-160 -2112 704 ) (-160 -2176 704 ) (-160 -2176 736 ) (-160 -2112 736 ) 
3 413 415 (-160 -2176 704 ) (-160 -2112 704 ) (-96 -2176 704 ) 
4 413 414 (-96 -2176 736 ) (-160 -2176 736 ) (-160 -2176 704 ) (-96 -2176 704 ) 
4 414 416 (-160 -2432 704 ) (-160 -2432 1088 ) (-160 -2176 1088 ) (-160 -2176 704 ) 
4 414 415 (-160 -2432 704 ) (-160 -2176 704 ) (160 -2176 704 ) (160 -2432 704 ) 
4 415 416 (-160 -1824 320 ) (-160 -2432 320 ) (-160 -2432 704 ) (-160 -1824 704 ) 
4 417 418 (-464 -2432 1088 ) (-464 -2432 320 ) (-448 -2432 320 ) (-448 -2432 1088 ) 
0 -1
1 -1
2 3 4 5 6 -1
7 -1
8 -1
9 -1
10 -1
11 -1
12 -1
13 -1
14 -1
15 -1
16 -1
17 -1
18 -1
19 -1
20 -1
21 -1
22 -1
23 -1
24 -1
25 -1
26 -1
27 -1
28 -1
29 -1
30 -1
31 32 33 34 35 36 37 38 -1
39 40 41 42 43 -1
44 -1
45 -1
46 -1
47 -1
48 -1
49 -1
50 -1
51 -1
52 -1
53 -1
54 -1
55 -1
56 -1
57 -1
58 -1
59 -1
60 -1
61 -1
62 -1
63 -1
64 -1
65 -1
66 -1
67 -1
68 -1
69 -1
70 -1
71 -1
72 73 74 75 76 77 78 79 80 81 82 83 84 85 86 87 88 89 90 -1
91 -1
92 -1
93 -1
94 -1
95 -1
96 -1
97 -1
98 -1
99 -1
100 -1
101 -1
102 -1
103 -1
104 -1
105 -1
106 -1
107 -1
108 -1
109 -1
110 -1
111 -1
112 -1
113 -1
114 -1
115 -1
116 -1
117 -1
118 -1
119 -1
120 -1
121 -1
122 -1
123 -1
124 -1
125 -1
126 -1
127 -1
128 -1
129 -1
130 -1
131 -1
132 -1
133 -1
134 -1
135 -1
136 -1
137 -1
138 -1
139 -1
140 -1
141 -1
142 -1
143 -1
144 -1
145 -1
146 -1
147 -1
148 -1
149 -1
150 -1
151 -1
152 -1
153 -1
154 -1
155 -1
156 -1
157 -1
158 -1
159 -1
160 -1
161 -1
162 163 164 165 166 167 168 169 170 171 172 173 174 175 176 177 178 179 -1
180 -1
181 -1
182 -1
183 -1
184 -1
185 -1
186 -1
187 -1
188 189 -1
190 191 192 193 194 -1
195 -1
196 -1
197 -1
198 -1
199 -1
200 -1
201 -1
202 -1
203 -1
204 -1
205 -1
206 -1
207 -1
208 -1
209 -1
210 -1
211 -1
212 -1
213 -1
214 -1
215 -1
216 -1
217 -1
218 -1
219 -1
220 -1
221 -1
222 -1
223 -1
224 -1
225 -1
226 -1
227 -1
228 -1
229 -1
230 -1
231 -1
232 -1
233 -1
234 -1
235 -1
236 -1
237 -1
238 -1
239 -1
240 -1
241 -1
242 -1
243 -1
244 -1
245 -1
246 -1
247 -1
248 -1
249 -1
250 -1
251 -1
252 -1
253 -1
254 -1
255 -1
256 -1
257 -1
258 -1
259 -1
260 -1
261 -1
262 -1
263 264 -1
265 266 -1
267 268 269 270 271 272 273 -1
274 -1
275 -1
276 -1
277 -1
278 -1
279 -1
280 -1
281 -1
282 -1
283 -1
284 -1
285 -1
286 -1
287 -1
288 -1
289 -1
290 -1
291 -1
292 -1
293 -1
294 -1
295 -1
296 -1
297 -1
298 -1
299 -1
300 -1
301 -1
302 -1
303 -1
304 -1
305 -1
306 -1
307 -1
308 -1
309 -1
310 -1
311 -1
312 -1
313 -1
314 -1
315 -1
316 -1
317 -1
318 -1
319 -1
320 -1
321 -1
322 -1
323 -1
324 -1
325 -1
326 -1
327 -1
328 -1
329 -1
330 -1
331 -1
332 333 334 335 336 337 338 -1
339 340 341 342 343 344 345 346 347 348 349 -1
350 -1
351 -1
352 -1
353 -1
354 -1
355 -1
356 -1
357 -1
358 -1
359 360 361 362 363 -1
364 -1
365 -1
366 -1
367 368 369 370 371 -1
372 -1
373 -1
374 -1
375 -1
376 -1
377 378 379 380 381 -1
382 -1
383 -1
384 385 386 387 388 389 -1
390 -1
391 -1
392 -1
393 394 395 396 397 398 399 -1
400 -1
401 402 403 404 405 406 407 408 409 -1
410 -1
411 -1
412 413 414 415 416 417 418 -1
419 -1
420 -1
421 -1
422 423 424 425 426 427 428 -1
429 -1
430 -1
431 -1
432 -1
433 -1
434 -1
435 -1
436 -1
437 438 439 440 441 442 443 444 445 446 447 448 449 450 451 452 453 454 455 456 457 458 459 460 461 462 463 464 -1
465 -1
466 -1
467 -1
468 -1
469 -1
470 -1
471 -1
472 -1
473 -1
474 -1
475 -1
476 -1
477 -1
478 -1
479 -1
480 -1
481 -1
482 -1
483 -1
484 -1
485 -1
486 -1
487 -1
488 -1
489 -1
490 -1
491 -1
492 -1
493 -1
494 -1
495 -1
496 -1
497 -1
498 -1
499 -1
500 -1
501 -1
502 -1
503 -1
504 -1
505 -1
506 -1
507 -1
508 -1
509 -1
510 -1
511 -1
512 -1
513 -1
514 -1
515 -1
516 -1
517 -1
518 -1
519 -1
520 -1
521 -1
522 -1
523 -1
524 -1
525 -1
526 527 528 529 530 531 532 -1
533 -1
534 -1
535 -1
536 -1
537 538 539 540 541 542 543 -1
544 -1
545 -1
546 -1
547 -1
548 -1
549 -1
550 -1
551 -1
552 -1
553 -1
554 -1
555 -1
556 -1
557 -1
558 -1
559 560 561 562 563 564 565 566 567 568 569 570 571 572 573 574 575 576 577 578 579 580 581 582 583 584 585 586 587 588 589 590 591 592 593 594 595 596 597 598 599 600 601 602 603 604 605 606 607 608 609 610 611 612 613 614 615 616 617 618 619 620 621 622 623 624 625 626 627 628 629 630 631 632 633 634 635 636 637 638 639 640 641 642 643 644 645 646 647 648 649 650 651 652 653 654 655 656 657 658 659 660 661 662 663 664 665 666 667 668 669 670 671 672 673 674 675 676 677 678 679 680 681 682 683 684 685 686 687 688 689 690 691 692 693 694 695 696 697 698 699 700 701 702 703 704 705 706 707 708 709 710 711 712 713 714 715 716 717 718 719 720 721 722 723 724 725 726 727 728 729 730 731 732 733 734 735 736 737 738 739 740 741 742 743 744 745 746 747 -1
748 -1
749 -1
750 -1
751 -1
752 -1
753 -1
754 -1
755 -1
756 -1
757 758 759 760 761 762 763 -1
764 -1
765 -1
766 -1
767 -1
768 -1
769 -1
770 -1
771 -1
772 -1
773 -1
774 -1
