PRT2
661
448
942
4 0 6 (224 640 0 ) (256 640 0 ) (256 640 192 ) (224 640 192 ) 
4 0 7 (64 640 0 ) (224 640 0 ) (224 640 192 ) (64 640 192 ) 
4 0 2 (64 864 0 ) (64 832 0 ) (64 832 32 ) (64 864 32 ) 
4 0 1 (64 896 192 ) (64 896 32 ) (64 832 32 ) (64 832 192 ) 
4 0 4 (64 832 0 ) (64 640 0 ) (64 640 192 ) (64 832 192 ) 
4 1 136 (-64 832 192 ) (-64 896 192 ) (-64 896 32 ) (-64 832 32 ) 
3 1 2 (64 864 32 ) (64 832 32 ) (32 832 32 ) 
3 1 3 (-64 832 32 ) (-64 864 32 ) (-32 832 32 ) 
4 1 4 (64 832 32 ) (64 832 192 ) (-64 832 192 ) (-64 832 32 ) 
4 2 4 (64 832 0 ) (64 832 32 ) (32 832 32 ) (32 832 0 ) 
4 3 136 (-64 864 0 ) (-64 832 0 ) (-64 832 32 ) (-64 864 32 ) 
4 3 4 (-32 832 32 ) (-64 832 32 ) (-64 832 0 ) (-32 832 0 ) 
4 4 138 (-64 640 0 ) (-64 640 192 ) (-64 704 192 ) (-64 704 0 ) 
4 4 136 (-64 704 192 ) (-64 832 192 ) (-64 832 0 ) (-64 704 0 ) 
4 4 7 (-64 640 192 ) (-64 640 0 ) (64 640 0 ) (64 640 192 ) 
4 5 158 (-64 416 192 ) (-64 416 368 ) (-64 480 368 ) (-64 480 192 ) 
4 5 135 (-64 480 368 ) (-64 640 368 ) (-64 640 192 ) (-64 480 192 ) 
7 5 23 (-64 416 368 ) (-64 416 192 ) (192 416 192 ) (192 416 256 ) (128 416 328 ) (64 416 368 ) (0 416 384 ) 
4 5 7 (-64 416 192 ) (-64 640 192 ) (192 640 192 ) (192 416 192 ) 
4 6 8 (224 640 -8 ) (256 640 -8 ) (256 480 -8 ) (224 480 -8 ) 
4 6 7 (224 640 -8 ) (224 480 -8 ) (224 480 192 ) (224 640 192 ) 
4 7 159 (-64 480 -8 ) (-64 416 -8 ) (-64 416 192 ) (-64 480 192 ) 
4 7 139 (-64 640 -8 ) (-64 480 -8 ) (-64 480 0 ) (-64 640 0 ) 
4 7 138 (-64 480 0 ) (-64 480 192 ) (-64 640 192 ) (-64 640 0 ) 
4 7 24 (-64 416 192 ) (-64 416 -8 ) (224 416 -8 ) (224 416 192 ) 
4 7 9 (-64 416 -8 ) (-64 480 -8 ) (224 480 -8 ) (224 416 -8 ) 
4 7 8 (-64 480 -8 ) (-64 640 -8 ) (224 640 -8 ) (224 480 -8 ) 
4 8 140 (-64 640 -16 ) (-64 480 -16 ) (-64 480 -8 ) (-64 640 -8 ) 
4 8 10 (-64 480 -16 ) (-64 640 -16 ) (256 640 -16 ) (256 480 -16 ) 
4 8 9 (-64 480 -8 ) (-64 480 -16 ) (224 480 -16 ) (224 480 -8 ) 
4 9 164 (-64 480 -16 ) (-64 416 -16 ) (-64 416 -8 ) (-64 480 -8 ) 
4 9 29 (-64 416 -8 ) (-64 416 -16 ) (224 416 -16 ) (224 416 -8 ) 
4 9 12 (-64 416 -16 ) (-64 480 -16 ) (224 480 -16 ) (224 416 -16 ) 
4 10 141 (-64 640 -336 ) (-64 480 -336 ) (-64 480 -16 ) (-64 640 -16 ) 
4 10 13 (-64 480 -336 ) (-64 640 -336 ) (256 640 -336 ) (256 480 -336 ) 
4 10 11 (224 480 -336 ) (256 480 -336 ) (256 480 -192 ) (224 480 -64 ) 
4 10 12 (-64 480 -16 ) (-64 480 -336 ) (224 480 -336 ) (224 480 -16 ) 
4 11 30 (224 416 -336 ) (256 416 -336 ) (256 416 -192 ) (224 416 -64 ) 
4 11 13 (256 416 -336 ) (224 416 -336 ) (224 480 -336 ) (256 480 -336 ) 
4 11 12 (224 480 -64 ) (224 480 -336 ) (224 416 -336 ) (224 416 -64 ) 
4 12 177 (-64 480 -336 ) (-64 416 -336 ) (-64 416 -224 ) (-64 480 -224 ) 
4 12 168 (-64 416 -224 ) (-64 416 -16 ) (-64 480 -16 ) (-64 480 -224 ) 
4 12 30 (-64 416 -16 ) (-64 416 -336 ) (224 416 -336 ) (224 416 -16 ) 
4 12 13 (224 416 -336 ) (-64 416 -336 ) (-64 480 -336 ) (224 480 -336 ) 
4 13 178 (-64 416 -352 ) (-64 416 -336 ) (-64 480 -336 ) (-64 480 -352 ) 
4 13 142 (-64 480 -336 ) (-64 640 -336 ) (-64 640 -352 ) (-64 480 -352 ) 
4 13 39 (-64 416 -336 ) (-64 416 -352 ) (256 416 -352 ) (256 416 -336 ) 
4 14 77 (448 -160 288 ) (448 -160 224 ) (704 -160 224 ) (704 -160 288 ) 
4 14 16 (560 -160 224 ) (448 -160 224 ) (448 -128 224 ) (560 -128 224 ) 
4 14 15 (704 -128 224 ) (704 -160 224 ) (592 -160 224 ) (592 -128 224 ) 
4 15 78 (592 -160 192 ) (704 -160 192 ) (704 -160 224 ) (592 -160 224 ) 
4 15 22 (704 -128 192 ) (704 -160 192 ) (592 -160 192 ) (592 -128 192 ) 
4 16 79 (448 -160 224 ) (448 -160 192 ) (560 -160 192 ) (560 -160 224 ) 
4 16 22 (560 -128 192 ) (560 -160 192 ) (448 -160 192 ) (448 -128 192 ) 
4 17 19 (640 -64 0 ) (640 -96 0 ) (640 -96 32 ) (640 -64 32 ) 
4 17 18 (640 -96 32 ) (640 -96 192 ) (640 -32 192 ) (640 -32 32 ) 
4 17 22 (640 -96 0 ) (768 -96 0 ) (768 -96 192 ) (640 -96 192 ) 
3 18 20 (544 -96 32 ) (512 -96 32 ) (512 -64 32 ) 
3 18 19 (640 -64 32 ) (640 -96 32 ) (608 -96 32 ) 
4 18 21 (512 -32 192 ) (512 -32 32 ) (512 -96 32 ) (512 -96 192 ) 
4 18 22 (640 -96 32 ) (640 -96 192 ) (512 -96 192 ) (512 -96 32 ) 
4 19 22 (608 -96 0 ) (640 -96 0 ) (640 -96 32 ) (608 -96 32 ) 
4 20 21 (512 -64 0 ) (512 -96 0 ) (512 -96 32 ) (512 -64 32 ) 
4 20 22 (512 -96 0 ) (544 -96 0 ) (544 -96 32 ) (512 -96 32 ) 
4 21 22 (384 -96 192 ) (384 -96 0 ) (512 -96 0 ) (512 -96 192 ) 
4 22 80 (768 -160 0 ) (768 -160 192 ) (384 -160 192 ) (384 -160 0 ) 
4 23 158 (-64 416 368 ) (-64 416 192 ) (-64 -64 192 ) (-64 -64 368 ) 
4 23 26 (-64 -64 192 ) (-64 160 192 ) (192 160 192 ) (192 -64 192 ) 
4 23 24 (-64 160 192 ) (-64 416 192 ) (192 416 192 ) (192 160 192 ) 
4 24 160 (-64 416 192 ) (-64 416 -8 ) (-64 160 -8 ) (-64 160 192 ) 
4 24 29 (-64 160 -8 ) (-64 416 -8 ) (256 416 -8 ) (256 160 -8 ) 
4 24 26 (224 160 192 ) (-64 160 192 ) (-64 160 -8 ) (224 160 -8 ) 
4 25 31 (256 -64 -8 ) (224 -64 -8 ) (224 96 -8 ) (256 96 -8 ) 
4 25 27 (256 -64 192 ) (224 -64 192 ) (224 -64 0 ) (256 -64 0 ) 
4 25 26 (224 96 -8 ) (224 -64 -8 ) (224 -64 192 ) (224 96 192 ) 
4 26 163 (-64 96 -8 ) (-64 -64 -8 ) (-64 -64 0 ) (-64 96 0 ) 
4 26 162 (-64 -64 0 ) (-64 -64 192 ) (-64 96 192 ) (-64 96 0 ) 
4 26 161 (-64 160 -8 ) (-64 96 -8 ) (-64 96 192 ) (-64 160 192 ) 
4 26 32 (-64 -64 -8 ) (-64 160 -8 ) (224 160 -8 ) (224 -64 -8 ) 
4 26 27 (224 -64 192 ) (-64 -64 192 ) (-64 -64 0 ) (224 -64 0 ) 
4 27 223 (-64 -160 0 ) (-64 -160 192 ) (-64 -128 192 ) (-64 -128 0 ) 
4 27 162 (-64 -128 192 ) (-64 -64 192 ) (-64 -64 0 ) (-64 -128 0 ) 
4 27 94 (-64 -160 192 ) (-64 -160 0 ) (256 -160 0 ) (256 -160 192 ) 
4 28 36 (256 -16 -128 ) (256 -64 -128 ) (256 -64 -32 ) (256 -16 -32 ) 
4 28 35 (256 0 -128 ) (256 -16 -128 ) (256 -16 -32 ) (256 0 -32 ) 
4 29 165 (-64 160 -8 ) (-64 416 -8 ) (-64 416 -16 ) (-64 160 -16 ) 
4 29 32 (-64 160 -8 ) (-64 160 -16 ) (224 160 -16 ) (224 160 -8 ) 
4 29 30 (-64 160 -16 ) (-64 416 -16 ) (256 416 -16 ) (256 160 -16 ) 
4 30 177 (-64 416 -224 ) (-64 416 -336 ) (-64 160 -336 ) (-64 160 -224 ) 
4 30 170 (-64 416 -16 ) (-64 416 -224 ) (-64 160 -224 ) (-64 160 -16 ) 
4 30 39 (-64 416 -336 ) (256 416 -336 ) (256 160 -336 ) (-64 160 -336 ) 
4 30 33 (224 160 -336 ) (256 160 -336 ) (256 160 -192 ) (224 160 -64 ) 
4 30 34 (-64 160 -16 ) (-64 160 -336 ) (224 160 -336 ) (224 160 -16 ) 
4 31 36 (256 -16 -16 ) (256 -64 -16 ) (224 -64 -16 ) (224 -16 -16 ) 
4 31 35 (256 96 -16 ) (256 -16 -16 ) (224 -16 -16 ) (224 96 -16 ) 
4 31 32 (224 -64 -16 ) (224 -64 -8 ) (224 96 -8 ) (224 96 -16 ) 
4 32 167 (-64 -64 -16 ) (-64 -64 -8 ) (-64 96 -8 ) (-64 96 -16 ) 
4 32 166 (-64 96 -8 ) (-64 160 -8 ) (-64 160 -16 ) (-64 96 -16 ) 
4 32 36 (224 -16 -16 ) (224 -64 -16 ) (-64 -64 -16 ) (-64 -16 -16 ) 
4 32 35 (224 96 -16 ) (224 -16 -16 ) (-64 -16 -16 ) (-64 96 -16 ) 
4 32 34 (-64 160 -16 ) (224 160 -16 ) (224 96 -16 ) (-64 96 -16 ) 
4 33 39 (256 160 -336 ) (256 96 -336 ) (224 96 -336 ) (224 160 -336 ) 
3 33 35 (244 96 -144 ) (224 96 -64 ) (224 96 -144 ) 
5 33 38 (256 96 -336 ) (256 96 -192 ) (244 96 -144 ) (224 96 -144 ) (224 96 -336 ) 
4 33 34 (224 160 -64 ) (224 160 -336 ) (224 96 -336 ) (224 96 -64 ) 
4 34 177 (-64 160 -224 ) (-64 160 -336 ) (-64 96 -336 ) (-64 96 -224 ) 
4 34 171 (-64 96 -16 ) (-64 160 -16 ) (-64 160 -224 ) (-64 96 -224 ) 
4 34 39 (224 96 -336 ) (-64 96 -336 ) (-64 160 -336 ) (224 160 -336 ) 
4 34 35 (224 96 -16 ) (-64 96 -16 ) (-64 96 -144 ) (224 96 -144 ) 
4 34 38 (-64 96 -144 ) (-64 96 -336 ) (224 96 -336 ) (224 96 -144 ) 
4 35 174 (-64 96 -128 ) (-64 96 -144 ) (-64 -16 -144 ) (-64 -16 -128 ) 
4 35 173 (-64 -16 -16 ) (-64 96 -16 ) (-64 96 -128 ) (-64 -16 -128 ) 
4 35 36 (256 -16 -128 ) (256 -16 -16 ) (-64 -16 -16 ) (-64 -16 -128 ) 
4 35 38 (-64 96 -144 ) (256 96 -144 ) (256 -16 -144 ) (-64 -16 -144 ) 
4 36 173 (-64 -64 -128 ) (-64 -64 -16 ) (-64 -16 -16 ) (-64 -16 -128 ) 
4 36 37 (256 -48 -128 ) (256 -64 -128 ) (-64 -64 -128 ) (-64 -48 -128 ) 
4 37 175 (-64 -64 -144 ) (-64 -64 -128 ) (-64 -48 -128 ) (-64 -48 -144 ) 
4 37 38 (256 -48 -144 ) (256 -64 -144 ) (-64 -64 -144 ) (-64 -48 -144 ) 
4 38 177 (-64 -64 -336 ) (-64 -64 -224 ) (-64 96 -224 ) (-64 96 -336 ) 
4 38 176 (-64 -64 -224 ) (-64 -64 -144 ) (-64 -16 -144 ) (-64 -16 -224 ) 
4 38 174 (-64 -16 -144 ) (-64 96 -144 ) (-64 96 -224 ) (-64 -16 -224 ) 
4 38 42 (-64 -64 -192 ) (-64 -64 -320 ) (64 -64 -320 ) (64 -64 -192 ) 
4 38 39 (256 96 -336 ) (256 -64 -336 ) (-64 -64 -336 ) (-64 96 -336 ) 
4 39 178 (-64 -64 -352 ) (-64 -64 -336 ) (-64 416 -336 ) (-64 416 -352 ) 
4 40 225 (-64 -160 -192 ) (-64 -160 -96 ) (-64 -128 -96 ) (-64 -128 -192 ) 
4 40 100 (128 -160 -96 ) (-64 -160 -96 ) (-64 -160 -192 ) (128 -160 -192 ) 
4 40 41 (128 -160 -192 ) (64 -160 -192 ) (64 -128 -192 ) (128 -128 -192 ) 
4 40 42 (64 -160 -192 ) (-64 -160 -192 ) (-64 -128 -192 ) (64 -128 -192 ) 
4 41 100 (64 -160 -320 ) (128 -160 -320 ) (128 -160 -192 ) (64 -160 -192 ) 
4 41 42 (64 -128 -320 ) (64 -160 -320 ) (64 -160 -192 ) (64 -128 -192 ) 
4 42 225 (-64 -160 -320 ) (-64 -160 -192 ) (-64 -128 -192 ) (-64 -128 -320 ) 
4 42 100 (-64 -160 -192 ) (-64 -160 -320 ) (64 -160 -320 ) (64 -160 -192 ) 
4 43 55 (1024 -544 416 ) (1568 -544 416 ) (1568 -544 480 ) (1024 -544 480 ) 
4 43 49 (1568 -544 480 ) (1568 -544 544 ) (1024 -544 544 ) (1024 -544 480 ) 
4 44 52 (1696 -800 672 ) (1696 -752 672 ) (1696 -752 480 ) (1696 -800 480 ) 
4 44 48 (1696 -752 672 ) (1696 -672 672 ) (1696 -672 480 ) (1696 -752 480 ) 
4 45 47 (880 -720 800 ) (880 -720 736 ) (1696 -720 736 ) (1696 -720 800 ) 
4 45 46 (880 -720 736 ) (880 -576 736 ) (1696 -576 736 ) (1696 -720 736 ) 
4 46 57 (880 -704 704 ) (880 -720 704 ) (880 -720 736 ) (880 -704 736 ) 
4 46 48 (1568 -576 704 ) (1696 -576 704 ) (1696 -720 704 ) (1568 -720 704 ) 
4 46 49 (880 -720 704 ) (880 -576 704 ) (1568 -576 704 ) (1568 -720 704 ) 
4 46 47 (880 -720 736 ) (880 -720 704 ) (1696 -720 704 ) (1696 -720 736 ) 
4 47 57 (880 -720 736 ) (880 -720 704 ) (880 -752 704 ) (880 -752 736 ) 
4 47 51 (880 -752 736 ) (880 -752 704 ) (1696 -752 704 ) (1696 -752 736 ) 
4 47 50 (880 -752 800 ) (880 -752 736 ) (1696 -752 736 ) (1696 -752 800 ) 
4 47 48 (1568 -720 704 ) (1696 -720 704 ) (1696 -752 704 ) (1568 -752 704 ) 
4 47 49 (880 -752 704 ) (880 -720 704 ) (1568 -720 704 ) (1568 -752 704 ) 
4 48 52 (1568 -752 480 ) (1696 -752 480 ) (1696 -752 704 ) (1568 -752 704 ) 
4 48 49 (1568 -576 480 ) (1568 -752 480 ) (1568 -752 704 ) (1568 -576 704 ) 
4 49 57 (880 -704 544 ) (880 -752 544 ) (880 -752 704 ) (880 -704 704 ) 
4 49 56 (992 -672 480 ) (1024 -672 480 ) (1024 -752 480 ) (992 -752 480 ) 
4 49 55 (1024 -544 480 ) (1568 -544 480 ) (1568 -752 480 ) (1024 -752 480 ) 
4 49 53 (880 -752 704 ) (880 -752 480 ) (1568 -752 480 ) (1568 -752 704 ) 
4 50 51 (880 -896 736 ) (880 -752 736 ) (1696 -752 736 ) (1696 -896 736 ) 
4 51 57 (880 -768 736 ) (880 -752 736 ) (880 -752 704 ) (880 -768 704 ) 
4 51 52 (1568 -752 704 ) (1696 -752 704 ) (1696 -896 704 ) (1568 -896 704 ) 
4 51 53 (880 -896 704 ) (880 -752 704 ) (1568 -752 704 ) (1568 -896 704 ) 
4 52 53 (1568 -896 704 ) (1568 -752 704 ) (1568 -752 480 ) (1568 -896 480 ) 
4 53 57 (880 -752 704 ) (880 -752 544 ) (880 -768 544 ) (880 -768 704 ) 
4 53 56 (992 -752 480 ) (1024 -752 480 ) (1024 -800 480 ) (992 -800 480 ) 
4 53 55 (1024 -752 480 ) (1568 -752 480 ) (1568 -928 480 ) (1024 -928 480 ) 
4 53 54 (1024 -928 480 ) (1568 -928 480 ) (1568 -928 544 ) (1024 -928 544 ) 
4 54 55 (1568 -1120 480 ) (1024 -1120 480 ) (1024 -928 480 ) (1568 -928 480 ) 
4 55 60 (1248 -800 416 ) (1120 -800 416 ) (1120 -672 416 ) (1248 -672 416 ) 
4 55 56 (1024 -672 416 ) (1024 -800 416 ) (1024 -800 480 ) (1024 -672 480 ) 
4 58 64 (1056 -672 352 ) (1056 -576 352 ) (1312 -576 352 ) (1312 -672 352 ) 
4 58 61 (1056 -672 384 ) (1056 -672 352 ) (1120 -672 352 ) (1120 -672 384 ) 
4 58 60 (1120 -672 352 ) (1248 -672 352 ) (1248 -672 384 ) (1120 -672 384 ) 
4 58 59 (1248 -672 352 ) (1312 -672 352 ) (1312 -672 384 ) (1248 -672 384 ) 
4 59 64 (1248 -672 352 ) (1312 -672 352 ) (1312 -800 352 ) (1248 -800 352 ) 
4 59 62 (1248 -800 352 ) (1312 -800 352 ) (1312 -800 384 ) (1248 -800 384 ) 
4 59 60 (1248 -672 384 ) (1248 -672 352 ) (1248 -800 352 ) (1248 -800 384 ) 
4 60 64 (1120 -672 352 ) (1248 -672 352 ) (1248 -800 352 ) (1120 -800 352 ) 
4 60 62 (1120 -800 352 ) (1248 -800 352 ) (1248 -800 384 ) (1120 -800 384 ) 
4 60 61 (1120 -672 352 ) (1120 -800 352 ) (1120 -800 384 ) (1120 -672 384 ) 
4 61 64 (1056 -800 352 ) (1056 -672 352 ) (1120 -672 352 ) (1120 -800 352 ) 
4 61 62 (1056 -800 352 ) (1120 -800 352 ) (1120 -800 384 ) (1056 -800 384 ) 
4 62 64 (1312 -896 352 ) (1056 -896 352 ) (1056 -800 352 ) (1312 -800 352 ) 
4 63 64 (1056 -576 192 ) (1312 -576 192 ) (1312 -576 352 ) (1056 -576 352 ) 
4 64 67 (1024 -704 288 ) (1024 -704 192 ) (1024 -768 192 ) (1024 -768 288 ) 
4 64 65 (1312 -896 352 ) (1056 -896 352 ) (1056 -896 192 ) (1312 -896 192 ) 
4 65 70 (1248 -928 320 ) (1120 -928 320 ) (1120 -928 192 ) (1248 -928 192 ) 
4 66 68 (864 -704 352 ) (864 -704 288 ) (864 -768 288 ) (864 -768 352 ) 
4 66 67 (864 -768 288 ) (864 -704 288 ) (992 -704 288 ) (992 -768 288 ) 
4 67 69 (864 -704 256 ) (864 -704 224 ) (864 -768 224 ) (864 -768 256 ) 
4 67 68 (864 -704 288 ) (864 -704 256 ) (864 -768 256 ) (864 -768 288 ) 
4 68 102 (800 -928 256 ) (800 -928 352 ) (800 -864 352 ) (800 -864 256 ) 
4 68 69 (800 -704 256 ) (864 -704 256 ) (864 -864 256 ) (800 -864 256 ) 
4 70 71 (1120 -1152 108 ) (1248 -1152 108 ) (1248 -1152 256 ) (1120 -1152 256 ) 
4 71 75 (1120 -1184 128 ) (1120 -1184 96 ) (1248 -1184 96 ) (1248 -1184 128 ) 
4 71 74 (1120 -1184 256 ) (1120 -1184 128 ) (1248 -1184 128 ) (1248 -1184 256 ) 
4 72 303 (1056 -1280 352 ) (1056 -1280 320 ) (1312 -1280 320 ) (1312 -1280 352 ) 
4 72 74 (1312 -1280 320 ) (1056 -1280 320 ) (1056 -1216 320 ) (1312 -1216 320 ) 
4 73 304 (1344 -1280 128 ) (1344 -1280 320 ) (1312 -1280 320 ) (1312 -1280 128 ) 
4 73 74 (1312 -1216 128 ) (1312 -1280 128 ) (1312 -1280 320 ) (1312 -1216 320 ) 
4 74 304 (1312 -1280 320 ) (1056 -1280 320 ) (1056 -1280 128 ) (1312 -1280 128 ) 
4 74 76 (1056 -1216 128 ) (1056 -1280 128 ) (1056 -1280 320 ) (1056 -1216 320 ) 
4 74 75 (1056 -1184 128 ) (1280 -1184 128 ) (1280 -1280 128 ) (1056 -1280 128 ) 
4 75 306 (1280 -1280 96 ) (1280 -1280 128 ) (1056 -1280 128 ) (1056 -1280 96 ) 
4 75 76 (1056 -1216 96 ) (1056 -1280 96 ) (1056 -1280 128 ) (1056 -1216 128 ) 
4 76 306 (1056 -1280 96 ) (1056 -1280 128 ) (1024 -1280 128 ) (1024 -1280 96 ) 
4 76 305 (1056 -1280 128 ) (1056 -1280 320 ) (1024 -1280 320 ) (1024 -1280 128 ) 
4 77 79 (448 -320 224 ) (448 -160 224 ) (560 -160 224 ) (560 -320 224 ) 
4 77 78 (592 -160 224 ) (704 -160 224 ) (704 -320 224 ) (592 -320 224 ) 
4 78 80 (592 -160 192 ) (704 -160 192 ) (704 -320 192 ) (592 -320 192 ) 
4 79 80 (448 -320 192 ) (448 -160 192 ) (560 -160 192 ) (560 -320 192 ) 
4 80 93 (384 -160 128 ) (384 -160 0 ) (384 -288 0 ) (384 -288 128 ) 
4 80 84 (512 -416 0 ) (640 -416 0 ) (640 -416 128 ) (512 -416 128 ) 
4 81 87 (704 -576 0 ) (704 -576 64 ) (672 -576 128 ) (672 -576 0 ) 
4 81 82 (672 -544 0 ) (672 -576 0 ) (672 -576 128 ) (672 -544 128 ) 
4 82 89 (672 -576 224 ) (640 -576 224 ) (640 -576 0 ) (672 -576 0 ) 
4 82 84 (640 -544 0 ) (640 -576 0 ) (640 -576 128 ) (640 -544 128 ) 
4 82 83 (640 -576 128 ) (640 -576 224 ) (640 -544 224 ) (640 -544 128 ) 
4 83 89 (640 -576 128 ) (640 -576 224 ) (480 -576 224 ) (480 -576 128 ) 
4 83 85 (512 -576 128 ) (480 -576 128 ) (480 -544 128 ) (512 -544 128 ) 
4 83 84 (640 -544 128 ) (640 -576 128 ) (512 -576 128 ) (512 -544 128 ) 
4 84 89 (640 -576 0 ) (640 -576 128 ) (512 -576 128 ) (512 -576 0 ) 
4 84 85 (512 -576 0 ) (512 -576 128 ) (512 -544 128 ) (512 -544 0 ) 
5 85 89 (512 -576 0 ) (512 -576 128 ) (480 -576 128 ) (448 -576 64 ) (448 -576 0 ) 
4 86 118 (704 -704 224 ) (672 -704 224 ) (672 -704 160 ) (704 -704 160 ) 
4 86 89 (672 -704 160 ) (672 -704 224 ) (672 -576 224 ) (672 -576 160 ) 
4 86 87 (672 -640 160 ) (672 -576 160 ) (704 -576 160 ) (704 -640 160 ) 
4 86 88 (704 -704 160 ) (672 -704 160 ) (672 -640 160 ) (704 -640 160 ) 
4 87 89 (672 -640 160 ) (672 -576 160 ) (672 -576 0 ) (672 -640 0 ) 
4 87 88 (704 -640 160 ) (672 -640 160 ) (672 -640 0 ) (704 -640 0 ) 
4 88 118 (704 -704 160 ) (672 -704 160 ) (672 -704 124 ) (704 -704 104 ) 
4 88 119 (672 -704 124 ) (672 -704 0 ) (704 -704 0 ) (704 -704 104 ) 
4 88 105 (768 -704 0 ) (768 -704 160 ) (704 -704 160 ) (704 -704 0 ) 
4 88 89 (672 -704 0 ) (672 -704 160 ) (672 -640 160 ) (672 -640 0 ) 
3 89 116 (576 -704 224 ) (512 -704 224 ) (544 -704 204 ) 
4 89 118 (672 -704 124 ) (672 -704 224 ) (576 -704 224 ) (544 -704 204 ) 
5 89 119 (448 -704 224 ) (448 -704 0 ) (672 -704 0 ) (672 -704 124 ) (512 -704 224 ) 
4 89 107 (672 -704 256 ) (448 -704 256 ) (448 -704 224 ) (672 -704 224 ) 
4 89 90 (448 -640 0 ) (448 -704 0 ) (448 -704 256 ) (448 -640 256 ) 
4 90 119 (416 -704 224 ) (416 -704 0 ) (448 -704 0 ) (448 -704 224 ) 
4 90 107 (448 -704 256 ) (416 -704 256 ) (416 -704 224 ) (448 -704 224 ) 
4 90 91 (416 -640 64 ) (416 -640 0 ) (416 -672 0 ) (416 -672 128 ) 
4 90 92 (416 -704 0 ) (416 -704 224 ) (416 -672 224 ) (416 -672 0 ) 
4 91 92 (384 -672 128 ) (384 -672 0 ) (416 -672 0 ) (416 -672 128 ) 
4 92 119 (384 -704 224 ) (384 -704 0 ) (416 -704 0 ) (416 -704 224 ) 
4 93 94 (256 -160 0 ) (256 -288 0 ) (256 -288 128 ) (256 -160 128 ) 
4 94 223 (-64 -160 192 ) (-64 -160 0 ) (-64 -320 0 ) (-64 -320 192 ) 
4 94 95 (-64 -320 192 ) (-64 -320 0 ) (96 -320 0 ) (96 -320 192 ) 
4 95 224 (-64 -320 192 ) (-64 -320 0 ) (-64 -480 0 ) (-64 -480 192 ) 
4 95 99 (-64 -448 0 ) (-64 -320 0 ) (64 -320 0 ) (64 -448 0 ) 
4 96 131 (64 -704 0 ) (256 -704 0 ) (256 -704 256 ) (64 -704 256 ) 
4 96 98 (64 -576 0 ) (64 -704 0 ) (64 -704 128 ) (64 -576 128 ) 
4 97 231 (-64 -704 128 ) (-64 -704 192 ) (-64 -576 192 ) (-64 -576 128 ) 
4 97 98 (0 -704 128 ) (-64 -704 128 ) (-64 -576 128 ) (0 -576 128 ) 
4 98 232 (-64 -704 0 ) (-64 -704 128 ) (-64 -576 128 ) (-64 -576 0 ) 
4 99 100 (-64 -448 -96 ) (-64 -320 -96 ) (64 -320 -96 ) (64 -448 -96 ) 
4 100 225 (-64 -512 -320 ) (-64 -512 -96 ) (-64 -160 -96 ) (-64 -160 -320 ) 
4 100 101 (-64 -448 -320 ) (-64 -320 -320 ) (64 -320 -320 ) (64 -448 -320 ) 
4 102 103 (704 -864 336 ) (704 -864 256 ) (704 -928 256 ) (704 -928 336 ) 
4 103 104 (672 -864 256 ) (672 -928 256 ) (672 -928 336 ) (672 -864 336 ) 
5 104 111 (528 -1008 256 ) (416 -1008 256 ) (416 -912 256 ) (512 -912 256 ) (528 -928 256 ) 
5 104 110 (672 -912 256 ) (672 -1008 256 ) (560 -1008 256 ) (560 -928 256 ) (576 -912 256 ) 
5 104 109 (512 -880 256 ) (416 -880 256 ) (416 -784 256 ) (528 -784 256 ) (528 -864 256 ) 
5 104 108 (672 -784 256 ) (672 -880 256 ) (576 -880 256 ) (560 -864 256 ) (560 -784 256 ) 
4 105 118 (704 -704 160 ) (704 -704 104 ) (704 -832 104 ) (704 -832 160 ) 
4 105 119 (704 -704 104 ) (704 -704 0 ) (704 -832 0 ) (704 -832 104 ) 
4 106 120 (704 -1008 0 ) (704 -1152 0 ) (704 -1152 160 ) (704 -1008 160 ) 
4 106 118 (704 -1008 104 ) (704 -1008 160 ) (704 -960 160 ) (704 -960 104 ) 
4 106 119 (704 -960 0 ) (704 -1008 0 ) (704 -1008 104 ) (704 -960 104 ) 
4 107 116 (512 -704 224 ) (576 -704 224 ) (576 -752 224 ) (512 -752 224 ) 
4 107 118 (576 -704 224 ) (672 -704 224 ) (672 -752 224 ) (576 -752 224 ) 
4 107 119 (416 -704 224 ) (512 -704 224 ) (512 -752 224 ) (416 -752 224 ) 
4 108 116 (576 -880 224 ) (560 -864 224 ) (560 -784 224 ) (576 -784 224 ) 
4 108 118 (672 -784 224 ) (672 -880 224 ) (576 -880 224 ) (576 -784 224 ) 
4 109 115 (512 -880 224 ) (512 -816 224 ) (528 -832 224 ) (528 -864 224 ) 
4 109 116 (512 -816 224 ) (512 -784 224 ) (528 -784 224 ) (528 -832 224 ) 
4 109 119 (512 -880 224 ) (416 -880 224 ) (416 -784 224 ) (512 -784 224 ) 
4 110 114 (560 -960 224 ) (560 -928 224 ) (576 -912 224 ) (576 -976 224 ) 
4 110 117 (576 -1008 224 ) (560 -1008 224 ) (560 -960 224 ) (576 -976 224 ) 
4 110 118 (672 -912 224 ) (672 -1008 224 ) (576 -1008 224 ) (576 -912 224 ) 
4 111 117 (528 -928 224 ) (528 -1008 224 ) (512 -1008 224 ) (512 -912 224 ) 
4 111 119 (512 -1008 224 ) (416 -1008 224 ) (416 -912 224 ) (512 -912 224 ) 
3 112 115 (544 -896 204 ) (528 -864 224 ) (544 -848 224 ) 
3 112 116 (544 -896 204 ) (544 -848 224 ) (560 -864 224 ) 
3 113 114 (544 -896 204 ) (560 -928 224 ) (544 -944 224 ) 
3 113 117 (544 -944 224 ) (528 -928 224 ) (544 -896 204 ) 
3 114 117 (576 -976 224 ) (544 -944 224 ) (544 -896 204 ) 
3 114 118 (576 -912 224 ) (576 -976 224 ) (544 -896 204 ) 
3 115 116 (544 -896 204 ) (512 -816 224 ) (544 -848 224 ) 
3 115 119 (512 -880 224 ) (512 -816 224 ) (544 -896 204 ) 
4 116 119 (512 -816 224 ) (512 -704 224 ) (544 -704 204 ) (544 -896 204 ) 
4 116 118 (544 -704 204 ) (576 -704 224 ) (576 -880 224 ) (544 -896 204 ) 
3 117 123 (576 -1008 224 ) (512 -1008 224 ) (544 -1008 204 ) 
4 117 118 (576 -976 224 ) (576 -1008 224 ) (544 -1008 204 ) (544 -896 204 ) 
4 117 119 (544 -1008 204 ) (512 -1008 224 ) (512 -912 224 ) (544 -896 204 ) 
4 118 123 (672 -1008 224 ) (576 -1008 224 ) (544 -1008 204 ) (672 -1008 124 ) 
4 118 120 (704 -1008 104 ) (704 -1008 224 ) (672 -1008 224 ) (672 -1008 124 ) 
4 118 119 (704 -1008 104 ) (544 -1008 204 ) (544 -704 204 ) (704 -704 104 ) 
4 119 130 (384 -832 0 ) (384 -960 0 ) (384 -960 192 ) (384 -832 192 ) 
4 119 127 (416 -1008 224 ) (384 -1008 224 ) (384 -1008 0 ) (416 -1008 0 ) 
5 119 123 (672 -1008 124 ) (512 -1008 224 ) (416 -1008 224 ) (416 -1008 0 ) (672 -1008 0 ) 
4 119 120 (704 -1008 0 ) (704 -1008 104 ) (672 -1008 124 ) (672 -1008 0 ) 
4 120 124 (672 -1152 0 ) (672 -1216 0 ) (672 -1216 224 ) (672 -1152 224 ) 
4 120 123 (672 -1008 0 ) (672 -1152 0 ) (672 -1152 224 ) (672 -1008 224 ) 
4 120 121 (672 -1216 0 ) (704 -1216 0 ) (704 -1216 64 ) (672 -1216 128 ) 
4 121 125 (672 -1216 0 ) (672 -1248 0 ) (672 -1248 128 ) (672 -1216 128 ) 
4 122 124 (448 -1152 224 ) (672 -1152 224 ) (672 -1152 256 ) (448 -1152 256 ) 
4 122 123 (416 -1152 224 ) (416 -1040 224 ) (672 -1040 224 ) (672 -1152 224 ) 
4 123 128 (416 -1120 0 ) (416 -1152 0 ) (416 -1152 64 ) (416 -1120 128 ) 
4 123 127 (416 -1008 224 ) (416 -1008 0 ) (416 -1120 0 ) (416 -1120 224 ) 
4 123 124 (448 -1152 0 ) (672 -1152 0 ) (672 -1152 224 ) (448 -1152 224 ) 
4 124 126 (448 -1216 0 ) (480 -1216 0 ) (480 -1216 128 ) (448 -1216 64 ) 
4 124 125 (480 -1216 0 ) (672 -1216 0 ) (672 -1216 224 ) (480 -1216 224 ) 
4 125 129 (512 -1248 0 ) (640 -1248 0 ) (640 -1248 128 ) (512 -1248 128 ) 
4 125 126 (480 -1216 0 ) (480 -1248 0 ) (480 -1248 128 ) (480 -1216 128 ) 
4 127 128 (384 -1120 128 ) (384 -1120 0 ) (416 -1120 0 ) (416 -1120 128 ) 
4 129 307 (640 -1280 128 ) (512 -1280 128 ) (512 -1280 0 ) (640 -1280 0 ) 
4 130 131 (256 -960 192 ) (256 -832 192 ) (256 -832 0 ) (256 -960 0 ) 
4 131 134 (64 -1216 0 ) (64 -1216 128 ) (64 -1088 128 ) (64 -1088 0 ) 
4 132 262 (-64 -1024 32 ) (-64 -1024 192 ) (-64 -960 192 ) (-64 -960 32 ) 
4 132 257 (-64 -960 192 ) (-64 -832 192 ) (-64 -832 32 ) (-64 -960 32 ) 
4 132 256 (-64 -832 192 ) (-64 -768 192 ) (-64 -768 32 ) (-64 -832 32 ) 
4 132 255 (-64 -1024 192 ) (-64 -1024 224 ) (-64 -768 224 ) (-64 -768 192 ) 
4 133 264 (-64 -1216 128 ) (-64 -1216 192 ) (-64 -1088 192 ) (-64 -1088 128 ) 
4 133 134 (0 -1216 128 ) (-64 -1216 128 ) (-64 -1088 128 ) (0 -1088 128 ) 
4 134 266 (-64 -1216 0 ) (-64 -1216 128 ) (-64 -1088 128 ) (-64 -1088 0 ) 
5 135 158 (-64 480 192 ) (-64 480 368 ) (-128 480 328 ) (-192 480 256 ) (-192 480 192 ) 
4 135 138 (-192 640 192 ) (-64 640 192 ) (-64 480 192 ) (-192 480 192 ) 
4 136 138 (-256 704 0 ) (-64 704 0 ) (-64 704 192 ) (-256 704 192 ) 
4 136 137 (-256 832 0 ) (-256 704 0 ) (-256 704 128 ) (-256 832 128 ) 
4 137 145 (-384 832 0 ) (-384 704 0 ) (-384 704 128 ) (-384 832 128 ) 
4 138 159 (-64 480 0 ) (-64 480 192 ) (-224 480 192 ) (-224 480 0 ) 
4 138 139 (-64 480 0 ) (-256 480 0 ) (-256 640 0 ) (-64 640 0 ) 
4 139 159 (-64 480 -8 ) (-64 480 0 ) (-224 480 0 ) (-224 480 -8 ) 
4 139 140 (-64 480 -8 ) (-256 480 -8 ) (-256 640 -8 ) (-64 640 -8 ) 
4 140 164 (-64 480 -16 ) (-64 480 -8 ) (-224 480 -8 ) (-224 480 -16 ) 
4 140 141 (-64 480 -16 ) (-256 480 -16 ) (-256 640 -16 ) (-64 640 -16 ) 
4 141 177 (-64 480 -336 ) (-64 480 -224 ) (-256 480 -224 ) (-256 480 -336 ) 
4 141 169 (-256 480 -192 ) (-256 480 -224 ) (-224 480 -224 ) (-224 480 -64 ) 
4 141 168 (-64 480 -224 ) (-64 480 -16 ) (-224 480 -16 ) (-224 480 -224 ) 
4 141 143 (-256 512 -336 ) (-256 480 -336 ) (-256 480 -224 ) (-256 512 -224 ) 
4 141 142 (-256 480 -336 ) (-256 640 -336 ) (-64 640 -336 ) (-64 480 -336 ) 
4 142 178 (-64 480 -352 ) (-64 480 -336 ) (-256 480 -336 ) (-256 480 -352 ) 
4 142 144 (-256 480 -352 ) (-256 480 -336 ) (-256 512 -336 ) (-256 512 -352 ) 
4 143 179 (-256 480 -336 ) (-256 480 -224 ) (-384 480 -224 ) (-384 480 -336 ) 
4 143 155 (-384 512 -336 ) (-384 480 -336 ) (-384 480 -224 ) (-384 512 -224 ) 
4 143 144 (-256 512 -336 ) (-256 480 -336 ) (-384 480 -336 ) (-384 512 -336 ) 
4 144 180 (-256 480 -352 ) (-256 480 -336 ) (-384 480 -336 ) (-384 480 -352 ) 
4 144 156 (-384 480 -352 ) (-384 480 -336 ) (-384 512 -336 ) (-384 512 -352 ) 
4 145 151 (-512 512 0 ) (-512 512 192 ) (-512 640 192 ) (-512 640 0 ) 
4 145 146 (-512 896 192 ) (-512 1024 192 ) (-512 1024 0 ) (-512 896 0 ) 
4 146 147 (-640 896 192 ) (-768 896 192 ) (-768 896 0 ) (-640 896 0 ) 
4 147 149 (-768 832 128 ) (-768 832 0 ) (-640 832 0 ) (-640 832 128 ) 
4 147 148 (-640 832 192 ) (-768 832 192 ) (-768 832 128 ) (-640 832 128 ) 
4 148 150 (-768 704 128 ) (-640 704 128 ) (-640 704 192 ) (-768 704 192 ) 
4 148 149 (-544 704 128 ) (-768 704 128 ) (-768 832 128 ) (-544 832 128 ) 
4 149 152 (-832 704 0 ) (-832 704 128 ) (-832 832 128 ) (-832 832 0 ) 
4 149 150 (-768 704 0 ) (-640 704 0 ) (-640 704 128 ) (-768 704 128 ) 
4 150 151 (-640 640 192 ) (-768 640 192 ) (-768 640 0 ) (-640 640 0 ) 
4 152 188 (-928 960 0 ) (-928 480 0 ) (-928 480 336 ) (-928 960 336 ) 
4 152 181 (-928 480 336 ) (-928 480 0 ) (-832 480 0 ) (-832 480 288 ) 
3 152 153 (-896 512 0 ) (-928 512 0 ) (-928 544 0 ) 
4 152 154 (-832 512 0 ) (-832 480 0 ) (-928 480 0 ) (-928 512 0 ) 
4 153 189 (-928 544 -160 ) (-928 512 -160 ) (-928 512 0 ) (-928 544 0 ) 
4 153 154 (-896 512 0 ) (-928 512 0 ) (-928 512 -160 ) (-896 512 -160 ) 
4 154 191 (-928 512 -160 ) (-928 480 -160 ) (-928 480 0 ) (-928 512 0 ) 
4 154 181 (-928 480 0 ) (-928 480 -160 ) (-832 480 -160 ) (-832 480 0 ) 
4 155 182 (-384 480 -336 ) (-384 480 -160 ) (-704 480 -160 ) (-704 480 -336 ) 
4 155 157 (-704 480 -160 ) (-704 576 -160 ) (-704 576 -320 ) (-704 480 -320 ) 
4 155 156 (-384 576 -336 ) (-384 480 -336 ) (-704 480 -336 ) (-704 576 -336 ) 
4 156 183 (-384 480 -352 ) (-384 480 -336 ) (-704 480 -336 ) (-704 480 -352 ) 
4 157 184 (-704 480 -320 ) (-704 480 -160 ) (-768 480 -160 ) (-768 480 -320 ) 
4 158 162 (-64 96 192 ) (-64 -64 192 ) (-192 -64 192 ) (-192 96 192 ) 
4 158 161 (-64 160 192 ) (-64 96 192 ) (-192 96 192 ) (-192 160 192 ) 
4 158 160 (-64 416 192 ) (-64 160 192 ) (-192 160 192 ) (-192 416 192 ) 
4 158 159 (-192 480 192 ) (-64 480 192 ) (-64 416 192 ) (-192 416 192 ) 
4 159 164 (-224 480 -8 ) (-64 480 -8 ) (-64 416 -8 ) (-224 416 -8 ) 
4 159 160 (-224 416 -8 ) (-64 416 -8 ) (-64 416 192 ) (-224 416 192 ) 
4 160 165 (-256 416 -8 ) (-64 416 -8 ) (-64 160 -8 ) (-256 160 -8 ) 
4 160 161 (-224 160 -8 ) (-64 160 -8 ) (-64 160 192 ) (-224 160 192 ) 
4 161 166 (-224 160 -8 ) (-64 160 -8 ) (-64 96 -8 ) (-224 96 -8 ) 
4 161 163 (-224 96 -8 ) (-64 96 -8 ) (-64 96 0 ) (-224 96 0 ) 
4 161 162 (-64 96 0 ) (-64 96 192 ) (-224 96 192 ) (-224 96 0 ) 
4 162 223 (-64 -128 0 ) (-64 -128 192 ) (-256 -128 192 ) (-256 -128 0 ) 
4 162 163 (-256 -64 0 ) (-256 96 0 ) (-64 96 0 ) (-64 -64 0 ) 
4 163 167 (-256 -64 -8 ) (-256 96 -8 ) (-64 96 -8 ) (-64 -64 -8 ) 
4 164 168 (-224 480 -16 ) (-64 480 -16 ) (-64 416 -16 ) (-224 416 -16 ) 
4 164 165 (-224 416 -16 ) (-64 416 -16 ) (-64 416 -8 ) (-224 416 -8 ) 
4 165 170 (-256 416 -16 ) (-64 416 -16 ) (-64 160 -16 ) (-256 160 -16 ) 
4 165 166 (-224 160 -16 ) (-64 160 -16 ) (-64 160 -8 ) (-224 160 -8 ) 
4 166 171 (-224 160 -16 ) (-64 160 -16 ) (-64 96 -16 ) (-224 96 -16 ) 
4 166 167 (-224 96 -16 ) (-64 96 -16 ) (-64 96 -8 ) (-224 96 -8 ) 
4 167 173 (-64 -64 -16 ) (-256 -64 -16 ) (-256 96 -16 ) (-64 96 -16 ) 
4 168 177 (-224 480 -224 ) (-64 480 -224 ) (-64 416 -224 ) (-224 416 -224 ) 
4 168 169 (-224 480 -64 ) (-224 480 -224 ) (-224 416 -224 ) (-224 416 -64 ) 
4 168 170 (-224 416 -224 ) (-64 416 -224 ) (-64 416 -16 ) (-224 416 -16 ) 
4 169 177 (-256 480 -224 ) (-224 480 -224 ) (-224 416 -224 ) (-256 416 -224 ) 
4 169 170 (-256 416 -192 ) (-256 416 -224 ) (-224 416 -224 ) (-224 416 -64 ) 
4 170 177 (-64 416 -224 ) (-64 160 -224 ) (-256 160 -224 ) (-256 416 -224 ) 
4 170 172 (-256 160 -224 ) (-224 160 -224 ) (-224 160 -64 ) (-256 160 -192 ) 
4 170 171 (-224 160 -224 ) (-64 160 -224 ) (-64 160 -16 ) (-224 160 -16 ) 
4 171 177 (-64 160 -224 ) (-64 96 -224 ) (-224 96 -224 ) (-224 160 -224 ) 
4 171 174 (-224 96 -224 ) (-64 96 -224 ) (-64 96 -128 ) (-224 96 -128 ) 
4 171 173 (-64 96 -128 ) (-64 96 -16 ) (-224 96 -16 ) (-224 96 -128 ) 
4 171 172 (-224 160 -224 ) (-224 96 -224 ) (-224 96 -64 ) (-224 160 -64 ) 
4 172 177 (-224 96 -224 ) (-256 96 -224 ) (-256 160 -224 ) (-224 160 -224 ) 
5 172 174 (-256 96 -192 ) (-256 96 -224 ) (-224 96 -224 ) (-224 96 -128 ) (-240 96 -128 ) 
3 172 173 (-224 96 -128 ) (-224 96 -64 ) (-240 96 -128 ) 
4 173 175 (-64 -64 -128 ) (-256 -64 -128 ) (-256 -48 -128 ) (-64 -48 -128 ) 
4 173 174 (-256 -16 -128 ) (-256 96 -128 ) (-64 96 -128 ) (-64 -16 -128 ) 
4 174 177 (-64 96 -224 ) (-64 -16 -224 ) (-256 -16 -224 ) (-256 96 -224 ) 
4 174 176 (-256 -16 -144 ) (-256 -16 -224 ) (-64 -16 -224 ) (-64 -16 -144 ) 
4 175 176 (-64 -64 -144 ) (-256 -64 -144 ) (-256 -48 -144 ) (-64 -48 -144 ) 
4 176 177 (-64 -16 -224 ) (-64 -64 -224 ) (-256 -64 -224 ) (-256 -16 -224 ) 
4 177 179 (-256 384 -224 ) (-256 480 -224 ) (-256 480 -336 ) (-256 384 -336 ) 
4 177 178 (-256 480 -336 ) (-64 480 -336 ) (-64 -64 -336 ) (-256 -64 -336 ) 
4 178 180 (-256 384 -336 ) (-256 480 -336 ) (-256 480 -352 ) (-256 384 -352 ) 
4 179 182 (-384 480 -224 ) (-384 480 -336 ) (-384 384 -336 ) (-384 384 -224 ) 
4 179 180 (-384 384 -336 ) (-384 480 -336 ) (-256 480 -336 ) (-256 384 -336 ) 
4 180 183 (-384 480 -336 ) (-384 480 -352 ) (-384 384 -352 ) (-384 384 -336 ) 
4 181 208 (-928 256 -160 ) (-928 256 336 ) (-928 416 336 ) (-928 416 -160 ) 
4 181 191 (-928 480 0 ) (-928 480 -160 ) (-928 416 -160 ) (-928 416 0 ) 
4 181 188 (-928 416 336 ) (-928 480 336 ) (-928 480 0 ) (-928 416 0 ) 
4 182 185 (-640 256 -224 ) (-640 256 -336 ) (-512 256 -336 ) (-512 256 -224 ) 
4 182 184 (-704 256 -320 ) (-704 256 -160 ) (-704 480 -160 ) (-704 480 -320 ) 
4 182 183 (-704 480 -336 ) (-384 480 -336 ) (-384 256 -336 ) (-704 256 -336 ) 
4 183 186 (-512 256 -336 ) (-640 256 -336 ) (-640 256 -352 ) (-512 256 -352 ) 
4 185 239 (-640 -128 -192 ) (-640 -128 -256 ) (-544 -128 -256 ) (-544 -128 -192 ) 
4 185 236 (-544 -128 -256 ) (-512 -128 -256 ) (-512 -128 -192 ) (-544 -128 -192 ) 
4 185 235 (-640 -128 -128 ) (-640 -128 -192 ) (-512 -128 -192 ) (-512 -128 -128 ) 
4 185 186 (-640 192 -336 ) (-640 256 -336 ) (-512 256 -336 ) (-512 192 -336 ) 
4 187 188 (-1056 960 64 ) (-992 960 64 ) (-992 960 256 ) (-1056 960 256 ) 
6 188 208 (-928 416 0 ) (-928 416 336 ) (-960 416 352 ) (-1088 416 352 ) (-1216 416 288 ) (-1216 416 0 ) 
4 188 199 (-1216 448 0 ) (-1216 416 0 ) (-1216 416 32 ) (-1216 448 32 ) 
4 188 195 (-1216 832 0 ) (-1216 704 0 ) (-1216 704 128 ) (-1216 832 128 ) 
4 188 191 (-928 416 0 ) (-1216 416 0 ) (-1216 512 0 ) (-928 512 0 ) 
3 188 190 (-1120 544 0 ) (-1120 512 0 ) (-1152 512 0 ) 
4 188 189 (-928 640 0 ) (-928 512 0 ) (-1120 512 0 ) (-1120 640 0 ) 
4 189 191 (-928 512 0 ) (-1120 512 0 ) (-1120 512 -160 ) (-928 512 -160 ) 
4 189 190 (-1120 544 -160 ) (-1120 512 -160 ) (-1120 512 0 ) (-1120 544 0 ) 
4 190 191 (-1120 512 0 ) (-1152 512 0 ) (-1152 512 -160 ) (-1120 512 -160 ) 
4 191 208 (-928 416 -160 ) (-928 416 0 ) (-1216 416 0 ) (-1216 416 -160 ) 
4 191 199 (-1216 416 -160 ) (-1216 416 0 ) (-1216 448 0 ) (-1216 448 -160 ) 
4 192 204 (-1536 784 192 ) (-1760 784 192 ) (-1760 928 192 ) (-1536 928 192 ) 
4 192 197 (-1312 928 192 ) (-1312 784 192 ) (-1536 784 192 ) (-1536 928 192 ) 
4 193 204 (-1760 752 192 ) (-1536 752 192 ) (-1536 608 192 ) (-1760 608 192 ) 
4 193 197 (-1536 752 192 ) (-1312 752 192 ) (-1312 608 192 ) (-1536 608 192 ) 
4 194 207 (-1536 448 192 ) (-1760 448 192 ) (-1760 512 192 ) (-1536 512 192 ) 
4 194 204 (-1760 512 192 ) (-1760 576 192 ) (-1536 576 192 ) (-1536 512 192 ) 
4 194 200 (-1312 512 192 ) (-1312 448 192 ) (-1536 448 192 ) (-1536 512 192 ) 
4 194 197 (-1312 576 192 ) (-1312 512 192 ) (-1536 512 192 ) (-1536 576 192 ) 
4 195 197 (-1280 832 128 ) (-1280 832 0 ) (-1280 704 0 ) (-1280 704 128 ) 
4 196 203 (-1536 928 192 ) (-1536 960 192 ) (-1536 960 0 ) (-1536 928 0 ) 
4 196 197 (-1536 928 192 ) (-1536 928 0 ) (-1312 928 0 ) (-1312 928 192 ) 
4 197 204 (-1536 512 192 ) (-1536 928 192 ) (-1536 928 0 ) (-1536 512 0 ) 
4 197 200 (-1280 512 0 ) (-1280 512 192 ) (-1536 512 192 ) (-1536 512 0 ) 
3 197 198 (-1504 512 0 ) (-1536 512 0 ) (-1536 544 0 ) 
4 198 205 (-1536 512 -96 ) (-1536 512 0 ) (-1536 544 0 ) (-1536 544 -84 ) 
4 198 202 (-1536 512 -68.571429 ) (-1536 512 -96 ) (-1504 512 -96 ) (-1504 512 -77.714286 ) 
4 198 200 (-1504 512 0 ) (-1536 512 0 ) (-1536 512 -68.571429 ) (-1504 512 -77.714286 ) 
4 199 221 (-1216 416 -160 ) (-1216 416 -96 ) (-1280 416 -96 ) (-1280 416 -141.714286 ) 
4 199 211 (-1216 416 -96 ) (-1216 416 32 ) (-1280 416 32 ) (-1280 416 -96 ) 
4 199 201 (-1280 416 -141.714286 ) (-1280 416 -96 ) (-1280 448 -96 ) (-1280 448 -141.714286 ) 
4 199 200 (-1280 416 -96 ) (-1280 416 32 ) (-1280 448 32 ) (-1280 448 -96 ) 
5 200 214 (-1312 416 192 ) (-1536 416 192 ) (-1536 416 -68.571429 ) (-1440 416 -96 ) (-1312 416 -96 ) 
4 200 211 (-1312 416 32 ) (-1312 416 -96 ) (-1280 416 -96 ) (-1280 416 32 ) 
4 200 210 (-1280 416 192 ) (-1312 416 192 ) (-1312 416 32 ) (-1280 416 32 ) 
4 200 207 (-1536 416 192 ) (-1536 512 192 ) (-1536 512 -68.571429 ) (-1536 416 -68.571429 ) 
4 200 202 (-1536 416 -68.571429 ) (-1536 512 -68.571429 ) (-1440 512 -96 ) (-1440 416 -96 ) 
4 200 201 (-1440 416 -96 ) (-1440 448 -96 ) (-1280 448 -96 ) (-1280 416 -96 ) 
3 201 221 (-1440 416 -96 ) (-1280 416 -141.714286 ) (-1280 416 -96 ) 
3 202 214 (-1440 416 -96 ) (-1536 416 -68.571429 ) (-1536 416 -96 ) 
4 202 207 (-1536 512 -68.571429 ) (-1536 512 -96 ) (-1536 416 -96 ) (-1536 416 -68.571429 ) 
4 203 204 (-1760 928 0 ) (-1536 928 0 ) (-1536 928 192 ) (-1760 928 192 ) 
4 204 207 (-1792 512 192 ) (-1792 512 0 ) (-1536 512 0 ) (-1536 512 192 ) 
3 204 206 (-1664 544 0 ) (-1664 512 0 ) (-1696 512 0 ) 
4 204 205 (-1536 768 0 ) (-1536 512 0 ) (-1664 512 0 ) (-1664 768 0 ) 
4 205 207 (-1536 512 -96 ) (-1536 512 0 ) (-1664 512 0 ) (-1664 512 -96 ) 
4 205 206 (-1664 512 -96 ) (-1664 512 0 ) (-1664 544 0 ) (-1664 544 -84 ) 
4 206 207 (-1696 512 -96 ) (-1664 512 -96 ) (-1664 512 0 ) (-1696 512 0 ) 
4 207 222 (-1760 416 192 ) (-1792 416 192 ) (-1792 416 -96 ) (-1760 416 -96 ) 
4 207 214 (-1536 416 -96 ) (-1536 416 192 ) (-1760 416 192 ) (-1760 416 -96 ) 
4 208 221 (-1216 416 -96 ) (-1216 416 -160 ) (-1216 320 -160 ) (-1216 320 -96 ) 
4 208 211 (-1216 416 32 ) (-1216 416 -96 ) (-1216 320 -96 ) (-1216 320 32 ) 
4 208 209 (-1088 256 -32 ) (-1088 256 -160 ) (-960 256 -160 ) (-960 256 -32 ) 
4 209 286 (-960 -128 -256 ) (-960 -128 -128 ) (-1088 -128 -128 ) (-1088 -128 -256 ) 
4 210 214 (-1312 288 192 ) (-1312 416 192 ) (-1312 416 32 ) (-1312 288 32 ) 
4 210 212 (-1312 288 32 ) (-1312 320 32 ) (-1280 320 32 ) (-1280 288 32 ) 
4 210 211 (-1312 320 32 ) (-1312 416 32 ) (-1280 416 32 ) (-1280 320 32 ) 
4 211 221 (-1312 320 -96 ) (-1312 416 -96 ) (-1216 416 -96 ) (-1216 320 -96 ) 
4 211 214 (-1312 320 32 ) (-1312 416 32 ) (-1312 416 -96 ) (-1312 320 -96 ) 
4 211 212 (-1280 320 32 ) (-1312 320 32 ) (-1312 320 -96 ) (-1280 320 -96 ) 
4 212 214 (-1312 288 32 ) (-1312 320 32 ) (-1312 320 -96 ) (-1312 288 -96 ) 
4 213 214 (-1760 288 192 ) (-1760 416 192 ) (-1312 416 192 ) (-1312 288 192 ) 
4 214 222 (-1760 416 192 ) (-1760 416 -96 ) (-1760 288 -96 ) (-1760 288 192 ) 
4 214 221 (-1440 416 -96 ) (-1312 416 -96 ) (-1312 320 -96 ) (-1440 320 -96 ) 
4 214 219 (-1600 256 32 ) (-1600 256 128 ) (-1664 256 128 ) (-1664 256 32 ) 
4 214 216 (-1472 256 99.200000 ) (-1472 256 32 ) (-1408 256 32 ) (-1408 256 99.200000 ) 
4 214 215 (-1472 256 128 ) (-1472 256 99.200000 ) (-1408 256 99.200000 ) (-1408 256 128 ) 
4 215 216 (-1472 256 99.200000 ) (-1408 256 99.200000 ) (-1408 224 128 ) (-1472 224 128 ) 
4 218 219 (-1664 128 128 ) (-1664 224 128 ) (-1600 224 128 ) (-1600 128 128 ) 
4 223 224 (-64 -320 0 ) (-64 -320 192 ) (-96 -320 192 ) (-96 -320 0 ) 
4 225 226 (-128 -320 -192 ) (-128 -256 -192 ) (-128 -256 -256 ) (-128 -320 -256 ) 
4 226 227 (-160 -320 -192 ) (-160 -256 -192 ) (-160 -256 -256 ) (-160 -320 -256 ) 
4 227 229 (-224 -416 -256 ) (-160 -416 -256 ) (-160 -416 -160 ) (-224 -416 -160 ) 
4 228 230 (-352 -192 -160 ) (-352 -192 -256 ) (-352 -256 -256 ) (-352 -256 -160 ) 
4 228 229 (-352 -416 -256 ) (-288 -416 -256 ) (-288 -416 -160 ) (-352 -416 -160 ) 
4 230 234 (-384 -256 -160 ) (-384 -192 -160 ) (-384 -192 -256 ) (-384 -256 -256 ) 
4 231 232 (-128 -576 128 ) (-64 -576 128 ) (-64 -704 128 ) (-128 -704 128 ) 
4 232 233 (-192 -576 0 ) (-192 -704 0 ) (-192 -704 128 ) (-192 -576 128 ) 
4 233 259 (-192 -704 192 ) (-384 -704 192 ) (-384 -704 0 ) (-192 -704 0 ) 
4 234 236 (-416 -160 -192 ) (-416 -160 -256 ) (-416 -352 -256 ) (-416 -352 -192 ) 
4 234 235 (-416 -160 -96 ) (-416 -160 -192 ) (-416 -352 -192 ) (-416 -352 -96 ) 
4 235 248 (-736 -416 -192 ) (-736 -512 -192 ) (-736 -512 -64 ) (-736 -416 -64 ) 
4 235 242 (-736 -192 -192 ) (-736 -320 -192 ) (-736 -320 -64 ) (-736 -192 -64 ) 
4 235 239 (-736 -384 -192 ) (-736 -128 -192 ) (-544 -128 -192 ) (-544 -384 -192 ) 
4 235 238 (-544 -384 -192 ) (-544 -376 -192 ) (-480 -376 -192 ) (-480 -384 -192 ) 
4 235 237 (-416 -376 -192 ) (-416 -384 -192 ) (-480 -384 -192 ) (-480 -376 -192 ) 
4 235 236 (-544 -128 -192 ) (-416 -128 -192 ) (-416 -376 -192 ) (-544 -376 -192 ) 
4 236 239 (-544 -376 -192 ) (-544 -128 -192 ) (-544 -128 -256 ) (-544 -376 -256 ) 
4 236 238 (-480 -376 -224 ) (-480 -376 -192 ) (-544 -376 -192 ) (-544 -376 -224 ) 
4 236 237 (-480 -376 -256 ) (-416 -376 -256 ) (-416 -376 -192 ) (-480 -376 -192 ) 
4 237 238 (-480 -384 -224 ) (-480 -384 -192 ) (-480 -376 -192 ) (-480 -376 -224 ) 
4 238 239 (-544 -384 -192 ) (-544 -376 -192 ) (-544 -376 -224 ) (-544 -384 -224 ) 
4 239 242 (-736 -192 -256 ) (-736 -320 -256 ) (-736 -320 -192 ) (-736 -192 -192 ) 
4 240 287 (-896 -384 -64 ) (-896 -544 -64 ) (-896 -544 0 ) (-896 -384 0 ) 
4 240 286 (-896 -128 0 ) (-896 -128 -64 ) (-896 -384 -64 ) (-896 -384 0 ) 
4 240 249 (-864 -512 -64 ) (-864 -544 -64 ) (-896 -544 -64 ) (-896 -512 -64 ) 
4 240 248 (-864 -416 -64 ) (-864 -512 -64 ) (-896 -512 -64 ) (-896 -416 -64 ) 
4 240 247 (-864 -384 -64 ) (-864 -416 -64 ) (-896 -416 -64 ) (-896 -384 -64 ) 
4 240 245 (-864 -320 -64 ) (-864 -384 -64 ) (-896 -384 -64 ) (-896 -320 -64 ) 
4 240 244 (-864 -192 -64 ) (-864 -320 -64 ) (-896 -320 -64 ) (-896 -192 -64 ) 
4 240 241 (-896 -128 -64 ) (-864 -128 -64 ) (-864 -192 -64 ) (-896 -192 -64 ) 
4 241 286 (-896 -128 -64 ) (-896 -128 -256 ) (-896 -192 -256 ) (-896 -192 -64 ) 
4 241 244 (-864 -192 -64 ) (-896 -192 -64 ) (-896 -192 -256 ) (-864 -192 -256 ) 
4 242 243 (-784 -200 -256 ) (-784 -312 -256 ) (-784 -312 -80 ) (-784 -200 -80 ) 
4 243 246 (-796 -312 -256 ) (-806 -312 -256 ) (-806 -200 -256 ) (-796 -200 -256 ) 
4 243 244 (-816 -200 -256 ) (-816 -312 -256 ) (-816 -312 -80 ) (-816 -200 -80 ) 
4 244 286 (-896 -192 -256 ) (-896 -320 -256 ) (-896 -320 -64 ) (-896 -192 -64 ) 
4 244 245 (-896 -320 -64 ) (-896 -320 -256 ) (-864 -320 -256 ) (-864 -320 -64 ) 
4 245 286 (-896 -320 -256 ) (-896 -384 -256 ) (-896 -384 -64 ) (-896 -320 -64 ) 
4 245 247 (-864 -384 -64 ) (-896 -384 -64 ) (-896 -384 -192 ) (-864 -384 -192 ) 
4 247 287 (-896 -416 -192 ) (-896 -416 -64 ) (-896 -384 -64 ) (-896 -384 -192 ) 
4 247 248 (-864 -416 -64 ) (-896 -416 -64 ) (-896 -416 -192 ) (-864 -416 -192 ) 
4 248 287 (-896 -512 -192 ) (-896 -512 -64 ) (-896 -416 -64 ) (-896 -416 -192 ) 
4 248 249 (-896 -512 -64 ) (-896 -512 -192 ) (-864 -512 -192 ) (-864 -512 -64 ) 
4 249 287 (-896 -544 -192 ) (-896 -544 -64 ) (-896 -512 -64 ) (-896 -512 -192 ) 
4 250 289 (-896 -704 32 ) (-896 -704 256 ) (-896 -640 192 ) (-896 -640 32 ) 
5 250 267 (-512 -704 32 ) (-512 -704 192 ) (-576 -704 256 ) (-896 -704 256 ) (-896 -704 32 ) 
3 250 252 (-704 -704 32 ) (-736 -704 32 ) (-704 -672 32 ) 
3 250 253 (-800 -704 32 ) (-832 -704 32 ) (-832 -672 32 ) 
4 250 254 (-832 -704 32 ) (-896 -704 32 ) (-896 -640 32 ) (-832 -640 32 ) 
4 250 251 (-512 -704 32 ) (-704 -704 32 ) (-704 -640 32 ) (-512 -640 32 ) 
4 251 267 (-512 -704 0 ) (-512 -704 32 ) (-704 -704 32 ) (-704 -704 0 ) 
4 251 252 (-704 -704 0 ) (-704 -704 32 ) (-704 -672 32 ) (-704 -672 0 ) 
4 252 267 (-704 -704 32 ) (-736 -704 32 ) (-736 -704 0 ) (-704 -704 0 ) 
4 253 267 (-800 -704 32 ) (-832 -704 32 ) (-832 -704 0 ) (-800 -704 0 ) 
4 253 254 (-832 -672 0 ) (-832 -704 0 ) (-832 -704 32 ) (-832 -672 32 ) 
4 254 289 (-896 -704 0 ) (-896 -704 32 ) (-896 -640 32 ) (-896 -640 0 ) 
4 254 267 (-832 -704 32 ) (-896 -704 32 ) (-896 -704 0 ) (-832 -704 0 ) 
4 255 262 (-64 -960 192 ) (-64 -1024 192 ) (-192 -1024 192 ) (-192 -960 192 ) 
4 255 257 (-64 -832 192 ) (-64 -960 192 ) (-192 -960 192 ) (-192 -832 192 ) 
4 255 256 (-192 -768 192 ) (-64 -768 192 ) (-64 -832 192 ) (-192 -832 192 ) 
4 256 259 (-192 -768 32 ) (-192 -832 32 ) (-192 -832 192 ) (-192 -768 192 ) 
4 256 257 (-64 -832 32 ) (-64 -832 192 ) (-192 -832 192 ) (-192 -832 32 ) 
4 257 262 (-64 -960 32 ) (-64 -960 192 ) (-192 -960 192 ) (-192 -960 32 ) 
4 257 261 (-192 -960 32 ) (-192 -960 128 ) (-192 -832 128 ) (-192 -832 32 ) 
4 257 260 (-192 -960 128 ) (-192 -960 192 ) (-192 -832 192 ) (-192 -832 128 ) 
4 257 258 (-192 -960 32 ) (-192 -832 32 ) (-128 -832 32 ) (-128 -960 32 ) 
4 258 261 (-192 -960 0 ) (-192 -960 32 ) (-192 -832 32 ) (-192 -832 0 ) 
4 259 261 (-192 -832 0 ) (-192 -832 128 ) (-384 -832 128 ) (-384 -832 0 ) 
4 259 260 (-192 -832 128 ) (-192 -832 192 ) (-384 -832 192 ) (-384 -832 128 ) 
4 260 263 (-192 -960 128 ) (-192 -960 192 ) (-384 -960 192 ) (-384 -960 128 ) 
4 260 261 (-192 -960 128 ) (-384 -960 128 ) (-384 -832 128 ) (-192 -832 128 ) 
4 261 270 (-512 -960 0 ) (-512 -960 128 ) (-512 -832 128 ) (-512 -832 0 ) 
4 261 263 (-192 -960 0 ) (-192 -960 128 ) (-384 -960 128 ) (-384 -960 0 ) 
4 262 263 (-192 -960 192 ) (-192 -960 32 ) (-192 -1024 32 ) (-192 -1024 192 ) 
4 263 266 (-192 -1088 0 ) (-192 -1088 128 ) (-384 -1088 128 ) (-384 -1088 0 ) 
4 263 265 (-192 -1088 128 ) (-192 -1088 192 ) (-384 -1088 192 ) (-384 -1088 128 ) 
4 264 266 (-128 -1088 128 ) (-64 -1088 128 ) (-64 -1216 128 ) (-128 -1216 128 ) 
4 265 266 (-384 -1216 128 ) (-384 -1088 128 ) (-192 -1088 128 ) (-192 -1216 128 ) 
4 267 289 (-896 -768 256 ) (-896 -704 256 ) (-896 -704 0 ) (-896 -768 0 ) 
4 267 274 (-864 -768 0 ) (-672 -768 0 ) (-672 -768 224 ) (-864 -768 224 ) 
5 267 269 (-512 -768 0 ) (-512 -768 192 ) (-544 -768 224 ) (-640 -768 224 ) (-640 -768 0 ) 
4 267 268 (-544 -768 224 ) (-576 -768 256 ) (-640 -768 256 ) (-640 -768 224 ) 
4 268 273 (-544 -1248 224 ) (-640 -1248 224 ) (-640 -1216 224 ) (-544 -1216 224 ) 
4 268 271 (-640 -1024 224 ) (-640 -992 224 ) (-544 -992 224 ) (-544 -1024 224 ) 
4 268 272 (-640 -1216 224 ) (-640 -1024 224 ) (-544 -1024 224 ) (-544 -1216 224 ) 
4 268 269 (-640 -800 224 ) (-640 -768 224 ) (-544 -768 224 ) (-544 -800 224 ) 
4 268 270 (-640 -992 224 ) (-640 -800 224 ) (-544 -800 224 ) (-544 -992 224 ) 
4 268 281 (-544 -1248 224 ) (-576 -1248 256 ) (-640 -1248 256 ) (-640 -1248 224 ) 
5 269 270 (-640 -800 0 ) (-512 -800 0 ) (-512 -800 192 ) (-544 -800 224 ) (-640 -800 224 ) 
4 270 276 (-672 -800 0 ) (-672 -992 0 ) (-672 -992 224 ) (-672 -800 224 ) 
5 270 271 (-512 -992 0 ) (-512 -992 192 ) (-544 -992 224 ) (-640 -992 224 ) (-640 -992 0 ) 
5 271 272 (-512 -1024 0 ) (-512 -1024 192 ) (-544 -1024 224 ) (-640 -1024 224 ) (-640 -1024 0 ) 
4 272 279 (-672 -1024 0 ) (-672 -1216 0 ) (-672 -1216 224 ) (-672 -1024 224 ) 
5 272 273 (-640 -1216 0 ) (-512 -1216 0 ) (-512 -1216 192 ) (-544 -1216 224 ) (-640 -1216 224 ) 
5 273 281 (-640 -1248 0 ) (-512 -1248 0 ) (-512 -1248 192 ) (-544 -1248 224 ) (-640 -1248 224 ) 
4 274 276 (-864 -800 0 ) (-672 -800 0 ) (-672 -800 224 ) (-864 -800 224 ) 
4 275 276 (-864 -800 224 ) (-672 -800 224 ) (-672 -992 224 ) (-864 -992 224 ) 
4 276 289 (-896 -800 224 ) (-896 -800 0 ) (-896 -992 0 ) (-896 -992 224 ) 
4 276 277 (-672 -992 224 ) (-864 -992 224 ) (-864 -992 0 ) (-672 -992 0 ) 
4 277 279 (-864 -1024 0 ) (-672 -1024 0 ) (-672 -1024 224 ) (-864 -1024 224 ) 
4 278 279 (-864 -1024 224 ) (-672 -1024 224 ) (-672 -1216 224 ) (-864 -1216 224 ) 
4 279 289 (-896 -1024 224 ) (-896 -1024 0 ) (-896 -1216 0 ) (-896 -1216 224 ) 
4 279 282 (-864 -1024 0 ) (-672 -1024 0 ) (-672 -1216 0 ) (-864 -1216 0 ) 
4 279 280 (-864 -1216 0 ) (-672 -1216 0 ) (-672 -1216 224 ) (-864 -1216 224 ) 
4 280 282 (-672 -1248 0 ) (-864 -1248 0 ) (-864 -1216 0 ) (-672 -1216 0 ) 
4 280 281 (-864 -1248 0 ) (-672 -1248 0 ) (-672 -1248 224 ) (-864 -1248 224 ) 
4 281 352 (-672 -1280 256 ) (-896 -1280 256 ) (-896 -1280 0 ) (-672 -1280 0 ) 
5 281 351 (-512 -1280 0 ) (-512 -1280 192 ) (-576 -1280 256 ) (-672 -1280 256 ) (-672 -1280 0 ) 
4 281 289 (-896 -1280 0 ) (-896 -1280 256 ) (-896 -1248 256 ) (-896 -1248 0 ) 
4 281 282 (-672 -1280 0 ) (-864 -1280 0 ) (-864 -1248 0 ) (-672 -1248 0 ) 
4 282 353 (-672 -1280 0 ) (-864 -1280 0 ) (-864 -1280 -51.200000 ) (-672 -1280 -51.200000 ) 
4 283 285 (-640 -1216 -128 ) (-704 -1216 -128 ) (-704 -1216 -352 ) (-640 -1216 -352 ) 
4 283 284 (-704 -1152 -352 ) (-704 -1216 -352 ) (-704 -1216 -128 ) (-704 -1152 -128 ) 
4 284 298 (-896 -1216 -352 ) (-896 -1216 -224 ) (-896 -1120 -224 ) (-896 -1120 -352 ) 
4 284 297 (-896 -1120 -224 ) (-896 -1024 -224 ) (-896 -1024 -352 ) (-896 -1120 -352 ) 
4 284 296 (-896 -1216 -224 ) (-896 -1216 -128 ) (-896 -1024 -128 ) (-896 -1024 -224 ) 
4 284 285 (-704 -1216 -352 ) (-704 -1216 -128 ) (-896 -1216 -128 ) (-896 -1216 -352 ) 
4 285 368 (-800 -1280 -304 ) (-896 -1280 -304 ) (-896 -1280 -352 ) (-800 -1280 -352 ) 
4 285 367 (-768 -1280 -304 ) (-800 -1280 -304 ) (-800 -1280 -352 ) (-768 -1280 -352 ) 
4 285 366 (-512 -1280 -352 ) (-512 -1280 -304 ) (-768 -1280 -304 ) (-768 -1280 -352 ) 
4 285 361 (-512 -1280 -160 ) (-512 -1280 -128 ) (-896 -1280 -128 ) (-896 -1280 -160 ) 
4 285 362 (-512 -1280 -304 ) (-512 -1280 -160 ) (-896 -1280 -160 ) (-896 -1280 -304 ) 
4 285 299 (-896 -1280 -352 ) (-896 -1280 -224 ) (-896 -1248 -224 ) (-896 -1248 -352 ) 
4 285 298 (-896 -1248 -224 ) (-896 -1216 -224 ) (-896 -1216 -352 ) (-896 -1248 -352 ) 
4 285 296 (-896 -1280 -224 ) (-896 -1280 -128 ) (-896 -1216 -128 ) (-896 -1216 -224 ) 
4 286 288 (-1184 -160 -96 ) (-1184 -160 -256 ) (-1184 -352 -256 ) (-1184 -352 -96 ) 
5 286 287 (-1184 -384 0 ) (-1184 -384 -256 ) (-1056 -384 -256 ) (-896 -384 -192 ) (-896 -384 0 ) 
4 289 400 (-960 -1280 256 ) (-1024 -1280 256 ) (-1024 -1280 0 ) (-960 -1280 0 ) 
4 289 352 (-896 -1280 0 ) (-896 -1280 256 ) (-960 -1280 256 ) (-960 -1280 0 ) 
4 289 294 (-1024 -1088 128 ) (-1024 -1152 128 ) (-1024 -1152 192 ) (-1024 -1088 192 ) 
4 289 293 (-1024 -1152 192 ) (-1024 -1152 224 ) (-1024 -1088 224 ) (-1024 -1088 192 ) 
4 289 291 (-1024 -864 128 ) (-1024 -928 128 ) (-1024 -928 224 ) (-1024 -864 224 ) 
4 290 291 (-1152 -864 224 ) (-1056 -864 224 ) (-1056 -928 224 ) (-1152 -928 224 ) 
4 293 294 (-1056 -1088 224 ) (-1024 -1088 192 ) (-1024 -1152 192 ) (-1056 -1152 224 ) 
4 296 409 (-960 -1280 -128 ) (-1024 -1280 -128 ) (-1024 -1280 -224 ) (-960 -1280 -224 ) 
4 296 379 (-896 -1280 -224 ) (-896 -1280 -128 ) (-960 -1280 -128 ) (-960 -1280 -224 ) 
4 296 299 (-896 -1248 -224 ) (-896 -1280 -224 ) (-1024 -1280 -224 ) (-1024 -1248 -224 ) 
4 296 298 (-896 -1120 -224 ) (-896 -1248 -224 ) (-1024 -1248 -224 ) (-1024 -1120 -224 ) 
5 296 297 (-1024 -1088 -224 ) (-960 -1024 -224 ) (-896 -1024 -224 ) (-896 -1120 -224 ) (-1024 -1120 -224 ) 
4 297 298 (-896 -1120 -224 ) (-1024 -1120 -224 ) (-1024 -1120 -352 ) (-896 -1120 -352 ) 
4 298 300 (-1056 -1120 -224 ) (-1056 -1120 -352 ) (-1056 -1248 -352 ) (-1056 -1248 -224 ) 
4 298 299 (-1024 -1248 -352 ) (-896 -1248 -352 ) (-896 -1248 -224 ) (-1024 -1248 -224 ) 
4 299 409 (-960 -1280 -224 ) (-1024 -1280 -224 ) (-1024 -1280 -352 ) (-960 -1280 -352 ) 
4 299 379 (-896 -1280 -352 ) (-896 -1280 -224 ) (-960 -1280 -224 ) (-960 -1280 -352 ) 
4 300 301 (-1344 -1120 -224 ) (-1344 -1120 -352 ) (-1344 -1248 -352 ) (-1344 -1248 -224 ) 
4 301 302 (-1376 -1120 -224 ) (-1376 -1120 -352 ) (-1376 -1248 -352 ) (-1376 -1248 -224 ) 
4 302 428 (-1728 -1280 -320 ) (-1728 -1280 -352 ) (-1536 -1280 -352 ) (-1536 -1280 -320 ) 
4 302 423 (-1536 -1280 -352 ) (-1440 -1280 -352 ) (-1440 -1280 -320 ) (-1536 -1280 -320 ) 
4 302 418 (-1440 -1280 -128 ) (-1728 -1280 -128 ) (-1728 -1280 -160 ) (-1440 -1280 -160 ) 
4 302 419 (-1728 -1280 -160 ) (-1728 -1280 -320 ) (-1440 -1280 -320 ) (-1440 -1280 -160 ) 
4 302 410 (-1376 -1280 -352 ) (-1376 -1280 -128 ) (-1440 -1280 -128 ) (-1440 -1280 -352 ) 
5 303 304 (1056 -1280 320 ) (1312 -1280 320 ) (1312 -1456 320 ) (1200 -1568 320 ) (1056 -1568 320 ) 
5 304 306 (1056 -1280 128 ) (1280 -1280 128 ) (1280 -1440 128 ) (1184 -1536 128 ) (1056 -1536 128 ) 
4 304 305 (1056 -1280 320 ) (1056 -1280 128 ) (1056 -1568 128 ) (1056 -1568 320 ) 
4 305 308 (1024 -1312 128 ) (1024 -1472 128 ) (1024 -1472 256 ) (1024 -1312 256 ) 
4 305 306 (1024 -1280 128 ) (1056 -1280 128 ) (1056 -1536 128 ) (1024 -1536 128 ) 
4 306 308 (1024 -1312 96 ) (1024 -1472 96 ) (1024 -1472 128 ) (1024 -1312 128 ) 
4 307 310 (640 -1312 128 ) (512 -1312 128 ) (512 -1312 0 ) (640 -1312 0 ) 
4 308 309 (768 -1312 0 ) (768 -1472 0 ) (768 -1472 128 ) (768 -1312 128 ) 
4 309 310 (704 -1312 128 ) (704 -1312 0 ) (704 -1472 0 ) (704 -1472 128 ) 
4 310 323 (512 -1312 0 ) (512 -1472 0 ) (512 -1472 192 ) (512 -1312 192 ) 
4 311 326 (512 -1664 256 ) (512 -1664 -64 ) (512 -1792 -64 ) (512 -1792 256 ) 
4 311 325 (512 -1792 320 ) (512 -1664 320 ) (512 -1664 256 ) (512 -1792 256 ) 
4 311 313 (512 -1792 -64 ) (512 -1664 -64 ) (704 -1664 -64 ) (704 -1792 -64 ) 
4 311 312 (512 -1792 256 ) (512 -1792 -64 ) (896 -1792 -64 ) (896 -1792 256 ) 
4 312 326 (512 -1920 -64 ) (512 -1920 256 ) (512 -1792 256 ) (512 -1792 -64 ) 
4 312 318 (512 -1920 256 ) (512 -1920 -64 ) (896 -1920 -64 ) (896 -1920 256 ) 
4 312 315 (704 -1920 -64 ) (512 -1920 -64 ) (512 -1792 -64 ) (704 -1792 -64 ) 
4 313 326 (512 -1792 -120 ) (512 -1792 -64 ) (512 -1664 -64 ) (512 -1664 -120 ) 
4 313 315 (704 -1792 -64 ) (512 -1792 -64 ) (512 -1792 -120 ) (536 -1792 -120 ) 
4 313 314 (512 -1792 -120 ) (512 -1664 -120 ) (536 -1664 -120 ) (536 -1792 -120 ) 
4 314 331 (512 -1792 -128 ) (512 -1792 -120 ) (512 -1664 -120 ) (512 -1664 -128 ) 
3 314 316 (536 -1792 -120 ) (512 -1792 -120 ) (512 -1792 -128 ) 
4 315 326 (512 -1920 -120 ) (512 -1920 -64 ) (512 -1792 -64 ) (512 -1792 -120 ) 
4 315 321 (704 -1920 -120 ) (704 -1920 -64 ) (512 -1920 -64 ) (512 -1920 -120 ) 
4 315 316 (704 -1920 -120 ) (512 -1920 -120 ) (512 -1792 -120 ) (704 -1792 -120 ) 
4 316 332 (512 -1920 -128 ) (512 -1920 -120 ) (512 -1792 -120 ) (512 -1792 -128 ) 
4 316 322 (704 -1920 -128 ) (704 -1920 -120 ) (512 -1920 -120 ) (512 -1920 -128 ) 
4 317 318 (896 -1920 192 ) (896 -1920 -64 ) (896 -2176 -64 ) (896 -2176 192 ) 
4 318 339 (512 -1920 256 ) (512 -1920 -64 ) (512 -2176 -64 ) (512 -2176 256 ) 
4 318 335 (512 -1920 320 ) (512 -1920 256 ) (512 -2176 256 ) (512 -2176 320 ) 
4 318 321 (704 -2176 -64 ) (512 -2176 -64 ) (512 -1920 -64 ) (704 -1920 -64 ) 
4 318 319 (512 -2176 256 ) (512 -2176 -64 ) (896 -2176 -64 ) (896 -2176 256 ) 
4 319 340 (512 -2176 256 ) (512 -2176 -64 ) (512 -2304 -64 ) (512 -2304 256 ) 
4 319 321 (704 -2304 -64 ) (512 -2304 -64 ) (512 -2176 -64 ) (704 -2176 -64 ) 
4 319 320 (512 -2304 256 ) (512 -2304 -64 ) (896 -2304 -64 ) (896 -2304 256 ) 
4 320 342 (512 -2432 -64 ) (512 -2432 256 ) (512 -2304 256 ) (512 -2304 -64 ) 
4 320 336 (512 -2432 256 ) (512 -2432 320 ) (512 -2304 320 ) (512 -2304 256 ) 
4 320 321 (704 -2432 -64 ) (512 -2432 -64 ) (512 -2304 -64 ) (704 -2304 -64 ) 
4 321 340 (512 -2304 -64 ) (512 -2176 -64 ) (512 -2176 -120 ) (512 -2304 -120 ) 
4 321 342 (512 -2432 -120 ) (512 -2432 -64 ) (512 -2304 -64 ) (512 -2304 -120 ) 
4 321 339 (512 -2176 -64 ) (512 -1920 -64 ) (512 -1920 -120 ) (512 -2176 -120 ) 
4 321 322 (704 -2432 -120 ) (512 -2432 -120 ) (512 -1920 -120 ) (704 -1920 -120 ) 
4 322 345 (512 -2432 -128 ) (512 -2432 -120 ) (512 -2176 -120 ) (512 -2176 -128 ) 
4 322 344 (512 -2176 -120 ) (512 -1920 -120 ) (512 -1920 -128 ) (512 -2176 -128 ) 
4 324 333 (128 -1536 -120 ) (256 -1536 -120 ) (256 -1664 -120 ) (128 -1664 -120 ) 
4 324 331 (256 -1536 -120 ) (512 -1536 -120 ) (512 -1664 -120 ) (256 -1664 -120 ) 
4 324 330 (128 -1664 -120 ) (256 -1664 -120 ) (256 -1664 -64 ) (128 -1664 -64 ) 
4 324 328 (256 -1664 -64 ) (256 -1664 256 ) (128 -1664 256 ) (128 -1664 -64 ) 
4 324 327 (256 -1664 -120 ) (384 -1664 -120 ) (384 -1664 256 ) (256 -1664 256 ) 
4 324 326 (384 -1664 -120 ) (512 -1664 -120 ) (512 -1664 256 ) (384 -1664 256 ) 
4 325 326 (384 -1664 256 ) (512 -1664 256 ) (512 -1792 256 ) (384 -1792 256 ) 
4 326 339 (512 -1920 -120 ) (512 -1920 256 ) (384 -1920 256 ) (384 -1920 -120 ) 
4 326 332 (512 -1920 -120 ) (384 -1920 -120 ) (384 -1792 -120 ) (512 -1792 -120 ) 
4 326 331 (384 -1792 -120 ) (384 -1664 -120 ) (512 -1664 -120 ) (512 -1792 -120 ) 
4 326 327 (384 -1792 256 ) (384 -1664 256 ) (384 -1664 -120 ) (384 -1792 -120 ) 
4 327 331 (256 -1792 -120 ) (256 -1664 -120 ) (384 -1664 -120 ) (384 -1792 -120 ) 
4 327 330 (256 -1664 -64 ) (256 -1664 -120 ) (256 -1792 -120 ) (256 -1792 -64 ) 
4 327 328 (256 -1664 256 ) (256 -1664 -64 ) (256 -1792 -64 ) (256 -1792 256 ) 
4 328 330 (-64 -1664 -64 ) (256 -1664 -64 ) (256 -1792 -64 ) (-64 -1792 -64 ) 
4 328 329 (-192 -1792 256 ) (-192 -1792 -64 ) (256 -1792 -64 ) (256 -1792 256 ) 
4 329 343 (-192 -1920 256 ) (-192 -1920 -64 ) (-64 -1920 -64 ) (-64 -1920 256 ) 
4 329 339 (-64 -1920 -64 ) (256 -1920 -64 ) (256 -1920 256 ) (-64 -1920 256 ) 
4 329 330 (-64 -1792 -64 ) (256 -1792 -64 ) (256 -1920 -64 ) (-64 -1920 -64 ) 
4 330 339 (-64 -1920 -120 ) (256 -1920 -120 ) (256 -1920 -64 ) (-64 -1920 -64 ) 
4 330 334 (256 -1920 -120 ) (-64 -1920 -120 ) (-64 -1664 -120 ) (256 -1664 -120 ) 
4 331 334 (256 -1792 -128 ) (256 -1792 -120 ) (256 -1664 -120 ) (256 -1664 -128 ) 
4 331 333 (256 -1664 -120 ) (256 -1536 -120 ) (256 -1536 -128 ) (256 -1664 -128 ) 
4 331 332 (512 -1792 -128 ) (512 -1792 -120 ) (384 -1792 -120 ) (384 -1792 -128 ) 
4 332 344 (512 -1920 -128 ) (512 -1920 -120 ) (384 -1920 -120 ) (384 -1920 -128 ) 
4 333 334 (256 -1664 -128 ) (256 -1664 -120 ) (128 -1664 -120 ) (128 -1664 -128 ) 
4 334 347 (256 -1920 -128 ) (256 -1920 -120 ) (-64 -1920 -120 ) (-64 -1920 -128 ) 
4 335 339 (512 -1920 256 ) (512 -2176 256 ) (384 -2176 256 ) (384 -1920 256 ) 
4 336 342 (512 -2304 256 ) (512 -2432 256 ) (384 -2432 256 ) (384 -2304 256 ) 
4 337 343 (-192 -2176 256 ) (-192 -1920 256 ) (-64 -1920 256 ) (-64 -2176 256 ) 
4 337 339 (-64 -1920 256 ) (256 -1920 256 ) (256 -2176 256 ) (-64 -2176 256 ) 
5 338 343 (-64 -2432 256 ) (-128 -2432 256 ) (-192 -2368 256 ) (-192 -2304 256 ) (-64 -2304 256 ) 
4 338 342 (256 -2432 256 ) (-64 -2432 256 ) (-64 -2304 256 ) (256 -2304 256 ) 
4 339 347 (-64 -2176 -120 ) (-64 -1920 -120 ) (256 -1920 -120 ) (256 -2176 -120 ) 
4 339 344 (256 -1920 -120 ) (512 -1920 -120 ) (512 -2176 -120 ) (256 -2176 -120 ) 
4 339 343 (-64 -2176 -64 ) (-64 -2176 256 ) (-64 -1920 256 ) (-64 -1920 -64 ) 
4 339 340 (384 -2176 -120 ) (512 -2176 -120 ) (512 -2176 256 ) (384 -2176 256 ) 
4 339 341 (-64 -2176 -120 ) (256 -2176 -120 ) (256 -2176 256 ) (-64 -2176 256 ) 
4 340 345 (384 -2176 -120 ) (512 -2176 -120 ) (512 -2304 -120 ) (384 -2304 -120 ) 
4 340 342 (384 -2304 -120 ) (512 -2304 -120 ) (512 -2304 256 ) (384 -2304 256 ) 
4 341 347 (-64 -2304 -120 ) (-64 -2176 -120 ) (256 -2176 -120 ) (256 -2304 -120 ) 
4 341 343 (-64 -2304 -64 ) (-64 -2304 256 ) (-64 -2176 256 ) (-64 -2176 -64 ) 
4 341 342 (-64 -2304 256 ) (-64 -2304 -120 ) (256 -2304 -120 ) (256 -2304 256 ) 
4 342 348 (512 -2432 -120 ) (512 -2432 256 ) (128 -2432 256 ) (128 -2432 -120 ) 
4 342 347 (256 -2432 -120 ) (-64 -2432 -120 ) (-64 -2304 -120 ) (256 -2304 -120 ) 
4 342 346 (384 -2432 -120 ) (256 -2432 -120 ) (256 -2304 -120 ) (384 -2304 -120 ) 
4 342 345 (512 -2432 -120 ) (384 -2432 -120 ) (384 -2304 -120 ) (512 -2304 -120 ) 
4 342 343 (-64 -2432 -64 ) (-64 -2432 256 ) (-64 -2304 256 ) (-64 -2304 -64 ) 
4 343 389 (-192 -1952 -64 ) (-192 -2144 -64 ) (-192 -2144 128 ) (-192 -1952 128 ) 
4 344 347 (256 -2176 -128 ) (256 -2176 -120 ) (256 -1920 -120 ) (256 -1920 -128 ) 
4 344 345 (512 -2176 -128 ) (512 -2176 -120 ) (384 -2176 -120 ) (384 -2176 -128 ) 
4 345 349 (512 -2432 -128 ) (512 -2432 -120 ) (384 -2432 -120 ) (384 -2432 -128 ) 
4 345 346 (384 -2304 -128 ) (384 -2432 -128 ) (384 -2432 -120 ) (384 -2304 -120 ) 
4 346 349 (384 -2432 -128 ) (384 -2432 -120 ) (256 -2432 -120 ) (256 -2432 -128 ) 
4 346 347 (256 -2432 -128 ) (256 -2432 -120 ) (256 -2304 -120 ) (256 -2304 -128 ) 
4 347 349 (256 -2432 -128 ) (256 -2432 -120 ) (128 -2432 -120 ) (128 -2432 -128 ) 
4 348 349 (128 -2432 -120 ) (512 -2432 -120 ) (512 -2560 -120 ) (128 -2560 -120 ) 
4 351 352 (-672 -1344 0 ) (-672 -1344 192 ) (-672 -1280 256 ) (-672 -1280 0 ) 
4 352 400 (-960 -1280 256 ) (-960 -1280 0 ) (-960 -1344 0 ) (-960 -1344 192 ) 
4 352 354 (-864 -1344 0 ) (-672 -1344 0 ) (-672 -1344 96 ) (-864 -1344 96 ) 
4 352 353 (-864 -1280 0 ) (-672 -1280 0 ) (-672 -1344 0 ) (-864 -1344 0 ) 
4 353 354 (-864 -1344 -64 ) (-672 -1344 -64 ) (-672 -1344 0 ) (-864 -1344 0 ) 
4 354 355 (-864 -1376 -64 ) (-672 -1376 -64 ) (-672 -1376 96 ) (-864 -1376 96 ) 
4 355 356 (-896 -1472 -64 ) (-896 -1728 -64 ) (-896 -1728 96 ) (-896 -1472 96 ) 
4 356 401 (-960 -1472 96 ) (-960 -1472 -64 ) (-960 -1728 -64 ) (-960 -1728 96 ) 
4 356 360 (-960 -1728 -64 ) (-960 -1472 -64 ) (-928 -1472 -64 ) (-928 -1728 -64 ) 
4 357 391 (-608 -1920 192 ) (-608 -1920 -64 ) (-288 -1920 -64 ) (-288 -1920 192 ) 
4 358 393 (-960 -1920 192 ) (-960 -1920 -64 ) (-672 -1920 -64 ) (-672 -1920 192 ) 
4 359 366 (-512 -1568 -304 ) (-512 -1568 -320 ) (-512 -1632 -320 ) (-512 -1632 -304 ) 
4 359 363 (-512 -1632 -224 ) (-512 -1568 -224 ) (-512 -1568 -304 ) (-512 -1632 -304 ) 
4 360 401 (-960 -1728 -64 ) (-960 -1472 -64 ) (-960 -1472 -128 ) (-960 -1728 -128 ) 
4 360 385 (-960 -1728 -128 ) (-960 -1616 -128 ) (-928 -1616 -128 ) (-928 -1728 -128 ) 
4 360 383 (-960 -1616 -128 ) (-960 -1584 -128 ) (-928 -1584 -128 ) (-928 -1616 -128 ) 
4 360 380 (-960 -1584 -128 ) (-960 -1472 -128 ) (-928 -1472 -128 ) (-928 -1584 -128 ) 
4 361 379 (-896 -1344 -128 ) (-896 -1280 -128 ) (-896 -1280 -160 ) (-896 -1344 -160 ) 
4 361 362 (-896 -1360 -160 ) (-896 -1280 -160 ) (-512 -1280 -160 ) (-512 -1360 -160 ) 
4 362 379 (-896 -1280 -160 ) (-896 -1280 -304 ) (-896 -1344 -304 ) (-896 -1344 -160 ) 
4 362 370 (-848 -1392 -304 ) (-896 -1392 -304 ) (-896 -1360 -304 ) (-848 -1360 -304 ) 
4 362 369 (-800 -1360 -304 ) (-800 -1392 -304 ) (-848 -1392 -304 ) (-848 -1360 -304 ) 
4 362 368 (-896 -1280 -304 ) (-800 -1280 -304 ) (-800 -1360 -304 ) (-896 -1360 -304 ) 
4 362 367 (-800 -1280 -304 ) (-768 -1280 -304 ) (-768 -1392 -304 ) (-800 -1392 -304 ) 
4 362 366 (-768 -1280 -304 ) (-512 -1280 -304 ) (-512 -1392 -304 ) (-768 -1392 -304 ) 
4 362 363 (-896 -1392 -304 ) (-512 -1392 -304 ) (-512 -1392 -160 ) (-896 -1392 -160 ) 
4 363 385 (-896 -1792 -128 ) (-896 -1616 -128 ) (-896 -1616 -304 ) (-896 -1792 -304 ) 
4 363 383 (-896 -1616 -128 ) (-896 -1584 -128 ) (-896 -1584 -304 ) (-896 -1616 -304 ) 
4 363 380 (-896 -1584 -128 ) (-896 -1408 -128 ) (-896 -1408 -304 ) (-896 -1584 -304 ) 
4 363 377 (-800 -1808 -304 ) (-896 -1808 -304 ) (-896 -1792 -304 ) (-800 -1792 -304 ) 
4 363 376 (-896 -1792 -304 ) (-896 -1680 -304 ) (-848 -1680 -304 ) (-848 -1792 -304 ) 
4 363 375 (-800 -1680 -304 ) (-800 -1792 -304 ) (-848 -1792 -304 ) (-848 -1680 -304 ) 
4 363 374 (-768 -1808 -304 ) (-800 -1808 -304 ) (-800 -1680 -304 ) (-768 -1648 -304 ) 
8 363 372 (-896 -1616 -304 ) (-896 -1584 -304 ) (-864 -1552 -304 ) (-832 -1552 -304 ) (-800 -1584 -304 ) (-800 -1616 -304 ) (-832 -1648 -304 ) (-864 -1648 -304 ) 
4 363 371 (-896 -1520 -304 ) (-896 -1408 -304 ) (-848 -1408 -304 ) (-848 -1520 -304 ) 
4 363 370 (-896 -1408 -304 ) (-896 -1392 -304 ) (-848 -1392 -304 ) (-848 -1408 -304 ) 
4 363 369 (-848 -1392 -304 ) (-800 -1392 -304 ) (-800 -1520 -304 ) (-848 -1520 -304 ) 
4 363 367 (-800 -1392 -304 ) (-768 -1392 -304 ) (-768 -1552 -304 ) (-800 -1520 -304 ) 
4 363 366 (-512 -1392 -304 ) (-512 -1808 -304 ) (-768 -1808 -304 ) (-768 -1392 -304 ) 
4 363 365 (-896 -1808 -160 ) (-896 -1808 -304 ) (-512 -1808 -304 ) (-512 -1808 -160 ) 
4 364 396 (-704 -1920 -128 ) (-896 -1920 -128 ) (-896 -1920 -160 ) (-704 -1920 -160 ) 
4 364 394 (-512 -1920 -160 ) (-512 -1920 -128 ) (-704 -1920 -128 ) (-704 -1920 -160 ) 
4 364 388 (-896 -1920 -160 ) (-896 -1920 -128 ) (-896 -1856 -128 ) (-896 -1856 -160 ) 
4 364 365 (-512 -1840 -160 ) (-512 -1920 -160 ) (-896 -1920 -160 ) (-896 -1840 -160 ) 
4 365 396 (-704 -1920 -160 ) (-896 -1920 -160 ) (-896 -1920 -304 ) (-704 -1920 -304 ) 
4 365 394 (-512 -1920 -304 ) (-512 -1920 -160 ) (-704 -1920 -160 ) (-704 -1920 -304 ) 
4 365 388 (-896 -1920 -304 ) (-896 -1920 -160 ) (-896 -1856 -160 ) (-896 -1856 -304 ) 
4 365 378 (-768 -1920 -304 ) (-896 -1920 -304 ) (-896 -1840 -304 ) (-768 -1840 -304 ) 
4 365 377 (-896 -1840 -304 ) (-896 -1808 -304 ) (-800 -1808 -304 ) (-800 -1840 -304 ) 
4 365 374 (-800 -1808 -304 ) (-768 -1808 -304 ) (-768 -1840 -304 ) (-800 -1840 -304 ) 
4 365 366 (-512 -1808 -304 ) (-512 -1920 -304 ) (-768 -1920 -304 ) (-768 -1808 -304 ) 
4 366 396 (-704 -1920 -304 ) (-768 -1920 -304 ) (-768 -1920 -352 ) (-704 -1920 -352 ) 
4 366 394 (-512 -1920 -352 ) (-512 -1920 -304 ) (-704 -1920 -304 ) (-704 -1920 -352 ) 
4 366 378 (-768 -1920 -352 ) (-768 -1920 -304 ) (-768 -1840 -304 ) (-768 -1840 -352 ) 
4 366 374 (-768 -1840 -304 ) (-768 -1648 -304 ) (-768 -1648 -352 ) (-768 -1840 -352 ) 
4 366 367 (-768 -1552 -304 ) (-768 -1280 -304 ) (-768 -1280 -352 ) (-768 -1552 -352 ) 
4 367 369 (-800 -1520 -336 ) (-800 -1520 -304 ) (-800 -1360 -304 ) (-800 -1360 -336 ) 
4 367 368 (-800 -1280 -304 ) (-800 -1280 -352 ) (-800 -1360 -352 ) (-800 -1360 -304 ) 
4 368 379 (-896 -1344 -304 ) (-896 -1280 -304 ) (-896 -1280 -352 ) (-896 -1344 -352 ) 
4 368 370 (-848 -1360 -304 ) (-896 -1360 -304 ) (-896 -1360 -336 ) (-848 -1360 -336 ) 
4 368 369 (-800 -1360 -336 ) (-800 -1360 -304 ) (-848 -1360 -304 ) (-848 -1360 -336 ) 
4 369 371 (-848 -1520 -320 ) (-848 -1520 -304 ) (-848 -1408 -304 ) (-848 -1408 -320 ) 
4 369 370 (-848 -1408 -304 ) (-848 -1360 -304 ) (-848 -1360 -336 ) (-848 -1408 -336 ) 
4 370 371 (-896 -1408 -304 ) (-896 -1408 -320 ) (-848 -1408 -320 ) (-848 -1408 -304 ) 
4 372 383 (-896 -1616 -304 ) (-896 -1584 -304 ) (-896 -1584 -308 ) (-896 -1616 -308 ) 
8 372 373 (-832 -1648 -308 ) (-864 -1648 -308 ) (-896 -1616 -308 ) (-896 -1584 -308 ) (-864 -1552 -308 ) (-832 -1552 -308 ) (-800 -1584 -308 ) (-800 -1616 -308 ) 
4 373 384 (-896 -1616 -320 ) (-896 -1616 -308 ) (-896 -1584 -308 ) (-896 -1584 -320 ) 
4 374 378 (-768 -1840 -304 ) (-800 -1840 -304 ) (-800 -1840 -352 ) (-768 -1840 -352 ) 
4 374 377 (-800 -1840 -336 ) (-800 -1840 -304 ) (-800 -1792 -304 ) (-800 -1792 -336 ) 
4 374 375 (-800 -1792 -304 ) (-800 -1680 -304 ) (-800 -1680 -336 ) (-800 -1792 -336 ) 
4 375 377 (-800 -1792 -336 ) (-800 -1792 -304 ) (-848 -1792 -304 ) (-848 -1792 -336 ) 
4 375 376 (-848 -1792 -320 ) (-848 -1792 -304 ) (-848 -1680 -304 ) (-848 -1680 -320 ) 
4 376 377 (-848 -1792 -304 ) (-896 -1792 -304 ) (-896 -1792 -320 ) (-848 -1792 -320 ) 
4 377 378 (-800 -1840 -304 ) (-896 -1840 -304 ) (-896 -1840 -336 ) (-800 -1840 -336 ) 
4 378 396 (-768 -1920 -352 ) (-768 -1920 -304 ) (-896 -1920 -304 ) (-896 -1920 -352 ) 
4 378 388 (-896 -1920 -352 ) (-896 -1920 -304 ) (-896 -1856 -304 ) (-896 -1856 -352 ) 
4 379 409 (-960 -1344 -128 ) (-960 -1280 -128 ) (-960 -1280 -352 ) (-960 -1344 -352 ) 
4 380 412 (-960 -1584 -304 ) (-960 -1584 -128 ) (-960 -1504 -128 ) (-960 -1504 -304 ) 
4 380 411 (-960 -1504 -128 ) (-960 -1408 -128 ) (-960 -1408 -304 ) (-960 -1504 -304 ) 
4 380 383 (-960 -1584 -128 ) (-960 -1584 -304 ) (-896 -1584 -304 ) (-896 -1584 -128 ) 
4 380 381 (-960 -1584 -304 ) (-960 -1504 -304 ) (-928 -1504 -304 ) (-928 -1584 -304 ) 
4 381 412 (-960 -1584 -308 ) (-960 -1584 -304 ) (-960 -1504 -304 ) (-960 -1504 -308 ) 
4 381 383 (-960 -1584 -304 ) (-960 -1584 -308 ) (-928 -1584 -308 ) (-928 -1584 -304 ) 
4 381 382 (-928 -1584 -308 ) (-960 -1584 -308 ) (-960 -1504 -308 ) (-928 -1504 -308 ) 
4 382 413 (-960 -1584 -320 ) (-960 -1584 -308 ) (-960 -1504 -308 ) (-960 -1504 -320 ) 
4 382 384 (-960 -1584 -308 ) (-960 -1584 -320 ) (-928 -1584 -320 ) (-928 -1584 -308 ) 
4 383 412 (-960 -1616 -308 ) (-960 -1616 -128 ) (-960 -1584 -128 ) (-960 -1584 -308 ) 
4 383 386 (-960 -1616 -304 ) (-960 -1616 -308 ) (-928 -1616 -308 ) (-928 -1616 -304 ) 
4 383 385 (-960 -1616 -128 ) (-960 -1616 -304 ) (-896 -1616 -304 ) (-896 -1616 -128 ) 
4 383 384 (-960 -1616 -308 ) (-960 -1584 -308 ) (-896 -1584 -308 ) (-896 -1616 -308 ) 
4 384 413 (-960 -1616 -320 ) (-960 -1616 -308 ) (-960 -1584 -308 ) (-960 -1584 -320 ) 
4 384 387 (-960 -1616 -308 ) (-960 -1616 -320 ) (-928 -1616 -320 ) (-928 -1616 -308 ) 
4 385 415 (-960 -1792 -304 ) (-960 -1792 -128 ) (-960 -1696 -128 ) (-960 -1696 -304 ) 
4 385 412 (-960 -1696 -128 ) (-960 -1616 -128 ) (-960 -1616 -304 ) (-960 -1696 -304 ) 
4 385 386 (-960 -1696 -304 ) (-960 -1616 -304 ) (-928 -1616 -304 ) (-928 -1696 -304 ) 
4 386 412 (-960 -1696 -308 ) (-960 -1696 -304 ) (-960 -1616 -304 ) (-960 -1616 -308 ) 
4 386 387 (-928 -1696 -308 ) (-960 -1696 -308 ) (-960 -1616 -308 ) (-928 -1616 -308 ) 
4 387 413 (-960 -1696 -320 ) (-960 -1696 -308 ) (-960 -1616 -308 ) (-960 -1616 -320 ) 
4 388 416 (-960 -1920 -352 ) (-960 -1920 -128 ) (-960 -1856 -128 ) (-960 -1856 -352 ) 
4 388 396 (-896 -1920 -352 ) (-896 -1920 -128 ) (-960 -1920 -128 ) (-960 -1920 -352 ) 
4 389 390 (-224 -2144 -64 ) (-224 -2144 128 ) (-224 -1952 128 ) (-224 -1952 -64 ) 
4 390 391 (-288 -1920 192 ) (-288 -1920 -64 ) (-288 -2176 -64 ) (-288 -2176 192 ) 
4 391 392 (-608 -1920 128 ) (-608 -1920 -64 ) (-608 -2176 -64 ) (-608 -2176 128 ) 
4 392 393 (-672 -1920 128 ) (-672 -1920 -64 ) (-672 -2176 -64 ) (-672 -2176 128 ) 
4 393 429 (-960 -1920 128 ) (-960 -1920 -64 ) (-960 -2176 -64 ) (-960 -2176 128 ) 
4 393 397 (-832 -2240 -64 ) (-704 -2240 -64 ) (-704 -2240 64 ) (-832 -2240 64 ) 
4 394 396 (-704 -1984 -128 ) (-704 -1920 -128 ) (-704 -1920 -352 ) (-704 -1984 -352 ) 
4 394 395 (-640 -1984 -128 ) (-704 -1984 -128 ) (-704 -1984 -352 ) (-640 -1984 -352 ) 
4 395 396 (-704 -2048 -128 ) (-704 -1984 -128 ) (-704 -1984 -352 ) (-704 -2048 -352 ) 
4 396 435 (-960 -2240 -352 ) (-960 -2240 -128 ) (-960 -2112 -128 ) (-960 -2112 -352 ) 
4 396 433 (-960 -1920 -224 ) (-960 -1920 -352 ) (-960 -1984 -352 ) (-960 -1984 -224 ) 
4 396 434 (-960 -1984 -352 ) (-960 -2112 -352 ) (-960 -2112 -224 ) (-960 -1984 -224 ) 
4 396 432 (-960 -2112 -128 ) (-960 -1920 -128 ) (-960 -1920 -224 ) (-960 -2112 -224 ) 
4 397 398 (-704 -2272 -64 ) (-704 -2272 64 ) (-832 -2272 64 ) (-832 -2272 -64 ) 
4 398 399 (-864 -2528 -64 ) (-864 -2528 192 ) (-864 -2368 192 ) (-864 -2368 -64 ) 
4 399 442 (-960 -2528 -64 ) (-960 -2528 192 ) (-960 -2368 192 ) (-960 -2368 -64 ) 
4 401 415 (-1408 -1728 -128 ) (-1408 -1696 -128 ) (-960 -1696 -128 ) (-960 -1728 -128 ) 
4 401 412 (-1408 -1696 -128 ) (-1408 -1504 -128 ) (-960 -1504 -128 ) (-960 -1696 -128 ) 
4 401 411 (-1408 -1504 -128 ) (-1408 -1472 -128 ) (-960 -1472 -128 ) (-960 -1504 -128 ) 
4 401 406 (-1408 -1472 96 ) (-1408 -1472 -64 ) (-1408 -1728 -64 ) (-1408 -1728 96 ) 
4 402 430 (-1280 -1920 128 ) (-1280 -1920 -64 ) (-1056 -1920 -64 ) (-1056 -1920 128 ) 
4 403 406 (-1408 -1408 96 ) (-1408 -1792 96 ) (-1632 -1792 96 ) (-1632 -1408 96 ) 
4 403 404 (-1632 -1408 96 ) (-1632 -1728 96 ) (-1632 -1728 128 ) (-1632 -1408 128 ) 
4 404 407 (-1664 -1728 96 ) (-1664 -1408 96 ) (-1632 -1408 96 ) (-1632 -1728 96 ) 
4 405 406 (-1632 -1408 96 ) (-1632 -1408 -64 ) (-1440 -1408 -64 ) (-1440 -1408 96 ) 
4 406 408 (-1440 -1792 96 ) (-1600 -1792 96 ) (-1600 -1792 -64 ) (-1440 -1792 -64 ) 
4 406 407 (-1632 -1728 96 ) (-1632 -1408 96 ) (-1632 -1408 -64 ) (-1632 -1728 -64 ) 
4 408 444 (-1600 -1920 96 ) (-1600 -1920 -64 ) (-1440 -1920 -64 ) (-1440 -1920 96 ) 
4 410 423 (-1440 -1280 -320 ) (-1440 -1280 -352 ) (-1440 -1344 -352 ) (-1440 -1344 -320 ) 
4 410 418 (-1440 -1344 -128 ) (-1440 -1280 -128 ) (-1440 -1280 -160 ) (-1440 -1344 -160 ) 
4 410 419 (-1440 -1280 -160 ) (-1440 -1280 -320 ) (-1440 -1344 -320 ) (-1440 -1344 -160 ) 
4 411 420 (-1440 -1504 -304 ) (-1440 -1504 -128 ) (-1440 -1408 -128 ) (-1440 -1408 -304 ) 
4 411 414 (-1440 -1504 -128 ) (-1440 -1504 -304 ) (-1408 -1504 -304 ) (-1408 -1504 -128 ) 
4 411 412 (-1408 -1504 -304 ) (-960 -1504 -304 ) (-960 -1504 -128 ) (-1408 -1504 -128 ) 
4 412 415 (-960 -1696 -304 ) (-960 -1696 -128 ) (-1408 -1696 -128 ) (-1408 -1696 -304 ) 
4 412 414 (-1408 -1504 -128 ) (-1408 -1504 -304 ) (-1408 -1696 -304 ) (-1408 -1696 -128 ) 
4 412 413 (-1408 -1504 -308 ) (-960 -1504 -308 ) (-960 -1696 -308 ) (-1408 -1696 -308 ) 
4 414 420 (-1440 -1696 -304 ) (-1440 -1696 -128 ) (-1440 -1504 -128 ) (-1440 -1504 -304 ) 
4 414 415 (-1408 -1696 -304 ) (-1408 -1696 -128 ) (-1440 -1696 -128 ) (-1440 -1696 -304 ) 
4 415 420 (-1440 -1792 -304 ) (-1440 -1792 -128 ) (-1440 -1696 -128 ) (-1440 -1696 -304 ) 
4 416 433 (-960 -1920 -352 ) (-960 -1920 -224 ) (-1024 -1920 -224 ) (-1024 -1920 -352 ) 
4 416 432 (-960 -1920 -224 ) (-960 -1920 -128 ) (-1024 -1920 -128 ) (-1024 -1920 -224 ) 
4 417 437 (-1280 -1920 -128 ) (-1408 -1920 -128 ) (-1408 -1920 -352 ) (-1280 -1920 -352 ) 
4 417 436 (-1056 -1920 -352 ) (-1056 -1920 -128 ) (-1280 -1920 -128 ) (-1280 -1920 -352 ) 
4 418 419 (-1728 -1360 -160 ) (-1728 -1280 -160 ) (-1440 -1280 -160 ) (-1440 -1360 -160 ) 
4 419 428 (-1728 -1280 -320 ) (-1536 -1280 -320 ) (-1536 -1392 -320 ) (-1728 -1392 -320 ) 
4 419 424 (-1440 -1360 -320 ) (-1440 -1392 -320 ) (-1536 -1392 -320 ) (-1536 -1360 -320 ) 
4 419 423 (-1536 -1280 -320 ) (-1440 -1280 -320 ) (-1440 -1360 -320 ) (-1536 -1360 -320 ) 
4 419 420 (-1440 -1392 -320 ) (-1440 -1392 -160 ) (-1728 -1392 -160 ) (-1728 -1392 -320 ) 
4 420 428 (-1536 -1808 -320 ) (-1728 -1808 -320 ) (-1728 -1392 -320 ) (-1536 -1392 -320 ) 
4 420 426 (-1440 -1792 -320 ) (-1440 -1808 -320 ) (-1536 -1808 -320 ) (-1536 -1792 -320 ) 
4 420 425 (-1488 -1792 -320 ) (-1536 -1792 -320 ) (-1536 -1408 -320 ) (-1488 -1408 -320 ) 
4 420 424 (-1440 -1392 -320 ) (-1440 -1408 -320 ) (-1536 -1408 -320 ) (-1536 -1392 -320 ) 
4 420 422 (-1728 -1808 -160 ) (-1728 -1808 -320 ) (-1440 -1808 -320 ) (-1440 -1808 -160 ) 
4 421 447 (-1440 -1920 -160 ) (-1440 -1920 -128 ) (-1728 -1920 -128 ) (-1728 -1920 -160 ) 
4 421 422 (-1440 -1920 -160 ) (-1728 -1920 -160 ) (-1728 -1840 -160 ) (-1440 -1840 -160 ) 
4 422 447 (-1440 -1920 -320 ) (-1440 -1920 -160 ) (-1728 -1920 -160 ) (-1728 -1920 -320 ) 
4 422 428 (-1536 -1920 -320 ) (-1728 -1920 -320 ) (-1728 -1808 -320 ) (-1536 -1808 -320 ) 
4 422 427 (-1440 -1840 -320 ) (-1440 -1920 -320 ) (-1536 -1920 -320 ) (-1536 -1840 -320 ) 
4 422 426 (-1440 -1808 -320 ) (-1440 -1840 -320 ) (-1536 -1840 -320 ) (-1536 -1808 -320 ) 
4 423 428 (-1536 -1360 -352 ) (-1536 -1360 -320 ) (-1536 -1280 -320 ) (-1536 -1280 -352 ) 
4 423 424 (-1536 -1360 -320 ) (-1536 -1360 -336 ) (-1440 -1360 -336 ) (-1440 -1360 -320 ) 
4 424 428 (-1536 -1408 -336 ) (-1536 -1408 -320 ) (-1536 -1360 -320 ) (-1536 -1360 -336 ) 
4 424 425 (-1488 -1408 -320 ) (-1536 -1408 -320 ) (-1536 -1408 -336 ) (-1488 -1408 -336 ) 
4 425 428 (-1536 -1792 -336 ) (-1536 -1792 -320 ) (-1536 -1408 -320 ) (-1536 -1408 -336 ) 
4 425 426 (-1536 -1792 -320 ) (-1536 -1792 -336 ) (-1488 -1792 -336 ) (-1488 -1792 -320 ) 
4 426 428 (-1536 -1840 -336 ) (-1536 -1840 -320 ) (-1536 -1792 -320 ) (-1536 -1792 -336 ) 
4 426 427 (-1440 -1840 -336 ) (-1440 -1840 -320 ) (-1536 -1840 -320 ) (-1536 -1840 -336 ) 
4 427 447 (-1440 -1920 -352 ) (-1440 -1920 -320 ) (-1536 -1920 -320 ) (-1536 -1920 -352 ) 
4 427 428 (-1536 -1920 -352 ) (-1536 -1920 -320 ) (-1536 -1840 -320 ) (-1536 -1840 -352 ) 
4 428 447 (-1536 -1920 -352 ) (-1536 -1920 -320 ) (-1728 -1920 -320 ) (-1728 -1920 -352 ) 
4 430 441 (-1248 -2240 -64 ) (-1088 -2240 -64 ) (-1088 -2240 64 ) (-1248 -2240 64 ) 
4 430 431 (-1280 -2112 96 ) (-1280 -1984 96 ) (-1280 -1984 -64 ) (-1280 -2112 -64 ) 
4 431 444 (-1408 -2112 -64 ) (-1408 -2112 96 ) (-1408 -1984 96 ) (-1408 -1984 -64 ) 
4 431 437 (-1408 -2112 -128 ) (-1408 -1984 -128 ) (-1280 -1984 -128 ) (-1280 -2112 -128 ) 
4 432 435 (-1024 -2112 -224 ) (-960 -2112 -224 ) (-960 -2112 -128 ) (-1024 -2112 -128 ) 
4 432 433 (-1024 -1920 -224 ) (-960 -1920 -224 ) (-960 -1984 -224 ) (-1024 -1984 -224 ) 
4 432 434 (-960 -1984 -224 ) (-960 -2112 -224 ) (-1024 -2112 -224 ) (-1024 -1984 -224 ) 
4 433 434 (-960 -1984 -352 ) (-960 -1984 -224 ) (-1024 -1984 -224 ) (-1024 -1984 -352 ) 
4 434 436 (-1056 -1984 -352 ) (-1056 -2112 -352 ) (-1056 -2112 -224 ) (-1056 -1984 -224 ) 
4 434 435 (-1024 -2112 -352 ) (-960 -2112 -352 ) (-960 -2112 -224 ) (-1024 -2112 -224 ) 
4 436 439 (-1056 -2112 -352 ) (-1056 -2112 -128 ) (-1280 -2112 -128 ) (-1280 -2112 -352 ) 
4 436 437 (-1280 -2112 -352 ) (-1280 -2112 -128 ) (-1280 -1920 -128 ) (-1280 -1920 -352 ) 
4 437 439 (-1408 -2112 -128 ) (-1408 -2112 -352 ) (-1280 -2112 -352 ) (-1280 -2112 -128 ) 
4 437 438 (-1280 -1984 -352 ) (-1280 -2112 -352 ) (-1408 -2112 -352 ) (-1408 -1984 -352 ) 
4 440 442 (-1248 -2368 192 ) (-1248 -2368 64 ) (-1088 -2368 64 ) (-1088 -2368 192 ) 
4 440 441 (-1248 -2368 64 ) (-1248 -2272 64 ) (-1088 -2272 64 ) (-1088 -2368 64 ) 
4 441 442 (-1088 -2368 -64 ) (-1088 -2368 64 ) (-1248 -2368 64 ) (-1248 -2368 -64 ) 
4 443 445 (-1632 -2176 96 ) (-1632 -2176 128 ) (-1632 -1984 128 ) (-1632 -1984 96 ) 
4 443 444 (-1440 -2176 96 ) (-1632 -2176 96 ) (-1632 -1920 96 ) (-1440 -1920 96 ) 
4 444 446 (-1440 -2176 96 ) (-1632 -2176 96 ) (-1632 -2176 -64 ) (-1440 -2176 -64 ) 
4 444 445 (-1632 -2176 -64 ) (-1632 -2176 96 ) (-1632 -1984 96 ) (-1632 -1984 -64 ) 
0 -1
1 -1
2 -1
3 -1
4 -1
5 -1
6 -1
7 -1
8 -1
9 -1
10 -1
11 -1
12 -1
13 -1
14 -1
15 -1
16 -1
17 -1
18 -1
19 -1
20 -1
21 -1
22 -1
23 -1
24 -1
25 -1
26 -1
27 -1
28 -1
29 -1
30 -1
31 -1
32 -1
33 -1
34 -1
35 -1
36 -1
37 -1
38 -1
39 -1
40 -1
41 -1
42 -1
43 -1
44 -1
45 46 47 48 49 50 51 52 53 54 55 -1
56 -1
57 -1
58 -1
59 -1
60 61 62 63 64 65 66 67 68 69 70 -1
71 -1
72 -1
73 -1
74 -1
75 -1
76 -1
77 -1
78 -1
79 -1
80 -1
81 -1
82 -1
83 84 85 86 87 -1
88 89 90 91 92 93 94 95 96 -1
97 98 99 100 -1
101 -1
102 -1
103 -1
104 -1
105 -1
106 -1
107 -1
108 109 110 111 -1
112 113 114 115 116 -1
117 -1
118 119 120 121 -1
122 -1
123 -1
124 -1
125 -1
126 -1
127 -1
128 -1
129 -1
130 -1
131 -1
132 -1
133 -1
134 -1
135 -1
136 -1
137 -1
138 -1
139 -1
140 -1
141 -1
142 -1
143 144 145 146 147 148 149 150 -1
151 -1
152 -1
153 -1
154 -1
155 -1
156 -1
157 -1
158 -1
159 -1
160 -1
161 -1
162 -1
163 -1
164 -1
165 -1
166 -1
167 -1
168 -1
169 -1
170 -1
171 -1
172 -1
173 -1
174 -1
175 -1
176 -1
177 -1
178 -1
179 -1
180 -1
181 -1
182 183 184 -1
185 -1
186 -1
187 -1
188 189 190 191 192 193 194 195 -1
196 -1
197 -1
198 -1
199 -1
200 -1
201 -1
202 -1
203 -1
204 -1
205 -1
206 -1
207 -1
208 -1
209 -1
210 -1
211 -1
212 -1
213 214 215 216 217 218 -1
219 -1
220 -1
221 -1
222 -1
223 -1
224 -1
225 -1
226 -1
227 -1
228 -1
229 -1
230 -1
231 -1
232 -1
233 -1
234 -1
235 -1
236 -1
237 -1
238 -1
239 -1
240 -1
241 -1
242 -1
243 -1
244 -1
245 -1
246 -1
247 248 249 250 -1
251 -1
252 -1
253 -1
254 -1
255 -1
256 -1
257 258 259 260 261 262 263 -1
264 -1
265 -1
266 -1
267 -1
268 -1
269 -1
270 -1
271 272 273 274 -1
275 276 277 278 -1
279 -1
280 -1
281 -1
282 -1
283 -1
284 285 286 287 -1
288 289 290 291 -1
292 -1
293 -1
294 -1
295 296 -1
297 -1
298 299 300 301 -1
302 -1
303 -1
304 -1
305 306 307 308 309 -1
310 -1
311 -1
312 -1
313 -1
314 -1
315 -1
316 -1
317 318 319 320 -1
321 -1
322 -1
323 -1
324 -1
325 -1
326 -1
327 -1
328 -1
329 -1
330 331 332 333 334 335 336 337 -1
338 -1
339 340 341 342 343 -1
344 -1
345 -1
346 -1
347 -1
348 -1
349 -1
350 -1
351 -1
352 -1
353 -1
354 -1
355 -1
356 -1
357 -1
358 -1
359 -1
360 -1
361 -1
362 -1
363 -1
364 -1
365 -1
366 -1
367 -1
368 -1
369 -1
370 -1
371 -1
372 -1
373 -1
374 -1
375 376 377 378 379 380 381 382 -1
383 -1
384 -1
385 -1
386 387 388 389 390 -1
391 -1
392 393 394 395 396 -1
397 -1
398 399 400 401 402 -1
403 -1
404 405 406 407 408 -1
409 410 411 412 413 -1
414 -1
415 416 417 418 419 -1
420 421 422 423 424 -1
425 -1
426 -1
427 -1
428 -1
429 -1
430 -1
431 -1
432 433 434 435 436 -1
437 -1
438 -1
439 -1
440 -1
441 -1
442 -1
443 -1
444 -1
445 -1
446 -1
447 -1
448 -1
449 -1
450 -1
451 -1
452 453 454 455 -1
456 457 458 459 -1
460 -1
461 -1
462 -1
463 -1
464 -1
465 -1
466 -1
467 -1
468 -1
469 -1
470 -1
471 -1
472 -1
473 -1
474 475 476 477 478 -1
479 -1
480 -1
481 -1
482 -1
483 -1
484 -1
485 -1
486 -1
487 -1
488 -1
489 -1
490 -1
491 -1
492 -1
493 -1
494 -1
495 -1
496 -1
497 -1
498 -1
499 -1
500 501 502 503 504 505 506 507 508 509 -1
510 -1
511 -1
512 -1
513 -1
514 -1
515 516 517 518 -1
519 -1
520 -1
521 -1
522 -1
523 -1
524 -1
525 -1
526 -1
527 -1
528 -1
529 -1
530 -1
531 -1
532 533 534 535 536 -1
537 -1
538 -1
539 540 541 542 543 -1
544 -1
545 -1
546 -1
547 -1
548 -1
549 -1
550 -1
551 -1
552 -1
553 -1
554 -1
555 -1
556 -1
557 -1
558 -1
559 -1
560 -1
561 -1
562 -1
563 -1
564 -1
565 -1
566 -1
567 568 569 570 571 572 573 574 -1
575 -1
576 -1
577 -1
578 -1
579 -1
580 -1
581 -1
582 -1
583 584 585 586 587 588 -1
589 590 591 592 593 594 -1
595 -1
596 -1
597 -1
598 -1
599 -1
600 -1
601 -1
602 -1
603 -1
604 -1
605 -1
606 -1
607 -1
608 -1
609 -1
610 -1
611 -1
612 -1
613 -1
614 615 616 617 618 -1
619 -1
620 -1
621 622 623 624 625 -1
626 -1
627 -1
628 -1
629 -1
630 -1
631 -1
632 -1
633 -1
634 -1
635 -1
636 -1
637 -1
638 -1
639 -1
640 -1
641 -1
642 -1
643 644 645 646 647 648 -1
649 -1
650 651 652 653 654 655 -1
656 -1
657 -1
658 -1
659 -1
660 -1
