PRT2
40
20
48
4 0 4 (-160 -320 416 ) (-224 -320 416 ) (-224 384 416 ) (-160 384 416 ) 
4 0 2 (224 384 416 ) (224 -320 416 ) (160 -320 416 ) (160 384 416 ) 
4 0 5 (224 -320 416 ) (224 -384 416 ) (-224 -384 416 ) (-224 -320 416 ) 
4 0 1 (-224 448 416 ) (224 448 416 ) (224 384 416 ) (-224 384 416 ) 
4 1 4 (-160 384 416 ) (-224 384 416 ) (-224 384 224 ) (-160 384 224 ) 
4 1 2 (224 384 416 ) (160 384 416 ) (160 384 224 ) (224 384 224 ) 
4 2 5 (160 -320 224 ) (224 -320 224 ) (224 -320 416 ) (160 -320 416 ) 
4 3 17 (160 -320 224 ) (-160 -320 224 ) (-160 288 224 ) (160 288 224 ) 
4 3 16 (-160 288 224 ) (-160 384 224 ) (-32 384 224 ) (-32 288 224 ) 
4 3 8 (-32 384 224 ) (160 384 224 ) (160 288 224 ) (-32 288 224 ) 
4 4 5 (-224 -320 416 ) (-224 -320 224 ) (-160 -320 224 ) (-160 -320 416 ) 
4 6 16 (-32 384 192 ) (-160 384 192 ) (-160 384 64 ) (-32 384 64 ) 
4 6 13 (-32 384 112 ) (-32 384 64 ) (32 384 64 ) (32 384 112 ) 
4 6 12 (32 384 128 ) (-32 384 128 ) (-32 384 112 ) (32 384 112 ) 
4 6 11 (160 384 64 ) (160 384 112 ) (32 384 112 ) (32 384 64 ) 
4 6 9 (160 384 112 ) (160 384 128 ) (32 384 128 ) (32 384 112 ) 
4 6 8 (160 384 128 ) (160 384 192 ) (-32 384 192 ) (-32 384 128 ) 
4 7 17 (160 -320 64 ) (160 -320 192 ) (160 288 192 ) (160 288 64 ) 
4 7 11 (160 384 112 ) (160 384 64 ) (160 288 64 ) (160 288 112 ) 
4 7 10 (160 304 112 ) (160 288 112 ) (160 288 128 ) (160 304 128 ) 
4 7 9 (160 384 128 ) (160 384 112 ) (160 304 112 ) (160 304 128 ) 
4 7 8 (160 288 192 ) (160 384 192 ) (160 384 128 ) (160 288 128 ) 
4 8 17 (160 288 128 ) (160 288 224 ) (-32 288 224 ) (-32 288 128 ) 
4 8 16 (-32 288 128 ) (-32 288 224 ) (-32 384 224 ) (-32 384 128 ) 
4 8 12 (-32 304 128 ) (-32 384 128 ) (32 384 128 ) (32 304 128 ) 
4 8 10 (160 288 128 ) (48 288 128 ) (48 304 128 ) (160 304 128 ) 
4 8 9 (32 304 128 ) (32 384 128 ) (160 384 128 ) (160 304 128 ) 
4 9 12 (32 384 128 ) (32 384 112 ) (32 304 112 ) (32 304 128 ) 
4 9 11 (32 304 112 ) (32 384 112 ) (160 384 112 ) (160 304 112 ) 
4 9 10 (48 304 112 ) (160 304 112 ) (160 304 128 ) (48 304 128 ) 
4 10 17 (160 288 112 ) (160 288 128 ) (48 288 128 ) (48 288 112 ) 
4 10 11 (160 288 112 ) (48 288 112 ) (48 304 112 ) (160 304 112 ) 
4 11 17 (160 288 32 ) (160 288 112 ) (32 288 112 ) (32 288 32 ) 
4 11 15 (32 292 32 ) (32 288 32 ) (32 288 112 ) (32 292 112 ) 
4 11 14 (32 300 32 ) (32 292 32 ) (32 292 112 ) (32 300 112 ) 
4 11 13 (32 384 112 ) (32 384 32 ) (32 300 32 ) (32 300 112 ) 
4 12 16 (-32 304 128 ) (-32 384 128 ) (-32 384 112 ) (-32 304 112 ) 
4 12 13 (-32 384 112 ) (32 384 112 ) (32 304 112 ) (-32 304 112 ) 
4 13 16 (-32 300 32 ) (-32 300 112 ) (-32 384 112 ) (-32 384 32 ) 
4 13 14 (32 300 112 ) (-32 300 112 ) (-32 300 32 ) (32 300 32 ) 
4 14 16 (-32 292 112 ) (-32 300 112 ) (-32 300 32 ) (-32 292 32 ) 
4 14 15 (32 292 32 ) (32 292 112 ) (-32 292 112 ) (-32 292 32 ) 
4 15 17 (32 288 32 ) (32 288 112 ) (-32 288 112 ) (-32 288 32 ) 
4 15 16 (-32 288 32 ) (-32 288 112 ) (-32 292 112 ) (-32 292 32 ) 
4 16 18 (-160 384 192 ) (-160 384 64 ) (-160 288 64 ) (-160 288 192 ) 
4 16 17 (-160 288 224 ) (-160 288 32 ) (-32 288 32 ) (-32 288 224 ) 
4 17 19 (-160 -320 192 ) (-160 -320 64 ) (160 -320 64 ) (160 -320 192 ) 
4 17 18 (-160 -320 64 ) (-160 -320 192 ) (-160 288 192 ) (-160 288 64 ) 
0 -1
1 -1
2 -1
3 -1
4 -1
5 -1
6 -1
7 -1
8 -1
9 -1
10 -1
11 12 -1
13 -1
14 -1
15 -1
16 -1
17 18 19 -1
20 21 22 23 24 25 26 27 28 29 30 31 32 -1
33 -1
34 35 36 37 38 39 -1
