PRT1
17
38
4 0 4 (22 2 28 ) (22 -24 28 ) (2 -24 28 ) (2 2 28 ) 
4 0 2 (2 48 28 ) (22 48 28 ) (22 22 28 ) (2 22 28 ) 
4 0 5 (-24 -24 28 ) (-24 48 28 ) (2 48 28 ) (2 -24 28 ) 
4 0 1 (22 48 28 ) (48 48 28 ) (48 -24 28 ) (22 -24 28 ) 
4 1 6 (48 -24 24 ) (24 -24 24 ) (24 48 24 ) (48 48 24 ) 
4 1 4 (24 0 24 ) (24 -24 24 ) (22 -24 28 ) (22 2 28 ) 
4 1 2 (22 48 28 ) (24 48 24 ) (24 24 24 ) (22 22 28 ) 
4 2 7 (0 24 24 ) (0 48 24 ) (22 48 24 ) (22 24 24 ) 
4 2 6 (22 48 24 ) (24 48 24 ) (24 24 24 ) (22 24 24 ) 
4 2 5 (2 22 28 ) (2 48 28 ) (0 48 24 ) (0 24 24 ) 
4 3 8 (2 22 24 ) (22 22 24 ) (22 2 24 ) (2 2 24 ) 
4 4 10 (22 -24 24 ) (0 -24 24 ) (0 0 24 ) (22 0 24 ) 
4 4 6 (24 -24 24 ) (22 -24 24 ) (22 0 24 ) (24 0 24 ) 
4 4 5 (0 -24 24 ) (2 -24 28 ) (2 2 28 ) (0 0 24 ) 
4 5 9 (-24 2 24 ) (-24 22 24 ) (0 22 24 ) (0 2 24 ) 
4 5 7 (-24 22 24 ) (-24 48 24 ) (0 48 24 ) (0 22 24 ) 
4 5 10 (0 -24 24 ) (-24 -24 24 ) (-24 2 24 ) (0 2 24 ) 
4 6 15 (24 0 4 ) (24 -24 4 ) (22 -24 4 ) (22 0 4 ) 
4 6 12 (22 48 4 ) (24 48 4 ) (24 24 4 ) (22 24 4 ) 
4 6 11 (24 48 4 ) (48 48 4 ) (48 -24 4 ) (24 -24 4 ) 
4 6 7 (22 48 24 ) (22 48 4 ) (22 22 4 ) (22 22 24 ) 
4 6 10 (22 2 4 ) (22 -24 4 ) (22 -24 24 ) (22 2 24 ) 
4 7 12 (0 48 4 ) (22 48 4 ) (22 24 4 ) (0 24 4 ) 
4 7 16 (-24 22 4 ) (-24 48 4 ) (0 48 4 ) (0 22 4 ) 
4 7 9 (-24 22 24 ) (-24 22 4 ) (2 22 4 ) (2 22 24 ) 
4 8 13 (2 22 4 ) (22 22 4 ) (22 2 4 ) (2 2 4 ) 
4 9 16 (-24 2 4 ) (-24 22 4 ) (0 22 4 ) (0 2 4 ) 
4 9 10 (-24 2 4 ) (2 2 4 ) (2 2 24 ) (-24 2 24 ) 
4 10 15 (22 0 4 ) (22 -24 4 ) (0 -24 4 ) (0 0 4 ) 
4 10 16 (-24 -24 4 ) (-24 2 4 ) (0 2 4 ) (0 -24 4 ) 
4 11 14 (24 24 -24 ) (24 0 -24 ) (24 0 0 ) (24 24 0 ) 
4 11 15 (24 0 -24 ) (24 -24 -24 ) (24 -24 4 ) (24 0 4 ) 
4 11 12 (24 48 -24 ) (24 24 -24 ) (24 24 4 ) (24 48 4 ) 
4 12 14 (0 24 -24 ) (24 24 -24 ) (24 24 0 ) (0 24 0 ) 
4 12 16 (0 48 4 ) (0 48 -24 ) (0 24 -24 ) (0 24 4 ) 
4 14 15 (0 0 0 ) (0 0 -24 ) (24 0 -24 ) (24 0 0 ) 
4 14 16 (0 24 -24 ) (0 0 -24 ) (0 0 0 ) (0 24 0 ) 
4 15 16 (0 0 -24 ) (0 -24 -24 ) (0 -24 4 ) (0 0 4 ) 
