PRT1
35
85
4 0 14 (30 32 0 ) (30 32 4 ) (30 56 4 ) (30 56 0 ) 
4 0 16 (30 56 -24 ) (30 32 -24 ) (30 32 0 ) (30 56 0 ) 
4 0 10 (30 32 24 ) (30 32 52 ) (30 56 52 ) (30 56 24 ) 
4 0 13 (30 32 4 ) (30 32 24 ) (30 56 24 ) (30 56 4 ) 
4 0 6 (32 32 0 ) (56 32 0 ) (56 32 4 ) (32 32 4 ) 
4 0 8 (30 32 0 ) (30 32 -24 ) (56 32 -24 ) (56 32 0 ) 
4 0 1 (30 32 52 ) (30 32 24 ) (56 32 24 ) (56 32 52 ) 
4 0 5 (30 32 24 ) (30 32 4 ) (56 32 4 ) (56 32 24 ) 
3 1 18 (30 18 52 ) (30 30 52 ) (30 30 28 ) 
4 1 10 (30 30 52 ) (30 32 52 ) (30 32 24 ) (30 30 28 ) 
5 1 2 (56 32 24 ) (56 18 52 ) (30 18 52 ) (30 30 28 ) (32 32 24 ) 
4 2 18 (30 2 28 ) (30 14 52 ) (30 18 52 ) (30 30 28 ) 
5 2 4 (30 14 52 ) (30 2 28 ) (32 0 24 ) (56 0 24 ) (56 14 52 ) 
4 2 5 (32 32 24 ) (56 32 24 ) (56 0 24 ) (32 0 24 ) 
3 3 27 (30 0 24 ) (30 2 28 ) (30 2 24 ) 
4 3 19 (30 2 28 ) (30 30 28 ) (30 30 24 ) (30 2 24 ) 
3 3 11 (30 30 28 ) (30 32 24 ) (30 30 24 ) 
4 4 28 (30 0 24 ) (30 0 52 ) (30 2 52 ) (30 2 28 ) 
3 4 18 (30 2 52 ) (30 14 52 ) (30 2 28 ) 
4 4 9 (56 0 24 ) (56 0 52 ) (30 0 52 ) (30 0 24 ) 
4 5 30 (30 0 4 ) (30 0 24 ) (30 2 24 ) (30 2 4 ) 
4 5 13 (30 30 24 ) (30 32 24 ) (30 32 4 ) (30 30 4 ) 
4 5 6 (56 0 4 ) (32 0 4 ) (32 32 4 ) (56 32 4 ) 
4 5 9 (56 0 4 ) (56 0 24 ) (30 0 24 ) (30 0 4 ) 
4 6 8 (32 32 0 ) (56 32 0 ) (56 0 0 ) (32 0 0 ) 
4 6 9 (56 0 0 ) (56 0 4 ) (32 0 4 ) (32 0 0 ) 
4 7 31 (30 0 0 ) (30 0 4 ) (30 2 4 ) (30 2 0 ) 
4 7 19 (30 2 4 ) (30 30 4 ) (30 30 0 ) (30 2 0 ) 
4 7 15 (30 30 4 ) (30 32 4 ) (30 32 0 ) (30 30 0 ) 
4 8 33 (30 2 -24 ) (30 0 -24 ) (30 0 0 ) (30 2 0 ) 
4 8 20 (30 30 -24 ) (30 2 -24 ) (30 2 0 ) (30 30 0 ) 
4 8 16 (30 32 -24 ) (30 30 -24 ) (30 30 0 ) (30 32 0 ) 
4 8 9 (30 0 -24 ) (56 0 -24 ) (56 0 0 ) (30 0 0 ) 
4 9 32 (30 -24 0 ) (30 -24 4 ) (30 0 4 ) (30 0 0 ) 
4 9 33 (30 0 -24 ) (30 -24 -24 ) (30 -24 0 ) (30 0 0 ) 
4 9 30 (30 -24 4 ) (30 -24 24 ) (30 0 24 ) (30 0 4 ) 
4 9 28 (30 -24 24 ) (30 -24 52 ) (30 0 52 ) (30 0 24 ) 
4 10 18 (30 30 28 ) (30 30 52 ) (14 30 52 ) (2 30 28 ) 
5 10 12 (2 30 28 ) (14 30 52 ) (14 56 52 ) (0 56 24 ) (0 32 24 ) 
4 10 13 (0 32 24 ) (0 56 24 ) (30 56 24 ) (30 32 24 ) 
3 11 21 (2 30 28 ) (0 30 24 ) (2 30 24 ) 
4 11 19 (30 30 24 ) (30 30 28 ) (2 30 28 ) (2 30 24 ) 
5 12 22 (2 30 52 ) (-24 30 52 ) (-24 30 24 ) (0 30 24 ) (2 30 28 ) 
3 12 18 (14 30 52 ) (2 30 52 ) (2 30 28 ) 
4 12 13 (0 30 24 ) (-24 30 24 ) (-24 56 24 ) (0 56 24 ) 
4 13 23 (2 30 24 ) (-24 30 24 ) (-24 30 4 ) (2 30 4 ) 
4 13 14 (0 56 4 ) (30 56 4 ) (30 32 4 ) (0 32 4 ) 
4 13 17 (-24 30 4 ) (-24 56 4 ) (0 56 4 ) (0 30 4 ) 
4 14 16 (0 56 0 ) (30 56 0 ) (30 32 0 ) (0 32 0 ) 
4 14 17 (0 32 4 ) (0 56 4 ) (0 56 0 ) (0 32 0 ) 
4 15 24 (2 30 4 ) (0 30 4 ) (0 30 0 ) (2 30 0 ) 
4 15 19 (30 30 0 ) (30 30 4 ) (2 30 4 ) (2 30 0 ) 
4 16 26 (0 30 -24 ) (2 30 -24 ) (2 30 0 ) (0 30 0 ) 
4 16 20 (2 30 -24 ) (30 30 -24 ) (30 30 0 ) (2 30 0 ) 
4 16 17 (0 56 -24 ) (0 30 -24 ) (0 30 0 ) (0 56 0 ) 
4 17 25 (0 30 0 ) (0 30 4 ) (-24 30 4 ) (-24 30 0 ) 
4 17 26 (-24 30 -24 ) (0 30 -24 ) (0 30 0 ) (-24 30 0 ) 
4 18 28 (30 2 28 ) (30 2 52 ) (14 2 52 ) (2 2 28 ) 
3 18 29 (14 2 52 ) (2 2 52 ) (2 2 28 ) 
4 18 22 (2 30 52 ) (2 30 28 ) (2 2 28 ) (2 2 52 ) 
4 19 31 (30 2 0 ) (30 2 4 ) (2 2 4 ) (2 2 0 ) 
4 19 27 (30 2 24 ) (30 2 28 ) (2 2 28 ) (2 2 24 ) 
4 19 24 (2 30 4 ) (2 30 0 ) (2 2 0 ) (2 2 4 ) 
4 19 21 (2 30 28 ) (2 30 24 ) (2 2 24 ) (2 2 28 ) 
4 20 33 (2 2 -24 ) (30 2 -24 ) (30 2 0 ) (2 2 0 ) 
4 20 26 (2 30 0 ) (2 30 -24 ) (2 2 -24 ) (2 2 0 ) 
3 21 27 (0 2 24 ) (2 2 24 ) (2 2 28 ) 
5 22 29 (-24 2 52 ) (-24 2 24 ) (0 2 24 ) (2 2 28 ) (2 2 52 ) 
4 22 23 (-24 2 24 ) (-24 30 24 ) (0 30 24 ) (0 2 24 ) 
4 23 30 (0 2 4 ) (2 2 4 ) (2 2 24 ) (0 2 24 ) 
4 23 34 (-24 2 24 ) (-24 2 4 ) (0 2 4 ) (0 2 24 ) 
4 23 25 (0 2 4 ) (-24 2 4 ) (-24 30 4 ) (0 30 4 ) 
4 24 31 (0 2 0 ) (2 2 0 ) (2 2 4 ) (0 2 4 ) 
4 25 34 (-24 2 4 ) (-24 2 0 ) (0 2 0 ) (0 2 4 ) 
4 25 26 (-24 2 0 ) (-24 30 0 ) (0 30 0 ) (0 2 0 ) 
4 26 33 (0 2 -24 ) (2 2 -24 ) (2 2 0 ) (0 2 0 ) 
4 26 34 (-24 2 0 ) (-24 2 -24 ) (0 2 -24 ) (0 2 0 ) 
4 28 30 (30 -24 24 ) (0 -24 24 ) (0 0 24 ) (30 0 24 ) 
5 28 29 (0 -24 24 ) (14 -24 52 ) (14 2 52 ) (2 2 28 ) (0 0 24 ) 
4 29 34 (0 -24 24 ) (-24 -24 24 ) (-24 2 24 ) (0 2 24 ) 
4 30 32 (30 -24 4 ) (0 -24 4 ) (0 0 4 ) (30 0 4 ) 
4 30 34 (0 -24 4 ) (0 -24 24 ) (0 2 24 ) (0 2 4 ) 
4 32 33 (0 -24 0 ) (0 0 0 ) (30 0 0 ) (30 -24 0 ) 
4 32 34 (0 -24 0 ) (0 -24 4 ) (0 0 4 ) (0 0 0 ) 
4 33 34 (0 2 -24 ) (0 -24 -24 ) (0 -24 0 ) (0 2 0 ) 
