PRT1
61
133
4 0 9 (32 20 14 ) (56 20 14 ) (56 20 40 ) (32 20 40 ) 
4 0 6 (56 32 14 ) (56 20 14 ) (32 20 14 ) (32 32 14 ) 
4 0 5 (32 56 14 ) (56 56 14 ) (56 32 14 ) (32 32 14 ) 
4 0 2 (32 20 16 ) (32 20 40 ) (32 32 40 ) (32 32 16 ) 
4 0 1 (32 32 40 ) (32 56 40 ) (32 56 14 ) (32 32 14 ) 
4 1 24 (20 32 40 ) (20 56 40 ) (20 56 14 ) (20 32 14 ) 
4 1 5 (20 32 14 ) (20 56 14 ) (32 56 14 ) (32 32 14 ) 
4 1 2 (32 32 16 ) (32 32 40 ) (20 32 40 ) (20 32 16 ) 
4 2 28 (20 20 16 ) (20 20 40 ) (20 30 40 ) (20 30 16 ) 
4 2 25 (20 30 40 ) (20 32 40 ) (20 32 16 ) (20 30 16 ) 
4 2 9 (20 20 40 ) (20 20 16 ) (32 20 16 ) (32 20 40 ) 
3 2 4 (26 20 16 ) (20 20 16 ) (20 26 16 ) 
5 3 7 (20 26 14 ) (20 32 14 ) (32 32 14 ) (32 20 14 ) (26 20 14 ) 
4 4 28 (20 20 14 ) (20 20 16 ) (20 26 16 ) (20 26 14 ) 
4 4 9 (20 20 16 ) (20 20 14 ) (26 20 14 ) (26 20 16 ) 
4 5 24 (20 32 14 ) (20 56 14 ) (20 56 0 ) (20 32 0 ) 
4 5 6 (32 32 0 ) (56 32 0 ) (56 32 14 ) (32 32 14 ) 
4 5 8 (20 32 0 ) (20 56 0 ) (56 56 0 ) (56 32 0 ) 
4 6 10 (32 20 0 ) (56 20 0 ) (56 20 14 ) (32 20 14 ) 
4 6 8 (56 20 0 ) (32 20 0 ) (32 32 0 ) (56 32 0 ) 
4 7 29 (20 20 0 ) (20 20 14 ) (20 30 14 ) (20 30 0 ) 
4 7 26 (20 32 4 ) (20 32 0 ) (20 30 0 ) (20 30 6 ) 
4 7 12 (30 20 0 ) (32 20 0 ) (32 20 4 ) (30 20 6 ) 
4 7 13 (20 20 14 ) (20 20 0 ) (30 20 0 ) (30 20 14 ) 
4 8 30 (20 30 -24 ) (20 20 -24 ) (20 20 0 ) (20 30 0 ) 
4 8 27 (20 56 -24 ) (20 30 -24 ) (20 30 0 ) (20 56 0 ) 
4 8 14 (20 20 0 ) (20 20 -24 ) (56 20 -24 ) (56 20 0 ) 
4 9 28 (20 12 14 ) (20 12 40 ) (20 20 40 ) (20 20 14 ) 
4 9 18 (20 12 16 ) (20 12 14 ) (26 12 14 ) (26 12 16 ) 
4 9 16 (32 12 40 ) (20 12 40 ) (20 12 16 ) (32 12 16 ) 
4 9 15 (56 12 14 ) (56 12 40 ) (32 12 40 ) (32 12 14 ) 
4 9 11 (32 12 14 ) (30 12 14 ) (30 20 14 ) (32 20 14 ) 
4 9 10 (56 12 14 ) (32 12 14 ) (32 20 14 ) (56 20 14 ) 
4 10 20 (56 12 0 ) (56 12 14 ) (32 12 14 ) (32 12 0 ) 
4 10 11 (32 20 14 ) (32 20 4 ) (32 12 4 ) (32 12 14 ) 
4 10 14 (32 20 0 ) (56 20 0 ) (56 12 0 ) (32 12 0 ) 
4 12 21 (30 12 6 ) (30 12 0 ) (32 12 0 ) (32 12 4 ) 
4 12 13 (30 12 0 ) (30 12 6 ) (30 20 6 ) (30 20 0 ) 
4 13 29 (20 12 0 ) (20 12 14 ) (20 20 14 ) (20 20 0 ) 
4 13 21 (30 12 14 ) (20 12 14 ) (20 12 0 ) (30 12 0 ) 
4 14 30 (20 20 -24 ) (20 12 -24 ) (20 12 0 ) (20 20 0 ) 
4 14 23 (20 12 -24 ) (56 12 -24 ) (56 12 0 ) (20 12 0 ) 
4 15 20 (32 0 14 ) (32 12 14 ) (56 12 14 ) (56 0 14 ) 
4 15 22 (56 -24 14 ) (32 -24 14 ) (32 0 14 ) (56 0 14 ) 
4 15 16 (32 0 40 ) (32 12 40 ) (32 12 16 ) (32 0 16 ) 
4 15 19 (32 -24 14 ) (32 -24 40 ) (32 0 40 ) (32 0 14 ) 
4 16 46 (20 0 40 ) (20 12 40 ) (20 12 16 ) (20 0 16 ) 
3 16 18 (20 6 16 ) (20 12 16 ) (26 12 16 ) 
4 16 19 (20 0 40 ) (20 0 16 ) (32 0 16 ) (32 0 40 ) 
5 17 21 (20 0 14 ) (20 6 14 ) (26 12 14 ) (32 12 14 ) (32 0 14 ) 
4 18 46 (20 12 16 ) (20 12 14 ) (20 6 14 ) (20 6 16 ) 
4 19 46 (20 -24 14 ) (20 -24 40 ) (20 0 40 ) (20 0 14 ) 
4 19 22 (32 -24 14 ) (20 -24 14 ) (20 0 14 ) (32 0 14 ) 
4 20 22 (32 0 0 ) (56 0 0 ) (56 0 14 ) (32 0 14 ) 
4 20 23 (56 12 0 ) (56 0 0 ) (32 0 0 ) (32 12 0 ) 
4 21 48 (20 2 6 ) (20 2 0 ) (20 0 0 ) (20 0 4 ) 
4 21 47 (20 2 14 ) (20 12 14 ) (20 12 0 ) (20 2 0 ) 
4 22 50 (20 -24 0 ) (20 -24 14 ) (20 0 14 ) (20 0 0 ) 
4 22 23 (56 0 0 ) (56 -24 0 ) (20 -24 0 ) (20 0 0 ) 
4 23 51 (20 12 -24 ) (20 -24 -24 ) (20 -24 0 ) (20 12 0 ) 
4 24 36 (12 56 14 ) (12 56 0 ) (12 32 0 ) (12 32 14 ) 
4 24 31 (12 32 40 ) (12 56 40 ) (12 56 14 ) (12 32 14 ) 
4 24 25 (20 32 4 ) (20 32 40 ) (12 32 40 ) (12 32 4 ) 
4 24 27 (12 32 0 ) (12 56 0 ) (20 56 0 ) (20 32 0 ) 
4 25 32 (12 30 16 ) (12 30 40 ) (12 32 40 ) (12 32 16 ) 
4 25 28 (20 30 14 ) (20 30 40 ) (12 30 40 ) (12 30 14 ) 
4 26 37 (12 30 0 ) (12 30 6 ) (12 32 4 ) (12 32 0 ) 
4 26 29 (20 30 0 ) (20 30 6 ) (12 30 6 ) (12 30 0 ) 
4 27 39 (12 56 -24 ) (12 30 -24 ) (12 30 0 ) (12 56 0 ) 
4 27 30 (12 30 -24 ) (20 30 -24 ) (20 30 0 ) (12 30 0 ) 
4 28 46 (20 12 14 ) (20 12 40 ) (12 12 40 ) (12 12 14 ) 
4 28 40 (12 12 14 ) (12 12 40 ) (12 20 40 ) (12 20 14 ) 
4 28 33 (12 26 14 ) (12 20 14 ) (12 20 16 ) (12 26 16 ) 
4 28 32 (12 20 40 ) (12 30 40 ) (12 30 16 ) (12 20 16 ) 
4 29 47 (20 12 0 ) (20 12 14 ) (12 12 14 ) (12 12 0 ) 
4 29 41 (12 12 0 ) (12 12 14 ) (12 20 14 ) (12 20 0 ) 
4 29 37 (12 20 14 ) (12 30 14 ) (12 30 0 ) (12 20 0 ) 
4 30 51 (12 12 -24 ) (20 12 -24 ) (20 12 0 ) (12 12 0 ) 
4 30 45 (12 20 -24 ) (12 12 -24 ) (12 12 0 ) (12 20 0 ) 
4 30 39 (12 30 -24 ) (12 20 -24 ) (12 20 0 ) (12 30 0 ) 
4 31 36 (0 56 14 ) (12 56 14 ) (12 32 14 ) (0 32 14 ) 
4 31 38 (-24 32 14 ) (-24 56 14 ) (0 56 14 ) (0 32 14 ) 
4 31 32 (12 32 16 ) (12 32 40 ) (0 32 40 ) (0 32 16 ) 
4 31 35 (-24 32 40 ) (-24 32 14 ) (0 32 14 ) (0 32 40 ) 
4 32 40 (12 20 16 ) (12 20 40 ) (0 20 40 ) (0 20 16 ) 
3 32 33 (12 20 16 ) (6 20 16 ) (12 26 16 ) 
4 32 35 (0 20 16 ) (0 20 40 ) (0 32 40 ) (0 32 16 ) 
4 33 40 (6 20 14 ) (12 20 14 ) (12 20 16 ) (6 20 16 ) 
5 34 37 (0 32 14 ) (12 32 14 ) (12 26 14 ) (6 20 14 ) (0 20 14 ) 
4 35 40 (-24 20 40 ) (-24 20 14 ) (0 20 14 ) (0 20 40 ) 
4 35 38 (-24 20 14 ) (-24 32 14 ) (0 32 14 ) (0 20 14 ) 
4 36 38 (0 56 14 ) (0 56 0 ) (0 32 0 ) (0 32 14 ) 
4 36 39 (0 32 0 ) (0 56 0 ) (12 56 0 ) (12 32 0 ) 
4 37 42 (0 20 0 ) (2 20 0 ) (2 20 6 ) (0 20 4 ) 
4 37 41 (2 20 0 ) (12 20 0 ) (12 20 14 ) (2 20 14 ) 
4 38 44 (-24 20 14 ) (-24 20 0 ) (0 20 0 ) (0 20 14 ) 
4 38 39 (0 20 0 ) (-24 20 0 ) (-24 56 0 ) (0 56 0 ) 
4 39 45 (-24 20 0 ) (-24 20 -24 ) (12 20 -24 ) (12 20 0 ) 
4 40 53 (6 12 14 ) (12 12 14 ) (12 12 16 ) (6 12 16 ) 
4 40 52 (12 12 16 ) (12 12 40 ) (0 12 40 ) (0 12 16 ) 
4 40 55 (-24 12 40 ) (-24 12 14 ) (0 12 14 ) (0 12 40 ) 
4 40 43 (2 12 14 ) (0 12 14 ) (0 20 14 ) (2 20 14 ) 
4 40 44 (0 12 14 ) (-24 12 14 ) (-24 20 14 ) (0 20 14 ) 
4 41 57 (2 12 0 ) (12 12 0 ) (12 12 14 ) (2 12 14 ) 
4 41 42 (2 12 0 ) (2 12 6 ) (2 20 6 ) (2 20 0 ) 
4 42 57 (0 12 0 ) (2 12 0 ) (2 12 6 ) (0 12 4 ) 
4 43 44 (0 20 14 ) (0 20 4 ) (0 12 4 ) (0 12 14 ) 
4 44 59 (-24 12 14 ) (-24 12 0 ) (0 12 0 ) (0 12 14 ) 
4 44 45 (0 12 0 ) (-24 12 0 ) (-24 20 0 ) (0 20 0 ) 
4 45 60 (-24 12 0 ) (-24 12 -24 ) (12 12 -24 ) (12 12 0 ) 
4 46 53 (12 12 16 ) (12 12 14 ) (12 6 14 ) (12 6 16 ) 
4 46 52 (12 12 40 ) (12 12 16 ) (12 0 16 ) (12 0 40 ) 
4 46 56 (12 0 14 ) (12 -24 14 ) (12 -24 40 ) (12 0 40 ) 
4 46 49 (20 2 14 ) (20 0 14 ) (12 0 14 ) (12 2 14 ) 
4 46 50 (20 0 14 ) (20 -24 14 ) (12 -24 14 ) (12 0 14 ) 
4 47 57 (12 12 14 ) (12 12 0 ) (12 2 0 ) (12 2 14 ) 
4 47 48 (20 2 0 ) (20 2 6 ) (12 2 6 ) (12 2 0 ) 
4 48 57 (12 2 0 ) (12 0 0 ) (12 0 4 ) (12 2 6 ) 
4 49 50 (12 0 14 ) (12 0 4 ) (20 0 4 ) (20 0 14 ) 
4 50 58 (12 0 0 ) (12 -24 0 ) (12 -24 14 ) (12 0 14 ) 
4 50 51 (20 -24 0 ) (12 -24 0 ) (12 0 0 ) (20 0 0 ) 
4 51 60 (12 12 0 ) (12 12 -24 ) (12 -24 -24 ) (12 -24 0 ) 
3 52 53 (6 12 16 ) (12 12 16 ) (12 6 16 ) 
4 52 55 (0 0 16 ) (0 0 40 ) (0 12 40 ) (0 12 16 ) 
4 52 56 (12 0 16 ) (12 0 40 ) (0 0 40 ) (0 0 16 ) 
5 54 57 (0 12 14 ) (6 12 14 ) (12 6 14 ) (12 0 14 ) (0 0 14 ) 
4 55 59 (-24 0 14 ) (-24 12 14 ) (0 12 14 ) (0 0 14 ) 
4 55 56 (0 0 40 ) (-24 0 40 ) (-24 0 14 ) (0 0 14 ) 
4 56 58 (0 0 14 ) (12 0 14 ) (12 -24 14 ) (0 -24 14 ) 
4 56 59 (-24 -24 14 ) (-24 0 14 ) (0 0 14 ) (0 -24 14 ) 
4 58 59 (0 0 0 ) (0 -24 0 ) (0 -24 14 ) (0 0 14 ) 
4 58 60 (12 -24 0 ) (0 -24 0 ) (0 0 0 ) (12 0 0 ) 
4 59 60 (0 -24 0 ) (-24 -24 0 ) (-24 12 0 ) (0 12 0 ) 
