PRT1
56
129
4 0 21 (20 32 0 ) (20 32 34 ) (20 56 34 ) (20 56 0 ) 
4 0 24 (20 56 -24 ) (20 32 -24 ) (20 32 0 ) (20 56 0 ) 
4 0 6 (20 32 -24 ) (32 32 -24 ) (32 32 0 ) (20 32 0 ) 
4 0 2 (32 32 10 ) (32 32 34 ) (20 32 34 ) (20 32 10 ) 
4 0 1 (32 32 -24 ) (56 32 -24 ) (56 32 34 ) (32 32 34 ) 
4 1 7 (56 20 0 ) (56 20 34 ) (32 20 34 ) (32 20 0 ) 
4 1 10 (32 20 -24 ) (56 20 -24 ) (56 20 0 ) (32 20 0 ) 
4 1 6 (32 32 -24 ) (32 20 -24 ) (32 20 0 ) (32 32 0 ) 
4 1 2 (32 20 10 ) (32 20 34 ) (32 32 34 ) (32 32 10 ) 
4 2 25 (20 20 10 ) (20 20 34 ) (20 30 34 ) (20 30 10 ) 
4 2 22 (20 30 34 ) (20 32 34 ) (20 32 10 ) (20 30 10 ) 
4 2 11 (20 20 34 ) (20 20 10 ) (30 20 10 ) (30 20 34 ) 
4 2 8 (30 20 10 ) (32 20 10 ) (32 20 34 ) (30 20 34 ) 
3 2 4 (26 20 10 ) (20 20 10 ) (20 26 10 ) 
5 3 5 (32 20 8 ) (26 20 8 ) (20 26 8 ) (20 32 8 ) (32 32 8 ) 
4 4 25 (20 20 8 ) (20 20 10 ) (20 26 10 ) (20 26 8 ) 
4 4 11 (20 20 10 ) (20 20 8 ) (26 20 8 ) (26 20 10 ) 
4 5 26 (20 20 0 ) (20 20 8 ) (20 30 8 ) (20 30 0 ) 
4 5 23 (20 32 4 ) (20 32 0 ) (20 30 0 ) (20 30 6 ) 
4 5 12 (20 20 8 ) (20 20 0 ) (30 20 0 ) (30 20 8 ) 
4 5 9 (30 20 0 ) (32 20 0 ) (32 20 4 ) (30 20 6 ) 
4 6 27 (20 30 -24 ) (20 20 -24 ) (20 20 0 ) (20 30 0 ) 
4 6 24 (20 32 -24 ) (20 30 -24 ) (20 30 0 ) (20 32 0 ) 
4 6 13 (20 20 0 ) (20 20 -24 ) (30 20 -24 ) (30 20 0 ) 
4 6 10 (30 20 -24 ) (32 20 -24 ) (32 20 0 ) (30 20 0 ) 
4 7 14 (56 12 0 ) (56 12 34 ) (32 12 34 ) (32 12 0 ) 
4 7 8 (32 20 34 ) (32 20 4 ) (32 12 4 ) (32 12 34 ) 
4 7 10 (32 20 0 ) (56 20 0 ) (56 12 0 ) (32 12 0 ) 
4 8 15 (32 12 34 ) (30 12 34 ) (30 12 10 ) (32 12 10 ) 
4 8 11 (30 20 34 ) (30 20 8 ) (30 12 8 ) (30 12 34 ) 
4 9 18 (30 12 6 ) (30 12 0 ) (32 12 0 ) (32 12 4 ) 
4 9 12 (30 20 6 ) (30 20 0 ) (30 12 0 ) (30 12 6 ) 
4 10 19 (30 12 -24 ) (32 12 -24 ) (32 12 0 ) (30 12 0 ) 
4 10 14 (32 12 -24 ) (56 12 -24 ) (56 12 0 ) (32 12 0 ) 
4 10 13 (30 20 0 ) (30 20 -24 ) (30 12 -24 ) (30 12 0 ) 
4 11 25 (20 12 8 ) (20 12 34 ) (20 20 34 ) (20 20 8 ) 
4 11 17 (26 12 10 ) (20 12 10 ) (20 12 8 ) (26 12 8 ) 
4 11 15 (30 12 10 ) (30 12 34 ) (20 12 34 ) (20 12 10 ) 
4 12 26 (20 12 0 ) (20 12 8 ) (20 20 8 ) (20 20 0 ) 
4 12 18 (30 12 0 ) (30 12 8 ) (20 12 8 ) (20 12 0 ) 
4 13 27 (20 20 -24 ) (20 12 -24 ) (20 12 0 ) (20 20 0 ) 
4 13 19 (20 12 -24 ) (30 12 -24 ) (30 12 0 ) (20 12 0 ) 
4 14 19 (32 12 -24 ) (32 0 -24 ) (32 0 0 ) (32 12 0 ) 
4 14 15 (32 0 10 ) (32 0 34 ) (32 12 34 ) (32 12 10 ) 
4 14 20 (32 0 -24 ) (56 0 -24 ) (56 0 34 ) (32 0 34 ) 
4 15 46 (20 0 10 ) (20 0 34 ) (20 2 34 ) (20 2 10 ) 
4 15 42 (20 2 34 ) (20 12 34 ) (20 12 10 ) (20 2 10 ) 
3 15 17 (20 6 10 ) (20 12 10 ) (26 12 10 ) 
4 15 20 (20 0 34 ) (20 0 10 ) (32 0 10 ) (32 0 34 ) 
5 16 18 (32 0 8 ) (20 0 8 ) (20 6 8 ) (26 12 8 ) (32 12 8 ) 
4 17 42 (20 6 10 ) (20 12 10 ) (20 12 8 ) (20 6 8 ) 
4 18 45 (20 0 0 ) (20 0 4 ) (20 2 6 ) (20 2 0 ) 
4 18 43 (20 2 8 ) (20 12 8 ) (20 12 0 ) (20 2 0 ) 
4 19 48 (20 2 -24 ) (20 0 -24 ) (20 0 0 ) (20 2 0 ) 
4 19 44 (20 12 -24 ) (20 2 -24 ) (20 2 0 ) (20 12 0 ) 
4 19 20 (20 0 0 ) (20 0 -24 ) (32 0 -24 ) (32 0 0 ) 
4 20 47 (20 -24 0 ) (20 -24 34 ) (20 0 34 ) (20 0 0 ) 
4 20 48 (20 0 -24 ) (20 -24 -24 ) (20 -24 0 ) (20 0 0 ) 
4 21 28 (12 32 34 ) (12 56 34 ) (12 56 0 ) (12 32 0 ) 
4 21 22 (20 32 4 ) (20 32 34 ) (12 32 34 ) (12 32 4 ) 
4 21 24 (12 32 0 ) (12 56 0 ) (20 56 0 ) (20 32 0 ) 
4 22 29 (12 30 10 ) (12 30 34 ) (12 32 34 ) (12 32 10 ) 
4 22 25 (20 30 8 ) (20 30 34 ) (12 30 34 ) (12 30 8 ) 
4 23 32 (12 30 0 ) (12 30 6 ) (12 32 4 ) (12 32 0 ) 
4 23 26 (20 30 0 ) (20 30 6 ) (12 30 6 ) (12 30 0 ) 
4 24 33 (12 32 -24 ) (12 30 -24 ) (12 30 0 ) (12 32 0 ) 
4 24 28 (12 56 -24 ) (12 32 -24 ) (12 32 0 ) (12 56 0 ) 
4 24 27 (12 30 -24 ) (20 30 -24 ) (20 30 0 ) (12 30 0 ) 
4 25 42 (20 12 8 ) (20 12 34 ) (12 12 34 ) (12 12 8 ) 
4 25 35 (12 12 8 ) (12 12 34 ) (12 20 34 ) (12 20 8 ) 
4 25 30 (12 26 8 ) (12 20 8 ) (12 20 10 ) (12 26 10 ) 
4 25 29 (12 20 34 ) (12 30 34 ) (12 30 10 ) (12 20 10 ) 
4 26 43 (20 12 0 ) (20 12 8 ) (12 12 8 ) (12 12 0 ) 
4 26 36 (12 12 0 ) (12 12 8 ) (12 20 8 ) (12 20 0 ) 
4 26 32 (12 20 8 ) (12 30 8 ) (12 30 0 ) (12 20 0 ) 
4 27 44 (12 12 -24 ) (20 12 -24 ) (20 12 0 ) (12 12 0 ) 
4 27 37 (12 20 -24 ) (12 12 -24 ) (12 12 0 ) (12 20 0 ) 
4 27 33 (12 30 -24 ) (12 20 -24 ) (12 20 0 ) (12 30 0 ) 
4 28 33 (0 32 -24 ) (12 32 -24 ) (12 32 0 ) (0 32 0 ) 
4 28 29 (12 32 10 ) (12 32 34 ) (0 32 34 ) (0 32 10 ) 
4 28 34 (0 56 -24 ) (0 32 -24 ) (0 32 34 ) (0 56 34 ) 
4 29 39 (2 20 34 ) (0 20 34 ) (0 20 10 ) (2 20 10 ) 
4 29 35 (12 20 10 ) (12 20 34 ) (2 20 34 ) (2 20 10 ) 
3 29 30 (12 20 10 ) (6 20 10 ) (12 26 10 ) 
4 29 34 (0 20 10 ) (0 20 34 ) (0 32 34 ) (0 32 10 ) 
4 30 35 (12 20 8 ) (12 20 10 ) (6 20 10 ) (6 20 8 ) 
5 31 32 (0 20 8 ) (0 32 8 ) (12 32 8 ) (12 26 8 ) (6 20 8 ) 
4 32 38 (0 20 4 ) (0 20 0 ) (2 20 0 ) (2 20 6 ) 
4 32 36 (12 20 0 ) (12 20 8 ) (2 20 8 ) (2 20 0 ) 
4 33 41 (0 20 -24 ) (2 20 -24 ) (2 20 0 ) (0 20 0 ) 
4 33 37 (2 20 -24 ) (12 20 -24 ) (12 20 0 ) (2 20 0 ) 
4 33 34 (0 32 -24 ) (0 20 -24 ) (0 20 0 ) (0 32 0 ) 
4 34 40 (-24 20 34 ) (-24 20 0 ) (0 20 0 ) (0 20 34 ) 
4 34 41 (-24 20 0 ) (-24 20 -24 ) (0 20 -24 ) (0 20 0 ) 
4 35 50 (12 12 8 ) (12 12 10 ) (6 12 10 ) (6 12 8 ) 
4 35 49 (12 12 10 ) (12 12 34 ) (2 12 34 ) (2 12 10 ) 
4 35 39 (2 20 34 ) (2 20 8 ) (2 12 8 ) (2 12 34 ) 
4 36 52 (12 12 0 ) (12 12 8 ) (2 12 8 ) (2 12 0 ) 
4 36 38 (2 20 6 ) (2 20 0 ) (2 12 0 ) (2 12 6 ) 
4 37 53 (2 12 -24 ) (12 12 -24 ) (12 12 0 ) (2 12 0 ) 
4 37 41 (2 20 0 ) (2 20 -24 ) (2 12 -24 ) (2 12 0 ) 
4 38 52 (0 12 0 ) (2 12 0 ) (2 12 6 ) (0 12 4 ) 
4 39 49 (2 12 10 ) (2 12 34 ) (0 12 34 ) (0 12 10 ) 
4 39 40 (0 20 34 ) (0 20 4 ) (0 12 4 ) (0 12 34 ) 
4 40 55 (-24 12 34 ) (-24 12 0 ) (0 12 0 ) (0 12 34 ) 
4 40 41 (0 12 0 ) (-24 12 0 ) (-24 20 0 ) (0 20 0 ) 
4 41 53 (0 12 -24 ) (2 12 -24 ) (2 12 0 ) (0 12 0 ) 
4 41 55 (-24 12 0 ) (-24 12 -24 ) (0 12 -24 ) (0 12 0 ) 
4 42 50 (12 12 10 ) (12 12 8 ) (12 6 8 ) (12 6 10 ) 
4 42 49 (12 12 34 ) (12 12 10 ) (12 2 10 ) (12 2 34 ) 
4 42 46 (20 2 8 ) (20 2 34 ) (12 2 34 ) (12 2 8 ) 
4 43 52 (12 12 8 ) (12 12 0 ) (12 2 0 ) (12 2 8 ) 
4 43 45 (20 2 0 ) (20 2 6 ) (12 2 6 ) (12 2 0 ) 
4 44 53 (12 12 0 ) (12 12 -24 ) (12 2 -24 ) (12 2 0 ) 
4 44 48 (12 2 -24 ) (20 2 -24 ) (20 2 0 ) (12 2 0 ) 
4 45 52 (12 2 6 ) (12 2 0 ) (12 0 0 ) (12 0 4 ) 
4 46 49 (12 0 34 ) (12 2 34 ) (12 2 10 ) (12 0 10 ) 
4 46 47 (20 0 4 ) (20 0 34 ) (12 0 34 ) (12 0 4 ) 
4 47 54 (12 -24 0 ) (12 -24 34 ) (12 0 34 ) (12 0 0 ) 
4 47 48 (20 -24 0 ) (12 -24 0 ) (12 0 0 ) (20 0 0 ) 
4 48 53 (12 2 -24 ) (12 0 -24 ) (12 0 0 ) (12 2 0 ) 
4 48 54 (12 0 -24 ) (12 -24 -24 ) (12 -24 0 ) (12 0 0 ) 
3 49 50 (6 12 10 ) (12 12 10 ) (12 6 10 ) 
4 49 55 (0 0 10 ) (0 0 34 ) (0 12 34 ) (0 12 10 ) 
4 49 54 (12 0 10 ) (12 0 34 ) (0 0 34 ) (0 0 10 ) 
5 51 52 (0 0 8 ) (0 12 8 ) (6 12 8 ) (12 6 8 ) (12 0 8 ) 
4 53 55 (0 12 -24 ) (0 0 -24 ) (0 0 0 ) (0 12 0 ) 
4 53 54 (0 0 -24 ) (12 0 -24 ) (12 0 0 ) (0 0 0 ) 
4 54 55 (0 0 -24 ) (0 -24 -24 ) (0 -24 34 ) (0 0 34 ) 
