PRT1
68
150
4 0 7 (20 32 30 ) (20 56 30 ) (32 56 30 ) (32 32 30 ) 
4 0 6 (32 56 30 ) (56 56 30 ) (56 32 30 ) (32 32 30 ) 
4 0 2 (32 32 32 ) (32 32 56 ) (20 32 56 ) (20 32 32 ) 
4 0 1 (32 32 30 ) (56 32 30 ) (56 32 56 ) (32 32 56 ) 
4 0 5 (20 56 56 ) (20 56 30 ) (20 32 30 ) (20 32 56 ) 
4 1 29 (56 20 30 ) (56 20 56 ) (32 20 56 ) (32 20 30 ) 
4 1 6 (56 20 30 ) (32 20 30 ) (32 32 30 ) (56 32 30 ) 
4 1 2 (32 20 32 ) (32 20 56 ) (32 32 56 ) (32 32 32 ) 
4 2 29 (32 20 56 ) (20 20 56 ) (20 20 32 ) (32 20 32 ) 
3 2 4 (26 20 32 ) (20 20 32 ) (20 26 32 ) 
4 2 5 (20 20 32 ) (20 20 56 ) (20 32 56 ) (20 32 32 ) 
3 3 9 (28 32 30 ) (32 32 30 ) (32 28 30 ) 
6 3 10 (32 20 30 ) (26 20 30 ) (20 26 30 ) (20 32 30 ) (28 32 30 ) (32 28 30 ) 
4 4 29 (20 20 32 ) (20 20 30 ) (26 20 30 ) (26 20 32 ) 
4 4 5 (20 26 30 ) (20 20 30 ) (20 20 32 ) (20 26 32 ) 
4 5 29 (20 20 56 ) (12 20 56 ) (12 20 30 ) (20 20 30 ) 
4 5 19 (12 26 30 ) (12 20 30 ) (12 20 32 ) (12 26 32 ) 
4 5 18 (12 20 32 ) (12 20 56 ) (12 32 56 ) (12 32 32 ) 
4 5 17 (12 56 56 ) (12 56 30 ) (12 32 30 ) (12 32 56 ) 
4 5 13 (12 30 30 ) (12 32 30 ) (20 32 30 ) (20 30 30 ) 
4 5 12 (12 32 30 ) (12 56 30 ) (20 56 30 ) (20 32 30 ) 
4 6 36 (56 20 0 ) (56 20 30 ) (32 20 30 ) (32 20 0 ) 
4 6 8 (32 32 24 ) (32 32 8 ) (32 28 12 ) (32 28 20 ) 
4 6 7 (32 56 0 ) (32 32 0 ) (32 32 30 ) (32 56 30 ) 
4 6 16 (32 56 0 ) (56 56 0 ) (56 20 0 ) (32 20 0 ) 
4 7 12 (20 56 30 ) (20 56 0 ) (20 32 0 ) (20 32 30 ) 
4 7 8 (28 32 12 ) (32 32 8 ) (32 32 24 ) (28 32 20 ) 
4 7 16 (20 56 0 ) (32 56 0 ) (32 32 0 ) (20 32 0 ) 
4 9 10 (28 32 30 ) (28 32 20 ) (32 28 20 ) (32 28 30 ) 
3 10 39 (30 20 30 ) (22 20 30 ) (30 20 22 ) 
3 10 15 (20 22 30 ) (20 30 30 ) (20 30 22 ) 
6 10 11 (32 28 12 ) (32 20 20 ) (22 20 30 ) (20 22 30 ) (20 32 20 ) (28 32 12 ) 
4 11 38 (30 20 0 ) (32 20 0 ) (32 20 8 ) (30 20 10 ) 
5 11 39 (22 20 30 ) (20 20 30 ) (20 20 0 ) (30 20 0 ) (30 20 22 ) 
4 11 14 (20 32 0 ) (20 30 0 ) (20 30 10 ) (20 32 8 ) 
5 11 15 (20 30 0 ) (20 20 0 ) (20 20 30 ) (20 22 30 ) (20 30 22 ) 
4 12 22 (12 56 30 ) (12 56 0 ) (12 32 0 ) (12 32 30 ) 
4 12 13 (12 32 30 ) (12 32 8 ) (20 32 8 ) (20 32 30 ) 
4 12 16 (12 32 0 ) (12 56 0 ) (20 56 0 ) (20 32 0 ) 
4 14 23 (12 32 0 ) (12 30 0 ) (12 30 10 ) (12 32 8 ) 
4 14 15 (12 30 0 ) (20 30 0 ) (20 30 10 ) (12 30 10 ) 
4 15 46 (20 20 30 ) (12 20 30 ) (12 20 0 ) (20 20 0 ) 
3 15 24 (12 22 30 ) (12 30 30 ) (12 30 22 ) 
5 15 23 (12 30 0 ) (12 20 0 ) (12 20 30 ) (12 22 30 ) (12 30 22 ) 
4 16 50 (12 20 -24 ) (56 20 -24 ) (56 20 0 ) (12 20 0 ) 
4 16 28 (12 56 0 ) (12 56 -24 ) (12 20 -24 ) (12 20 0 ) 
4 17 22 (0 56 30 ) (12 56 30 ) (12 32 30 ) (0 32 30 ) 
4 17 18 (12 32 32 ) (12 32 56 ) (0 32 56 ) (0 32 32 ) 
4 17 21 (0 56 56 ) (0 56 30 ) (0 32 30 ) (0 32 56 ) 
4 18 51 (12 20 32 ) (12 20 56 ) (0 20 56 ) (0 20 32 ) 
3 18 19 (12 20 32 ) (6 20 32 ) (12 26 32 ) 
4 18 21 (0 20 32 ) (0 20 56 ) (0 32 56 ) (0 32 32 ) 
4 19 51 (12 20 30 ) (12 20 32 ) (6 20 32 ) (6 20 30 ) 
3 20 25 (0 28 30 ) (0 32 30 ) (4 32 30 ) 
6 20 24 (12 32 30 ) (12 26 30 ) (6 20 30 ) (0 20 30 ) (0 28 30 ) (4 32 30 ) 
4 21 51 (0 20 56 ) (-24 20 56 ) (-24 20 30 ) (0 20 30 ) 
4 21 27 (0 32 30 ) (0 20 30 ) (-24 20 30 ) (-24 32 30 ) 
4 21 22 (-24 56 30 ) (0 56 30 ) (0 32 30 ) (-24 32 30 ) 
4 22 26 (0 32 24 ) (0 32 8 ) (4 32 12 ) (4 32 20 ) 
4 22 27 (-24 32 30 ) (-24 32 0 ) (0 32 0 ) (0 32 30 ) 
4 22 28 (-24 32 0 ) (-24 56 0 ) (12 56 0 ) (12 32 0 ) 
4 23 58 (0 20 8 ) (0 20 0 ) (2 20 0 ) (2 20 10 ) 
5 23 57 (12 20 0 ) (12 20 30 ) (10 20 30 ) (2 20 22 ) (2 20 0 ) 
6 23 24 (12 22 30 ) (12 32 20 ) (4 32 12 ) (0 28 12 ) (0 20 20 ) (10 20 30 ) 
3 24 57 (10 20 30 ) (2 20 30 ) (2 20 22 ) 
4 24 25 (0 28 20 ) (0 28 30 ) (4 32 30 ) (4 32 20 ) 
4 26 27 (0 32 24 ) (0 32 8 ) (0 28 12 ) (0 28 20 ) 
4 27 60 (0 20 30 ) (-24 20 30 ) (-24 20 0 ) (0 20 0 ) 
4 27 28 (0 20 0 ) (-24 20 0 ) (-24 32 0 ) (0 32 0 ) 
4 28 67 (-24 20 -24 ) (12 20 -24 ) (12 20 0 ) (-24 20 0 ) 
4 29 51 (12 20 56 ) (12 20 30 ) (12 12 30 ) (12 12 56 ) 
4 29 37 (30 20 30 ) (32 20 30 ) (32 12 30 ) (30 12 30 ) 
4 29 36 (32 20 30 ) (56 20 30 ) (56 12 30 ) (32 12 30 ) 
4 29 33 (20 12 30 ) (26 12 30 ) (26 12 32 ) (20 12 32 ) 
4 29 31 (32 12 32 ) (32 12 56 ) (20 12 56 ) (20 12 32 ) 
4 29 30 (32 12 30 ) (56 12 30 ) (56 12 56 ) (32 12 56 ) 
4 29 35 (12 12 56 ) (12 12 30 ) (20 12 30 ) (20 12 56 ) 
4 30 40 (32 12 30 ) (56 12 30 ) (56 0 30 ) (32 0 30 ) 
4 30 31 (32 0 32 ) (32 0 56 ) (32 12 56 ) (32 12 32 ) 
4 30 34 (32 0 30 ) (56 0 30 ) (56 0 56 ) (32 0 56 ) 
3 31 33 (20 6 32 ) (20 12 32 ) (26 12 32 ) 
4 31 35 (20 0 32 ) (20 0 56 ) (20 12 56 ) (20 12 32 ) 
4 31 34 (32 0 32 ) (32 0 56 ) (20 0 56 ) (20 0 32 ) 
3 32 42 (32 4 30 ) (32 0 30 ) (28 0 30 ) 
6 32 43 (20 0 30 ) (20 6 30 ) (26 12 30 ) (32 12 30 ) (32 4 30 ) (28 0 30 ) 
4 33 35 (20 12 30 ) (20 6 30 ) (20 6 32 ) (20 12 32 ) 
4 34 45 (32 -24 30 ) (20 -24 30 ) (20 0 30 ) (32 0 30 ) 
4 34 40 (56 -24 30 ) (32 -24 30 ) (32 0 30 ) (56 0 30 ) 
4 34 35 (20 0 30 ) (20 -24 30 ) (20 -24 56 ) (20 0 56 ) 
4 35 53 (12 12 30 ) (12 6 30 ) (12 6 32 ) (12 12 32 ) 
4 35 52 (12 0 32 ) (12 0 56 ) (12 12 56 ) (12 12 32 ) 
4 35 56 (12 0 30 ) (12 -24 30 ) (12 -24 56 ) (12 0 56 ) 
4 35 48 (12 0 30 ) (12 2 30 ) (20 2 30 ) (20 0 30 ) 
4 35 49 (20 -24 30 ) (12 -24 30 ) (12 0 30 ) (20 0 30 ) 
4 36 40 (32 12 0 ) (56 12 0 ) (56 12 30 ) (32 12 30 ) 
4 36 37 (32 12 8 ) (32 12 30 ) (32 20 30 ) (32 20 8 ) 
4 36 50 (32 20 0 ) (56 20 0 ) (56 12 0 ) (32 12 0 ) 
4 38 44 (30 12 0 ) (32 12 0 ) (32 12 8 ) (30 12 10 ) 
4 38 39 (30 20 10 ) (30 20 0 ) (30 12 0 ) (30 12 10 ) 
4 39 46 (20 20 30 ) (20 20 0 ) (20 12 0 ) (20 12 30 ) 
3 39 43 (30 12 22 ) (30 12 30 ) (22 12 30 ) 
5 39 44 (20 12 0 ) (30 12 0 ) (30 12 22 ) (22 12 30 ) (20 12 30 ) 
4 40 41 (32 4 12 ) (32 0 8 ) (32 0 24 ) (32 4 20 ) 
4 40 45 (32 0 0 ) (32 -24 0 ) (32 -24 30 ) (32 0 30 ) 
4 40 50 (56 12 0 ) (56 -24 0 ) (32 -24 0 ) (32 12 0 ) 
4 41 45 (32 0 8 ) (32 0 24 ) (28 0 20 ) (28 0 12 ) 
4 42 43 (28 0 20 ) (28 0 30 ) (32 4 30 ) (32 4 20 ) 
3 43 46 (20 2 30 ) (20 10 30 ) (20 2 22 ) 
6 43 44 (22 12 30 ) (32 12 20 ) (32 4 12 ) (28 0 12 ) (20 0 20 ) (20 10 30 ) 
4 44 47 (20 2 0 ) (20 0 0 ) (20 0 8 ) (20 2 10 ) 
5 44 46 (20 12 0 ) (20 2 0 ) (20 2 22 ) (20 10 30 ) (20 12 30 ) 
4 45 49 (20 0 0 ) (20 -24 0 ) (20 -24 30 ) (20 0 30 ) 
4 45 50 (32 -24 0 ) (20 -24 0 ) (20 0 0 ) (32 0 0 ) 
3 46 62 (12 2 22 ) (12 2 30 ) (12 10 30 ) 
5 46 61 (12 12 0 ) (12 2 0 ) (12 2 22 ) (12 10 30 ) (12 12 30 ) 
4 46 57 (12 20 30 ) (12 20 0 ) (12 12 0 ) (12 12 30 ) 
4 46 47 (12 2 0 ) (20 2 0 ) (20 2 10 ) (12 2 10 ) 
4 47 61 (12 2 0 ) (12 0 0 ) (12 0 8 ) (12 2 10 ) 
4 48 49 (12 0 30 ) (12 0 8 ) (20 0 8 ) (20 0 30 ) 
4 49 65 (12 0 0 ) (12 -24 0 ) (12 -24 30 ) (12 0 30 ) 
4 49 50 (12 -24 0 ) (12 0 0 ) (20 0 0 ) (20 -24 0 ) 
4 50 67 (12 20 0 ) (12 20 -24 ) (12 -24 -24 ) (12 -24 0 ) 
4 51 59 (2 12 30 ) (0 12 30 ) (0 20 30 ) (2 20 30 ) 
4 51 60 (0 12 30 ) (-24 12 30 ) (-24 20 30 ) (0 20 30 ) 
4 51 53 (6 12 30 ) (12 12 30 ) (12 12 32 ) (6 12 32 ) 
4 51 52 (12 12 32 ) (12 12 56 ) (0 12 56 ) (0 12 32 ) 
4 51 55 (-24 12 56 ) (-24 12 30 ) (0 12 30 ) (0 12 56 ) 
3 52 53 (6 12 32 ) (12 12 32 ) (12 6 32 ) 
4 52 55 (0 12 56 ) (0 12 32 ) (0 0 32 ) (0 0 56 ) 
4 52 56 (12 0 32 ) (12 0 56 ) (0 0 56 ) (0 0 32 ) 
3 54 63 (4 0 30 ) (0 0 30 ) (0 4 30 ) 
6 54 62 (12 6 30 ) (12 0 30 ) (4 0 30 ) (0 4 30 ) (0 12 30 ) (6 12 30 ) 
4 55 66 (0 0 30 ) (-24 0 30 ) (-24 12 30 ) (0 12 30 ) 
4 55 56 (-24 0 30 ) (0 0 30 ) (0 0 56 ) (-24 0 56 ) 
4 56 65 (12 0 30 ) (12 -24 30 ) (0 -24 30 ) (0 0 30 ) 
4 56 66 (0 -24 30 ) (-24 -24 30 ) (-24 0 30 ) (0 0 30 ) 
3 57 62 (10 12 30 ) (2 12 30 ) (2 12 22 ) 
5 57 61 (2 12 0 ) (12 12 0 ) (12 12 30 ) (10 12 30 ) (2 12 22 ) 
4 57 58 (2 20 0 ) (2 12 0 ) (2 12 10 ) (2 20 10 ) 
4 58 61 (0 12 0 ) (2 12 0 ) (2 12 10 ) (0 12 8 ) 
4 59 60 (0 20 30 ) (0 20 8 ) (0 12 8 ) (0 12 30 ) 
4 60 66 (-24 12 30 ) (-24 12 0 ) (0 12 0 ) (0 12 30 ) 
4 60 67 (-24 12 0 ) (-24 20 0 ) (0 20 0 ) (0 12 0 ) 
6 61 62 (10 12 30 ) (0 12 20 ) (0 4 12 ) (4 0 12 ) (12 0 20 ) (12 10 30 ) 
4 62 63 (4 0 20 ) (4 0 30 ) (0 4 30 ) (0 4 20 ) 
4 64 65 (0 0 24 ) (0 0 8 ) (4 0 12 ) (4 0 20 ) 
4 64 66 (0 4 12 ) (0 0 8 ) (0 0 24 ) (0 4 20 ) 
4 65 66 (0 0 0 ) (0 -24 0 ) (0 -24 30 ) (0 0 30 ) 
4 65 67 (12 -24 0 ) (0 -24 0 ) (0 0 0 ) (12 0 0 ) 
4 66 67 (0 -24 0 ) (-24 -24 0 ) (-24 12 0 ) (0 12 0 ) 
