PRT2
34
15
39
4 0 11 (-32 384 128 ) (-160 384 128 ) (-160 384 64 ) (-32 384 64 ) 
4 0 8 (-32 384 112 ) (-32 384 64 ) (32 384 64 ) (32 384 112 ) 
4 0 7 (32 384 128 ) (-32 384 128 ) (-32 384 112 ) (32 384 112 ) 
4 0 6 (160 384 64 ) (160 384 112 ) (32 384 112 ) (32 384 64 ) 
4 0 5 (48 384 128 ) (32 384 128 ) (32 384 112 ) (48 384 112 ) 
4 0 4 (160 384 112 ) (160 384 128 ) (48 384 128 ) (48 384 112 ) 
4 0 3 (160 384 128 ) (160 384 192 ) (-160 384 192 ) (-160 384 128 ) 
4 1 12 (160 288 64 ) (160 -320 64 ) (160 -320 128 ) (160 288 128 ) 
4 1 6 (160 384 112 ) (160 384 64 ) (160 288 64 ) (160 288 112 ) 
4 1 4 (160 384 128 ) (160 384 112 ) (160 288 112 ) (160 288 128 ) 
4 1 3 (160 384 192 ) (160 384 128 ) (160 -320 128 ) (160 -320 192 ) 
4 3 14 (160 -320 128 ) (160 -320 192 ) (-160 -320 192 ) (-160 -320 128 ) 
4 3 13 (-160 -320 128 ) (-160 -320 192 ) (-160 384 192 ) (-160 384 128 ) 
4 3 12 (160 -320 128 ) (-160 -320 128 ) (-160 288 128 ) (160 288 128 ) 
4 3 11 (-160 288 128 ) (-160 384 128 ) (-32 384 128 ) (-32 288 128 ) 
4 3 7 (-32 384 128 ) (32 384 128 ) (32 304 128 ) (-32 304 128 ) 
4 3 5 (32 384 128 ) (48 384 128 ) (48 304 128 ) (32 304 128 ) 
4 3 4 (48 384 128 ) (160 384 128 ) (160 288 128 ) (48 288 128 ) 
4 4 12 (160 288 112 ) (160 288 128 ) (48 288 128 ) (48 288 112 ) 
4 4 6 (48 384 112 ) (160 384 112 ) (160 288 112 ) (48 288 112 ) 
4 4 5 (48 304 128 ) (48 384 128 ) (48 384 112 ) (48 304 112 ) 
4 5 7 (32 304 128 ) (32 384 128 ) (32 384 112 ) (32 304 112 ) 
4 5 6 (32 384 112 ) (48 384 112 ) (48 304 112 ) (32 304 112 ) 
4 6 12 (160 288 32 ) (160 288 112 ) (32 288 112 ) (32 288 32 ) 
4 6 10 (32 288 32 ) (32 288 112 ) (32 292 112 ) (32 292 32 ) 
4 6 9 (32 292 112 ) (32 300 112 ) (32 300 32 ) (32 292 32 ) 
4 6 8 (32 300 112 ) (32 384 112 ) (32 384 32 ) (32 300 32 ) 
4 7 11 (-32 384 128 ) (-32 384 112 ) (-32 304 112 ) (-32 304 128 ) 
4 7 8 (-32 304 112 ) (-32 384 112 ) (32 384 112 ) (32 304 112 ) 
4 8 11 (-32 384 112 ) (-32 384 32 ) (-32 300 32 ) (-32 300 112 ) 
4 8 9 (32 300 32 ) (32 300 112 ) (-32 300 112 ) (-32 300 32 ) 
4 9 11 (-32 292 112 ) (-32 300 112 ) (-32 300 32 ) (-32 292 32 ) 
4 9 10 (32 292 32 ) (32 292 112 ) (-32 292 112 ) (-32 292 32 ) 
4 10 12 (-32 288 112 ) (-32 288 32 ) (32 288 32 ) (32 288 112 ) 
4 10 11 (-32 288 32 ) (-32 288 112 ) (-32 292 112 ) (-32 292 32 ) 
4 11 13 (-160 288 64 ) (-160 288 128 ) (-160 384 128 ) (-160 384 64 ) 
4 11 12 (-32 288 128 ) (-160 288 128 ) (-160 288 32 ) (-32 288 32 ) 
4 12 14 (160 -320 64 ) (160 -320 128 ) (-160 -320 128 ) (-160 -320 64 ) 
4 12 13 (-160 -320 64 ) (-160 -320 128 ) (-160 288 128 ) (-160 288 64 ) 
0 -1
1 -1
2 -1
3 -1
4 -1
5 -1
6 7 -1
8 -1
9 -1
10 -1
11 -1
12 13 -1
14 15 16 17 18 19 20 21 22 23 24 25 26 -1
27 -1
28 29 30 31 32 33 -1
